<?xml version="1.0" encoding="UTF-8"?>
<testsuite name="frido.mvnrepo.indexer.MetadataTest" tests="3" skipped="0" failures="0" errors="0" timestamp="2018-03-31T09:11:19" hostname="DESKTOP-508B8I8" time="1.125">
  <properties/>
  <testcase name="testTaskPriority" classname="frido.mvnrepo.indexer.MetadataTest" time="0.001"/>
  <testcase name="testMetadata" classname="frido.mvnrepo.indexer.MetadataTest" time="0.047"/>
  <testcase name="testCrawler" classname="frido.mvnrepo.indexer.MetadataTest" time="1.077"/>
  <system-out><![CDATA[11:11:20.523 [Test worker] INFO  f.m.indexer.core.DummyMatchHandler - match: http://central.maven.org/maven2/abbot/abbot/0.12.3/maven-metadata.xml
11:11:20.637 [Test worker] INFO  f.m.indexer.core.DummyMatchHandler - match: http://central.maven.org/maven2/abbot/abbot/0.13.0/maven-metadata.xml
11:11:20.738 [Test worker] INFO  f.m.indexer.core.DummyMatchHandler - match: http://central.maven.org/maven2/abbot/abbot/maven-metadata.xml
11:11:20.976 [Test worker] INFO  f.m.indexer.core.DummyMatchHandler - match: http://central.maven.org/maven2/abbot/costello/maven-metadata.xml
]]></system-out>
  <system-err><![CDATA[]]></system-err>
</testsuite>
