<?xml version="1.0" encoding="UTF-8"?>
<testsuite name="frido.mvnrepo.indexer.ArtifactProcessorTest" tests="1" skipped="0" failures="0" errors="0" timestamp="2018-08-18T16:46:11" hostname="DESKTOP-508B8I8" time="5.145">
  <properties/>
  <testcase name="start" classname="frido.mvnrepo.indexer.ArtifactProcessorTest" time="5.145"/>
  <system-out><![CDATA[18:46:11,902 |-INFO in ch.qos.logback.classic.LoggerContext[default] - Could NOT find resource [logback-test.xml]
18:46:11,902 |-INFO in ch.qos.logback.classic.LoggerContext[default] - Could NOT find resource [logback.groovy]
18:46:11,902 |-INFO in ch.qos.logback.classic.LoggerContext[default] - Found resource [logback.xml] at [file:/C:/dev/repos/mvnrepo-indexer/build/resources/test/logback.xml]
18:46:11,902 |-WARN in ch.qos.logback.classic.LoggerContext[default] - Resource [logback.xml] occurs multiple times on the classpath.
18:46:11,902 |-WARN in ch.qos.logback.classic.LoggerContext[default] - Resource [logback.xml] occurs at [file:/C:/dev/repos/mvnrepo-indexer/build/resources/main/logback.xml]
18:46:11,902 |-WARN in ch.qos.logback.classic.LoggerContext[default] - Resource [logback.xml] occurs at [file:/C:/dev/repos/mvnrepo-indexer/build/resources/test/logback.xml]
18:46:12,204 |-INFO in ch.qos.logback.classic.joran.action.ConfigurationAction - debug attribute not set
18:46:12,208 |-INFO in ch.qos.logback.core.joran.action.AppenderAction - About to instantiate appender of type [ch.qos.logback.core.ConsoleAppender]
18:46:12,239 |-INFO in ch.qos.logback.core.joran.action.AppenderAction - Naming appender as [STDOUT]
18:46:12,280 |-INFO in ch.qos.logback.core.joran.action.NestedComplexPropertyIA - Assuming default type [ch.qos.logback.classic.encoder.PatternLayoutEncoder] for [encoder] property
18:46:12,610 |-INFO in ch.qos.logback.core.joran.action.AppenderAction - About to instantiate appender of type [ch.qos.logback.core.FileAppender]
18:46:12,621 |-INFO in ch.qos.logback.core.joran.action.AppenderAction - Naming appender as [FILE]
18:46:12,623 |-INFO in ch.qos.logback.core.joran.action.NestedComplexPropertyIA - Assuming default type [ch.qos.logback.classic.encoder.PatternLayoutEncoder] for [encoder] property
18:46:12,624 |-INFO in ch.qos.logback.core.FileAppender[FILE] - File property is set to [log/log.txt]
18:46:12,632 |-INFO in ch.qos.logback.classic.joran.action.LoggerAction - Setting level of logger [frido.mvnrepo.indexer.StoreMatchHandler] to TRACE
18:46:12,632 |-INFO in ch.qos.logback.classic.joran.action.LoggerAction - Setting level of logger [org.mongodb.driver] to ERROR
18:46:12,633 |-INFO in ch.qos.logback.classic.joran.action.RootLoggerAction - Setting level of ROOT logger to TRACE
18:46:12,633 |-INFO in ch.qos.logback.core.joran.action.AppenderRefAction - Attaching appender named [STDOUT] to Logger[ROOT]
18:46:12,635 |-INFO in ch.qos.logback.classic.joran.action.ConfigurationAction - End of configuration.
18:46:12,640 |-INFO in ch.qos.logback.classic.joran.JoranConfigurator@e7a771 - Registering current configuration as safe fallback point

18:46:13.564 [Test worker] TRACE f.m.indexer.core.download.Crawler - search: http://central.maven.org/maven2/ant/
18:46:13.580 [pool-1-thread-1] TRACE f.m.i.core.client.JerseyHttpClient - download: http://central.maven.org/maven2/ant/
18:46:13.740 [pool-1-thread-1] TRACE f.m.indexer.core.download.Crawler - getLinks: <!DOCTYPE html>
<html>

<head>
	<title>Central Repository: ant</title>
	<meta name="viewport" content="width=device-width, initial-scale=1.0">
	<style>
body {
	background: #fff;
}
	</style>
</head>

<body>
	<header>
		<h1>ant</h1>
	</header>
	<hr/>
	<main>
		<pre id="contents">
<a href="../">../</a>
<a href="ant/" title="ant/">ant/</a>                                                             -         -      
<a href="ant-antlr/" title="ant-antlr/">ant-antlr/</a>                                                       -         -      
<a href="ant-apache-bcel/" title="ant-apache-bcel/">ant-apache-bcel/</a>                                                 -         -      
<a href="ant-apache-bsf/" title="ant-apache-bsf/">ant-apache-bsf/</a>                                                  -         -      
<a href="ant-apache-log4j/" title="ant-apache-log4j/">ant-apache-log4j/</a>                                                -         -      
<a href="ant-apache-oro/" title="ant-apache-oro/">ant-apache-oro/</a>                                                  -         -      
<a href="ant-apache-regexp/" title="ant-apache-regexp/">ant-apache-regexp/</a>                                               -         -      
<a href="ant-apache-resolver/" title="ant-apache-resolver/">ant-apache-resolver/</a>                                             -         -      
<a href="ant-commons-logging/" title="ant-commons-logging/">ant-commons-logging/</a>                                             -         -      
<a href="ant-commons-net/" title="ant-commons-net/">ant-commons-net/</a>                                                 -         -      
<a href="ant-icontract/" title="ant-icontract/">ant-icontract/</a>                                                   -         -      
<a href="ant-jai/" title="ant-jai/">ant-jai/</a>                                                         -         -      
<a href="ant-jakarta-bcel/" title="ant-jakarta-bcel/">ant-jakarta-bcel/</a>                                                -         -      
<a href="ant-jakarta-log4j/" title="ant-jakarta-log4j/">ant-jakarta-log4j/</a>                                               -         -      
<a href="ant-jakarta-oro/" title="ant-jakarta-oro/">ant-jakarta-oro/</a>                                                 -         -      
<a href="ant-jakarta-regexp/" title="ant-jakarta-regexp/">ant-jakarta-regexp/</a>                                              -         -      
<a href="ant-javamail/" title="ant-javamail/">ant-javamail/</a>                                                    -         -      
<a href="ant-jdepend/" title="ant-jdepend/">ant-jdepend/</a>                                                     -         -      
<a href="ant-jmf/" title="ant-jmf/">ant-jmf/</a>                                                         -         -      
<a href="ant-jsch/" title="ant-jsch/">ant-jsch/</a>                                                        -         -      
<a href="ant-junit/" title="ant-junit/">ant-junit/</a>                                                       -         -      
<a href="ant-launcher/" title="ant-launcher/">ant-launcher/</a>                                                    -         -      
<a href="ant-netrexx/" title="ant-netrexx/">ant-netrexx/</a>                                                     -         -      
<a href="ant-nodeps/" title="ant-nodeps/">ant-nodeps/</a>                                                      -         -      
<a href="ant-optional/" title="ant-optional/">ant-optional/</a>                                                    -         -      
<a href="ant-starteam/" title="ant-starteam/">ant-starteam/</a>                                                    -         -      
<a href="ant-stylebook/" title="ant-stylebook/">ant-stylebook/</a>                                                   -         -      
<a href="ant-swing/" title="ant-swing/">ant-swing/</a>                                                       -         -      
<a href="ant-trax/" title="ant-trax/">ant-trax/</a>                                                        -         -      
<a href="ant-vaj/" title="ant-vaj/">ant-vaj/</a>                                                         -         -      
<a href="ant-weblogic/" title="ant-weblogic/">ant-weblogic/</a>                                                    -         -      
<a href="ant-xalan1/" title="ant-xalan1/">ant-xalan1/</a>                                                      -         -      
<a href="ant-xalan2/" title="ant-xalan2/">ant-xalan2/</a>                                                      -         -      
<a href="ant-xslp/" title="ant-xslp/">ant-xslp/</a>                                                        -         -      
<a href="optional/" title="optional/">optional/</a>                                                        -         -      
		</pre>
	</main>
	<hr/>
</body>

</html>
18:46:13.740 [pool-1-thread-1] TRACE f.m.indexer.core.download.Crawler - getFullUrl: http://central.maven.org/maven2/ant/, ../)
18:46:13.740 [pool-1-thread-1] TRACE f.m.indexer.core.download.Crawler - getFullUrl: http://central.maven.org/maven2/ant/, ant/)
18:46:13.740 [pool-1-thread-1] TRACE f.m.indexer.core.download.Crawler - getFullUrl: http://central.maven.org/maven2/ant/, ant-antlr/)
18:46:13.740 [pool-1-thread-1] TRACE f.m.indexer.core.download.Crawler - getFullUrl: http://central.maven.org/maven2/ant/, ant-apache-bcel/)
18:46:13.740 [pool-1-thread-1] TRACE f.m.indexer.core.download.Crawler - getFullUrl: http://central.maven.org/maven2/ant/, ant-apache-bsf/)
18:46:13.740 [pool-1-thread-1] TRACE f.m.indexer.core.download.Crawler - getFullUrl: http://central.maven.org/maven2/ant/, ant-apache-log4j/)
18:46:13.740 [pool-1-thread-1] TRACE f.m.indexer.core.download.Crawler - getFullUrl: http://central.maven.org/maven2/ant/, ant-apache-oro/)
18:46:13.740 [pool-1-thread-1] TRACE f.m.indexer.core.download.Crawler - getFullUrl: http://central.maven.org/maven2/ant/, ant-apache-regexp/)
18:46:13.740 [pool-1-thread-1] TRACE f.m.indexer.core.download.Crawler - getFullUrl: http://central.maven.org/maven2/ant/, ant-apache-resolver/)
18:46:13.740 [pool-1-thread-1] TRACE f.m.indexer.core.download.Crawler - getFullUrl: http://central.maven.org/maven2/ant/, ant-commons-logging/)
18:46:13.740 [pool-1-thread-1] TRACE f.m.indexer.core.download.Crawler - getFullUrl: http://central.maven.org/maven2/ant/, ant-commons-net/)
18:46:13.740 [pool-1-thread-1] TRACE f.m.indexer.core.download.Crawler - getFullUrl: http://central.maven.org/maven2/ant/, ant-icontract/)
18:46:13.740 [pool-1-thread-1] TRACE f.m.indexer.core.download.Crawler - getFullUrl: http://central.maven.org/maven2/ant/, ant-jai/)
18:46:13.755 [pool-1-thread-1] TRACE f.m.indexer.core.download.Crawler - getFullUrl: http://central.maven.org/maven2/ant/, ant-jakarta-bcel/)
18:46:13.755 [pool-1-thread-1] TRACE f.m.indexer.core.download.Crawler - getFullUrl: http://central.maven.org/maven2/ant/, ant-jakarta-log4j/)
18:46:13.755 [pool-1-thread-1] TRACE f.m.indexer.core.download.Crawler - getFullUrl: http://central.maven.org/maven2/ant/, ant-jakarta-oro/)
18:46:13.755 [pool-1-thread-1] TRACE f.m.indexer.core.download.Crawler - getFullUrl: http://central.maven.org/maven2/ant/, ant-jakarta-regexp/)
18:46:13.755 [pool-1-thread-1] TRACE f.m.indexer.core.download.Crawler - getFullUrl: http://central.maven.org/maven2/ant/, ant-javamail/)
18:46:13.755 [pool-1-thread-1] TRACE f.m.indexer.core.download.Crawler - getFullUrl: http://central.maven.org/maven2/ant/, ant-jdepend/)
18:46:13.771 [pool-1-thread-1] TRACE f.m.indexer.core.download.Crawler - getFullUrl: http://central.maven.org/maven2/ant/, ant-jmf/)
18:46:13.771 [pool-1-thread-1] TRACE f.m.indexer.core.download.Crawler - getFullUrl: http://central.maven.org/maven2/ant/, ant-jsch/)
18:46:13.771 [pool-1-thread-1] TRACE f.m.indexer.core.download.Crawler - getFullUrl: http://central.maven.org/maven2/ant/, ant-junit/)
18:46:13.771 [pool-1-thread-1] TRACE f.m.indexer.core.download.Crawler - getFullUrl: http://central.maven.org/maven2/ant/, ant-launcher/)
18:46:13.771 [pool-1-thread-1] TRACE f.m.indexer.core.download.Crawler - getFullUrl: http://central.maven.org/maven2/ant/, ant-netrexx/)
18:46:13.771 [pool-1-thread-1] TRACE f.m.indexer.core.download.Crawler - getFullUrl: http://central.maven.org/maven2/ant/, ant-nodeps/)
18:46:13.771 [pool-1-thread-1] TRACE f.m.indexer.core.download.Crawler - getFullUrl: http://central.maven.org/maven2/ant/, ant-optional/)
18:46:13.771 [pool-1-thread-1] TRACE f.m.indexer.core.download.Crawler - getFullUrl: http://central.maven.org/maven2/ant/, ant-starteam/)
18:46:13.771 [pool-1-thread-1] TRACE f.m.indexer.core.download.Crawler - getFullUrl: http://central.maven.org/maven2/ant/, ant-stylebook/)
18:46:13.771 [pool-1-thread-1] TRACE f.m.indexer.core.download.Crawler - getFullUrl: http://central.maven.org/maven2/ant/, ant-swing/)
18:46:13.771 [pool-1-thread-1] TRACE f.m.indexer.core.download.Crawler - getFullUrl: http://central.maven.org/maven2/ant/, ant-trax/)
18:46:13.771 [pool-1-thread-1] TRACE f.m.indexer.core.download.Crawler - getFullUrl: http://central.maven.org/maven2/ant/, ant-vaj/)
18:46:13.771 [pool-1-thread-1] TRACE f.m.indexer.core.download.Crawler - getFullUrl: http://central.maven.org/maven2/ant/, ant-weblogic/)
18:46:13.771 [pool-1-thread-1] TRACE f.m.indexer.core.download.Crawler - getFullUrl: http://central.maven.org/maven2/ant/, ant-xalan1/)
18:46:13.771 [pool-1-thread-1] TRACE f.m.indexer.core.download.Crawler - getFullUrl: http://central.maven.org/maven2/ant/, ant-xalan2/)
18:46:13.771 [pool-1-thread-1] TRACE f.m.indexer.core.download.Crawler - getFullUrl: http://central.maven.org/maven2/ant/, ant-xslp/)
18:46:13.771 [pool-1-thread-1] TRACE f.m.indexer.core.download.Crawler - getFullUrl: http://central.maven.org/maven2/ant/, optional/)
18:46:13.771 [pool-1-thread-1] TRACE f.m.indexer.core.download.Crawler - doNext: http://central.maven.org/maven2/ant/../
18:46:13.771 [pool-1-thread-1] TRACE f.m.indexer.core.download.Crawler - doNext: http://central.maven.org/maven2/ant/ant/
18:46:13.771 [pool-1-thread-1] TRACE f.m.indexer.core.download.Crawler - search: http://central.maven.org/maven2/ant/ant/
18:46:13.771 [pool-1-thread-1] TRACE f.m.indexer.core.download.Crawler - doNext: http://central.maven.org/maven2/ant/ant-antlr/
18:46:13.771 [pool-1-thread-1] TRACE f.m.indexer.core.download.Crawler - search: http://central.maven.org/maven2/ant/ant-antlr/
18:46:13.771 [pool-1-thread-1] TRACE f.m.indexer.core.download.Crawler - doNext: http://central.maven.org/maven2/ant/ant-apache-bcel/
18:46:13.771 [pool-1-thread-1] TRACE f.m.indexer.core.download.Crawler - search: http://central.maven.org/maven2/ant/ant-apache-bcel/
18:46:13.771 [pool-1-thread-1] TRACE f.m.indexer.core.download.Crawler - doNext: http://central.maven.org/maven2/ant/ant-apache-bsf/
18:46:13.771 [pool-1-thread-1] TRACE f.m.indexer.core.download.Crawler - search: http://central.maven.org/maven2/ant/ant-apache-bsf/
18:46:13.771 [pool-1-thread-1] TRACE f.m.indexer.core.download.Crawler - doNext: http://central.maven.org/maven2/ant/ant-apache-log4j/
18:46:13.771 [pool-1-thread-1] TRACE f.m.indexer.core.download.Crawler - search: http://central.maven.org/maven2/ant/ant-apache-log4j/
18:46:13.771 [pool-1-thread-1] TRACE f.m.indexer.core.download.Crawler - doNext: http://central.maven.org/maven2/ant/ant-apache-oro/
18:46:13.771 [pool-1-thread-1] TRACE f.m.indexer.core.download.Crawler - search: http://central.maven.org/maven2/ant/ant-apache-oro/
18:46:13.771 [pool-1-thread-1] TRACE f.m.indexer.core.download.Crawler - doNext: http://central.maven.org/maven2/ant/ant-apache-regexp/
18:46:13.771 [pool-1-thread-1] TRACE f.m.indexer.core.download.Crawler - search: http://central.maven.org/maven2/ant/ant-apache-regexp/
18:46:13.771 [pool-1-thread-1] TRACE f.m.indexer.core.download.Crawler - doNext: http://central.maven.org/maven2/ant/ant-apache-resolver/
18:46:13.771 [pool-1-thread-1] TRACE f.m.indexer.core.download.Crawler - search: http://central.maven.org/maven2/ant/ant-apache-resolver/
18:46:13.771 [pool-1-thread-1] TRACE f.m.indexer.core.download.Crawler - doNext: http://central.maven.org/maven2/ant/ant-commons-logging/
18:46:13.771 [pool-1-thread-1] TRACE f.m.indexer.core.download.Crawler - search: http://central.maven.org/maven2/ant/ant-commons-logging/
18:46:13.771 [pool-1-thread-1] TRACE f.m.indexer.core.download.Crawler - doNext: http://central.maven.org/maven2/ant/ant-commons-net/
18:46:13.771 [pool-1-thread-1] TRACE f.m.indexer.core.download.Crawler - search: http://central.maven.org/maven2/ant/ant-commons-net/
18:46:13.771 [pool-1-thread-1] TRACE f.m.indexer.core.download.Crawler - doNext: http://central.maven.org/maven2/ant/ant-icontract/
18:46:13.771 [pool-1-thread-1] TRACE f.m.indexer.core.download.Crawler - search: http://central.maven.org/maven2/ant/ant-icontract/
18:46:13.771 [pool-1-thread-1] TRACE f.m.indexer.core.download.Crawler - doNext: http://central.maven.org/maven2/ant/ant-jai/
18:46:13.771 [pool-1-thread-1] TRACE f.m.indexer.core.download.Crawler - search: http://central.maven.org/maven2/ant/ant-jai/
18:46:13.771 [pool-1-thread-1] TRACE f.m.indexer.core.download.Crawler - doNext: http://central.maven.org/maven2/ant/ant-jakarta-bcel/
18:46:13.771 [pool-1-thread-1] TRACE f.m.indexer.core.download.Crawler - search: http://central.maven.org/maven2/ant/ant-jakarta-bcel/
18:46:13.771 [pool-1-thread-1] TRACE f.m.indexer.core.download.Crawler - doNext: http://central.maven.org/maven2/ant/ant-jakarta-log4j/
18:46:13.771 [pool-1-thread-1] TRACE f.m.indexer.core.download.Crawler - search: http://central.maven.org/maven2/ant/ant-jakarta-log4j/
18:46:13.771 [pool-1-thread-1] TRACE f.m.indexer.core.download.Crawler - doNext: http://central.maven.org/maven2/ant/ant-jakarta-oro/
18:46:13.771 [pool-1-thread-1] TRACE f.m.indexer.core.download.Crawler - search: http://central.maven.org/maven2/ant/ant-jakarta-oro/
18:46:13.771 [pool-1-thread-1] TRACE f.m.indexer.core.download.Crawler - doNext: http://central.maven.org/maven2/ant/ant-jakarta-regexp/
18:46:13.771 [pool-1-thread-1] TRACE f.m.indexer.core.download.Crawler - search: http://central.maven.org/maven2/ant/ant-jakarta-regexp/
18:46:13.771 [pool-1-thread-1] TRACE f.m.indexer.core.download.Crawler - doNext: http://central.maven.org/maven2/ant/ant-javamail/
18:46:13.771 [pool-1-thread-1] TRACE f.m.indexer.core.download.Crawler - search: http://central.maven.org/maven2/ant/ant-javamail/
18:46:13.771 [pool-1-thread-1] TRACE f.m.indexer.core.download.Crawler - doNext: http://central.maven.org/maven2/ant/ant-jdepend/
18:46:13.771 [pool-1-thread-1] TRACE f.m.indexer.core.download.Crawler - search: http://central.maven.org/maven2/ant/ant-jdepend/
18:46:13.771 [pool-1-thread-1] TRACE f.m.indexer.core.download.Crawler - doNext: http://central.maven.org/maven2/ant/ant-jmf/
18:46:13.771 [pool-1-thread-1] TRACE f.m.indexer.core.download.Crawler - search: http://central.maven.org/maven2/ant/ant-jmf/
18:46:13.771 [pool-1-thread-1] TRACE f.m.indexer.core.download.Crawler - doNext: http://central.maven.org/maven2/ant/ant-jsch/
18:46:13.787 [pool-1-thread-1] TRACE f.m.indexer.core.download.Crawler - search: http://central.maven.org/maven2/ant/ant-jsch/
18:46:13.787 [pool-1-thread-1] TRACE f.m.indexer.core.download.Crawler - doNext: http://central.maven.org/maven2/ant/ant-junit/
18:46:13.787 [pool-1-thread-1] TRACE f.m.indexer.core.download.Crawler - search: http://central.maven.org/maven2/ant/ant-junit/
18:46:13.787 [pool-1-thread-1] TRACE f.m.indexer.core.download.Crawler - doNext: http://central.maven.org/maven2/ant/ant-launcher/
18:46:13.787 [pool-1-thread-1] TRACE f.m.indexer.core.download.Crawler - search: http://central.maven.org/maven2/ant/ant-launcher/
18:46:13.787 [pool-1-thread-1] TRACE f.m.indexer.core.download.Crawler - doNext: http://central.maven.org/maven2/ant/ant-netrexx/
18:46:13.787 [pool-1-thread-1] TRACE f.m.indexer.core.download.Crawler - search: http://central.maven.org/maven2/ant/ant-netrexx/
18:46:13.787 [pool-1-thread-1] TRACE f.m.indexer.core.download.Crawler - doNext: http://central.maven.org/maven2/ant/ant-nodeps/
18:46:13.787 [pool-1-thread-1] TRACE f.m.indexer.core.download.Crawler - search: http://central.maven.org/maven2/ant/ant-nodeps/
18:46:13.787 [pool-1-thread-1] TRACE f.m.indexer.core.download.Crawler - doNext: http://central.maven.org/maven2/ant/ant-optional/
18:46:13.787 [pool-1-thread-1] TRACE f.m.indexer.core.download.Crawler - search: http://central.maven.org/maven2/ant/ant-optional/
18:46:13.787 [pool-1-thread-1] TRACE f.m.indexer.core.download.Crawler - doNext: http://central.maven.org/maven2/ant/ant-starteam/
18:46:13.787 [pool-1-thread-1] TRACE f.m.indexer.core.download.Crawler - search: http://central.maven.org/maven2/ant/ant-starteam/
18:46:13.787 [pool-1-thread-1] TRACE f.m.indexer.core.download.Crawler - doNext: http://central.maven.org/maven2/ant/ant-stylebook/
18:46:13.787 [pool-1-thread-1] TRACE f.m.indexer.core.download.Crawler - search: http://central.maven.org/maven2/ant/ant-stylebook/
18:46:13.787 [pool-1-thread-1] TRACE f.m.indexer.core.download.Crawler - doNext: http://central.maven.org/maven2/ant/ant-swing/
18:46:13.787 [pool-1-thread-1] TRACE f.m.indexer.core.download.Crawler - search: http://central.maven.org/maven2/ant/ant-swing/
18:46:13.787 [pool-1-thread-1] TRACE f.m.indexer.core.download.Crawler - doNext: http://central.maven.org/maven2/ant/ant-trax/
18:46:13.787 [pool-1-thread-1] TRACE f.m.indexer.core.download.Crawler - search: http://central.maven.org/maven2/ant/ant-trax/
18:46:13.787 [pool-1-thread-1] TRACE f.m.indexer.core.download.Crawler - doNext: http://central.maven.org/maven2/ant/ant-vaj/
18:46:13.787 [pool-1-thread-1] TRACE f.m.indexer.core.download.Crawler - search: http://central.maven.org/maven2/ant/ant-vaj/
18:46:13.787 [pool-1-thread-1] TRACE f.m.indexer.core.download.Crawler - doNext: http://central.maven.org/maven2/ant/ant-weblogic/
18:46:13.787 [pool-1-thread-1] TRACE f.m.indexer.core.download.Crawler - search: http://central.maven.org/maven2/ant/ant-weblogic/
18:46:13.787 [pool-1-thread-1] TRACE f.m.indexer.core.download.Crawler - doNext: http://central.maven.org/maven2/ant/ant-xalan1/
18:46:13.787 [pool-1-thread-1] TRACE f.m.indexer.core.download.Crawler - search: http://central.maven.org/maven2/ant/ant-xalan1/
18:46:13.787 [pool-1-thread-1] TRACE f.m.indexer.core.download.Crawler - doNext: http://central.maven.org/maven2/ant/ant-xalan2/
18:46:13.787 [pool-1-thread-1] TRACE f.m.indexer.core.download.Crawler - search: http://central.maven.org/maven2/ant/ant-xalan2/
18:46:13.787 [pool-1-thread-1] TRACE f.m.indexer.core.download.Crawler - doNext: http://central.maven.org/maven2/ant/ant-xslp/
18:46:13.787 [pool-1-thread-1] TRACE f.m.indexer.core.download.Crawler - search: http://central.maven.org/maven2/ant/ant-xslp/
18:46:13.787 [pool-1-thread-1] TRACE f.m.indexer.core.download.Crawler - doNext: http://central.maven.org/maven2/ant/optional/
18:46:13.787 [pool-1-thread-1] TRACE f.m.indexer.core.download.Crawler - search: http://central.maven.org/maven2/ant/optional/
18:46:13.787 [pool-1-thread-1] TRACE f.m.i.core.client.JerseyHttpClient - download: http://central.maven.org/maven2/ant/ant-commons-net/
18:46:13.849 [pool-1-thread-1] TRACE f.m.indexer.core.download.Crawler - getLinks: <!DOCTYPE html>
<html>

<head>
	<title>Central Repository: ant/ant-commons-net</title>
	<meta name="viewport" content="width=device-width, initial-scale=1.0">
	<style>
body {
	background: #fff;
}
	</style>
</head>

<body>
	<header>
		<h1>ant/ant-commons-net</h1>
	</header>
	<hr/>
	<main>
		<pre id="contents">
<a href="../">../</a>
<a href="1.6/" title="1.6/">1.6/</a>                                              2005-09-20 05:44         -      
<a href="1.6.1/" title="1.6.1/">1.6.1/</a>                                            2005-09-20 05:44         -      
<a href="1.6.2/" title="1.6.2/">1.6.2/</a>                                            2005-09-20 05:44         -      
<a href="1.6.3/" title="1.6.3/">1.6.3/</a>                                            2005-09-20 05:44         -      
<a href="1.6.4/" title="1.6.4/">1.6.4/</a>                                            2005-09-20 05:44         -      
<a href="1.6.5/" title="1.6.5/">1.6.5/</a>                                            2005-09-20 05:44         -      
<a href="maven-metadata.xml" title="maven-metadata.xml">maven-metadata.xml</a>                                2005-09-20 05:44       361      
<a href="maven-metadata.xml.md5" title="maven-metadata.xml.md5">maven-metadata.xml.md5</a>                            2005-09-20 05:44        75      
<a href="maven-metadata.xml.sha1" title="maven-metadata.xml.sha1">maven-metadata.xml.sha1</a>                           2005-09-20 05:44       130      
		</pre>
	</main>
	<hr/>
</body>

</html>
18:46:13.849 [pool-1-thread-1] TRACE f.m.indexer.core.download.Crawler - getFullUrl: http://central.maven.org/maven2/ant/ant-commons-net/, ../)
18:46:13.849 [pool-1-thread-1] TRACE f.m.indexer.core.download.Crawler - getFullUrl: http://central.maven.org/maven2/ant/ant-commons-net/, 1.6/)
18:46:13.849 [pool-1-thread-1] TRACE f.m.indexer.core.download.Crawler - getFullUrl: http://central.maven.org/maven2/ant/ant-commons-net/, 1.6.1/)
18:46:13.849 [pool-1-thread-1] TRACE f.m.indexer.core.download.Crawler - getFullUrl: http://central.maven.org/maven2/ant/ant-commons-net/, 1.6.2/)
18:46:13.849 [pool-1-thread-1] TRACE f.m.indexer.core.download.Crawler - getFullUrl: http://central.maven.org/maven2/ant/ant-commons-net/, 1.6.3/)
18:46:13.849 [pool-1-thread-1] TRACE f.m.indexer.core.download.Crawler - getFullUrl: http://central.maven.org/maven2/ant/ant-commons-net/, 1.6.4/)
18:46:13.849 [pool-1-thread-1] TRACE f.m.indexer.core.download.Crawler - getFullUrl: http://central.maven.org/maven2/ant/ant-commons-net/, 1.6.5/)
18:46:13.849 [pool-1-thread-1] TRACE f.m.indexer.core.download.Crawler - getFullUrl: http://central.maven.org/maven2/ant/ant-commons-net/, maven-metadata.xml)
18:46:13.849 [pool-1-thread-1] TRACE f.m.indexer.core.download.Crawler - getFullUrl: http://central.maven.org/maven2/ant/ant-commons-net/, maven-metadata.xml.md5)
18:46:13.849 [pool-1-thread-1] TRACE f.m.indexer.core.download.Crawler - getFullUrl: http://central.maven.org/maven2/ant/ant-commons-net/, maven-metadata.xml.sha1)
18:46:13.849 [pool-1-thread-1] TRACE f.m.indexer.core.download.Crawler - doNext: http://central.maven.org/maven2/ant/ant-commons-net/../
18:46:13.849 [pool-1-thread-1] TRACE f.m.indexer.core.download.Crawler - doNext: http://central.maven.org/maven2/ant/ant-commons-net/1.6/
18:46:13.849 [pool-1-thread-1] TRACE f.m.indexer.core.download.Crawler - search: http://central.maven.org/maven2/ant/ant-commons-net/1.6/
18:46:13.849 [pool-1-thread-1] TRACE f.m.indexer.core.download.Crawler - doNext: http://central.maven.org/maven2/ant/ant-commons-net/1.6.1/
18:46:13.849 [pool-1-thread-1] TRACE f.m.indexer.core.download.Crawler - search: http://central.maven.org/maven2/ant/ant-commons-net/1.6.1/
18:46:13.849 [pool-1-thread-1] TRACE f.m.indexer.core.download.Crawler - doNext: http://central.maven.org/maven2/ant/ant-commons-net/1.6.2/
18:46:13.849 [pool-1-thread-1] TRACE f.m.indexer.core.download.Crawler - search: http://central.maven.org/maven2/ant/ant-commons-net/1.6.2/
18:46:13.849 [pool-1-thread-1] TRACE f.m.indexer.core.download.Crawler - doNext: http://central.maven.org/maven2/ant/ant-commons-net/1.6.3/
18:46:13.849 [pool-1-thread-1] TRACE f.m.indexer.core.download.Crawler - search: http://central.maven.org/maven2/ant/ant-commons-net/1.6.3/
18:46:13.849 [pool-1-thread-1] TRACE f.m.indexer.core.download.Crawler - doNext: http://central.maven.org/maven2/ant/ant-commons-net/1.6.4/
18:46:13.849 [pool-1-thread-1] TRACE f.m.indexer.core.download.Crawler - search: http://central.maven.org/maven2/ant/ant-commons-net/1.6.4/
18:46:13.849 [pool-1-thread-1] TRACE f.m.indexer.core.download.Crawler - doNext: http://central.maven.org/maven2/ant/ant-commons-net/1.6.5/
18:46:13.849 [pool-1-thread-1] TRACE f.m.indexer.core.download.Crawler - search: http://central.maven.org/maven2/ant/ant-commons-net/1.6.5/
18:46:13.849 [pool-1-thread-1] TRACE f.m.indexer.core.download.Crawler - doNext: http://central.maven.org/maven2/ant/ant-commons-net/maven-metadata.xml
18:46:13.849 [pool-1-thread-1] TRACE f.m.indexer.core.download.Crawler - match: http://central.maven.org/maven2/ant/ant-commons-net/maven-metadata.xml
18:46:13.865 [pool-1-thread-1] TRACE f.m.indexer.core.download.Crawler - doNext: http://central.maven.org/maven2/ant/ant-commons-net/maven-metadata.xml.md5
18:46:13.865 [pool-1-thread-1] TRACE f.m.indexer.core.download.Crawler - doNext: http://central.maven.org/maven2/ant/ant-commons-net/maven-metadata.xml.sha1
18:46:13.865 [pool-1-thread-1] TRACE f.m.i.core.client.JerseyHttpClient - download: http://central.maven.org/maven2/ant/ant-icontract/
18:46:13.865 [pool-1-thread-2] TRACE f.m.i.core.client.JerseyHttpClient - download: http://central.maven.org/maven2/ant/ant/
18:46:13.880 [pool-1-thread-10] TRACE f.m.i.core.client.JerseyHttpClient - download: http://central.maven.org/maven2/ant/ant-commons-logging/
18:46:13.880 [pool-1-thread-9] TRACE f.m.i.core.client.JerseyHttpClient - download: http://central.maven.org/maven2/ant/ant-apache-resolver/
18:46:13.880 [pool-1-thread-8] TRACE f.m.i.core.client.JerseyHttpClient - download: http://central.maven.org/maven2/ant/ant-apache-regexp/
18:46:13.880 [pool-1-thread-7] TRACE f.m.i.core.client.JerseyHttpClient - download: http://central.maven.org/maven2/ant/ant-apache-oro/
18:46:13.880 [pool-1-thread-6] TRACE f.m.i.core.client.JerseyHttpClient - download: http://central.maven.org/maven2/ant/ant-apache-log4j/
18:46:13.880 [pool-1-thread-5] TRACE f.m.i.core.client.JerseyHttpClient - download: http://central.maven.org/maven2/ant/ant-apache-bsf/
18:46:13.896 [pool-1-thread-4] TRACE f.m.i.core.client.JerseyHttpClient - download: http://central.maven.org/maven2/ant/ant-apache-bcel/
18:46:13.896 [pool-1-thread-1] TRACE f.m.indexer.core.download.Crawler - getLinks: <!DOCTYPE html>
<html>

<head>
	<title>Central Repository: ant/ant-icontract</title>
	<meta name="viewport" content="width=device-width, initial-scale=1.0">
	<style>
body {
	background: #fff;
}
	</style>
</head>

<body>
	<header>
		<h1>ant/ant-icontract</h1>
	</header>
	<hr/>
	<main>
		<pre id="contents">
<a href="../">../</a>
<a href="1.6/" title="1.6/">1.6/</a>                                              2005-09-20 05:44         -      
<a href="1.6.1/" title="1.6.1/">1.6.1/</a>                                            2005-09-20 05:44         -      
<a href="1.6.2/" title="1.6.2/">1.6.2/</a>                                            2005-09-20 05:44         -      
<a href="1.6.3/" title="1.6.3/">1.6.3/</a>                                            2005-09-20 05:44         -      
<a href="1.6.4/" title="1.6.4/">1.6.4/</a>                                            2005-09-20 05:44         -      
<a href="1.6.5/" title="1.6.5/">1.6.5/</a>                                            2005-09-20 05:44         -      
<a href="maven-metadata.xml" title="maven-metadata.xml">maven-metadata.xml</a>                                2005-09-20 05:44       359      
<a href="maven-metadata.xml.md5" title="maven-metadata.xml.md5">maven-metadata.xml.md5</a>                            2005-09-20 05:44        73      
<a href="maven-metadata.xml.sha1" title="maven-metadata.xml.sha1">maven-metadata.xml.sha1</a>                           2005-09-20 05:44       128      
		</pre>
	</main>
	<hr/>
</body>

</html>
18:46:13.896 [pool-1-thread-1] TRACE f.m.indexer.core.download.Crawler - getFullUrl: http://central.maven.org/maven2/ant/ant-icontract/, ../)
18:46:13.896 [pool-1-thread-1] TRACE f.m.indexer.core.download.Crawler - getFullUrl: http://central.maven.org/maven2/ant/ant-icontract/, 1.6/)
18:46:13.896 [pool-1-thread-1] TRACE f.m.indexer.core.download.Crawler - getFullUrl: http://central.maven.org/maven2/ant/ant-icontract/, 1.6.1/)
18:46:13.896 [pool-1-thread-1] TRACE f.m.indexer.core.download.Crawler - getFullUrl: http://central.maven.org/maven2/ant/ant-icontract/, 1.6.2/)
18:46:13.896 [pool-1-thread-1] TRACE f.m.indexer.core.download.Crawler - getFullUrl: http://central.maven.org/maven2/ant/ant-icontract/, 1.6.3/)
18:46:13.896 [pool-1-thread-1] TRACE f.m.indexer.core.download.Crawler - getFullUrl: http://central.maven.org/maven2/ant/ant-icontract/, 1.6.4/)
18:46:13.896 [pool-1-thread-1] TRACE f.m.indexer.core.download.Crawler - getFullUrl: http://central.maven.org/maven2/ant/ant-icontract/, 1.6.5/)
18:46:13.896 [pool-1-thread-1] TRACE f.m.indexer.core.download.Crawler - getFullUrl: http://central.maven.org/maven2/ant/ant-icontract/, maven-metadata.xml)
18:46:13.896 [pool-1-thread-1] TRACE f.m.indexer.core.download.Crawler - getFullUrl: http://central.maven.org/maven2/ant/ant-icontract/, maven-metadata.xml.md5)
18:46:13.896 [pool-1-thread-1] TRACE f.m.indexer.core.download.Crawler - getFullUrl: http://central.maven.org/maven2/ant/ant-icontract/, maven-metadata.xml.sha1)
18:46:13.896 [pool-1-thread-1] TRACE f.m.indexer.core.download.Crawler - doNext: http://central.maven.org/maven2/ant/ant-icontract/../
18:46:13.896 [pool-1-thread-1] TRACE f.m.indexer.core.download.Crawler - doNext: http://central.maven.org/maven2/ant/ant-icontract/1.6/
18:46:13.896 [pool-1-thread-1] TRACE f.m.indexer.core.download.Crawler - search: http://central.maven.org/maven2/ant/ant-icontract/1.6/
18:46:13.896 [pool-1-thread-1] TRACE f.m.indexer.core.download.Crawler - doNext: http://central.maven.org/maven2/ant/ant-icontract/1.6.1/
18:46:13.896 [pool-1-thread-1] TRACE f.m.indexer.core.download.Crawler - search: http://central.maven.org/maven2/ant/ant-icontract/1.6.1/
18:46:13.896 [pool-1-thread-1] TRACE f.m.indexer.core.download.Crawler - doNext: http://central.maven.org/maven2/ant/ant-icontract/1.6.2/
18:46:13.896 [pool-1-thread-1] TRACE f.m.indexer.core.download.Crawler - search: http://central.maven.org/maven2/ant/ant-icontract/1.6.2/
18:46:13.896 [pool-1-thread-1] TRACE f.m.indexer.core.download.Crawler - doNext: http://central.maven.org/maven2/ant/ant-icontract/1.6.3/
18:46:13.896 [pool-1-thread-1] TRACE f.m.indexer.core.download.Crawler - search: http://central.maven.org/maven2/ant/ant-icontract/1.6.3/
18:46:13.896 [pool-1-thread-1] TRACE f.m.indexer.core.download.Crawler - doNext: http://central.maven.org/maven2/ant/ant-icontract/1.6.4/
18:46:13.896 [pool-1-thread-1] TRACE f.m.indexer.core.download.Crawler - search: http://central.maven.org/maven2/ant/ant-icontract/1.6.4/
18:46:13.896 [pool-1-thread-1] TRACE f.m.indexer.core.download.Crawler - doNext: http://central.maven.org/maven2/ant/ant-icontract/1.6.5/
18:46:13.896 [pool-1-thread-1] TRACE f.m.indexer.core.download.Crawler - search: http://central.maven.org/maven2/ant/ant-icontract/1.6.5/
18:46:13.896 [pool-1-thread-1] TRACE f.m.indexer.core.download.Crawler - doNext: http://central.maven.org/maven2/ant/ant-icontract/maven-metadata.xml
18:46:13.896 [pool-1-thread-1] TRACE f.m.indexer.core.download.Crawler - match: http://central.maven.org/maven2/ant/ant-icontract/maven-metadata.xml
18:46:13.896 [pool-1-thread-1] TRACE f.m.indexer.core.download.Crawler - doNext: http://central.maven.org/maven2/ant/ant-icontract/maven-metadata.xml.md5
18:46:13.896 [pool-1-thread-1] TRACE f.m.indexer.core.download.Crawler - doNext: http://central.maven.org/maven2/ant/ant-icontract/maven-metadata.xml.sha1
18:46:13.896 [pool-1-thread-1] TRACE f.m.i.core.client.JerseyHttpClient - download: http://central.maven.org/maven2/ant/ant-jai/
18:46:13.896 [pool-1-thread-3] TRACE f.m.i.core.client.JerseyHttpClient - download: http://central.maven.org/maven2/ant/ant-antlr/
18:46:13.943 [pool-1-thread-1] TRACE f.m.indexer.core.download.Crawler - getLinks: <!DOCTYPE html>
<html>

<head>
	<title>Central Repository: ant/ant-jai</title>
	<meta name="viewport" content="width=device-width, initial-scale=1.0">
	<style>
body {
	background: #fff;
}
	</style>
</head>

<body>
	<header>
		<h1>ant/ant-jai</h1>
	</header>
	<hr/>
	<main>
		<pre id="contents">
<a href="../">../</a>
<a href="1.6/" title="1.6/">1.6/</a>                                              2005-09-20 05:44         -      
<a href="1.6.1/" title="1.6.1/">1.6.1/</a>                                            2005-09-20 05:44         -      
<a href="1.6.2/" title="1.6.2/">1.6.2/</a>                                            2005-09-20 05:44         -      
<a href="1.6.3/" title="1.6.3/">1.6.3/</a>                                            2005-09-20 05:44         -      
<a href="1.6.4/" title="1.6.4/">1.6.4/</a>                                            2005-09-20 05:44         -      
<a href="1.6.5/" title="1.6.5/">1.6.5/</a>                                            2005-09-20 05:44         -      
<a href="maven-metadata.xml" title="maven-metadata.xml">maven-metadata.xml</a>                                2005-09-20 05:44       353      
<a href="maven-metadata.xml.md5" title="maven-metadata.xml.md5">maven-metadata.xml.md5</a>                            2005-09-20 05:44        67      
<a href="maven-metadata.xml.sha1" title="maven-metadata.xml.sha1">maven-metadata.xml.sha1</a>                           2005-09-20 05:44       122      
		</pre>
	</main>
	<hr/>
</body>

</html>
18:46:13.943 [pool-1-thread-1] TRACE f.m.indexer.core.download.Crawler - getFullUrl: http://central.maven.org/maven2/ant/ant-jai/, ../)
18:46:13.943 [pool-1-thread-1] TRACE f.m.indexer.core.download.Crawler - getFullUrl: http://central.maven.org/maven2/ant/ant-jai/, 1.6/)
18:46:13.943 [pool-1-thread-1] TRACE f.m.indexer.core.download.Crawler - getFullUrl: http://central.maven.org/maven2/ant/ant-jai/, 1.6.1/)
18:46:13.943 [pool-1-thread-1] TRACE f.m.indexer.core.download.Crawler - getFullUrl: http://central.maven.org/maven2/ant/ant-jai/, 1.6.2/)
18:46:13.943 [pool-1-thread-1] TRACE f.m.indexer.core.download.Crawler - getFullUrl: http://central.maven.org/maven2/ant/ant-jai/, 1.6.3/)
18:46:13.943 [pool-1-thread-1] TRACE f.m.indexer.core.download.Crawler - getFullUrl: http://central.maven.org/maven2/ant/ant-jai/, 1.6.4/)
18:46:13.943 [pool-1-thread-1] TRACE f.m.indexer.core.download.Crawler - getFullUrl: http://central.maven.org/maven2/ant/ant-jai/, 1.6.5/)
18:46:13.943 [pool-1-thread-1] TRACE f.m.indexer.core.download.Crawler - getFullUrl: http://central.maven.org/maven2/ant/ant-jai/, maven-metadata.xml)
18:46:13.943 [pool-1-thread-1] TRACE f.m.indexer.core.download.Crawler - getFullUrl: http://central.maven.org/maven2/ant/ant-jai/, maven-metadata.xml.md5)
18:46:13.943 [pool-1-thread-1] TRACE f.m.indexer.core.download.Crawler - getFullUrl: http://central.maven.org/maven2/ant/ant-jai/, maven-metadata.xml.sha1)
18:46:13.943 [pool-1-thread-1] TRACE f.m.indexer.core.download.Crawler - doNext: http://central.maven.org/maven2/ant/ant-jai/../
18:46:13.943 [pool-1-thread-1] TRACE f.m.indexer.core.download.Crawler - doNext: http://central.maven.org/maven2/ant/ant-jai/1.6/
18:46:13.943 [pool-1-thread-1] TRACE f.m.indexer.core.download.Crawler - search: http://central.maven.org/maven2/ant/ant-jai/1.6/
18:46:13.943 [pool-1-thread-1] TRACE f.m.indexer.core.download.Crawler - doNext: http://central.maven.org/maven2/ant/ant-jai/1.6.1/
18:46:13.943 [pool-1-thread-1] TRACE f.m.indexer.core.download.Crawler - search: http://central.maven.org/maven2/ant/ant-jai/1.6.1/
18:46:13.943 [pool-1-thread-1] TRACE f.m.indexer.core.download.Crawler - doNext: http://central.maven.org/maven2/ant/ant-jai/1.6.2/
18:46:13.943 [pool-1-thread-1] TRACE f.m.indexer.core.download.Crawler - search: http://central.maven.org/maven2/ant/ant-jai/1.6.2/
18:46:13.943 [pool-1-thread-1] TRACE f.m.indexer.core.download.Crawler - doNext: http://central.maven.org/maven2/ant/ant-jai/1.6.3/
18:46:13.943 [pool-1-thread-1] TRACE f.m.indexer.core.download.Crawler - search: http://central.maven.org/maven2/ant/ant-jai/1.6.3/
18:46:13.943 [pool-1-thread-1] TRACE f.m.indexer.core.download.Crawler - doNext: http://central.maven.org/maven2/ant/ant-jai/1.6.4/
18:46:13.943 [pool-1-thread-1] TRACE f.m.indexer.core.download.Crawler - search: http://central.maven.org/maven2/ant/ant-jai/1.6.4/
18:46:13.943 [pool-1-thread-1] TRACE f.m.indexer.core.download.Crawler - doNext: http://central.maven.org/maven2/ant/ant-jai/1.6.5/
18:46:13.943 [pool-1-thread-1] TRACE f.m.indexer.core.download.Crawler - search: http://central.maven.org/maven2/ant/ant-jai/1.6.5/
18:46:13.943 [pool-1-thread-1] TRACE f.m.indexer.core.download.Crawler - doNext: http://central.maven.org/maven2/ant/ant-jai/maven-metadata.xml
18:46:13.943 [pool-1-thread-1] TRACE f.m.indexer.core.download.Crawler - match: http://central.maven.org/maven2/ant/ant-jai/maven-metadata.xml
18:46:13.943 [pool-1-thread-1] TRACE f.m.indexer.core.download.Crawler - doNext: http://central.maven.org/maven2/ant/ant-jai/maven-metadata.xml.md5
18:46:13.943 [pool-1-thread-1] TRACE f.m.indexer.core.download.Crawler - doNext: http://central.maven.org/maven2/ant/ant-jai/maven-metadata.xml.sha1
18:46:13.943 [pool-1-thread-1] TRACE f.m.i.core.client.JerseyHttpClient - download: http://central.maven.org/maven2/ant/ant-jakarta-bcel/
18:46:13.958 [pool-1-thread-2] TRACE f.m.indexer.core.download.Crawler - getLinks: <!DOCTYPE html>
<html>

<head>
	<title>Central Repository: ant/ant</title>
	<meta name="viewport" content="width=device-width, initial-scale=1.0">
	<style>
body {
	background: #fff;
}
	</style>
</head>

<body>
	<header>
		<h1>ant/ant</h1>
	</header>
	<hr/>
	<main>
		<pre id="contents">
<a href="../">../</a>
<a href="1.4.1/" title="1.4.1/">1.4.1/</a>                                            2005-09-20 05:44         -      
<a href="1.5/" title="1.5/">1.5/</a>                                              2005-09-20 05:44         -      
<a href="1.5.1/" title="1.5.1/">1.5.1/</a>                                            2005-09-20 05:44         -      
<a href="1.5.2/" title="1.5.2/">1.5.2/</a>                                            2005-09-20 05:44         -      
<a href="1.5.3-1/" title="1.5.3-1/">1.5.3-1/</a>                                          2005-09-20 05:44         -      
<a href="1.5.4/" title="1.5.4/">1.5.4/</a>                                            2005-09-20 05:44         -      
<a href="1.6/" title="1.6/">1.6/</a>                                              2005-09-20 05:44         -      
<a href="1.6.1/" title="1.6.1/">1.6.1/</a>                                            2005-09-20 05:44         -      
<a href="1.6.2/" title="1.6.2/">1.6.2/</a>                                            2005-09-20 05:44         -      
<a href="1.6.3/" title="1.6.3/">1.6.3/</a>                                            2005-09-20 05:44         -      
<a href="1.6.4/" title="1.6.4/">1.6.4/</a>                                            2005-09-20 05:44         -      
<a href="1.6.5/" title="1.6.5/">1.6.5/</a>                                            2005-09-20 05:44         -      
<a href="1.7.0/" title="1.7.0/">1.7.0/</a>                                                           -         -      
<a href="maven-metadata.xml" title="maven-metadata.xml">maven-metadata.xml</a>                                2005-09-20 05:44       537      
<a href="maven-metadata.xml.md5" title="maven-metadata.xml.md5">maven-metadata.xml.md5</a>                            2005-09-20 05:44        63      
<a href="maven-metadata.xml.sha1" title="maven-metadata.xml.sha1">maven-metadata.xml.sha1</a>                           2005-09-20 05:44       118      
		</pre>
	</main>
	<hr/>
</body>

</html>
18:46:13.958 [pool-1-thread-2] TRACE f.m.indexer.core.download.Crawler - getFullUrl: http://central.maven.org/maven2/ant/ant/, ../)
18:46:13.958 [pool-1-thread-2] TRACE f.m.indexer.core.download.Crawler - getFullUrl: http://central.maven.org/maven2/ant/ant/, 1.4.1/)
18:46:13.958 [pool-1-thread-2] TRACE f.m.indexer.core.download.Crawler - getFullUrl: http://central.maven.org/maven2/ant/ant/, 1.5/)
18:46:13.958 [pool-1-thread-2] TRACE f.m.indexer.core.download.Crawler - getFullUrl: http://central.maven.org/maven2/ant/ant/, 1.5.1/)
18:46:13.958 [pool-1-thread-2] TRACE f.m.indexer.core.download.Crawler - getFullUrl: http://central.maven.org/maven2/ant/ant/, 1.5.2/)
18:46:13.958 [pool-1-thread-2] TRACE f.m.indexer.core.download.Crawler - getFullUrl: http://central.maven.org/maven2/ant/ant/, 1.5.3-1/)
18:46:13.958 [pool-1-thread-2] TRACE f.m.indexer.core.download.Crawler - getFullUrl: http://central.maven.org/maven2/ant/ant/, 1.5.4/)
18:46:13.958 [pool-1-thread-2] TRACE f.m.indexer.core.download.Crawler - getFullUrl: http://central.maven.org/maven2/ant/ant/, 1.6/)
18:46:13.958 [pool-1-thread-2] TRACE f.m.indexer.core.download.Crawler - getFullUrl: http://central.maven.org/maven2/ant/ant/, 1.6.1/)
18:46:13.958 [pool-1-thread-2] TRACE f.m.indexer.core.download.Crawler - getFullUrl: http://central.maven.org/maven2/ant/ant/, 1.6.2/)
18:46:13.958 [pool-1-thread-2] TRACE f.m.indexer.core.download.Crawler - getFullUrl: http://central.maven.org/maven2/ant/ant/, 1.6.3/)
18:46:13.958 [pool-1-thread-2] TRACE f.m.indexer.core.download.Crawler - getFullUrl: http://central.maven.org/maven2/ant/ant/, 1.6.4/)
18:46:13.958 [pool-1-thread-2] TRACE f.m.indexer.core.download.Crawler - getFullUrl: http://central.maven.org/maven2/ant/ant/, 1.6.5/)
18:46:13.958 [pool-1-thread-2] TRACE f.m.indexer.core.download.Crawler - getFullUrl: http://central.maven.org/maven2/ant/ant/, 1.7.0/)
18:46:13.958 [pool-1-thread-2] TRACE f.m.indexer.core.download.Crawler - getFullUrl: http://central.maven.org/maven2/ant/ant/, maven-metadata.xml)
18:46:13.958 [pool-1-thread-2] TRACE f.m.indexer.core.download.Crawler - getFullUrl: http://central.maven.org/maven2/ant/ant/, maven-metadata.xml.md5)
18:46:13.958 [pool-1-thread-2] TRACE f.m.indexer.core.download.Crawler - getFullUrl: http://central.maven.org/maven2/ant/ant/, maven-metadata.xml.sha1)
18:46:13.958 [pool-1-thread-2] TRACE f.m.indexer.core.download.Crawler - doNext: http://central.maven.org/maven2/ant/ant/../
18:46:13.958 [pool-1-thread-2] TRACE f.m.indexer.core.download.Crawler - doNext: http://central.maven.org/maven2/ant/ant/1.4.1/
18:46:13.958 [pool-1-thread-2] TRACE f.m.indexer.core.download.Crawler - search: http://central.maven.org/maven2/ant/ant/1.4.1/
18:46:13.958 [pool-1-thread-2] TRACE f.m.indexer.core.download.Crawler - doNext: http://central.maven.org/maven2/ant/ant/1.5/
18:46:13.958 [pool-1-thread-2] TRACE f.m.indexer.core.download.Crawler - search: http://central.maven.org/maven2/ant/ant/1.5/
18:46:13.958 [pool-1-thread-2] TRACE f.m.indexer.core.download.Crawler - doNext: http://central.maven.org/maven2/ant/ant/1.5.1/
18:46:13.958 [pool-1-thread-2] TRACE f.m.indexer.core.download.Crawler - search: http://central.maven.org/maven2/ant/ant/1.5.1/
18:46:13.958 [pool-1-thread-2] TRACE f.m.indexer.core.download.Crawler - doNext: http://central.maven.org/maven2/ant/ant/1.5.2/
18:46:13.958 [pool-1-thread-2] TRACE f.m.indexer.core.download.Crawler - search: http://central.maven.org/maven2/ant/ant/1.5.2/
18:46:13.958 [pool-1-thread-2] TRACE f.m.indexer.core.download.Crawler - doNext: http://central.maven.org/maven2/ant/ant/1.5.3-1/
18:46:13.958 [pool-1-thread-2] TRACE f.m.indexer.core.download.Crawler - search: http://central.maven.org/maven2/ant/ant/1.5.3-1/
18:46:13.958 [pool-1-thread-2] TRACE f.m.indexer.core.download.Crawler - doNext: http://central.maven.org/maven2/ant/ant/1.5.4/
18:46:13.958 [pool-1-thread-2] TRACE f.m.indexer.core.download.Crawler - search: http://central.maven.org/maven2/ant/ant/1.5.4/
18:46:13.958 [pool-1-thread-2] TRACE f.m.indexer.core.download.Crawler - doNext: http://central.maven.org/maven2/ant/ant/1.6/
18:46:13.958 [pool-1-thread-2] TRACE f.m.indexer.core.download.Crawler - search: http://central.maven.org/maven2/ant/ant/1.6/
18:46:13.958 [pool-1-thread-2] TRACE f.m.indexer.core.download.Crawler - doNext: http://central.maven.org/maven2/ant/ant/1.6.1/
18:46:13.958 [pool-1-thread-2] TRACE f.m.indexer.core.download.Crawler - search: http://central.maven.org/maven2/ant/ant/1.6.1/
18:46:13.958 [pool-1-thread-2] TRACE f.m.indexer.core.download.Crawler - doNext: http://central.maven.org/maven2/ant/ant/1.6.2/
18:46:13.958 [pool-1-thread-2] TRACE f.m.indexer.core.download.Crawler - search: http://central.maven.org/maven2/ant/ant/1.6.2/
18:46:13.958 [pool-1-thread-2] TRACE f.m.indexer.core.download.Crawler - doNext: http://central.maven.org/maven2/ant/ant/1.6.3/
18:46:13.958 [pool-1-thread-2] TRACE f.m.indexer.core.download.Crawler - search: http://central.maven.org/maven2/ant/ant/1.6.3/
18:46:13.958 [pool-1-thread-2] TRACE f.m.indexer.core.download.Crawler - doNext: http://central.maven.org/maven2/ant/ant/1.6.4/
18:46:13.958 [pool-1-thread-2] TRACE f.m.indexer.core.download.Crawler - search: http://central.maven.org/maven2/ant/ant/1.6.4/
18:46:13.958 [pool-1-thread-2] TRACE f.m.indexer.core.download.Crawler - doNext: http://central.maven.org/maven2/ant/ant/1.6.5/
18:46:13.958 [pool-1-thread-2] TRACE f.m.indexer.core.download.Crawler - search: http://central.maven.org/maven2/ant/ant/1.6.5/
18:46:13.958 [pool-1-thread-2] TRACE f.m.indexer.core.download.Crawler - doNext: http://central.maven.org/maven2/ant/ant/1.7.0/
18:46:13.958 [pool-1-thread-2] TRACE f.m.indexer.core.download.Crawler - search: http://central.maven.org/maven2/ant/ant/1.7.0/
18:46:13.958 [pool-1-thread-2] TRACE f.m.indexer.core.download.Crawler - doNext: http://central.maven.org/maven2/ant/ant/maven-metadata.xml
18:46:13.958 [pool-1-thread-2] TRACE f.m.indexer.core.download.Crawler - match: http://central.maven.org/maven2/ant/ant/maven-metadata.xml
18:46:13.958 [pool-1-thread-2] TRACE f.m.indexer.core.download.Crawler - doNext: http://central.maven.org/maven2/ant/ant/maven-metadata.xml.md5
18:46:13.958 [pool-1-thread-2] TRACE f.m.indexer.core.download.Crawler - doNext: http://central.maven.org/maven2/ant/ant/maven-metadata.xml.sha1
18:46:13.958 [pool-1-thread-2] TRACE f.m.i.core.client.JerseyHttpClient - download: http://central.maven.org/maven2/ant/ant-jakarta-log4j/
18:46:13.958 [pool-1-thread-10] TRACE f.m.indexer.core.download.Crawler - getLinks: <!DOCTYPE html>
<html>

<head>
	<title>Central Repository: ant/ant-commons-logging</title>
	<meta name="viewport" content="width=device-width, initial-scale=1.0">
	<style>
body {
	background: #fff;
}
	</style>
</head>

<body>
	<header>
		<h1>ant/ant-commons-logging</h1>
	</header>
	<hr/>
	<main>
		<pre id="contents">
<a href="../">../</a>
<a href="1.6/" title="1.6/">1.6/</a>                                              2005-09-20 05:44         -      
<a href="1.6.1/" title="1.6.1/">1.6.1/</a>                                            2005-09-20 05:44         -      
<a href="1.6.2/" title="1.6.2/">1.6.2/</a>                                            2005-09-20 05:44         -      
<a href="1.6.3/" title="1.6.3/">1.6.3/</a>                                            2005-09-20 05:44         -      
<a href="1.6.4/" title="1.6.4/">1.6.4/</a>                                            2005-09-20 05:44         -      
<a href="1.6.5/" title="1.6.5/">1.6.5/</a>                                            2005-09-20 05:44         -      
<a href="maven-metadata.xml" title="maven-metadata.xml">maven-metadata.xml</a>                                2005-09-20 05:44       365      
<a href="maven-metadata.xml.md5" title="maven-metadata.xml.md5">maven-metadata.xml.md5</a>                            2005-09-20 05:44        79      
<a href="maven-metadata.xml.sha1" title="maven-metadata.xml.sha1">maven-metadata.xml.sha1</a>                           2005-09-20 05:44       134      
		</pre>
	</main>
	<hr/>
</body>

</html>
18:46:13.974 [pool-1-thread-10] TRACE f.m.indexer.core.download.Crawler - getFullUrl: http://central.maven.org/maven2/ant/ant-commons-logging/, ../)
18:46:13.974 [pool-1-thread-10] TRACE f.m.indexer.core.download.Crawler - getFullUrl: http://central.maven.org/maven2/ant/ant-commons-logging/, 1.6/)
18:46:13.974 [pool-1-thread-10] TRACE f.m.indexer.core.download.Crawler - getFullUrl: http://central.maven.org/maven2/ant/ant-commons-logging/, 1.6.1/)
18:46:13.974 [pool-1-thread-10] TRACE f.m.indexer.core.download.Crawler - getFullUrl: http://central.maven.org/maven2/ant/ant-commons-logging/, 1.6.2/)
18:46:13.974 [pool-1-thread-10] TRACE f.m.indexer.core.download.Crawler - getFullUrl: http://central.maven.org/maven2/ant/ant-commons-logging/, 1.6.3/)
18:46:13.974 [pool-1-thread-10] TRACE f.m.indexer.core.download.Crawler - getFullUrl: http://central.maven.org/maven2/ant/ant-commons-logging/, 1.6.4/)
18:46:13.974 [pool-1-thread-10] TRACE f.m.indexer.core.download.Crawler - getFullUrl: http://central.maven.org/maven2/ant/ant-commons-logging/, 1.6.5/)
18:46:13.974 [pool-1-thread-10] TRACE f.m.indexer.core.download.Crawler - getFullUrl: http://central.maven.org/maven2/ant/ant-commons-logging/, maven-metadata.xml)
18:46:13.974 [pool-1-thread-10] TRACE f.m.indexer.core.download.Crawler - getFullUrl: http://central.maven.org/maven2/ant/ant-commons-logging/, maven-metadata.xml.md5)
18:46:13.974 [pool-1-thread-10] TRACE f.m.indexer.core.download.Crawler - getFullUrl: http://central.maven.org/maven2/ant/ant-commons-logging/, maven-metadata.xml.sha1)
18:46:13.974 [pool-1-thread-10] TRACE f.m.indexer.core.download.Crawler - doNext: http://central.maven.org/maven2/ant/ant-commons-logging/../
18:46:13.974 [pool-1-thread-10] TRACE f.m.indexer.core.download.Crawler - doNext: http://central.maven.org/maven2/ant/ant-commons-logging/1.6/
18:46:13.974 [pool-1-thread-10] TRACE f.m.indexer.core.download.Crawler - search: http://central.maven.org/maven2/ant/ant-commons-logging/1.6/
18:46:13.974 [pool-1-thread-10] TRACE f.m.indexer.core.download.Crawler - doNext: http://central.maven.org/maven2/ant/ant-commons-logging/1.6.1/
18:46:13.974 [pool-1-thread-10] TRACE f.m.indexer.core.download.Crawler - search: http://central.maven.org/maven2/ant/ant-commons-logging/1.6.1/
18:46:13.974 [pool-1-thread-10] TRACE f.m.indexer.core.download.Crawler - doNext: http://central.maven.org/maven2/ant/ant-commons-logging/1.6.2/
18:46:13.974 [pool-1-thread-10] TRACE f.m.indexer.core.download.Crawler - search: http://central.maven.org/maven2/ant/ant-commons-logging/1.6.2/
18:46:13.974 [pool-1-thread-10] TRACE f.m.indexer.core.download.Crawler - doNext: http://central.maven.org/maven2/ant/ant-commons-logging/1.6.3/
18:46:13.974 [pool-1-thread-10] TRACE f.m.indexer.core.download.Crawler - search: http://central.maven.org/maven2/ant/ant-commons-logging/1.6.3/
18:46:13.974 [pool-1-thread-10] TRACE f.m.indexer.core.download.Crawler - doNext: http://central.maven.org/maven2/ant/ant-commons-logging/1.6.4/
18:46:13.974 [pool-1-thread-10] TRACE f.m.indexer.core.download.Crawler - search: http://central.maven.org/maven2/ant/ant-commons-logging/1.6.4/
18:46:13.974 [pool-1-thread-10] TRACE f.m.indexer.core.download.Crawler - doNext: http://central.maven.org/maven2/ant/ant-commons-logging/1.6.5/
18:46:13.974 [pool-1-thread-10] TRACE f.m.indexer.core.download.Crawler - search: http://central.maven.org/maven2/ant/ant-commons-logging/1.6.5/
18:46:13.974 [pool-1-thread-10] TRACE f.m.indexer.core.download.Crawler - doNext: http://central.maven.org/maven2/ant/ant-commons-logging/maven-metadata.xml
18:46:13.974 [pool-1-thread-10] TRACE f.m.indexer.core.download.Crawler - match: http://central.maven.org/maven2/ant/ant-commons-logging/maven-metadata.xml
18:46:13.974 [pool-1-thread-10] TRACE f.m.indexer.core.download.Crawler - doNext: http://central.maven.org/maven2/ant/ant-commons-logging/maven-metadata.xml.md5
18:46:13.974 [pool-1-thread-10] TRACE f.m.indexer.core.download.Crawler - doNext: http://central.maven.org/maven2/ant/ant-commons-logging/maven-metadata.xml.sha1
18:46:13.974 [pool-1-thread-10] TRACE f.m.i.core.client.JerseyHttpClient - download: http://central.maven.org/maven2/ant/ant-jakarta-oro/
18:46:13.974 [pool-1-thread-9] TRACE f.m.indexer.core.download.Crawler - getLinks: <!DOCTYPE html>
<html>

<head>
	<title>Central Repository: ant/ant-apache-resolver</title>
	<meta name="viewport" content="width=device-width, initial-scale=1.0">
	<style>
body {
	background: #fff;
}
	</style>
</head>

<body>
	<header>
		<h1>ant/ant-apache-resolver</h1>
	</header>
	<hr/>
	<main>
		<pre id="contents">
<a href="../">../</a>
<a href="1.6/" title="1.6/">1.6/</a>                                              2005-09-20 05:44         -      
<a href="1.6.1/" title="1.6.1/">1.6.1/</a>                                            2005-09-20 05:44         -      
<a href="1.6.2/" title="1.6.2/">1.6.2/</a>                                            2005-09-20 05:44         -      
<a href="1.6.3/" title="1.6.3/">1.6.3/</a>                                            2005-09-20 05:44         -      
<a href="1.6.4/" title="1.6.4/">1.6.4/</a>                                            2005-09-20 05:44         -      
<a href="1.6.5/" title="1.6.5/">1.6.5/</a>                                            2005-09-20 05:44         -      
<a href="maven-metadata.xml" title="maven-metadata.xml">maven-metadata.xml</a>                                2005-09-20 05:44       365      
<a href="maven-metadata.xml.md5" title="maven-metadata.xml.md5">maven-metadata.xml.md5</a>                            2005-09-20 05:44        79      
<a href="maven-metadata.xml.sha1" title="maven-metadata.xml.sha1">maven-metadata.xml.sha1</a>                           2005-09-20 05:44       134      
		</pre>
	</main>
	<hr/>
</body>

</html>
18:46:13.974 [pool-1-thread-9] TRACE f.m.indexer.core.download.Crawler - getFullUrl: http://central.maven.org/maven2/ant/ant-apache-resolver/, ../)
18:46:13.974 [pool-1-thread-9] TRACE f.m.indexer.core.download.Crawler - getFullUrl: http://central.maven.org/maven2/ant/ant-apache-resolver/, 1.6/)
18:46:13.974 [pool-1-thread-9] TRACE f.m.indexer.core.download.Crawler - getFullUrl: http://central.maven.org/maven2/ant/ant-apache-resolver/, 1.6.1/)
18:46:13.974 [pool-1-thread-9] TRACE f.m.indexer.core.download.Crawler - getFullUrl: http://central.maven.org/maven2/ant/ant-apache-resolver/, 1.6.2/)
18:46:13.990 [pool-1-thread-9] TRACE f.m.indexer.core.download.Crawler - getFullUrl: http://central.maven.org/maven2/ant/ant-apache-resolver/, 1.6.3/)
18:46:13.990 [pool-1-thread-9] TRACE f.m.indexer.core.download.Crawler - getFullUrl: http://central.maven.org/maven2/ant/ant-apache-resolver/, 1.6.4/)
18:46:13.990 [pool-1-thread-9] TRACE f.m.indexer.core.download.Crawler - getFullUrl: http://central.maven.org/maven2/ant/ant-apache-resolver/, 1.6.5/)
18:46:13.990 [pool-1-thread-9] TRACE f.m.indexer.core.download.Crawler - getFullUrl: http://central.maven.org/maven2/ant/ant-apache-resolver/, maven-metadata.xml)
18:46:13.990 [pool-1-thread-9] TRACE f.m.indexer.core.download.Crawler - getFullUrl: http://central.maven.org/maven2/ant/ant-apache-resolver/, maven-metadata.xml.md5)
18:46:13.990 [pool-1-thread-9] TRACE f.m.indexer.core.download.Crawler - getFullUrl: http://central.maven.org/maven2/ant/ant-apache-resolver/, maven-metadata.xml.sha1)
18:46:13.990 [pool-1-thread-9] TRACE f.m.indexer.core.download.Crawler - doNext: http://central.maven.org/maven2/ant/ant-apache-resolver/../
18:46:13.990 [pool-1-thread-9] TRACE f.m.indexer.core.download.Crawler - doNext: http://central.maven.org/maven2/ant/ant-apache-resolver/1.6/
18:46:13.990 [pool-1-thread-9] TRACE f.m.indexer.core.download.Crawler - search: http://central.maven.org/maven2/ant/ant-apache-resolver/1.6/
18:46:13.990 [pool-1-thread-9] TRACE f.m.indexer.core.download.Crawler - doNext: http://central.maven.org/maven2/ant/ant-apache-resolver/1.6.1/
18:46:13.990 [pool-1-thread-9] TRACE f.m.indexer.core.download.Crawler - search: http://central.maven.org/maven2/ant/ant-apache-resolver/1.6.1/
18:46:13.990 [pool-1-thread-9] TRACE f.m.indexer.core.download.Crawler - doNext: http://central.maven.org/maven2/ant/ant-apache-resolver/1.6.2/
18:46:13.990 [pool-1-thread-9] TRACE f.m.indexer.core.download.Crawler - search: http://central.maven.org/maven2/ant/ant-apache-resolver/1.6.2/
18:46:13.990 [pool-1-thread-9] TRACE f.m.indexer.core.download.Crawler - doNext: http://central.maven.org/maven2/ant/ant-apache-resolver/1.6.3/
18:46:13.990 [pool-1-thread-9] TRACE f.m.indexer.core.download.Crawler - search: http://central.maven.org/maven2/ant/ant-apache-resolver/1.6.3/
18:46:13.990 [pool-1-thread-9] TRACE f.m.indexer.core.download.Crawler - doNext: http://central.maven.org/maven2/ant/ant-apache-resolver/1.6.4/
18:46:13.990 [pool-1-thread-9] TRACE f.m.indexer.core.download.Crawler - search: http://central.maven.org/maven2/ant/ant-apache-resolver/1.6.4/
18:46:13.990 [pool-1-thread-9] TRACE f.m.indexer.core.download.Crawler - doNext: http://central.maven.org/maven2/ant/ant-apache-resolver/1.6.5/
18:46:13.990 [pool-1-thread-9] TRACE f.m.indexer.core.download.Crawler - search: http://central.maven.org/maven2/ant/ant-apache-resolver/1.6.5/
18:46:13.990 [pool-1-thread-9] TRACE f.m.indexer.core.download.Crawler - doNext: http://central.maven.org/maven2/ant/ant-apache-resolver/maven-metadata.xml
18:46:13.990 [pool-1-thread-9] TRACE f.m.indexer.core.download.Crawler - match: http://central.maven.org/maven2/ant/ant-apache-resolver/maven-metadata.xml
18:46:13.990 [pool-1-thread-9] TRACE f.m.indexer.core.download.Crawler - doNext: http://central.maven.org/maven2/ant/ant-apache-resolver/maven-metadata.xml.md5
18:46:13.990 [pool-1-thread-9] TRACE f.m.indexer.core.download.Crawler - doNext: http://central.maven.org/maven2/ant/ant-apache-resolver/maven-metadata.xml.sha1
18:46:13.990 [pool-1-thread-9] TRACE f.m.i.core.client.JerseyHttpClient - download: http://central.maven.org/maven2/ant/ant-jakarta-regexp/
18:46:13.990 [pool-1-thread-8] TRACE f.m.indexer.core.download.Crawler - getLinks: <!DOCTYPE html>
<html>

<head>
	<title>Central Repository: ant/ant-apache-regexp</title>
	<meta name="viewport" content="width=device-width, initial-scale=1.0">
	<style>
body {
	background: #fff;
}
	</style>
</head>

<body>
	<header>
		<h1>ant/ant-apache-regexp</h1>
	</header>
	<hr/>
	<main>
		<pre id="contents">
<a href="../">../</a>
<a href="1.6.2/" title="1.6.2/">1.6.2/</a>                                            2005-09-20 05:44         -      
<a href="1.6.3/" title="1.6.3/">1.6.3/</a>                                            2005-09-20 05:44         -      
<a href="1.6.4/" title="1.6.4/">1.6.4/</a>                                            2005-09-20 05:44         -      
<a href="1.6.5/" title="1.6.5/">1.6.5/</a>                                            2005-09-20 05:44         -      
<a href="maven-metadata.xml" title="maven-metadata.xml">maven-metadata.xml</a>                                2005-09-20 05:44       305      
<a href="maven-metadata.xml.md5" title="maven-metadata.xml.md5">maven-metadata.xml.md5</a>                            2005-09-20 05:44        77      
<a href="maven-metadata.xml.sha1" title="maven-metadata.xml.sha1">maven-metadata.xml.sha1</a>                           2005-09-20 05:44       132      
		</pre>
	</main>
	<hr/>
</body>

</html>
18:46:13.990 [pool-1-thread-8] TRACE f.m.indexer.core.download.Crawler - getFullUrl: http://central.maven.org/maven2/ant/ant-apache-regexp/, ../)
18:46:13.990 [pool-1-thread-8] TRACE f.m.indexer.core.download.Crawler - getFullUrl: http://central.maven.org/maven2/ant/ant-apache-regexp/, 1.6.2/)
18:46:13.990 [pool-1-thread-8] TRACE f.m.indexer.core.download.Crawler - getFullUrl: http://central.maven.org/maven2/ant/ant-apache-regexp/, 1.6.3/)
18:46:13.990 [pool-1-thread-8] TRACE f.m.indexer.core.download.Crawler - getFullUrl: http://central.maven.org/maven2/ant/ant-apache-regexp/, 1.6.4/)
18:46:13.990 [pool-1-thread-8] TRACE f.m.indexer.core.download.Crawler - getFullUrl: http://central.maven.org/maven2/ant/ant-apache-regexp/, 1.6.5/)
18:46:13.990 [pool-1-thread-8] TRACE f.m.indexer.core.download.Crawler - getFullUrl: http://central.maven.org/maven2/ant/ant-apache-regexp/, maven-metadata.xml)
18:46:13.990 [pool-1-thread-8] TRACE f.m.indexer.core.download.Crawler - getFullUrl: http://central.maven.org/maven2/ant/ant-apache-regexp/, maven-metadata.xml.md5)
18:46:13.990 [pool-1-thread-8] TRACE f.m.indexer.core.download.Crawler - getFullUrl: http://central.maven.org/maven2/ant/ant-apache-regexp/, maven-metadata.xml.sha1)
18:46:13.990 [pool-1-thread-8] TRACE f.m.indexer.core.download.Crawler - doNext: http://central.maven.org/maven2/ant/ant-apache-regexp/../
18:46:13.990 [pool-1-thread-8] TRACE f.m.indexer.core.download.Crawler - doNext: http://central.maven.org/maven2/ant/ant-apache-regexp/1.6.2/
18:46:13.990 [pool-1-thread-8] TRACE f.m.indexer.core.download.Crawler - search: http://central.maven.org/maven2/ant/ant-apache-regexp/1.6.2/
18:46:13.990 [pool-1-thread-8] TRACE f.m.indexer.core.download.Crawler - doNext: http://central.maven.org/maven2/ant/ant-apache-regexp/1.6.3/
18:46:13.990 [pool-1-thread-8] TRACE f.m.indexer.core.download.Crawler - search: http://central.maven.org/maven2/ant/ant-apache-regexp/1.6.3/
18:46:13.990 [pool-1-thread-8] TRACE f.m.indexer.core.download.Crawler - doNext: http://central.maven.org/maven2/ant/ant-apache-regexp/1.6.4/
18:46:13.990 [pool-1-thread-8] TRACE f.m.indexer.core.download.Crawler - search: http://central.maven.org/maven2/ant/ant-apache-regexp/1.6.4/
18:46:13.990 [pool-1-thread-8] TRACE f.m.indexer.core.download.Crawler - doNext: http://central.maven.org/maven2/ant/ant-apache-regexp/1.6.5/
18:46:13.990 [pool-1-thread-8] TRACE f.m.indexer.core.download.Crawler - search: http://central.maven.org/maven2/ant/ant-apache-regexp/1.6.5/
18:46:13.990 [pool-1-thread-8] TRACE f.m.indexer.core.download.Crawler - doNext: http://central.maven.org/maven2/ant/ant-apache-regexp/maven-metadata.xml
18:46:13.990 [pool-1-thread-8] TRACE f.m.indexer.core.download.Crawler - match: http://central.maven.org/maven2/ant/ant-apache-regexp/maven-metadata.xml
18:46:13.990 [pool-1-thread-8] TRACE f.m.indexer.core.download.Crawler - doNext: http://central.maven.org/maven2/ant/ant-apache-regexp/maven-metadata.xml.md5
18:46:13.990 [pool-1-thread-8] TRACE f.m.indexer.core.download.Crawler - doNext: http://central.maven.org/maven2/ant/ant-apache-regexp/maven-metadata.xml.sha1
18:46:14.005 [pool-1-thread-8] TRACE f.m.i.core.client.JerseyHttpClient - download: http://central.maven.org/maven2/ant/ant-javamail/
18:46:14.021 [pool-1-thread-7] TRACE f.m.indexer.core.download.Crawler - getLinks: <!DOCTYPE html>
<html>

<head>
	<title>Central Repository: ant/ant-apache-oro</title>
	<meta name="viewport" content="width=device-width, initial-scale=1.0">
	<style>
body {
	background: #fff;
}
	</style>
</head>

<body>
	<header>
		<h1>ant/ant-apache-oro</h1>
	</header>
	<hr/>
	<main>
		<pre id="contents">
<a href="../">../</a>
<a href="1.6.2/" title="1.6.2/">1.6.2/</a>                                            2005-09-20 05:44         -      
<a href="1.6.3/" title="1.6.3/">1.6.3/</a>                                            2005-09-20 05:44         -      
<a href="1.6.4/" title="1.6.4/">1.6.4/</a>                                            2005-09-20 05:44         -      
<a href="1.6.5/" title="1.6.5/">1.6.5/</a>                                            2005-09-20 05:44         -      
<a href="maven-metadata.xml" title="maven-metadata.xml">maven-metadata.xml</a>                                2005-09-20 05:44       302      
<a href="maven-metadata.xml.md5" title="maven-metadata.xml.md5">maven-metadata.xml.md5</a>                            2005-09-20 05:44        74      
<a href="maven-metadata.xml.sha1" title="maven-metadata.xml.sha1">maven-metadata.xml.sha1</a>                           2005-09-20 05:44       129      
		</pre>
	</main>
	<hr/>
</body>

</html>
18:46:14.021 [pool-1-thread-7] TRACE f.m.indexer.core.download.Crawler - getFullUrl: http://central.maven.org/maven2/ant/ant-apache-oro/, ../)
18:46:14.021 [pool-1-thread-7] TRACE f.m.indexer.core.download.Crawler - getFullUrl: http://central.maven.org/maven2/ant/ant-apache-oro/, 1.6.2/)
18:46:14.021 [pool-1-thread-7] TRACE f.m.indexer.core.download.Crawler - getFullUrl: http://central.maven.org/maven2/ant/ant-apache-oro/, 1.6.3/)
18:46:14.021 [pool-1-thread-7] TRACE f.m.indexer.core.download.Crawler - getFullUrl: http://central.maven.org/maven2/ant/ant-apache-oro/, 1.6.4/)
18:46:14.021 [pool-1-thread-7] TRACE f.m.indexer.core.download.Crawler - getFullUrl: http://central.maven.org/maven2/ant/ant-apache-oro/, 1.6.5/)
18:46:14.021 [pool-1-thread-7] TRACE f.m.indexer.core.download.Crawler - getFullUrl: http://central.maven.org/maven2/ant/ant-apache-oro/, maven-metadata.xml)
18:46:14.021 [pool-1-thread-7] TRACE f.m.indexer.core.download.Crawler - getFullUrl: http://central.maven.org/maven2/ant/ant-apache-oro/, maven-metadata.xml.md5)
18:46:14.021 [pool-1-thread-7] TRACE f.m.indexer.core.download.Crawler - getFullUrl: http://central.maven.org/maven2/ant/ant-apache-oro/, maven-metadata.xml.sha1)
18:46:14.021 [pool-1-thread-7] TRACE f.m.indexer.core.download.Crawler - doNext: http://central.maven.org/maven2/ant/ant-apache-oro/../
18:46:14.021 [pool-1-thread-7] TRACE f.m.indexer.core.download.Crawler - doNext: http://central.maven.org/maven2/ant/ant-apache-oro/1.6.2/
18:46:14.021 [pool-1-thread-7] TRACE f.m.indexer.core.download.Crawler - search: http://central.maven.org/maven2/ant/ant-apache-oro/1.6.2/
18:46:14.021 [pool-1-thread-7] TRACE f.m.indexer.core.download.Crawler - doNext: http://central.maven.org/maven2/ant/ant-apache-oro/1.6.3/
18:46:14.021 [pool-1-thread-7] TRACE f.m.indexer.core.download.Crawler - search: http://central.maven.org/maven2/ant/ant-apache-oro/1.6.3/
18:46:14.021 [pool-1-thread-7] TRACE f.m.indexer.core.download.Crawler - doNext: http://central.maven.org/maven2/ant/ant-apache-oro/1.6.4/
18:46:14.021 [pool-1-thread-7] TRACE f.m.indexer.core.download.Crawler - search: http://central.maven.org/maven2/ant/ant-apache-oro/1.6.4/
18:46:14.021 [pool-1-thread-7] TRACE f.m.indexer.core.download.Crawler - doNext: http://central.maven.org/maven2/ant/ant-apache-oro/1.6.5/
18:46:14.021 [pool-1-thread-7] TRACE f.m.indexer.core.download.Crawler - search: http://central.maven.org/maven2/ant/ant-apache-oro/1.6.5/
18:46:14.021 [pool-1-thread-7] TRACE f.m.indexer.core.download.Crawler - doNext: http://central.maven.org/maven2/ant/ant-apache-oro/maven-metadata.xml
18:46:14.021 [pool-1-thread-7] TRACE f.m.indexer.core.download.Crawler - match: http://central.maven.org/maven2/ant/ant-apache-oro/maven-metadata.xml
18:46:14.021 [pool-1-thread-7] TRACE f.m.indexer.core.download.Crawler - doNext: http://central.maven.org/maven2/ant/ant-apache-oro/maven-metadata.xml.md5
18:46:14.021 [pool-1-thread-7] TRACE f.m.indexer.core.download.Crawler - doNext: http://central.maven.org/maven2/ant/ant-apache-oro/maven-metadata.xml.sha1
18:46:14.021 [pool-1-thread-7] TRACE f.m.i.core.client.JerseyHttpClient - download: http://central.maven.org/maven2/ant/ant-jdepend/
18:46:14.021 [pool-1-thread-6] TRACE f.m.indexer.core.download.Crawler - getLinks: <!DOCTYPE html>
<html>

<head>
	<title>Central Repository: ant/ant-apache-log4j</title>
	<meta name="viewport" content="width=device-width, initial-scale=1.0">
	<style>
body {
	background: #fff;
}
	</style>
</head>

<body>
	<header>
		<h1>ant/ant-apache-log4j</h1>
	</header>
	<hr/>
	<main>
		<pre id="contents">
<a href="../">../</a>
<a href="1.6.2/" title="1.6.2/">1.6.2/</a>                                            2005-09-20 05:44         -      
<a href="1.6.3/" title="1.6.3/">1.6.3/</a>                                            2005-09-20 05:44         -      
<a href="1.6.4/" title="1.6.4/">1.6.4/</a>                                            2005-09-20 05:44         -      
<a href="1.6.5/" title="1.6.5/">1.6.5/</a>                                            2005-09-20 05:44         -      
<a href="maven-metadata.xml" title="maven-metadata.xml">maven-metadata.xml</a>                                2005-09-20 05:44       304      
<a href="maven-metadata.xml.md5" title="maven-metadata.xml.md5">maven-metadata.xml.md5</a>                            2005-09-20 05:44        76      
<a href="maven-metadata.xml.sha1" title="maven-metadata.xml.sha1">maven-metadata.xml.sha1</a>                           2005-09-20 05:44       131      
		</pre>
	</main>
	<hr/>
</body>

</html>
18:46:14.021 [pool-1-thread-6] TRACE f.m.indexer.core.download.Crawler - getFullUrl: http://central.maven.org/maven2/ant/ant-apache-log4j/, ../)
18:46:14.021 [pool-1-thread-6] TRACE f.m.indexer.core.download.Crawler - getFullUrl: http://central.maven.org/maven2/ant/ant-apache-log4j/, 1.6.2/)
18:46:14.021 [pool-1-thread-6] TRACE f.m.indexer.core.download.Crawler - getFullUrl: http://central.maven.org/maven2/ant/ant-apache-log4j/, 1.6.3/)
18:46:14.021 [pool-1-thread-6] TRACE f.m.indexer.core.download.Crawler - getFullUrl: http://central.maven.org/maven2/ant/ant-apache-log4j/, 1.6.4/)
18:46:14.021 [pool-1-thread-6] TRACE f.m.indexer.core.download.Crawler - getFullUrl: http://central.maven.org/maven2/ant/ant-apache-log4j/, 1.6.5/)
18:46:14.021 [pool-1-thread-6] TRACE f.m.indexer.core.download.Crawler - getFullUrl: http://central.maven.org/maven2/ant/ant-apache-log4j/, maven-metadata.xml)
18:46:14.021 [pool-1-thread-6] TRACE f.m.indexer.core.download.Crawler - getFullUrl: http://central.maven.org/maven2/ant/ant-apache-log4j/, maven-metadata.xml.md5)
18:46:14.021 [pool-1-thread-6] TRACE f.m.indexer.core.download.Crawler - getFullUrl: http://central.maven.org/maven2/ant/ant-apache-log4j/, maven-metadata.xml.sha1)
18:46:14.021 [pool-1-thread-6] TRACE f.m.indexer.core.download.Crawler - doNext: http://central.maven.org/maven2/ant/ant-apache-log4j/../
18:46:14.021 [pool-1-thread-6] TRACE f.m.indexer.core.download.Crawler - doNext: http://central.maven.org/maven2/ant/ant-apache-log4j/1.6.2/
18:46:14.021 [pool-1-thread-6] TRACE f.m.indexer.core.download.Crawler - search: http://central.maven.org/maven2/ant/ant-apache-log4j/1.6.2/
18:46:14.021 [pool-1-thread-6] TRACE f.m.indexer.core.download.Crawler - doNext: http://central.maven.org/maven2/ant/ant-apache-log4j/1.6.3/
18:46:14.021 [pool-1-thread-6] TRACE f.m.indexer.core.download.Crawler - search: http://central.maven.org/maven2/ant/ant-apache-log4j/1.6.3/
18:46:14.021 [pool-1-thread-6] TRACE f.m.indexer.core.download.Crawler - doNext: http://central.maven.org/maven2/ant/ant-apache-log4j/1.6.4/
18:46:14.021 [pool-1-thread-6] TRACE f.m.indexer.core.download.Crawler - search: http://central.maven.org/maven2/ant/ant-apache-log4j/1.6.4/
18:46:14.021 [pool-1-thread-6] TRACE f.m.indexer.core.download.Crawler - doNext: http://central.maven.org/maven2/ant/ant-apache-log4j/1.6.5/
18:46:14.021 [pool-1-thread-6] TRACE f.m.indexer.core.download.Crawler - search: http://central.maven.org/maven2/ant/ant-apache-log4j/1.6.5/
18:46:14.021 [pool-1-thread-6] TRACE f.m.indexer.core.download.Crawler - doNext: http://central.maven.org/maven2/ant/ant-apache-log4j/maven-metadata.xml
18:46:14.021 [pool-1-thread-6] TRACE f.m.indexer.core.download.Crawler - match: http://central.maven.org/maven2/ant/ant-apache-log4j/maven-metadata.xml
18:46:14.021 [pool-1-thread-6] TRACE f.m.indexer.core.download.Crawler - doNext: http://central.maven.org/maven2/ant/ant-apache-log4j/maven-metadata.xml.md5
18:46:14.021 [pool-1-thread-6] TRACE f.m.indexer.core.download.Crawler - doNext: http://central.maven.org/maven2/ant/ant-apache-log4j/maven-metadata.xml.sha1
18:46:14.021 [pool-1-thread-6] TRACE f.m.i.core.client.JerseyHttpClient - download: http://central.maven.org/maven2/ant/ant-jmf/
18:46:14.037 [pool-1-thread-5] TRACE f.m.indexer.core.download.Crawler - getLinks: <!DOCTYPE html>
<html>

<head>
	<title>Central Repository: ant/ant-apache-bsf</title>
	<meta name="viewport" content="width=device-width, initial-scale=1.0">
	<style>
body {
	background: #fff;
}
	</style>
</head>

<body>
	<header>
		<h1>ant/ant-apache-bsf</h1>
	</header>
	<hr/>
	<main>
		<pre id="contents">
<a href="../">../</a>
<a href="1.6/" title="1.6/">1.6/</a>                                              2005-09-20 05:44         -      
<a href="1.6.1/" title="1.6.1/">1.6.1/</a>                                            2005-09-20 05:44         -      
<a href="1.6.2/" title="1.6.2/">1.6.2/</a>                                            2005-09-20 05:44         -      
<a href="1.6.3/" title="1.6.3/">1.6.3/</a>                                            2005-09-20 05:44         -      
<a href="1.6.4/" title="1.6.4/">1.6.4/</a>                                            2005-09-20 05:44         -      
<a href="1.6.5/" title="1.6.5/">1.6.5/</a>                                            2005-09-20 05:44         -      
<a href="maven-metadata.xml" title="maven-metadata.xml">maven-metadata.xml</a>                                2005-09-20 05:44       360      
<a href="maven-metadata.xml.md5" title="maven-metadata.xml.md5">maven-metadata.xml.md5</a>                            2005-09-20 05:44        74      
<a href="maven-metadata.xml.sha1" title="maven-metadata.xml.sha1">maven-metadata.xml.sha1</a>                           2005-09-20 05:44       129      
		</pre>
	</main>
	<hr/>
</body>

</html>
18:46:14.037 [pool-1-thread-5] TRACE f.m.indexer.core.download.Crawler - getFullUrl: http://central.maven.org/maven2/ant/ant-apache-bsf/, ../)
18:46:14.037 [pool-1-thread-5] TRACE f.m.indexer.core.download.Crawler - getFullUrl: http://central.maven.org/maven2/ant/ant-apache-bsf/, 1.6/)
18:46:14.037 [pool-1-thread-5] TRACE f.m.indexer.core.download.Crawler - getFullUrl: http://central.maven.org/maven2/ant/ant-apache-bsf/, 1.6.1/)
18:46:14.037 [pool-1-thread-5] TRACE f.m.indexer.core.download.Crawler - getFullUrl: http://central.maven.org/maven2/ant/ant-apache-bsf/, 1.6.2/)
18:46:14.037 [pool-1-thread-5] TRACE f.m.indexer.core.download.Crawler - getFullUrl: http://central.maven.org/maven2/ant/ant-apache-bsf/, 1.6.3/)
18:46:14.037 [pool-1-thread-5] TRACE f.m.indexer.core.download.Crawler - getFullUrl: http://central.maven.org/maven2/ant/ant-apache-bsf/, 1.6.4/)
18:46:14.037 [pool-1-thread-5] TRACE f.m.indexer.core.download.Crawler - getFullUrl: http://central.maven.org/maven2/ant/ant-apache-bsf/, 1.6.5/)
18:46:14.037 [pool-1-thread-5] TRACE f.m.indexer.core.download.Crawler - getFullUrl: http://central.maven.org/maven2/ant/ant-apache-bsf/, maven-metadata.xml)
18:46:14.037 [pool-1-thread-5] TRACE f.m.indexer.core.download.Crawler - getFullUrl: http://central.maven.org/maven2/ant/ant-apache-bsf/, maven-metadata.xml.md5)
18:46:14.037 [pool-1-thread-5] TRACE f.m.indexer.core.download.Crawler - getFullUrl: http://central.maven.org/maven2/ant/ant-apache-bsf/, maven-metadata.xml.sha1)
18:46:14.037 [pool-1-thread-5] TRACE f.m.indexer.core.download.Crawler - doNext: http://central.maven.org/maven2/ant/ant-apache-bsf/../
18:46:14.037 [pool-1-thread-5] TRACE f.m.indexer.core.download.Crawler - doNext: http://central.maven.org/maven2/ant/ant-apache-bsf/1.6/
18:46:14.037 [pool-1-thread-5] TRACE f.m.indexer.core.download.Crawler - search: http://central.maven.org/maven2/ant/ant-apache-bsf/1.6/
18:46:14.037 [pool-1-thread-5] TRACE f.m.indexer.core.download.Crawler - doNext: http://central.maven.org/maven2/ant/ant-apache-bsf/1.6.1/
18:46:14.037 [pool-1-thread-5] TRACE f.m.indexer.core.download.Crawler - search: http://central.maven.org/maven2/ant/ant-apache-bsf/1.6.1/
18:46:14.037 [pool-1-thread-5] TRACE f.m.indexer.core.download.Crawler - doNext: http://central.maven.org/maven2/ant/ant-apache-bsf/1.6.2/
18:46:14.037 [pool-1-thread-5] TRACE f.m.indexer.core.download.Crawler - search: http://central.maven.org/maven2/ant/ant-apache-bsf/1.6.2/
18:46:14.037 [pool-1-thread-5] TRACE f.m.indexer.core.download.Crawler - doNext: http://central.maven.org/maven2/ant/ant-apache-bsf/1.6.3/
18:46:14.037 [pool-1-thread-5] TRACE f.m.indexer.core.download.Crawler - search: http://central.maven.org/maven2/ant/ant-apache-bsf/1.6.3/
18:46:14.037 [pool-1-thread-5] TRACE f.m.indexer.core.download.Crawler - doNext: http://central.maven.org/maven2/ant/ant-apache-bsf/1.6.4/
18:46:14.037 [pool-1-thread-5] TRACE f.m.indexer.core.download.Crawler - search: http://central.maven.org/maven2/ant/ant-apache-bsf/1.6.4/
18:46:14.037 [pool-1-thread-5] TRACE f.m.indexer.core.download.Crawler - doNext: http://central.maven.org/maven2/ant/ant-apache-bsf/1.6.5/
18:46:14.037 [pool-1-thread-5] TRACE f.m.indexer.core.download.Crawler - search: http://central.maven.org/maven2/ant/ant-apache-bsf/1.6.5/
18:46:14.037 [pool-1-thread-5] TRACE f.m.indexer.core.download.Crawler - doNext: http://central.maven.org/maven2/ant/ant-apache-bsf/maven-metadata.xml
18:46:14.037 [pool-1-thread-5] TRACE f.m.indexer.core.download.Crawler - match: http://central.maven.org/maven2/ant/ant-apache-bsf/maven-metadata.xml
18:46:14.037 [pool-1-thread-5] TRACE f.m.indexer.core.download.Crawler - doNext: http://central.maven.org/maven2/ant/ant-apache-bsf/maven-metadata.xml.md5
18:46:14.037 [pool-1-thread-5] TRACE f.m.indexer.core.download.Crawler - doNext: http://central.maven.org/maven2/ant/ant-apache-bsf/maven-metadata.xml.sha1
18:46:14.037 [pool-1-thread-5] TRACE f.m.i.core.client.JerseyHttpClient - download: http://central.maven.org/maven2/ant/ant-jsch/
18:46:14.052 [pool-1-thread-4] TRACE f.m.indexer.core.download.Crawler - getLinks: <!DOCTYPE html>
<html>

<head>
	<title>Central Repository: ant/ant-apache-bcel</title>
	<meta name="viewport" content="width=device-width, initial-scale=1.0">
	<style>
body {
	background: #fff;
}
	</style>
</head>

<body>
	<header>
		<h1>ant/ant-apache-bcel</h1>
	</header>
	<hr/>
	<main>
		<pre id="contents">
<a href="../">../</a>
<a href="1.6.2/" title="1.6.2/">1.6.2/</a>                                            2005-09-20 05:44         -      
<a href="1.6.3/" title="1.6.3/">1.6.3/</a>                                            2005-09-20 05:44         -      
<a href="1.6.4/" title="1.6.4/">1.6.4/</a>                                            2005-09-20 05:44         -      
<a href="1.6.5/" title="1.6.5/">1.6.5/</a>                                            2005-09-20 05:44         -      
<a href="maven-metadata.xml" title="maven-metadata.xml">maven-metadata.xml</a>                                2005-09-20 05:44       303      
<a href="maven-metadata.xml.md5" title="maven-metadata.xml.md5">maven-metadata.xml.md5</a>                            2005-09-20 05:44        75      
<a href="maven-metadata.xml.sha1" title="maven-metadata.xml.sha1">maven-metadata.xml.sha1</a>                           2005-09-20 05:44       130      
		</pre>
	</main>
	<hr/>
</body>

</html>
18:46:14.052 [pool-1-thread-4] TRACE f.m.indexer.core.download.Crawler - getFullUrl: http://central.maven.org/maven2/ant/ant-apache-bcel/, ../)
18:46:14.052 [pool-1-thread-4] TRACE f.m.indexer.core.download.Crawler - getFullUrl: http://central.maven.org/maven2/ant/ant-apache-bcel/, 1.6.2/)
18:46:14.052 [pool-1-thread-4] TRACE f.m.indexer.core.download.Crawler - getFullUrl: http://central.maven.org/maven2/ant/ant-apache-bcel/, 1.6.3/)
18:46:14.052 [pool-1-thread-4] TRACE f.m.indexer.core.download.Crawler - getFullUrl: http://central.maven.org/maven2/ant/ant-apache-bcel/, 1.6.4/)
18:46:14.052 [pool-1-thread-4] TRACE f.m.indexer.core.download.Crawler - getFullUrl: http://central.maven.org/maven2/ant/ant-apache-bcel/, 1.6.5/)
18:46:14.052 [pool-1-thread-4] TRACE f.m.indexer.core.download.Crawler - getFullUrl: http://central.maven.org/maven2/ant/ant-apache-bcel/, maven-metadata.xml)
18:46:14.052 [pool-1-thread-4] TRACE f.m.indexer.core.download.Crawler - getFullUrl: http://central.maven.org/maven2/ant/ant-apache-bcel/, maven-metadata.xml.md5)
18:46:14.052 [pool-1-thread-4] TRACE f.m.indexer.core.download.Crawler - getFullUrl: http://central.maven.org/maven2/ant/ant-apache-bcel/, maven-metadata.xml.sha1)
18:46:14.052 [pool-1-thread-4] TRACE f.m.indexer.core.download.Crawler - doNext: http://central.maven.org/maven2/ant/ant-apache-bcel/../
18:46:14.052 [pool-1-thread-4] TRACE f.m.indexer.core.download.Crawler - doNext: http://central.maven.org/maven2/ant/ant-apache-bcel/1.6.2/
18:46:14.052 [pool-1-thread-4] TRACE f.m.indexer.core.download.Crawler - search: http://central.maven.org/maven2/ant/ant-apache-bcel/1.6.2/
18:46:14.052 [pool-1-thread-4] TRACE f.m.indexer.core.download.Crawler - doNext: http://central.maven.org/maven2/ant/ant-apache-bcel/1.6.3/
18:46:14.052 [pool-1-thread-4] TRACE f.m.indexer.core.download.Crawler - search: http://central.maven.org/maven2/ant/ant-apache-bcel/1.6.3/
18:46:14.052 [pool-1-thread-4] TRACE f.m.indexer.core.download.Crawler - doNext: http://central.maven.org/maven2/ant/ant-apache-bcel/1.6.4/
18:46:14.052 [pool-1-thread-4] TRACE f.m.indexer.core.download.Crawler - search: http://central.maven.org/maven2/ant/ant-apache-bcel/1.6.4/
18:46:14.052 [pool-1-thread-4] TRACE f.m.indexer.core.download.Crawler - doNext: http://central.maven.org/maven2/ant/ant-apache-bcel/1.6.5/
18:46:14.052 [pool-1-thread-4] TRACE f.m.indexer.core.download.Crawler - search: http://central.maven.org/maven2/ant/ant-apache-bcel/1.6.5/
18:46:14.052 [pool-1-thread-4] TRACE f.m.indexer.core.download.Crawler - doNext: http://central.maven.org/maven2/ant/ant-apache-bcel/maven-metadata.xml
18:46:14.052 [pool-1-thread-4] TRACE f.m.indexer.core.download.Crawler - match: http://central.maven.org/maven2/ant/ant-apache-bcel/maven-metadata.xml
18:46:14.052 [pool-1-thread-4] TRACE f.m.indexer.core.download.Crawler - doNext: http://central.maven.org/maven2/ant/ant-apache-bcel/maven-metadata.xml.md5
18:46:14.052 [pool-1-thread-4] TRACE f.m.indexer.core.download.Crawler - doNext: http://central.maven.org/maven2/ant/ant-apache-bcel/maven-metadata.xml.sha1
18:46:14.052 [pool-1-thread-4] TRACE f.m.i.core.client.JerseyHttpClient - download: http://central.maven.org/maven2/ant/ant-junit/
18:46:14.052 [pool-1-thread-3] TRACE f.m.indexer.core.download.Crawler - getLinks: <!DOCTYPE html>
<html>

<head>
	<title>Central Repository: ant/ant-antlr</title>
	<meta name="viewport" content="width=device-width, initial-scale=1.0">
	<style>
body {
	background: #fff;
}
	</style>
</head>

<body>
	<header>
		<h1>ant/ant-antlr</h1>
	</header>
	<hr/>
	<main>
		<pre id="contents">
<a href="../">../</a>
<a href="1.6/" title="1.6/">1.6/</a>                                              2005-09-20 05:44         -      
<a href="1.6.1/" title="1.6.1/">1.6.1/</a>                                            2005-09-20 05:44         -      
<a href="1.6.2/" title="1.6.2/">1.6.2/</a>                                            2005-09-20 05:44         -      
<a href="1.6.3/" title="1.6.3/">1.6.3/</a>                                            2005-09-20 05:44         -      
<a href="1.6.4/" title="1.6.4/">1.6.4/</a>                                            2005-09-20 05:44         -      
<a href="1.6.5/" title="1.6.5/">1.6.5/</a>                                            2005-09-20 05:44         -      
<a href="maven-metadata.xml" title="maven-metadata.xml">maven-metadata.xml</a>                                2005-09-20 05:44       355      
<a href="maven-metadata.xml.md5" title="maven-metadata.xml.md5">maven-metadata.xml.md5</a>                            2005-09-20 05:44        69      
<a href="maven-metadata.xml.sha1" title="maven-metadata.xml.sha1">maven-metadata.xml.sha1</a>                           2005-09-20 05:44       124      
		</pre>
	</main>
	<hr/>
</body>

</html>
18:46:14.052 [pool-1-thread-3] TRACE f.m.indexer.core.download.Crawler - getFullUrl: http://central.maven.org/maven2/ant/ant-antlr/, ../)
18:46:14.052 [pool-1-thread-3] TRACE f.m.indexer.core.download.Crawler - getFullUrl: http://central.maven.org/maven2/ant/ant-antlr/, 1.6/)
18:46:14.052 [pool-1-thread-3] TRACE f.m.indexer.core.download.Crawler - getFullUrl: http://central.maven.org/maven2/ant/ant-antlr/, 1.6.1/)
18:46:14.052 [pool-1-thread-3] TRACE f.m.indexer.core.download.Crawler - getFullUrl: http://central.maven.org/maven2/ant/ant-antlr/, 1.6.2/)
18:46:14.052 [pool-1-thread-3] TRACE f.m.indexer.core.download.Crawler - getFullUrl: http://central.maven.org/maven2/ant/ant-antlr/, 1.6.3/)
18:46:14.052 [pool-1-thread-3] TRACE f.m.indexer.core.download.Crawler - getFullUrl: http://central.maven.org/maven2/ant/ant-antlr/, 1.6.4/)
18:46:14.052 [pool-1-thread-3] TRACE f.m.indexer.core.download.Crawler - getFullUrl: http://central.maven.org/maven2/ant/ant-antlr/, 1.6.5/)
18:46:14.052 [pool-1-thread-3] TRACE f.m.indexer.core.download.Crawler - getFullUrl: http://central.maven.org/maven2/ant/ant-antlr/, maven-metadata.xml)
18:46:14.052 [pool-1-thread-3] TRACE f.m.indexer.core.download.Crawler - getFullUrl: http://central.maven.org/maven2/ant/ant-antlr/, maven-metadata.xml.md5)
18:46:14.052 [pool-1-thread-3] TRACE f.m.indexer.core.download.Crawler - getFullUrl: http://central.maven.org/maven2/ant/ant-antlr/, maven-metadata.xml.sha1)
18:46:14.052 [pool-1-thread-3] TRACE f.m.indexer.core.download.Crawler - doNext: http://central.maven.org/maven2/ant/ant-antlr/../
18:46:14.052 [pool-1-thread-3] TRACE f.m.indexer.core.download.Crawler - doNext: http://central.maven.org/maven2/ant/ant-antlr/1.6/
18:46:14.052 [pool-1-thread-3] TRACE f.m.indexer.core.download.Crawler - search: http://central.maven.org/maven2/ant/ant-antlr/1.6/
18:46:14.052 [pool-1-thread-3] TRACE f.m.indexer.core.download.Crawler - doNext: http://central.maven.org/maven2/ant/ant-antlr/1.6.1/
18:46:14.052 [pool-1-thread-3] TRACE f.m.indexer.core.download.Crawler - search: http://central.maven.org/maven2/ant/ant-antlr/1.6.1/
18:46:14.052 [pool-1-thread-3] TRACE f.m.indexer.core.download.Crawler - doNext: http://central.maven.org/maven2/ant/ant-antlr/1.6.2/
18:46:14.052 [pool-1-thread-3] TRACE f.m.indexer.core.download.Crawler - search: http://central.maven.org/maven2/ant/ant-antlr/1.6.2/
18:46:14.052 [pool-1-thread-3] TRACE f.m.indexer.core.download.Crawler - doNext: http://central.maven.org/maven2/ant/ant-antlr/1.6.3/
18:46:14.052 [pool-1-thread-3] TRACE f.m.indexer.core.download.Crawler - search: http://central.maven.org/maven2/ant/ant-antlr/1.6.3/
18:46:14.052 [pool-1-thread-3] TRACE f.m.indexer.core.download.Crawler - doNext: http://central.maven.org/maven2/ant/ant-antlr/1.6.4/
18:46:14.052 [pool-1-thread-3] TRACE f.m.indexer.core.download.Crawler - search: http://central.maven.org/maven2/ant/ant-antlr/1.6.4/
18:46:14.052 [pool-1-thread-3] TRACE f.m.indexer.core.download.Crawler - doNext: http://central.maven.org/maven2/ant/ant-antlr/1.6.5/
18:46:14.052 [pool-1-thread-3] TRACE f.m.indexer.core.download.Crawler - search: http://central.maven.org/maven2/ant/ant-antlr/1.6.5/
18:46:14.052 [pool-1-thread-3] TRACE f.m.indexer.core.download.Crawler - doNext: http://central.maven.org/maven2/ant/ant-antlr/maven-metadata.xml
18:46:14.052 [pool-1-thread-3] TRACE f.m.indexer.core.download.Crawler - match: http://central.maven.org/maven2/ant/ant-antlr/maven-metadata.xml
18:46:14.052 [pool-1-thread-3] TRACE f.m.indexer.core.download.Crawler - doNext: http://central.maven.org/maven2/ant/ant-antlr/maven-metadata.xml.md5
18:46:14.052 [pool-1-thread-3] TRACE f.m.indexer.core.download.Crawler - doNext: http://central.maven.org/maven2/ant/ant-antlr/maven-metadata.xml.sha1
18:46:14.052 [pool-1-thread-3] TRACE f.m.i.core.client.JerseyHttpClient - download: http://central.maven.org/maven2/ant/ant-launcher/
18:46:14.083 [pool-1-thread-1] TRACE f.m.indexer.core.download.Crawler - getLinks: <!DOCTYPE html>
<html>

<head>
	<title>Central Repository: ant/ant-jakarta-bcel</title>
	<meta name="viewport" content="width=device-width, initial-scale=1.0">
	<style>
body {
	background: #fff;
}
	</style>
</head>

<body>
	<header>
		<h1>ant/ant-jakarta-bcel</h1>
	</header>
	<hr/>
	<main>
		<pre id="contents">
<a href="../">../</a>
<a href="1.6/" title="1.6/">1.6/</a>                                              2005-09-20 05:44         -      
<a href="1.6.1/" title="1.6.1/">1.6.1/</a>                                            2005-09-20 05:44         -      
<a href="maven-metadata.xml" title="maven-metadata.xml">maven-metadata.xml</a>                                2005-09-20 05:44       238      
<a href="maven-metadata.xml.md5" title="maven-metadata.xml.md5">maven-metadata.xml.md5</a>                            2005-09-20 05:44        76      
<a href="maven-metadata.xml.sha1" title="maven-metadata.xml.sha1">maven-metadata.xml.sha1</a>                           2005-09-20 05:44       131      
		</pre>
	</main>
	<hr/>
</body>

</html>
18:46:14.083 [pool-1-thread-1] TRACE f.m.indexer.core.download.Crawler - getFullUrl: http://central.maven.org/maven2/ant/ant-jakarta-bcel/, ../)
18:46:14.083 [pool-1-thread-1] TRACE f.m.indexer.core.download.Crawler - getFullUrl: http://central.maven.org/maven2/ant/ant-jakarta-bcel/, 1.6/)
18:46:14.083 [pool-1-thread-1] TRACE f.m.indexer.core.download.Crawler - getFullUrl: http://central.maven.org/maven2/ant/ant-jakarta-bcel/, 1.6.1/)
18:46:14.083 [pool-1-thread-1] TRACE f.m.indexer.core.download.Crawler - getFullUrl: http://central.maven.org/maven2/ant/ant-jakarta-bcel/, maven-metadata.xml)
18:46:14.083 [pool-1-thread-1] TRACE f.m.indexer.core.download.Crawler - getFullUrl: http://central.maven.org/maven2/ant/ant-jakarta-bcel/, maven-metadata.xml.md5)
18:46:14.083 [pool-1-thread-1] TRACE f.m.indexer.core.download.Crawler - getFullUrl: http://central.maven.org/maven2/ant/ant-jakarta-bcel/, maven-metadata.xml.sha1)
18:46:14.083 [pool-1-thread-1] TRACE f.m.indexer.core.download.Crawler - doNext: http://central.maven.org/maven2/ant/ant-jakarta-bcel/../
18:46:14.083 [pool-1-thread-1] TRACE f.m.indexer.core.download.Crawler - doNext: http://central.maven.org/maven2/ant/ant-jakarta-bcel/1.6/
18:46:14.083 [pool-1-thread-1] TRACE f.m.indexer.core.download.Crawler - search: http://central.maven.org/maven2/ant/ant-jakarta-bcel/1.6/
18:46:14.083 [pool-1-thread-1] TRACE f.m.indexer.core.download.Crawler - doNext: http://central.maven.org/maven2/ant/ant-jakarta-bcel/1.6.1/
18:46:14.083 [pool-1-thread-1] TRACE f.m.indexer.core.download.Crawler - search: http://central.maven.org/maven2/ant/ant-jakarta-bcel/1.6.1/
18:46:14.083 [pool-1-thread-1] TRACE f.m.indexer.core.download.Crawler - doNext: http://central.maven.org/maven2/ant/ant-jakarta-bcel/maven-metadata.xml
18:46:14.083 [pool-1-thread-1] TRACE f.m.indexer.core.download.Crawler - match: http://central.maven.org/maven2/ant/ant-jakarta-bcel/maven-metadata.xml
18:46:14.083 [pool-1-thread-1] TRACE f.m.indexer.core.download.Crawler - doNext: http://central.maven.org/maven2/ant/ant-jakarta-bcel/maven-metadata.xml.md5
18:46:14.083 [pool-1-thread-1] TRACE f.m.indexer.core.download.Crawler - doNext: http://central.maven.org/maven2/ant/ant-jakarta-bcel/maven-metadata.xml.sha1
18:46:14.083 [pool-1-thread-1] TRACE f.m.i.core.client.JerseyHttpClient - download: http://central.maven.org/maven2/ant/ant-netrexx/
18:46:14.099 [pool-1-thread-2] TRACE f.m.indexer.core.download.Crawler - getLinks: <!DOCTYPE html>
<html>

<head>
	<title>Central Repository: ant/ant-jakarta-log4j</title>
	<meta name="viewport" content="width=device-width, initial-scale=1.0">
	<style>
body {
	background: #fff;
}
	</style>
</head>

<body>
	<header>
		<h1>ant/ant-jakarta-log4j</h1>
	</header>
	<hr/>
	<main>
		<pre id="contents">
<a href="../">../</a>
<a href="1.6/" title="1.6/">1.6/</a>                                              2005-09-20 05:44         -      
<a href="1.6.1/" title="1.6.1/">1.6.1/</a>                                            2005-09-20 05:44         -      
<a href="maven-metadata.xml" title="maven-metadata.xml">maven-metadata.xml</a>                                2005-09-20 05:44       239      
<a href="maven-metadata.xml.md5" title="maven-metadata.xml.md5">maven-metadata.xml.md5</a>                            2005-09-20 05:44        77      
<a href="maven-metadata.xml.sha1" title="maven-metadata.xml.sha1">maven-metadata.xml.sha1</a>                           2005-09-20 05:44       132      
		</pre>
	</main>
	<hr/>
</body>

</html>
18:46:14.099 [pool-1-thread-2] TRACE f.m.indexer.core.download.Crawler - getFullUrl: http://central.maven.org/maven2/ant/ant-jakarta-log4j/, ../)
18:46:14.099 [pool-1-thread-2] TRACE f.m.indexer.core.download.Crawler - getFullUrl: http://central.maven.org/maven2/ant/ant-jakarta-log4j/, 1.6/)
18:46:14.099 [pool-1-thread-2] TRACE f.m.indexer.core.download.Crawler - getFullUrl: http://central.maven.org/maven2/ant/ant-jakarta-log4j/, 1.6.1/)
18:46:14.099 [pool-1-thread-2] TRACE f.m.indexer.core.download.Crawler - getFullUrl: http://central.maven.org/maven2/ant/ant-jakarta-log4j/, maven-metadata.xml)
18:46:14.099 [pool-1-thread-2] TRACE f.m.indexer.core.download.Crawler - getFullUrl: http://central.maven.org/maven2/ant/ant-jakarta-log4j/, maven-metadata.xml.md5)
18:46:14.099 [pool-1-thread-2] TRACE f.m.indexer.core.download.Crawler - getFullUrl: http://central.maven.org/maven2/ant/ant-jakarta-log4j/, maven-metadata.xml.sha1)
18:46:14.099 [pool-1-thread-2] TRACE f.m.indexer.core.download.Crawler - doNext: http://central.maven.org/maven2/ant/ant-jakarta-log4j/../
18:46:14.099 [pool-1-thread-2] TRACE f.m.indexer.core.download.Crawler - doNext: http://central.maven.org/maven2/ant/ant-jakarta-log4j/1.6/
18:46:14.099 [pool-1-thread-2] TRACE f.m.indexer.core.download.Crawler - search: http://central.maven.org/maven2/ant/ant-jakarta-log4j/1.6/
18:46:14.099 [pool-1-thread-2] TRACE f.m.indexer.core.download.Crawler - doNext: http://central.maven.org/maven2/ant/ant-jakarta-log4j/1.6.1/
18:46:14.099 [pool-1-thread-2] TRACE f.m.indexer.core.download.Crawler - search: http://central.maven.org/maven2/ant/ant-jakarta-log4j/1.6.1/
18:46:14.099 [pool-1-thread-2] TRACE f.m.indexer.core.download.Crawler - doNext: http://central.maven.org/maven2/ant/ant-jakarta-log4j/maven-metadata.xml
18:46:14.099 [pool-1-thread-2] TRACE f.m.indexer.core.download.Crawler - match: http://central.maven.org/maven2/ant/ant-jakarta-log4j/maven-metadata.xml
18:46:14.099 [pool-1-thread-2] TRACE f.m.indexer.core.download.Crawler - doNext: http://central.maven.org/maven2/ant/ant-jakarta-log4j/maven-metadata.xml.md5
18:46:14.099 [pool-1-thread-2] TRACE f.m.indexer.core.download.Crawler - doNext: http://central.maven.org/maven2/ant/ant-jakarta-log4j/maven-metadata.xml.sha1
18:46:14.099 [pool-1-thread-2] TRACE f.m.i.core.client.JerseyHttpClient - download: http://central.maven.org/maven2/ant/ant-nodeps/
18:46:14.099 [pool-1-thread-10] TRACE f.m.indexer.core.download.Crawler - getLinks: <!DOCTYPE html>
<html>

<head>
	<title>Central Repository: ant/ant-jakarta-oro</title>
	<meta name="viewport" content="width=device-width, initial-scale=1.0">
	<style>
body {
	background: #fff;
}
	</style>
</head>

<body>
	<header>
		<h1>ant/ant-jakarta-oro</h1>
	</header>
	<hr/>
	<main>
		<pre id="contents">
<a href="../">../</a>
<a href="1.6/" title="1.6/">1.6/</a>                                              2005-09-20 05:44         -      
<a href="1.6.1/" title="1.6.1/">1.6.1/</a>                                            2005-09-20 05:44         -      
<a href="maven-metadata.xml" title="maven-metadata.xml">maven-metadata.xml</a>                                2005-09-20 05:44       237      
<a href="maven-metadata.xml.md5" title="maven-metadata.xml.md5">maven-metadata.xml.md5</a>                            2005-09-20 05:44        75      
<a href="maven-metadata.xml.sha1" title="maven-metadata.xml.sha1">maven-metadata.xml.sha1</a>                           2005-09-20 05:44       130      
		</pre>
	</main>
	<hr/>
</body>

</html>
18:46:14.099 [pool-1-thread-10] TRACE f.m.indexer.core.download.Crawler - getFullUrl: http://central.maven.org/maven2/ant/ant-jakarta-oro/, ../)
18:46:14.099 [pool-1-thread-10] TRACE f.m.indexer.core.download.Crawler - getFullUrl: http://central.maven.org/maven2/ant/ant-jakarta-oro/, 1.6/)
18:46:14.099 [pool-1-thread-10] TRACE f.m.indexer.core.download.Crawler - getFullUrl: http://central.maven.org/maven2/ant/ant-jakarta-oro/, 1.6.1/)
18:46:14.099 [pool-1-thread-10] TRACE f.m.indexer.core.download.Crawler - getFullUrl: http://central.maven.org/maven2/ant/ant-jakarta-oro/, maven-metadata.xml)
18:46:14.099 [pool-1-thread-10] TRACE f.m.indexer.core.download.Crawler - getFullUrl: http://central.maven.org/maven2/ant/ant-jakarta-oro/, maven-metadata.xml.md5)
18:46:14.099 [pool-1-thread-10] TRACE f.m.indexer.core.download.Crawler - getFullUrl: http://central.maven.org/maven2/ant/ant-jakarta-oro/, maven-metadata.xml.sha1)
18:46:14.099 [pool-1-thread-10] TRACE f.m.indexer.core.download.Crawler - doNext: http://central.maven.org/maven2/ant/ant-jakarta-oro/../
18:46:14.099 [pool-1-thread-10] TRACE f.m.indexer.core.download.Crawler - doNext: http://central.maven.org/maven2/ant/ant-jakarta-oro/1.6/
18:46:14.099 [pool-1-thread-10] TRACE f.m.indexer.core.download.Crawler - search: http://central.maven.org/maven2/ant/ant-jakarta-oro/1.6/
18:46:14.099 [pool-1-thread-10] TRACE f.m.indexer.core.download.Crawler - doNext: http://central.maven.org/maven2/ant/ant-jakarta-oro/1.6.1/
18:46:14.099 [pool-1-thread-10] TRACE f.m.indexer.core.download.Crawler - search: http://central.maven.org/maven2/ant/ant-jakarta-oro/1.6.1/
18:46:14.099 [pool-1-thread-10] TRACE f.m.indexer.core.download.Crawler - doNext: http://central.maven.org/maven2/ant/ant-jakarta-oro/maven-metadata.xml
18:46:14.099 [pool-1-thread-10] TRACE f.m.indexer.core.download.Crawler - match: http://central.maven.org/maven2/ant/ant-jakarta-oro/maven-metadata.xml
18:46:14.099 [pool-1-thread-10] TRACE f.m.indexer.core.download.Crawler - doNext: http://central.maven.org/maven2/ant/ant-jakarta-oro/maven-metadata.xml.md5
18:46:14.099 [pool-1-thread-10] TRACE f.m.indexer.core.download.Crawler - doNext: http://central.maven.org/maven2/ant/ant-jakarta-oro/maven-metadata.xml.sha1
18:46:14.099 [pool-1-thread-10] TRACE f.m.i.core.client.JerseyHttpClient - download: http://central.maven.org/maven2/ant/ant-optional/
18:46:14.115 [pool-1-thread-7] TRACE f.m.indexer.core.download.Crawler - getLinks: <!DOCTYPE html>
<html>

<head>
	<title>Central Repository: ant/ant-jdepend</title>
	<meta name="viewport" content="width=device-width, initial-scale=1.0">
	<style>
body {
	background: #fff;
}
	</style>
</head>

<body>
	<header>
		<h1>ant/ant-jdepend</h1>
	</header>
	<hr/>
	<main>
		<pre id="contents">
<a href="../">../</a>
<a href="1.6/" title="1.6/">1.6/</a>                                              2005-09-20 05:44         -      
<a href="1.6.1/" title="1.6.1/">1.6.1/</a>                                            2005-09-20 05:44         -      
<a href="1.6.2/" title="1.6.2/">1.6.2/</a>                                            2005-09-20 05:44         -      
<a href="1.6.3/" title="1.6.3/">1.6.3/</a>                                            2005-09-20 05:44         -      
<a href="1.6.4/" title="1.6.4/">1.6.4/</a>                                            2005-09-20 05:44         -      
<a href="1.6.5/" title="1.6.5/">1.6.5/</a>                                            2005-09-20 05:44         -      
<a href="maven-metadata.xml" title="maven-metadata.xml">maven-metadata.xml</a>                                2005-09-20 05:44       357      
<a href="maven-metadata.xml.md5" title="maven-metadata.xml.md5">maven-metadata.xml.md5</a>                            2005-09-20 05:44        71      
<a href="maven-metadata.xml.sha1" title="maven-metadata.xml.sha1">maven-metadata.xml.sha1</a>                           2005-09-20 05:44       126      
		</pre>
	</main>
	<hr/>
</body>

</html>
18:46:14.115 [pool-1-thread-7] TRACE f.m.indexer.core.download.Crawler - getFullUrl: http://central.maven.org/maven2/ant/ant-jdepend/, ../)
18:46:14.115 [pool-1-thread-7] TRACE f.m.indexer.core.download.Crawler - getFullUrl: http://central.maven.org/maven2/ant/ant-jdepend/, 1.6/)
18:46:14.115 [pool-1-thread-7] TRACE f.m.indexer.core.download.Crawler - getFullUrl: http://central.maven.org/maven2/ant/ant-jdepend/, 1.6.1/)
18:46:14.115 [pool-1-thread-7] TRACE f.m.indexer.core.download.Crawler - getFullUrl: http://central.maven.org/maven2/ant/ant-jdepend/, 1.6.2/)
18:46:14.115 [pool-1-thread-7] TRACE f.m.indexer.core.download.Crawler - getFullUrl: http://central.maven.org/maven2/ant/ant-jdepend/, 1.6.3/)
18:46:14.115 [pool-1-thread-7] TRACE f.m.indexer.core.download.Crawler - getFullUrl: http://central.maven.org/maven2/ant/ant-jdepend/, 1.6.4/)
18:46:14.115 [pool-1-thread-7] TRACE f.m.indexer.core.download.Crawler - getFullUrl: http://central.maven.org/maven2/ant/ant-jdepend/, 1.6.5/)
18:46:14.115 [pool-1-thread-7] TRACE f.m.indexer.core.download.Crawler - getFullUrl: http://central.maven.org/maven2/ant/ant-jdepend/, maven-metadata.xml)
18:46:14.115 [pool-1-thread-7] TRACE f.m.indexer.core.download.Crawler - getFullUrl: http://central.maven.org/maven2/ant/ant-jdepend/, maven-metadata.xml.md5)
18:46:14.115 [pool-1-thread-7] TRACE f.m.indexer.core.download.Crawler - getFullUrl: http://central.maven.org/maven2/ant/ant-jdepend/, maven-metadata.xml.sha1)
18:46:14.115 [pool-1-thread-7] TRACE f.m.indexer.core.download.Crawler - doNext: http://central.maven.org/maven2/ant/ant-jdepend/../
18:46:14.115 [pool-1-thread-7] TRACE f.m.indexer.core.download.Crawler - doNext: http://central.maven.org/maven2/ant/ant-jdepend/1.6/
18:46:14.115 [pool-1-thread-7] TRACE f.m.indexer.core.download.Crawler - search: http://central.maven.org/maven2/ant/ant-jdepend/1.6/
18:46:14.115 [pool-1-thread-7] TRACE f.m.indexer.core.download.Crawler - doNext: http://central.maven.org/maven2/ant/ant-jdepend/1.6.1/
18:46:14.115 [pool-1-thread-7] TRACE f.m.indexer.core.download.Crawler - search: http://central.maven.org/maven2/ant/ant-jdepend/1.6.1/
18:46:14.115 [pool-1-thread-7] TRACE f.m.indexer.core.download.Crawler - doNext: http://central.maven.org/maven2/ant/ant-jdepend/1.6.2/
18:46:14.115 [pool-1-thread-7] TRACE f.m.indexer.core.download.Crawler - search: http://central.maven.org/maven2/ant/ant-jdepend/1.6.2/
18:46:14.115 [pool-1-thread-7] TRACE f.m.indexer.core.download.Crawler - doNext: http://central.maven.org/maven2/ant/ant-jdepend/1.6.3/
18:46:14.115 [pool-1-thread-7] TRACE f.m.indexer.core.download.Crawler - search: http://central.maven.org/maven2/ant/ant-jdepend/1.6.3/
18:46:14.115 [pool-1-thread-7] TRACE f.m.indexer.core.download.Crawler - doNext: http://central.maven.org/maven2/ant/ant-jdepend/1.6.4/
18:46:14.115 [pool-1-thread-7] TRACE f.m.indexer.core.download.Crawler - search: http://central.maven.org/maven2/ant/ant-jdepend/1.6.4/
18:46:14.115 [pool-1-thread-7] TRACE f.m.indexer.core.download.Crawler - doNext: http://central.maven.org/maven2/ant/ant-jdepend/1.6.5/
18:46:14.115 [pool-1-thread-7] TRACE f.m.indexer.core.download.Crawler - search: http://central.maven.org/maven2/ant/ant-jdepend/1.6.5/
18:46:14.115 [pool-1-thread-7] TRACE f.m.indexer.core.download.Crawler - doNext: http://central.maven.org/maven2/ant/ant-jdepend/maven-metadata.xml
18:46:14.115 [pool-1-thread-7] TRACE f.m.indexer.core.download.Crawler - match: http://central.maven.org/maven2/ant/ant-jdepend/maven-metadata.xml
18:46:14.115 [pool-1-thread-7] TRACE f.m.indexer.core.download.Crawler - doNext: http://central.maven.org/maven2/ant/ant-jdepend/maven-metadata.xml.md5
18:46:14.115 [pool-1-thread-7] TRACE f.m.indexer.core.download.Crawler - doNext: http://central.maven.org/maven2/ant/ant-jdepend/maven-metadata.xml.sha1
18:46:14.115 [pool-1-thread-7] TRACE f.m.i.core.client.JerseyHttpClient - download: http://central.maven.org/maven2/ant/ant-starteam/
18:46:14.115 [pool-1-thread-8] TRACE f.m.indexer.core.download.Crawler - getLinks: <!DOCTYPE html>
<html>

<head>
	<title>Central Repository: ant/ant-javamail</title>
	<meta name="viewport" content="width=device-width, initial-scale=1.0">
	<style>
body {
	background: #fff;
}
	</style>
</head>

<body>
	<header>
		<h1>ant/ant-javamail</h1>
	</header>
	<hr/>
	<main>
		<pre id="contents">
<a href="../">../</a>
<a href="1.6/" title="1.6/">1.6/</a>                                              2005-09-20 05:44         -      
<a href="1.6.1/" title="1.6.1/">1.6.1/</a>                                            2005-09-20 05:44         -      
<a href="1.6.2/" title="1.6.2/">1.6.2/</a>                                            2005-09-20 05:44         -      
<a href="1.6.3/" title="1.6.3/">1.6.3/</a>                                            2005-09-20 05:44         -      
<a href="1.6.4/" title="1.6.4/">1.6.4/</a>                                            2005-09-20 05:44         -      
<a href="1.6.5/" title="1.6.5/">1.6.5/</a>                                            2005-09-20 05:44         -      
<a href="maven-metadata.xml" title="maven-metadata.xml">maven-metadata.xml</a>                                2005-09-20 05:44       358      
<a href="maven-metadata.xml.md5" title="maven-metadata.xml.md5">maven-metadata.xml.md5</a>                            2005-09-20 05:44        72      
<a href="maven-metadata.xml.sha1" title="maven-metadata.xml.sha1">maven-metadata.xml.sha1</a>                           2005-09-20 05:44       127      
		</pre>
	</main>
	<hr/>
</body>

</html>
18:46:14.115 [pool-1-thread-8] TRACE f.m.indexer.core.download.Crawler - getFullUrl: http://central.maven.org/maven2/ant/ant-javamail/, ../)
18:46:14.115 [pool-1-thread-8] TRACE f.m.indexer.core.download.Crawler - getFullUrl: http://central.maven.org/maven2/ant/ant-javamail/, 1.6/)
18:46:14.115 [pool-1-thread-5] TRACE f.m.indexer.core.download.Crawler - getLinks: <!DOCTYPE html>
<html>

<head>
	<title>Central Repository: ant/ant-jsch</title>
	<meta name="viewport" content="width=device-width, initial-scale=1.0">
	<style>
body {
	background: #fff;
}
	</style>
</head>

<body>
	<header>
		<h1>ant/ant-jsch</h1>
	</header>
	<hr/>
	<main>
		<pre id="contents">
<a href="../">../</a>
<a href="1.6/" title="1.6/">1.6/</a>                                              2005-09-20 05:44         -      
<a href="1.6.1/" title="1.6.1/">1.6.1/</a>                                            2005-09-20 05:44         -      
<a href="1.6.2/" title="1.6.2/">1.6.2/</a>                                            2005-09-20 05:44         -      
<a href="1.6.3/" title="1.6.3/">1.6.3/</a>                                            2005-09-20 05:44         -      
<a href="1.6.4/" title="1.6.4/">1.6.4/</a>                                            2005-09-20 05:44         -      
<a href="1.6.5/" title="1.6.5/">1.6.5/</a>                                            2005-09-20 05:44         -      
<a href="maven-metadata.xml" title="maven-metadata.xml">maven-metadata.xml</a>                                2005-09-20 05:44       354      
<a href="maven-metadata.xml.md5" title="maven-metadata.xml.md5">maven-metadata.xml.md5</a>                            2005-09-20 05:44        68      
<a href="maven-metadata.xml.sha1" title="maven-metadata.xml.sha1">maven-metadata.xml.sha1</a>                           2005-09-20 05:44       123      
		</pre>
	</main>
	<hr/>
</body>

</html>
18:46:14.115 [pool-1-thread-5] TRACE f.m.indexer.core.download.Crawler - getFullUrl: http://central.maven.org/maven2/ant/ant-jsch/, ../)
18:46:14.115 [pool-1-thread-5] TRACE f.m.indexer.core.download.Crawler - getFullUrl: http://central.maven.org/maven2/ant/ant-jsch/, 1.6/)
18:46:14.115 [pool-1-thread-8] TRACE f.m.indexer.core.download.Crawler - getFullUrl: http://central.maven.org/maven2/ant/ant-javamail/, 1.6.1/)
18:46:14.115 [pool-1-thread-5] TRACE f.m.indexer.core.download.Crawler - getFullUrl: http://central.maven.org/maven2/ant/ant-jsch/, 1.6.1/)
18:46:14.115 [pool-1-thread-5] TRACE f.m.indexer.core.download.Crawler - getFullUrl: http://central.maven.org/maven2/ant/ant-jsch/, 1.6.2/)
18:46:14.115 [pool-1-thread-5] TRACE f.m.indexer.core.download.Crawler - getFullUrl: http://central.maven.org/maven2/ant/ant-jsch/, 1.6.3/)
18:46:14.115 [pool-1-thread-5] TRACE f.m.indexer.core.download.Crawler - getFullUrl: http://central.maven.org/maven2/ant/ant-jsch/, 1.6.4/)
18:46:14.115 [pool-1-thread-5] TRACE f.m.indexer.core.download.Crawler - getFullUrl: http://central.maven.org/maven2/ant/ant-jsch/, 1.6.5/)
18:46:14.115 [pool-1-thread-5] TRACE f.m.indexer.core.download.Crawler - getFullUrl: http://central.maven.org/maven2/ant/ant-jsch/, maven-metadata.xml)
18:46:14.115 [pool-1-thread-5] TRACE f.m.indexer.core.download.Crawler - getFullUrl: http://central.maven.org/maven2/ant/ant-jsch/, maven-metadata.xml.md5)
18:46:14.115 [pool-1-thread-5] TRACE f.m.indexer.core.download.Crawler - getFullUrl: http://central.maven.org/maven2/ant/ant-jsch/, maven-metadata.xml.sha1)
18:46:14.115 [pool-1-thread-8] TRACE f.m.indexer.core.download.Crawler - getFullUrl: http://central.maven.org/maven2/ant/ant-javamail/, 1.6.2/)
18:46:14.115 [pool-1-thread-8] TRACE f.m.indexer.core.download.Crawler - getFullUrl: http://central.maven.org/maven2/ant/ant-javamail/, 1.6.3/)
18:46:14.115 [pool-1-thread-8] TRACE f.m.indexer.core.download.Crawler - getFullUrl: http://central.maven.org/maven2/ant/ant-javamail/, 1.6.4/)
18:46:14.115 [pool-1-thread-8] TRACE f.m.indexer.core.download.Crawler - getFullUrl: http://central.maven.org/maven2/ant/ant-javamail/, 1.6.5/)
18:46:14.115 [pool-1-thread-8] TRACE f.m.indexer.core.download.Crawler - getFullUrl: http://central.maven.org/maven2/ant/ant-javamail/, maven-metadata.xml)
18:46:14.115 [pool-1-thread-8] TRACE f.m.indexer.core.download.Crawler - getFullUrl: http://central.maven.org/maven2/ant/ant-javamail/, maven-metadata.xml.md5)
18:46:14.115 [pool-1-thread-8] TRACE f.m.indexer.core.download.Crawler - getFullUrl: http://central.maven.org/maven2/ant/ant-javamail/, maven-metadata.xml.sha1)
18:46:14.115 [pool-1-thread-8] TRACE f.m.indexer.core.download.Crawler - doNext: http://central.maven.org/maven2/ant/ant-javamail/../
18:46:14.115 [pool-1-thread-8] TRACE f.m.indexer.core.download.Crawler - doNext: http://central.maven.org/maven2/ant/ant-javamail/1.6/
18:46:14.115 [pool-1-thread-8] TRACE f.m.indexer.core.download.Crawler - search: http://central.maven.org/maven2/ant/ant-javamail/1.6/
18:46:14.115 [pool-1-thread-8] TRACE f.m.indexer.core.download.Crawler - doNext: http://central.maven.org/maven2/ant/ant-javamail/1.6.1/
18:46:14.115 [pool-1-thread-8] TRACE f.m.indexer.core.download.Crawler - search: http://central.maven.org/maven2/ant/ant-javamail/1.6.1/
18:46:14.115 [pool-1-thread-8] TRACE f.m.indexer.core.download.Crawler - doNext: http://central.maven.org/maven2/ant/ant-javamail/1.6.2/
18:46:14.115 [pool-1-thread-8] TRACE f.m.indexer.core.download.Crawler - search: http://central.maven.org/maven2/ant/ant-javamail/1.6.2/
18:46:14.115 [pool-1-thread-8] TRACE f.m.indexer.core.download.Crawler - doNext: http://central.maven.org/maven2/ant/ant-javamail/1.6.3/
18:46:14.115 [pool-1-thread-8] TRACE f.m.indexer.core.download.Crawler - search: http://central.maven.org/maven2/ant/ant-javamail/1.6.3/
18:46:14.115 [pool-1-thread-8] TRACE f.m.indexer.core.download.Crawler - doNext: http://central.maven.org/maven2/ant/ant-javamail/1.6.4/
18:46:14.115 [pool-1-thread-8] TRACE f.m.indexer.core.download.Crawler - search: http://central.maven.org/maven2/ant/ant-javamail/1.6.4/
18:46:14.115 [pool-1-thread-8] TRACE f.m.indexer.core.download.Crawler - doNext: http://central.maven.org/maven2/ant/ant-javamail/1.6.5/
18:46:14.115 [pool-1-thread-8] TRACE f.m.indexer.core.download.Crawler - search: http://central.maven.org/maven2/ant/ant-javamail/1.6.5/
18:46:14.115 [pool-1-thread-5] TRACE f.m.indexer.core.download.Crawler - doNext: http://central.maven.org/maven2/ant/ant-jsch/../
18:46:14.115 [pool-1-thread-8] TRACE f.m.indexer.core.download.Crawler - doNext: http://central.maven.org/maven2/ant/ant-javamail/maven-metadata.xml
18:46:14.115 [pool-1-thread-5] TRACE f.m.indexer.core.download.Crawler - doNext: http://central.maven.org/maven2/ant/ant-jsch/1.6/
18:46:14.115 [pool-1-thread-8] TRACE f.m.indexer.core.download.Crawler - match: http://central.maven.org/maven2/ant/ant-javamail/maven-metadata.xml
18:46:14.115 [pool-1-thread-5] TRACE f.m.indexer.core.download.Crawler - search: http://central.maven.org/maven2/ant/ant-jsch/1.6/
18:46:14.115 [pool-1-thread-8] TRACE f.m.indexer.core.download.Crawler - doNext: http://central.maven.org/maven2/ant/ant-javamail/maven-metadata.xml.md5
18:46:14.115 [pool-1-thread-5] TRACE f.m.indexer.core.download.Crawler - doNext: http://central.maven.org/maven2/ant/ant-jsch/1.6.1/
18:46:14.115 [pool-1-thread-8] TRACE f.m.indexer.core.download.Crawler - doNext: http://central.maven.org/maven2/ant/ant-javamail/maven-metadata.xml.sha1
18:46:14.115 [pool-1-thread-5] TRACE f.m.indexer.core.download.Crawler - search: http://central.maven.org/maven2/ant/ant-jsch/1.6.1/
18:46:14.115 [pool-1-thread-8] TRACE f.m.i.core.client.JerseyHttpClient - download: http://central.maven.org/maven2/ant/ant-stylebook/
18:46:14.115 [pool-1-thread-5] TRACE f.m.indexer.core.download.Crawler - doNext: http://central.maven.org/maven2/ant/ant-jsch/1.6.2/
18:46:14.115 [pool-1-thread-5] TRACE f.m.indexer.core.download.Crawler - search: http://central.maven.org/maven2/ant/ant-jsch/1.6.2/
18:46:14.115 [pool-1-thread-5] TRACE f.m.indexer.core.download.Crawler - doNext: http://central.maven.org/maven2/ant/ant-jsch/1.6.3/
18:46:14.115 [pool-1-thread-5] TRACE f.m.indexer.core.download.Crawler - search: http://central.maven.org/maven2/ant/ant-jsch/1.6.3/
18:46:14.115 [pool-1-thread-5] TRACE f.m.indexer.core.download.Crawler - doNext: http://central.maven.org/maven2/ant/ant-jsch/1.6.4/
18:46:14.139 [pool-1-thread-5] TRACE f.m.indexer.core.download.Crawler - search: http://central.maven.org/maven2/ant/ant-jsch/1.6.4/
18:46:14.140 [pool-1-thread-5] TRACE f.m.indexer.core.download.Crawler - doNext: http://central.maven.org/maven2/ant/ant-jsch/1.6.5/
18:46:14.140 [pool-1-thread-5] TRACE f.m.indexer.core.download.Crawler - search: http://central.maven.org/maven2/ant/ant-jsch/1.6.5/
18:46:14.140 [pool-1-thread-5] TRACE f.m.indexer.core.download.Crawler - doNext: http://central.maven.org/maven2/ant/ant-jsch/maven-metadata.xml
18:46:14.141 [pool-1-thread-5] TRACE f.m.indexer.core.download.Crawler - match: http://central.maven.org/maven2/ant/ant-jsch/maven-metadata.xml
18:46:14.141 [pool-1-thread-5] TRACE f.m.indexer.core.download.Crawler - doNext: http://central.maven.org/maven2/ant/ant-jsch/maven-metadata.xml.md5
18:46:14.141 [pool-1-thread-5] TRACE f.m.indexer.core.download.Crawler - doNext: http://central.maven.org/maven2/ant/ant-jsch/maven-metadata.xml.sha1
18:46:14.141 [pool-1-thread-5] TRACE f.m.i.core.client.JerseyHttpClient - download: http://central.maven.org/maven2/ant/ant-swing/
18:46:14.141 [pool-1-thread-4] TRACE f.m.indexer.core.download.Crawler - getLinks: <!DOCTYPE html>
<html>

<head>
	<title>Central Repository: ant/ant-junit</title>
	<meta name="viewport" content="width=device-width, initial-scale=1.0">
	<style>
body {
	background: #fff;
}
	</style>
</head>

<body>
	<header>
		<h1>ant/ant-junit</h1>
	</header>
	<hr/>
	<main>
		<pre id="contents">
<a href="../">../</a>
<a href="1.6/" title="1.6/">1.6/</a>                                              2005-09-20 05:44         -      
<a href="1.6.1/" title="1.6.1/">1.6.1/</a>                                            2005-09-20 05:44         -      
<a href="1.6.2/" title="1.6.2/">1.6.2/</a>                                            2005-09-20 05:44         -      
<a href="1.6.3/" title="1.6.3/">1.6.3/</a>                                            2005-09-20 05:44         -      
<a href="1.6.4/" title="1.6.4/">1.6.4/</a>                                            2005-09-20 05:44         -      
<a href="1.6.5/" title="1.6.5/">1.6.5/</a>                                            2005-09-20 05:44         -      
<a href="maven-metadata.xml" title="maven-metadata.xml">maven-metadata.xml</a>                                2005-09-20 05:44       355      
<a href="maven-metadata.xml.md5" title="maven-metadata.xml.md5">maven-metadata.xml.md5</a>                            2005-09-20 05:44        69      
<a href="maven-metadata.xml.sha1" title="maven-metadata.xml.sha1">maven-metadata.xml.sha1</a>                           2005-09-20 05:44       124      
		</pre>
	</main>
	<hr/>
</body>

</html>
18:46:14.141 [pool-1-thread-1] TRACE f.m.indexer.core.download.Crawler - getLinks: <!DOCTYPE html>
<html>

<head>
	<title>Central Repository: ant/ant-netrexx</title>
	<meta name="viewport" content="width=device-width, initial-scale=1.0">
	<style>
body {
	background: #fff;
}
	</style>
</head>

<body>
	<header>
		<h1>ant/ant-netrexx</h1>
	</header>
	<hr/>
	<main>
		<pre id="contents">
<a href="../">../</a>
<a href="1.6/" title="1.6/">1.6/</a>                                              2005-09-20 05:44         -      
<a href="1.6.1/" title="1.6.1/">1.6.1/</a>                                            2005-09-20 05:44         -      
<a href="1.6.2/" title="1.6.2/">1.6.2/</a>                                            2005-09-20 05:44         -      
<a href="1.6.3/" title="1.6.3/">1.6.3/</a>                                            2005-09-20 05:44         -      
<a href="1.6.4/" title="1.6.4/">1.6.4/</a>                                            2005-09-20 05:44         -      
<a href="1.6.5/" title="1.6.5/">1.6.5/</a>                                            2005-09-20 05:44         -      
<a href="maven-metadata.xml" title="maven-metadata.xml">maven-metadata.xml</a>                                2005-09-20 05:44       357      
<a href="maven-metadata.xml.md5" title="maven-metadata.xml.md5">maven-metadata.xml.md5</a>                            2005-09-20 05:44        71      
<a href="maven-metadata.xml.sha1" title="maven-metadata.xml.sha1">maven-metadata.xml.sha1</a>                           2005-09-20 05:44       126      
		</pre>
	</main>
	<hr/>
</body>

</html>
18:46:14.141 [pool-1-thread-1] TRACE f.m.indexer.core.download.Crawler - getFullUrl: http://central.maven.org/maven2/ant/ant-netrexx/, ../)
18:46:14.142 [pool-1-thread-1] TRACE f.m.indexer.core.download.Crawler - getFullUrl: http://central.maven.org/maven2/ant/ant-netrexx/, 1.6/)
18:46:14.142 [pool-1-thread-1] TRACE f.m.indexer.core.download.Crawler - getFullUrl: http://central.maven.org/maven2/ant/ant-netrexx/, 1.6.1/)
18:46:14.142 [pool-1-thread-1] TRACE f.m.indexer.core.download.Crawler - getFullUrl: http://central.maven.org/maven2/ant/ant-netrexx/, 1.6.2/)
18:46:14.142 [pool-1-thread-1] TRACE f.m.indexer.core.download.Crawler - getFullUrl: http://central.maven.org/maven2/ant/ant-netrexx/, 1.6.3/)
18:46:14.142 [pool-1-thread-1] TRACE f.m.indexer.core.download.Crawler - getFullUrl: http://central.maven.org/maven2/ant/ant-netrexx/, 1.6.4/)
18:46:14.142 [pool-1-thread-1] TRACE f.m.indexer.core.download.Crawler - getFullUrl: http://central.maven.org/maven2/ant/ant-netrexx/, 1.6.5/)
18:46:14.142 [pool-1-thread-1] TRACE f.m.indexer.core.download.Crawler - getFullUrl: http://central.maven.org/maven2/ant/ant-netrexx/, maven-metadata.xml)
18:46:14.142 [pool-1-thread-6] TRACE f.m.indexer.core.download.Crawler - getLinks: <!DOCTYPE html>
<html>

<head>
	<title>Central Repository: ant/ant-jmf</title>
	<meta name="viewport" content="width=device-width, initial-scale=1.0">
	<style>
body {
	background: #fff;
}
	</style>
</head>

<body>
	<header>
		<h1>ant/ant-jmf</h1>
	</header>
	<hr/>
	<main>
		<pre id="contents">
<a href="../">../</a>
<a href="1.6/" title="1.6/">1.6/</a>                                              2005-09-20 05:44         -      
<a href="1.6.1/" title="1.6.1/">1.6.1/</a>                                            2005-09-20 05:44         -      
<a href="1.6.2/" title="1.6.2/">1.6.2/</a>                                            2005-09-20 05:44         -      
<a href="1.6.3/" title="1.6.3/">1.6.3/</a>                                            2005-09-20 05:44         -      
<a href="1.6.4/" title="1.6.4/">1.6.4/</a>                                            2005-09-20 05:44         -      
<a href="1.6.5/" title="1.6.5/">1.6.5/</a>                                            2005-09-20 05:44         -      
<a href="maven-metadata.xml" title="maven-metadata.xml">maven-metadata.xml</a>                                2005-09-20 05:44       353      
<a href="maven-metadata.xml.md5" title="maven-metadata.xml.md5">maven-metadata.xml.md5</a>                            2005-09-20 05:44        67      
<a href="maven-metadata.xml.sha1" title="maven-metadata.xml.sha1">maven-metadata.xml.sha1</a>                           2005-09-20 05:44       122      
		</pre>
	</main>
	<hr/>
</body>

</html>
18:46:14.142 [pool-1-thread-6] TRACE f.m.indexer.core.download.Crawler - getFullUrl: http://central.maven.org/maven2/ant/ant-jmf/, ../)
18:46:14.143 [pool-1-thread-6] TRACE f.m.indexer.core.download.Crawler - getFullUrl: http://central.maven.org/maven2/ant/ant-jmf/, 1.6/)
18:46:14.143 [pool-1-thread-6] TRACE f.m.indexer.core.download.Crawler - getFullUrl: http://central.maven.org/maven2/ant/ant-jmf/, 1.6.1/)
18:46:14.143 [pool-1-thread-6] TRACE f.m.indexer.core.download.Crawler - getFullUrl: http://central.maven.org/maven2/ant/ant-jmf/, 1.6.2/)
18:46:14.143 [pool-1-thread-6] TRACE f.m.indexer.core.download.Crawler - getFullUrl: http://central.maven.org/maven2/ant/ant-jmf/, 1.6.3/)
18:46:14.143 [pool-1-thread-6] TRACE f.m.indexer.core.download.Crawler - getFullUrl: http://central.maven.org/maven2/ant/ant-jmf/, 1.6.4/)
18:46:14.143 [pool-1-thread-6] TRACE f.m.indexer.core.download.Crawler - getFullUrl: http://central.maven.org/maven2/ant/ant-jmf/, 1.6.5/)
18:46:14.143 [pool-1-thread-6] TRACE f.m.indexer.core.download.Crawler - getFullUrl: http://central.maven.org/maven2/ant/ant-jmf/, maven-metadata.xml)
18:46:14.143 [pool-1-thread-6] TRACE f.m.indexer.core.download.Crawler - getFullUrl: http://central.maven.org/maven2/ant/ant-jmf/, maven-metadata.xml.md5)
18:46:14.143 [pool-1-thread-6] TRACE f.m.indexer.core.download.Crawler - getFullUrl: http://central.maven.org/maven2/ant/ant-jmf/, maven-metadata.xml.sha1)
18:46:14.143 [pool-1-thread-6] TRACE f.m.indexer.core.download.Crawler - doNext: http://central.maven.org/maven2/ant/ant-jmf/../
18:46:14.143 [pool-1-thread-6] TRACE f.m.indexer.core.download.Crawler - doNext: http://central.maven.org/maven2/ant/ant-jmf/1.6/
18:46:14.144 [pool-1-thread-6] TRACE f.m.indexer.core.download.Crawler - search: http://central.maven.org/maven2/ant/ant-jmf/1.6/
18:46:14.141 [pool-1-thread-4] TRACE f.m.indexer.core.download.Crawler - getFullUrl: http://central.maven.org/maven2/ant/ant-junit/, ../)
18:46:14.144 [pool-1-thread-6] TRACE f.m.indexer.core.download.Crawler - doNext: http://central.maven.org/maven2/ant/ant-jmf/1.6.1/
18:46:14.144 [pool-1-thread-6] TRACE f.m.indexer.core.download.Crawler - search: http://central.maven.org/maven2/ant/ant-jmf/1.6.1/
18:46:14.144 [pool-1-thread-3] TRACE f.m.indexer.core.download.Crawler - getLinks: <!DOCTYPE html>
<html>

<head>
	<title>Central Repository: ant/ant-launcher</title>
	<meta name="viewport" content="width=device-width, initial-scale=1.0">
	<style>
body {
	background: #fff;
}
	</style>
</head>

<body>
	<header>
		<h1>ant/ant-launcher</h1>
	</header>
	<hr/>
	<main>
		<pre id="contents">
<a href="../">../</a>
<a href="1.6/" title="1.6/">1.6/</a>                                              2005-09-20 05:44         -      
<a href="1.6.1/" title="1.6.1/">1.6.1/</a>                                            2005-09-20 05:44         -      
<a href="1.6.2/" title="1.6.2/">1.6.2/</a>                                            2005-09-20 05:44         -      
<a href="1.6.3/" title="1.6.3/">1.6.3/</a>                                            2005-09-20 05:44         -      
<a href="1.6.4/" title="1.6.4/">1.6.4/</a>                                            2005-09-20 05:44         -      
<a href="1.6.5/" title="1.6.5/">1.6.5/</a>                                            2005-09-20 05:44         -      
<a href="maven-metadata.xml" title="maven-metadata.xml">maven-metadata.xml</a>                                2005-09-20 05:44       358      
<a href="maven-metadata.xml.md5" title="maven-metadata.xml.md5">maven-metadata.xml.md5</a>                            2005-09-20 05:44        72      
<a href="maven-metadata.xml.sha1" title="maven-metadata.xml.sha1">maven-metadata.xml.sha1</a>                           2005-09-20 05:44       127      
		</pre>
	</main>
	<hr/>
</body>

</html>
18:46:14.142 [pool-1-thread-1] TRACE f.m.indexer.core.download.Crawler - getFullUrl: http://central.maven.org/maven2/ant/ant-netrexx/, maven-metadata.xml.md5)
18:46:14.145 [pool-1-thread-3] TRACE f.m.indexer.core.download.Crawler - getFullUrl: http://central.maven.org/maven2/ant/ant-launcher/, ../)
18:46:14.144 [pool-1-thread-6] TRACE f.m.indexer.core.download.Crawler - doNext: http://central.maven.org/maven2/ant/ant-jmf/1.6.2/
18:46:14.145 [pool-1-thread-3] TRACE f.m.indexer.core.download.Crawler - getFullUrl: http://central.maven.org/maven2/ant/ant-launcher/, 1.6/)
18:46:14.145 [pool-1-thread-6] TRACE f.m.indexer.core.download.Crawler - search: http://central.maven.org/maven2/ant/ant-jmf/1.6.2/
18:46:14.145 [pool-1-thread-3] TRACE f.m.indexer.core.download.Crawler - getFullUrl: http://central.maven.org/maven2/ant/ant-launcher/, 1.6.1/)
18:46:14.144 [pool-1-thread-4] TRACE f.m.indexer.core.download.Crawler - getFullUrl: http://central.maven.org/maven2/ant/ant-junit/, 1.6/)
18:46:14.145 [pool-1-thread-1] TRACE f.m.indexer.core.download.Crawler - getFullUrl: http://central.maven.org/maven2/ant/ant-netrexx/, maven-metadata.xml.sha1)
18:46:14.145 [pool-1-thread-4] TRACE f.m.indexer.core.download.Crawler - getFullUrl: http://central.maven.org/maven2/ant/ant-junit/, 1.6.1/)
18:46:14.145 [pool-1-thread-1] TRACE f.m.indexer.core.download.Crawler - doNext: http://central.maven.org/maven2/ant/ant-netrexx/../
18:46:14.145 [pool-1-thread-4] TRACE f.m.indexer.core.download.Crawler - getFullUrl: http://central.maven.org/maven2/ant/ant-junit/, 1.6.2/)
18:46:14.145 [pool-1-thread-1] TRACE f.m.indexer.core.download.Crawler - doNext: http://central.maven.org/maven2/ant/ant-netrexx/1.6/
18:46:14.145 [pool-1-thread-4] TRACE f.m.indexer.core.download.Crawler - getFullUrl: http://central.maven.org/maven2/ant/ant-junit/, 1.6.3/)
18:46:14.145 [pool-1-thread-1] TRACE f.m.indexer.core.download.Crawler - search: http://central.maven.org/maven2/ant/ant-netrexx/1.6/
18:46:14.145 [pool-1-thread-4] TRACE f.m.indexer.core.download.Crawler - getFullUrl: http://central.maven.org/maven2/ant/ant-junit/, 1.6.4/)
18:46:14.145 [pool-1-thread-1] TRACE f.m.indexer.core.download.Crawler - doNext: http://central.maven.org/maven2/ant/ant-netrexx/1.6.1/
18:46:14.145 [pool-1-thread-4] TRACE f.m.indexer.core.download.Crawler - getFullUrl: http://central.maven.org/maven2/ant/ant-junit/, 1.6.5/)
18:46:14.145 [pool-1-thread-1] TRACE f.m.indexer.core.download.Crawler - search: http://central.maven.org/maven2/ant/ant-netrexx/1.6.1/
18:46:14.145 [pool-1-thread-4] TRACE f.m.indexer.core.download.Crawler - getFullUrl: http://central.maven.org/maven2/ant/ant-junit/, maven-metadata.xml)
18:46:14.145 [pool-1-thread-1] TRACE f.m.indexer.core.download.Crawler - doNext: http://central.maven.org/maven2/ant/ant-netrexx/1.6.2/
18:46:14.145 [pool-1-thread-4] TRACE f.m.indexer.core.download.Crawler - getFullUrl: http://central.maven.org/maven2/ant/ant-junit/, maven-metadata.xml.md5)
18:46:14.146 [pool-1-thread-1] TRACE f.m.indexer.core.download.Crawler - search: http://central.maven.org/maven2/ant/ant-netrexx/1.6.2/
18:46:14.146 [pool-1-thread-4] TRACE f.m.indexer.core.download.Crawler - getFullUrl: http://central.maven.org/maven2/ant/ant-junit/, maven-metadata.xml.sha1)
18:46:14.146 [pool-1-thread-1] TRACE f.m.indexer.core.download.Crawler - doNext: http://central.maven.org/maven2/ant/ant-netrexx/1.6.3/
18:46:14.146 [pool-1-thread-4] TRACE f.m.indexer.core.download.Crawler - doNext: http://central.maven.org/maven2/ant/ant-junit/../
18:46:14.146 [pool-1-thread-1] TRACE f.m.indexer.core.download.Crawler - search: http://central.maven.org/maven2/ant/ant-netrexx/1.6.3/
18:46:14.146 [pool-1-thread-4] TRACE f.m.indexer.core.download.Crawler - doNext: http://central.maven.org/maven2/ant/ant-junit/1.6/
18:46:14.146 [pool-1-thread-1] TRACE f.m.indexer.core.download.Crawler - doNext: http://central.maven.org/maven2/ant/ant-netrexx/1.6.4/
18:46:14.146 [pool-1-thread-4] TRACE f.m.indexer.core.download.Crawler - search: http://central.maven.org/maven2/ant/ant-junit/1.6/
18:46:14.146 [pool-1-thread-1] TRACE f.m.indexer.core.download.Crawler - search: http://central.maven.org/maven2/ant/ant-netrexx/1.6.4/
18:46:14.146 [pool-1-thread-4] TRACE f.m.indexer.core.download.Crawler - doNext: http://central.maven.org/maven2/ant/ant-junit/1.6.1/
18:46:14.146 [pool-1-thread-1] TRACE f.m.indexer.core.download.Crawler - doNext: http://central.maven.org/maven2/ant/ant-netrexx/1.6.5/
18:46:14.146 [pool-1-thread-4] TRACE f.m.indexer.core.download.Crawler - search: http://central.maven.org/maven2/ant/ant-junit/1.6.1/
18:46:14.146 [pool-1-thread-1] TRACE f.m.indexer.core.download.Crawler - search: http://central.maven.org/maven2/ant/ant-netrexx/1.6.5/
18:46:14.146 [pool-1-thread-4] TRACE f.m.indexer.core.download.Crawler - doNext: http://central.maven.org/maven2/ant/ant-junit/1.6.2/
18:46:14.146 [pool-1-thread-1] TRACE f.m.indexer.core.download.Crawler - doNext: http://central.maven.org/maven2/ant/ant-netrexx/maven-metadata.xml
18:46:14.146 [pool-1-thread-4] TRACE f.m.indexer.core.download.Crawler - search: http://central.maven.org/maven2/ant/ant-junit/1.6.2/
18:46:14.146 [pool-1-thread-1] TRACE f.m.indexer.core.download.Crawler - match: http://central.maven.org/maven2/ant/ant-netrexx/maven-metadata.xml
18:46:14.146 [pool-1-thread-4] TRACE f.m.indexer.core.download.Crawler - doNext: http://central.maven.org/maven2/ant/ant-junit/1.6.3/
18:46:14.146 [pool-1-thread-1] TRACE f.m.indexer.core.download.Crawler - doNext: http://central.maven.org/maven2/ant/ant-netrexx/maven-metadata.xml.md5
18:46:14.146 [pool-1-thread-4] TRACE f.m.indexer.core.download.Crawler - search: http://central.maven.org/maven2/ant/ant-junit/1.6.3/
18:46:14.146 [pool-1-thread-1] TRACE f.m.indexer.core.download.Crawler - doNext: http://central.maven.org/maven2/ant/ant-netrexx/maven-metadata.xml.sha1
18:46:14.146 [pool-1-thread-4] TRACE f.m.indexer.core.download.Crawler - doNext: http://central.maven.org/maven2/ant/ant-junit/1.6.4/
18:46:14.146 [pool-1-thread-1] TRACE f.m.i.core.client.JerseyHttpClient - download: http://central.maven.org/maven2/ant/ant-trax/
18:46:14.146 [pool-1-thread-4] TRACE f.m.indexer.core.download.Crawler - search: http://central.maven.org/maven2/ant/ant-junit/1.6.4/
18:46:14.147 [pool-1-thread-4] TRACE f.m.indexer.core.download.Crawler - doNext: http://central.maven.org/maven2/ant/ant-junit/1.6.5/
18:46:14.147 [pool-1-thread-4] TRACE f.m.indexer.core.download.Crawler - search: http://central.maven.org/maven2/ant/ant-junit/1.6.5/
18:46:14.147 [pool-1-thread-4] TRACE f.m.indexer.core.download.Crawler - doNext: http://central.maven.org/maven2/ant/ant-junit/maven-metadata.xml
18:46:14.147 [pool-1-thread-3] TRACE f.m.indexer.core.download.Crawler - getFullUrl: http://central.maven.org/maven2/ant/ant-launcher/, 1.6.2/)
18:46:14.147 [pool-1-thread-4] TRACE f.m.indexer.core.download.Crawler - match: http://central.maven.org/maven2/ant/ant-junit/maven-metadata.xml
18:46:14.147 [pool-1-thread-3] TRACE f.m.indexer.core.download.Crawler - getFullUrl: http://central.maven.org/maven2/ant/ant-launcher/, 1.6.3/)
18:46:14.147 [pool-1-thread-4] TRACE f.m.indexer.core.download.Crawler - doNext: http://central.maven.org/maven2/ant/ant-junit/maven-metadata.xml.md5
18:46:14.147 [pool-1-thread-3] TRACE f.m.indexer.core.download.Crawler - getFullUrl: http://central.maven.org/maven2/ant/ant-launcher/, 1.6.4/)
18:46:14.147 [pool-1-thread-4] TRACE f.m.indexer.core.download.Crawler - doNext: http://central.maven.org/maven2/ant/ant-junit/maven-metadata.xml.sha1
18:46:14.147 [pool-1-thread-3] TRACE f.m.indexer.core.download.Crawler - getFullUrl: http://central.maven.org/maven2/ant/ant-launcher/, 1.6.5/)
18:46:14.147 [pool-1-thread-4] TRACE f.m.i.core.client.JerseyHttpClient - download: http://central.maven.org/maven2/ant/ant-vaj/
18:46:14.147 [pool-1-thread-3] TRACE f.m.indexer.core.download.Crawler - getFullUrl: http://central.maven.org/maven2/ant/ant-launcher/, maven-metadata.xml)
18:46:14.147 [pool-1-thread-3] TRACE f.m.indexer.core.download.Crawler - getFullUrl: http://central.maven.org/maven2/ant/ant-launcher/, maven-metadata.xml.md5)
18:46:14.147 [pool-1-thread-3] TRACE f.m.indexer.core.download.Crawler - getFullUrl: http://central.maven.org/maven2/ant/ant-launcher/, maven-metadata.xml.sha1)
18:46:14.147 [pool-1-thread-3] TRACE f.m.indexer.core.download.Crawler - doNext: http://central.maven.org/maven2/ant/ant-launcher/../
18:46:14.145 [pool-1-thread-6] TRACE f.m.indexer.core.download.Crawler - doNext: http://central.maven.org/maven2/ant/ant-jmf/1.6.3/
18:46:14.148 [pool-1-thread-3] TRACE f.m.indexer.core.download.Crawler - doNext: http://central.maven.org/maven2/ant/ant-launcher/1.6/
18:46:14.148 [pool-1-thread-6] TRACE f.m.indexer.core.download.Crawler - search: http://central.maven.org/maven2/ant/ant-jmf/1.6.3/
18:46:14.148 [pool-1-thread-3] TRACE f.m.indexer.core.download.Crawler - search: http://central.maven.org/maven2/ant/ant-launcher/1.6/
18:46:14.148 [pool-1-thread-6] TRACE f.m.indexer.core.download.Crawler - doNext: http://central.maven.org/maven2/ant/ant-jmf/1.6.4/
18:46:14.148 [pool-1-thread-3] TRACE f.m.indexer.core.download.Crawler - doNext: http://central.maven.org/maven2/ant/ant-launcher/1.6.1/
18:46:14.148 [pool-1-thread-6] TRACE f.m.indexer.core.download.Crawler - search: http://central.maven.org/maven2/ant/ant-jmf/1.6.4/
18:46:14.148 [pool-1-thread-3] TRACE f.m.indexer.core.download.Crawler - search: http://central.maven.org/maven2/ant/ant-launcher/1.6.1/
18:46:14.148 [pool-1-thread-6] TRACE f.m.indexer.core.download.Crawler - doNext: http://central.maven.org/maven2/ant/ant-jmf/1.6.5/
18:46:14.148 [pool-1-thread-3] TRACE f.m.indexer.core.download.Crawler - doNext: http://central.maven.org/maven2/ant/ant-launcher/1.6.2/
18:46:14.148 [pool-1-thread-6] TRACE f.m.indexer.core.download.Crawler - search: http://central.maven.org/maven2/ant/ant-jmf/1.6.5/
18:46:14.148 [pool-1-thread-3] TRACE f.m.indexer.core.download.Crawler - search: http://central.maven.org/maven2/ant/ant-launcher/1.6.2/
18:46:14.148 [pool-1-thread-6] TRACE f.m.indexer.core.download.Crawler - doNext: http://central.maven.org/maven2/ant/ant-jmf/maven-metadata.xml
18:46:14.148 [pool-1-thread-3] TRACE f.m.indexer.core.download.Crawler - doNext: http://central.maven.org/maven2/ant/ant-launcher/1.6.3/
18:46:14.148 [pool-1-thread-6] TRACE f.m.indexer.core.download.Crawler - match: http://central.maven.org/maven2/ant/ant-jmf/maven-metadata.xml
18:46:14.148 [pool-1-thread-3] TRACE f.m.indexer.core.download.Crawler - search: http://central.maven.org/maven2/ant/ant-launcher/1.6.3/
18:46:14.148 [pool-1-thread-6] TRACE f.m.indexer.core.download.Crawler - doNext: http://central.maven.org/maven2/ant/ant-jmf/maven-metadata.xml.md5
18:46:14.148 [pool-1-thread-3] TRACE f.m.indexer.core.download.Crawler - doNext: http://central.maven.org/maven2/ant/ant-launcher/1.6.4/
18:46:14.148 [pool-1-thread-3] TRACE f.m.indexer.core.download.Crawler - search: http://central.maven.org/maven2/ant/ant-launcher/1.6.4/
18:46:14.149 [pool-1-thread-3] TRACE f.m.indexer.core.download.Crawler - doNext: http://central.maven.org/maven2/ant/ant-launcher/1.6.5/
18:46:14.149 [pool-1-thread-3] TRACE f.m.indexer.core.download.Crawler - search: http://central.maven.org/maven2/ant/ant-launcher/1.6.5/
18:46:14.149 [pool-1-thread-3] TRACE f.m.indexer.core.download.Crawler - doNext: http://central.maven.org/maven2/ant/ant-launcher/maven-metadata.xml
18:46:14.149 [pool-1-thread-3] TRACE f.m.indexer.core.download.Crawler - match: http://central.maven.org/maven2/ant/ant-launcher/maven-metadata.xml
18:46:14.149 [pool-1-thread-3] TRACE f.m.indexer.core.download.Crawler - doNext: http://central.maven.org/maven2/ant/ant-launcher/maven-metadata.xml.md5
18:46:14.149 [pool-1-thread-3] TRACE f.m.indexer.core.download.Crawler - doNext: http://central.maven.org/maven2/ant/ant-launcher/maven-metadata.xml.sha1
18:46:14.149 [pool-1-thread-3] TRACE f.m.i.core.client.JerseyHttpClient - download: http://central.maven.org/maven2/ant/ant-weblogic/
18:46:14.148 [pool-1-thread-6] TRACE f.m.indexer.core.download.Crawler - doNext: http://central.maven.org/maven2/ant/ant-jmf/maven-metadata.xml.sha1
18:46:14.150 [pool-1-thread-6] TRACE f.m.i.core.client.JerseyHttpClient - download: http://central.maven.org/maven2/ant/ant-xalan1/
18:46:14.160 [pool-1-thread-2] TRACE f.m.indexer.core.download.Crawler - getLinks: <!DOCTYPE html>
<html>

<head>
	<title>Central Repository: ant/ant-nodeps</title>
	<meta name="viewport" content="width=device-width, initial-scale=1.0">
	<style>
body {
	background: #fff;
}
	</style>
</head>

<body>
	<header>
		<h1>ant/ant-nodeps</h1>
	</header>
	<hr/>
	<main>
		<pre id="contents">
<a href="../">../</a>
<a href="1.6/" title="1.6/">1.6/</a>                                              2005-09-20 05:44         -      
<a href="1.6.1/" title="1.6.1/">1.6.1/</a>                                            2005-09-20 05:44         -      
<a href="1.6.2/" title="1.6.2/">1.6.2/</a>                                            2005-09-20 05:44         -      
<a href="1.6.3/" title="1.6.3/">1.6.3/</a>                                            2005-09-20 05:44         -      
<a href="1.6.4/" title="1.6.4/">1.6.4/</a>                                            2005-09-20 05:44         -      
<a href="1.6.5/" title="1.6.5/">1.6.5/</a>                                            2005-09-20 05:44         -      
<a href="maven-metadata.xml" title="maven-metadata.xml">maven-metadata.xml</a>                                2005-09-20 05:44       356      
<a href="maven-metadata.xml.md5" title="maven-metadata.xml.md5">maven-metadata.xml.md5</a>                            2005-09-20 05:44        70      
<a href="maven-metadata.xml.sha1" title="maven-metadata.xml.sha1">maven-metadata.xml.sha1</a>                           2005-09-20 05:44       125      
		</pre>
	</main>
	<hr/>
</body>

</html>
18:46:14.160 [pool-1-thread-2] TRACE f.m.indexer.core.download.Crawler - getFullUrl: http://central.maven.org/maven2/ant/ant-nodeps/, ../)
18:46:14.161 [pool-1-thread-2] TRACE f.m.indexer.core.download.Crawler - getFullUrl: http://central.maven.org/maven2/ant/ant-nodeps/, 1.6/)
18:46:14.161 [pool-1-thread-2] TRACE f.m.indexer.core.download.Crawler - getFullUrl: http://central.maven.org/maven2/ant/ant-nodeps/, 1.6.1/)
18:46:14.161 [pool-1-thread-2] TRACE f.m.indexer.core.download.Crawler - getFullUrl: http://central.maven.org/maven2/ant/ant-nodeps/, 1.6.2/)
18:46:14.161 [pool-1-thread-2] TRACE f.m.indexer.core.download.Crawler - getFullUrl: http://central.maven.org/maven2/ant/ant-nodeps/, 1.6.3/)
18:46:14.161 [pool-1-thread-2] TRACE f.m.indexer.core.download.Crawler - getFullUrl: http://central.maven.org/maven2/ant/ant-nodeps/, 1.6.4/)
18:46:14.161 [pool-1-thread-2] TRACE f.m.indexer.core.download.Crawler - getFullUrl: http://central.maven.org/maven2/ant/ant-nodeps/, 1.6.5/)
18:46:14.161 [pool-1-thread-2] TRACE f.m.indexer.core.download.Crawler - getFullUrl: http://central.maven.org/maven2/ant/ant-nodeps/, maven-metadata.xml)
18:46:14.161 [pool-1-thread-2] TRACE f.m.indexer.core.download.Crawler - getFullUrl: http://central.maven.org/maven2/ant/ant-nodeps/, maven-metadata.xml.md5)
18:46:14.161 [pool-1-thread-2] TRACE f.m.indexer.core.download.Crawler - getFullUrl: http://central.maven.org/maven2/ant/ant-nodeps/, maven-metadata.xml.sha1)
18:46:14.161 [pool-1-thread-2] TRACE f.m.indexer.core.download.Crawler - doNext: http://central.maven.org/maven2/ant/ant-nodeps/../
18:46:14.161 [pool-1-thread-2] TRACE f.m.indexer.core.download.Crawler - doNext: http://central.maven.org/maven2/ant/ant-nodeps/1.6/
18:46:14.162 [pool-1-thread-2] TRACE f.m.indexer.core.download.Crawler - search: http://central.maven.org/maven2/ant/ant-nodeps/1.6/
18:46:14.162 [pool-1-thread-2] TRACE f.m.indexer.core.download.Crawler - doNext: http://central.maven.org/maven2/ant/ant-nodeps/1.6.1/
18:46:14.162 [pool-1-thread-2] TRACE f.m.indexer.core.download.Crawler - search: http://central.maven.org/maven2/ant/ant-nodeps/1.6.1/
18:46:14.162 [pool-1-thread-2] TRACE f.m.indexer.core.download.Crawler - doNext: http://central.maven.org/maven2/ant/ant-nodeps/1.6.2/
18:46:14.162 [pool-1-thread-2] TRACE f.m.indexer.core.download.Crawler - search: http://central.maven.org/maven2/ant/ant-nodeps/1.6.2/
18:46:14.162 [pool-1-thread-2] TRACE f.m.indexer.core.download.Crawler - doNext: http://central.maven.org/maven2/ant/ant-nodeps/1.6.3/
18:46:14.162 [pool-1-thread-2] TRACE f.m.indexer.core.download.Crawler - search: http://central.maven.org/maven2/ant/ant-nodeps/1.6.3/
18:46:14.162 [pool-1-thread-2] TRACE f.m.indexer.core.download.Crawler - doNext: http://central.maven.org/maven2/ant/ant-nodeps/1.6.4/
18:46:14.162 [pool-1-thread-2] TRACE f.m.indexer.core.download.Crawler - search: http://central.maven.org/maven2/ant/ant-nodeps/1.6.4/
18:46:14.162 [pool-1-thread-2] TRACE f.m.indexer.core.download.Crawler - doNext: http://central.maven.org/maven2/ant/ant-nodeps/1.6.5/
18:46:14.162 [pool-1-thread-2] TRACE f.m.indexer.core.download.Crawler - search: http://central.maven.org/maven2/ant/ant-nodeps/1.6.5/
18:46:14.162 [pool-1-thread-2] TRACE f.m.indexer.core.download.Crawler - doNext: http://central.maven.org/maven2/ant/ant-nodeps/maven-metadata.xml
18:46:14.162 [pool-1-thread-2] TRACE f.m.indexer.core.download.Crawler - match: http://central.maven.org/maven2/ant/ant-nodeps/maven-metadata.xml
18:46:14.162 [pool-1-thread-2] TRACE f.m.indexer.core.download.Crawler - doNext: http://central.maven.org/maven2/ant/ant-nodeps/maven-metadata.xml.md5
18:46:14.162 [pool-1-thread-2] TRACE f.m.indexer.core.download.Crawler - doNext: http://central.maven.org/maven2/ant/ant-nodeps/maven-metadata.xml.sha1
18:46:14.163 [pool-1-thread-2] TRACE f.m.i.core.client.JerseyHttpClient - download: http://central.maven.org/maven2/ant/ant-xalan2/
18:46:14.168 [pool-1-thread-10] TRACE f.m.indexer.core.download.Crawler - getLinks: <!DOCTYPE html>
<html>

<head>
	<title>Central Repository: ant/ant-optional</title>
	<meta name="viewport" content="width=device-width, initial-scale=1.0">
	<style>
body {
	background: #fff;
}
	</style>
</head>

<body>
	<header>
		<h1>ant/ant-optional</h1>
	</header>
	<hr/>
	<main>
		<pre id="contents">
<a href="../">../</a>
<a href="1.4.1/" title="1.4.1/">1.4.1/</a>                                            2005-09-20 05:44         -      
<a href="1.5/" title="1.5/">1.5/</a>                                              2005-09-20 05:44         -      
<a href="1.5.1/" title="1.5.1/">1.5.1/</a>                                            2005-09-20 05:44         -      
<a href="1.5.2/" title="1.5.2/">1.5.2/</a>                                            2005-09-20 05:44         -      
<a href="1.5.3-1/" title="1.5.3-1/">1.5.3-1/</a>                                          2005-09-20 05:44         -      
<a href="maven-metadata.xml" title="maven-metadata.xml">maven-metadata.xml</a>                                2005-09-20 05:44       331      
<a href="maven-metadata.xml.md5" title="maven-metadata.xml.md5">maven-metadata.xml.md5</a>                            2005-09-20 05:44        72      
<a href="maven-metadata.xml.sha1" title="maven-metadata.xml.sha1">maven-metadata.xml.sha1</a>                           2005-09-20 05:44       127      
		</pre>
	</main>
	<hr/>
</body>

</html>
18:46:14.169 [pool-1-thread-10] TRACE f.m.indexer.core.download.Crawler - getFullUrl: http://central.maven.org/maven2/ant/ant-optional/, ../)
18:46:14.169 [pool-1-thread-10] TRACE f.m.indexer.core.download.Crawler - getFullUrl: http://central.maven.org/maven2/ant/ant-optional/, 1.4.1/)
18:46:14.169 [pool-1-thread-10] TRACE f.m.indexer.core.download.Crawler - getFullUrl: http://central.maven.org/maven2/ant/ant-optional/, 1.5/)
18:46:14.169 [pool-1-thread-10] TRACE f.m.indexer.core.download.Crawler - getFullUrl: http://central.maven.org/maven2/ant/ant-optional/, 1.5.1/)
18:46:14.169 [pool-1-thread-10] TRACE f.m.indexer.core.download.Crawler - getFullUrl: http://central.maven.org/maven2/ant/ant-optional/, 1.5.2/)
18:46:14.170 [pool-1-thread-10] TRACE f.m.indexer.core.download.Crawler - getFullUrl: http://central.maven.org/maven2/ant/ant-optional/, 1.5.3-1/)
18:46:14.170 [pool-1-thread-10] TRACE f.m.indexer.core.download.Crawler - getFullUrl: http://central.maven.org/maven2/ant/ant-optional/, maven-metadata.xml)
18:46:14.170 [pool-1-thread-10] TRACE f.m.indexer.core.download.Crawler - getFullUrl: http://central.maven.org/maven2/ant/ant-optional/, maven-metadata.xml.md5)
18:46:14.170 [pool-1-thread-10] TRACE f.m.indexer.core.download.Crawler - getFullUrl: http://central.maven.org/maven2/ant/ant-optional/, maven-metadata.xml.sha1)
18:46:14.170 [pool-1-thread-10] TRACE f.m.indexer.core.download.Crawler - doNext: http://central.maven.org/maven2/ant/ant-optional/../
18:46:14.170 [pool-1-thread-10] TRACE f.m.indexer.core.download.Crawler - doNext: http://central.maven.org/maven2/ant/ant-optional/1.4.1/
18:46:14.170 [pool-1-thread-10] TRACE f.m.indexer.core.download.Crawler - search: http://central.maven.org/maven2/ant/ant-optional/1.4.1/
18:46:14.170 [pool-1-thread-10] TRACE f.m.indexer.core.download.Crawler - doNext: http://central.maven.org/maven2/ant/ant-optional/1.5/
18:46:14.170 [pool-1-thread-10] TRACE f.m.indexer.core.download.Crawler - search: http://central.maven.org/maven2/ant/ant-optional/1.5/
18:46:14.170 [pool-1-thread-10] TRACE f.m.indexer.core.download.Crawler - doNext: http://central.maven.org/maven2/ant/ant-optional/1.5.1/
18:46:14.170 [pool-1-thread-10] TRACE f.m.indexer.core.download.Crawler - search: http://central.maven.org/maven2/ant/ant-optional/1.5.1/
18:46:14.170 [pool-1-thread-10] TRACE f.m.indexer.core.download.Crawler - doNext: http://central.maven.org/maven2/ant/ant-optional/1.5.2/
18:46:14.171 [pool-1-thread-10] TRACE f.m.indexer.core.download.Crawler - search: http://central.maven.org/maven2/ant/ant-optional/1.5.2/
18:46:14.171 [pool-1-thread-10] TRACE f.m.indexer.core.download.Crawler - doNext: http://central.maven.org/maven2/ant/ant-optional/1.5.3-1/
18:46:14.171 [pool-1-thread-10] TRACE f.m.indexer.core.download.Crawler - search: http://central.maven.org/maven2/ant/ant-optional/1.5.3-1/
18:46:14.171 [pool-1-thread-10] TRACE f.m.indexer.core.download.Crawler - doNext: http://central.maven.org/maven2/ant/ant-optional/maven-metadata.xml
18:46:14.171 [pool-1-thread-10] TRACE f.m.indexer.core.download.Crawler - match: http://central.maven.org/maven2/ant/ant-optional/maven-metadata.xml
18:46:14.171 [pool-1-thread-10] TRACE f.m.indexer.core.download.Crawler - doNext: http://central.maven.org/maven2/ant/ant-optional/maven-metadata.xml.md5
18:46:14.171 [pool-1-thread-10] TRACE f.m.indexer.core.download.Crawler - doNext: http://central.maven.org/maven2/ant/ant-optional/maven-metadata.xml.sha1
18:46:14.171 [pool-1-thread-10] TRACE f.m.i.core.client.JerseyHttpClient - download: http://central.maven.org/maven2/ant/ant-xslp/
18:46:14.173 [pool-1-thread-7] TRACE f.m.indexer.core.download.Crawler - getLinks: <!DOCTYPE html>
<html>

<head>
	<title>Central Repository: ant/ant-starteam</title>
	<meta name="viewport" content="width=device-width, initial-scale=1.0">
	<style>
body {
	background: #fff;
}
	</style>
</head>

<body>
	<header>
		<h1>ant/ant-starteam</h1>
	</header>
	<hr/>
	<main>
		<pre id="contents">
<a href="../">../</a>
<a href="1.6/" title="1.6/">1.6/</a>                                              2005-09-20 05:44         -      
<a href="1.6.1/" title="1.6.1/">1.6.1/</a>                                            2005-09-20 05:44         -      
<a href="1.6.2/" title="1.6.2/">1.6.2/</a>                                            2005-09-20 05:44         -      
<a href="1.6.3/" title="1.6.3/">1.6.3/</a>                                            2005-09-20 05:44         -      
<a href="1.6.4/" title="1.6.4/">1.6.4/</a>                                            2005-09-20 05:44         -      
<a href="1.6.5/" title="1.6.5/">1.6.5/</a>                                            2005-09-20 05:44         -      
<a href="maven-metadata.xml" title="maven-metadata.xml">maven-metadata.xml</a>                                2005-09-20 05:44       358      
<a href="maven-metadata.xml.md5" title="maven-metadata.xml.md5">maven-metadata.xml.md5</a>                            2005-09-20 05:44        72      
<a href="maven-metadata.xml.sha1" title="maven-metadata.xml.sha1">maven-metadata.xml.sha1</a>                           2005-09-20 05:44       127      
		</pre>
	</main>
	<hr/>
</body>

</html>
18:46:14.174 [pool-1-thread-7] TRACE f.m.indexer.core.download.Crawler - getFullUrl: http://central.maven.org/maven2/ant/ant-starteam/, ../)
18:46:14.174 [pool-1-thread-7] TRACE f.m.indexer.core.download.Crawler - getFullUrl: http://central.maven.org/maven2/ant/ant-starteam/, 1.6/)
18:46:14.174 [pool-1-thread-7] TRACE f.m.indexer.core.download.Crawler - getFullUrl: http://central.maven.org/maven2/ant/ant-starteam/, 1.6.1/)
18:46:14.174 [pool-1-thread-7] TRACE f.m.indexer.core.download.Crawler - getFullUrl: http://central.maven.org/maven2/ant/ant-starteam/, 1.6.2/)
18:46:14.174 [pool-1-thread-7] TRACE f.m.indexer.core.download.Crawler - getFullUrl: http://central.maven.org/maven2/ant/ant-starteam/, 1.6.3/)
18:46:14.174 [pool-1-thread-7] TRACE f.m.indexer.core.download.Crawler - getFullUrl: http://central.maven.org/maven2/ant/ant-starteam/, 1.6.4/)
18:46:14.175 [pool-1-thread-7] TRACE f.m.indexer.core.download.Crawler - getFullUrl: http://central.maven.org/maven2/ant/ant-starteam/, 1.6.5/)
18:46:14.175 [pool-1-thread-7] TRACE f.m.indexer.core.download.Crawler - getFullUrl: http://central.maven.org/maven2/ant/ant-starteam/, maven-metadata.xml)
18:46:14.175 [pool-1-thread-7] TRACE f.m.indexer.core.download.Crawler - getFullUrl: http://central.maven.org/maven2/ant/ant-starteam/, maven-metadata.xml.md5)
18:46:14.175 [pool-1-thread-7] TRACE f.m.indexer.core.download.Crawler - getFullUrl: http://central.maven.org/maven2/ant/ant-starteam/, maven-metadata.xml.sha1)
18:46:14.175 [pool-1-thread-7] TRACE f.m.indexer.core.download.Crawler - doNext: http://central.maven.org/maven2/ant/ant-starteam/../
18:46:14.175 [pool-1-thread-7] TRACE f.m.indexer.core.download.Crawler - doNext: http://central.maven.org/maven2/ant/ant-starteam/1.6/
18:46:14.175 [pool-1-thread-7] TRACE f.m.indexer.core.download.Crawler - search: http://central.maven.org/maven2/ant/ant-starteam/1.6/
18:46:14.175 [pool-1-thread-7] TRACE f.m.indexer.core.download.Crawler - doNext: http://central.maven.org/maven2/ant/ant-starteam/1.6.1/
18:46:14.175 [pool-1-thread-7] TRACE f.m.indexer.core.download.Crawler - search: http://central.maven.org/maven2/ant/ant-starteam/1.6.1/
18:46:14.175 [pool-1-thread-7] TRACE f.m.indexer.core.download.Crawler - doNext: http://central.maven.org/maven2/ant/ant-starteam/1.6.2/
18:46:14.175 [pool-1-thread-7] TRACE f.m.indexer.core.download.Crawler - search: http://central.maven.org/maven2/ant/ant-starteam/1.6.2/
18:46:14.176 [pool-1-thread-7] TRACE f.m.indexer.core.download.Crawler - doNext: http://central.maven.org/maven2/ant/ant-starteam/1.6.3/
18:46:14.176 [pool-1-thread-7] TRACE f.m.indexer.core.download.Crawler - search: http://central.maven.org/maven2/ant/ant-starteam/1.6.3/
18:46:14.176 [pool-1-thread-7] TRACE f.m.indexer.core.download.Crawler - doNext: http://central.maven.org/maven2/ant/ant-starteam/1.6.4/
18:46:14.176 [pool-1-thread-7] TRACE f.m.indexer.core.download.Crawler - search: http://central.maven.org/maven2/ant/ant-starteam/1.6.4/
18:46:14.176 [pool-1-thread-7] TRACE f.m.indexer.core.download.Crawler - doNext: http://central.maven.org/maven2/ant/ant-starteam/1.6.5/
18:46:14.176 [pool-1-thread-7] TRACE f.m.indexer.core.download.Crawler - search: http://central.maven.org/maven2/ant/ant-starteam/1.6.5/
18:46:14.176 [pool-1-thread-7] TRACE f.m.indexer.core.download.Crawler - doNext: http://central.maven.org/maven2/ant/ant-starteam/maven-metadata.xml
18:46:14.176 [pool-1-thread-7] TRACE f.m.indexer.core.download.Crawler - match: http://central.maven.org/maven2/ant/ant-starteam/maven-metadata.xml
18:46:14.176 [pool-1-thread-7] TRACE f.m.indexer.core.download.Crawler - doNext: http://central.maven.org/maven2/ant/ant-starteam/maven-metadata.xml.md5
18:46:14.176 [pool-1-thread-7] TRACE f.m.indexer.core.download.Crawler - doNext: http://central.maven.org/maven2/ant/ant-starteam/maven-metadata.xml.sha1
18:46:14.176 [pool-1-thread-7] TRACE f.m.i.core.client.JerseyHttpClient - download: http://central.maven.org/maven2/ant/optional/
18:46:14.183 [pool-1-thread-9] TRACE f.m.indexer.core.download.Crawler - getLinks: <!DOCTYPE html>
<html>

<head>
	<title>Central Repository: ant/ant-jakarta-regexp</title>
	<meta name="viewport" content="width=device-width, initial-scale=1.0">
	<style>
body {
	background: #fff;
}
	</style>
</head>

<body>
	<header>
		<h1>ant/ant-jakarta-regexp</h1>
	</header>
	<hr/>
	<main>
		<pre id="contents">
<a href="../">../</a>
<a href="1.6/" title="1.6/">1.6/</a>                                              2005-09-20 05:44         -      
<a href="1.6.1/" title="1.6.1/">1.6.1/</a>                                            2005-09-20 05:44         -      
<a href="maven-metadata.xml" title="maven-metadata.xml">maven-metadata.xml</a>                                2005-09-20 05:44       240      
<a href="maven-metadata.xml.md5" title="maven-metadata.xml.md5">maven-metadata.xml.md5</a>                            2005-09-20 05:44        78      
<a href="maven-metadata.xml.sha1" title="maven-metadata.xml.sha1">maven-metadata.xml.sha1</a>                           2005-09-20 05:44       133      
		</pre>
	</main>
	<hr/>
</body>

</html>
18:46:14.184 [pool-1-thread-9] TRACE f.m.indexer.core.download.Crawler - getFullUrl: http://central.maven.org/maven2/ant/ant-jakarta-regexp/, ../)
18:46:14.184 [pool-1-thread-9] TRACE f.m.indexer.core.download.Crawler - getFullUrl: http://central.maven.org/maven2/ant/ant-jakarta-regexp/, 1.6/)
18:46:14.184 [pool-1-thread-9] TRACE f.m.indexer.core.download.Crawler - getFullUrl: http://central.maven.org/maven2/ant/ant-jakarta-regexp/, 1.6.1/)
18:46:14.184 [pool-1-thread-9] TRACE f.m.indexer.core.download.Crawler - getFullUrl: http://central.maven.org/maven2/ant/ant-jakarta-regexp/, maven-metadata.xml)
18:46:14.184 [pool-1-thread-9] TRACE f.m.indexer.core.download.Crawler - getFullUrl: http://central.maven.org/maven2/ant/ant-jakarta-regexp/, maven-metadata.xml.md5)
18:46:14.185 [pool-1-thread-9] TRACE f.m.indexer.core.download.Crawler - getFullUrl: http://central.maven.org/maven2/ant/ant-jakarta-regexp/, maven-metadata.xml.sha1)
18:46:14.185 [pool-1-thread-9] TRACE f.m.indexer.core.download.Crawler - doNext: http://central.maven.org/maven2/ant/ant-jakarta-regexp/../
18:46:14.185 [pool-1-thread-9] TRACE f.m.indexer.core.download.Crawler - doNext: http://central.maven.org/maven2/ant/ant-jakarta-regexp/1.6/
18:46:14.185 [pool-1-thread-9] TRACE f.m.indexer.core.download.Crawler - search: http://central.maven.org/maven2/ant/ant-jakarta-regexp/1.6/
18:46:14.185 [pool-1-thread-9] TRACE f.m.indexer.core.download.Crawler - doNext: http://central.maven.org/maven2/ant/ant-jakarta-regexp/1.6.1/
18:46:14.185 [pool-1-thread-9] TRACE f.m.indexer.core.download.Crawler - search: http://central.maven.org/maven2/ant/ant-jakarta-regexp/1.6.1/
18:46:14.185 [pool-1-thread-9] TRACE f.m.indexer.core.download.Crawler - doNext: http://central.maven.org/maven2/ant/ant-jakarta-regexp/maven-metadata.xml
18:46:14.185 [pool-1-thread-9] TRACE f.m.indexer.core.download.Crawler - match: http://central.maven.org/maven2/ant/ant-jakarta-regexp/maven-metadata.xml
18:46:14.185 [pool-1-thread-9] TRACE f.m.indexer.core.download.Crawler - doNext: http://central.maven.org/maven2/ant/ant-jakarta-regexp/maven-metadata.xml.md5
18:46:14.185 [pool-1-thread-9] TRACE f.m.indexer.core.download.Crawler - doNext: http://central.maven.org/maven2/ant/ant-jakarta-regexp/maven-metadata.xml.sha1
18:46:14.185 [pool-1-thread-9] TRACE f.m.i.core.client.JerseyHttpClient - download: http://central.maven.org/maven2/ant/ant-commons-net/1.6/
18:46:14.193 [pool-1-thread-3] TRACE f.m.indexer.core.download.Crawler - getLinks: <!DOCTYPE html>
<html>

<head>
	<title>Central Repository: ant/ant-weblogic</title>
	<meta name="viewport" content="width=device-width, initial-scale=1.0">
	<style>
body {
	background: #fff;
}
	</style>
</head>

<body>
	<header>
		<h1>ant/ant-weblogic</h1>
	</header>
	<hr/>
	<main>
		<pre id="contents">
<a href="../">../</a>
<a href="1.6/" title="1.6/">1.6/</a>                                              2005-09-20 05:45         -      
<a href="1.6.1/" title="1.6.1/">1.6.1/</a>                                            2005-09-20 05:45         -      
<a href="1.6.2/" title="1.6.2/">1.6.2/</a>                                            2005-09-20 05:45         -      
<a href="1.6.3/" title="1.6.3/">1.6.3/</a>                                            2005-09-20 05:45         -      
<a href="1.6.4/" title="1.6.4/">1.6.4/</a>                                            2005-09-20 05:45         -      
<a href="1.6.5/" title="1.6.5/">1.6.5/</a>                                            2005-09-20 05:45         -      
<a href="maven-metadata.xml" title="maven-metadata.xml">maven-metadata.xml</a>                                2005-09-20 05:45       358      
<a href="maven-metadata.xml.md5" title="maven-metadata.xml.md5">maven-metadata.xml.md5</a>                            2005-09-20 05:45        72      
<a href="maven-metadata.xml.sha1" title="maven-metadata.xml.sha1">maven-metadata.xml.sha1</a>                           2005-09-20 05:45       127      
		</pre>
	</main>
	<hr/>
</body>

</html>
18:46:14.194 [pool-1-thread-3] TRACE f.m.indexer.core.download.Crawler - getFullUrl: http://central.maven.org/maven2/ant/ant-weblogic/, ../)
18:46:14.194 [pool-1-thread-3] TRACE f.m.indexer.core.download.Crawler - getFullUrl: http://central.maven.org/maven2/ant/ant-weblogic/, 1.6/)
18:46:14.194 [pool-1-thread-3] TRACE f.m.indexer.core.download.Crawler - getFullUrl: http://central.maven.org/maven2/ant/ant-weblogic/, 1.6.1/)
18:46:14.194 [pool-1-thread-3] TRACE f.m.indexer.core.download.Crawler - getFullUrl: http://central.maven.org/maven2/ant/ant-weblogic/, 1.6.2/)
18:46:14.194 [pool-1-thread-3] TRACE f.m.indexer.core.download.Crawler - getFullUrl: http://central.maven.org/maven2/ant/ant-weblogic/, 1.6.3/)
18:46:14.194 [pool-1-thread-3] TRACE f.m.indexer.core.download.Crawler - getFullUrl: http://central.maven.org/maven2/ant/ant-weblogic/, 1.6.4/)
18:46:14.194 [pool-1-thread-3] TRACE f.m.indexer.core.download.Crawler - getFullUrl: http://central.maven.org/maven2/ant/ant-weblogic/, 1.6.5/)
18:46:14.194 [pool-1-thread-3] TRACE f.m.indexer.core.download.Crawler - getFullUrl: http://central.maven.org/maven2/ant/ant-weblogic/, maven-metadata.xml)
18:46:14.194 [pool-1-thread-3] TRACE f.m.indexer.core.download.Crawler - getFullUrl: http://central.maven.org/maven2/ant/ant-weblogic/, maven-metadata.xml.md5)
18:46:14.194 [pool-1-thread-3] TRACE f.m.indexer.core.download.Crawler - getFullUrl: http://central.maven.org/maven2/ant/ant-weblogic/, maven-metadata.xml.sha1)
18:46:14.194 [pool-1-thread-3] TRACE f.m.indexer.core.download.Crawler - doNext: http://central.maven.org/maven2/ant/ant-weblogic/../
18:46:14.194 [pool-1-thread-3] TRACE f.m.indexer.core.download.Crawler - doNext: http://central.maven.org/maven2/ant/ant-weblogic/1.6/
18:46:14.194 [pool-1-thread-3] TRACE f.m.indexer.core.download.Crawler - search: http://central.maven.org/maven2/ant/ant-weblogic/1.6/
18:46:14.195 [pool-1-thread-3] TRACE f.m.indexer.core.download.Crawler - doNext: http://central.maven.org/maven2/ant/ant-weblogic/1.6.1/
18:46:14.195 [pool-1-thread-3] TRACE f.m.indexer.core.download.Crawler - search: http://central.maven.org/maven2/ant/ant-weblogic/1.6.1/
18:46:14.195 [pool-1-thread-3] TRACE f.m.indexer.core.download.Crawler - doNext: http://central.maven.org/maven2/ant/ant-weblogic/1.6.2/
18:46:14.195 [pool-1-thread-3] TRACE f.m.indexer.core.download.Crawler - search: http://central.maven.org/maven2/ant/ant-weblogic/1.6.2/
18:46:14.195 [pool-1-thread-3] TRACE f.m.indexer.core.download.Crawler - doNext: http://central.maven.org/maven2/ant/ant-weblogic/1.6.3/
18:46:14.195 [pool-1-thread-3] TRACE f.m.indexer.core.download.Crawler - search: http://central.maven.org/maven2/ant/ant-weblogic/1.6.3/
18:46:14.195 [pool-1-thread-3] TRACE f.m.indexer.core.download.Crawler - doNext: http://central.maven.org/maven2/ant/ant-weblogic/1.6.4/
18:46:14.195 [pool-1-thread-3] TRACE f.m.indexer.core.download.Crawler - search: http://central.maven.org/maven2/ant/ant-weblogic/1.6.4/
18:46:14.195 [pool-1-thread-3] TRACE f.m.indexer.core.download.Crawler - doNext: http://central.maven.org/maven2/ant/ant-weblogic/1.6.5/
18:46:14.195 [pool-1-thread-3] TRACE f.m.indexer.core.download.Crawler - search: http://central.maven.org/maven2/ant/ant-weblogic/1.6.5/
18:46:14.195 [pool-1-thread-3] TRACE f.m.indexer.core.download.Crawler - doNext: http://central.maven.org/maven2/ant/ant-weblogic/maven-metadata.xml
18:46:14.195 [pool-1-thread-3] TRACE f.m.indexer.core.download.Crawler - match: http://central.maven.org/maven2/ant/ant-weblogic/maven-metadata.xml
18:46:14.195 [pool-1-thread-3] TRACE f.m.indexer.core.download.Crawler - doNext: http://central.maven.org/maven2/ant/ant-weblogic/maven-metadata.xml.md5
18:46:14.195 [pool-1-thread-3] TRACE f.m.indexer.core.download.Crawler - doNext: http://central.maven.org/maven2/ant/ant-weblogic/maven-metadata.xml.sha1
18:46:14.195 [pool-1-thread-3] TRACE f.m.i.core.client.JerseyHttpClient - download: http://central.maven.org/maven2/ant/ant-commons-net/1.6.1/
18:46:14.214 [pool-1-thread-2] TRACE f.m.indexer.core.download.Crawler - getLinks: <!DOCTYPE html>
<html>

<head>
	<title>Central Repository: ant/ant-xalan2</title>
	<meta name="viewport" content="width=device-width, initial-scale=1.0">
	<style>
body {
	background: #fff;
}
	</style>
</head>

<body>
	<header>
		<h1>ant/ant-xalan2</h1>
	</header>
	<hr/>
	<main>
		<pre id="contents">
<a href="../">../</a>
<a href="1.6/" title="1.6/">1.6/</a>                                              2005-09-20 05:45         -      
<a href="1.6.1/" title="1.6.1/">1.6.1/</a>                                            2005-09-20 05:45         -      
<a href="maven-metadata.xml" title="maven-metadata.xml">maven-metadata.xml</a>                                2005-09-20 05:45       232      
<a href="maven-metadata.xml.md5" title="maven-metadata.xml.md5">maven-metadata.xml.md5</a>                            2005-09-20 05:45        70      
<a href="maven-metadata.xml.sha1" title="maven-metadata.xml.sha1">maven-metadata.xml.sha1</a>                           2005-09-20 05:45       125      
		</pre>
	</main>
	<hr/>
</body>

</html>
18:46:14.215 [pool-1-thread-2] TRACE f.m.indexer.core.download.Crawler - getFullUrl: http://central.maven.org/maven2/ant/ant-xalan2/, ../)
18:46:14.215 [pool-1-thread-2] TRACE f.m.indexer.core.download.Crawler - getFullUrl: http://central.maven.org/maven2/ant/ant-xalan2/, 1.6/)
18:46:14.215 [pool-1-thread-2] TRACE f.m.indexer.core.download.Crawler - getFullUrl: http://central.maven.org/maven2/ant/ant-xalan2/, 1.6.1/)
18:46:14.215 [pool-1-thread-2] TRACE f.m.indexer.core.download.Crawler - getFullUrl: http://central.maven.org/maven2/ant/ant-xalan2/, maven-metadata.xml)
18:46:14.215 [pool-1-thread-2] TRACE f.m.indexer.core.download.Crawler - getFullUrl: http://central.maven.org/maven2/ant/ant-xalan2/, maven-metadata.xml.md5)
18:46:14.215 [pool-1-thread-2] TRACE f.m.indexer.core.download.Crawler - getFullUrl: http://central.maven.org/maven2/ant/ant-xalan2/, maven-metadata.xml.sha1)
18:46:14.215 [pool-1-thread-2] TRACE f.m.indexer.core.download.Crawler - doNext: http://central.maven.org/maven2/ant/ant-xalan2/../
18:46:14.215 [pool-1-thread-2] TRACE f.m.indexer.core.download.Crawler - doNext: http://central.maven.org/maven2/ant/ant-xalan2/1.6/
18:46:14.215 [pool-1-thread-2] TRACE f.m.indexer.core.download.Crawler - search: http://central.maven.org/maven2/ant/ant-xalan2/1.6/
18:46:14.216 [pool-1-thread-2] TRACE f.m.indexer.core.download.Crawler - doNext: http://central.maven.org/maven2/ant/ant-xalan2/1.6.1/
18:46:14.216 [pool-1-thread-2] TRACE f.m.indexer.core.download.Crawler - search: http://central.maven.org/maven2/ant/ant-xalan2/1.6.1/
18:46:14.216 [pool-1-thread-2] TRACE f.m.indexer.core.download.Crawler - doNext: http://central.maven.org/maven2/ant/ant-xalan2/maven-metadata.xml
18:46:14.216 [pool-1-thread-2] TRACE f.m.indexer.core.download.Crawler - match: http://central.maven.org/maven2/ant/ant-xalan2/maven-metadata.xml
18:46:14.216 [pool-1-thread-2] TRACE f.m.indexer.core.download.Crawler - doNext: http://central.maven.org/maven2/ant/ant-xalan2/maven-metadata.xml.md5
18:46:14.216 [pool-1-thread-2] TRACE f.m.indexer.core.download.Crawler - doNext: http://central.maven.org/maven2/ant/ant-xalan2/maven-metadata.xml.sha1
18:46:14.216 [pool-1-thread-2] TRACE f.m.i.core.client.JerseyHttpClient - download: http://central.maven.org/maven2/ant/ant-commons-net/1.6.2/
18:46:14.221 [pool-1-thread-10] TRACE f.m.indexer.core.download.Crawler - getLinks: <!DOCTYPE html>
<html>

<head>
	<title>Central Repository: ant/ant-xslp</title>
	<meta name="viewport" content="width=device-width, initial-scale=1.0">
	<style>
body {
	background: #fff;
}
	</style>
</head>

<body>
	<header>
		<h1>ant/ant-xslp</h1>
	</header>
	<hr/>
	<main>
		<pre id="contents">
<a href="../">../</a>
<a href="1.6/" title="1.6/">1.6/</a>                                              2005-09-20 05:45         -      
<a href="1.6.1/" title="1.6.1/">1.6.1/</a>                                            2005-09-20 05:45         -      
<a href="1.6.2/" title="1.6.2/">1.6.2/</a>                                            2005-09-20 05:45         -      
<a href="1.6.3/" title="1.6.3/">1.6.3/</a>                                            2005-09-20 05:45         -      
<a href="1.6.4/" title="1.6.4/">1.6.4/</a>                                            2005-09-20 05:45         -      
<a href="1.6.5/" title="1.6.5/">1.6.5/</a>                                            2005-09-20 05:45         -      
<a href="maven-metadata.xml" title="maven-metadata.xml">maven-metadata.xml</a>                                2005-09-20 05:45       354      
<a href="maven-metadata.xml.md5" title="maven-metadata.xml.md5">maven-metadata.xml.md5</a>                            2005-09-20 05:45        68      
<a href="maven-metadata.xml.sha1" title="maven-metadata.xml.sha1">maven-metadata.xml.sha1</a>                           2005-09-20 05:45       123      
		</pre>
	</main>
	<hr/>
</body>

</html>
18:46:14.222 [pool-1-thread-10] TRACE f.m.indexer.core.download.Crawler - getFullUrl: http://central.maven.org/maven2/ant/ant-xslp/, ../)
18:46:14.222 [pool-1-thread-10] TRACE f.m.indexer.core.download.Crawler - getFullUrl: http://central.maven.org/maven2/ant/ant-xslp/, 1.6/)
18:46:14.222 [pool-1-thread-10] TRACE f.m.indexer.core.download.Crawler - getFullUrl: http://central.maven.org/maven2/ant/ant-xslp/, 1.6.1/)
18:46:14.222 [pool-1-thread-10] TRACE f.m.indexer.core.download.Crawler - getFullUrl: http://central.maven.org/maven2/ant/ant-xslp/, 1.6.2/)
18:46:14.222 [pool-1-thread-10] TRACE f.m.indexer.core.download.Crawler - getFullUrl: http://central.maven.org/maven2/ant/ant-xslp/, 1.6.3/)
18:46:14.222 [pool-1-thread-10] TRACE f.m.indexer.core.download.Crawler - getFullUrl: http://central.maven.org/maven2/ant/ant-xslp/, 1.6.4/)
18:46:14.222 [pool-1-thread-10] TRACE f.m.indexer.core.download.Crawler - getFullUrl: http://central.maven.org/maven2/ant/ant-xslp/, 1.6.5/)
18:46:14.222 [pool-1-thread-10] TRACE f.m.indexer.core.download.Crawler - getFullUrl: http://central.maven.org/maven2/ant/ant-xslp/, maven-metadata.xml)
18:46:14.223 [pool-1-thread-10] TRACE f.m.indexer.core.download.Crawler - getFullUrl: http://central.maven.org/maven2/ant/ant-xslp/, maven-metadata.xml.md5)
18:46:14.223 [pool-1-thread-10] TRACE f.m.indexer.core.download.Crawler - getFullUrl: http://central.maven.org/maven2/ant/ant-xslp/, maven-metadata.xml.sha1)
18:46:14.223 [pool-1-thread-10] TRACE f.m.indexer.core.download.Crawler - doNext: http://central.maven.org/maven2/ant/ant-xslp/../
18:46:14.223 [pool-1-thread-10] TRACE f.m.indexer.core.download.Crawler - doNext: http://central.maven.org/maven2/ant/ant-xslp/1.6/
18:46:14.223 [pool-1-thread-10] TRACE f.m.indexer.core.download.Crawler - search: http://central.maven.org/maven2/ant/ant-xslp/1.6/
18:46:14.223 [pool-1-thread-10] TRACE f.m.indexer.core.download.Crawler - doNext: http://central.maven.org/maven2/ant/ant-xslp/1.6.1/
18:46:14.223 [pool-1-thread-10] TRACE f.m.indexer.core.download.Crawler - search: http://central.maven.org/maven2/ant/ant-xslp/1.6.1/
18:46:14.223 [pool-1-thread-10] TRACE f.m.indexer.core.download.Crawler - doNext: http://central.maven.org/maven2/ant/ant-xslp/1.6.2/
18:46:14.223 [pool-1-thread-10] TRACE f.m.indexer.core.download.Crawler - search: http://central.maven.org/maven2/ant/ant-xslp/1.6.2/
18:46:14.223 [pool-1-thread-10] TRACE f.m.indexer.core.download.Crawler - doNext: http://central.maven.org/maven2/ant/ant-xslp/1.6.3/
18:46:14.223 [pool-1-thread-10] TRACE f.m.indexer.core.download.Crawler - search: http://central.maven.org/maven2/ant/ant-xslp/1.6.3/
18:46:14.223 [pool-1-thread-10] TRACE f.m.indexer.core.download.Crawler - doNext: http://central.maven.org/maven2/ant/ant-xslp/1.6.4/
18:46:14.223 [pool-1-thread-10] TRACE f.m.indexer.core.download.Crawler - search: http://central.maven.org/maven2/ant/ant-xslp/1.6.4/
18:46:14.223 [pool-1-thread-10] TRACE f.m.indexer.core.download.Crawler - doNext: http://central.maven.org/maven2/ant/ant-xslp/1.6.5/
18:46:14.223 [pool-1-thread-10] TRACE f.m.indexer.core.download.Crawler - search: http://central.maven.org/maven2/ant/ant-xslp/1.6.5/
18:46:14.224 [pool-1-thread-10] TRACE f.m.indexer.core.download.Crawler - doNext: http://central.maven.org/maven2/ant/ant-xslp/maven-metadata.xml
18:46:14.224 [pool-1-thread-10] TRACE f.m.indexer.core.download.Crawler - match: http://central.maven.org/maven2/ant/ant-xslp/maven-metadata.xml
18:46:14.224 [pool-1-thread-10] TRACE f.m.indexer.core.download.Crawler - doNext: http://central.maven.org/maven2/ant/ant-xslp/maven-metadata.xml.md5
18:46:14.224 [pool-1-thread-10] TRACE f.m.indexer.core.download.Crawler - doNext: http://central.maven.org/maven2/ant/ant-xslp/maven-metadata.xml.sha1
18:46:14.224 [pool-1-thread-10] TRACE f.m.i.core.client.JerseyHttpClient - download: http://central.maven.org/maven2/ant/ant-commons-net/1.6.3/
18:46:14.228 [pool-1-thread-7] TRACE f.m.indexer.core.download.Crawler - getLinks: <!DOCTYPE html>
<html>

<head>
	<title>Central Repository: ant/optional</title>
	<meta name="viewport" content="width=device-width, initial-scale=1.0">
	<style>
body {
	background: #fff;
}
	</style>
</head>

<body>
	<header>
		<h1>ant/optional</h1>
	</header>
	<hr/>
	<main>
		<pre id="contents">
<a href="../">../</a>
<a href="1.5.4/" title="1.5.4/">1.5.4/</a>                                            2005-09-20 05:45         -      
<a href="maven-metadata.xml" title="maven-metadata.xml">maven-metadata.xml</a>                                2005-09-20 05:45       203      
<a href="maven-metadata.xml.md5" title="maven-metadata.xml.md5">maven-metadata.xml.md5</a>                            2005-09-20 05:45        68      
<a href="maven-metadata.xml.sha1" title="maven-metadata.xml.sha1">maven-metadata.xml.sha1</a>                           2005-09-20 05:45       123      
		</pre>
	</main>
	<hr/>
</body>

</html>
18:46:14.228 [pool-1-thread-7] TRACE f.m.indexer.core.download.Crawler - getFullUrl: http://central.maven.org/maven2/ant/optional/, ../)
18:46:14.229 [pool-1-thread-7] TRACE f.m.indexer.core.download.Crawler - getFullUrl: http://central.maven.org/maven2/ant/optional/, 1.5.4/)
18:46:14.229 [pool-1-thread-7] TRACE f.m.indexer.core.download.Crawler - getFullUrl: http://central.maven.org/maven2/ant/optional/, maven-metadata.xml)
18:46:14.229 [pool-1-thread-7] TRACE f.m.indexer.core.download.Crawler - getFullUrl: http://central.maven.org/maven2/ant/optional/, maven-metadata.xml.md5)
18:46:14.229 [pool-1-thread-7] TRACE f.m.indexer.core.download.Crawler - getFullUrl: http://central.maven.org/maven2/ant/optional/, maven-metadata.xml.sha1)
18:46:14.229 [pool-1-thread-7] TRACE f.m.indexer.core.download.Crawler - doNext: http://central.maven.org/maven2/ant/optional/../
18:46:14.229 [pool-1-thread-7] TRACE f.m.indexer.core.download.Crawler - doNext: http://central.maven.org/maven2/ant/optional/1.5.4/
18:46:14.229 [pool-1-thread-7] TRACE f.m.indexer.core.download.Crawler - search: http://central.maven.org/maven2/ant/optional/1.5.4/
18:46:14.229 [pool-1-thread-7] TRACE f.m.indexer.core.download.Crawler - doNext: http://central.maven.org/maven2/ant/optional/maven-metadata.xml
18:46:14.229 [pool-1-thread-7] TRACE f.m.indexer.core.download.Crawler - match: http://central.maven.org/maven2/ant/optional/maven-metadata.xml
18:46:14.229 [pool-1-thread-7] TRACE f.m.indexer.core.download.Crawler - doNext: http://central.maven.org/maven2/ant/optional/maven-metadata.xml.md5
18:46:14.229 [pool-1-thread-7] TRACE f.m.indexer.core.download.Crawler - doNext: http://central.maven.org/maven2/ant/optional/maven-metadata.xml.sha1
18:46:14.230 [pool-1-thread-7] TRACE f.m.i.core.client.JerseyHttpClient - download: http://central.maven.org/maven2/ant/ant-commons-net/1.6.4/
18:46:14.231 [pool-1-thread-9] TRACE f.m.indexer.core.download.Crawler - getLinks: <!DOCTYPE html>
<html>

<head>
	<title>Central Repository: ant/ant-commons-net/1.6</title>
	<meta name="viewport" content="width=device-width, initial-scale=1.0">
	<style>
body {
	background: #fff;
}
	</style>
</head>

<body>
	<header>
		<h1>ant/ant-commons-net/1.6</h1>
	</header>
	<hr/>
	<main>
		<pre id="contents">
<a href="../">../</a>
<a href="ant-commons-net-1.6.jar" title="ant-commons-net-1.6.jar">ant-commons-net-1.6.jar</a>                           2005-09-20 05:44     34911      
<a href="ant-commons-net-1.6.jar.md5" title="ant-commons-net-1.6.jar.md5">ant-commons-net-1.6.jar.md5</a>                       2005-09-20 05:44        32      
<a href="ant-commons-net-1.6.jar.sha1" title="ant-commons-net-1.6.jar.sha1">ant-commons-net-1.6.jar.sha1</a>                      2005-09-20 05:44        40      
<a href="ant-commons-net-1.6.pom" title="ant-commons-net-1.6.pom">ant-commons-net-1.6.pom</a>                           2005-09-20 05:44       150      
<a href="ant-commons-net-1.6.pom.md5" title="ant-commons-net-1.6.pom.md5">ant-commons-net-1.6.pom.md5</a>                       2005-09-20 05:44        32      
<a href="ant-commons-net-1.6.pom.sha1" title="ant-commons-net-1.6.pom.sha1">ant-commons-net-1.6.pom.sha1</a>                      2005-09-20 05:44        40      
<a href="maven-metadata.xml" title="maven-metadata.xml">maven-metadata.xml</a>                                2005-09-20 05:44       115      
<a href="maven-metadata.xml.md5" title="maven-metadata.xml.md5">maven-metadata.xml.md5</a>                            2005-09-20 05:44        79      
<a href="maven-metadata.xml.sha1" title="maven-metadata.xml.sha1">maven-metadata.xml.sha1</a>                           2005-09-20 05:44       134      
		</pre>
	</main>
	<hr/>
</body>

</html>
18:46:14.232 [pool-1-thread-9] TRACE f.m.indexer.core.download.Crawler - getFullUrl: http://central.maven.org/maven2/ant/ant-commons-net/1.6/, ../)
18:46:14.232 [pool-1-thread-9] TRACE f.m.indexer.core.download.Crawler - getFullUrl: http://central.maven.org/maven2/ant/ant-commons-net/1.6/, ant-commons-net-1.6.jar)
18:46:14.232 [pool-1-thread-9] TRACE f.m.indexer.core.download.Crawler - getFullUrl: http://central.maven.org/maven2/ant/ant-commons-net/1.6/, ant-commons-net-1.6.jar.md5)
18:46:14.232 [pool-1-thread-9] TRACE f.m.indexer.core.download.Crawler - getFullUrl: http://central.maven.org/maven2/ant/ant-commons-net/1.6/, ant-commons-net-1.6.jar.sha1)
18:46:14.232 [pool-1-thread-9] TRACE f.m.indexer.core.download.Crawler - getFullUrl: http://central.maven.org/maven2/ant/ant-commons-net/1.6/, ant-commons-net-1.6.pom)
18:46:14.232 [pool-1-thread-9] TRACE f.m.indexer.core.download.Crawler - getFullUrl: http://central.maven.org/maven2/ant/ant-commons-net/1.6/, ant-commons-net-1.6.pom.md5)
18:46:14.233 [pool-1-thread-9] TRACE f.m.indexer.core.download.Crawler - getFullUrl: http://central.maven.org/maven2/ant/ant-commons-net/1.6/, ant-commons-net-1.6.pom.sha1)
18:46:14.233 [pool-1-thread-9] TRACE f.m.indexer.core.download.Crawler - getFullUrl: http://central.maven.org/maven2/ant/ant-commons-net/1.6/, maven-metadata.xml)
18:46:14.233 [pool-1-thread-9] TRACE f.m.indexer.core.download.Crawler - getFullUrl: http://central.maven.org/maven2/ant/ant-commons-net/1.6/, maven-metadata.xml.md5)
18:46:14.233 [pool-1-thread-9] TRACE f.m.indexer.core.download.Crawler - getFullUrl: http://central.maven.org/maven2/ant/ant-commons-net/1.6/, maven-metadata.xml.sha1)
18:46:14.233 [pool-1-thread-9] TRACE f.m.indexer.core.download.Crawler - doNext: http://central.maven.org/maven2/ant/ant-commons-net/1.6/../
18:46:14.233 [pool-1-thread-9] TRACE f.m.indexer.core.download.Crawler - doNext: http://central.maven.org/maven2/ant/ant-commons-net/1.6/ant-commons-net-1.6.jar
18:46:14.233 [pool-1-thread-9] TRACE f.m.indexer.core.download.Crawler - doNext: http://central.maven.org/maven2/ant/ant-commons-net/1.6/ant-commons-net-1.6.jar.md5
18:46:14.233 [pool-1-thread-9] TRACE f.m.indexer.core.download.Crawler - doNext: http://central.maven.org/maven2/ant/ant-commons-net/1.6/ant-commons-net-1.6.jar.sha1
18:46:14.233 [pool-1-thread-9] TRACE f.m.indexer.core.download.Crawler - doNext: http://central.maven.org/maven2/ant/ant-commons-net/1.6/ant-commons-net-1.6.pom
18:46:14.233 [pool-1-thread-9] TRACE f.m.indexer.core.download.Crawler - doNext: http://central.maven.org/maven2/ant/ant-commons-net/1.6/ant-commons-net-1.6.pom.md5
18:46:14.233 [pool-1-thread-9] TRACE f.m.indexer.core.download.Crawler - doNext: http://central.maven.org/maven2/ant/ant-commons-net/1.6/ant-commons-net-1.6.pom.sha1
18:46:14.233 [pool-1-thread-9] TRACE f.m.indexer.core.download.Crawler - doNext: http://central.maven.org/maven2/ant/ant-commons-net/1.6/maven-metadata.xml
18:46:14.233 [pool-1-thread-9] TRACE f.m.indexer.core.download.Crawler - match: http://central.maven.org/maven2/ant/ant-commons-net/1.6/maven-metadata.xml
18:46:14.233 [pool-1-thread-9] TRACE f.m.indexer.core.download.Crawler - doNext: http://central.maven.org/maven2/ant/ant-commons-net/1.6/maven-metadata.xml.md5
18:46:14.233 [pool-1-thread-9] TRACE f.m.indexer.core.download.Crawler - doNext: http://central.maven.org/maven2/ant/ant-commons-net/1.6/maven-metadata.xml.sha1
18:46:14.233 [pool-1-thread-9] TRACE f.m.i.core.client.JerseyHttpClient - download: http://central.maven.org/maven2/ant/ant-commons-net/1.6.5/
18:46:14.256 [pool-1-thread-4] TRACE f.m.indexer.core.download.Crawler - getLinks: <!DOCTYPE html>
<html>

<head>
	<title>Central Repository: ant/ant-vaj</title>
	<meta name="viewport" content="width=device-width, initial-scale=1.0">
	<style>
body {
	background: #fff;
}
	</style>
</head>

<body>
	<header>
		<h1>ant/ant-vaj</h1>
	</header>
	<hr/>
	<main>
		<pre id="contents">
<a href="../">../</a>
<a href="1.6/" title="1.6/">1.6/</a>                                              2005-09-20 05:45         -      
<a href="1.6.1/" title="1.6.1/">1.6.1/</a>                                            2005-09-20 05:45         -      
<a href="1.6.2/" title="1.6.2/">1.6.2/</a>                                            2005-09-20 05:45         -      
<a href="1.6.3/" title="1.6.3/">1.6.3/</a>                                            2005-09-20 05:45         -      
<a href="1.6.4/" title="1.6.4/">1.6.4/</a>                                            2005-09-20 05:45         -      
<a href="1.6.5/" title="1.6.5/">1.6.5/</a>                                            2005-09-20 05:45         -      
<a href="maven-metadata.xml" title="maven-metadata.xml">maven-metadata.xml</a>                                2005-09-20 05:45       353      
<a href="maven-metadata.xml.md5" title="maven-metadata.xml.md5">maven-metadata.xml.md5</a>                            2005-09-20 05:45        67      
<a href="maven-metadata.xml.sha1" title="maven-metadata.xml.sha1">maven-metadata.xml.sha1</a>                           2005-09-20 05:45       122      
		</pre>
	</main>
	<hr/>
</body>

</html>
18:46:14.257 [pool-1-thread-4] TRACE f.m.indexer.core.download.Crawler - getFullUrl: http://central.maven.org/maven2/ant/ant-vaj/, ../)
18:46:14.257 [pool-1-thread-4] TRACE f.m.indexer.core.download.Crawler - getFullUrl: http://central.maven.org/maven2/ant/ant-vaj/, 1.6/)
18:46:14.257 [pool-1-thread-4] TRACE f.m.indexer.core.download.Crawler - getFullUrl: http://central.maven.org/maven2/ant/ant-vaj/, 1.6.1/)
18:46:14.257 [pool-1-thread-4] TRACE f.m.indexer.core.download.Crawler - getFullUrl: http://central.maven.org/maven2/ant/ant-vaj/, 1.6.2/)
18:46:14.257 [pool-1-thread-4] TRACE f.m.indexer.core.download.Crawler - getFullUrl: http://central.maven.org/maven2/ant/ant-vaj/, 1.6.3/)
18:46:14.257 [pool-1-thread-4] TRACE f.m.indexer.core.download.Crawler - getFullUrl: http://central.maven.org/maven2/ant/ant-vaj/, 1.6.4/)
18:46:14.257 [pool-1-thread-4] TRACE f.m.indexer.core.download.Crawler - getFullUrl: http://central.maven.org/maven2/ant/ant-vaj/, 1.6.5/)
18:46:14.257 [pool-1-thread-4] TRACE f.m.indexer.core.download.Crawler - getFullUrl: http://central.maven.org/maven2/ant/ant-vaj/, maven-metadata.xml)
18:46:14.258 [pool-1-thread-4] TRACE f.m.indexer.core.download.Crawler - getFullUrl: http://central.maven.org/maven2/ant/ant-vaj/, maven-metadata.xml.md5)
18:46:14.258 [pool-1-thread-4] TRACE f.m.indexer.core.download.Crawler - getFullUrl: http://central.maven.org/maven2/ant/ant-vaj/, maven-metadata.xml.sha1)
18:46:14.258 [pool-1-thread-4] TRACE f.m.indexer.core.download.Crawler - doNext: http://central.maven.org/maven2/ant/ant-vaj/../
18:46:14.258 [pool-1-thread-4] TRACE f.m.indexer.core.download.Crawler - doNext: http://central.maven.org/maven2/ant/ant-vaj/1.6/
18:46:14.258 [pool-1-thread-4] TRACE f.m.indexer.core.download.Crawler - search: http://central.maven.org/maven2/ant/ant-vaj/1.6/
18:46:14.258 [pool-1-thread-4] TRACE f.m.indexer.core.download.Crawler - doNext: http://central.maven.org/maven2/ant/ant-vaj/1.6.1/
18:46:14.258 [pool-1-thread-4] TRACE f.m.indexer.core.download.Crawler - search: http://central.maven.org/maven2/ant/ant-vaj/1.6.1/
18:46:14.258 [pool-1-thread-4] TRACE f.m.indexer.core.download.Crawler - doNext: http://central.maven.org/maven2/ant/ant-vaj/1.6.2/
18:46:14.258 [pool-1-thread-4] TRACE f.m.indexer.core.download.Crawler - search: http://central.maven.org/maven2/ant/ant-vaj/1.6.2/
18:46:14.258 [pool-1-thread-4] TRACE f.m.indexer.core.download.Crawler - doNext: http://central.maven.org/maven2/ant/ant-vaj/1.6.3/
18:46:14.258 [pool-1-thread-4] TRACE f.m.indexer.core.download.Crawler - search: http://central.maven.org/maven2/ant/ant-vaj/1.6.3/
18:46:14.258 [pool-1-thread-4] TRACE f.m.indexer.core.download.Crawler - doNext: http://central.maven.org/maven2/ant/ant-vaj/1.6.4/
18:46:14.258 [pool-1-thread-4] TRACE f.m.indexer.core.download.Crawler - search: http://central.maven.org/maven2/ant/ant-vaj/1.6.4/
18:46:14.258 [pool-1-thread-4] TRACE f.m.indexer.core.download.Crawler - doNext: http://central.maven.org/maven2/ant/ant-vaj/1.6.5/
18:46:14.258 [pool-1-thread-4] TRACE f.m.indexer.core.download.Crawler - search: http://central.maven.org/maven2/ant/ant-vaj/1.6.5/
18:46:14.258 [pool-1-thread-4] TRACE f.m.indexer.core.download.Crawler - doNext: http://central.maven.org/maven2/ant/ant-vaj/maven-metadata.xml
18:46:14.259 [pool-1-thread-4] TRACE f.m.indexer.core.download.Crawler - match: http://central.maven.org/maven2/ant/ant-vaj/maven-metadata.xml
18:46:14.259 [pool-1-thread-4] TRACE f.m.indexer.core.download.Crawler - doNext: http://central.maven.org/maven2/ant/ant-vaj/maven-metadata.xml.md5
18:46:14.259 [pool-1-thread-4] TRACE f.m.indexer.core.download.Crawler - doNext: http://central.maven.org/maven2/ant/ant-vaj/maven-metadata.xml.sha1
18:46:14.259 [pool-1-thread-4] TRACE f.m.i.core.client.JerseyHttpClient - download: http://central.maven.org/maven2/ant/ant-commons-net/maven-metadata.xml
18:46:14.263 [pool-1-thread-8] TRACE f.m.indexer.core.download.Crawler - getLinks: <!DOCTYPE html>
<html>

<head>
	<title>Central Repository: ant/ant-stylebook</title>
	<meta name="viewport" content="width=device-width, initial-scale=1.0">
	<style>
body {
	background: #fff;
}
	</style>
</head>

<body>
	<header>
		<h1>ant/ant-stylebook</h1>
	</header>
	<hr/>
	<main>
		<pre id="contents">
<a href="../">../</a>
<a href="1.6/" title="1.6/">1.6/</a>                                              2005-09-20 05:44         -      
<a href="1.6.1/" title="1.6.1/">1.6.1/</a>                                            2005-09-20 05:44         -      
<a href="1.6.2/" title="1.6.2/">1.6.2/</a>                                            2005-09-20 05:44         -      
<a href="1.6.3/" title="1.6.3/">1.6.3/</a>                                            2005-09-20 05:44         -      
<a href="1.6.4/" title="1.6.4/">1.6.4/</a>                                            2005-09-20 05:44         -      
<a href="1.6.5/" title="1.6.5/">1.6.5/</a>                                            2005-09-20 05:44         -      
<a href="maven-metadata.xml" title="maven-metadata.xml">maven-metadata.xml</a>                                2005-09-20 05:44       359      
<a href="maven-metadata.xml.md5" title="maven-metadata.xml.md5">maven-metadata.xml.md5</a>                            2005-09-20 05:44        73      
<a href="maven-metadata.xml.sha1" title="maven-metadata.xml.sha1">maven-metadata.xml.sha1</a>                           2005-09-20 05:44       128      
		</pre>
	</main>
	<hr/>
</body>

</html>
18:46:14.264 [pool-1-thread-8] TRACE f.m.indexer.core.download.Crawler - getFullUrl: http://central.maven.org/maven2/ant/ant-stylebook/, ../)
18:46:14.264 [pool-1-thread-8] TRACE f.m.indexer.core.download.Crawler - getFullUrl: http://central.maven.org/maven2/ant/ant-stylebook/, 1.6/)
18:46:14.264 [pool-1-thread-8] TRACE f.m.indexer.core.download.Crawler - getFullUrl: http://central.maven.org/maven2/ant/ant-stylebook/, 1.6.1/)
18:46:14.264 [pool-1-thread-8] TRACE f.m.indexer.core.download.Crawler - getFullUrl: http://central.maven.org/maven2/ant/ant-stylebook/, 1.6.2/)
18:46:14.265 [pool-1-thread-8] TRACE f.m.indexer.core.download.Crawler - getFullUrl: http://central.maven.org/maven2/ant/ant-stylebook/, 1.6.3/)
18:46:14.265 [pool-1-thread-8] TRACE f.m.indexer.core.download.Crawler - getFullUrl: http://central.maven.org/maven2/ant/ant-stylebook/, 1.6.4/)
18:46:14.265 [pool-1-thread-8] TRACE f.m.indexer.core.download.Crawler - getFullUrl: http://central.maven.org/maven2/ant/ant-stylebook/, 1.6.5/)
18:46:14.265 [pool-1-thread-8] TRACE f.m.indexer.core.download.Crawler - getFullUrl: http://central.maven.org/maven2/ant/ant-stylebook/, maven-metadata.xml)
18:46:14.265 [pool-1-thread-8] TRACE f.m.indexer.core.download.Crawler - getFullUrl: http://central.maven.org/maven2/ant/ant-stylebook/, maven-metadata.xml.md5)
18:46:14.265 [pool-1-thread-8] TRACE f.m.indexer.core.download.Crawler - getFullUrl: http://central.maven.org/maven2/ant/ant-stylebook/, maven-metadata.xml.sha1)
18:46:14.265 [pool-1-thread-8] TRACE f.m.indexer.core.download.Crawler - doNext: http://central.maven.org/maven2/ant/ant-stylebook/../
18:46:14.265 [pool-1-thread-8] TRACE f.m.indexer.core.download.Crawler - doNext: http://central.maven.org/maven2/ant/ant-stylebook/1.6/
18:46:14.265 [pool-1-thread-8] TRACE f.m.indexer.core.download.Crawler - search: http://central.maven.org/maven2/ant/ant-stylebook/1.6/
18:46:14.265 [pool-1-thread-8] TRACE f.m.indexer.core.download.Crawler - doNext: http://central.maven.org/maven2/ant/ant-stylebook/1.6.1/
18:46:14.265 [pool-1-thread-8] TRACE f.m.indexer.core.download.Crawler - search: http://central.maven.org/maven2/ant/ant-stylebook/1.6.1/
18:46:14.265 [pool-1-thread-8] TRACE f.m.indexer.core.download.Crawler - doNext: http://central.maven.org/maven2/ant/ant-stylebook/1.6.2/
18:46:14.265 [pool-1-thread-8] TRACE f.m.indexer.core.download.Crawler - search: http://central.maven.org/maven2/ant/ant-stylebook/1.6.2/
18:46:14.265 [pool-1-thread-8] TRACE f.m.indexer.core.download.Crawler - doNext: http://central.maven.org/maven2/ant/ant-stylebook/1.6.3/
18:46:14.265 [pool-1-thread-8] TRACE f.m.indexer.core.download.Crawler - search: http://central.maven.org/maven2/ant/ant-stylebook/1.6.3/
18:46:14.265 [pool-1-thread-8] TRACE f.m.indexer.core.download.Crawler - doNext: http://central.maven.org/maven2/ant/ant-stylebook/1.6.4/
18:46:14.265 [pool-1-thread-8] TRACE f.m.indexer.core.download.Crawler - search: http://central.maven.org/maven2/ant/ant-stylebook/1.6.4/
18:46:14.265 [pool-1-thread-8] TRACE f.m.indexer.core.download.Crawler - doNext: http://central.maven.org/maven2/ant/ant-stylebook/1.6.5/
18:46:14.266 [pool-1-thread-8] TRACE f.m.indexer.core.download.Crawler - search: http://central.maven.org/maven2/ant/ant-stylebook/1.6.5/
18:46:14.266 [pool-1-thread-8] TRACE f.m.indexer.core.download.Crawler - doNext: http://central.maven.org/maven2/ant/ant-stylebook/maven-metadata.xml
18:46:14.266 [pool-1-thread-8] TRACE f.m.indexer.core.download.Crawler - match: http://central.maven.org/maven2/ant/ant-stylebook/maven-metadata.xml
18:46:14.266 [pool-1-thread-8] TRACE f.m.indexer.core.download.Crawler - doNext: http://central.maven.org/maven2/ant/ant-stylebook/maven-metadata.xml.md5
18:46:14.266 [pool-1-thread-8] TRACE f.m.indexer.core.download.Crawler - doNext: http://central.maven.org/maven2/ant/ant-stylebook/maven-metadata.xml.sha1
18:46:14.266 [pool-1-thread-8] TRACE f.m.i.core.client.JerseyHttpClient - download: http://central.maven.org/maven2/ant/ant-icontract/1.6/
18:46:14.271 [pool-1-thread-6] TRACE f.m.indexer.core.download.Crawler - getLinks: <!DOCTYPE html>
<html>

<head>
	<title>Central Repository: ant/ant-xalan1</title>
	<meta name="viewport" content="width=device-width, initial-scale=1.0">
	<style>
body {
	background: #fff;
}
	</style>
</head>

<body>
	<header>
		<h1>ant/ant-xalan1</h1>
	</header>
	<hr/>
	<main>
		<pre id="contents">
<a href="../">../</a>
<a href="1.6/" title="1.6/">1.6/</a>                                              2005-09-20 05:45         -      
<a href="1.6.1/" title="1.6.1/">1.6.1/</a>                                            2005-09-20 05:45         -      
<a href="1.6.2/" title="1.6.2/">1.6.2/</a>                                            2005-09-20 05:45         -      
<a href="1.6.3/" title="1.6.3/">1.6.3/</a>                                            2005-09-20 05:45         -      
<a href="1.6.4/" title="1.6.4/">1.6.4/</a>                                            2005-09-20 05:45         -      
<a href="1.6.5/" title="1.6.5/">1.6.5/</a>                                            2005-09-20 05:45         -      
<a href="maven-metadata.xml" title="maven-metadata.xml">maven-metadata.xml</a>                                2005-09-20 05:45       356      
<a href="maven-metadata.xml.md5" title="maven-metadata.xml.md5">maven-metadata.xml.md5</a>                            2005-09-20 05:45        70      
<a href="maven-metadata.xml.sha1" title="maven-metadata.xml.sha1">maven-metadata.xml.sha1</a>                           2005-09-20 05:45       125      
		</pre>
	</main>
	<hr/>
</body>

</html>
18:46:14.272 [pool-1-thread-6] TRACE f.m.indexer.core.download.Crawler - getFullUrl: http://central.maven.org/maven2/ant/ant-xalan1/, ../)
18:46:14.272 [pool-1-thread-6] TRACE f.m.indexer.core.download.Crawler - getFullUrl: http://central.maven.org/maven2/ant/ant-xalan1/, 1.6/)
18:46:14.272 [pool-1-thread-6] TRACE f.m.indexer.core.download.Crawler - getFullUrl: http://central.maven.org/maven2/ant/ant-xalan1/, 1.6.1/)
18:46:14.272 [pool-1-thread-6] TRACE f.m.indexer.core.download.Crawler - getFullUrl: http://central.maven.org/maven2/ant/ant-xalan1/, 1.6.2/)
18:46:14.272 [pool-1-thread-6] TRACE f.m.indexer.core.download.Crawler - getFullUrl: http://central.maven.org/maven2/ant/ant-xalan1/, 1.6.3/)
18:46:14.272 [pool-1-thread-6] TRACE f.m.indexer.core.download.Crawler - getFullUrl: http://central.maven.org/maven2/ant/ant-xalan1/, 1.6.4/)
18:46:14.272 [pool-1-thread-6] TRACE f.m.indexer.core.download.Crawler - getFullUrl: http://central.maven.org/maven2/ant/ant-xalan1/, 1.6.5/)
18:46:14.272 [pool-1-thread-6] TRACE f.m.indexer.core.download.Crawler - getFullUrl: http://central.maven.org/maven2/ant/ant-xalan1/, maven-metadata.xml)
18:46:14.272 [pool-1-thread-6] TRACE f.m.indexer.core.download.Crawler - getFullUrl: http://central.maven.org/maven2/ant/ant-xalan1/, maven-metadata.xml.md5)
18:46:14.272 [pool-1-thread-6] TRACE f.m.indexer.core.download.Crawler - getFullUrl: http://central.maven.org/maven2/ant/ant-xalan1/, maven-metadata.xml.sha1)
18:46:14.272 [pool-1-thread-6] TRACE f.m.indexer.core.download.Crawler - doNext: http://central.maven.org/maven2/ant/ant-xalan1/../
18:46:14.272 [pool-1-thread-6] TRACE f.m.indexer.core.download.Crawler - doNext: http://central.maven.org/maven2/ant/ant-xalan1/1.6/
18:46:14.272 [pool-1-thread-6] TRACE f.m.indexer.core.download.Crawler - search: http://central.maven.org/maven2/ant/ant-xalan1/1.6/
18:46:14.273 [pool-1-thread-6] TRACE f.m.indexer.core.download.Crawler - doNext: http://central.maven.org/maven2/ant/ant-xalan1/1.6.1/
18:46:14.273 [pool-1-thread-6] TRACE f.m.indexer.core.download.Crawler - search: http://central.maven.org/maven2/ant/ant-xalan1/1.6.1/
18:46:14.273 [pool-1-thread-6] TRACE f.m.indexer.core.download.Crawler - doNext: http://central.maven.org/maven2/ant/ant-xalan1/1.6.2/
18:46:14.273 [pool-1-thread-6] TRACE f.m.indexer.core.download.Crawler - search: http://central.maven.org/maven2/ant/ant-xalan1/1.6.2/
18:46:14.273 [pool-1-thread-6] TRACE f.m.indexer.core.download.Crawler - doNext: http://central.maven.org/maven2/ant/ant-xalan1/1.6.3/
18:46:14.273 [pool-1-thread-6] TRACE f.m.indexer.core.download.Crawler - search: http://central.maven.org/maven2/ant/ant-xalan1/1.6.3/
18:46:14.273 [pool-1-thread-6] TRACE f.m.indexer.core.download.Crawler - doNext: http://central.maven.org/maven2/ant/ant-xalan1/1.6.4/
18:46:14.273 [pool-1-thread-6] TRACE f.m.indexer.core.download.Crawler - search: http://central.maven.org/maven2/ant/ant-xalan1/1.6.4/
18:46:14.273 [pool-1-thread-6] TRACE f.m.indexer.core.download.Crawler - doNext: http://central.maven.org/maven2/ant/ant-xalan1/1.6.5/
18:46:14.273 [pool-1-thread-6] TRACE f.m.indexer.core.download.Crawler - search: http://central.maven.org/maven2/ant/ant-xalan1/1.6.5/
18:46:14.273 [pool-1-thread-6] TRACE f.m.indexer.core.download.Crawler - doNext: http://central.maven.org/maven2/ant/ant-xalan1/maven-metadata.xml
18:46:14.273 [pool-1-thread-6] TRACE f.m.indexer.core.download.Crawler - match: http://central.maven.org/maven2/ant/ant-xalan1/maven-metadata.xml
18:46:14.273 [pool-1-thread-6] TRACE f.m.indexer.core.download.Crawler - doNext: http://central.maven.org/maven2/ant/ant-xalan1/maven-metadata.xml.md5
18:46:14.273 [pool-1-thread-6] TRACE f.m.indexer.core.download.Crawler - doNext: http://central.maven.org/maven2/ant/ant-xalan1/maven-metadata.xml.sha1
18:46:14.273 [pool-1-thread-6] TRACE f.m.i.core.client.JerseyHttpClient - download: http://central.maven.org/maven2/ant/ant-icontract/1.6.1/
18:46:14.277 [pool-1-thread-1] TRACE f.m.indexer.core.download.Crawler - getLinks: <!DOCTYPE html>
<html>

<head>
	<title>Central Repository: ant/ant-trax</title>
	<meta name="viewport" content="width=device-width, initial-scale=1.0">
	<style>
body {
	background: #fff;
}
	</style>
</head>

<body>
	<header>
		<h1>ant/ant-trax</h1>
	</header>
	<hr/>
	<main>
		<pre id="contents">
<a href="../">../</a>
<a href="1.6/" title="1.6/">1.6/</a>                                              2005-09-20 05:44         -      
<a href="1.6.1/" title="1.6.1/">1.6.1/</a>                                            2005-09-20 05:45         -      
<a href="1.6.2/" title="1.6.2/">1.6.2/</a>                                            2005-09-20 05:45         -      
<a href="1.6.3/" title="1.6.3/">1.6.3/</a>                                            2005-09-20 05:45         -      
<a href="1.6.4/" title="1.6.4/">1.6.4/</a>                                            2005-09-20 05:45         -      
<a href="1.6.5/" title="1.6.5/">1.6.5/</a>                                            2005-09-20 05:45         -      
<a href="maven-metadata.xml" title="maven-metadata.xml">maven-metadata.xml</a>                                2005-09-20 05:45       354      
<a href="maven-metadata.xml.md5" title="maven-metadata.xml.md5">maven-metadata.xml.md5</a>                            2005-09-20 05:45        68      
<a href="maven-metadata.xml.sha1" title="maven-metadata.xml.sha1">maven-metadata.xml.sha1</a>                           2005-09-20 05:45       123      
		</pre>
	</main>
	<hr/>
</body>

</html>
18:46:14.277 [pool-1-thread-1] TRACE f.m.indexer.core.download.Crawler - getFullUrl: http://central.maven.org/maven2/ant/ant-trax/, ../)
18:46:14.277 [pool-1-thread-1] TRACE f.m.indexer.core.download.Crawler - getFullUrl: http://central.maven.org/maven2/ant/ant-trax/, 1.6/)
18:46:14.277 [pool-1-thread-1] TRACE f.m.indexer.core.download.Crawler - getFullUrl: http://central.maven.org/maven2/ant/ant-trax/, 1.6.1/)
18:46:14.277 [pool-1-thread-1] TRACE f.m.indexer.core.download.Crawler - getFullUrl: http://central.maven.org/maven2/ant/ant-trax/, 1.6.2/)
18:46:14.278 [pool-1-thread-1] TRACE f.m.indexer.core.download.Crawler - getFullUrl: http://central.maven.org/maven2/ant/ant-trax/, 1.6.3/)
18:46:14.278 [pool-1-thread-1] TRACE f.m.indexer.core.download.Crawler - getFullUrl: http://central.maven.org/maven2/ant/ant-trax/, 1.6.4/)
18:46:14.278 [pool-1-thread-1] TRACE f.m.indexer.core.download.Crawler - getFullUrl: http://central.maven.org/maven2/ant/ant-trax/, 1.6.5/)
18:46:14.278 [pool-1-thread-1] TRACE f.m.indexer.core.download.Crawler - getFullUrl: http://central.maven.org/maven2/ant/ant-trax/, maven-metadata.xml)
18:46:14.278 [pool-1-thread-1] TRACE f.m.indexer.core.download.Crawler - getFullUrl: http://central.maven.org/maven2/ant/ant-trax/, maven-metadata.xml.md5)
18:46:14.278 [pool-1-thread-1] TRACE f.m.indexer.core.download.Crawler - getFullUrl: http://central.maven.org/maven2/ant/ant-trax/, maven-metadata.xml.sha1)
18:46:14.278 [pool-1-thread-1] TRACE f.m.indexer.core.download.Crawler - doNext: http://central.maven.org/maven2/ant/ant-trax/../
18:46:14.278 [pool-1-thread-1] TRACE f.m.indexer.core.download.Crawler - doNext: http://central.maven.org/maven2/ant/ant-trax/1.6/
18:46:14.278 [pool-1-thread-1] TRACE f.m.indexer.core.download.Crawler - search: http://central.maven.org/maven2/ant/ant-trax/1.6/
18:46:14.278 [pool-1-thread-1] TRACE f.m.indexer.core.download.Crawler - doNext: http://central.maven.org/maven2/ant/ant-trax/1.6.1/
18:46:14.278 [pool-1-thread-1] TRACE f.m.indexer.core.download.Crawler - search: http://central.maven.org/maven2/ant/ant-trax/1.6.1/
18:46:14.278 [pool-1-thread-1] TRACE f.m.indexer.core.download.Crawler - doNext: http://central.maven.org/maven2/ant/ant-trax/1.6.2/
18:46:14.278 [pool-1-thread-1] TRACE f.m.indexer.core.download.Crawler - search: http://central.maven.org/maven2/ant/ant-trax/1.6.2/
18:46:14.278 [pool-1-thread-1] TRACE f.m.indexer.core.download.Crawler - doNext: http://central.maven.org/maven2/ant/ant-trax/1.6.3/
18:46:14.278 [pool-1-thread-1] TRACE f.m.indexer.core.download.Crawler - search: http://central.maven.org/maven2/ant/ant-trax/1.6.3/
18:46:14.278 [pool-1-thread-1] TRACE f.m.indexer.core.download.Crawler - doNext: http://central.maven.org/maven2/ant/ant-trax/1.6.4/
18:46:14.278 [pool-1-thread-1] TRACE f.m.indexer.core.download.Crawler - search: http://central.maven.org/maven2/ant/ant-trax/1.6.4/
18:46:14.278 [pool-1-thread-1] TRACE f.m.indexer.core.download.Crawler - doNext: http://central.maven.org/maven2/ant/ant-trax/1.6.5/
18:46:14.279 [pool-1-thread-1] TRACE f.m.indexer.core.download.Crawler - search: http://central.maven.org/maven2/ant/ant-trax/1.6.5/
18:46:14.279 [pool-1-thread-1] TRACE f.m.indexer.core.download.Crawler - doNext: http://central.maven.org/maven2/ant/ant-trax/maven-metadata.xml
18:46:14.279 [pool-1-thread-1] TRACE f.m.indexer.core.download.Crawler - match: http://central.maven.org/maven2/ant/ant-trax/maven-metadata.xml
18:46:14.279 [pool-1-thread-1] TRACE f.m.indexer.core.download.Crawler - doNext: http://central.maven.org/maven2/ant/ant-trax/maven-metadata.xml.md5
18:46:14.279 [pool-1-thread-1] TRACE f.m.indexer.core.download.Crawler - doNext: http://central.maven.org/maven2/ant/ant-trax/maven-metadata.xml.sha1
18:46:14.279 [pool-1-thread-1] TRACE f.m.i.core.client.JerseyHttpClient - download: http://central.maven.org/maven2/ant/ant-icontract/1.6.2/
18:46:14.282 [pool-1-thread-5] TRACE f.m.indexer.core.download.Crawler - getLinks: <!DOCTYPE html>
<html>

<head>
	<title>Central Repository: ant/ant-swing</title>
	<meta name="viewport" content="width=device-width, initial-scale=1.0">
	<style>
body {
	background: #fff;
}
	</style>
</head>

<body>
	<header>
		<h1>ant/ant-swing</h1>
	</header>
	<hr/>
	<main>
		<pre id="contents">
<a href="../">../</a>
<a href="1.6/" title="1.6/">1.6/</a>                                              2005-09-20 05:44         -      
<a href="1.6.1/" title="1.6.1/">1.6.1/</a>                                            2005-09-20 05:44         -      
<a href="1.6.2/" title="1.6.2/">1.6.2/</a>                                            2005-09-20 05:44         -      
<a href="1.6.3/" title="1.6.3/">1.6.3/</a>                                            2005-09-20 05:44         -      
<a href="1.6.4/" title="1.6.4/">1.6.4/</a>                                            2005-09-20 05:44         -      
<a href="1.6.5/" title="1.6.5/">1.6.5/</a>                                            2005-09-20 05:44         -      
<a href="maven-metadata.xml" title="maven-metadata.xml">maven-metadata.xml</a>                                2005-09-20 05:44       355      
<a href="maven-metadata.xml.md5" title="maven-metadata.xml.md5">maven-metadata.xml.md5</a>                            2005-09-20 05:44        69      
<a href="maven-metadata.xml.sha1" title="maven-metadata.xml.sha1">maven-metadata.xml.sha1</a>                           2005-09-20 05:44       124      
		</pre>
	</main>
	<hr/>
</body>

</html>
18:46:14.283 [pool-1-thread-5] TRACE f.m.indexer.core.download.Crawler - getFullUrl: http://central.maven.org/maven2/ant/ant-swing/, ../)
18:46:14.283 [pool-1-thread-5] TRACE f.m.indexer.core.download.Crawler - getFullUrl: http://central.maven.org/maven2/ant/ant-swing/, 1.6/)
18:46:14.283 [pool-1-thread-5] TRACE f.m.indexer.core.download.Crawler - getFullUrl: http://central.maven.org/maven2/ant/ant-swing/, 1.6.1/)
18:46:14.283 [pool-1-thread-5] TRACE f.m.indexer.core.download.Crawler - getFullUrl: http://central.maven.org/maven2/ant/ant-swing/, 1.6.2/)
18:46:14.283 [pool-1-thread-5] TRACE f.m.indexer.core.download.Crawler - getFullUrl: http://central.maven.org/maven2/ant/ant-swing/, 1.6.3/)
18:46:14.283 [pool-1-thread-5] TRACE f.m.indexer.core.download.Crawler - getFullUrl: http://central.maven.org/maven2/ant/ant-swing/, 1.6.4/)
18:46:14.283 [pool-1-thread-5] TRACE f.m.indexer.core.download.Crawler - getFullUrl: http://central.maven.org/maven2/ant/ant-swing/, 1.6.5/)
18:46:14.283 [pool-1-thread-5] TRACE f.m.indexer.core.download.Crawler - getFullUrl: http://central.maven.org/maven2/ant/ant-swing/, maven-metadata.xml)
18:46:14.284 [pool-1-thread-5] TRACE f.m.indexer.core.download.Crawler - getFullUrl: http://central.maven.org/maven2/ant/ant-swing/, maven-metadata.xml.md5)
18:46:14.284 [pool-1-thread-5] TRACE f.m.indexer.core.download.Crawler - getFullUrl: http://central.maven.org/maven2/ant/ant-swing/, maven-metadata.xml.sha1)
18:46:14.284 [pool-1-thread-5] TRACE f.m.indexer.core.download.Crawler - doNext: http://central.maven.org/maven2/ant/ant-swing/../
18:46:14.284 [pool-1-thread-5] TRACE f.m.indexer.core.download.Crawler - doNext: http://central.maven.org/maven2/ant/ant-swing/1.6/
18:46:14.284 [pool-1-thread-5] TRACE f.m.indexer.core.download.Crawler - search: http://central.maven.org/maven2/ant/ant-swing/1.6/
18:46:14.284 [pool-1-thread-5] TRACE f.m.indexer.core.download.Crawler - doNext: http://central.maven.org/maven2/ant/ant-swing/1.6.1/
18:46:14.284 [pool-1-thread-5] TRACE f.m.indexer.core.download.Crawler - search: http://central.maven.org/maven2/ant/ant-swing/1.6.1/
18:46:14.284 [pool-1-thread-5] TRACE f.m.indexer.core.download.Crawler - doNext: http://central.maven.org/maven2/ant/ant-swing/1.6.2/
18:46:14.284 [pool-1-thread-5] TRACE f.m.indexer.core.download.Crawler - search: http://central.maven.org/maven2/ant/ant-swing/1.6.2/
18:46:14.284 [pool-1-thread-5] TRACE f.m.indexer.core.download.Crawler - doNext: http://central.maven.org/maven2/ant/ant-swing/1.6.3/
18:46:14.284 [pool-1-thread-5] TRACE f.m.indexer.core.download.Crawler - search: http://central.maven.org/maven2/ant/ant-swing/1.6.3/
18:46:14.284 [pool-1-thread-5] TRACE f.m.indexer.core.download.Crawler - doNext: http://central.maven.org/maven2/ant/ant-swing/1.6.4/
18:46:14.284 [pool-1-thread-5] TRACE f.m.indexer.core.download.Crawler - search: http://central.maven.org/maven2/ant/ant-swing/1.6.4/
18:46:14.284 [pool-1-thread-5] TRACE f.m.indexer.core.download.Crawler - doNext: http://central.maven.org/maven2/ant/ant-swing/1.6.5/
18:46:14.284 [pool-1-thread-5] TRACE f.m.indexer.core.download.Crawler - search: http://central.maven.org/maven2/ant/ant-swing/1.6.5/
18:46:14.284 [pool-1-thread-5] TRACE f.m.indexer.core.download.Crawler - doNext: http://central.maven.org/maven2/ant/ant-swing/maven-metadata.xml
18:46:14.284 [pool-1-thread-5] TRACE f.m.indexer.core.download.Crawler - match: http://central.maven.org/maven2/ant/ant-swing/maven-metadata.xml
18:46:14.285 [pool-1-thread-5] TRACE f.m.indexer.core.download.Crawler - doNext: http://central.maven.org/maven2/ant/ant-swing/maven-metadata.xml.md5
18:46:14.285 [pool-1-thread-5] TRACE f.m.indexer.core.download.Crawler - doNext: http://central.maven.org/maven2/ant/ant-swing/maven-metadata.xml.sha1
18:46:14.285 [pool-1-thread-5] TRACE f.m.i.core.client.JerseyHttpClient - download: http://central.maven.org/maven2/ant/ant-icontract/1.6.3/
18:46:14.288 [pool-1-thread-3] TRACE f.m.indexer.core.download.Crawler - getLinks: <!DOCTYPE html>
<html>

<head>
	<title>Central Repository: ant/ant-commons-net/1.6.1</title>
	<meta name="viewport" content="width=device-width, initial-scale=1.0">
	<style>
body {
	background: #fff;
}
	</style>
</head>

<body>
	<header>
		<h1>ant/ant-commons-net/1.6.1</h1>
	</header>
	<hr/>
	<main>
		<pre id="contents">
<a href="../">../</a>
<a href="ant-commons-net-1.6.1.jar" title="ant-commons-net-1.6.1.jar">ant-commons-net-1.6.1.jar</a>                         2005-09-20 05:44     34888      
<a href="ant-commons-net-1.6.1.jar.md5" title="ant-commons-net-1.6.1.jar.md5">ant-commons-net-1.6.1.jar.md5</a>                     2005-09-20 05:44        32      
<a href="ant-commons-net-1.6.1.jar.sha1" title="ant-commons-net-1.6.1.jar.sha1">ant-commons-net-1.6.1.jar.sha1</a>                    2005-09-20 05:44        40      
<a href="ant-commons-net-1.6.1.pom" title="ant-commons-net-1.6.1.pom">ant-commons-net-1.6.1.pom</a>                         2005-09-20 05:44       152      
<a href="ant-commons-net-1.6.1.pom.md5" title="ant-commons-net-1.6.1.pom.md5">ant-commons-net-1.6.1.pom.md5</a>                     2005-09-20 05:44        32      
<a href="ant-commons-net-1.6.1.pom.sha1" title="ant-commons-net-1.6.1.pom.sha1">ant-commons-net-1.6.1.pom.sha1</a>                    2005-09-20 05:44        40      
<a href="maven-metadata.xml" title="maven-metadata.xml">maven-metadata.xml</a>                                2005-09-20 05:44       117      
<a href="maven-metadata.xml.md5" title="maven-metadata.xml.md5">maven-metadata.xml.md5</a>                            2005-09-20 05:44        81      
<a href="maven-metadata.xml.sha1" title="maven-metadata.xml.sha1">maven-metadata.xml.sha1</a>                           2005-09-20 05:44       136      
		</pre>
	</main>
	<hr/>
</body>

</html>
18:46:14.289 [pool-1-thread-3] TRACE f.m.indexer.core.download.Crawler - getFullUrl: http://central.maven.org/maven2/ant/ant-commons-net/1.6.1/, ../)
18:46:14.289 [pool-1-thread-3] TRACE f.m.indexer.core.download.Crawler - getFullUrl: http://central.maven.org/maven2/ant/ant-commons-net/1.6.1/, ant-commons-net-1.6.1.jar)
18:46:14.289 [pool-1-thread-3] TRACE f.m.indexer.core.download.Crawler - getFullUrl: http://central.maven.org/maven2/ant/ant-commons-net/1.6.1/, ant-commons-net-1.6.1.jar.md5)
18:46:14.289 [pool-1-thread-3] TRACE f.m.indexer.core.download.Crawler - getFullUrl: http://central.maven.org/maven2/ant/ant-commons-net/1.6.1/, ant-commons-net-1.6.1.jar.sha1)
18:46:14.289 [pool-1-thread-3] TRACE f.m.indexer.core.download.Crawler - getFullUrl: http://central.maven.org/maven2/ant/ant-commons-net/1.6.1/, ant-commons-net-1.6.1.pom)
18:46:14.289 [pool-1-thread-3] TRACE f.m.indexer.core.download.Crawler - getFullUrl: http://central.maven.org/maven2/ant/ant-commons-net/1.6.1/, ant-commons-net-1.6.1.pom.md5)
18:46:14.289 [pool-1-thread-3] TRACE f.m.indexer.core.download.Crawler - getFullUrl: http://central.maven.org/maven2/ant/ant-commons-net/1.6.1/, ant-commons-net-1.6.1.pom.sha1)
18:46:14.289 [pool-1-thread-3] TRACE f.m.indexer.core.download.Crawler - getFullUrl: http://central.maven.org/maven2/ant/ant-commons-net/1.6.1/, maven-metadata.xml)
18:46:14.289 [pool-1-thread-3] TRACE f.m.indexer.core.download.Crawler - getFullUrl: http://central.maven.org/maven2/ant/ant-commons-net/1.6.1/, maven-metadata.xml.md5)
18:46:14.289 [pool-1-thread-3] TRACE f.m.indexer.core.download.Crawler - getFullUrl: http://central.maven.org/maven2/ant/ant-commons-net/1.6.1/, maven-metadata.xml.sha1)
18:46:14.289 [pool-1-thread-3] TRACE f.m.indexer.core.download.Crawler - doNext: http://central.maven.org/maven2/ant/ant-commons-net/1.6.1/../
18:46:14.289 [pool-1-thread-3] TRACE f.m.indexer.core.download.Crawler - doNext: http://central.maven.org/maven2/ant/ant-commons-net/1.6.1/ant-commons-net-1.6.1.jar
18:46:14.290 [pool-1-thread-3] TRACE f.m.indexer.core.download.Crawler - doNext: http://central.maven.org/maven2/ant/ant-commons-net/1.6.1/ant-commons-net-1.6.1.jar.md5
18:46:14.290 [pool-1-thread-3] TRACE f.m.indexer.core.download.Crawler - doNext: http://central.maven.org/maven2/ant/ant-commons-net/1.6.1/ant-commons-net-1.6.1.jar.sha1
18:46:14.290 [pool-1-thread-3] TRACE f.m.indexer.core.download.Crawler - doNext: http://central.maven.org/maven2/ant/ant-commons-net/1.6.1/ant-commons-net-1.6.1.pom
18:46:14.290 [pool-1-thread-3] TRACE f.m.indexer.core.download.Crawler - doNext: http://central.maven.org/maven2/ant/ant-commons-net/1.6.1/ant-commons-net-1.6.1.pom.md5
18:46:14.290 [pool-1-thread-3] TRACE f.m.indexer.core.download.Crawler - doNext: http://central.maven.org/maven2/ant/ant-commons-net/1.6.1/ant-commons-net-1.6.1.pom.sha1
18:46:14.290 [pool-1-thread-3] TRACE f.m.indexer.core.download.Crawler - doNext: http://central.maven.org/maven2/ant/ant-commons-net/1.6.1/maven-metadata.xml
18:46:14.290 [pool-1-thread-3] TRACE f.m.indexer.core.download.Crawler - match: http://central.maven.org/maven2/ant/ant-commons-net/1.6.1/maven-metadata.xml
18:46:14.290 [pool-1-thread-3] TRACE f.m.indexer.core.download.Crawler - doNext: http://central.maven.org/maven2/ant/ant-commons-net/1.6.1/maven-metadata.xml.md5
18:46:14.290 [pool-1-thread-3] TRACE f.m.indexer.core.download.Crawler - doNext: http://central.maven.org/maven2/ant/ant-commons-net/1.6.1/maven-metadata.xml.sha1
18:46:14.290 [pool-1-thread-3] TRACE f.m.i.core.client.JerseyHttpClient - download: http://central.maven.org/maven2/ant/ant-icontract/1.6.4/
18:46:14.299 [pool-1-thread-2] TRACE f.m.indexer.core.download.Crawler - getLinks: <!DOCTYPE html>
<html>

<head>
	<title>Central Repository: ant/ant-commons-net/1.6.2</title>
	<meta name="viewport" content="width=device-width, initial-scale=1.0">
	<style>
body {
	background: #fff;
}
	</style>
</head>

<body>
	<header>
		<h1>ant/ant-commons-net/1.6.2</h1>
	</header>
	<hr/>
	<main>
		<pre id="contents">
<a href="../">../</a>
<a href="ant-commons-net-1.6.2.jar" title="ant-commons-net-1.6.2.jar">ant-commons-net-1.6.2.jar</a>                         2005-09-20 05:44     35242      
<a href="ant-commons-net-1.6.2.jar.md5" title="ant-commons-net-1.6.2.jar.md5">ant-commons-net-1.6.2.jar.md5</a>                     2005-09-20 05:44        32      
<a href="ant-commons-net-1.6.2.jar.sha1" title="ant-commons-net-1.6.2.jar.sha1">ant-commons-net-1.6.2.jar.sha1</a>                    2005-09-20 05:44        40      
<a href="ant-commons-net-1.6.2.pom" title="ant-commons-net-1.6.2.pom">ant-commons-net-1.6.2.pom</a>                         2005-09-20 05:44       152      
<a href="ant-commons-net-1.6.2.pom.md5" title="ant-commons-net-1.6.2.pom.md5">ant-commons-net-1.6.2.pom.md5</a>                     2005-09-20 05:44        32      
<a href="ant-commons-net-1.6.2.pom.sha1" title="ant-commons-net-1.6.2.pom.sha1">ant-commons-net-1.6.2.pom.sha1</a>                    2005-09-20 05:44        40      
<a href="maven-metadata.xml" title="maven-metadata.xml">maven-metadata.xml</a>                                2005-09-20 05:44       117      
<a href="maven-metadata.xml.md5" title="maven-metadata.xml.md5">maven-metadata.xml.md5</a>                            2005-09-20 05:44        81      
<a href="maven-metadata.xml.sha1" title="maven-metadata.xml.sha1">maven-metadata.xml.sha1</a>                           2005-09-20 05:44       136      
		</pre>
	</main>
	<hr/>
</body>

</html>
18:46:14.300 [pool-1-thread-2] TRACE f.m.indexer.core.download.Crawler - getFullUrl: http://central.maven.org/maven2/ant/ant-commons-net/1.6.2/, ../)
18:46:14.300 [pool-1-thread-2] TRACE f.m.indexer.core.download.Crawler - getFullUrl: http://central.maven.org/maven2/ant/ant-commons-net/1.6.2/, ant-commons-net-1.6.2.jar)
18:46:14.300 [pool-1-thread-2] TRACE f.m.indexer.core.download.Crawler - getFullUrl: http://central.maven.org/maven2/ant/ant-commons-net/1.6.2/, ant-commons-net-1.6.2.jar.md5)
18:46:14.300 [pool-1-thread-2] TRACE f.m.indexer.core.download.Crawler - getFullUrl: http://central.maven.org/maven2/ant/ant-commons-net/1.6.2/, ant-commons-net-1.6.2.jar.sha1)
18:46:14.300 [pool-1-thread-2] TRACE f.m.indexer.core.download.Crawler - getFullUrl: http://central.maven.org/maven2/ant/ant-commons-net/1.6.2/, ant-commons-net-1.6.2.pom)
18:46:14.300 [pool-1-thread-2] TRACE f.m.indexer.core.download.Crawler - getFullUrl: http://central.maven.org/maven2/ant/ant-commons-net/1.6.2/, ant-commons-net-1.6.2.pom.md5)
18:46:14.300 [pool-1-thread-2] TRACE f.m.indexer.core.download.Crawler - getFullUrl: http://central.maven.org/maven2/ant/ant-commons-net/1.6.2/, ant-commons-net-1.6.2.pom.sha1)
18:46:14.300 [pool-1-thread-2] TRACE f.m.indexer.core.download.Crawler - getFullUrl: http://central.maven.org/maven2/ant/ant-commons-net/1.6.2/, maven-metadata.xml)
18:46:14.300 [pool-1-thread-2] TRACE f.m.indexer.core.download.Crawler - getFullUrl: http://central.maven.org/maven2/ant/ant-commons-net/1.6.2/, maven-metadata.xml.md5)
18:46:14.300 [pool-1-thread-2] TRACE f.m.indexer.core.download.Crawler - getFullUrl: http://central.maven.org/maven2/ant/ant-commons-net/1.6.2/, maven-metadata.xml.sha1)
18:46:14.300 [pool-1-thread-2] TRACE f.m.indexer.core.download.Crawler - doNext: http://central.maven.org/maven2/ant/ant-commons-net/1.6.2/../
18:46:14.300 [pool-1-thread-2] TRACE f.m.indexer.core.download.Crawler - doNext: http://central.maven.org/maven2/ant/ant-commons-net/1.6.2/ant-commons-net-1.6.2.jar
18:46:14.300 [pool-1-thread-2] TRACE f.m.indexer.core.download.Crawler - doNext: http://central.maven.org/maven2/ant/ant-commons-net/1.6.2/ant-commons-net-1.6.2.jar.md5
18:46:14.301 [pool-1-thread-2] TRACE f.m.indexer.core.download.Crawler - doNext: http://central.maven.org/maven2/ant/ant-commons-net/1.6.2/ant-commons-net-1.6.2.jar.sha1
18:46:14.301 [pool-1-thread-2] TRACE f.m.indexer.core.download.Crawler - doNext: http://central.maven.org/maven2/ant/ant-commons-net/1.6.2/ant-commons-net-1.6.2.pom
18:46:14.301 [pool-1-thread-2] TRACE f.m.indexer.core.download.Crawler - doNext: http://central.maven.org/maven2/ant/ant-commons-net/1.6.2/ant-commons-net-1.6.2.pom.md5
18:46:14.301 [pool-1-thread-2] TRACE f.m.indexer.core.download.Crawler - doNext: http://central.maven.org/maven2/ant/ant-commons-net/1.6.2/ant-commons-net-1.6.2.pom.sha1
18:46:14.301 [pool-1-thread-2] TRACE f.m.indexer.core.download.Crawler - doNext: http://central.maven.org/maven2/ant/ant-commons-net/1.6.2/maven-metadata.xml
18:46:14.301 [pool-1-thread-2] TRACE f.m.indexer.core.download.Crawler - match: http://central.maven.org/maven2/ant/ant-commons-net/1.6.2/maven-metadata.xml
18:46:14.301 [pool-1-thread-2] TRACE f.m.indexer.core.download.Crawler - doNext: http://central.maven.org/maven2/ant/ant-commons-net/1.6.2/maven-metadata.xml.md5
18:46:14.301 [pool-1-thread-2] TRACE f.m.indexer.core.download.Crawler - doNext: http://central.maven.org/maven2/ant/ant-commons-net/1.6.2/maven-metadata.xml.sha1
18:46:14.301 [pool-1-thread-2] TRACE f.m.i.core.client.JerseyHttpClient - download: http://central.maven.org/maven2/ant/ant-icontract/1.6.5/
18:46:14.311 [pool-1-thread-9] TRACE f.m.indexer.core.download.Crawler - getLinks: <!DOCTYPE html>
<html>

<head>
	<title>Central Repository: ant/ant-commons-net/1.6.5</title>
	<meta name="viewport" content="width=device-width, initial-scale=1.0">
	<style>
body {
	background: #fff;
}
	</style>
</head>

<body>
	<header>
		<h1>ant/ant-commons-net/1.6.5</h1>
	</header>
	<hr/>
	<main>
		<pre id="contents">
<a href="../">../</a>
<a href="ant-commons-net-1.6.5.jar" title="ant-commons-net-1.6.5.jar">ant-commons-net-1.6.5.jar</a>                         2005-09-20 05:44     35303      
<a href="ant-commons-net-1.6.5.jar.md5" title="ant-commons-net-1.6.5.jar.md5">ant-commons-net-1.6.5.jar.md5</a>                     2005-09-20 05:44        32      
<a href="ant-commons-net-1.6.5.jar.sha1" title="ant-commons-net-1.6.5.jar.sha1">ant-commons-net-1.6.5.jar.sha1</a>                    2005-09-20 05:44        40      
<a href="ant-commons-net-1.6.5.pom" title="ant-commons-net-1.6.5.pom">ant-commons-net-1.6.5.pom</a>                         2005-09-20 05:44       152      
<a href="ant-commons-net-1.6.5.pom.md5" title="ant-commons-net-1.6.5.pom.md5">ant-commons-net-1.6.5.pom.md5</a>                     2005-09-20 05:44        32      
<a href="ant-commons-net-1.6.5.pom.sha1" title="ant-commons-net-1.6.5.pom.sha1">ant-commons-net-1.6.5.pom.sha1</a>                    2005-09-20 05:44        40      
<a href="maven-metadata.xml" title="maven-metadata.xml">maven-metadata.xml</a>                                2005-09-20 05:44       117      
<a href="maven-metadata.xml.md5" title="maven-metadata.xml.md5">maven-metadata.xml.md5</a>                            2005-09-20 05:44        81      
<a href="maven-metadata.xml.sha1" title="maven-metadata.xml.sha1">maven-metadata.xml.sha1</a>                           2005-09-20 05:44       136      
		</pre>
	</main>
	<hr/>
</body>

</html>
18:46:14.311 [pool-1-thread-9] TRACE f.m.indexer.core.download.Crawler - getFullUrl: http://central.maven.org/maven2/ant/ant-commons-net/1.6.5/, ../)
18:46:14.311 [pool-1-thread-9] TRACE f.m.indexer.core.download.Crawler - getFullUrl: http://central.maven.org/maven2/ant/ant-commons-net/1.6.5/, ant-commons-net-1.6.5.jar)
18:46:14.311 [pool-1-thread-9] TRACE f.m.indexer.core.download.Crawler - getFullUrl: http://central.maven.org/maven2/ant/ant-commons-net/1.6.5/, ant-commons-net-1.6.5.jar.md5)
18:46:14.311 [pool-1-thread-9] TRACE f.m.indexer.core.download.Crawler - getFullUrl: http://central.maven.org/maven2/ant/ant-commons-net/1.6.5/, ant-commons-net-1.6.5.jar.sha1)
18:46:14.312 [pool-1-thread-9] TRACE f.m.indexer.core.download.Crawler - getFullUrl: http://central.maven.org/maven2/ant/ant-commons-net/1.6.5/, ant-commons-net-1.6.5.pom)
18:46:14.312 [pool-1-thread-9] TRACE f.m.indexer.core.download.Crawler - getFullUrl: http://central.maven.org/maven2/ant/ant-commons-net/1.6.5/, ant-commons-net-1.6.5.pom.md5)
18:46:14.312 [pool-1-thread-9] TRACE f.m.indexer.core.download.Crawler - getFullUrl: http://central.maven.org/maven2/ant/ant-commons-net/1.6.5/, ant-commons-net-1.6.5.pom.sha1)
18:46:14.312 [pool-1-thread-9] TRACE f.m.indexer.core.download.Crawler - getFullUrl: http://central.maven.org/maven2/ant/ant-commons-net/1.6.5/, maven-metadata.xml)
18:46:14.312 [pool-1-thread-9] TRACE f.m.indexer.core.download.Crawler - getFullUrl: http://central.maven.org/maven2/ant/ant-commons-net/1.6.5/, maven-metadata.xml.md5)
18:46:14.312 [pool-1-thread-9] TRACE f.m.indexer.core.download.Crawler - getFullUrl: http://central.maven.org/maven2/ant/ant-commons-net/1.6.5/, maven-metadata.xml.sha1)
18:46:14.312 [pool-1-thread-9] TRACE f.m.indexer.core.download.Crawler - doNext: http://central.maven.org/maven2/ant/ant-commons-net/1.6.5/../
18:46:14.312 [pool-1-thread-9] TRACE f.m.indexer.core.download.Crawler - doNext: http://central.maven.org/maven2/ant/ant-commons-net/1.6.5/ant-commons-net-1.6.5.jar
18:46:14.312 [pool-1-thread-9] TRACE f.m.indexer.core.download.Crawler - doNext: http://central.maven.org/maven2/ant/ant-commons-net/1.6.5/ant-commons-net-1.6.5.jar.md5
18:46:14.312 [pool-1-thread-9] TRACE f.m.indexer.core.download.Crawler - doNext: http://central.maven.org/maven2/ant/ant-commons-net/1.6.5/ant-commons-net-1.6.5.jar.sha1
18:46:14.312 [pool-1-thread-9] TRACE f.m.indexer.core.download.Crawler - doNext: http://central.maven.org/maven2/ant/ant-commons-net/1.6.5/ant-commons-net-1.6.5.pom
18:46:14.312 [pool-1-thread-9] TRACE f.m.indexer.core.download.Crawler - doNext: http://central.maven.org/maven2/ant/ant-commons-net/1.6.5/ant-commons-net-1.6.5.pom.md5
18:46:14.312 [pool-1-thread-9] TRACE f.m.indexer.core.download.Crawler - doNext: http://central.maven.org/maven2/ant/ant-commons-net/1.6.5/ant-commons-net-1.6.5.pom.sha1
18:46:14.312 [pool-1-thread-9] TRACE f.m.indexer.core.download.Crawler - doNext: http://central.maven.org/maven2/ant/ant-commons-net/1.6.5/maven-metadata.xml
18:46:14.312 [pool-1-thread-9] TRACE f.m.indexer.core.download.Crawler - match: http://central.maven.org/maven2/ant/ant-commons-net/1.6.5/maven-metadata.xml
18:46:14.312 [pool-1-thread-9] TRACE f.m.indexer.core.download.Crawler - doNext: http://central.maven.org/maven2/ant/ant-commons-net/1.6.5/maven-metadata.xml.md5
18:46:14.312 [pool-1-thread-9] TRACE f.m.indexer.core.download.Crawler - doNext: http://central.maven.org/maven2/ant/ant-commons-net/1.6.5/maven-metadata.xml.sha1
18:46:14.313 [pool-1-thread-9] TRACE f.m.i.core.client.JerseyHttpClient - download: http://central.maven.org/maven2/ant/ant-icontract/maven-metadata.xml
18:46:14.316 [pool-1-thread-10] TRACE f.m.indexer.core.download.Crawler - getLinks: <!DOCTYPE html>
<html>

<head>
	<title>Central Repository: ant/ant-commons-net/1.6.3</title>
	<meta name="viewport" content="width=device-width, initial-scale=1.0">
	<style>
body {
	background: #fff;
}
	</style>
</head>

<body>
	<header>
		<h1>ant/ant-commons-net/1.6.3</h1>
	</header>
	<hr/>
	<main>
		<pre id="contents">
<a href="../">../</a>
<a href="ant-commons-net-1.6.3.jar" title="ant-commons-net-1.6.3.jar">ant-commons-net-1.6.3.jar</a>                         2005-09-20 05:44     35303      
<a href="ant-commons-net-1.6.3.jar.md5" title="ant-commons-net-1.6.3.jar.md5">ant-commons-net-1.6.3.jar.md5</a>                     2005-09-20 05:44        32      
<a href="ant-commons-net-1.6.3.jar.sha1" title="ant-commons-net-1.6.3.jar.sha1">ant-commons-net-1.6.3.jar.sha1</a>                    2005-09-20 05:44        40      
<a href="ant-commons-net-1.6.3.pom" title="ant-commons-net-1.6.3.pom">ant-commons-net-1.6.3.pom</a>                         2005-09-20 05:44       152      
<a href="ant-commons-net-1.6.3.pom.md5" title="ant-commons-net-1.6.3.pom.md5">ant-commons-net-1.6.3.pom.md5</a>                     2005-09-20 05:44        32      
<a href="ant-commons-net-1.6.3.pom.sha1" title="ant-commons-net-1.6.3.pom.sha1">ant-commons-net-1.6.3.pom.sha1</a>                    2005-09-20 05:44        40      
<a href="maven-metadata.xml" title="maven-metadata.xml">maven-metadata.xml</a>                                2005-09-20 05:44       117      
<a href="maven-metadata.xml.md5" title="maven-metadata.xml.md5">maven-metadata.xml.md5</a>                            2005-09-20 05:44        81      
<a href="maven-metadata.xml.sha1" title="maven-metadata.xml.sha1">maven-metadata.xml.sha1</a>                           2005-09-20 05:44       136      
		</pre>
	</main>
	<hr/>
</body>

</html>
18:46:14.317 [pool-1-thread-10] TRACE f.m.indexer.core.download.Crawler - getFullUrl: http://central.maven.org/maven2/ant/ant-commons-net/1.6.3/, ../)
18:46:14.317 [pool-1-thread-10] TRACE f.m.indexer.core.download.Crawler - getFullUrl: http://central.maven.org/maven2/ant/ant-commons-net/1.6.3/, ant-commons-net-1.6.3.jar)
18:46:14.317 [pool-1-thread-10] TRACE f.m.indexer.core.download.Crawler - getFullUrl: http://central.maven.org/maven2/ant/ant-commons-net/1.6.3/, ant-commons-net-1.6.3.jar.md5)
18:46:14.317 [pool-1-thread-10] TRACE f.m.indexer.core.download.Crawler - getFullUrl: http://central.maven.org/maven2/ant/ant-commons-net/1.6.3/, ant-commons-net-1.6.3.jar.sha1)
18:46:14.317 [pool-1-thread-10] TRACE f.m.indexer.core.download.Crawler - getFullUrl: http://central.maven.org/maven2/ant/ant-commons-net/1.6.3/, ant-commons-net-1.6.3.pom)
18:46:14.317 [pool-1-thread-10] TRACE f.m.indexer.core.download.Crawler - getFullUrl: http://central.maven.org/maven2/ant/ant-commons-net/1.6.3/, ant-commons-net-1.6.3.pom.md5)
18:46:14.317 [pool-1-thread-10] TRACE f.m.indexer.core.download.Crawler - getFullUrl: http://central.maven.org/maven2/ant/ant-commons-net/1.6.3/, ant-commons-net-1.6.3.pom.sha1)
18:46:14.317 [pool-1-thread-10] TRACE f.m.indexer.core.download.Crawler - getFullUrl: http://central.maven.org/maven2/ant/ant-commons-net/1.6.3/, maven-metadata.xml)
18:46:14.317 [pool-1-thread-10] TRACE f.m.indexer.core.download.Crawler - getFullUrl: http://central.maven.org/maven2/ant/ant-commons-net/1.6.3/, maven-metadata.xml.md5)
18:46:14.317 [pool-1-thread-10] TRACE f.m.indexer.core.download.Crawler - getFullUrl: http://central.maven.org/maven2/ant/ant-commons-net/1.6.3/, maven-metadata.xml.sha1)
18:46:14.317 [pool-1-thread-10] TRACE f.m.indexer.core.download.Crawler - doNext: http://central.maven.org/maven2/ant/ant-commons-net/1.6.3/../
18:46:14.317 [pool-1-thread-10] TRACE f.m.indexer.core.download.Crawler - doNext: http://central.maven.org/maven2/ant/ant-commons-net/1.6.3/ant-commons-net-1.6.3.jar
18:46:14.317 [pool-1-thread-10] TRACE f.m.indexer.core.download.Crawler - doNext: http://central.maven.org/maven2/ant/ant-commons-net/1.6.3/ant-commons-net-1.6.3.jar.md5
18:46:14.317 [pool-1-thread-10] TRACE f.m.indexer.core.download.Crawler - doNext: http://central.maven.org/maven2/ant/ant-commons-net/1.6.3/ant-commons-net-1.6.3.jar.sha1
18:46:14.317 [pool-1-thread-10] TRACE f.m.indexer.core.download.Crawler - doNext: http://central.maven.org/maven2/ant/ant-commons-net/1.6.3/ant-commons-net-1.6.3.pom
18:46:14.317 [pool-1-thread-10] TRACE f.m.indexer.core.download.Crawler - doNext: http://central.maven.org/maven2/ant/ant-commons-net/1.6.3/ant-commons-net-1.6.3.pom.md5
18:46:14.317 [pool-1-thread-10] TRACE f.m.indexer.core.download.Crawler - doNext: http://central.maven.org/maven2/ant/ant-commons-net/1.6.3/ant-commons-net-1.6.3.pom.sha1
18:46:14.317 [pool-1-thread-10] TRACE f.m.indexer.core.download.Crawler - doNext: http://central.maven.org/maven2/ant/ant-commons-net/1.6.3/maven-metadata.xml
18:46:14.317 [pool-1-thread-10] TRACE f.m.indexer.core.download.Crawler - match: http://central.maven.org/maven2/ant/ant-commons-net/1.6.3/maven-metadata.xml
18:46:14.318 [pool-1-thread-10] TRACE f.m.indexer.core.download.Crawler - doNext: http://central.maven.org/maven2/ant/ant-commons-net/1.6.3/maven-metadata.xml.md5
18:46:14.318 [pool-1-thread-10] TRACE f.m.indexer.core.download.Crawler - doNext: http://central.maven.org/maven2/ant/ant-commons-net/1.6.3/maven-metadata.xml.sha1
18:46:14.318 [pool-1-thread-10] TRACE f.m.i.core.client.JerseyHttpClient - download: http://central.maven.org/maven2/ant/ant-jai/1.6/
18:46:14.327 [pool-1-thread-4] TRACE f.m.indexer.artifact.MetadataHandler - match: http://central.maven.org/maven2/ant/ant-commons-net/maven-metadata.xml
18:46:14.390 [pool-1-thread-7] TRACE f.m.indexer.core.download.Crawler - getLinks: <!DOCTYPE html>
<html>

<head>
	<title>Central Repository: ant/ant-commons-net/1.6.4</title>
	<meta name="viewport" content="width=device-width, initial-scale=1.0">
	<style>
body {
	background: #fff;
}
	</style>
</head>

<body>
	<header>
		<h1>ant/ant-commons-net/1.6.4</h1>
	</header>
	<hr/>
	<main>
		<pre id="contents">
<a href="../">../</a>
<a href="ant-commons-net-1.6.4.jar" title="ant-commons-net-1.6.4.jar">ant-commons-net-1.6.4.jar</a>                         2005-09-20 05:44     35303      
<a href="ant-commons-net-1.6.4.jar.md5" title="ant-commons-net-1.6.4.jar.md5">ant-commons-net-1.6.4.jar.md5</a>                     2005-09-20 05:44        32      
<a href="ant-commons-net-1.6.4.jar.sha1" title="ant-commons-net-1.6.4.jar.sha1">ant-commons-net-1.6.4.jar.sha1</a>                    2005-09-20 05:44        40      
<a href="ant-commons-net-1.6.4.pom" title="ant-commons-net-1.6.4.pom">ant-commons-net-1.6.4.pom</a>                         2005-09-20 05:44       152      
<a href="ant-commons-net-1.6.4.pom.md5" title="ant-commons-net-1.6.4.pom.md5">ant-commons-net-1.6.4.pom.md5</a>                     2005-09-20 05:44        32      
<a href="ant-commons-net-1.6.4.pom.sha1" title="ant-commons-net-1.6.4.pom.sha1">ant-commons-net-1.6.4.pom.sha1</a>                    2005-09-20 05:44        40      
<a href="maven-metadata.xml" title="maven-metadata.xml">maven-metadata.xml</a>                                2005-09-20 05:44       117      
<a href="maven-metadata.xml.md5" title="maven-metadata.xml.md5">maven-metadata.xml.md5</a>                            2005-09-20 05:44        81      
<a href="maven-metadata.xml.sha1" title="maven-metadata.xml.sha1">maven-metadata.xml.sha1</a>                           2005-09-20 05:44       136      
		</pre>
	</main>
	<hr/>
</body>

</html>
18:46:14.390 [pool-1-thread-7] TRACE f.m.indexer.core.download.Crawler - getFullUrl: http://central.maven.org/maven2/ant/ant-commons-net/1.6.4/, ../)
18:46:14.390 [pool-1-thread-7] TRACE f.m.indexer.core.download.Crawler - getFullUrl: http://central.maven.org/maven2/ant/ant-commons-net/1.6.4/, ant-commons-net-1.6.4.jar)
18:46:14.390 [pool-1-thread-7] TRACE f.m.indexer.core.download.Crawler - getFullUrl: http://central.maven.org/maven2/ant/ant-commons-net/1.6.4/, ant-commons-net-1.6.4.jar.md5)
18:46:14.390 [pool-1-thread-7] TRACE f.m.indexer.core.download.Crawler - getFullUrl: http://central.maven.org/maven2/ant/ant-commons-net/1.6.4/, ant-commons-net-1.6.4.jar.sha1)
18:46:14.390 [pool-1-thread-7] TRACE f.m.indexer.core.download.Crawler - getFullUrl: http://central.maven.org/maven2/ant/ant-commons-net/1.6.4/, ant-commons-net-1.6.4.pom)
18:46:14.390 [pool-1-thread-7] TRACE f.m.indexer.core.download.Crawler - getFullUrl: http://central.maven.org/maven2/ant/ant-commons-net/1.6.4/, ant-commons-net-1.6.4.pom.md5)
18:46:14.390 [pool-1-thread-7] TRACE f.m.indexer.core.download.Crawler - getFullUrl: http://central.maven.org/maven2/ant/ant-commons-net/1.6.4/, ant-commons-net-1.6.4.pom.sha1)
18:46:14.390 [pool-1-thread-7] TRACE f.m.indexer.core.download.Crawler - getFullUrl: http://central.maven.org/maven2/ant/ant-commons-net/1.6.4/, maven-metadata.xml)
18:46:14.390 [pool-1-thread-7] TRACE f.m.indexer.core.download.Crawler - getFullUrl: http://central.maven.org/maven2/ant/ant-commons-net/1.6.4/, maven-metadata.xml.md5)
18:46:14.390 [pool-1-thread-7] TRACE f.m.indexer.core.download.Crawler - getFullUrl: http://central.maven.org/maven2/ant/ant-commons-net/1.6.4/, maven-metadata.xml.sha1)
18:46:14.390 [pool-1-thread-7] TRACE f.m.indexer.core.download.Crawler - doNext: http://central.maven.org/maven2/ant/ant-commons-net/1.6.4/../
18:46:14.390 [pool-1-thread-7] TRACE f.m.indexer.core.download.Crawler - doNext: http://central.maven.org/maven2/ant/ant-commons-net/1.6.4/ant-commons-net-1.6.4.jar
18:46:14.390 [pool-1-thread-7] TRACE f.m.indexer.core.download.Crawler - doNext: http://central.maven.org/maven2/ant/ant-commons-net/1.6.4/ant-commons-net-1.6.4.jar.md5
18:46:14.390 [pool-1-thread-7] TRACE f.m.indexer.core.download.Crawler - doNext: http://central.maven.org/maven2/ant/ant-commons-net/1.6.4/ant-commons-net-1.6.4.jar.sha1
18:46:14.390 [pool-1-thread-7] TRACE f.m.indexer.core.download.Crawler - doNext: http://central.maven.org/maven2/ant/ant-commons-net/1.6.4/ant-commons-net-1.6.4.pom
18:46:14.390 [pool-1-thread-7] TRACE f.m.indexer.core.download.Crawler - doNext: http://central.maven.org/maven2/ant/ant-commons-net/1.6.4/ant-commons-net-1.6.4.pom.md5
18:46:14.390 [pool-1-thread-7] TRACE f.m.indexer.core.download.Crawler - doNext: http://central.maven.org/maven2/ant/ant-commons-net/1.6.4/ant-commons-net-1.6.4.pom.sha1
18:46:14.390 [pool-1-thread-7] TRACE f.m.indexer.core.download.Crawler - doNext: http://central.maven.org/maven2/ant/ant-commons-net/1.6.4/maven-metadata.xml
18:46:14.390 [pool-1-thread-7] TRACE f.m.indexer.core.download.Crawler - match: http://central.maven.org/maven2/ant/ant-commons-net/1.6.4/maven-metadata.xml
18:46:14.390 [pool-1-thread-7] TRACE f.m.indexer.core.download.Crawler - doNext: http://central.maven.org/maven2/ant/ant-commons-net/1.6.4/maven-metadata.xml.md5
18:46:14.390 [pool-1-thread-7] TRACE f.m.indexer.core.download.Crawler - doNext: http://central.maven.org/maven2/ant/ant-commons-net/1.6.4/maven-metadata.xml.sha1
18:46:14.390 [pool-1-thread-7] TRACE f.m.i.core.client.JerseyHttpClient - download: http://central.maven.org/maven2/ant/ant-jai/1.6.1/
18:46:14.390 [pool-1-thread-9] TRACE f.m.indexer.artifact.MetadataHandler - match: http://central.maven.org/maven2/ant/ant-icontract/maven-metadata.xml
18:46:14.390 [pool-1-thread-2] TRACE f.m.indexer.core.download.Crawler - getLinks: <!DOCTYPE html>
<html>

<head>
	<title>Central Repository: ant/ant-icontract/1.6.5</title>
	<meta name="viewport" content="width=device-width, initial-scale=1.0">
	<style>
body {
	background: #fff;
}
	</style>
</head>

<body>
	<header>
		<h1>ant/ant-icontract/1.6.5</h1>
	</header>
	<hr/>
	<main>
		<pre id="contents">
<a href="../">../</a>
<a href="ant-icontract-1.6.5.jar" title="ant-icontract-1.6.5.jar">ant-icontract-1.6.5.jar</a>                           2005-09-20 05:44      9721      
<a href="ant-icontract-1.6.5.jar.md5" title="ant-icontract-1.6.5.jar.md5">ant-icontract-1.6.5.jar.md5</a>                       2005-09-20 05:44        32      
<a href="ant-icontract-1.6.5.jar.sha1" title="ant-icontract-1.6.5.jar.sha1">ant-icontract-1.6.5.jar.sha1</a>                      2005-09-20 05:44        40      
<a href="ant-icontract-1.6.5.pom" title="ant-icontract-1.6.5.pom">ant-icontract-1.6.5.pom</a>                           2005-09-20 05:44       150      
<a href="ant-icontract-1.6.5.pom.md5" title="ant-icontract-1.6.5.pom.md5">ant-icontract-1.6.5.pom.md5</a>                       2005-09-20 05:44        32      
<a href="ant-icontract-1.6.5.pom.sha1" title="ant-icontract-1.6.5.pom.sha1">ant-icontract-1.6.5.pom.sha1</a>                      2005-09-20 05:44        40      
<a href="maven-metadata.xml" title="maven-metadata.xml">maven-metadata.xml</a>                                2005-09-20 05:44       115      
<a href="maven-metadata.xml.md5" title="maven-metadata.xml.md5">maven-metadata.xml.md5</a>                            2005-09-20 05:44        79      
<a href="maven-metadata.xml.sha1" title="maven-metadata.xml.sha1">maven-metadata.xml.sha1</a>                           2005-09-20 05:44       134      
		</pre>
	</main>
	<hr/>
</body>

</html>
18:46:14.390 [pool-1-thread-2] TRACE f.m.indexer.core.download.Crawler - getFullUrl: http://central.maven.org/maven2/ant/ant-icontract/1.6.5/, ../)
18:46:14.390 [pool-1-thread-2] TRACE f.m.indexer.core.download.Crawler - getFullUrl: http://central.maven.org/maven2/ant/ant-icontract/1.6.5/, ant-icontract-1.6.5.jar)
18:46:14.390 [pool-1-thread-2] TRACE f.m.indexer.core.download.Crawler - getFullUrl: http://central.maven.org/maven2/ant/ant-icontract/1.6.5/, ant-icontract-1.6.5.jar.md5)
18:46:14.390 [pool-1-thread-2] TRACE f.m.indexer.core.download.Crawler - getFullUrl: http://central.maven.org/maven2/ant/ant-icontract/1.6.5/, ant-icontract-1.6.5.jar.sha1)
18:46:14.390 [pool-1-thread-2] TRACE f.m.indexer.core.download.Crawler - getFullUrl: http://central.maven.org/maven2/ant/ant-icontract/1.6.5/, ant-icontract-1.6.5.pom)
18:46:14.390 [pool-1-thread-2] TRACE f.m.indexer.core.download.Crawler - getFullUrl: http://central.maven.org/maven2/ant/ant-icontract/1.6.5/, ant-icontract-1.6.5.pom.md5)
18:46:14.390 [pool-1-thread-2] TRACE f.m.indexer.core.download.Crawler - getFullUrl: http://central.maven.org/maven2/ant/ant-icontract/1.6.5/, ant-icontract-1.6.5.pom.sha1)
18:46:14.390 [pool-1-thread-2] TRACE f.m.indexer.core.download.Crawler - getFullUrl: http://central.maven.org/maven2/ant/ant-icontract/1.6.5/, maven-metadata.xml)
18:46:14.390 [pool-1-thread-2] TRACE f.m.indexer.core.download.Crawler - getFullUrl: http://central.maven.org/maven2/ant/ant-icontract/1.6.5/, maven-metadata.xml.md5)
18:46:14.390 [pool-1-thread-2] TRACE f.m.indexer.core.download.Crawler - getFullUrl: http://central.maven.org/maven2/ant/ant-icontract/1.6.5/, maven-metadata.xml.sha1)
18:46:14.390 [pool-1-thread-2] TRACE f.m.indexer.core.download.Crawler - doNext: http://central.maven.org/maven2/ant/ant-icontract/1.6.5/../
18:46:14.390 [pool-1-thread-2] TRACE f.m.indexer.core.download.Crawler - doNext: http://central.maven.org/maven2/ant/ant-icontract/1.6.5/ant-icontract-1.6.5.jar
18:46:14.390 [pool-1-thread-2] TRACE f.m.indexer.core.download.Crawler - doNext: http://central.maven.org/maven2/ant/ant-icontract/1.6.5/ant-icontract-1.6.5.jar.md5
18:46:14.390 [pool-1-thread-2] TRACE f.m.indexer.core.download.Crawler - doNext: http://central.maven.org/maven2/ant/ant-icontract/1.6.5/ant-icontract-1.6.5.jar.sha1
18:46:14.390 [pool-1-thread-2] TRACE f.m.indexer.core.download.Crawler - doNext: http://central.maven.org/maven2/ant/ant-icontract/1.6.5/ant-icontract-1.6.5.pom
18:46:14.390 [pool-1-thread-2] TRACE f.m.indexer.core.download.Crawler - doNext: http://central.maven.org/maven2/ant/ant-icontract/1.6.5/ant-icontract-1.6.5.pom.md5
18:46:14.390 [pool-1-thread-2] TRACE f.m.indexer.core.download.Crawler - doNext: http://central.maven.org/maven2/ant/ant-icontract/1.6.5/ant-icontract-1.6.5.pom.sha1
18:46:14.390 [pool-1-thread-2] TRACE f.m.indexer.core.download.Crawler - doNext: http://central.maven.org/maven2/ant/ant-icontract/1.6.5/maven-metadata.xml
18:46:14.390 [pool-1-thread-2] TRACE f.m.indexer.core.download.Crawler - match: http://central.maven.org/maven2/ant/ant-icontract/1.6.5/maven-metadata.xml
18:46:14.390 [pool-1-thread-2] TRACE f.m.indexer.core.download.Crawler - doNext: http://central.maven.org/maven2/ant/ant-icontract/1.6.5/maven-metadata.xml.md5
18:46:14.390 [pool-1-thread-2] TRACE f.m.indexer.core.download.Crawler - doNext: http://central.maven.org/maven2/ant/ant-icontract/1.6.5/maven-metadata.xml.sha1
18:46:14.390 [pool-1-thread-2] TRACE f.m.i.core.client.JerseyHttpClient - download: http://central.maven.org/maven2/ant/ant-jai/1.6.2/
18:46:14.390 [pool-1-thread-10] TRACE f.m.indexer.core.download.Crawler - getLinks: <!DOCTYPE html>
<html>

<head>
	<title>Central Repository: ant/ant-jai/1.6</title>
	<meta name="viewport" content="width=device-width, initial-scale=1.0">
	<style>
body {
	background: #fff;
}
	</style>
</head>

<body>
	<header>
		<h1>ant/ant-jai/1.6</h1>
	</header>
	<hr/>
	<main>
		<pre id="contents">
<a href="../">../</a>
<a href="ant-jai-1.6.jar" title="ant-jai-1.6.jar">ant-jai-1.6.jar</a>                                   2005-09-20 05:44     21535      
<a href="ant-jai-1.6.jar.md5" title="ant-jai-1.6.jar.md5">ant-jai-1.6.jar.md5</a>                               2005-09-20 05:44        32      
<a href="ant-jai-1.6.jar.sha1" title="ant-jai-1.6.jar.sha1">ant-jai-1.6.jar.sha1</a>                              2005-09-20 05:44        40      
<a href="ant-jai-1.6.pom" title="ant-jai-1.6.pom">ant-jai-1.6.pom</a>                                   2005-09-20 05:44       142      
<a href="ant-jai-1.6.pom.md5" title="ant-jai-1.6.pom.md5">ant-jai-1.6.pom.md5</a>                               2005-09-20 05:44        32      
<a href="ant-jai-1.6.pom.sha1" title="ant-jai-1.6.pom.sha1">ant-jai-1.6.pom.sha1</a>                              2005-09-20 05:44        40      
<a href="maven-metadata.xml" title="maven-metadata.xml">maven-metadata.xml</a>                                2005-09-20 05:44       107      
<a href="maven-metadata.xml.md5" title="maven-metadata.xml.md5">maven-metadata.xml.md5</a>                            2005-09-20 05:44        71      
<a href="maven-metadata.xml.sha1" title="maven-metadata.xml.sha1">maven-metadata.xml.sha1</a>                           2005-09-20 05:44       126      
		</pre>
	</main>
	<hr/>
</body>

</html>
18:46:14.390 [pool-1-thread-10] TRACE f.m.indexer.core.download.Crawler - getFullUrl: http://central.maven.org/maven2/ant/ant-jai/1.6/, ../)
18:46:14.390 [pool-1-thread-10] TRACE f.m.indexer.core.download.Crawler - getFullUrl: http://central.maven.org/maven2/ant/ant-jai/1.6/, ant-jai-1.6.jar)
18:46:14.390 [pool-1-thread-10] TRACE f.m.indexer.core.download.Crawler - getFullUrl: http://central.maven.org/maven2/ant/ant-jai/1.6/, ant-jai-1.6.jar.md5)
18:46:14.390 [pool-1-thread-10] TRACE f.m.indexer.core.download.Crawler - getFullUrl: http://central.maven.org/maven2/ant/ant-jai/1.6/, ant-jai-1.6.jar.sha1)
18:46:14.390 [pool-1-thread-10] TRACE f.m.indexer.core.download.Crawler - getFullUrl: http://central.maven.org/maven2/ant/ant-jai/1.6/, ant-jai-1.6.pom)
18:46:14.390 [pool-1-thread-10] TRACE f.m.indexer.core.download.Crawler - getFullUrl: http://central.maven.org/maven2/ant/ant-jai/1.6/, ant-jai-1.6.pom.md5)
18:46:14.390 [pool-1-thread-10] TRACE f.m.indexer.core.download.Crawler - getFullUrl: http://central.maven.org/maven2/ant/ant-jai/1.6/, ant-jai-1.6.pom.sha1)
18:46:14.390 [pool-1-thread-3] TRACE f.m.indexer.core.download.Crawler - getLinks: <!DOCTYPE html>
<html>

<head>
	<title>Central Repository: ant/ant-icontract/1.6.4</title>
	<meta name="viewport" content="width=device-width, initial-scale=1.0">
	<style>
body {
	background: #fff;
}
	</style>
</head>

<body>
	<header>
		<h1>ant/ant-icontract/1.6.4</h1>
	</header>
	<hr/>
	<main>
		<pre id="contents">
<a href="../">../</a>
<a href="ant-icontract-1.6.4.jar" title="ant-icontract-1.6.4.jar">ant-icontract-1.6.4.jar</a>                           2005-09-20 05:44      9721      
<a href="ant-icontract-1.6.4.jar.md5" title="ant-icontract-1.6.4.jar.md5">ant-icontract-1.6.4.jar.md5</a>                       2005-09-20 05:44        32      
<a href="ant-icontract-1.6.4.jar.sha1" title="ant-icontract-1.6.4.jar.sha1">ant-icontract-1.6.4.jar.sha1</a>                      2005-09-20 05:44        40      
<a href="ant-icontract-1.6.4.pom" title="ant-icontract-1.6.4.pom">ant-icontract-1.6.4.pom</a>                           2005-09-20 05:44       150      
<a href="ant-icontract-1.6.4.pom.md5" title="ant-icontract-1.6.4.pom.md5">ant-icontract-1.6.4.pom.md5</a>                       2005-09-20 05:44        32      
<a href="ant-icontract-1.6.4.pom.sha1" title="ant-icontract-1.6.4.pom.sha1">ant-icontract-1.6.4.pom.sha1</a>                      2005-09-20 05:44        40      
<a href="maven-metadata.xml" title="maven-metadata.xml">maven-metadata.xml</a>                                2005-09-20 05:44       115      
<a href="maven-metadata.xml.md5" title="maven-metadata.xml.md5">maven-metadata.xml.md5</a>                            2005-09-20 05:44        79      
<a href="maven-metadata.xml.sha1" title="maven-metadata.xml.sha1">maven-metadata.xml.sha1</a>                           2005-09-20 05:44       134      
		</pre>
	</main>
	<hr/>
</body>

</html>
18:46:14.390 [pool-1-thread-10] TRACE f.m.indexer.core.download.Crawler - getFullUrl: http://central.maven.org/maven2/ant/ant-jai/1.6/, maven-metadata.xml)
18:46:14.390 [pool-1-thread-3] TRACE f.m.indexer.core.download.Crawler - getFullUrl: http://central.maven.org/maven2/ant/ant-icontract/1.6.4/, ../)
18:46:14.390 [pool-1-thread-10] TRACE f.m.indexer.core.download.Crawler - getFullUrl: http://central.maven.org/maven2/ant/ant-jai/1.6/, maven-metadata.xml.md5)
18:46:14.390 [pool-1-thread-3] TRACE f.m.indexer.core.download.Crawler - getFullUrl: http://central.maven.org/maven2/ant/ant-icontract/1.6.4/, ant-icontract-1.6.4.jar)
18:46:14.390 [pool-1-thread-10] TRACE f.m.indexer.core.download.Crawler - getFullUrl: http://central.maven.org/maven2/ant/ant-jai/1.6/, maven-metadata.xml.sha1)
18:46:14.390 [pool-1-thread-3] TRACE f.m.indexer.core.download.Crawler - getFullUrl: http://central.maven.org/maven2/ant/ant-icontract/1.6.4/, ant-icontract-1.6.4.jar.md5)
18:46:14.390 [pool-1-thread-10] TRACE f.m.indexer.core.download.Crawler - doNext: http://central.maven.org/maven2/ant/ant-jai/1.6/../
18:46:14.390 [pool-1-thread-3] TRACE f.m.indexer.core.download.Crawler - getFullUrl: http://central.maven.org/maven2/ant/ant-icontract/1.6.4/, ant-icontract-1.6.4.jar.sha1)
18:46:14.390 [pool-1-thread-10] TRACE f.m.indexer.core.download.Crawler - doNext: http://central.maven.org/maven2/ant/ant-jai/1.6/ant-jai-1.6.jar
18:46:14.390 [pool-1-thread-3] TRACE f.m.indexer.core.download.Crawler - getFullUrl: http://central.maven.org/maven2/ant/ant-icontract/1.6.4/, ant-icontract-1.6.4.pom)
18:46:14.390 [pool-1-thread-10] TRACE f.m.indexer.core.download.Crawler - doNext: http://central.maven.org/maven2/ant/ant-jai/1.6/ant-jai-1.6.jar.md5
18:46:14.390 [pool-1-thread-3] TRACE f.m.indexer.core.download.Crawler - getFullUrl: http://central.maven.org/maven2/ant/ant-icontract/1.6.4/, ant-icontract-1.6.4.pom.md5)
18:46:14.390 [pool-1-thread-10] TRACE f.m.indexer.core.download.Crawler - doNext: http://central.maven.org/maven2/ant/ant-jai/1.6/ant-jai-1.6.jar.sha1
18:46:14.390 [pool-1-thread-3] TRACE f.m.indexer.core.download.Crawler - getFullUrl: http://central.maven.org/maven2/ant/ant-icontract/1.6.4/, ant-icontract-1.6.4.pom.sha1)
18:46:14.390 [pool-1-thread-3] TRACE f.m.indexer.core.download.Crawler - getFullUrl: http://central.maven.org/maven2/ant/ant-icontract/1.6.4/, maven-metadata.xml)
18:46:14.390 [pool-1-thread-3] TRACE f.m.indexer.core.download.Crawler - getFullUrl: http://central.maven.org/maven2/ant/ant-icontract/1.6.4/, maven-metadata.xml.md5)
18:46:14.390 [pool-1-thread-3] TRACE f.m.indexer.core.download.Crawler - getFullUrl: http://central.maven.org/maven2/ant/ant-icontract/1.6.4/, maven-metadata.xml.sha1)
18:46:14.390 [pool-1-thread-3] TRACE f.m.indexer.core.download.Crawler - doNext: http://central.maven.org/maven2/ant/ant-icontract/1.6.4/../
18:46:14.390 [pool-1-thread-3] TRACE f.m.indexer.core.download.Crawler - doNext: http://central.maven.org/maven2/ant/ant-icontract/1.6.4/ant-icontract-1.6.4.jar
18:46:14.390 [pool-1-thread-3] TRACE f.m.indexer.core.download.Crawler - doNext: http://central.maven.org/maven2/ant/ant-icontract/1.6.4/ant-icontract-1.6.4.jar.md5
18:46:14.390 [pool-1-thread-3] TRACE f.m.indexer.core.download.Crawler - doNext: http://central.maven.org/maven2/ant/ant-icontract/1.6.4/ant-icontract-1.6.4.jar.sha1
18:46:14.390 [pool-1-thread-3] TRACE f.m.indexer.core.download.Crawler - doNext: http://central.maven.org/maven2/ant/ant-icontract/1.6.4/ant-icontract-1.6.4.pom
18:46:14.390 [pool-1-thread-3] TRACE f.m.indexer.core.download.Crawler - doNext: http://central.maven.org/maven2/ant/ant-icontract/1.6.4/ant-icontract-1.6.4.pom.md5
18:46:14.390 [pool-1-thread-3] TRACE f.m.indexer.core.download.Crawler - doNext: http://central.maven.org/maven2/ant/ant-icontract/1.6.4/ant-icontract-1.6.4.pom.sha1
18:46:14.390 [pool-1-thread-3] TRACE f.m.indexer.core.download.Crawler - doNext: http://central.maven.org/maven2/ant/ant-icontract/1.6.4/maven-metadata.xml
18:46:14.390 [pool-1-thread-3] TRACE f.m.indexer.core.download.Crawler - match: http://central.maven.org/maven2/ant/ant-icontract/1.6.4/maven-metadata.xml
18:46:14.390 [pool-1-thread-3] TRACE f.m.indexer.core.download.Crawler - doNext: http://central.maven.org/maven2/ant/ant-icontract/1.6.4/maven-metadata.xml.md5
18:46:14.390 [pool-1-thread-3] TRACE f.m.indexer.core.download.Crawler - doNext: http://central.maven.org/maven2/ant/ant-icontract/1.6.4/maven-metadata.xml.sha1
18:46:14.390 [pool-1-thread-3] TRACE f.m.i.core.client.JerseyHttpClient - download: http://central.maven.org/maven2/ant/ant-jai/1.6.3/
18:46:14.390 [pool-1-thread-1] TRACE f.m.indexer.core.download.Crawler - getLinks: <!DOCTYPE html>
<html>

<head>
	<title>Central Repository: ant/ant-icontract/1.6.2</title>
	<meta name="viewport" content="width=device-width, initial-scale=1.0">
	<style>
body {
	background: #fff;
}
	</style>
</head>

<body>
	<header>
		<h1>ant/ant-icontract/1.6.2</h1>
	</header>
	<hr/>
	<main>
		<pre id="contents">
<a href="../">../</a>
<a href="ant-icontract-1.6.2.jar" title="ant-icontract-1.6.2.jar">ant-icontract-1.6.2.jar</a>                           2005-09-20 05:44      9713      
<a href="ant-icontract-1.6.2.jar.md5" title="ant-icontract-1.6.2.jar.md5">ant-icontract-1.6.2.jar.md5</a>                       2005-09-20 05:44        32      
<a href="ant-icontract-1.6.2.jar.sha1" title="ant-icontract-1.6.2.jar.sha1">ant-icontract-1.6.2.jar.sha1</a>                      2005-09-20 05:44        40      
<a href="ant-icontract-1.6.2.pom" title="ant-icontract-1.6.2.pom">ant-icontract-1.6.2.pom</a>                           2005-09-20 05:44       150      
<a href="ant-icontract-1.6.2.pom.md5" title="ant-icontract-1.6.2.pom.md5">ant-icontract-1.6.2.pom.md5</a>                       2005-09-20 05:44        32      
<a href="ant-icontract-1.6.2.pom.sha1" title="ant-icontract-1.6.2.pom.sha1">ant-icontract-1.6.2.pom.sha1</a>                      2005-09-20 05:44        40      
<a href="maven-metadata.xml" title="maven-metadata.xml">maven-metadata.xml</a>                                2005-09-20 05:44       115      
<a href="maven-metadata.xml.md5" title="maven-metadata.xml.md5">maven-metadata.xml.md5</a>                            2005-09-20 05:44        79      
<a href="maven-metadata.xml.sha1" title="maven-metadata.xml.sha1">maven-metadata.xml.sha1</a>                           2005-09-20 05:44       134      
		</pre>
	</main>
	<hr/>
</body>

</html>
18:46:14.390 [pool-1-thread-1] TRACE f.m.indexer.core.download.Crawler - getFullUrl: http://central.maven.org/maven2/ant/ant-icontract/1.6.2/, ../)
18:46:14.390 [pool-1-thread-1] TRACE f.m.indexer.core.download.Crawler - getFullUrl: http://central.maven.org/maven2/ant/ant-icontract/1.6.2/, ant-icontract-1.6.2.jar)
18:46:14.390 [pool-1-thread-1] TRACE f.m.indexer.core.download.Crawler - getFullUrl: http://central.maven.org/maven2/ant/ant-icontract/1.6.2/, ant-icontract-1.6.2.jar.md5)
18:46:14.390 [pool-1-thread-1] TRACE f.m.indexer.core.download.Crawler - getFullUrl: http://central.maven.org/maven2/ant/ant-icontract/1.6.2/, ant-icontract-1.6.2.jar.sha1)
18:46:14.390 [pool-1-thread-1] TRACE f.m.indexer.core.download.Crawler - getFullUrl: http://central.maven.org/maven2/ant/ant-icontract/1.6.2/, ant-icontract-1.6.2.pom)
18:46:14.390 [pool-1-thread-1] TRACE f.m.indexer.core.download.Crawler - getFullUrl: http://central.maven.org/maven2/ant/ant-icontract/1.6.2/, ant-icontract-1.6.2.pom.md5)
18:46:14.390 [pool-1-thread-1] TRACE f.m.indexer.core.download.Crawler - getFullUrl: http://central.maven.org/maven2/ant/ant-icontract/1.6.2/, ant-icontract-1.6.2.pom.sha1)
18:46:14.390 [pool-1-thread-1] TRACE f.m.indexer.core.download.Crawler - getFullUrl: http://central.maven.org/maven2/ant/ant-icontract/1.6.2/, maven-metadata.xml)
18:46:14.390 [pool-1-thread-1] TRACE f.m.indexer.core.download.Crawler - getFullUrl: http://central.maven.org/maven2/ant/ant-icontract/1.6.2/, maven-metadata.xml.md5)
18:46:14.390 [pool-1-thread-1] TRACE f.m.indexer.core.download.Crawler - getFullUrl: http://central.maven.org/maven2/ant/ant-icontract/1.6.2/, maven-metadata.xml.sha1)
18:46:14.390 [pool-1-thread-1] TRACE f.m.indexer.core.download.Crawler - doNext: http://central.maven.org/maven2/ant/ant-icontract/1.6.2/../
18:46:14.390 [pool-1-thread-1] TRACE f.m.indexer.core.download.Crawler - doNext: http://central.maven.org/maven2/ant/ant-icontract/1.6.2/ant-icontract-1.6.2.jar
18:46:14.390 [pool-1-thread-1] TRACE f.m.indexer.core.download.Crawler - doNext: http://central.maven.org/maven2/ant/ant-icontract/1.6.2/ant-icontract-1.6.2.jar.md5
18:46:14.390 [pool-1-thread-1] TRACE f.m.indexer.core.download.Crawler - doNext: http://central.maven.org/maven2/ant/ant-icontract/1.6.2/ant-icontract-1.6.2.jar.sha1
18:46:14.390 [pool-1-thread-1] TRACE f.m.indexer.core.download.Crawler - doNext: http://central.maven.org/maven2/ant/ant-icontract/1.6.2/ant-icontract-1.6.2.pom
18:46:14.390 [pool-1-thread-1] TRACE f.m.indexer.core.download.Crawler - doNext: http://central.maven.org/maven2/ant/ant-icontract/1.6.2/ant-icontract-1.6.2.pom.md5
18:46:14.390 [pool-1-thread-1] TRACE f.m.indexer.core.download.Crawler - doNext: http://central.maven.org/maven2/ant/ant-icontract/1.6.2/ant-icontract-1.6.2.pom.sha1
18:46:14.390 [pool-1-thread-8] TRACE f.m.indexer.core.download.Crawler - getLinks: <!DOCTYPE html>
<html>

<head>
	<title>Central Repository: ant/ant-icontract/1.6</title>
	<meta name="viewport" content="width=device-width, initial-scale=1.0">
	<style>
body {
	background: #fff;
}
	</style>
</head>

<body>
	<header>
		<h1>ant/ant-icontract/1.6</h1>
	</header>
	<hr/>
	<main>
		<pre id="contents">
<a href="../">../</a>
<a href="ant-icontract-1.6.jar" title="ant-icontract-1.6.jar">ant-icontract-1.6.jar</a>                             2005-09-20 05:44      9675      
<a href="ant-icontract-1.6.jar.md5" title="ant-icontract-1.6.jar.md5">ant-icontract-1.6.jar.md5</a>                         2005-09-20 05:44        32      
<a href="ant-icontract-1.6.jar.sha1" title="ant-icontract-1.6.jar.sha1">ant-icontract-1.6.jar.sha1</a>                        2005-09-20 05:44        40      
<a href="ant-icontract-1.6.pom" title="ant-icontract-1.6.pom">ant-icontract-1.6.pom</a>                             2005-09-20 05:44       148      
<a href="ant-icontract-1.6.pom.md5" title="ant-icontract-1.6.pom.md5">ant-icontract-1.6.pom.md5</a>                         2005-09-20 05:44        32      
<a href="ant-icontract-1.6.pom.sha1" title="ant-icontract-1.6.pom.sha1">ant-icontract-1.6.pom.sha1</a>                        2005-09-20 05:44        40      
<a href="maven-metadata.xml" title="maven-metadata.xml">maven-metadata.xml</a>                                2005-09-20 05:44       113      
<a href="maven-metadata.xml.md5" title="maven-metadata.xml.md5">maven-metadata.xml.md5</a>                            2005-09-20 05:44        77      
<a href="maven-metadata.xml.sha1" title="maven-metadata.xml.sha1">maven-metadata.xml.sha1</a>                           2005-09-20 05:44       132      
		</pre>
	</main>
	<hr/>
</body>

</html>
18:46:14.390 [pool-1-thread-8] TRACE f.m.indexer.core.download.Crawler - getFullUrl: http://central.maven.org/maven2/ant/ant-icontract/1.6/, ../)
18:46:14.390 [pool-1-thread-8] TRACE f.m.indexer.core.download.Crawler - getFullUrl: http://central.maven.org/maven2/ant/ant-icontract/1.6/, ant-icontract-1.6.jar)
18:46:14.390 [pool-1-thread-8] TRACE f.m.indexer.core.download.Crawler - getFullUrl: http://central.maven.org/maven2/ant/ant-icontract/1.6/, ant-icontract-1.6.jar.md5)
18:46:14.390 [pool-1-thread-8] TRACE f.m.indexer.core.download.Crawler - getFullUrl: http://central.maven.org/maven2/ant/ant-icontract/1.6/, ant-icontract-1.6.jar.sha1)
18:46:14.390 [pool-1-thread-8] TRACE f.m.indexer.core.download.Crawler - getFullUrl: http://central.maven.org/maven2/ant/ant-icontract/1.6/, ant-icontract-1.6.pom)
18:46:14.390 [pool-1-thread-8] TRACE f.m.indexer.core.download.Crawler - getFullUrl: http://central.maven.org/maven2/ant/ant-icontract/1.6/, ant-icontract-1.6.pom.md5)
18:46:14.390 [pool-1-thread-8] TRACE f.m.indexer.core.download.Crawler - getFullUrl: http://central.maven.org/maven2/ant/ant-icontract/1.6/, ant-icontract-1.6.pom.sha1)
18:46:14.390 [pool-1-thread-8] TRACE f.m.indexer.core.download.Crawler - getFullUrl: http://central.maven.org/maven2/ant/ant-icontract/1.6/, maven-metadata.xml)
18:46:14.390 [pool-1-thread-8] TRACE f.m.indexer.core.download.Crawler - getFullUrl: http://central.maven.org/maven2/ant/ant-icontract/1.6/, maven-metadata.xml.md5)
18:46:14.390 [pool-1-thread-8] TRACE f.m.indexer.core.download.Crawler - getFullUrl: http://central.maven.org/maven2/ant/ant-icontract/1.6/, maven-metadata.xml.sha1)
18:46:14.390 [pool-1-thread-8] TRACE f.m.indexer.core.download.Crawler - doNext: http://central.maven.org/maven2/ant/ant-icontract/1.6/../
18:46:14.390 [pool-1-thread-8] TRACE f.m.indexer.core.download.Crawler - doNext: http://central.maven.org/maven2/ant/ant-icontract/1.6/ant-icontract-1.6.jar
18:46:14.390 [pool-1-thread-8] TRACE f.m.indexer.core.download.Crawler - doNext: http://central.maven.org/maven2/ant/ant-icontract/1.6/ant-icontract-1.6.jar.md5
18:46:14.390 [pool-1-thread-8] TRACE f.m.indexer.core.download.Crawler - doNext: http://central.maven.org/maven2/ant/ant-icontract/1.6/ant-icontract-1.6.jar.sha1
18:46:14.390 [pool-1-thread-8] TRACE f.m.indexer.core.download.Crawler - doNext: http://central.maven.org/maven2/ant/ant-icontract/1.6/ant-icontract-1.6.pom
18:46:14.390 [pool-1-thread-8] TRACE f.m.indexer.core.download.Crawler - doNext: http://central.maven.org/maven2/ant/ant-icontract/1.6/ant-icontract-1.6.pom.md5
18:46:14.390 [pool-1-thread-8] TRACE f.m.indexer.core.download.Crawler - doNext: http://central.maven.org/maven2/ant/ant-icontract/1.6/ant-icontract-1.6.pom.sha1
18:46:14.390 [pool-1-thread-8] TRACE f.m.indexer.core.download.Crawler - doNext: http://central.maven.org/maven2/ant/ant-icontract/1.6/maven-metadata.xml
18:46:14.390 [pool-1-thread-8] TRACE f.m.indexer.core.download.Crawler - match: http://central.maven.org/maven2/ant/ant-icontract/1.6/maven-metadata.xml
18:46:14.390 [pool-1-thread-8] TRACE f.m.indexer.core.download.Crawler - doNext: http://central.maven.org/maven2/ant/ant-icontract/1.6/maven-metadata.xml.md5
18:46:14.390 [pool-1-thread-8] TRACE f.m.indexer.core.download.Crawler - doNext: http://central.maven.org/maven2/ant/ant-icontract/1.6/maven-metadata.xml.sha1
18:46:14.390 [pool-1-thread-8] TRACE f.m.i.core.client.JerseyHttpClient - download: http://central.maven.org/maven2/ant/ant-jai/1.6.4/
18:46:14.390 [pool-1-thread-5] TRACE f.m.indexer.core.download.Crawler - getLinks: <!DOCTYPE html>
<html>

<head>
	<title>Central Repository: ant/ant-icontract/1.6.3</title>
	<meta name="viewport" content="width=device-width, initial-scale=1.0">
	<style>
body {
	background: #fff;
}
	</style>
</head>

<body>
	<header>
		<h1>ant/ant-icontract/1.6.3</h1>
	</header>
	<hr/>
	<main>
		<pre id="contents">
<a href="../">../</a>
<a href="ant-icontract-1.6.3.jar" title="ant-icontract-1.6.3.jar">ant-icontract-1.6.3.jar</a>                           2005-09-20 05:44      9721      
<a href="ant-icontract-1.6.3.jar.md5" title="ant-icontract-1.6.3.jar.md5">ant-icontract-1.6.3.jar.md5</a>                       2005-09-20 05:44        32      
<a href="ant-icontract-1.6.3.jar.sha1" title="ant-icontract-1.6.3.jar.sha1">ant-icontract-1.6.3.jar.sha1</a>                      2005-09-20 05:44        40      
<a href="ant-icontract-1.6.3.pom" title="ant-icontract-1.6.3.pom">ant-icontract-1.6.3.pom</a>                           2005-09-20 05:44       150      
<a href="ant-icontract-1.6.3.pom.md5" title="ant-icontract-1.6.3.pom.md5">ant-icontract-1.6.3.pom.md5</a>                       2005-09-20 05:44        32      
<a href="ant-icontract-1.6.3.pom.sha1" title="ant-icontract-1.6.3.pom.sha1">ant-icontract-1.6.3.pom.sha1</a>                      2005-09-20 05:44        40      
<a href="maven-metadata.xml" title="maven-metadata.xml">maven-metadata.xml</a>                                2005-09-20 05:44       115      
<a href="maven-metadata.xml.md5" title="maven-metadata.xml.md5">maven-metadata.xml.md5</a>                            2005-09-20 05:44        79      
<a href="maven-metadata.xml.sha1" title="maven-metadata.xml.sha1">maven-metadata.xml.sha1</a>                           2005-09-20 05:44       134      
		</pre>
	</main>
	<hr/>
</body>

</html>
18:46:14.390 [pool-1-thread-10] TRACE f.m.indexer.core.download.Crawler - doNext: http://central.maven.org/maven2/ant/ant-jai/1.6/ant-jai-1.6.pom
18:46:14.390 [pool-1-thread-10] TRACE f.m.indexer.core.download.Crawler - doNext: http://central.maven.org/maven2/ant/ant-jai/1.6/ant-jai-1.6.pom.md5
18:46:14.390 [pool-1-thread-10] TRACE f.m.indexer.core.download.Crawler - doNext: http://central.maven.org/maven2/ant/ant-jai/1.6/ant-jai-1.6.pom.sha1
18:46:14.390 [pool-1-thread-10] TRACE f.m.indexer.core.download.Crawler - doNext: http://central.maven.org/maven2/ant/ant-jai/1.6/maven-metadata.xml
18:46:14.390 [pool-1-thread-10] TRACE f.m.indexer.core.download.Crawler - match: http://central.maven.org/maven2/ant/ant-jai/1.6/maven-metadata.xml
18:46:14.390 [pool-1-thread-10] TRACE f.m.indexer.core.download.Crawler - doNext: http://central.maven.org/maven2/ant/ant-jai/1.6/maven-metadata.xml.md5
18:46:14.390 [pool-1-thread-10] TRACE f.m.indexer.core.download.Crawler - doNext: http://central.maven.org/maven2/ant/ant-jai/1.6/maven-metadata.xml.sha1
18:46:14.390 [pool-1-thread-10] TRACE f.m.i.core.client.JerseyHttpClient - download: http://central.maven.org/maven2/ant/ant-jai/1.6.5/
18:46:14.390 [pool-1-thread-6] TRACE f.m.indexer.core.download.Crawler - getLinks: <!DOCTYPE html>
<html>

<head>
	<title>Central Repository: ant/ant-icontract/1.6.1</title>
	<meta name="viewport" content="width=device-width, initial-scale=1.0">
	<style>
body {
	background: #fff;
}
	</style>
</head>

<body>
	<header>
		<h1>ant/ant-icontract/1.6.1</h1>
	</header>
	<hr/>
	<main>
		<pre id="contents">
<a href="../">../</a>
<a href="ant-icontract-1.6.1.jar" title="ant-icontract-1.6.1.jar">ant-icontract-1.6.1.jar</a>                           2005-09-20 05:44      9667      
<a href="ant-icontract-1.6.1.jar.md5" title="ant-icontract-1.6.1.jar.md5">ant-icontract-1.6.1.jar.md5</a>                       2005-09-20 05:44        32      
<a href="ant-icontract-1.6.1.jar.sha1" title="ant-icontract-1.6.1.jar.sha1">ant-icontract-1.6.1.jar.sha1</a>                      2005-09-20 05:44        40      
<a href="ant-icontract-1.6.1.pom" title="ant-icontract-1.6.1.pom">ant-icontract-1.6.1.pom</a>                           2005-09-20 05:44       150      
<a href="ant-icontract-1.6.1.pom.md5" title="ant-icontract-1.6.1.pom.md5">ant-icontract-1.6.1.pom.md5</a>                       2005-09-20 05:44        32      
<a href="ant-icontract-1.6.1.pom.sha1" title="ant-icontract-1.6.1.pom.sha1">ant-icontract-1.6.1.pom.sha1</a>                      2005-09-20 05:44        40      
<a href="maven-metadata.xml" title="maven-metadata.xml">maven-metadata.xml</a>                                2005-09-20 05:44       115      
<a href="maven-metadata.xml.md5" title="maven-metadata.xml.md5">maven-metadata.xml.md5</a>                            2005-09-20 05:44        79      
<a href="maven-metadata.xml.sha1" title="maven-metadata.xml.sha1">maven-metadata.xml.sha1</a>                           2005-09-20 05:44       134      
		</pre>
	</main>
	<hr/>
</body>

</html>
18:46:14.390 [pool-1-thread-6] TRACE f.m.indexer.core.download.Crawler - getFullUrl: http://central.maven.org/maven2/ant/ant-icontract/1.6.1/, ../)
18:46:14.390 [pool-1-thread-6] TRACE f.m.indexer.core.download.Crawler - getFullUrl: http://central.maven.org/maven2/ant/ant-icontract/1.6.1/, ant-icontract-1.6.1.jar)
18:46:14.390 [pool-1-thread-5] TRACE f.m.indexer.core.download.Crawler - getFullUrl: http://central.maven.org/maven2/ant/ant-icontract/1.6.3/, ../)
18:46:14.390 [pool-1-thread-5] TRACE f.m.indexer.core.download.Crawler - getFullUrl: http://central.maven.org/maven2/ant/ant-icontract/1.6.3/, ant-icontract-1.6.3.jar)
18:46:14.390 [pool-1-thread-5] TRACE f.m.indexer.core.download.Crawler - getFullUrl: http://central.maven.org/maven2/ant/ant-icontract/1.6.3/, ant-icontract-1.6.3.jar.md5)
18:46:14.390 [pool-1-thread-5] TRACE f.m.indexer.core.download.Crawler - getFullUrl: http://central.maven.org/maven2/ant/ant-icontract/1.6.3/, ant-icontract-1.6.3.jar.sha1)
18:46:14.390 [pool-1-thread-5] TRACE f.m.indexer.core.download.Crawler - getFullUrl: http://central.maven.org/maven2/ant/ant-icontract/1.6.3/, ant-icontract-1.6.3.pom)
18:46:14.390 [pool-1-thread-5] TRACE f.m.indexer.core.download.Crawler - getFullUrl: http://central.maven.org/maven2/ant/ant-icontract/1.6.3/, ant-icontract-1.6.3.pom.md5)
18:46:14.390 [pool-1-thread-5] TRACE f.m.indexer.core.download.Crawler - getFullUrl: http://central.maven.org/maven2/ant/ant-icontract/1.6.3/, ant-icontract-1.6.3.pom.sha1)
18:46:14.390 [pool-1-thread-5] TRACE f.m.indexer.core.download.Crawler - getFullUrl: http://central.maven.org/maven2/ant/ant-icontract/1.6.3/, maven-metadata.xml)
18:46:14.390 [pool-1-thread-5] TRACE f.m.indexer.core.download.Crawler - getFullUrl: http://central.maven.org/maven2/ant/ant-icontract/1.6.3/, maven-metadata.xml.md5)
18:46:14.390 [pool-1-thread-5] TRACE f.m.indexer.core.download.Crawler - getFullUrl: http://central.maven.org/maven2/ant/ant-icontract/1.6.3/, maven-metadata.xml.sha1)
18:46:14.390 [pool-1-thread-5] TRACE f.m.indexer.core.download.Crawler - doNext: http://central.maven.org/maven2/ant/ant-icontract/1.6.3/../
18:46:14.390 [pool-1-thread-5] TRACE f.m.indexer.core.download.Crawler - doNext: http://central.maven.org/maven2/ant/ant-icontract/1.6.3/ant-icontract-1.6.3.jar
18:46:14.390 [pool-1-thread-5] TRACE f.m.indexer.core.download.Crawler - doNext: http://central.maven.org/maven2/ant/ant-icontract/1.6.3/ant-icontract-1.6.3.jar.md5
18:46:14.390 [pool-1-thread-5] TRACE f.m.indexer.core.download.Crawler - doNext: http://central.maven.org/maven2/ant/ant-icontract/1.6.3/ant-icontract-1.6.3.jar.sha1
18:46:14.390 [pool-1-thread-5] TRACE f.m.indexer.core.download.Crawler - doNext: http://central.maven.org/maven2/ant/ant-icontract/1.6.3/ant-icontract-1.6.3.pom
18:46:14.390 [pool-1-thread-5] TRACE f.m.indexer.core.download.Crawler - doNext: http://central.maven.org/maven2/ant/ant-icontract/1.6.3/ant-icontract-1.6.3.pom.md5
18:46:14.390 [pool-1-thread-5] TRACE f.m.indexer.core.download.Crawler - doNext: http://central.maven.org/maven2/ant/ant-icontract/1.6.3/ant-icontract-1.6.3.pom.sha1
18:46:14.390 [pool-1-thread-5] TRACE f.m.indexer.core.download.Crawler - doNext: http://central.maven.org/maven2/ant/ant-icontract/1.6.3/maven-metadata.xml
18:46:14.390 [pool-1-thread-5] TRACE f.m.indexer.core.download.Crawler - match: http://central.maven.org/maven2/ant/ant-icontract/1.6.3/maven-metadata.xml
18:46:14.406 [pool-1-thread-5] TRACE f.m.indexer.core.download.Crawler - doNext: http://central.maven.org/maven2/ant/ant-icontract/1.6.3/maven-metadata.xml.md5
18:46:14.406 [pool-1-thread-5] TRACE f.m.indexer.core.download.Crawler - doNext: http://central.maven.org/maven2/ant/ant-icontract/1.6.3/maven-metadata.xml.sha1
18:46:14.406 [pool-1-thread-5] TRACE f.m.i.core.client.JerseyHttpClient - download: http://central.maven.org/maven2/ant/ant-jai/maven-metadata.xml
18:46:14.390 [pool-1-thread-1] TRACE f.m.indexer.core.download.Crawler - doNext: http://central.maven.org/maven2/ant/ant-icontract/1.6.2/maven-metadata.xml
18:46:14.406 [pool-1-thread-1] TRACE f.m.indexer.core.download.Crawler - match: http://central.maven.org/maven2/ant/ant-icontract/1.6.2/maven-metadata.xml
18:46:14.406 [pool-1-thread-1] TRACE f.m.indexer.core.download.Crawler - doNext: http://central.maven.org/maven2/ant/ant-icontract/1.6.2/maven-metadata.xml.md5
18:46:14.406 [pool-1-thread-1] TRACE f.m.indexer.core.download.Crawler - doNext: http://central.maven.org/maven2/ant/ant-icontract/1.6.2/maven-metadata.xml.sha1
18:46:14.406 [pool-1-thread-1] TRACE f.m.i.core.client.JerseyHttpClient - download: http://central.maven.org/maven2/ant/ant/1.4.1/
18:46:14.421 [pool-1-thread-9] TRACE f.m.i.core.client.JerseyHttpClient - download: http://central.maven.org/maven2/ant/ant/1.5/
18:46:14.421 [pool-1-thread-3] TRACE f.m.indexer.core.download.Crawler - getLinks: <!DOCTYPE html>
<html>

<head>
	<title>Central Repository: ant/ant-jai/1.6.3</title>
	<meta name="viewport" content="width=device-width, initial-scale=1.0">
	<style>
body {
	background: #fff;
}
	</style>
</head>

<body>
	<header>
		<h1>ant/ant-jai/1.6.3</h1>
	</header>
	<hr/>
	<main>
		<pre id="contents">
<a href="../">../</a>
<a href="ant-jai-1.6.3.jar" title="ant-jai-1.6.3.jar">ant-jai-1.6.3.jar</a>                                 2005-09-20 05:44     21359      
<a href="ant-jai-1.6.3.jar.md5" title="ant-jai-1.6.3.jar.md5">ant-jai-1.6.3.jar.md5</a>                             2005-09-20 05:44        32      
<a href="ant-jai-1.6.3.jar.sha1" title="ant-jai-1.6.3.jar.sha1">ant-jai-1.6.3.jar.sha1</a>                            2005-09-20 05:44        40      
<a href="ant-jai-1.6.3.pom" title="ant-jai-1.6.3.pom">ant-jai-1.6.3.pom</a>                                 2005-09-20 05:44       144      
<a href="ant-jai-1.6.3.pom.md5" title="ant-jai-1.6.3.pom.md5">ant-jai-1.6.3.pom.md5</a>                             2005-09-20 05:44        32      
<a href="ant-jai-1.6.3.pom.sha1" title="ant-jai-1.6.3.pom.sha1">ant-jai-1.6.3.pom.sha1</a>                            2005-09-20 05:44        40      
<a href="maven-metadata.xml" title="maven-metadata.xml">maven-metadata.xml</a>                                2005-09-20 05:44       109      
<a href="maven-metadata.xml.md5" title="maven-metadata.xml.md5">maven-metadata.xml.md5</a>                            2005-09-20 05:44        73      
<a href="maven-metadata.xml.sha1" title="maven-metadata.xml.sha1">maven-metadata.xml.sha1</a>                           2005-09-20 05:44       128      
		</pre>
	</main>
	<hr/>
</body>

</html>
18:46:14.421 [pool-1-thread-3] TRACE f.m.indexer.core.download.Crawler - getFullUrl: http://central.maven.org/maven2/ant/ant-jai/1.6.3/, ../)
18:46:14.421 [pool-1-thread-3] TRACE f.m.indexer.core.download.Crawler - getFullUrl: http://central.maven.org/maven2/ant/ant-jai/1.6.3/, ant-jai-1.6.3.jar)
18:46:14.421 [pool-1-thread-3] TRACE f.m.indexer.core.download.Crawler - getFullUrl: http://central.maven.org/maven2/ant/ant-jai/1.6.3/, ant-jai-1.6.3.jar.md5)
18:46:14.421 [pool-1-thread-3] TRACE f.m.indexer.core.download.Crawler - getFullUrl: http://central.maven.org/maven2/ant/ant-jai/1.6.3/, ant-jai-1.6.3.jar.sha1)
18:46:14.421 [pool-1-thread-3] TRACE f.m.indexer.core.download.Crawler - getFullUrl: http://central.maven.org/maven2/ant/ant-jai/1.6.3/, ant-jai-1.6.3.pom)
18:46:14.421 [pool-1-thread-3] TRACE f.m.indexer.core.download.Crawler - getFullUrl: http://central.maven.org/maven2/ant/ant-jai/1.6.3/, ant-jai-1.6.3.pom.md5)
18:46:14.421 [pool-1-thread-3] TRACE f.m.indexer.core.download.Crawler - getFullUrl: http://central.maven.org/maven2/ant/ant-jai/1.6.3/, ant-jai-1.6.3.pom.sha1)
18:46:14.421 [pool-1-thread-3] TRACE f.m.indexer.core.download.Crawler - getFullUrl: http://central.maven.org/maven2/ant/ant-jai/1.6.3/, maven-metadata.xml)
18:46:14.421 [pool-1-thread-3] TRACE f.m.indexer.core.download.Crawler - getFullUrl: http://central.maven.org/maven2/ant/ant-jai/1.6.3/, maven-metadata.xml.md5)
18:46:14.421 [pool-1-thread-3] TRACE f.m.indexer.core.download.Crawler - getFullUrl: http://central.maven.org/maven2/ant/ant-jai/1.6.3/, maven-metadata.xml.sha1)
18:46:14.421 [pool-1-thread-8] TRACE f.m.indexer.core.download.Crawler - getLinks: <!DOCTYPE html>
<html>

<head>
	<title>Central Repository: ant/ant-jai/1.6.4</title>
	<meta name="viewport" content="width=device-width, initial-scale=1.0">
	<style>
body {
	background: #fff;
}
	</style>
</head>

<body>
	<header>
		<h1>ant/ant-jai/1.6.4</h1>
	</header>
	<hr/>
	<main>
		<pre id="contents">
<a href="../">../</a>
<a href="ant-jai-1.6.4.jar" title="ant-jai-1.6.4.jar">ant-jai-1.6.4.jar</a>                                 2005-09-20 05:44     21359      
<a href="ant-jai-1.6.4.jar.md5" title="ant-jai-1.6.4.jar.md5">ant-jai-1.6.4.jar.md5</a>                             2005-09-20 05:44        32      
<a href="ant-jai-1.6.4.jar.sha1" title="ant-jai-1.6.4.jar.sha1">ant-jai-1.6.4.jar.sha1</a>                            2005-09-20 05:44        40      
<a href="ant-jai-1.6.4.pom" title="ant-jai-1.6.4.pom">ant-jai-1.6.4.pom</a>                                 2005-09-20 05:44       144      
<a href="ant-jai-1.6.4.pom.md5" title="ant-jai-1.6.4.pom.md5">ant-jai-1.6.4.pom.md5</a>                             2005-09-20 05:44        32      
<a href="ant-jai-1.6.4.pom.sha1" title="ant-jai-1.6.4.pom.sha1">ant-jai-1.6.4.pom.sha1</a>                            2005-09-20 05:44        40      
<a href="maven-metadata.xml" title="maven-metadata.xml">maven-metadata.xml</a>                                2005-09-20 05:44       109      
<a href="maven-metadata.xml.md5" title="maven-metadata.xml.md5">maven-metadata.xml.md5</a>                            2005-09-20 05:44        73      
<a href="maven-metadata.xml.sha1" title="maven-metadata.xml.sha1">maven-metadata.xml.sha1</a>                           2005-09-20 05:44       128      
		</pre>
	</main>
	<hr/>
</body>

</html>
18:46:14.421 [pool-1-thread-8] TRACE f.m.indexer.core.download.Crawler - getFullUrl: http://central.maven.org/maven2/ant/ant-jai/1.6.4/, ../)
18:46:14.421 [pool-1-thread-8] TRACE f.m.indexer.core.download.Crawler - getFullUrl: http://central.maven.org/maven2/ant/ant-jai/1.6.4/, ant-jai-1.6.4.jar)
18:46:14.421 [pool-1-thread-8] TRACE f.m.indexer.core.download.Crawler - getFullUrl: http://central.maven.org/maven2/ant/ant-jai/1.6.4/, ant-jai-1.6.4.jar.md5)
18:46:14.421 [pool-1-thread-8] TRACE f.m.indexer.core.download.Crawler - getFullUrl: http://central.maven.org/maven2/ant/ant-jai/1.6.4/, ant-jai-1.6.4.jar.sha1)
18:46:14.421 [pool-1-thread-8] TRACE f.m.indexer.core.download.Crawler - getFullUrl: http://central.maven.org/maven2/ant/ant-jai/1.6.4/, ant-jai-1.6.4.pom)
18:46:14.421 [pool-1-thread-8] TRACE f.m.indexer.core.download.Crawler - getFullUrl: http://central.maven.org/maven2/ant/ant-jai/1.6.4/, ant-jai-1.6.4.pom.md5)
18:46:14.421 [pool-1-thread-8] TRACE f.m.indexer.core.download.Crawler - getFullUrl: http://central.maven.org/maven2/ant/ant-jai/1.6.4/, ant-jai-1.6.4.pom.sha1)
18:46:14.421 [pool-1-thread-8] TRACE f.m.indexer.core.download.Crawler - getFullUrl: http://central.maven.org/maven2/ant/ant-jai/1.6.4/, maven-metadata.xml)
18:46:14.421 [pool-1-thread-8] TRACE f.m.indexer.core.download.Crawler - getFullUrl: http://central.maven.org/maven2/ant/ant-jai/1.6.4/, maven-metadata.xml.md5)
18:46:14.421 [pool-1-thread-8] TRACE f.m.indexer.core.download.Crawler - getFullUrl: http://central.maven.org/maven2/ant/ant-jai/1.6.4/, maven-metadata.xml.sha1)
18:46:14.421 [pool-1-thread-8] TRACE f.m.indexer.core.download.Crawler - doNext: http://central.maven.org/maven2/ant/ant-jai/1.6.4/../
18:46:14.421 [pool-1-thread-8] TRACE f.m.indexer.core.download.Crawler - doNext: http://central.maven.org/maven2/ant/ant-jai/1.6.4/ant-jai-1.6.4.jar
18:46:14.421 [pool-1-thread-8] TRACE f.m.indexer.core.download.Crawler - doNext: http://central.maven.org/maven2/ant/ant-jai/1.6.4/ant-jai-1.6.4.jar.md5
18:46:14.421 [pool-1-thread-8] TRACE f.m.indexer.core.download.Crawler - doNext: http://central.maven.org/maven2/ant/ant-jai/1.6.4/ant-jai-1.6.4.jar.sha1
18:46:14.421 [pool-1-thread-8] TRACE f.m.indexer.core.download.Crawler - doNext: http://central.maven.org/maven2/ant/ant-jai/1.6.4/ant-jai-1.6.4.pom
18:46:14.421 [pool-1-thread-8] TRACE f.m.indexer.core.download.Crawler - doNext: http://central.maven.org/maven2/ant/ant-jai/1.6.4/ant-jai-1.6.4.pom.md5
18:46:14.421 [pool-1-thread-8] TRACE f.m.indexer.core.download.Crawler - doNext: http://central.maven.org/maven2/ant/ant-jai/1.6.4/ant-jai-1.6.4.pom.sha1
18:46:14.421 [pool-1-thread-8] TRACE f.m.indexer.core.download.Crawler - doNext: http://central.maven.org/maven2/ant/ant-jai/1.6.4/maven-metadata.xml
18:46:14.421 [pool-1-thread-8] TRACE f.m.indexer.core.download.Crawler - match: http://central.maven.org/maven2/ant/ant-jai/1.6.4/maven-metadata.xml
18:46:14.421 [pool-1-thread-8] TRACE f.m.indexer.core.download.Crawler - doNext: http://central.maven.org/maven2/ant/ant-jai/1.6.4/maven-metadata.xml.md5
18:46:14.421 [pool-1-thread-8] TRACE f.m.indexer.core.download.Crawler - doNext: http://central.maven.org/maven2/ant/ant-jai/1.6.4/maven-metadata.xml.sha1
18:46:14.421 [pool-1-thread-8] TRACE f.m.i.core.client.JerseyHttpClient - download: http://central.maven.org/maven2/ant/ant/1.5.1/
18:46:14.437 [pool-1-thread-10] TRACE f.m.indexer.core.download.Crawler - getLinks: <!DOCTYPE html>
<html>

<head>
	<title>Central Repository: ant/ant-jai/1.6.5</title>
	<meta name="viewport" content="width=device-width, initial-scale=1.0">
	<style>
body {
	background: #fff;
}
	</style>
</head>

<body>
	<header>
		<h1>ant/ant-jai/1.6.5</h1>
	</header>
	<hr/>
	<main>
		<pre id="contents">
<a href="../">../</a>
<a href="ant-jai-1.6.5.jar" title="ant-jai-1.6.5.jar">ant-jai-1.6.5.jar</a>                                 2005-09-20 05:44     21359      
<a href="ant-jai-1.6.5.jar.md5" title="ant-jai-1.6.5.jar.md5">ant-jai-1.6.5.jar.md5</a>                             2005-09-20 05:44        32      
<a href="ant-jai-1.6.5.jar.sha1" title="ant-jai-1.6.5.jar.sha1">ant-jai-1.6.5.jar.sha1</a>                            2005-09-20 05:44        40      
<a href="ant-jai-1.6.5.pom" title="ant-jai-1.6.5.pom">ant-jai-1.6.5.pom</a>                                 2005-09-20 05:44       144      
<a href="ant-jai-1.6.5.pom.md5" title="ant-jai-1.6.5.pom.md5">ant-jai-1.6.5.pom.md5</a>                             2005-09-20 05:44        32      
<a href="ant-jai-1.6.5.pom.sha1" title="ant-jai-1.6.5.pom.sha1">ant-jai-1.6.5.pom.sha1</a>                            2005-09-20 05:44        40      
<a href="maven-metadata.xml" title="maven-metadata.xml">maven-metadata.xml</a>                                2005-09-20 05:44       109      
<a href="maven-metadata.xml.md5" title="maven-metadata.xml.md5">maven-metadata.xml.md5</a>                            2005-09-20 05:44        73      
<a href="maven-metadata.xml.sha1" title="maven-metadata.xml.sha1">maven-metadata.xml.sha1</a>                           2005-09-20 05:44       128      
		</pre>
	</main>
	<hr/>
</body>

</html>
18:46:14.437 [pool-1-thread-10] TRACE f.m.indexer.core.download.Crawler - getFullUrl: http://central.maven.org/maven2/ant/ant-jai/1.6.5/, ../)
18:46:14.437 [pool-1-thread-10] TRACE f.m.indexer.core.download.Crawler - getFullUrl: http://central.maven.org/maven2/ant/ant-jai/1.6.5/, ant-jai-1.6.5.jar)
18:46:14.437 [pool-1-thread-10] TRACE f.m.indexer.core.download.Crawler - getFullUrl: http://central.maven.org/maven2/ant/ant-jai/1.6.5/, ant-jai-1.6.5.jar.md5)
18:46:14.437 [pool-1-thread-10] TRACE f.m.indexer.core.download.Crawler - getFullUrl: http://central.maven.org/maven2/ant/ant-jai/1.6.5/, ant-jai-1.6.5.jar.sha1)
18:46:14.437 [pool-1-thread-10] TRACE f.m.indexer.core.download.Crawler - getFullUrl: http://central.maven.org/maven2/ant/ant-jai/1.6.5/, ant-jai-1.6.5.pom)
18:46:14.437 [pool-1-thread-10] TRACE f.m.indexer.core.download.Crawler - getFullUrl: http://central.maven.org/maven2/ant/ant-jai/1.6.5/, ant-jai-1.6.5.pom.md5)
18:46:14.437 [pool-1-thread-10] TRACE f.m.indexer.core.download.Crawler - getFullUrl: http://central.maven.org/maven2/ant/ant-jai/1.6.5/, ant-jai-1.6.5.pom.sha1)
18:46:14.437 [pool-1-thread-10] TRACE f.m.indexer.core.download.Crawler - getFullUrl: http://central.maven.org/maven2/ant/ant-jai/1.6.5/, maven-metadata.xml)
18:46:14.437 [pool-1-thread-10] TRACE f.m.indexer.core.download.Crawler - getFullUrl: http://central.maven.org/maven2/ant/ant-jai/1.6.5/, maven-metadata.xml.md5)
18:46:14.437 [pool-1-thread-10] TRACE f.m.indexer.core.download.Crawler - getFullUrl: http://central.maven.org/maven2/ant/ant-jai/1.6.5/, maven-metadata.xml.sha1)
18:46:14.437 [pool-1-thread-10] TRACE f.m.indexer.core.download.Crawler - doNext: http://central.maven.org/maven2/ant/ant-jai/1.6.5/../
18:46:14.437 [pool-1-thread-10] TRACE f.m.indexer.core.download.Crawler - doNext: http://central.maven.org/maven2/ant/ant-jai/1.6.5/ant-jai-1.6.5.jar
18:46:14.437 [pool-1-thread-10] TRACE f.m.indexer.core.download.Crawler - doNext: http://central.maven.org/maven2/ant/ant-jai/1.6.5/ant-jai-1.6.5.jar.md5
18:46:14.437 [pool-1-thread-10] TRACE f.m.indexer.core.download.Crawler - doNext: http://central.maven.org/maven2/ant/ant-jai/1.6.5/ant-jai-1.6.5.jar.sha1
18:46:14.437 [pool-1-thread-10] TRACE f.m.indexer.core.download.Crawler - doNext: http://central.maven.org/maven2/ant/ant-jai/1.6.5/ant-jai-1.6.5.pom
18:46:14.437 [pool-1-thread-10] TRACE f.m.indexer.core.download.Crawler - doNext: http://central.maven.org/maven2/ant/ant-jai/1.6.5/ant-jai-1.6.5.pom.md5
18:46:14.437 [pool-1-thread-10] TRACE f.m.indexer.core.download.Crawler - doNext: http://central.maven.org/maven2/ant/ant-jai/1.6.5/ant-jai-1.6.5.pom.sha1
18:46:14.437 [pool-1-thread-10] TRACE f.m.indexer.core.download.Crawler - doNext: http://central.maven.org/maven2/ant/ant-jai/1.6.5/maven-metadata.xml
18:46:14.437 [pool-1-thread-10] TRACE f.m.indexer.core.download.Crawler - match: http://central.maven.org/maven2/ant/ant-jai/1.6.5/maven-metadata.xml
18:46:14.437 [pool-1-thread-10] TRACE f.m.indexer.core.download.Crawler - doNext: http://central.maven.org/maven2/ant/ant-jai/1.6.5/maven-metadata.xml.md5
18:46:14.437 [pool-1-thread-10] TRACE f.m.indexer.core.download.Crawler - doNext: http://central.maven.org/maven2/ant/ant-jai/1.6.5/maven-metadata.xml.sha1
18:46:14.437 [pool-1-thread-10] TRACE f.m.i.core.client.JerseyHttpClient - download: http://central.maven.org/maven2/ant/ant/1.5.2/
18:46:14.390 [pool-1-thread-6] TRACE f.m.indexer.core.download.Crawler - getFullUrl: http://central.maven.org/maven2/ant/ant-icontract/1.6.1/, ant-icontract-1.6.1.jar.md5)
18:46:14.421 [pool-1-thread-3] TRACE f.m.indexer.core.download.Crawler - doNext: http://central.maven.org/maven2/ant/ant-jai/1.6.3/../
18:46:14.437 [pool-1-thread-3] TRACE f.m.indexer.core.download.Crawler - doNext: http://central.maven.org/maven2/ant/ant-jai/1.6.3/ant-jai-1.6.3.jar
18:46:14.437 [pool-1-thread-3] TRACE f.m.indexer.core.download.Crawler - doNext: http://central.maven.org/maven2/ant/ant-jai/1.6.3/ant-jai-1.6.3.jar.md5
18:46:14.437 [pool-1-thread-3] TRACE f.m.indexer.core.download.Crawler - doNext: http://central.maven.org/maven2/ant/ant-jai/1.6.3/ant-jai-1.6.3.jar.sha1
18:46:14.437 [pool-1-thread-3] TRACE f.m.indexer.core.download.Crawler - doNext: http://central.maven.org/maven2/ant/ant-jai/1.6.3/ant-jai-1.6.3.pom
18:46:14.437 [pool-1-thread-3] TRACE f.m.indexer.core.download.Crawler - doNext: http://central.maven.org/maven2/ant/ant-jai/1.6.3/ant-jai-1.6.3.pom.md5
18:46:14.437 [pool-1-thread-3] TRACE f.m.indexer.core.download.Crawler - doNext: http://central.maven.org/maven2/ant/ant-jai/1.6.3/ant-jai-1.6.3.pom.sha1
18:46:14.437 [pool-1-thread-3] TRACE f.m.indexer.core.download.Crawler - doNext: http://central.maven.org/maven2/ant/ant-jai/1.6.3/maven-metadata.xml
18:46:14.437 [pool-1-thread-3] TRACE f.m.indexer.core.download.Crawler - match: http://central.maven.org/maven2/ant/ant-jai/1.6.3/maven-metadata.xml
18:46:14.437 [pool-1-thread-3] TRACE f.m.indexer.core.download.Crawler - doNext: http://central.maven.org/maven2/ant/ant-jai/1.6.3/maven-metadata.xml.md5
18:46:14.437 [pool-1-thread-3] TRACE f.m.indexer.core.download.Crawler - doNext: http://central.maven.org/maven2/ant/ant-jai/1.6.3/maven-metadata.xml.sha1
18:46:14.437 [pool-1-thread-3] TRACE f.m.i.core.client.JerseyHttpClient - download: http://central.maven.org/maven2/ant/ant/1.5.3-1/
18:46:14.437 [pool-1-thread-6] TRACE f.m.indexer.core.download.Crawler - getFullUrl: http://central.maven.org/maven2/ant/ant-icontract/1.6.1/, ant-icontract-1.6.1.jar.sha1)
18:46:14.437 [pool-1-thread-6] TRACE f.m.indexer.core.download.Crawler - getFullUrl: http://central.maven.org/maven2/ant/ant-icontract/1.6.1/, ant-icontract-1.6.1.pom)
18:46:14.437 [pool-1-thread-6] TRACE f.m.indexer.core.download.Crawler - getFullUrl: http://central.maven.org/maven2/ant/ant-icontract/1.6.1/, ant-icontract-1.6.1.pom.md5)
18:46:14.437 [pool-1-thread-6] TRACE f.m.indexer.core.download.Crawler - getFullUrl: http://central.maven.org/maven2/ant/ant-icontract/1.6.1/, ant-icontract-1.6.1.pom.sha1)
18:46:14.437 [pool-1-thread-6] TRACE f.m.indexer.core.download.Crawler - getFullUrl: http://central.maven.org/maven2/ant/ant-icontract/1.6.1/, maven-metadata.xml)
18:46:14.437 [pool-1-thread-6] TRACE f.m.indexer.core.download.Crawler - getFullUrl: http://central.maven.org/maven2/ant/ant-icontract/1.6.1/, maven-metadata.xml.md5)
18:46:14.437 [pool-1-thread-6] TRACE f.m.indexer.core.download.Crawler - getFullUrl: http://central.maven.org/maven2/ant/ant-icontract/1.6.1/, maven-metadata.xml.sha1)
18:46:14.437 [pool-1-thread-6] TRACE f.m.indexer.core.download.Crawler - doNext: http://central.maven.org/maven2/ant/ant-icontract/1.6.1/../
18:46:14.437 [pool-1-thread-6] TRACE f.m.indexer.core.download.Crawler - doNext: http://central.maven.org/maven2/ant/ant-icontract/1.6.1/ant-icontract-1.6.1.jar
18:46:14.437 [pool-1-thread-6] TRACE f.m.indexer.core.download.Crawler - doNext: http://central.maven.org/maven2/ant/ant-icontract/1.6.1/ant-icontract-1.6.1.jar.md5
18:46:14.437 [pool-1-thread-6] TRACE f.m.indexer.core.download.Crawler - doNext: http://central.maven.org/maven2/ant/ant-icontract/1.6.1/ant-icontract-1.6.1.jar.sha1
18:46:14.437 [pool-1-thread-6] TRACE f.m.indexer.core.download.Crawler - doNext: http://central.maven.org/maven2/ant/ant-icontract/1.6.1/ant-icontract-1.6.1.pom
18:46:14.437 [pool-1-thread-6] TRACE f.m.indexer.core.download.Crawler - doNext: http://central.maven.org/maven2/ant/ant-icontract/1.6.1/ant-icontract-1.6.1.pom.md5
18:46:14.437 [pool-1-thread-6] TRACE f.m.indexer.core.download.Crawler - doNext: http://central.maven.org/maven2/ant/ant-icontract/1.6.1/ant-icontract-1.6.1.pom.sha1
18:46:14.437 [pool-1-thread-6] TRACE f.m.indexer.core.download.Crawler - doNext: http://central.maven.org/maven2/ant/ant-icontract/1.6.1/maven-metadata.xml
18:46:14.437 [pool-1-thread-6] TRACE f.m.indexer.core.download.Crawler - match: http://central.maven.org/maven2/ant/ant-icontract/1.6.1/maven-metadata.xml
18:46:14.437 [pool-1-thread-6] TRACE f.m.indexer.core.download.Crawler - doNext: http://central.maven.org/maven2/ant/ant-icontract/1.6.1/maven-metadata.xml.md5
18:46:14.437 [pool-1-thread-6] TRACE f.m.indexer.core.download.Crawler - doNext: http://central.maven.org/maven2/ant/ant-icontract/1.6.1/maven-metadata.xml.sha1
18:46:14.437 [pool-1-thread-6] TRACE f.m.i.core.client.JerseyHttpClient - download: http://central.maven.org/maven2/ant/ant/1.5.4/
18:46:14.437 [pool-1-thread-5] TRACE f.m.indexer.artifact.MetadataHandler - match: http://central.maven.org/maven2/ant/ant-jai/maven-metadata.xml
18:46:14.453 [pool-1-thread-5] TRACE f.m.i.core.client.JerseyHttpClient - download: http://central.maven.org/maven2/ant/ant/1.6/
18:46:14.453 [pool-1-thread-4] TRACE f.m.i.core.client.JerseyHttpClient - download: http://central.maven.org/maven2/ant/ant/1.6.1/
18:46:14.468 [pool-1-thread-8] TRACE f.m.indexer.core.download.Crawler - getLinks: <!DOCTYPE html>
<html>

<head>
	<title>Central Repository: ant/ant/1.5.1</title>
	<meta name="viewport" content="width=device-width, initial-scale=1.0">
	<style>
body {
	background: #fff;
}
	</style>
</head>

<body>
	<header>
		<h1>ant/ant/1.5.1</h1>
	</header>
	<hr/>
	<main>
		<pre id="contents">
<a href="../">../</a>
<a href="ant-1.5.1-sources.jar" title="ant-1.5.1-sources.jar">ant-1.5.1-sources.jar</a>                             2005-09-20 05:44   1724464      
<a href="ant-1.5.1-sources.jar.md5" title="ant-1.5.1-sources.jar.md5">ant-1.5.1-sources.jar.md5</a>                         2005-09-20 05:44        70      
<a href="ant-1.5.1-sources.jar.sha1" title="ant-1.5.1-sources.jar.sha1">ant-1.5.1-sources.jar.sha1</a>                        2005-09-20 05:44        78      
<a href="ant-1.5.1.jar" title="ant-1.5.1.jar">ant-1.5.1.jar</a>                                     2005-09-20 05:44    717666      
<a href="ant-1.5.1.jar.md5" title="ant-1.5.1.jar.md5">ant-1.5.1.jar.md5</a>                                 2005-09-20 05:44        32      
<a href="ant-1.5.1.jar.sha1" title="ant-1.5.1.jar.sha1">ant-1.5.1.jar.sha1</a>                                2005-09-20 05:44        40      
<a href="ant-1.5.1.pom" title="ant-1.5.1.pom">ant-1.5.1.pom</a>                                     2005-09-20 05:44       140      
<a href="ant-1.5.1.pom.md5" title="ant-1.5.1.pom.md5">ant-1.5.1.pom.md5</a>                                 2005-09-20 05:44        32      
<a href="ant-1.5.1.pom.sha1" title="ant-1.5.1.pom.sha1">ant-1.5.1.pom.sha1</a>                                2005-09-20 05:44        40      
<a href="maven-metadata.xml" title="maven-metadata.xml">maven-metadata.xml</a>                                2005-09-20 05:44       105      
<a href="maven-metadata.xml.md5" title="maven-metadata.xml.md5">maven-metadata.xml.md5</a>                            2005-09-20 05:44        69      
<a href="maven-metadata.xml.sha1" title="maven-metadata.xml.sha1">maven-metadata.xml.sha1</a>                           2005-09-20 05:44       124      
		</pre>
	</main>
	<hr/>
</body>

</html>
18:46:14.468 [pool-1-thread-8] TRACE f.m.indexer.core.download.Crawler - getFullUrl: http://central.maven.org/maven2/ant/ant/1.5.1/, ../)
18:46:14.468 [pool-1-thread-8] TRACE f.m.indexer.core.download.Crawler - getFullUrl: http://central.maven.org/maven2/ant/ant/1.5.1/, ant-1.5.1-sources.jar)
18:46:14.468 [pool-1-thread-8] TRACE f.m.indexer.core.download.Crawler - getFullUrl: http://central.maven.org/maven2/ant/ant/1.5.1/, ant-1.5.1-sources.jar.md5)
18:46:14.468 [pool-1-thread-8] TRACE f.m.indexer.core.download.Crawler - getFullUrl: http://central.maven.org/maven2/ant/ant/1.5.1/, ant-1.5.1-sources.jar.sha1)
18:46:14.468 [pool-1-thread-8] TRACE f.m.indexer.core.download.Crawler - getFullUrl: http://central.maven.org/maven2/ant/ant/1.5.1/, ant-1.5.1.jar)
18:46:14.468 [pool-1-thread-8] TRACE f.m.indexer.core.download.Crawler - getFullUrl: http://central.maven.org/maven2/ant/ant/1.5.1/, ant-1.5.1.jar.md5)
18:46:14.468 [pool-1-thread-8] TRACE f.m.indexer.core.download.Crawler - getFullUrl: http://central.maven.org/maven2/ant/ant/1.5.1/, ant-1.5.1.jar.sha1)
18:46:14.468 [pool-1-thread-8] TRACE f.m.indexer.core.download.Crawler - getFullUrl: http://central.maven.org/maven2/ant/ant/1.5.1/, ant-1.5.1.pom)
18:46:14.468 [pool-1-thread-8] TRACE f.m.indexer.core.download.Crawler - getFullUrl: http://central.maven.org/maven2/ant/ant/1.5.1/, ant-1.5.1.pom.md5)
18:46:14.468 [pool-1-thread-8] TRACE f.m.indexer.core.download.Crawler - getFullUrl: http://central.maven.org/maven2/ant/ant/1.5.1/, ant-1.5.1.pom.sha1)
18:46:14.468 [pool-1-thread-8] TRACE f.m.indexer.core.download.Crawler - getFullUrl: http://central.maven.org/maven2/ant/ant/1.5.1/, maven-metadata.xml)
18:46:14.468 [pool-1-thread-8] TRACE f.m.indexer.core.download.Crawler - getFullUrl: http://central.maven.org/maven2/ant/ant/1.5.1/, maven-metadata.xml.md5)
18:46:14.468 [pool-1-thread-8] TRACE f.m.indexer.core.download.Crawler - getFullUrl: http://central.maven.org/maven2/ant/ant/1.5.1/, maven-metadata.xml.sha1)
18:46:14.468 [pool-1-thread-8] TRACE f.m.indexer.core.download.Crawler - doNext: http://central.maven.org/maven2/ant/ant/1.5.1/../
18:46:14.468 [pool-1-thread-8] TRACE f.m.indexer.core.download.Crawler - doNext: http://central.maven.org/maven2/ant/ant/1.5.1/ant-1.5.1-sources.jar
18:46:14.468 [pool-1-thread-8] TRACE f.m.indexer.core.download.Crawler - doNext: http://central.maven.org/maven2/ant/ant/1.5.1/ant-1.5.1-sources.jar.md5
18:46:14.468 [pool-1-thread-8] TRACE f.m.indexer.core.download.Crawler - doNext: http://central.maven.org/maven2/ant/ant/1.5.1/ant-1.5.1-sources.jar.sha1
18:46:14.468 [pool-1-thread-8] TRACE f.m.indexer.core.download.Crawler - doNext: http://central.maven.org/maven2/ant/ant/1.5.1/ant-1.5.1.jar
18:46:14.468 [pool-1-thread-8] TRACE f.m.indexer.core.download.Crawler - doNext: http://central.maven.org/maven2/ant/ant/1.5.1/ant-1.5.1.jar.md5
18:46:14.468 [pool-1-thread-8] TRACE f.m.indexer.core.download.Crawler - doNext: http://central.maven.org/maven2/ant/ant/1.5.1/ant-1.5.1.jar.sha1
18:46:14.468 [pool-1-thread-8] TRACE f.m.indexer.core.download.Crawler - doNext: http://central.maven.org/maven2/ant/ant/1.5.1/ant-1.5.1.pom
18:46:14.468 [pool-1-thread-8] TRACE f.m.indexer.core.download.Crawler - doNext: http://central.maven.org/maven2/ant/ant/1.5.1/ant-1.5.1.pom.md5
18:46:14.468 [pool-1-thread-8] TRACE f.m.indexer.core.download.Crawler - doNext: http://central.maven.org/maven2/ant/ant/1.5.1/ant-1.5.1.pom.sha1
18:46:14.468 [pool-1-thread-8] TRACE f.m.indexer.core.download.Crawler - doNext: http://central.maven.org/maven2/ant/ant/1.5.1/maven-metadata.xml
18:46:14.468 [pool-1-thread-8] TRACE f.m.indexer.core.download.Crawler - match: http://central.maven.org/maven2/ant/ant/1.5.1/maven-metadata.xml
18:46:14.468 [pool-1-thread-8] TRACE f.m.indexer.core.download.Crawler - doNext: http://central.maven.org/maven2/ant/ant/1.5.1/maven-metadata.xml.md5
18:46:14.468 [pool-1-thread-8] TRACE f.m.indexer.core.download.Crawler - doNext: http://central.maven.org/maven2/ant/ant/1.5.1/maven-metadata.xml.sha1
18:46:14.468 [pool-1-thread-8] TRACE f.m.i.core.client.JerseyHttpClient - download: http://central.maven.org/maven2/ant/ant/1.6.2/
18:46:14.468 [pool-1-thread-10] TRACE f.m.indexer.core.download.Crawler - getLinks: <!DOCTYPE html>
<html>

<head>
	<title>Central Repository: ant/ant/1.5.2</title>
	<meta name="viewport" content="width=device-width, initial-scale=1.0">
	<style>
body {
	background: #fff;
}
	</style>
</head>

<body>
	<header>
		<h1>ant/ant/1.5.2</h1>
	</header>
	<hr/>
	<main>
		<pre id="contents">
<a href="../">../</a>
<a href="ant-1.5.2.jar" title="ant-1.5.2.jar">ant-1.5.2.jar</a>                                     2005-09-20 05:44    732490      
<a href="ant-1.5.2.jar.md5" title="ant-1.5.2.jar.md5">ant-1.5.2.jar.md5</a>                                 2005-09-20 05:44        32      
<a href="ant-1.5.2.jar.sha1" title="ant-1.5.2.jar.sha1">ant-1.5.2.jar.sha1</a>                                2005-09-20 05:44        40      
<a href="ant-1.5.2.pom" title="ant-1.5.2.pom">ant-1.5.2.pom</a>                                     2005-09-20 05:44       140      
<a href="ant-1.5.2.pom.md5" title="ant-1.5.2.pom.md5">ant-1.5.2.pom.md5</a>                                 2005-09-20 05:44        32      
<a href="ant-1.5.2.pom.sha1" title="ant-1.5.2.pom.sha1">ant-1.5.2.pom.sha1</a>                                2005-09-20 05:44        40      
<a href="maven-metadata.xml" title="maven-metadata.xml">maven-metadata.xml</a>                                2005-09-20 05:44       105      
<a href="maven-metadata.xml.md5" title="maven-metadata.xml.md5">maven-metadata.xml.md5</a>                            2005-09-20 05:44        69      
<a href="maven-metadata.xml.sha1" title="maven-metadata.xml.sha1">maven-metadata.xml.sha1</a>                           2005-09-20 05:44       124      
		</pre>
	</main>
	<hr/>
</body>

</html>
18:46:14.468 [pool-1-thread-10] TRACE f.m.indexer.core.download.Crawler - getFullUrl: http://central.maven.org/maven2/ant/ant/1.5.2/, ../)
18:46:14.468 [pool-1-thread-10] TRACE f.m.indexer.core.download.Crawler - getFullUrl: http://central.maven.org/maven2/ant/ant/1.5.2/, ant-1.5.2.jar)
18:46:14.468 [pool-1-thread-10] TRACE f.m.indexer.core.download.Crawler - getFullUrl: http://central.maven.org/maven2/ant/ant/1.5.2/, ant-1.5.2.jar.md5)
18:46:14.468 [pool-1-thread-10] TRACE f.m.indexer.core.download.Crawler - getFullUrl: http://central.maven.org/maven2/ant/ant/1.5.2/, ant-1.5.2.jar.sha1)
18:46:14.468 [pool-1-thread-10] TRACE f.m.indexer.core.download.Crawler - getFullUrl: http://central.maven.org/maven2/ant/ant/1.5.2/, ant-1.5.2.pom)
18:46:14.468 [pool-1-thread-10] TRACE f.m.indexer.core.download.Crawler - getFullUrl: http://central.maven.org/maven2/ant/ant/1.5.2/, ant-1.5.2.pom.md5)
18:46:14.468 [pool-1-thread-10] TRACE f.m.indexer.core.download.Crawler - getFullUrl: http://central.maven.org/maven2/ant/ant/1.5.2/, ant-1.5.2.pom.sha1)
18:46:14.468 [pool-1-thread-10] TRACE f.m.indexer.core.download.Crawler - getFullUrl: http://central.maven.org/maven2/ant/ant/1.5.2/, maven-metadata.xml)
18:46:14.468 [pool-1-thread-10] TRACE f.m.indexer.core.download.Crawler - getFullUrl: http://central.maven.org/maven2/ant/ant/1.5.2/, maven-metadata.xml.md5)
18:46:14.468 [pool-1-thread-10] TRACE f.m.indexer.core.download.Crawler - getFullUrl: http://central.maven.org/maven2/ant/ant/1.5.2/, maven-metadata.xml.sha1)
18:46:14.468 [pool-1-thread-10] TRACE f.m.indexer.core.download.Crawler - doNext: http://central.maven.org/maven2/ant/ant/1.5.2/../
18:46:14.468 [pool-1-thread-10] TRACE f.m.indexer.core.download.Crawler - doNext: http://central.maven.org/maven2/ant/ant/1.5.2/ant-1.5.2.jar
18:46:14.468 [pool-1-thread-10] TRACE f.m.indexer.core.download.Crawler - doNext: http://central.maven.org/maven2/ant/ant/1.5.2/ant-1.5.2.jar.md5
18:46:14.468 [pool-1-thread-10] TRACE f.m.indexer.core.download.Crawler - doNext: http://central.maven.org/maven2/ant/ant/1.5.2/ant-1.5.2.jar.sha1
18:46:14.468 [pool-1-thread-10] TRACE f.m.indexer.core.download.Crawler - doNext: http://central.maven.org/maven2/ant/ant/1.5.2/ant-1.5.2.pom
18:46:14.468 [pool-1-thread-10] TRACE f.m.indexer.core.download.Crawler - doNext: http://central.maven.org/maven2/ant/ant/1.5.2/ant-1.5.2.pom.md5
18:46:14.468 [pool-1-thread-10] TRACE f.m.indexer.core.download.Crawler - doNext: http://central.maven.org/maven2/ant/ant/1.5.2/ant-1.5.2.pom.sha1
18:46:14.468 [pool-1-thread-10] TRACE f.m.indexer.core.download.Crawler - doNext: http://central.maven.org/maven2/ant/ant/1.5.2/maven-metadata.xml
18:46:14.468 [pool-1-thread-10] TRACE f.m.indexer.core.download.Crawler - match: http://central.maven.org/maven2/ant/ant/1.5.2/maven-metadata.xml
18:46:14.468 [pool-1-thread-10] TRACE f.m.indexer.core.download.Crawler - doNext: http://central.maven.org/maven2/ant/ant/1.5.2/maven-metadata.xml.md5
18:46:14.468 [pool-1-thread-10] TRACE f.m.indexer.core.download.Crawler - doNext: http://central.maven.org/maven2/ant/ant/1.5.2/maven-metadata.xml.sha1
18:46:14.468 [pool-1-thread-10] TRACE f.m.i.core.client.JerseyHttpClient - download: http://central.maven.org/maven2/ant/ant/1.6.3/
18:46:14.499 [pool-1-thread-3] TRACE f.m.indexer.core.download.Crawler - getLinks: <!DOCTYPE html>
<html>

<head>
	<title>Central Repository: ant/ant/1.5.3-1</title>
	<meta name="viewport" content="width=device-width, initial-scale=1.0">
	<style>
body {
	background: #fff;
}
	</style>
</head>

<body>
	<header>
		<h1>ant/ant/1.5.3-1</h1>
	</header>
	<hr/>
	<main>
		<pre id="contents">
<a href="../">../</a>
<a href="ant-1.5.3-1-sources.jar" title="ant-1.5.3-1-sources.jar">ant-1.5.3-1-sources.jar</a>                           2005-09-20 05:44   1737281      
<a href="ant-1.5.3-1-sources.jar.md5" title="ant-1.5.3-1-sources.jar.md5">ant-1.5.3-1-sources.jar.md5</a>                       2005-09-20 05:44        32      
<a href="ant-1.5.3-1-sources.jar.sha1" title="ant-1.5.3-1-sources.jar.sha1">ant-1.5.3-1-sources.jar.sha1</a>                      2005-09-20 05:44        40      
<a href="ant-1.5.3-1.jar" title="ant-1.5.3-1.jar">ant-1.5.3-1.jar</a>                                   2005-09-20 05:44    737884      
<a href="ant-1.5.3-1.jar.md5" title="ant-1.5.3-1.jar.md5">ant-1.5.3-1.jar.md5</a>                               2005-09-20 05:44        32      
<a href="ant-1.5.3-1.jar.sha1" title="ant-1.5.3-1.jar.sha1">ant-1.5.3-1.jar.sha1</a>                              2005-09-20 05:44        40      
<a href="ant-1.5.3-1.pom" title="ant-1.5.3-1.pom">ant-1.5.3-1.pom</a>                                   2005-09-20 05:44       143      
<a href="ant-1.5.3-1.pom.md5" title="ant-1.5.3-1.pom.md5">ant-1.5.3-1.pom.md5</a>                               2005-09-20 05:44       124      
<a href="ant-1.5.3-1.pom.sha1" title="ant-1.5.3-1.pom.sha1">ant-1.5.3-1.pom.sha1</a>                              2005-09-20 05:44       132      
<a href="maven-metadata.xml" title="maven-metadata.xml">maven-metadata.xml</a>                                2005-09-20 05:44       107      
<a href="maven-metadata.xml.md5" title="maven-metadata.xml.md5">maven-metadata.xml.md5</a>                            2005-09-20 05:44        71      
<a href="maven-metadata.xml.sha1" title="maven-metadata.xml.sha1">maven-metadata.xml.sha1</a>                           2005-09-20 05:44       126      
		</pre>
	</main>
	<hr/>
</body>

</html>
18:46:14.499 [pool-1-thread-3] TRACE f.m.indexer.core.download.Crawler - getFullUrl: http://central.maven.org/maven2/ant/ant/1.5.3-1/, ../)
18:46:14.499 [pool-1-thread-3] TRACE f.m.indexer.core.download.Crawler - getFullUrl: http://central.maven.org/maven2/ant/ant/1.5.3-1/, ant-1.5.3-1-sources.jar)
18:46:14.499 [pool-1-thread-3] TRACE f.m.indexer.core.download.Crawler - getFullUrl: http://central.maven.org/maven2/ant/ant/1.5.3-1/, ant-1.5.3-1-sources.jar.md5)
18:46:14.499 [pool-1-thread-3] TRACE f.m.indexer.core.download.Crawler - getFullUrl: http://central.maven.org/maven2/ant/ant/1.5.3-1/, ant-1.5.3-1-sources.jar.sha1)
18:46:14.499 [pool-1-thread-3] TRACE f.m.indexer.core.download.Crawler - getFullUrl: http://central.maven.org/maven2/ant/ant/1.5.3-1/, ant-1.5.3-1.jar)
18:46:14.515 [pool-1-thread-3] TRACE f.m.indexer.core.download.Crawler - getFullUrl: http://central.maven.org/maven2/ant/ant/1.5.3-1/, ant-1.5.3-1.jar.md5)
18:46:14.515 [pool-1-thread-3] TRACE f.m.indexer.core.download.Crawler - getFullUrl: http://central.maven.org/maven2/ant/ant/1.5.3-1/, ant-1.5.3-1.jar.sha1)
18:46:14.515 [pool-1-thread-3] TRACE f.m.indexer.core.download.Crawler - getFullUrl: http://central.maven.org/maven2/ant/ant/1.5.3-1/, ant-1.5.3-1.pom)
18:46:14.515 [pool-1-thread-3] TRACE f.m.indexer.core.download.Crawler - getFullUrl: http://central.maven.org/maven2/ant/ant/1.5.3-1/, ant-1.5.3-1.pom.md5)
18:46:14.515 [pool-1-thread-3] TRACE f.m.indexer.core.download.Crawler - getFullUrl: http://central.maven.org/maven2/ant/ant/1.5.3-1/, ant-1.5.3-1.pom.sha1)
18:46:14.515 [pool-1-thread-3] TRACE f.m.indexer.core.download.Crawler - getFullUrl: http://central.maven.org/maven2/ant/ant/1.5.3-1/, maven-metadata.xml)
18:46:14.515 [pool-1-thread-3] TRACE f.m.indexer.core.download.Crawler - getFullUrl: http://central.maven.org/maven2/ant/ant/1.5.3-1/, maven-metadata.xml.md5)
18:46:14.515 [pool-1-thread-3] TRACE f.m.indexer.core.download.Crawler - getFullUrl: http://central.maven.org/maven2/ant/ant/1.5.3-1/, maven-metadata.xml.sha1)
18:46:14.515 [pool-1-thread-3] TRACE f.m.indexer.core.download.Crawler - doNext: http://central.maven.org/maven2/ant/ant/1.5.3-1/../
18:46:14.515 [pool-1-thread-3] TRACE f.m.indexer.core.download.Crawler - doNext: http://central.maven.org/maven2/ant/ant/1.5.3-1/ant-1.5.3-1-sources.jar
18:46:14.515 [pool-1-thread-3] TRACE f.m.indexer.core.download.Crawler - doNext: http://central.maven.org/maven2/ant/ant/1.5.3-1/ant-1.5.3-1-sources.jar.md5
18:46:14.515 [pool-1-thread-3] TRACE f.m.indexer.core.download.Crawler - doNext: http://central.maven.org/maven2/ant/ant/1.5.3-1/ant-1.5.3-1-sources.jar.sha1
18:46:14.515 [pool-1-thread-3] TRACE f.m.indexer.core.download.Crawler - doNext: http://central.maven.org/maven2/ant/ant/1.5.3-1/ant-1.5.3-1.jar
18:46:14.515 [pool-1-thread-3] TRACE f.m.indexer.core.download.Crawler - doNext: http://central.maven.org/maven2/ant/ant/1.5.3-1/ant-1.5.3-1.jar.md5
18:46:14.515 [pool-1-thread-3] TRACE f.m.indexer.core.download.Crawler - doNext: http://central.maven.org/maven2/ant/ant/1.5.3-1/ant-1.5.3-1.jar.sha1
18:46:14.515 [pool-1-thread-3] TRACE f.m.indexer.core.download.Crawler - doNext: http://central.maven.org/maven2/ant/ant/1.5.3-1/ant-1.5.3-1.pom
18:46:14.515 [pool-1-thread-3] TRACE f.m.indexer.core.download.Crawler - doNext: http://central.maven.org/maven2/ant/ant/1.5.3-1/ant-1.5.3-1.pom.md5
18:46:14.515 [pool-1-thread-3] TRACE f.m.indexer.core.download.Crawler - doNext: http://central.maven.org/maven2/ant/ant/1.5.3-1/ant-1.5.3-1.pom.sha1
18:46:14.515 [pool-1-thread-3] TRACE f.m.indexer.core.download.Crawler - doNext: http://central.maven.org/maven2/ant/ant/1.5.3-1/maven-metadata.xml
18:46:14.515 [pool-1-thread-3] TRACE f.m.indexer.core.download.Crawler - match: http://central.maven.org/maven2/ant/ant/1.5.3-1/maven-metadata.xml
18:46:14.515 [pool-1-thread-3] TRACE f.m.indexer.core.download.Crawler - doNext: http://central.maven.org/maven2/ant/ant/1.5.3-1/maven-metadata.xml.md5
18:46:14.515 [pool-1-thread-3] TRACE f.m.indexer.core.download.Crawler - doNext: http://central.maven.org/maven2/ant/ant/1.5.3-1/maven-metadata.xml.sha1
18:46:14.515 [pool-1-thread-3] TRACE f.m.i.core.client.JerseyHttpClient - download: http://central.maven.org/maven2/ant/ant/1.6.4/
18:46:14.515 [pool-1-thread-6] TRACE f.m.indexer.core.download.Crawler - getLinks: <!DOCTYPE html>
<html>

<head>
	<title>Central Repository: ant/ant/1.5.4</title>
	<meta name="viewport" content="width=device-width, initial-scale=1.0">
	<style>
body {
	background: #fff;
}
	</style>
</head>

<body>
	<header>
		<h1>ant/ant/1.5.4</h1>
	</header>
	<hr/>
	<main>
		<pre id="contents">
<a href="../">../</a>
<a href="ant-1.5.4.jar" title="ant-1.5.4.jar">ant-1.5.4.jar</a>                                     2005-09-20 05:44    736810      
<a href="ant-1.5.4.jar.md5" title="ant-1.5.4.jar.md5">ant-1.5.4.jar.md5</a>                                 2005-09-20 05:44        32      
<a href="ant-1.5.4.jar.sha1" title="ant-1.5.4.jar.sha1">ant-1.5.4.jar.sha1</a>                                2005-09-20 05:44        40      
<a href="ant-1.5.4.pom" title="ant-1.5.4.pom">ant-1.5.4.pom</a>                                     2005-09-20 05:44       140      
<a href="ant-1.5.4.pom.md5" title="ant-1.5.4.pom.md5">ant-1.5.4.pom.md5</a>                                 2005-09-20 05:44        32      
<a href="ant-1.5.4.pom.sha1" title="ant-1.5.4.pom.sha1">ant-1.5.4.pom.sha1</a>                                2005-09-20 05:44        40      
<a href="maven-metadata.xml" title="maven-metadata.xml">maven-metadata.xml</a>                                2005-09-20 05:44       105      
<a href="maven-metadata.xml.md5" title="maven-metadata.xml.md5">maven-metadata.xml.md5</a>                            2005-09-20 05:44        69      
<a href="maven-metadata.xml.sha1" title="maven-metadata.xml.sha1">maven-metadata.xml.sha1</a>                           2005-09-20 05:44       124      
		</pre>
	</main>
	<hr/>
</body>

</html>
18:46:14.515 [pool-1-thread-6] TRACE f.m.indexer.core.download.Crawler - getFullUrl: http://central.maven.org/maven2/ant/ant/1.5.4/, ../)
18:46:14.515 [pool-1-thread-6] TRACE f.m.indexer.core.download.Crawler - getFullUrl: http://central.maven.org/maven2/ant/ant/1.5.4/, ant-1.5.4.jar)
18:46:14.515 [pool-1-thread-6] TRACE f.m.indexer.core.download.Crawler - getFullUrl: http://central.maven.org/maven2/ant/ant/1.5.4/, ant-1.5.4.jar.md5)
18:46:14.515 [pool-1-thread-6] TRACE f.m.indexer.core.download.Crawler - getFullUrl: http://central.maven.org/maven2/ant/ant/1.5.4/, ant-1.5.4.jar.sha1)
18:46:14.515 [pool-1-thread-6] TRACE f.m.indexer.core.download.Crawler - getFullUrl: http://central.maven.org/maven2/ant/ant/1.5.4/, ant-1.5.4.pom)
18:46:14.515 [pool-1-thread-6] TRACE f.m.indexer.core.download.Crawler - getFullUrl: http://central.maven.org/maven2/ant/ant/1.5.4/, ant-1.5.4.pom.md5)
18:46:14.515 [pool-1-thread-6] TRACE f.m.indexer.core.download.Crawler - getFullUrl: http://central.maven.org/maven2/ant/ant/1.5.4/, ant-1.5.4.pom.sha1)
18:46:14.515 [pool-1-thread-6] TRACE f.m.indexer.core.download.Crawler - getFullUrl: http://central.maven.org/maven2/ant/ant/1.5.4/, maven-metadata.xml)
18:46:14.515 [pool-1-thread-6] TRACE f.m.indexer.core.download.Crawler - getFullUrl: http://central.maven.org/maven2/ant/ant/1.5.4/, maven-metadata.xml.md5)
18:46:14.515 [pool-1-thread-6] TRACE f.m.indexer.core.download.Crawler - getFullUrl: http://central.maven.org/maven2/ant/ant/1.5.4/, maven-metadata.xml.sha1)
18:46:14.515 [pool-1-thread-6] TRACE f.m.indexer.core.download.Crawler - doNext: http://central.maven.org/maven2/ant/ant/1.5.4/../
18:46:14.515 [pool-1-thread-6] TRACE f.m.indexer.core.download.Crawler - doNext: http://central.maven.org/maven2/ant/ant/1.5.4/ant-1.5.4.jar
18:46:14.515 [pool-1-thread-6] TRACE f.m.indexer.core.download.Crawler - doNext: http://central.maven.org/maven2/ant/ant/1.5.4/ant-1.5.4.jar.md5
18:46:14.515 [pool-1-thread-6] TRACE f.m.indexer.core.download.Crawler - doNext: http://central.maven.org/maven2/ant/ant/1.5.4/ant-1.5.4.jar.sha1
18:46:14.515 [pool-1-thread-6] TRACE f.m.indexer.core.download.Crawler - doNext: http://central.maven.org/maven2/ant/ant/1.5.4/ant-1.5.4.pom
18:46:14.515 [pool-1-thread-6] TRACE f.m.indexer.core.download.Crawler - doNext: http://central.maven.org/maven2/ant/ant/1.5.4/ant-1.5.4.pom.md5
18:46:14.515 [pool-1-thread-6] TRACE f.m.indexer.core.download.Crawler - doNext: http://central.maven.org/maven2/ant/ant/1.5.4/ant-1.5.4.pom.sha1
18:46:14.515 [pool-1-thread-6] TRACE f.m.indexer.core.download.Crawler - doNext: http://central.maven.org/maven2/ant/ant/1.5.4/maven-metadata.xml
18:46:14.515 [pool-1-thread-6] TRACE f.m.indexer.core.download.Crawler - match: http://central.maven.org/maven2/ant/ant/1.5.4/maven-metadata.xml
18:46:14.515 [pool-1-thread-6] TRACE f.m.indexer.core.download.Crawler - doNext: http://central.maven.org/maven2/ant/ant/1.5.4/maven-metadata.xml.md5
18:46:14.515 [pool-1-thread-6] TRACE f.m.indexer.core.download.Crawler - doNext: http://central.maven.org/maven2/ant/ant/1.5.4/maven-metadata.xml.sha1
18:46:14.515 [pool-1-thread-6] TRACE f.m.i.core.client.JerseyHttpClient - download: http://central.maven.org/maven2/ant/ant/1.6.5/
18:46:14.515 [pool-1-thread-5] TRACE f.m.indexer.core.download.Crawler - getLinks: <!DOCTYPE html>
<html>

<head>
	<title>Central Repository: ant/ant/1.6</title>
	<meta name="viewport" content="width=device-width, initial-scale=1.0">
	<style>
body {
	background: #fff;
}
	</style>
</head>

<body>
	<header>
		<h1>ant/ant/1.6</h1>
	</header>
	<hr/>
	<main>
		<pre id="contents">
<a href="../">../</a>
<a href="ant-1.6-sources.jar" title="ant-1.6-sources.jar">ant-1.6-sources.jar</a>                               2005-09-20 05:44   2182693      
<a href="ant-1.6-sources.jar.md5" title="ant-1.6-sources.jar.md5">ant-1.6-sources.jar.md5</a>                           2005-09-20 05:44        66      
<a href="ant-1.6-sources.jar.sha1" title="ant-1.6-sources.jar.sha1">ant-1.6-sources.jar.sha1</a>                          2005-09-20 05:44        74      
<a href="ant-1.6.jar" title="ant-1.6.jar">ant-1.6.jar</a>                                       2005-09-20 05:44    952104      
<a href="ant-1.6.jar.md5" title="ant-1.6.jar.md5">ant-1.6.jar.md5</a>                                   2005-09-20 05:44        32      
<a href="ant-1.6.jar.sha1" title="ant-1.6.jar.sha1">ant-1.6.jar.sha1</a>                                  2005-09-20 05:44        40      
<a href="ant-1.6.pom" title="ant-1.6.pom">ant-1.6.pom</a>                                       2005-09-20 05:44       182      
<a href="ant-1.6.pom.md5" title="ant-1.6.pom.md5">ant-1.6.pom.md5</a>                                   2005-09-20 05:44       116      
<a href="ant-1.6.pom.sha1" title="ant-1.6.pom.sha1">ant-1.6.pom.sha1</a>                                  2005-09-20 05:44       124      
<a href="maven-metadata.xml" title="maven-metadata.xml">maven-metadata.xml</a>                                2005-09-20 05:44       103      
<a href="maven-metadata.xml.md5" title="maven-metadata.xml.md5">maven-metadata.xml.md5</a>                            2005-09-20 05:44        67      
<a href="maven-metadata.xml.sha1" title="maven-metadata.xml.sha1">maven-metadata.xml.sha1</a>                           2005-09-20 05:44       122      
		</pre>
	</main>
	<hr/>
</body>

</html>
18:46:14.515 [pool-1-thread-5] TRACE f.m.indexer.core.download.Crawler - getFullUrl: http://central.maven.org/maven2/ant/ant/1.6/, ../)
18:46:14.515 [pool-1-thread-5] TRACE f.m.indexer.core.download.Crawler - getFullUrl: http://central.maven.org/maven2/ant/ant/1.6/, ant-1.6-sources.jar)
18:46:14.515 [pool-1-thread-5] TRACE f.m.indexer.core.download.Crawler - getFullUrl: http://central.maven.org/maven2/ant/ant/1.6/, ant-1.6-sources.jar.md5)
18:46:14.515 [pool-1-thread-5] TRACE f.m.indexer.core.download.Crawler - getFullUrl: http://central.maven.org/maven2/ant/ant/1.6/, ant-1.6-sources.jar.sha1)
18:46:14.515 [pool-1-thread-5] TRACE f.m.indexer.core.download.Crawler - getFullUrl: http://central.maven.org/maven2/ant/ant/1.6/, ant-1.6.jar)
18:46:14.515 [pool-1-thread-5] TRACE f.m.indexer.core.download.Crawler - getFullUrl: http://central.maven.org/maven2/ant/ant/1.6/, ant-1.6.jar.md5)
18:46:14.515 [pool-1-thread-5] TRACE f.m.indexer.core.download.Crawler - getFullUrl: http://central.maven.org/maven2/ant/ant/1.6/, ant-1.6.jar.sha1)
18:46:14.515 [pool-1-thread-5] TRACE f.m.indexer.core.download.Crawler - getFullUrl: http://central.maven.org/maven2/ant/ant/1.6/, ant-1.6.pom)
18:46:14.515 [pool-1-thread-5] TRACE f.m.indexer.core.download.Crawler - getFullUrl: http://central.maven.org/maven2/ant/ant/1.6/, ant-1.6.pom.md5)
18:46:14.515 [pool-1-thread-5] TRACE f.m.indexer.core.download.Crawler - getFullUrl: http://central.maven.org/maven2/ant/ant/1.6/, ant-1.6.pom.sha1)
18:46:14.515 [pool-1-thread-5] TRACE f.m.indexer.core.download.Crawler - getFullUrl: http://central.maven.org/maven2/ant/ant/1.6/, maven-metadata.xml)
18:46:14.515 [pool-1-thread-5] TRACE f.m.indexer.core.download.Crawler - getFullUrl: http://central.maven.org/maven2/ant/ant/1.6/, maven-metadata.xml.md5)
18:46:14.515 [pool-1-thread-5] TRACE f.m.indexer.core.download.Crawler - getFullUrl: http://central.maven.org/maven2/ant/ant/1.6/, maven-metadata.xml.sha1)
18:46:14.515 [pool-1-thread-5] TRACE f.m.indexer.core.download.Crawler - doNext: http://central.maven.org/maven2/ant/ant/1.6/../
18:46:14.515 [pool-1-thread-5] TRACE f.m.indexer.core.download.Crawler - doNext: http://central.maven.org/maven2/ant/ant/1.6/ant-1.6-sources.jar
18:46:14.515 [pool-1-thread-5] TRACE f.m.indexer.core.download.Crawler - doNext: http://central.maven.org/maven2/ant/ant/1.6/ant-1.6-sources.jar.md5
18:46:14.515 [pool-1-thread-5] TRACE f.m.indexer.core.download.Crawler - doNext: http://central.maven.org/maven2/ant/ant/1.6/ant-1.6-sources.jar.sha1
18:46:14.515 [pool-1-thread-5] TRACE f.m.indexer.core.download.Crawler - doNext: http://central.maven.org/maven2/ant/ant/1.6/ant-1.6.jar
18:46:14.515 [pool-1-thread-5] TRACE f.m.indexer.core.download.Crawler - doNext: http://central.maven.org/maven2/ant/ant/1.6/ant-1.6.jar.md5
18:46:14.515 [pool-1-thread-5] TRACE f.m.indexer.core.download.Crawler - doNext: http://central.maven.org/maven2/ant/ant/1.6/ant-1.6.jar.sha1
18:46:14.515 [pool-1-thread-5] TRACE f.m.indexer.core.download.Crawler - doNext: http://central.maven.org/maven2/ant/ant/1.6/ant-1.6.pom
18:46:14.515 [pool-1-thread-5] TRACE f.m.indexer.core.download.Crawler - doNext: http://central.maven.org/maven2/ant/ant/1.6/ant-1.6.pom.md5
18:46:14.515 [pool-1-thread-5] TRACE f.m.indexer.core.download.Crawler - doNext: http://central.maven.org/maven2/ant/ant/1.6/ant-1.6.pom.sha1
18:46:14.515 [pool-1-thread-5] TRACE f.m.indexer.core.download.Crawler - doNext: http://central.maven.org/maven2/ant/ant/1.6/maven-metadata.xml
18:46:14.515 [pool-1-thread-5] TRACE f.m.indexer.core.download.Crawler - match: http://central.maven.org/maven2/ant/ant/1.6/maven-metadata.xml
18:46:14.515 [pool-1-thread-5] TRACE f.m.indexer.core.download.Crawler - doNext: http://central.maven.org/maven2/ant/ant/1.6/maven-metadata.xml.md5
18:46:14.515 [pool-1-thread-5] TRACE f.m.indexer.core.download.Crawler - doNext: http://central.maven.org/maven2/ant/ant/1.6/maven-metadata.xml.sha1
18:46:14.515 [pool-1-thread-5] TRACE f.m.i.core.client.JerseyHttpClient - download: http://central.maven.org/maven2/ant/ant/1.7.0/
18:46:14.515 [pool-1-thread-1] TRACE f.m.indexer.core.download.Crawler - getLinks: <!DOCTYPE html>
<html>

<head>
	<title>Central Repository: ant/ant/1.4.1</title>
	<meta name="viewport" content="width=device-width, initial-scale=1.0">
	<style>
body {
	background: #fff;
}
	</style>
</head>

<body>
	<header>
		<h1>ant/ant/1.4.1</h1>
	</header>
	<hr/>
	<main>
		<pre id="contents">
<a href="../">../</a>
<a href="ant-1.4.1.jar" title="ant-1.4.1.jar">ant-1.4.1.jar</a>                                     2005-09-20 05:44    417110      
<a href="ant-1.4.1.jar.md5" title="ant-1.4.1.jar.md5">ant-1.4.1.jar.md5</a>                                 2005-09-20 05:44        32      
<a href="ant-1.4.1.jar.sha1" title="ant-1.4.1.jar.sha1">ant-1.4.1.jar.sha1</a>                                2005-09-20 05:44        40      
<a href="ant-1.4.1.pom" title="ant-1.4.1.pom">ant-1.4.1.pom</a>                                     2005-09-20 05:44       140      
<a href="ant-1.4.1.pom.md5" title="ant-1.4.1.pom.md5">ant-1.4.1.pom.md5</a>                                 2005-09-20 05:44        32      
<a href="ant-1.4.1.pom.sha1" title="ant-1.4.1.pom.sha1">ant-1.4.1.pom.sha1</a>                                2005-09-20 05:44        40      
<a href="maven-metadata.xml" title="maven-metadata.xml">maven-metadata.xml</a>                                2005-09-20 05:44       105      
<a href="maven-metadata.xml.md5" title="maven-metadata.xml.md5">maven-metadata.xml.md5</a>                            2005-09-20 05:44        69      
<a href="maven-metadata.xml.sha1" title="maven-metadata.xml.sha1">maven-metadata.xml.sha1</a>                           2005-09-20 05:44       124      
		</pre>
	</main>
	<hr/>
</body>

</html>
18:46:14.515 [pool-1-thread-1] TRACE f.m.indexer.core.download.Crawler - getFullUrl: http://central.maven.org/maven2/ant/ant/1.4.1/, ../)
18:46:14.515 [pool-1-thread-1] TRACE f.m.indexer.core.download.Crawler - getFullUrl: http://central.maven.org/maven2/ant/ant/1.4.1/, ant-1.4.1.jar)
18:46:14.515 [pool-1-thread-1] TRACE f.m.indexer.core.download.Crawler - getFullUrl: http://central.maven.org/maven2/ant/ant/1.4.1/, ant-1.4.1.jar.md5)
18:46:14.515 [pool-1-thread-1] TRACE f.m.indexer.core.download.Crawler - getFullUrl: http://central.maven.org/maven2/ant/ant/1.4.1/, ant-1.4.1.jar.sha1)
18:46:14.515 [pool-1-thread-1] TRACE f.m.indexer.core.download.Crawler - getFullUrl: http://central.maven.org/maven2/ant/ant/1.4.1/, ant-1.4.1.pom)
18:46:14.515 [pool-1-thread-1] TRACE f.m.indexer.core.download.Crawler - getFullUrl: http://central.maven.org/maven2/ant/ant/1.4.1/, ant-1.4.1.pom.md5)
18:46:14.515 [pool-1-thread-1] TRACE f.m.indexer.core.download.Crawler - getFullUrl: http://central.maven.org/maven2/ant/ant/1.4.1/, ant-1.4.1.pom.sha1)
18:46:14.515 [pool-1-thread-1] TRACE f.m.indexer.core.download.Crawler - getFullUrl: http://central.maven.org/maven2/ant/ant/1.4.1/, maven-metadata.xml)
18:46:14.515 [pool-1-thread-1] TRACE f.m.indexer.core.download.Crawler - getFullUrl: http://central.maven.org/maven2/ant/ant/1.4.1/, maven-metadata.xml.md5)
18:46:14.515 [pool-1-thread-1] TRACE f.m.indexer.core.download.Crawler - getFullUrl: http://central.maven.org/maven2/ant/ant/1.4.1/, maven-metadata.xml.sha1)
18:46:14.515 [pool-1-thread-1] TRACE f.m.indexer.core.download.Crawler - doNext: http://central.maven.org/maven2/ant/ant/1.4.1/../
18:46:14.515 [pool-1-thread-1] TRACE f.m.indexer.core.download.Crawler - doNext: http://central.maven.org/maven2/ant/ant/1.4.1/ant-1.4.1.jar
18:46:14.515 [pool-1-thread-1] TRACE f.m.indexer.core.download.Crawler - doNext: http://central.maven.org/maven2/ant/ant/1.4.1/ant-1.4.1.jar.md5
18:46:14.515 [pool-1-thread-1] TRACE f.m.indexer.core.download.Crawler - doNext: http://central.maven.org/maven2/ant/ant/1.4.1/ant-1.4.1.jar.sha1
18:46:14.515 [pool-1-thread-1] TRACE f.m.indexer.core.download.Crawler - doNext: http://central.maven.org/maven2/ant/ant/1.4.1/ant-1.4.1.pom
18:46:14.515 [pool-1-thread-1] TRACE f.m.indexer.core.download.Crawler - doNext: http://central.maven.org/maven2/ant/ant/1.4.1/ant-1.4.1.pom.md5
18:46:14.515 [pool-1-thread-1] TRACE f.m.indexer.core.download.Crawler - doNext: http://central.maven.org/maven2/ant/ant/1.4.1/ant-1.4.1.pom.sha1
18:46:14.515 [pool-1-thread-1] TRACE f.m.indexer.core.download.Crawler - doNext: http://central.maven.org/maven2/ant/ant/1.4.1/maven-metadata.xml
18:46:14.515 [pool-1-thread-1] TRACE f.m.indexer.core.download.Crawler - match: http://central.maven.org/maven2/ant/ant/1.4.1/maven-metadata.xml
18:46:14.515 [pool-1-thread-1] TRACE f.m.indexer.core.download.Crawler - doNext: http://central.maven.org/maven2/ant/ant/1.4.1/maven-metadata.xml.md5
18:46:14.515 [pool-1-thread-1] TRACE f.m.indexer.core.download.Crawler - doNext: http://central.maven.org/maven2/ant/ant/1.4.1/maven-metadata.xml.sha1
18:46:14.515 [pool-1-thread-1] TRACE f.m.i.core.client.JerseyHttpClient - download: http://central.maven.org/maven2/ant/ant/maven-metadata.xml
18:46:14.531 [pool-1-thread-9] TRACE f.m.indexer.core.download.Crawler - getLinks: <!DOCTYPE html>
<html>

<head>
	<title>Central Repository: ant/ant/1.5</title>
	<meta name="viewport" content="width=device-width, initial-scale=1.0">
	<style>
body {
	background: #fff;
}
	</style>
</head>

<body>
	<header>
		<h1>ant/ant/1.5</h1>
	</header>
	<hr/>
	<main>
		<pre id="contents">
<a href="../">../</a>
<a href="ant-1.5.jar" title="ant-1.5.jar">ant-1.5.jar</a>                                       2005-09-20 05:44    716139      
<a href="ant-1.5.jar.md5" title="ant-1.5.jar.md5">ant-1.5.jar.md5</a>                                   2005-09-20 05:44        32      
<a href="ant-1.5.jar.sha1" title="ant-1.5.jar.sha1">ant-1.5.jar.sha1</a>                                  2005-09-20 05:44        40      
<a href="ant-1.5.pom" title="ant-1.5.pom">ant-1.5.pom</a>                                       2005-09-20 05:44       138      
<a href="ant-1.5.pom.md5" title="ant-1.5.pom.md5">ant-1.5.pom.md5</a>                                   2005-09-20 05:44        32      
<a href="ant-1.5.pom.sha1" title="ant-1.5.pom.sha1">ant-1.5.pom.sha1</a>                                  2005-09-20 05:44        40      
<a href="maven-metadata.xml" title="maven-metadata.xml">maven-metadata.xml</a>                                2005-09-20 05:44       103      
<a href="maven-metadata.xml.md5" title="maven-metadata.xml.md5">maven-metadata.xml.md5</a>                            2005-09-20 05:44        67      
<a href="maven-metadata.xml.sha1" title="maven-metadata.xml.sha1">maven-metadata.xml.sha1</a>                           2005-09-20 05:44       122      
		</pre>
	</main>
	<hr/>
</body>

</html>
18:46:14.531 [pool-1-thread-9] TRACE f.m.indexer.core.download.Crawler - getFullUrl: http://central.maven.org/maven2/ant/ant/1.5/, ../)
18:46:14.531 [pool-1-thread-9] TRACE f.m.indexer.core.download.Crawler - getFullUrl: http://central.maven.org/maven2/ant/ant/1.5/, ant-1.5.jar)
18:46:14.531 [pool-1-thread-9] TRACE f.m.indexer.core.download.Crawler - getFullUrl: http://central.maven.org/maven2/ant/ant/1.5/, ant-1.5.jar.md5)
18:46:14.531 [pool-1-thread-9] TRACE f.m.indexer.core.download.Crawler - getFullUrl: http://central.maven.org/maven2/ant/ant/1.5/, ant-1.5.jar.sha1)
18:46:14.531 [pool-1-thread-9] TRACE f.m.indexer.core.download.Crawler - getFullUrl: http://central.maven.org/maven2/ant/ant/1.5/, ant-1.5.pom)
18:46:14.531 [pool-1-thread-9] TRACE f.m.indexer.core.download.Crawler - getFullUrl: http://central.maven.org/maven2/ant/ant/1.5/, ant-1.5.pom.md5)
18:46:14.531 [pool-1-thread-9] TRACE f.m.indexer.core.download.Crawler - getFullUrl: http://central.maven.org/maven2/ant/ant/1.5/, ant-1.5.pom.sha1)
18:46:14.531 [pool-1-thread-9] TRACE f.m.indexer.core.download.Crawler - getFullUrl: http://central.maven.org/maven2/ant/ant/1.5/, maven-metadata.xml)
18:46:14.531 [pool-1-thread-9] TRACE f.m.indexer.core.download.Crawler - getFullUrl: http://central.maven.org/maven2/ant/ant/1.5/, maven-metadata.xml.md5)
18:46:14.531 [pool-1-thread-9] TRACE f.m.indexer.core.download.Crawler - getFullUrl: http://central.maven.org/maven2/ant/ant/1.5/, maven-metadata.xml.sha1)
18:46:14.531 [pool-1-thread-9] TRACE f.m.indexer.core.download.Crawler - doNext: http://central.maven.org/maven2/ant/ant/1.5/../
18:46:14.531 [pool-1-thread-9] TRACE f.m.indexer.core.download.Crawler - doNext: http://central.maven.org/maven2/ant/ant/1.5/ant-1.5.jar
18:46:14.531 [pool-1-thread-9] TRACE f.m.indexer.core.download.Crawler - doNext: http://central.maven.org/maven2/ant/ant/1.5/ant-1.5.jar.md5
18:46:14.531 [pool-1-thread-9] TRACE f.m.indexer.core.download.Crawler - doNext: http://central.maven.org/maven2/ant/ant/1.5/ant-1.5.jar.sha1
18:46:14.531 [pool-1-thread-9] TRACE f.m.indexer.core.download.Crawler - doNext: http://central.maven.org/maven2/ant/ant/1.5/ant-1.5.pom
18:46:14.531 [pool-1-thread-9] TRACE f.m.indexer.core.download.Crawler - doNext: http://central.maven.org/maven2/ant/ant/1.5/ant-1.5.pom.md5
18:46:14.531 [pool-1-thread-9] TRACE f.m.indexer.core.download.Crawler - doNext: http://central.maven.org/maven2/ant/ant/1.5/ant-1.5.pom.sha1
18:46:14.531 [pool-1-thread-9] TRACE f.m.indexer.core.download.Crawler - doNext: http://central.maven.org/maven2/ant/ant/1.5/maven-metadata.xml
18:46:14.531 [pool-1-thread-9] TRACE f.m.indexer.core.download.Crawler - match: http://central.maven.org/maven2/ant/ant/1.5/maven-metadata.xml
18:46:14.531 [pool-1-thread-9] TRACE f.m.indexer.core.download.Crawler - doNext: http://central.maven.org/maven2/ant/ant/1.5/maven-metadata.xml.md5
18:46:14.531 [pool-1-thread-9] TRACE f.m.indexer.core.download.Crawler - doNext: http://central.maven.org/maven2/ant/ant/1.5/maven-metadata.xml.sha1
18:46:14.531 [pool-1-thread-9] TRACE f.m.i.core.client.JerseyHttpClient - download: http://central.maven.org/maven2/ant/ant-commons-logging/1.6/
18:46:14.531 [pool-1-thread-8] TRACE f.m.indexer.core.download.Crawler - getLinks: <!DOCTYPE html>
<html>

<head>
	<title>Central Repository: ant/ant/1.6.2</title>
	<meta name="viewport" content="width=device-width, initial-scale=1.0">
	<style>
body {
	background: #fff;
}
	</style>
</head>

<body>
	<header>
		<h1>ant/ant/1.6.2</h1>
	</header>
	<hr/>
	<main>
		<pre id="contents">
<a href="../">../</a>
<a href="ant-1.6.2.jar" title="ant-1.6.2.jar">ant-1.6.2.jar</a>                                     2005-09-20 05:44    999966      
<a href="ant-1.6.2.jar.md5" title="ant-1.6.2.jar.md5">ant-1.6.2.jar.md5</a>                                 2005-09-20 05:44        32      
<a href="ant-1.6.2.jar.sha1" title="ant-1.6.2.jar.sha1">ant-1.6.2.jar.sha1</a>                                2005-09-20 05:44        40      
<a href="ant-1.6.2.pom" title="ant-1.6.2.pom">ant-1.6.2.pom</a>                                     2005-09-20 05:44       521      
<a href="ant-1.6.2.pom.md5" title="ant-1.6.2.pom.md5">ant-1.6.2.pom.md5</a>                                 2005-09-20 05:44        32      
<a href="ant-1.6.2.pom.sha1" title="ant-1.6.2.pom.sha1">ant-1.6.2.pom.sha1</a>                                2005-09-20 05:44        40      
<a href="maven-metadata.xml" title="maven-metadata.xml">maven-metadata.xml</a>                                2005-09-20 05:44       105      
<a href="maven-metadata.xml.md5" title="maven-metadata.xml.md5">maven-metadata.xml.md5</a>                            2005-09-20 05:44        69      
<a href="maven-metadata.xml.sha1" title="maven-metadata.xml.sha1">maven-metadata.xml.sha1</a>                           2005-09-20 05:44       124      
		</pre>
	</main>
	<hr/>
</body>

</html>
18:46:14.531 [pool-1-thread-8] TRACE f.m.indexer.core.download.Crawler - getFullUrl: http://central.maven.org/maven2/ant/ant/1.6.2/, ../)
18:46:14.531 [pool-1-thread-8] TRACE f.m.indexer.core.download.Crawler - getFullUrl: http://central.maven.org/maven2/ant/ant/1.6.2/, ant-1.6.2.jar)
18:46:14.531 [pool-1-thread-8] TRACE f.m.indexer.core.download.Crawler - getFullUrl: http://central.maven.org/maven2/ant/ant/1.6.2/, ant-1.6.2.jar.md5)
18:46:14.531 [pool-1-thread-8] TRACE f.m.indexer.core.download.Crawler - getFullUrl: http://central.maven.org/maven2/ant/ant/1.6.2/, ant-1.6.2.jar.sha1)
18:46:14.531 [pool-1-thread-8] TRACE f.m.indexer.core.download.Crawler - getFullUrl: http://central.maven.org/maven2/ant/ant/1.6.2/, ant-1.6.2.pom)
18:46:14.531 [pool-1-thread-8] TRACE f.m.indexer.core.download.Crawler - getFullUrl: http://central.maven.org/maven2/ant/ant/1.6.2/, ant-1.6.2.pom.md5)
18:46:14.531 [pool-1-thread-8] TRACE f.m.indexer.core.download.Crawler - getFullUrl: http://central.maven.org/maven2/ant/ant/1.6.2/, ant-1.6.2.pom.sha1)
18:46:14.531 [pool-1-thread-8] TRACE f.m.indexer.core.download.Crawler - getFullUrl: http://central.maven.org/maven2/ant/ant/1.6.2/, maven-metadata.xml)
18:46:14.531 [pool-1-thread-8] TRACE f.m.indexer.core.download.Crawler - getFullUrl: http://central.maven.org/maven2/ant/ant/1.6.2/, maven-metadata.xml.md5)
18:46:14.531 [pool-1-thread-8] TRACE f.m.indexer.core.download.Crawler - getFullUrl: http://central.maven.org/maven2/ant/ant/1.6.2/, maven-metadata.xml.sha1)
18:46:14.531 [pool-1-thread-8] TRACE f.m.indexer.core.download.Crawler - doNext: http://central.maven.org/maven2/ant/ant/1.6.2/../
18:46:14.531 [pool-1-thread-8] TRACE f.m.indexer.core.download.Crawler - doNext: http://central.maven.org/maven2/ant/ant/1.6.2/ant-1.6.2.jar
18:46:14.531 [pool-1-thread-8] TRACE f.m.indexer.core.download.Crawler - doNext: http://central.maven.org/maven2/ant/ant/1.6.2/ant-1.6.2.jar.md5
18:46:14.531 [pool-1-thread-8] TRACE f.m.indexer.core.download.Crawler - doNext: http://central.maven.org/maven2/ant/ant/1.6.2/ant-1.6.2.jar.sha1
18:46:14.531 [pool-1-thread-8] TRACE f.m.indexer.core.download.Crawler - doNext: http://central.maven.org/maven2/ant/ant/1.6.2/ant-1.6.2.pom
18:46:14.531 [pool-1-thread-8] TRACE f.m.indexer.core.download.Crawler - doNext: http://central.maven.org/maven2/ant/ant/1.6.2/ant-1.6.2.pom.md5
18:46:14.531 [pool-1-thread-8] TRACE f.m.indexer.core.download.Crawler - doNext: http://central.maven.org/maven2/ant/ant/1.6.2/ant-1.6.2.pom.sha1
18:46:14.531 [pool-1-thread-8] TRACE f.m.indexer.core.download.Crawler - doNext: http://central.maven.org/maven2/ant/ant/1.6.2/maven-metadata.xml
18:46:14.531 [pool-1-thread-8] TRACE f.m.indexer.core.download.Crawler - match: http://central.maven.org/maven2/ant/ant/1.6.2/maven-metadata.xml
18:46:14.531 [pool-1-thread-8] TRACE f.m.indexer.core.download.Crawler - doNext: http://central.maven.org/maven2/ant/ant/1.6.2/maven-metadata.xml.md5
18:46:14.531 [pool-1-thread-8] TRACE f.m.indexer.core.download.Crawler - doNext: http://central.maven.org/maven2/ant/ant/1.6.2/maven-metadata.xml.sha1
18:46:14.531 [pool-1-thread-8] TRACE f.m.i.core.client.JerseyHttpClient - download: http://central.maven.org/maven2/ant/ant-commons-logging/1.6.1/
18:46:14.531 [pool-1-thread-10] TRACE f.m.indexer.core.download.Crawler - getLinks: <!DOCTYPE html>
<html>

<head>
	<title>Central Repository: ant/ant/1.6.3</title>
	<meta name="viewport" content="width=device-width, initial-scale=1.0">
	<style>
body {
	background: #fff;
}
	</style>
</head>

<body>
	<header>
		<h1>ant/ant/1.6.3</h1>
	</header>
	<hr/>
	<main>
		<pre id="contents">
<a href="../">../</a>
<a href="ant-1.6.3.jar" title="ant-1.6.3.jar">ant-1.6.3.jar</a>                                     2005-09-20 05:44   1033496      
<a href="ant-1.6.3.jar.md5" title="ant-1.6.3.jar.md5">ant-1.6.3.jar.md5</a>                                 2005-09-20 05:44        32      
<a href="ant-1.6.3.jar.sha1" title="ant-1.6.3.jar.sha1">ant-1.6.3.jar.sha1</a>                                2005-09-20 05:44        40      
<a href="ant-1.6.3.pom" title="ant-1.6.3.pom">ant-1.6.3.pom</a>                                     2005-09-20 05:44       347      
<a href="ant-1.6.3.pom.md5" title="ant-1.6.3.pom.md5">ant-1.6.3.pom.md5</a>                                 2005-09-20 05:44        32      
<a href="ant-1.6.3.pom.sha1" title="ant-1.6.3.pom.sha1">ant-1.6.3.pom.sha1</a>                                2005-09-20 05:44        40      
<a href="maven-metadata.xml" title="maven-metadata.xml">maven-metadata.xml</a>                                2005-09-20 05:44       105      
<a href="maven-metadata.xml.md5" title="maven-metadata.xml.md5">maven-metadata.xml.md5</a>                            2005-09-20 05:44        69      
<a href="maven-metadata.xml.sha1" title="maven-metadata.xml.sha1">maven-metadata.xml.sha1</a>                           2005-09-20 05:44       124      
		</pre>
	</main>
	<hr/>
</body>

</html>
18:46:14.531 [pool-1-thread-10] TRACE f.m.indexer.core.download.Crawler - getFullUrl: http://central.maven.org/maven2/ant/ant/1.6.3/, ../)
18:46:14.531 [pool-1-thread-10] TRACE f.m.indexer.core.download.Crawler - getFullUrl: http://central.maven.org/maven2/ant/ant/1.6.3/, ant-1.6.3.jar)
18:46:14.531 [pool-1-thread-10] TRACE f.m.indexer.core.download.Crawler - getFullUrl: http://central.maven.org/maven2/ant/ant/1.6.3/, ant-1.6.3.jar.md5)
18:46:14.531 [pool-1-thread-10] TRACE f.m.indexer.core.download.Crawler - getFullUrl: http://central.maven.org/maven2/ant/ant/1.6.3/, ant-1.6.3.jar.sha1)
18:46:14.546 [pool-1-thread-10] TRACE f.m.indexer.core.download.Crawler - getFullUrl: http://central.maven.org/maven2/ant/ant/1.6.3/, ant-1.6.3.pom)
18:46:14.546 [pool-1-thread-10] TRACE f.m.indexer.core.download.Crawler - getFullUrl: http://central.maven.org/maven2/ant/ant/1.6.3/, ant-1.6.3.pom.md5)
18:46:14.546 [pool-1-thread-10] TRACE f.m.indexer.core.download.Crawler - getFullUrl: http://central.maven.org/maven2/ant/ant/1.6.3/, ant-1.6.3.pom.sha1)
18:46:14.546 [pool-1-thread-10] TRACE f.m.indexer.core.download.Crawler - getFullUrl: http://central.maven.org/maven2/ant/ant/1.6.3/, maven-metadata.xml)
18:46:14.546 [pool-1-thread-10] TRACE f.m.indexer.core.download.Crawler - getFullUrl: http://central.maven.org/maven2/ant/ant/1.6.3/, maven-metadata.xml.md5)
18:46:14.546 [pool-1-thread-10] TRACE f.m.indexer.core.download.Crawler - getFullUrl: http://central.maven.org/maven2/ant/ant/1.6.3/, maven-metadata.xml.sha1)
18:46:14.546 [pool-1-thread-10] TRACE f.m.indexer.core.download.Crawler - doNext: http://central.maven.org/maven2/ant/ant/1.6.3/../
18:46:14.546 [pool-1-thread-10] TRACE f.m.indexer.core.download.Crawler - doNext: http://central.maven.org/maven2/ant/ant/1.6.3/ant-1.6.3.jar
18:46:14.546 [pool-1-thread-10] TRACE f.m.indexer.core.download.Crawler - doNext: http://central.maven.org/maven2/ant/ant/1.6.3/ant-1.6.3.jar.md5
18:46:14.546 [pool-1-thread-10] TRACE f.m.indexer.core.download.Crawler - doNext: http://central.maven.org/maven2/ant/ant/1.6.3/ant-1.6.3.jar.sha1
18:46:14.546 [pool-1-thread-10] TRACE f.m.indexer.core.download.Crawler - doNext: http://central.maven.org/maven2/ant/ant/1.6.3/ant-1.6.3.pom
18:46:14.546 [pool-1-thread-10] TRACE f.m.indexer.core.download.Crawler - doNext: http://central.maven.org/maven2/ant/ant/1.6.3/ant-1.6.3.pom.md5
18:46:14.546 [pool-1-thread-10] TRACE f.m.indexer.core.download.Crawler - doNext: http://central.maven.org/maven2/ant/ant/1.6.3/ant-1.6.3.pom.sha1
18:46:14.546 [pool-1-thread-10] TRACE f.m.indexer.core.download.Crawler - doNext: http://central.maven.org/maven2/ant/ant/1.6.3/maven-metadata.xml
18:46:14.546 [pool-1-thread-10] TRACE f.m.indexer.core.download.Crawler - match: http://central.maven.org/maven2/ant/ant/1.6.3/maven-metadata.xml
18:46:14.546 [pool-1-thread-10] TRACE f.m.indexer.core.download.Crawler - doNext: http://central.maven.org/maven2/ant/ant/1.6.3/maven-metadata.xml.md5
18:46:14.546 [pool-1-thread-10] TRACE f.m.indexer.core.download.Crawler - doNext: http://central.maven.org/maven2/ant/ant/1.6.3/maven-metadata.xml.sha1
18:46:14.546 [pool-1-thread-10] TRACE f.m.i.core.client.JerseyHttpClient - download: http://central.maven.org/maven2/ant/ant-commons-logging/1.6.2/
18:46:14.546 [pool-1-thread-7] TRACE f.m.indexer.core.download.Crawler - getLinks: <!DOCTYPE html>
<html>

<head>
	<title>Central Repository: ant/ant-jai/1.6.1</title>
	<meta name="viewport" content="width=device-width, initial-scale=1.0">
	<style>
body {
	background: #fff;
}
	</style>
</head>

<body>
	<header>
		<h1>ant/ant-jai/1.6.1</h1>
	</header>
	<hr/>
	<main>
		<pre id="contents">
<a href="../">../</a>
<a href="ant-jai-1.6.1.jar" title="ant-jai-1.6.1.jar">ant-jai-1.6.1.jar</a>                                 2005-09-20 05:44     21505      
<a href="ant-jai-1.6.1.jar.md5" title="ant-jai-1.6.1.jar.md5">ant-jai-1.6.1.jar.md5</a>                             2005-09-20 05:44        32      
<a href="ant-jai-1.6.1.jar.sha1" title="ant-jai-1.6.1.jar.sha1">ant-jai-1.6.1.jar.sha1</a>                            2005-09-20 05:44        40      
<a href="ant-jai-1.6.1.pom" title="ant-jai-1.6.1.pom">ant-jai-1.6.1.pom</a>                                 2005-09-20 05:44       144      
<a href="ant-jai-1.6.1.pom.md5" title="ant-jai-1.6.1.pom.md5">ant-jai-1.6.1.pom.md5</a>                             2005-09-20 05:44        32      
<a href="ant-jai-1.6.1.pom.sha1" title="ant-jai-1.6.1.pom.sha1">ant-jai-1.6.1.pom.sha1</a>                            2005-09-20 05:44        40      
<a href="maven-metadata.xml" title="maven-metadata.xml">maven-metadata.xml</a>                                2005-09-20 05:44       109      
<a href="maven-metadata.xml.md5" title="maven-metadata.xml.md5">maven-metadata.xml.md5</a>                            2005-09-20 05:44        73      
<a href="maven-metadata.xml.sha1" title="maven-metadata.xml.sha1">maven-metadata.xml.sha1</a>                           2005-09-20 05:44       128      
		</pre>
	</main>
	<hr/>
</body>

</html>
18:46:14.546 [pool-1-thread-7] TRACE f.m.indexer.core.download.Crawler - getFullUrl: http://central.maven.org/maven2/ant/ant-jai/1.6.1/, ../)
18:46:14.546 [pool-1-thread-7] TRACE f.m.indexer.core.download.Crawler - getFullUrl: http://central.maven.org/maven2/ant/ant-jai/1.6.1/, ant-jai-1.6.1.jar)
18:46:14.546 [pool-1-thread-7] TRACE f.m.indexer.core.download.Crawler - getFullUrl: http://central.maven.org/maven2/ant/ant-jai/1.6.1/, ant-jai-1.6.1.jar.md5)
18:46:14.546 [pool-1-thread-7] TRACE f.m.indexer.core.download.Crawler - getFullUrl: http://central.maven.org/maven2/ant/ant-jai/1.6.1/, ant-jai-1.6.1.jar.sha1)
18:46:14.546 [pool-1-thread-7] TRACE f.m.indexer.core.download.Crawler - getFullUrl: http://central.maven.org/maven2/ant/ant-jai/1.6.1/, ant-jai-1.6.1.pom)
18:46:14.546 [pool-1-thread-7] TRACE f.m.indexer.core.download.Crawler - getFullUrl: http://central.maven.org/maven2/ant/ant-jai/1.6.1/, ant-jai-1.6.1.pom.md5)
18:46:14.546 [pool-1-thread-7] TRACE f.m.indexer.core.download.Crawler - getFullUrl: http://central.maven.org/maven2/ant/ant-jai/1.6.1/, ant-jai-1.6.1.pom.sha1)
18:46:14.546 [pool-1-thread-7] TRACE f.m.indexer.core.download.Crawler - getFullUrl: http://central.maven.org/maven2/ant/ant-jai/1.6.1/, maven-metadata.xml)
18:46:14.546 [pool-1-thread-7] TRACE f.m.indexer.core.download.Crawler - getFullUrl: http://central.maven.org/maven2/ant/ant-jai/1.6.1/, maven-metadata.xml.md5)
18:46:14.546 [pool-1-thread-7] TRACE f.m.indexer.core.download.Crawler - getFullUrl: http://central.maven.org/maven2/ant/ant-jai/1.6.1/, maven-metadata.xml.sha1)
18:46:14.546 [pool-1-thread-7] TRACE f.m.indexer.core.download.Crawler - doNext: http://central.maven.org/maven2/ant/ant-jai/1.6.1/../
18:46:14.546 [pool-1-thread-7] TRACE f.m.indexer.core.download.Crawler - doNext: http://central.maven.org/maven2/ant/ant-jai/1.6.1/ant-jai-1.6.1.jar
18:46:14.546 [pool-1-thread-7] TRACE f.m.indexer.core.download.Crawler - doNext: http://central.maven.org/maven2/ant/ant-jai/1.6.1/ant-jai-1.6.1.jar.md5
18:46:14.546 [pool-1-thread-7] TRACE f.m.indexer.core.download.Crawler - doNext: http://central.maven.org/maven2/ant/ant-jai/1.6.1/ant-jai-1.6.1.jar.sha1
18:46:14.546 [pool-1-thread-7] TRACE f.m.indexer.core.download.Crawler - doNext: http://central.maven.org/maven2/ant/ant-jai/1.6.1/ant-jai-1.6.1.pom
18:46:14.546 [pool-1-thread-7] TRACE f.m.indexer.core.download.Crawler - doNext: http://central.maven.org/maven2/ant/ant-jai/1.6.1/ant-jai-1.6.1.pom.md5
18:46:14.546 [pool-1-thread-7] TRACE f.m.indexer.core.download.Crawler - doNext: http://central.maven.org/maven2/ant/ant-jai/1.6.1/ant-jai-1.6.1.pom.sha1
18:46:14.546 [pool-1-thread-7] TRACE f.m.indexer.core.download.Crawler - doNext: http://central.maven.org/maven2/ant/ant-jai/1.6.1/maven-metadata.xml
18:46:14.546 [pool-1-thread-7] TRACE f.m.indexer.core.download.Crawler - match: http://central.maven.org/maven2/ant/ant-jai/1.6.1/maven-metadata.xml
18:46:14.546 [pool-1-thread-7] TRACE f.m.indexer.core.download.Crawler - doNext: http://central.maven.org/maven2/ant/ant-jai/1.6.1/maven-metadata.xml.md5
18:46:14.546 [pool-1-thread-7] TRACE f.m.indexer.core.download.Crawler - doNext: http://central.maven.org/maven2/ant/ant-jai/1.6.1/maven-metadata.xml.sha1
18:46:14.546 [pool-1-thread-7] TRACE f.m.i.core.client.JerseyHttpClient - download: http://central.maven.org/maven2/ant/ant-commons-logging/1.6.3/
18:46:14.546 [pool-1-thread-2] TRACE f.m.indexer.core.download.Crawler - getLinks: <!DOCTYPE html>
<html>

<head>
	<title>Central Repository: ant/ant-jai/1.6.2</title>
	<meta name="viewport" content="width=device-width, initial-scale=1.0">
	<style>
body {
	background: #fff;
}
	</style>
</head>

<body>
	<header>
		<h1>ant/ant-jai/1.6.2</h1>
	</header>
	<hr/>
	<main>
		<pre id="contents">
<a href="../">../</a>
<a href="ant-jai-1.6.2.jar" title="ant-jai-1.6.2.jar">ant-jai-1.6.2.jar</a>                                 2005-09-20 05:44     21351      
<a href="ant-jai-1.6.2.jar.md5" title="ant-jai-1.6.2.jar.md5">ant-jai-1.6.2.jar.md5</a>                             2005-09-20 05:44        32      
<a href="ant-jai-1.6.2.jar.sha1" title="ant-jai-1.6.2.jar.sha1">ant-jai-1.6.2.jar.sha1</a>                            2005-09-20 05:44        40      
<a href="ant-jai-1.6.2.pom" title="ant-jai-1.6.2.pom">ant-jai-1.6.2.pom</a>                                 2005-09-20 05:44       144      
<a href="ant-jai-1.6.2.pom.md5" title="ant-jai-1.6.2.pom.md5">ant-jai-1.6.2.pom.md5</a>                             2005-09-20 05:44        32      
<a href="ant-jai-1.6.2.pom.sha1" title="ant-jai-1.6.2.pom.sha1">ant-jai-1.6.2.pom.sha1</a>                            2005-09-20 05:44        40      
<a href="maven-metadata.xml" title="maven-metadata.xml">maven-metadata.xml</a>                                2005-09-20 05:44       109      
<a href="maven-metadata.xml.md5" title="maven-metadata.xml.md5">maven-metadata.xml.md5</a>                            2005-09-20 05:44        73      
<a href="maven-metadata.xml.sha1" title="maven-metadata.xml.sha1">maven-metadata.xml.sha1</a>                           2005-09-20 05:44       128      
		</pre>
	</main>
	<hr/>
</body>

</html>
18:46:14.546 [pool-1-thread-2] TRACE f.m.indexer.core.download.Crawler - getFullUrl: http://central.maven.org/maven2/ant/ant-jai/1.6.2/, ../)
18:46:14.546 [pool-1-thread-2] TRACE f.m.indexer.core.download.Crawler - getFullUrl: http://central.maven.org/maven2/ant/ant-jai/1.6.2/, ant-jai-1.6.2.jar)
18:46:14.546 [pool-1-thread-2] TRACE f.m.indexer.core.download.Crawler - getFullUrl: http://central.maven.org/maven2/ant/ant-jai/1.6.2/, ant-jai-1.6.2.jar.md5)
18:46:14.546 [pool-1-thread-2] TRACE f.m.indexer.core.download.Crawler - getFullUrl: http://central.maven.org/maven2/ant/ant-jai/1.6.2/, ant-jai-1.6.2.jar.sha1)
18:46:14.546 [pool-1-thread-2] TRACE f.m.indexer.core.download.Crawler - getFullUrl: http://central.maven.org/maven2/ant/ant-jai/1.6.2/, ant-jai-1.6.2.pom)
18:46:14.546 [pool-1-thread-2] TRACE f.m.indexer.core.download.Crawler - getFullUrl: http://central.maven.org/maven2/ant/ant-jai/1.6.2/, ant-jai-1.6.2.pom.md5)
18:46:14.546 [pool-1-thread-2] TRACE f.m.indexer.core.download.Crawler - getFullUrl: http://central.maven.org/maven2/ant/ant-jai/1.6.2/, ant-jai-1.6.2.pom.sha1)
18:46:14.546 [pool-1-thread-2] TRACE f.m.indexer.core.download.Crawler - getFullUrl: http://central.maven.org/maven2/ant/ant-jai/1.6.2/, maven-metadata.xml)
18:46:14.546 [pool-1-thread-2] TRACE f.m.indexer.core.download.Crawler - getFullUrl: http://central.maven.org/maven2/ant/ant-jai/1.6.2/, maven-metadata.xml.md5)
18:46:14.546 [pool-1-thread-2] TRACE f.m.indexer.core.download.Crawler - getFullUrl: http://central.maven.org/maven2/ant/ant-jai/1.6.2/, maven-metadata.xml.sha1)
18:46:14.546 [pool-1-thread-2] TRACE f.m.indexer.core.download.Crawler - doNext: http://central.maven.org/maven2/ant/ant-jai/1.6.2/../
18:46:14.546 [pool-1-thread-2] TRACE f.m.indexer.core.download.Crawler - doNext: http://central.maven.org/maven2/ant/ant-jai/1.6.2/ant-jai-1.6.2.jar
18:46:14.546 [pool-1-thread-2] TRACE f.m.indexer.core.download.Crawler - doNext: http://central.maven.org/maven2/ant/ant-jai/1.6.2/ant-jai-1.6.2.jar.md5
18:46:14.546 [pool-1-thread-2] TRACE f.m.indexer.core.download.Crawler - doNext: http://central.maven.org/maven2/ant/ant-jai/1.6.2/ant-jai-1.6.2.jar.sha1
18:46:14.546 [pool-1-thread-2] TRACE f.m.indexer.core.download.Crawler - doNext: http://central.maven.org/maven2/ant/ant-jai/1.6.2/ant-jai-1.6.2.pom
18:46:14.546 [pool-1-thread-2] TRACE f.m.indexer.core.download.Crawler - doNext: http://central.maven.org/maven2/ant/ant-jai/1.6.2/ant-jai-1.6.2.pom.md5
18:46:14.546 [pool-1-thread-2] TRACE f.m.indexer.core.download.Crawler - doNext: http://central.maven.org/maven2/ant/ant-jai/1.6.2/ant-jai-1.6.2.pom.sha1
18:46:14.546 [pool-1-thread-2] TRACE f.m.indexer.core.download.Crawler - doNext: http://central.maven.org/maven2/ant/ant-jai/1.6.2/maven-metadata.xml
18:46:14.546 [pool-1-thread-2] TRACE f.m.indexer.core.download.Crawler - match: http://central.maven.org/maven2/ant/ant-jai/1.6.2/maven-metadata.xml
18:46:14.546 [pool-1-thread-2] TRACE f.m.indexer.core.download.Crawler - doNext: http://central.maven.org/maven2/ant/ant-jai/1.6.2/maven-metadata.xml.md5
18:46:14.546 [pool-1-thread-2] TRACE f.m.indexer.core.download.Crawler - doNext: http://central.maven.org/maven2/ant/ant-jai/1.6.2/maven-metadata.xml.sha1
18:46:14.546 [pool-1-thread-2] TRACE f.m.i.core.client.JerseyHttpClient - download: http://central.maven.org/maven2/ant/ant-commons-logging/1.6.4/
18:46:14.562 [pool-1-thread-4] TRACE f.m.indexer.core.download.Crawler - getLinks: <!DOCTYPE html>
<html>

<head>
	<title>Central Repository: ant/ant/1.6.1</title>
	<meta name="viewport" content="width=device-width, initial-scale=1.0">
	<style>
body {
	background: #fff;
}
	</style>
</head>

<body>
	<header>
		<h1>ant/ant/1.6.1</h1>
	</header>
	<hr/>
	<main>
		<pre id="contents">
<a href="../">../</a>
<a href="ant-1.6.1.jar" title="ant-1.6.1.jar">ant-1.6.1.jar</a>                                     2005-09-20 05:44    958858      
<a href="ant-1.6.1.jar.md5" title="ant-1.6.1.jar.md5">ant-1.6.1.jar.md5</a>                                 2005-09-20 05:44        32      
<a href="ant-1.6.1.jar.sha1" title="ant-1.6.1.jar.sha1">ant-1.6.1.jar.sha1</a>                                2005-09-20 05:44        40      
<a href="ant-1.6.1.pom" title="ant-1.6.1.pom">ant-1.6.1.pom</a>                                     2005-09-20 05:44       140      
<a href="ant-1.6.1.pom.md5" title="ant-1.6.1.pom.md5">ant-1.6.1.pom.md5</a>                                 2005-09-20 05:44        32      
<a href="ant-1.6.1.pom.sha1" title="ant-1.6.1.pom.sha1">ant-1.6.1.pom.sha1</a>                                2005-09-20 05:44        40      
<a href="maven-metadata.xml" title="maven-metadata.xml">maven-metadata.xml</a>                                2005-09-20 05:44       105      
<a href="maven-metadata.xml.md5" title="maven-metadata.xml.md5">maven-metadata.xml.md5</a>                            2005-09-20 05:44        69      
<a href="maven-metadata.xml.sha1" title="maven-metadata.xml.sha1">maven-metadata.xml.sha1</a>                           2005-09-20 05:44       124      
		</pre>
	</main>
	<hr/>
</body>

</html>
18:46:14.562 [pool-1-thread-4] TRACE f.m.indexer.core.download.Crawler - getFullUrl: http://central.maven.org/maven2/ant/ant/1.6.1/, ../)
18:46:14.562 [pool-1-thread-4] TRACE f.m.indexer.core.download.Crawler - getFullUrl: http://central.maven.org/maven2/ant/ant/1.6.1/, ant-1.6.1.jar)
18:46:14.562 [pool-1-thread-4] TRACE f.m.indexer.core.download.Crawler - getFullUrl: http://central.maven.org/maven2/ant/ant/1.6.1/, ant-1.6.1.jar.md5)
18:46:14.562 [pool-1-thread-4] TRACE f.m.indexer.core.download.Crawler - getFullUrl: http://central.maven.org/maven2/ant/ant/1.6.1/, ant-1.6.1.jar.sha1)
18:46:14.562 [pool-1-thread-4] TRACE f.m.indexer.core.download.Crawler - getFullUrl: http://central.maven.org/maven2/ant/ant/1.6.1/, ant-1.6.1.pom)
18:46:14.562 [pool-1-thread-4] TRACE f.m.indexer.core.download.Crawler - getFullUrl: http://central.maven.org/maven2/ant/ant/1.6.1/, ant-1.6.1.pom.md5)
18:46:14.562 [pool-1-thread-4] TRACE f.m.indexer.core.download.Crawler - getFullUrl: http://central.maven.org/maven2/ant/ant/1.6.1/, ant-1.6.1.pom.sha1)
18:46:14.562 [pool-1-thread-4] TRACE f.m.indexer.core.download.Crawler - getFullUrl: http://central.maven.org/maven2/ant/ant/1.6.1/, maven-metadata.xml)
18:46:14.562 [pool-1-thread-4] TRACE f.m.indexer.core.download.Crawler - getFullUrl: http://central.maven.org/maven2/ant/ant/1.6.1/, maven-metadata.xml.md5)
18:46:14.562 [pool-1-thread-4] TRACE f.m.indexer.core.download.Crawler - getFullUrl: http://central.maven.org/maven2/ant/ant/1.6.1/, maven-metadata.xml.sha1)
18:46:14.562 [pool-1-thread-4] TRACE f.m.indexer.core.download.Crawler - doNext: http://central.maven.org/maven2/ant/ant/1.6.1/../
18:46:14.562 [pool-1-thread-4] TRACE f.m.indexer.core.download.Crawler - doNext: http://central.maven.org/maven2/ant/ant/1.6.1/ant-1.6.1.jar
18:46:14.562 [pool-1-thread-4] TRACE f.m.indexer.core.download.Crawler - doNext: http://central.maven.org/maven2/ant/ant/1.6.1/ant-1.6.1.jar.md5
18:46:14.562 [pool-1-thread-4] TRACE f.m.indexer.core.download.Crawler - doNext: http://central.maven.org/maven2/ant/ant/1.6.1/ant-1.6.1.jar.sha1
18:46:14.562 [pool-1-thread-4] TRACE f.m.indexer.core.download.Crawler - doNext: http://central.maven.org/maven2/ant/ant/1.6.1/ant-1.6.1.pom
18:46:14.562 [pool-1-thread-4] TRACE f.m.indexer.core.download.Crawler - doNext: http://central.maven.org/maven2/ant/ant/1.6.1/ant-1.6.1.pom.md5
18:46:14.562 [pool-1-thread-4] TRACE f.m.indexer.core.download.Crawler - doNext: http://central.maven.org/maven2/ant/ant/1.6.1/ant-1.6.1.pom.sha1
18:46:14.562 [pool-1-thread-4] TRACE f.m.indexer.core.download.Crawler - doNext: http://central.maven.org/maven2/ant/ant/1.6.1/maven-metadata.xml
18:46:14.562 [pool-1-thread-4] TRACE f.m.indexer.core.download.Crawler - match: http://central.maven.org/maven2/ant/ant/1.6.1/maven-metadata.xml
18:46:14.562 [pool-1-thread-4] TRACE f.m.indexer.core.download.Crawler - doNext: http://central.maven.org/maven2/ant/ant/1.6.1/maven-metadata.xml.md5
18:46:14.562 [pool-1-thread-4] TRACE f.m.indexer.core.download.Crawler - doNext: http://central.maven.org/maven2/ant/ant/1.6.1/maven-metadata.xml.sha1
18:46:14.562 [pool-1-thread-4] TRACE f.m.i.core.client.JerseyHttpClient - download: http://central.maven.org/maven2/ant/ant-commons-logging/1.6.5/
18:46:14.562 [pool-1-thread-3] TRACE f.m.indexer.core.download.Crawler - getLinks: <!DOCTYPE html>
<html>

<head>
	<title>Central Repository: ant/ant/1.6.4</title>
	<meta name="viewport" content="width=device-width, initial-scale=1.0">
	<style>
body {
	background: #fff;
}
	</style>
</head>

<body>
	<header>
		<h1>ant/ant/1.6.4</h1>
	</header>
	<hr/>
	<main>
		<pre id="contents">
<a href="../">../</a>
<a href="ant-1.6.4.jar" title="ant-1.6.4.jar">ant-1.6.4.jar</a>                                     2005-09-20 05:44   1033875      
<a href="ant-1.6.4.jar.md5" title="ant-1.6.4.jar.md5">ant-1.6.4.jar.md5</a>                                 2005-09-20 05:44        32      
<a href="ant-1.6.4.jar.sha1" title="ant-1.6.4.jar.sha1">ant-1.6.4.jar.sha1</a>                                2005-09-20 05:44        40      
<a href="ant-1.6.4.pom" title="ant-1.6.4.pom">ant-1.6.4.pom</a>                                     2005-09-20 05:44       140      
<a href="ant-1.6.4.pom.md5" title="ant-1.6.4.pom.md5">ant-1.6.4.pom.md5</a>                                 2005-09-20 05:44        32      
<a href="ant-1.6.4.pom.sha1" title="ant-1.6.4.pom.sha1">ant-1.6.4.pom.sha1</a>                                2005-09-20 05:44        40      
<a href="maven-metadata.xml" title="maven-metadata.xml">maven-metadata.xml</a>                                2005-09-20 05:44       105      
<a href="maven-metadata.xml.md5" title="maven-metadata.xml.md5">maven-metadata.xml.md5</a>                            2005-09-20 05:44        69      
<a href="maven-metadata.xml.sha1" title="maven-metadata.xml.sha1">maven-metadata.xml.sha1</a>                           2005-09-20 05:44       124      
		</pre>
	</main>
	<hr/>
</body>

</html>
18:46:14.562 [pool-1-thread-3] TRACE f.m.indexer.core.download.Crawler - getFullUrl: http://central.maven.org/maven2/ant/ant/1.6.4/, ../)
18:46:14.562 [pool-1-thread-3] TRACE f.m.indexer.core.download.Crawler - getFullUrl: http://central.maven.org/maven2/ant/ant/1.6.4/, ant-1.6.4.jar)
18:46:14.562 [pool-1-thread-3] TRACE f.m.indexer.core.download.Crawler - getFullUrl: http://central.maven.org/maven2/ant/ant/1.6.4/, ant-1.6.4.jar.md5)
18:46:14.562 [pool-1-thread-3] TRACE f.m.indexer.core.download.Crawler - getFullUrl: http://central.maven.org/maven2/ant/ant/1.6.4/, ant-1.6.4.jar.sha1)
18:46:14.562 [pool-1-thread-3] TRACE f.m.indexer.core.download.Crawler - getFullUrl: http://central.maven.org/maven2/ant/ant/1.6.4/, ant-1.6.4.pom)
18:46:14.562 [pool-1-thread-3] TRACE f.m.indexer.core.download.Crawler - getFullUrl: http://central.maven.org/maven2/ant/ant/1.6.4/, ant-1.6.4.pom.md5)
18:46:14.562 [pool-1-thread-3] TRACE f.m.indexer.core.download.Crawler - getFullUrl: http://central.maven.org/maven2/ant/ant/1.6.4/, ant-1.6.4.pom.sha1)
18:46:14.562 [pool-1-thread-3] TRACE f.m.indexer.core.download.Crawler - getFullUrl: http://central.maven.org/maven2/ant/ant/1.6.4/, maven-metadata.xml)
18:46:14.562 [pool-1-thread-3] TRACE f.m.indexer.core.download.Crawler - getFullUrl: http://central.maven.org/maven2/ant/ant/1.6.4/, maven-metadata.xml.md5)
18:46:14.562 [pool-1-thread-3] TRACE f.m.indexer.core.download.Crawler - getFullUrl: http://central.maven.org/maven2/ant/ant/1.6.4/, maven-metadata.xml.sha1)
18:46:14.562 [pool-1-thread-3] TRACE f.m.indexer.core.download.Crawler - doNext: http://central.maven.org/maven2/ant/ant/1.6.4/../
18:46:14.562 [pool-1-thread-3] TRACE f.m.indexer.core.download.Crawler - doNext: http://central.maven.org/maven2/ant/ant/1.6.4/ant-1.6.4.jar
18:46:14.562 [pool-1-thread-3] TRACE f.m.indexer.core.download.Crawler - doNext: http://central.maven.org/maven2/ant/ant/1.6.4/ant-1.6.4.jar.md5
18:46:14.562 [pool-1-thread-3] TRACE f.m.indexer.core.download.Crawler - doNext: http://central.maven.org/maven2/ant/ant/1.6.4/ant-1.6.4.jar.sha1
18:46:14.562 [pool-1-thread-3] TRACE f.m.indexer.core.download.Crawler - doNext: http://central.maven.org/maven2/ant/ant/1.6.4/ant-1.6.4.pom
18:46:14.562 [pool-1-thread-3] TRACE f.m.indexer.core.download.Crawler - doNext: http://central.maven.org/maven2/ant/ant/1.6.4/ant-1.6.4.pom.md5
18:46:14.562 [pool-1-thread-3] TRACE f.m.indexer.core.download.Crawler - doNext: http://central.maven.org/maven2/ant/ant/1.6.4/ant-1.6.4.pom.sha1
18:46:14.562 [pool-1-thread-3] TRACE f.m.indexer.core.download.Crawler - doNext: http://central.maven.org/maven2/ant/ant/1.6.4/maven-metadata.xml
18:46:14.562 [pool-1-thread-3] TRACE f.m.indexer.core.download.Crawler - match: http://central.maven.org/maven2/ant/ant/1.6.4/maven-metadata.xml
18:46:14.562 [pool-1-thread-3] TRACE f.m.indexer.core.download.Crawler - doNext: http://central.maven.org/maven2/ant/ant/1.6.4/maven-metadata.xml.md5
18:46:14.562 [pool-1-thread-3] TRACE f.m.indexer.core.download.Crawler - doNext: http://central.maven.org/maven2/ant/ant/1.6.4/maven-metadata.xml.sha1
18:46:14.562 [pool-1-thread-3] TRACE f.m.i.core.client.JerseyHttpClient - download: http://central.maven.org/maven2/ant/ant-commons-logging/maven-metadata.xml
18:46:14.578 [pool-1-thread-6] TRACE f.m.indexer.core.download.Crawler - getLinks: <!DOCTYPE html>
<html>

<head>
	<title>Central Repository: ant/ant/1.6.5</title>
	<meta name="viewport" content="width=device-width, initial-scale=1.0">
	<style>
body {
	background: #fff;
}
	</style>
</head>

<body>
	<header>
		<h1>ant/ant/1.6.5</h1>
	</header>
	<hr/>
	<main>
		<pre id="contents">
<a href="../">../</a>
<a href="ant-1.6.5-sources.jar" title="ant-1.6.5-sources.jar">ant-1.6.5-sources.jar</a>                             2005-09-20 05:44   1727380      
<a href="ant-1.6.5-sources.jar.md5" title="ant-1.6.5-sources.jar.md5">ant-1.6.5-sources.jar.md5</a>                         2005-09-20 05:44        33      
<a href="ant-1.6.5-sources.jar.sha1" title="ant-1.6.5-sources.jar.sha1">ant-1.6.5-sources.jar.sha1</a>                        2005-09-20 05:44        41      
<a href="ant-1.6.5.jar" title="ant-1.6.5.jar">ant-1.6.5.jar</a>                                     2005-09-20 05:44   1034049      
<a href="ant-1.6.5.jar.md5" title="ant-1.6.5.jar.md5">ant-1.6.5.jar.md5</a>                                 2005-09-20 05:44        33      
<a href="ant-1.6.5.jar.sha1" title="ant-1.6.5.jar.sha1">ant-1.6.5.jar.sha1</a>                                2005-09-20 05:44        41      
<a href="ant-1.6.5.pom" title="ant-1.6.5.pom">ant-1.6.5.pom</a>                                     2005-09-20 05:44       861      
<a href="ant-1.6.5.pom.md5" title="ant-1.6.5.pom.md5">ant-1.6.5.pom.md5</a>                                 2005-09-20 05:44        33      
<a href="ant-1.6.5.pom.sha1" title="ant-1.6.5.pom.sha1">ant-1.6.5.pom.sha1</a>                                2005-09-20 05:44        41      
<a href="maven-metadata.xml" title="maven-metadata.xml">maven-metadata.xml</a>                                2005-09-20 05:44       105      
<a href="maven-metadata.xml.md5" title="maven-metadata.xml.md5">maven-metadata.xml.md5</a>                            2005-09-20 05:44        33      
<a href="maven-metadata.xml.sha1" title="maven-metadata.xml.sha1">maven-metadata.xml.sha1</a>                           2005-09-20 05:44        41      
		</pre>
	</main>
	<hr/>
</body>

</html>
18:46:14.578 [pool-1-thread-6] TRACE f.m.indexer.core.download.Crawler - getFullUrl: http://central.maven.org/maven2/ant/ant/1.6.5/, ../)
18:46:14.578 [pool-1-thread-6] TRACE f.m.indexer.core.download.Crawler - getFullUrl: http://central.maven.org/maven2/ant/ant/1.6.5/, ant-1.6.5-sources.jar)
18:46:14.578 [pool-1-thread-6] TRACE f.m.indexer.core.download.Crawler - getFullUrl: http://central.maven.org/maven2/ant/ant/1.6.5/, ant-1.6.5-sources.jar.md5)
18:46:14.578 [pool-1-thread-6] TRACE f.m.indexer.core.download.Crawler - getFullUrl: http://central.maven.org/maven2/ant/ant/1.6.5/, ant-1.6.5-sources.jar.sha1)
18:46:14.578 [pool-1-thread-6] TRACE f.m.indexer.core.download.Crawler - getFullUrl: http://central.maven.org/maven2/ant/ant/1.6.5/, ant-1.6.5.jar)
18:46:14.578 [pool-1-thread-6] TRACE f.m.indexer.core.download.Crawler - getFullUrl: http://central.maven.org/maven2/ant/ant/1.6.5/, ant-1.6.5.jar.md5)
18:46:14.578 [pool-1-thread-6] TRACE f.m.indexer.core.download.Crawler - getFullUrl: http://central.maven.org/maven2/ant/ant/1.6.5/, ant-1.6.5.jar.sha1)
18:46:14.578 [pool-1-thread-6] TRACE f.m.indexer.core.download.Crawler - getFullUrl: http://central.maven.org/maven2/ant/ant/1.6.5/, ant-1.6.5.pom)
18:46:14.578 [pool-1-thread-6] TRACE f.m.indexer.core.download.Crawler - getFullUrl: http://central.maven.org/maven2/ant/ant/1.6.5/, ant-1.6.5.pom.md5)
18:46:14.578 [pool-1-thread-6] TRACE f.m.indexer.core.download.Crawler - getFullUrl: http://central.maven.org/maven2/ant/ant/1.6.5/, ant-1.6.5.pom.sha1)
18:46:14.578 [pool-1-thread-6] TRACE f.m.indexer.core.download.Crawler - getFullUrl: http://central.maven.org/maven2/ant/ant/1.6.5/, maven-metadata.xml)
18:46:14.578 [pool-1-thread-6] TRACE f.m.indexer.core.download.Crawler - getFullUrl: http://central.maven.org/maven2/ant/ant/1.6.5/, maven-metadata.xml.md5)
18:46:14.578 [pool-1-thread-6] TRACE f.m.indexer.core.download.Crawler - getFullUrl: http://central.maven.org/maven2/ant/ant/1.6.5/, maven-metadata.xml.sha1)
18:46:14.578 [pool-1-thread-6] TRACE f.m.indexer.core.download.Crawler - doNext: http://central.maven.org/maven2/ant/ant/1.6.5/../
18:46:14.578 [pool-1-thread-6] TRACE f.m.indexer.core.download.Crawler - doNext: http://central.maven.org/maven2/ant/ant/1.6.5/ant-1.6.5-sources.jar
18:46:14.578 [pool-1-thread-6] TRACE f.m.indexer.core.download.Crawler - doNext: http://central.maven.org/maven2/ant/ant/1.6.5/ant-1.6.5-sources.jar.md5
18:46:14.578 [pool-1-thread-6] TRACE f.m.indexer.core.download.Crawler - doNext: http://central.maven.org/maven2/ant/ant/1.6.5/ant-1.6.5-sources.jar.sha1
18:46:14.578 [pool-1-thread-6] TRACE f.m.indexer.core.download.Crawler - doNext: http://central.maven.org/maven2/ant/ant/1.6.5/ant-1.6.5.jar
18:46:14.578 [pool-1-thread-6] TRACE f.m.indexer.core.download.Crawler - doNext: http://central.maven.org/maven2/ant/ant/1.6.5/ant-1.6.5.jar.md5
18:46:14.578 [pool-1-thread-6] TRACE f.m.indexer.core.download.Crawler - doNext: http://central.maven.org/maven2/ant/ant/1.6.5/ant-1.6.5.jar.sha1
18:46:14.578 [pool-1-thread-6] TRACE f.m.indexer.core.download.Crawler - doNext: http://central.maven.org/maven2/ant/ant/1.6.5/ant-1.6.5.pom
18:46:14.578 [pool-1-thread-6] TRACE f.m.indexer.core.download.Crawler - doNext: http://central.maven.org/maven2/ant/ant/1.6.5/ant-1.6.5.pom.md5
18:46:14.578 [pool-1-thread-6] TRACE f.m.indexer.core.download.Crawler - doNext: http://central.maven.org/maven2/ant/ant/1.6.5/ant-1.6.5.pom.sha1
18:46:14.578 [pool-1-thread-6] TRACE f.m.indexer.core.download.Crawler - doNext: http://central.maven.org/maven2/ant/ant/1.6.5/maven-metadata.xml
18:46:14.578 [pool-1-thread-6] TRACE f.m.indexer.core.download.Crawler - match: http://central.maven.org/maven2/ant/ant/1.6.5/maven-metadata.xml
18:46:14.578 [pool-1-thread-6] TRACE f.m.indexer.core.download.Crawler - doNext: http://central.maven.org/maven2/ant/ant/1.6.5/maven-metadata.xml.md5
18:46:14.578 [pool-1-thread-6] TRACE f.m.indexer.core.download.Crawler - doNext: http://central.maven.org/maven2/ant/ant/1.6.5/maven-metadata.xml.sha1
18:46:14.578 [pool-1-thread-6] TRACE f.m.i.core.client.JerseyHttpClient - download: http://central.maven.org/maven2/ant/ant-apache-resolver/1.6/
18:46:14.578 [pool-1-thread-1] TRACE f.m.indexer.artifact.MetadataHandler - match: http://central.maven.org/maven2/ant/ant/maven-metadata.xml
18:46:14.578 [pool-1-thread-1] TRACE f.m.i.core.client.JerseyHttpClient - download: http://central.maven.org/maven2/ant/ant-apache-resolver/1.6.1/
18:46:14.578 [pool-1-thread-9] TRACE f.m.indexer.core.download.Crawler - getLinks: <!DOCTYPE html>
<html>

<head>
	<title>Central Repository: ant/ant-commons-logging/1.6</title>
	<meta name="viewport" content="width=device-width, initial-scale=1.0">
	<style>
body {
	background: #fff;
}
	</style>
</head>

<body>
	<header>
		<h1>ant/ant-commons-logging/1.6</h1>
	</header>
	<hr/>
	<main>
		<pre id="contents">
<a href="../">../</a>
<a href="ant-commons-logging-1.6.jar" title="ant-commons-logging-1.6.jar">ant-commons-logging-1.6.jar</a>                       2005-09-20 05:44      3855      
<a href="ant-commons-logging-1.6.jar.md5" title="ant-commons-logging-1.6.jar.md5">ant-commons-logging-1.6.jar.md5</a>                   2005-09-20 05:44        32      
<a href="ant-commons-logging-1.6.jar.sha1" title="ant-commons-logging-1.6.jar.sha1">ant-commons-logging-1.6.jar.sha1</a>                  2005-09-20 05:44        40      
<a href="ant-commons-logging-1.6.pom" title="ant-commons-logging-1.6.pom">ant-commons-logging-1.6.pom</a>                       2005-09-20 05:44       154      
<a href="ant-commons-logging-1.6.pom.md5" title="ant-commons-logging-1.6.pom.md5">ant-commons-logging-1.6.pom.md5</a>                   2005-09-20 05:44        32      
<a href="ant-commons-logging-1.6.pom.sha1" title="ant-commons-logging-1.6.pom.sha1">ant-commons-logging-1.6.pom.sha1</a>                  2005-09-20 05:44        40      
<a href="maven-metadata.xml" title="maven-metadata.xml">maven-metadata.xml</a>                                2005-09-20 05:44       119      
<a href="maven-metadata.xml.md5" title="maven-metadata.xml.md5">maven-metadata.xml.md5</a>                            2005-09-20 05:44        83      
<a href="maven-metadata.xml.sha1" title="maven-metadata.xml.sha1">maven-metadata.xml.sha1</a>                           2005-09-20 05:44       138      
		</pre>
	</main>
	<hr/>
</body>

</html>
18:46:14.578 [pool-1-thread-9] TRACE f.m.indexer.core.download.Crawler - getFullUrl: http://central.maven.org/maven2/ant/ant-commons-logging/1.6/, ../)
18:46:14.578 [pool-1-thread-9] TRACE f.m.indexer.core.download.Crawler - getFullUrl: http://central.maven.org/maven2/ant/ant-commons-logging/1.6/, ant-commons-logging-1.6.jar)
18:46:14.578 [pool-1-thread-9] TRACE f.m.indexer.core.download.Crawler - getFullUrl: http://central.maven.org/maven2/ant/ant-commons-logging/1.6/, ant-commons-logging-1.6.jar.md5)
18:46:14.578 [pool-1-thread-9] TRACE f.m.indexer.core.download.Crawler - getFullUrl: http://central.maven.org/maven2/ant/ant-commons-logging/1.6/, ant-commons-logging-1.6.jar.sha1)
18:46:14.578 [pool-1-thread-9] TRACE f.m.indexer.core.download.Crawler - getFullUrl: http://central.maven.org/maven2/ant/ant-commons-logging/1.6/, ant-commons-logging-1.6.pom)
18:46:14.578 [pool-1-thread-9] TRACE f.m.indexer.core.download.Crawler - getFullUrl: http://central.maven.org/maven2/ant/ant-commons-logging/1.6/, ant-commons-logging-1.6.pom.md5)
18:46:14.578 [pool-1-thread-9] TRACE f.m.indexer.core.download.Crawler - getFullUrl: http://central.maven.org/maven2/ant/ant-commons-logging/1.6/, ant-commons-logging-1.6.pom.sha1)
18:46:14.578 [pool-1-thread-9] TRACE f.m.indexer.core.download.Crawler - getFullUrl: http://central.maven.org/maven2/ant/ant-commons-logging/1.6/, maven-metadata.xml)
18:46:14.578 [pool-1-thread-9] TRACE f.m.indexer.core.download.Crawler - getFullUrl: http://central.maven.org/maven2/ant/ant-commons-logging/1.6/, maven-metadata.xml.md5)
18:46:14.578 [pool-1-thread-9] TRACE f.m.indexer.core.download.Crawler - getFullUrl: http://central.maven.org/maven2/ant/ant-commons-logging/1.6/, maven-metadata.xml.sha1)
18:46:14.578 [pool-1-thread-9] TRACE f.m.indexer.core.download.Crawler - doNext: http://central.maven.org/maven2/ant/ant-commons-logging/1.6/../
18:46:14.578 [pool-1-thread-9] TRACE f.m.indexer.core.download.Crawler - doNext: http://central.maven.org/maven2/ant/ant-commons-logging/1.6/ant-commons-logging-1.6.jar
18:46:14.578 [pool-1-thread-9] TRACE f.m.indexer.core.download.Crawler - doNext: http://central.maven.org/maven2/ant/ant-commons-logging/1.6/ant-commons-logging-1.6.jar.md5
18:46:14.578 [pool-1-thread-9] TRACE f.m.indexer.core.download.Crawler - doNext: http://central.maven.org/maven2/ant/ant-commons-logging/1.6/ant-commons-logging-1.6.jar.sha1
18:46:14.578 [pool-1-thread-9] TRACE f.m.indexer.core.download.Crawler - doNext: http://central.maven.org/maven2/ant/ant-commons-logging/1.6/ant-commons-logging-1.6.pom
18:46:14.578 [pool-1-thread-9] TRACE f.m.indexer.core.download.Crawler - doNext: http://central.maven.org/maven2/ant/ant-commons-logging/1.6/ant-commons-logging-1.6.pom.md5
18:46:14.578 [pool-1-thread-9] TRACE f.m.indexer.core.download.Crawler - doNext: http://central.maven.org/maven2/ant/ant-commons-logging/1.6/ant-commons-logging-1.6.pom.sha1
18:46:14.578 [pool-1-thread-9] TRACE f.m.indexer.core.download.Crawler - doNext: http://central.maven.org/maven2/ant/ant-commons-logging/1.6/maven-metadata.xml
18:46:14.578 [pool-1-thread-9] TRACE f.m.indexer.core.download.Crawler - match: http://central.maven.org/maven2/ant/ant-commons-logging/1.6/maven-metadata.xml
18:46:14.578 [pool-1-thread-9] TRACE f.m.indexer.core.download.Crawler - doNext: http://central.maven.org/maven2/ant/ant-commons-logging/1.6/maven-metadata.xml.md5
18:46:14.578 [pool-1-thread-9] TRACE f.m.indexer.core.download.Crawler - doNext: http://central.maven.org/maven2/ant/ant-commons-logging/1.6/maven-metadata.xml.sha1
18:46:14.578 [pool-1-thread-9] TRACE f.m.i.core.client.JerseyHttpClient - download: http://central.maven.org/maven2/ant/ant-apache-resolver/1.6.2/
18:46:14.578 [pool-1-thread-5] TRACE f.m.indexer.core.download.Crawler - getLinks: <html>
<head><title>Index of /maven2/ant/ant/1.7.0/</title></head>
<body bgcolor=white>
<h1>Index of /maven2/ant/ant/1.7.0/</h1>
<hr>
<pre>
<a href=../>../</a>
<a href="ant-1.7.0.pom">ant-1.7.0.pom</a>                                      2008-01-20 18:40                  272
<a href="ant-1.7.0.pom.md5">ant-1.7.0.pom.md5</a>                                  2008-01-20 18:41                   48
<a href="ant-1.7.0.pom.sha1">ant-1.7.0.pom.sha1</a>                                 2008-01-20 18:41                   56
</pre>
<hr>
</body>
</html>

18:46:14.578 [pool-1-thread-5] TRACE f.m.indexer.core.download.Crawler - getFullUrl: http://central.maven.org/maven2/ant/ant/1.7.0/, ant-1.7.0.pom)
18:46:14.578 [pool-1-thread-5] TRACE f.m.indexer.core.download.Crawler - getFullUrl: http://central.maven.org/maven2/ant/ant/1.7.0/, ant-1.7.0.pom.md5)
18:46:14.578 [pool-1-thread-5] TRACE f.m.indexer.core.download.Crawler - getFullUrl: http://central.maven.org/maven2/ant/ant/1.7.0/, ant-1.7.0.pom.sha1)
18:46:14.578 [pool-1-thread-5] TRACE f.m.indexer.core.download.Crawler - doNext: http://central.maven.org/maven2/ant/ant/1.7.0/ant-1.7.0.pom
18:46:14.578 [pool-1-thread-5] TRACE f.m.indexer.core.download.Crawler - doNext: http://central.maven.org/maven2/ant/ant/1.7.0/ant-1.7.0.pom.md5
18:46:14.578 [pool-1-thread-5] TRACE f.m.indexer.core.download.Crawler - doNext: http://central.maven.org/maven2/ant/ant/1.7.0/ant-1.7.0.pom.sha1
18:46:14.578 [pool-1-thread-5] TRACE f.m.i.core.client.JerseyHttpClient - download: http://central.maven.org/maven2/ant/ant-apache-resolver/1.6.3/
18:46:14.578 [pool-1-thread-8] TRACE f.m.indexer.core.download.Crawler - getLinks: <!DOCTYPE html>
<html>

<head>
	<title>Central Repository: ant/ant-commons-logging/1.6.1</title>
	<meta name="viewport" content="width=device-width, initial-scale=1.0">
	<style>
body {
	background: #fff;
}
	</style>
</head>

<body>
	<header>
		<h1>ant/ant-commons-logging/1.6.1</h1>
	</header>
	<hr/>
	<main>
		<pre id="contents">
<a href="../">../</a>
<a href="ant-commons-logging-1.6.1.jar" title="ant-commons-logging-1.6.1.jar">ant-commons-logging-1.6.1.jar</a>                     2005-09-20 05:44      3845      
<a href="ant-commons-logging-1.6.1.jar.md5" title="ant-commons-logging-1.6.1.jar.md5">ant-commons-logging-1.6.1.jar.md5</a>                 2005-09-20 05:44        32      
<a href="ant-commons-logging-1.6.1.jar.sha1" title="ant-commons-logging-1.6.1.jar.sha1">ant-commons-logging-1.6.1.jar.sha1</a>                2005-09-20 05:44        40      
<a href="ant-commons-logging-1.6.1.pom" title="ant-commons-logging-1.6.1.pom">ant-commons-logging-1.6.1.pom</a>                     2005-09-20 05:44       156      
<a href="ant-commons-logging-1.6.1.pom.md5" title="ant-commons-logging-1.6.1.pom.md5">ant-commons-logging-1.6.1.pom.md5</a>                 2005-09-20 05:44        32      
<a href="ant-commons-logging-1.6.1.pom.sha1" title="ant-commons-logging-1.6.1.pom.sha1">ant-commons-logging-1.6.1.pom.sha1</a>                2005-09-20 05:44        40      
<a href="maven-metadata.xml" title="maven-metadata.xml">maven-metadata.xml</a>                                2005-09-20 05:44       121      
<a href="maven-metadata.xml.md5" title="maven-metadata.xml.md5">maven-metadata.xml.md5</a>                            2005-09-20 05:44        85      
<a href="maven-metadata.xml.sha1" title="maven-metadata.xml.sha1">maven-metadata.xml.sha1</a>                           2005-09-20 05:44       140      
		</pre>
	</main>
	<hr/>
</body>

</html>
18:46:14.593 [pool-1-thread-8] TRACE f.m.indexer.core.download.Crawler - getFullUrl: http://central.maven.org/maven2/ant/ant-commons-logging/1.6.1/, ../)
18:46:14.593 [pool-1-thread-8] TRACE f.m.indexer.core.download.Crawler - getFullUrl: http://central.maven.org/maven2/ant/ant-commons-logging/1.6.1/, ant-commons-logging-1.6.1.jar)
18:46:14.593 [pool-1-thread-8] TRACE f.m.indexer.core.download.Crawler - getFullUrl: http://central.maven.org/maven2/ant/ant-commons-logging/1.6.1/, ant-commons-logging-1.6.1.jar.md5)
18:46:14.593 [pool-1-thread-8] TRACE f.m.indexer.core.download.Crawler - getFullUrl: http://central.maven.org/maven2/ant/ant-commons-logging/1.6.1/, ant-commons-logging-1.6.1.jar.sha1)
18:46:14.593 [pool-1-thread-8] TRACE f.m.indexer.core.download.Crawler - getFullUrl: http://central.maven.org/maven2/ant/ant-commons-logging/1.6.1/, ant-commons-logging-1.6.1.pom)
18:46:14.593 [pool-1-thread-8] TRACE f.m.indexer.core.download.Crawler - getFullUrl: http://central.maven.org/maven2/ant/ant-commons-logging/1.6.1/, ant-commons-logging-1.6.1.pom.md5)
18:46:14.593 [pool-1-thread-8] TRACE f.m.indexer.core.download.Crawler - getFullUrl: http://central.maven.org/maven2/ant/ant-commons-logging/1.6.1/, ant-commons-logging-1.6.1.pom.sha1)
18:46:14.593 [pool-1-thread-8] TRACE f.m.indexer.core.download.Crawler - getFullUrl: http://central.maven.org/maven2/ant/ant-commons-logging/1.6.1/, maven-metadata.xml)
18:46:14.593 [pool-1-thread-8] TRACE f.m.indexer.core.download.Crawler - getFullUrl: http://central.maven.org/maven2/ant/ant-commons-logging/1.6.1/, maven-metadata.xml.md5)
18:46:14.593 [pool-1-thread-8] TRACE f.m.indexer.core.download.Crawler - getFullUrl: http://central.maven.org/maven2/ant/ant-commons-logging/1.6.1/, maven-metadata.xml.sha1)
18:46:14.593 [pool-1-thread-8] TRACE f.m.indexer.core.download.Crawler - doNext: http://central.maven.org/maven2/ant/ant-commons-logging/1.6.1/../
18:46:14.593 [pool-1-thread-8] TRACE f.m.indexer.core.download.Crawler - doNext: http://central.maven.org/maven2/ant/ant-commons-logging/1.6.1/ant-commons-logging-1.6.1.jar
18:46:14.593 [pool-1-thread-8] TRACE f.m.indexer.core.download.Crawler - doNext: http://central.maven.org/maven2/ant/ant-commons-logging/1.6.1/ant-commons-logging-1.6.1.jar.md5
18:46:14.593 [pool-1-thread-8] TRACE f.m.indexer.core.download.Crawler - doNext: http://central.maven.org/maven2/ant/ant-commons-logging/1.6.1/ant-commons-logging-1.6.1.jar.sha1
18:46:14.593 [pool-1-thread-8] TRACE f.m.indexer.core.download.Crawler - doNext: http://central.maven.org/maven2/ant/ant-commons-logging/1.6.1/ant-commons-logging-1.6.1.pom
18:46:14.593 [pool-1-thread-8] TRACE f.m.indexer.core.download.Crawler - doNext: http://central.maven.org/maven2/ant/ant-commons-logging/1.6.1/ant-commons-logging-1.6.1.pom.md5
18:46:14.593 [pool-1-thread-8] TRACE f.m.indexer.core.download.Crawler - doNext: http://central.maven.org/maven2/ant/ant-commons-logging/1.6.1/ant-commons-logging-1.6.1.pom.sha1
18:46:14.593 [pool-1-thread-8] TRACE f.m.indexer.core.download.Crawler - doNext: http://central.maven.org/maven2/ant/ant-commons-logging/1.6.1/maven-metadata.xml
18:46:14.593 [pool-1-thread-8] TRACE f.m.indexer.core.download.Crawler - match: http://central.maven.org/maven2/ant/ant-commons-logging/1.6.1/maven-metadata.xml
18:46:14.593 [pool-1-thread-8] TRACE f.m.indexer.core.download.Crawler - doNext: http://central.maven.org/maven2/ant/ant-commons-logging/1.6.1/maven-metadata.xml.md5
18:46:14.593 [pool-1-thread-8] TRACE f.m.indexer.core.download.Crawler - doNext: http://central.maven.org/maven2/ant/ant-commons-logging/1.6.1/maven-metadata.xml.sha1
18:46:14.593 [pool-1-thread-8] TRACE f.m.i.core.client.JerseyHttpClient - download: http://central.maven.org/maven2/ant/ant-apache-resolver/1.6.4/
18:46:14.593 [pool-1-thread-10] TRACE f.m.indexer.core.download.Crawler - getLinks: <!DOCTYPE html>
<html>

<head>
	<title>Central Repository: ant/ant-commons-logging/1.6.2</title>
	<meta name="viewport" content="width=device-width, initial-scale=1.0">
	<style>
body {
	background: #fff;
}
	</style>
</head>

<body>
	<header>
		<h1>ant/ant-commons-logging/1.6.2</h1>
	</header>
	<hr/>
	<main>
		<pre id="contents">
<a href="../">../</a>
<a href="ant-commons-logging-1.6.2.jar" title="ant-commons-logging-1.6.2.jar">ant-commons-logging-1.6.2.jar</a>                     2005-09-20 05:44      3856      
<a href="ant-commons-logging-1.6.2.jar.md5" title="ant-commons-logging-1.6.2.jar.md5">ant-commons-logging-1.6.2.jar.md5</a>                 2005-09-20 05:44        32      
<a href="ant-commons-logging-1.6.2.jar.sha1" title="ant-commons-logging-1.6.2.jar.sha1">ant-commons-logging-1.6.2.jar.sha1</a>                2005-09-20 05:44        40      
<a href="ant-commons-logging-1.6.2.pom" title="ant-commons-logging-1.6.2.pom">ant-commons-logging-1.6.2.pom</a>                     2005-09-20 05:44       156      
<a href="ant-commons-logging-1.6.2.pom.md5" title="ant-commons-logging-1.6.2.pom.md5">ant-commons-logging-1.6.2.pom.md5</a>                 2005-09-20 05:44        32      
<a href="ant-commons-logging-1.6.2.pom.sha1" title="ant-commons-logging-1.6.2.pom.sha1">ant-commons-logging-1.6.2.pom.sha1</a>                2005-09-20 05:44        40      
<a href="maven-metadata.xml" title="maven-metadata.xml">maven-metadata.xml</a>                                2005-09-20 05:44       121      
<a href="maven-metadata.xml.md5" title="maven-metadata.xml.md5">maven-metadata.xml.md5</a>                            2005-09-20 05:44        85      
<a href="maven-metadata.xml.sha1" title="maven-metadata.xml.sha1">maven-metadata.xml.sha1</a>                           2005-09-20 05:44       140      
		</pre>
	</main>
	<hr/>
</body>

</html>
18:46:14.593 [pool-1-thread-10] TRACE f.m.indexer.core.download.Crawler - getFullUrl: http://central.maven.org/maven2/ant/ant-commons-logging/1.6.2/, ../)
18:46:14.593 [pool-1-thread-10] TRACE f.m.indexer.core.download.Crawler - getFullUrl: http://central.maven.org/maven2/ant/ant-commons-logging/1.6.2/, ant-commons-logging-1.6.2.jar)
18:46:14.593 [pool-1-thread-10] TRACE f.m.indexer.core.download.Crawler - getFullUrl: http://central.maven.org/maven2/ant/ant-commons-logging/1.6.2/, ant-commons-logging-1.6.2.jar.md5)
18:46:14.593 [pool-1-thread-10] TRACE f.m.indexer.core.download.Crawler - getFullUrl: http://central.maven.org/maven2/ant/ant-commons-logging/1.6.2/, ant-commons-logging-1.6.2.jar.sha1)
18:46:14.593 [pool-1-thread-10] TRACE f.m.indexer.core.download.Crawler - getFullUrl: http://central.maven.org/maven2/ant/ant-commons-logging/1.6.2/, ant-commons-logging-1.6.2.pom)
18:46:14.593 [pool-1-thread-10] TRACE f.m.indexer.core.download.Crawler - getFullUrl: http://central.maven.org/maven2/ant/ant-commons-logging/1.6.2/, ant-commons-logging-1.6.2.pom.md5)
18:46:14.593 [pool-1-thread-10] TRACE f.m.indexer.core.download.Crawler - getFullUrl: http://central.maven.org/maven2/ant/ant-commons-logging/1.6.2/, ant-commons-logging-1.6.2.pom.sha1)
18:46:14.593 [pool-1-thread-10] TRACE f.m.indexer.core.download.Crawler - getFullUrl: http://central.maven.org/maven2/ant/ant-commons-logging/1.6.2/, maven-metadata.xml)
18:46:14.593 [pool-1-thread-10] TRACE f.m.indexer.core.download.Crawler - getFullUrl: http://central.maven.org/maven2/ant/ant-commons-logging/1.6.2/, maven-metadata.xml.md5)
18:46:14.593 [pool-1-thread-10] TRACE f.m.indexer.core.download.Crawler - getFullUrl: http://central.maven.org/maven2/ant/ant-commons-logging/1.6.2/, maven-metadata.xml.sha1)
18:46:14.593 [pool-1-thread-10] TRACE f.m.indexer.core.download.Crawler - doNext: http://central.maven.org/maven2/ant/ant-commons-logging/1.6.2/../
18:46:14.593 [pool-1-thread-10] TRACE f.m.indexer.core.download.Crawler - doNext: http://central.maven.org/maven2/ant/ant-commons-logging/1.6.2/ant-commons-logging-1.6.2.jar
18:46:14.593 [pool-1-thread-10] TRACE f.m.indexer.core.download.Crawler - doNext: http://central.maven.org/maven2/ant/ant-commons-logging/1.6.2/ant-commons-logging-1.6.2.jar.md5
18:46:14.593 [pool-1-thread-10] TRACE f.m.indexer.core.download.Crawler - doNext: http://central.maven.org/maven2/ant/ant-commons-logging/1.6.2/ant-commons-logging-1.6.2.jar.sha1
18:46:14.593 [pool-1-thread-10] TRACE f.m.indexer.core.download.Crawler - doNext: http://central.maven.org/maven2/ant/ant-commons-logging/1.6.2/ant-commons-logging-1.6.2.pom
18:46:14.593 [pool-1-thread-10] TRACE f.m.indexer.core.download.Crawler - doNext: http://central.maven.org/maven2/ant/ant-commons-logging/1.6.2/ant-commons-logging-1.6.2.pom.md5
18:46:14.593 [pool-1-thread-10] TRACE f.m.indexer.core.download.Crawler - doNext: http://central.maven.org/maven2/ant/ant-commons-logging/1.6.2/ant-commons-logging-1.6.2.pom.sha1
18:46:14.593 [pool-1-thread-10] TRACE f.m.indexer.core.download.Crawler - doNext: http://central.maven.org/maven2/ant/ant-commons-logging/1.6.2/maven-metadata.xml
18:46:14.593 [pool-1-thread-10] TRACE f.m.indexer.core.download.Crawler - match: http://central.maven.org/maven2/ant/ant-commons-logging/1.6.2/maven-metadata.xml
18:46:14.593 [pool-1-thread-10] TRACE f.m.indexer.core.download.Crawler - doNext: http://central.maven.org/maven2/ant/ant-commons-logging/1.6.2/maven-metadata.xml.md5
18:46:14.593 [pool-1-thread-10] TRACE f.m.indexer.core.download.Crawler - doNext: http://central.maven.org/maven2/ant/ant-commons-logging/1.6.2/maven-metadata.xml.sha1
18:46:14.593 [pool-1-thread-10] TRACE f.m.i.core.client.JerseyHttpClient - download: http://central.maven.org/maven2/ant/ant-apache-resolver/1.6.5/
18:46:14.593 [pool-1-thread-2] TRACE f.m.indexer.core.download.Crawler - getLinks: <!DOCTYPE html>
<html>

<head>
	<title>Central Repository: ant/ant-commons-logging/1.6.4</title>
	<meta name="viewport" content="width=device-width, initial-scale=1.0">
	<style>
body {
	background: #fff;
}
	</style>
</head>

<body>
	<header>
		<h1>ant/ant-commons-logging/1.6.4</h1>
	</header>
	<hr/>
	<main>
		<pre id="contents">
<a href="../">../</a>
<a href="ant-commons-logging-1.6.4.jar" title="ant-commons-logging-1.6.4.jar">ant-commons-logging-1.6.4.jar</a>                     2005-09-20 05:44      3864      
<a href="ant-commons-logging-1.6.4.jar.md5" title="ant-commons-logging-1.6.4.jar.md5">ant-commons-logging-1.6.4.jar.md5</a>                 2005-09-20 05:44        32      
<a href="ant-commons-logging-1.6.4.jar.sha1" title="ant-commons-logging-1.6.4.jar.sha1">ant-commons-logging-1.6.4.jar.sha1</a>                2005-09-20 05:44        40      
<a href="ant-commons-logging-1.6.4.pom" title="ant-commons-logging-1.6.4.pom">ant-commons-logging-1.6.4.pom</a>                     2005-09-20 05:44       156      
<a href="ant-commons-logging-1.6.4.pom.md5" title="ant-commons-logging-1.6.4.pom.md5">ant-commons-logging-1.6.4.pom.md5</a>                 2005-09-20 05:44        32      
<a href="ant-commons-logging-1.6.4.pom.sha1" title="ant-commons-logging-1.6.4.pom.sha1">ant-commons-logging-1.6.4.pom.sha1</a>                2005-09-20 05:44        40      
<a href="maven-metadata.xml" title="maven-metadata.xml">maven-metadata.xml</a>                                2005-09-20 05:44       121      
<a href="maven-metadata.xml.md5" title="maven-metadata.xml.md5">maven-metadata.xml.md5</a>                            2005-09-20 05:44        85      
<a href="maven-metadata.xml.sha1" title="maven-metadata.xml.sha1">maven-metadata.xml.sha1</a>                           2005-09-20 05:44       140      
		</pre>
	</main>
	<hr/>
</body>

</html>
18:46:14.593 [pool-1-thread-2] TRACE f.m.indexer.core.download.Crawler - getFullUrl: http://central.maven.org/maven2/ant/ant-commons-logging/1.6.4/, ../)
18:46:14.593 [pool-1-thread-2] TRACE f.m.indexer.core.download.Crawler - getFullUrl: http://central.maven.org/maven2/ant/ant-commons-logging/1.6.4/, ant-commons-logging-1.6.4.jar)
18:46:14.593 [pool-1-thread-2] TRACE f.m.indexer.core.download.Crawler - getFullUrl: http://central.maven.org/maven2/ant/ant-commons-logging/1.6.4/, ant-commons-logging-1.6.4.jar.md5)
18:46:14.593 [pool-1-thread-2] TRACE f.m.indexer.core.download.Crawler - getFullUrl: http://central.maven.org/maven2/ant/ant-commons-logging/1.6.4/, ant-commons-logging-1.6.4.jar.sha1)
18:46:14.593 [pool-1-thread-2] TRACE f.m.indexer.core.download.Crawler - getFullUrl: http://central.maven.org/maven2/ant/ant-commons-logging/1.6.4/, ant-commons-logging-1.6.4.pom)
18:46:14.593 [pool-1-thread-2] TRACE f.m.indexer.core.download.Crawler - getFullUrl: http://central.maven.org/maven2/ant/ant-commons-logging/1.6.4/, ant-commons-logging-1.6.4.pom.md5)
18:46:14.593 [pool-1-thread-2] TRACE f.m.indexer.core.download.Crawler - getFullUrl: http://central.maven.org/maven2/ant/ant-commons-logging/1.6.4/, ant-commons-logging-1.6.4.pom.sha1)
18:46:14.593 [pool-1-thread-2] TRACE f.m.indexer.core.download.Crawler - getFullUrl: http://central.maven.org/maven2/ant/ant-commons-logging/1.6.4/, maven-metadata.xml)
18:46:14.593 [pool-1-thread-2] TRACE f.m.indexer.core.download.Crawler - getFullUrl: http://central.maven.org/maven2/ant/ant-commons-logging/1.6.4/, maven-metadata.xml.md5)
18:46:14.593 [pool-1-thread-2] TRACE f.m.indexer.core.download.Crawler - getFullUrl: http://central.maven.org/maven2/ant/ant-commons-logging/1.6.4/, maven-metadata.xml.sha1)
18:46:14.593 [pool-1-thread-2] TRACE f.m.indexer.core.download.Crawler - doNext: http://central.maven.org/maven2/ant/ant-commons-logging/1.6.4/../
18:46:14.593 [pool-1-thread-2] TRACE f.m.indexer.core.download.Crawler - doNext: http://central.maven.org/maven2/ant/ant-commons-logging/1.6.4/ant-commons-logging-1.6.4.jar
18:46:14.593 [pool-1-thread-2] TRACE f.m.indexer.core.download.Crawler - doNext: http://central.maven.org/maven2/ant/ant-commons-logging/1.6.4/ant-commons-logging-1.6.4.jar.md5
18:46:14.593 [pool-1-thread-2] TRACE f.m.indexer.core.download.Crawler - doNext: http://central.maven.org/maven2/ant/ant-commons-logging/1.6.4/ant-commons-logging-1.6.4.jar.sha1
18:46:14.593 [pool-1-thread-2] TRACE f.m.indexer.core.download.Crawler - doNext: http://central.maven.org/maven2/ant/ant-commons-logging/1.6.4/ant-commons-logging-1.6.4.pom
18:46:14.593 [pool-1-thread-2] TRACE f.m.indexer.core.download.Crawler - doNext: http://central.maven.org/maven2/ant/ant-commons-logging/1.6.4/ant-commons-logging-1.6.4.pom.md5
18:46:14.593 [pool-1-thread-2] TRACE f.m.indexer.core.download.Crawler - doNext: http://central.maven.org/maven2/ant/ant-commons-logging/1.6.4/ant-commons-logging-1.6.4.pom.sha1
18:46:14.593 [pool-1-thread-2] TRACE f.m.indexer.core.download.Crawler - doNext: http://central.maven.org/maven2/ant/ant-commons-logging/1.6.4/maven-metadata.xml
18:46:14.593 [pool-1-thread-2] TRACE f.m.indexer.core.download.Crawler - match: http://central.maven.org/maven2/ant/ant-commons-logging/1.6.4/maven-metadata.xml
18:46:14.593 [pool-1-thread-2] TRACE f.m.indexer.core.download.Crawler - doNext: http://central.maven.org/maven2/ant/ant-commons-logging/1.6.4/maven-metadata.xml.md5
18:46:14.593 [pool-1-thread-2] TRACE f.m.indexer.core.download.Crawler - doNext: http://central.maven.org/maven2/ant/ant-commons-logging/1.6.4/maven-metadata.xml.sha1
18:46:14.593 [pool-1-thread-2] TRACE f.m.i.core.client.JerseyHttpClient - download: http://central.maven.org/maven2/ant/ant-apache-resolver/maven-metadata.xml
18:46:14.593 [pool-1-thread-7] TRACE f.m.indexer.core.download.Crawler - getLinks: <!DOCTYPE html>
<html>

<head>
	<title>Central Repository: ant/ant-commons-logging/1.6.3</title>
	<meta name="viewport" content="width=device-width, initial-scale=1.0">
	<style>
body {
	background: #fff;
}
	</style>
</head>

<body>
	<header>
		<h1>ant/ant-commons-logging/1.6.3</h1>
	</header>
	<hr/>
	<main>
		<pre id="contents">
<a href="../">../</a>
<a href="ant-commons-logging-1.6.3.jar" title="ant-commons-logging-1.6.3.jar">ant-commons-logging-1.6.3.jar</a>                     2005-09-20 05:44      3864      
<a href="ant-commons-logging-1.6.3.jar.md5" title="ant-commons-logging-1.6.3.jar.md5">ant-commons-logging-1.6.3.jar.md5</a>                 2005-09-20 05:44        32      
<a href="ant-commons-logging-1.6.3.jar.sha1" title="ant-commons-logging-1.6.3.jar.sha1">ant-commons-logging-1.6.3.jar.sha1</a>                2005-09-20 05:44        40      
<a href="ant-commons-logging-1.6.3.pom" title="ant-commons-logging-1.6.3.pom">ant-commons-logging-1.6.3.pom</a>                     2005-09-20 05:44       156      
<a href="ant-commons-logging-1.6.3.pom.md5" title="ant-commons-logging-1.6.3.pom.md5">ant-commons-logging-1.6.3.pom.md5</a>                 2005-09-20 05:44        32      
<a href="ant-commons-logging-1.6.3.pom.sha1" title="ant-commons-logging-1.6.3.pom.sha1">ant-commons-logging-1.6.3.pom.sha1</a>                2005-09-20 05:44        40      
<a href="maven-metadata.xml" title="maven-metadata.xml">maven-metadata.xml</a>                                2005-09-20 05:44       121      
<a href="maven-metadata.xml.md5" title="maven-metadata.xml.md5">maven-metadata.xml.md5</a>                            2005-09-20 05:44        85      
<a href="maven-metadata.xml.sha1" title="maven-metadata.xml.sha1">maven-metadata.xml.sha1</a>                           2005-09-20 05:44       140      
		</pre>
	</main>
	<hr/>
</body>

</html>
18:46:14.593 [pool-1-thread-7] TRACE f.m.indexer.core.download.Crawler - getFullUrl: http://central.maven.org/maven2/ant/ant-commons-logging/1.6.3/, ../)
18:46:14.593 [pool-1-thread-7] TRACE f.m.indexer.core.download.Crawler - getFullUrl: http://central.maven.org/maven2/ant/ant-commons-logging/1.6.3/, ant-commons-logging-1.6.3.jar)
18:46:14.593 [pool-1-thread-7] TRACE f.m.indexer.core.download.Crawler - getFullUrl: http://central.maven.org/maven2/ant/ant-commons-logging/1.6.3/, ant-commons-logging-1.6.3.jar.md5)
18:46:14.593 [pool-1-thread-7] TRACE f.m.indexer.core.download.Crawler - getFullUrl: http://central.maven.org/maven2/ant/ant-commons-logging/1.6.3/, ant-commons-logging-1.6.3.jar.sha1)
18:46:14.593 [pool-1-thread-7] TRACE f.m.indexer.core.download.Crawler - getFullUrl: http://central.maven.org/maven2/ant/ant-commons-logging/1.6.3/, ant-commons-logging-1.6.3.pom)
18:46:14.593 [pool-1-thread-7] TRACE f.m.indexer.core.download.Crawler - getFullUrl: http://central.maven.org/maven2/ant/ant-commons-logging/1.6.3/, ant-commons-logging-1.6.3.pom.md5)
18:46:14.593 [pool-1-thread-7] TRACE f.m.indexer.core.download.Crawler - getFullUrl: http://central.maven.org/maven2/ant/ant-commons-logging/1.6.3/, ant-commons-logging-1.6.3.pom.sha1)
18:46:14.593 [pool-1-thread-7] TRACE f.m.indexer.core.download.Crawler - getFullUrl: http://central.maven.org/maven2/ant/ant-commons-logging/1.6.3/, maven-metadata.xml)
18:46:14.593 [pool-1-thread-7] TRACE f.m.indexer.core.download.Crawler - getFullUrl: http://central.maven.org/maven2/ant/ant-commons-logging/1.6.3/, maven-metadata.xml.md5)
18:46:14.593 [pool-1-thread-7] TRACE f.m.indexer.core.download.Crawler - getFullUrl: http://central.maven.org/maven2/ant/ant-commons-logging/1.6.3/, maven-metadata.xml.sha1)
18:46:14.593 [pool-1-thread-7] TRACE f.m.indexer.core.download.Crawler - doNext: http://central.maven.org/maven2/ant/ant-commons-logging/1.6.3/../
18:46:14.593 [pool-1-thread-7] TRACE f.m.indexer.core.download.Crawler - doNext: http://central.maven.org/maven2/ant/ant-commons-logging/1.6.3/ant-commons-logging-1.6.3.jar
18:46:14.593 [pool-1-thread-7] TRACE f.m.indexer.core.download.Crawler - doNext: http://central.maven.org/maven2/ant/ant-commons-logging/1.6.3/ant-commons-logging-1.6.3.jar.md5
18:46:14.593 [pool-1-thread-7] TRACE f.m.indexer.core.download.Crawler - doNext: http://central.maven.org/maven2/ant/ant-commons-logging/1.6.3/ant-commons-logging-1.6.3.jar.sha1
18:46:14.593 [pool-1-thread-7] TRACE f.m.indexer.core.download.Crawler - doNext: http://central.maven.org/maven2/ant/ant-commons-logging/1.6.3/ant-commons-logging-1.6.3.pom
18:46:14.593 [pool-1-thread-7] TRACE f.m.indexer.core.download.Crawler - doNext: http://central.maven.org/maven2/ant/ant-commons-logging/1.6.3/ant-commons-logging-1.6.3.pom.md5
18:46:14.593 [pool-1-thread-7] TRACE f.m.indexer.core.download.Crawler - doNext: http://central.maven.org/maven2/ant/ant-commons-logging/1.6.3/ant-commons-logging-1.6.3.pom.sha1
18:46:14.593 [pool-1-thread-7] TRACE f.m.indexer.core.download.Crawler - doNext: http://central.maven.org/maven2/ant/ant-commons-logging/1.6.3/maven-metadata.xml
18:46:14.593 [pool-1-thread-7] TRACE f.m.indexer.core.download.Crawler - match: http://central.maven.org/maven2/ant/ant-commons-logging/1.6.3/maven-metadata.xml
18:46:14.593 [pool-1-thread-7] TRACE f.m.indexer.core.download.Crawler - doNext: http://central.maven.org/maven2/ant/ant-commons-logging/1.6.3/maven-metadata.xml.md5
18:46:14.593 [pool-1-thread-7] TRACE f.m.indexer.core.download.Crawler - doNext: http://central.maven.org/maven2/ant/ant-commons-logging/1.6.3/maven-metadata.xml.sha1
18:46:14.593 [pool-1-thread-7] TRACE f.m.i.core.client.JerseyHttpClient - download: http://central.maven.org/maven2/ant/ant-apache-regexp/1.6.2/
18:46:14.609 [pool-1-thread-4] TRACE f.m.indexer.core.download.Crawler - getLinks: <!DOCTYPE html>
<html>

<head>
	<title>Central Repository: ant/ant-commons-logging/1.6.5</title>
	<meta name="viewport" content="width=device-width, initial-scale=1.0">
	<style>
body {
	background: #fff;
}
	</style>
</head>

<body>
	<header>
		<h1>ant/ant-commons-logging/1.6.5</h1>
	</header>
	<hr/>
	<main>
		<pre id="contents">
<a href="../">../</a>
<a href="ant-commons-logging-1.6.5.jar" title="ant-commons-logging-1.6.5.jar">ant-commons-logging-1.6.5.jar</a>                     2005-09-20 05:44      3864      
<a href="ant-commons-logging-1.6.5.jar.md5" title="ant-commons-logging-1.6.5.jar.md5">ant-commons-logging-1.6.5.jar.md5</a>                 2005-09-20 05:44        32      
<a href="ant-commons-logging-1.6.5.jar.sha1" title="ant-commons-logging-1.6.5.jar.sha1">ant-commons-logging-1.6.5.jar.sha1</a>                2005-09-20 05:44        40      
<a href="ant-commons-logging-1.6.5.pom" title="ant-commons-logging-1.6.5.pom">ant-commons-logging-1.6.5.pom</a>                     2005-09-20 05:44       156      
<a href="ant-commons-logging-1.6.5.pom.md5" title="ant-commons-logging-1.6.5.pom.md5">ant-commons-logging-1.6.5.pom.md5</a>                 2005-09-20 05:44        32      
<a href="ant-commons-logging-1.6.5.pom.sha1" title="ant-commons-logging-1.6.5.pom.sha1">ant-commons-logging-1.6.5.pom.sha1</a>                2005-09-20 05:44        40      
<a href="maven-metadata.xml" title="maven-metadata.xml">maven-metadata.xml</a>                                2005-09-20 05:44       121      
<a href="maven-metadata.xml.md5" title="maven-metadata.xml.md5">maven-metadata.xml.md5</a>                            2005-09-20 05:44        85      
<a href="maven-metadata.xml.sha1" title="maven-metadata.xml.sha1">maven-metadata.xml.sha1</a>                           2005-09-20 05:44       140      
		</pre>
	</main>
	<hr/>
</body>

</html>
18:46:14.609 [pool-1-thread-4] TRACE f.m.indexer.core.download.Crawler - getFullUrl: http://central.maven.org/maven2/ant/ant-commons-logging/1.6.5/, ../)
18:46:14.609 [pool-1-thread-4] TRACE f.m.indexer.core.download.Crawler - getFullUrl: http://central.maven.org/maven2/ant/ant-commons-logging/1.6.5/, ant-commons-logging-1.6.5.jar)
18:46:14.609 [pool-1-thread-4] TRACE f.m.indexer.core.download.Crawler - getFullUrl: http://central.maven.org/maven2/ant/ant-commons-logging/1.6.5/, ant-commons-logging-1.6.5.jar.md5)
18:46:14.609 [pool-1-thread-4] TRACE f.m.indexer.core.download.Crawler - getFullUrl: http://central.maven.org/maven2/ant/ant-commons-logging/1.6.5/, ant-commons-logging-1.6.5.jar.sha1)
18:46:14.609 [pool-1-thread-4] TRACE f.m.indexer.core.download.Crawler - getFullUrl: http://central.maven.org/maven2/ant/ant-commons-logging/1.6.5/, ant-commons-logging-1.6.5.pom)
18:46:14.609 [pool-1-thread-4] TRACE f.m.indexer.core.download.Crawler - getFullUrl: http://central.maven.org/maven2/ant/ant-commons-logging/1.6.5/, ant-commons-logging-1.6.5.pom.md5)
18:46:14.609 [pool-1-thread-4] TRACE f.m.indexer.core.download.Crawler - getFullUrl: http://central.maven.org/maven2/ant/ant-commons-logging/1.6.5/, ant-commons-logging-1.6.5.pom.sha1)
18:46:14.609 [pool-1-thread-4] TRACE f.m.indexer.core.download.Crawler - getFullUrl: http://central.maven.org/maven2/ant/ant-commons-logging/1.6.5/, maven-metadata.xml)
18:46:14.609 [pool-1-thread-4] TRACE f.m.indexer.core.download.Crawler - getFullUrl: http://central.maven.org/maven2/ant/ant-commons-logging/1.6.5/, maven-metadata.xml.md5)
18:46:14.609 [pool-1-thread-4] TRACE f.m.indexer.core.download.Crawler - getFullUrl: http://central.maven.org/maven2/ant/ant-commons-logging/1.6.5/, maven-metadata.xml.sha1)
18:46:14.609 [pool-1-thread-4] TRACE f.m.indexer.core.download.Crawler - doNext: http://central.maven.org/maven2/ant/ant-commons-logging/1.6.5/../
18:46:14.609 [pool-1-thread-4] TRACE f.m.indexer.core.download.Crawler - doNext: http://central.maven.org/maven2/ant/ant-commons-logging/1.6.5/ant-commons-logging-1.6.5.jar
18:46:14.609 [pool-1-thread-4] TRACE f.m.indexer.core.download.Crawler - doNext: http://central.maven.org/maven2/ant/ant-commons-logging/1.6.5/ant-commons-logging-1.6.5.jar.md5
18:46:14.609 [pool-1-thread-4] TRACE f.m.indexer.core.download.Crawler - doNext: http://central.maven.org/maven2/ant/ant-commons-logging/1.6.5/ant-commons-logging-1.6.5.jar.sha1
18:46:14.609 [pool-1-thread-4] TRACE f.m.indexer.core.download.Crawler - doNext: http://central.maven.org/maven2/ant/ant-commons-logging/1.6.5/ant-commons-logging-1.6.5.pom
18:46:14.609 [pool-1-thread-4] TRACE f.m.indexer.core.download.Crawler - doNext: http://central.maven.org/maven2/ant/ant-commons-logging/1.6.5/ant-commons-logging-1.6.5.pom.md5
18:46:14.609 [pool-1-thread-4] TRACE f.m.indexer.core.download.Crawler - doNext: http://central.maven.org/maven2/ant/ant-commons-logging/1.6.5/ant-commons-logging-1.6.5.pom.sha1
18:46:14.609 [pool-1-thread-4] TRACE f.m.indexer.core.download.Crawler - doNext: http://central.maven.org/maven2/ant/ant-commons-logging/1.6.5/maven-metadata.xml
18:46:14.609 [pool-1-thread-4] TRACE f.m.indexer.core.download.Crawler - match: http://central.maven.org/maven2/ant/ant-commons-logging/1.6.5/maven-metadata.xml
18:46:14.609 [pool-1-thread-4] TRACE f.m.indexer.core.download.Crawler - doNext: http://central.maven.org/maven2/ant/ant-commons-logging/1.6.5/maven-metadata.xml.md5
18:46:14.609 [pool-1-thread-4] TRACE f.m.indexer.core.download.Crawler - doNext: http://central.maven.org/maven2/ant/ant-commons-logging/1.6.5/maven-metadata.xml.sha1
18:46:14.609 [pool-1-thread-4] TRACE f.m.i.core.client.JerseyHttpClient - download: http://central.maven.org/maven2/ant/ant-apache-regexp/1.6.3/
18:46:14.609 [pool-1-thread-3] TRACE f.m.indexer.artifact.MetadataHandler - match: http://central.maven.org/maven2/ant/ant-commons-logging/maven-metadata.xml
18:46:14.624 [pool-1-thread-3] TRACE f.m.i.core.client.JerseyHttpClient - download: http://central.maven.org/maven2/ant/ant-apache-regexp/1.6.4/
18:46:14.640 [pool-1-thread-1] TRACE f.m.indexer.core.download.Crawler - getLinks: <!DOCTYPE html>
<html>

<head>
	<title>Central Repository: ant/ant-apache-resolver/1.6.1</title>
	<meta name="viewport" content="width=device-width, initial-scale=1.0">
	<style>
body {
	background: #fff;
}
	</style>
</head>

<body>
	<header>
		<h1>ant/ant-apache-resolver/1.6.1</h1>
	</header>
	<hr/>
	<main>
		<pre id="contents">
<a href="../">../</a>
<a href="ant-apache-resolver-1.6.1.jar" title="ant-apache-resolver-1.6.1.jar">ant-apache-resolver-1.6.1.jar</a>                     2005-09-20 05:44      4079      
<a href="ant-apache-resolver-1.6.1.jar.md5" title="ant-apache-resolver-1.6.1.jar.md5">ant-apache-resolver-1.6.1.jar.md5</a>                 2005-09-20 05:44        32      
<a href="ant-apache-resolver-1.6.1.jar.sha1" title="ant-apache-resolver-1.6.1.jar.sha1">ant-apache-resolver-1.6.1.jar.sha1</a>                2005-09-20 05:44        40      
<a href="ant-apache-resolver-1.6.1.pom" title="ant-apache-resolver-1.6.1.pom">ant-apache-resolver-1.6.1.pom</a>                     2005-09-20 05:44       156      
<a href="ant-apache-resolver-1.6.1.pom.md5" title="ant-apache-resolver-1.6.1.pom.md5">ant-apache-resolver-1.6.1.pom.md5</a>                 2005-09-20 05:44        32      
<a href="ant-apache-resolver-1.6.1.pom.sha1" title="ant-apache-resolver-1.6.1.pom.sha1">ant-apache-resolver-1.6.1.pom.sha1</a>                2005-09-20 05:44        40      
<a href="maven-metadata.xml" title="maven-metadata.xml">maven-metadata.xml</a>                                2005-09-20 05:44       121      
<a href="maven-metadata.xml.md5" title="maven-metadata.xml.md5">maven-metadata.xml.md5</a>                            2005-09-20 05:44        85      
<a href="maven-metadata.xml.sha1" title="maven-metadata.xml.sha1">maven-metadata.xml.sha1</a>                           2005-09-20 05:44       140      
		</pre>
	</main>
	<hr/>
</body>

</html>
18:46:14.640 [pool-1-thread-1] TRACE f.m.indexer.core.download.Crawler - getFullUrl: http://central.maven.org/maven2/ant/ant-apache-resolver/1.6.1/, ../)
18:46:14.640 [pool-1-thread-1] TRACE f.m.indexer.core.download.Crawler - getFullUrl: http://central.maven.org/maven2/ant/ant-apache-resolver/1.6.1/, ant-apache-resolver-1.6.1.jar)
18:46:14.640 [pool-1-thread-1] TRACE f.m.indexer.core.download.Crawler - getFullUrl: http://central.maven.org/maven2/ant/ant-apache-resolver/1.6.1/, ant-apache-resolver-1.6.1.jar.md5)
18:46:14.640 [pool-1-thread-1] TRACE f.m.indexer.core.download.Crawler - getFullUrl: http://central.maven.org/maven2/ant/ant-apache-resolver/1.6.1/, ant-apache-resolver-1.6.1.jar.sha1)
18:46:14.640 [pool-1-thread-1] TRACE f.m.indexer.core.download.Crawler - getFullUrl: http://central.maven.org/maven2/ant/ant-apache-resolver/1.6.1/, ant-apache-resolver-1.6.1.pom)
18:46:14.640 [pool-1-thread-1] TRACE f.m.indexer.core.download.Crawler - getFullUrl: http://central.maven.org/maven2/ant/ant-apache-resolver/1.6.1/, ant-apache-resolver-1.6.1.pom.md5)
18:46:14.640 [pool-1-thread-1] TRACE f.m.indexer.core.download.Crawler - getFullUrl: http://central.maven.org/maven2/ant/ant-apache-resolver/1.6.1/, ant-apache-resolver-1.6.1.pom.sha1)
18:46:14.640 [pool-1-thread-1] TRACE f.m.indexer.core.download.Crawler - getFullUrl: http://central.maven.org/maven2/ant/ant-apache-resolver/1.6.1/, maven-metadata.xml)
18:46:14.640 [pool-1-thread-1] TRACE f.m.indexer.core.download.Crawler - getFullUrl: http://central.maven.org/maven2/ant/ant-apache-resolver/1.6.1/, maven-metadata.xml.md5)
18:46:14.640 [pool-1-thread-1] TRACE f.m.indexer.core.download.Crawler - getFullUrl: http://central.maven.org/maven2/ant/ant-apache-resolver/1.6.1/, maven-metadata.xml.sha1)
18:46:14.640 [pool-1-thread-1] TRACE f.m.indexer.core.download.Crawler - doNext: http://central.maven.org/maven2/ant/ant-apache-resolver/1.6.1/../
18:46:14.640 [pool-1-thread-1] TRACE f.m.indexer.core.download.Crawler - doNext: http://central.maven.org/maven2/ant/ant-apache-resolver/1.6.1/ant-apache-resolver-1.6.1.jar
18:46:14.640 [pool-1-thread-1] TRACE f.m.indexer.core.download.Crawler - doNext: http://central.maven.org/maven2/ant/ant-apache-resolver/1.6.1/ant-apache-resolver-1.6.1.jar.md5
18:46:14.640 [pool-1-thread-1] TRACE f.m.indexer.core.download.Crawler - doNext: http://central.maven.org/maven2/ant/ant-apache-resolver/1.6.1/ant-apache-resolver-1.6.1.jar.sha1
18:46:14.640 [pool-1-thread-1] TRACE f.m.indexer.core.download.Crawler - doNext: http://central.maven.org/maven2/ant/ant-apache-resolver/1.6.1/ant-apache-resolver-1.6.1.pom
18:46:14.640 [pool-1-thread-1] TRACE f.m.indexer.core.download.Crawler - doNext: http://central.maven.org/maven2/ant/ant-apache-resolver/1.6.1/ant-apache-resolver-1.6.1.pom.md5
18:46:14.640 [pool-1-thread-1] TRACE f.m.indexer.core.download.Crawler - doNext: http://central.maven.org/maven2/ant/ant-apache-resolver/1.6.1/ant-apache-resolver-1.6.1.pom.sha1
18:46:14.640 [pool-1-thread-1] TRACE f.m.indexer.core.download.Crawler - doNext: http://central.maven.org/maven2/ant/ant-apache-resolver/1.6.1/maven-metadata.xml
18:46:14.640 [pool-1-thread-1] TRACE f.m.indexer.core.download.Crawler - match: http://central.maven.org/maven2/ant/ant-apache-resolver/1.6.1/maven-metadata.xml
18:46:14.640 [pool-1-thread-1] TRACE f.m.indexer.core.download.Crawler - doNext: http://central.maven.org/maven2/ant/ant-apache-resolver/1.6.1/maven-metadata.xml.md5
18:46:14.640 [pool-1-thread-1] TRACE f.m.indexer.core.download.Crawler - doNext: http://central.maven.org/maven2/ant/ant-apache-resolver/1.6.1/maven-metadata.xml.sha1
18:46:14.640 [pool-1-thread-1] TRACE f.m.i.core.client.JerseyHttpClient - download: http://central.maven.org/maven2/ant/ant-apache-regexp/1.6.5/
18:46:14.640 [pool-1-thread-9] TRACE f.m.indexer.core.download.Crawler - getLinks: <!DOCTYPE html>
<html>

<head>
	<title>Central Repository: ant/ant-apache-resolver/1.6.2</title>
	<meta name="viewport" content="width=device-width, initial-scale=1.0">
	<style>
body {
	background: #fff;
}
	</style>
</head>

<body>
	<header>
		<h1>ant/ant-apache-resolver/1.6.2</h1>
	</header>
	<hr/>
	<main>
		<pre id="contents">
<a href="../">../</a>
<a href="ant-apache-resolver-1.6.2.jar" title="ant-apache-resolver-1.6.2.jar">ant-apache-resolver-1.6.2.jar</a>                     2005-09-20 05:44      4073      
<a href="ant-apache-resolver-1.6.2.jar.md5" title="ant-apache-resolver-1.6.2.jar.md5">ant-apache-resolver-1.6.2.jar.md5</a>                 2005-09-20 05:44        32      
<a href="ant-apache-resolver-1.6.2.jar.sha1" title="ant-apache-resolver-1.6.2.jar.sha1">ant-apache-resolver-1.6.2.jar.sha1</a>                2005-09-20 05:44        40      
<a href="ant-apache-resolver-1.6.2.pom" title="ant-apache-resolver-1.6.2.pom">ant-apache-resolver-1.6.2.pom</a>                     2005-09-20 05:44       156      
<a href="ant-apache-resolver-1.6.2.pom.md5" title="ant-apache-resolver-1.6.2.pom.md5">ant-apache-resolver-1.6.2.pom.md5</a>                 2005-09-20 05:44        32      
<a href="ant-apache-resolver-1.6.2.pom.sha1" title="ant-apache-resolver-1.6.2.pom.sha1">ant-apache-resolver-1.6.2.pom.sha1</a>                2005-09-20 05:44        40      
<a href="maven-metadata.xml" title="maven-metadata.xml">maven-metadata.xml</a>                                2005-09-20 05:44       121      
<a href="maven-metadata.xml.md5" title="maven-metadata.xml.md5">maven-metadata.xml.md5</a>                            2005-09-20 05:44        85      
<a href="maven-metadata.xml.sha1" title="maven-metadata.xml.sha1">maven-metadata.xml.sha1</a>                           2005-09-20 05:44       140      
		</pre>
	</main>
	<hr/>
</body>

</html>
18:46:14.640 [pool-1-thread-9] TRACE f.m.indexer.core.download.Crawler - getFullUrl: http://central.maven.org/maven2/ant/ant-apache-resolver/1.6.2/, ../)
18:46:14.640 [pool-1-thread-9] TRACE f.m.indexer.core.download.Crawler - getFullUrl: http://central.maven.org/maven2/ant/ant-apache-resolver/1.6.2/, ant-apache-resolver-1.6.2.jar)
18:46:14.640 [pool-1-thread-9] TRACE f.m.indexer.core.download.Crawler - getFullUrl: http://central.maven.org/maven2/ant/ant-apache-resolver/1.6.2/, ant-apache-resolver-1.6.2.jar.md5)
18:46:14.640 [pool-1-thread-9] TRACE f.m.indexer.core.download.Crawler - getFullUrl: http://central.maven.org/maven2/ant/ant-apache-resolver/1.6.2/, ant-apache-resolver-1.6.2.jar.sha1)
18:46:14.640 [pool-1-thread-9] TRACE f.m.indexer.core.download.Crawler - getFullUrl: http://central.maven.org/maven2/ant/ant-apache-resolver/1.6.2/, ant-apache-resolver-1.6.2.pom)
18:46:14.640 [pool-1-thread-9] TRACE f.m.indexer.core.download.Crawler - getFullUrl: http://central.maven.org/maven2/ant/ant-apache-resolver/1.6.2/, ant-apache-resolver-1.6.2.pom.md5)
18:46:14.640 [pool-1-thread-9] TRACE f.m.indexer.core.download.Crawler - getFullUrl: http://central.maven.org/maven2/ant/ant-apache-resolver/1.6.2/, ant-apache-resolver-1.6.2.pom.sha1)
18:46:14.640 [pool-1-thread-9] TRACE f.m.indexer.core.download.Crawler - getFullUrl: http://central.maven.org/maven2/ant/ant-apache-resolver/1.6.2/, maven-metadata.xml)
18:46:14.640 [pool-1-thread-9] TRACE f.m.indexer.core.download.Crawler - getFullUrl: http://central.maven.org/maven2/ant/ant-apache-resolver/1.6.2/, maven-metadata.xml.md5)
18:46:14.640 [pool-1-thread-9] TRACE f.m.indexer.core.download.Crawler - getFullUrl: http://central.maven.org/maven2/ant/ant-apache-resolver/1.6.2/, maven-metadata.xml.sha1)
18:46:14.640 [pool-1-thread-9] TRACE f.m.indexer.core.download.Crawler - doNext: http://central.maven.org/maven2/ant/ant-apache-resolver/1.6.2/../
18:46:14.640 [pool-1-thread-9] TRACE f.m.indexer.core.download.Crawler - doNext: http://central.maven.org/maven2/ant/ant-apache-resolver/1.6.2/ant-apache-resolver-1.6.2.jar
18:46:14.640 [pool-1-thread-9] TRACE f.m.indexer.core.download.Crawler - doNext: http://central.maven.org/maven2/ant/ant-apache-resolver/1.6.2/ant-apache-resolver-1.6.2.jar.md5
18:46:14.640 [pool-1-thread-9] TRACE f.m.indexer.core.download.Crawler - doNext: http://central.maven.org/maven2/ant/ant-apache-resolver/1.6.2/ant-apache-resolver-1.6.2.jar.sha1
18:46:14.640 [pool-1-thread-9] TRACE f.m.indexer.core.download.Crawler - doNext: http://central.maven.org/maven2/ant/ant-apache-resolver/1.6.2/ant-apache-resolver-1.6.2.pom
18:46:14.640 [pool-1-thread-9] TRACE f.m.indexer.core.download.Crawler - doNext: http://central.maven.org/maven2/ant/ant-apache-resolver/1.6.2/ant-apache-resolver-1.6.2.pom.md5
18:46:14.640 [pool-1-thread-9] TRACE f.m.indexer.core.download.Crawler - doNext: http://central.maven.org/maven2/ant/ant-apache-resolver/1.6.2/ant-apache-resolver-1.6.2.pom.sha1
18:46:14.640 [pool-1-thread-9] TRACE f.m.indexer.core.download.Crawler - doNext: http://central.maven.org/maven2/ant/ant-apache-resolver/1.6.2/maven-metadata.xml
18:46:14.640 [pool-1-thread-9] TRACE f.m.indexer.core.download.Crawler - match: http://central.maven.org/maven2/ant/ant-apache-resolver/1.6.2/maven-metadata.xml
18:46:14.640 [pool-1-thread-9] TRACE f.m.indexer.core.download.Crawler - doNext: http://central.maven.org/maven2/ant/ant-apache-resolver/1.6.2/maven-metadata.xml.md5
18:46:14.640 [pool-1-thread-9] TRACE f.m.indexer.core.download.Crawler - doNext: http://central.maven.org/maven2/ant/ant-apache-resolver/1.6.2/maven-metadata.xml.sha1
18:46:14.640 [pool-1-thread-9] TRACE f.m.i.core.client.JerseyHttpClient - download: http://central.maven.org/maven2/ant/ant-apache-regexp/maven-metadata.xml
18:46:14.640 [pool-1-thread-5] TRACE f.m.indexer.core.download.Crawler - getLinks: <!DOCTYPE html>
<html>

<head>
	<title>Central Repository: ant/ant-apache-resolver/1.6.3</title>
	<meta name="viewport" content="width=device-width, initial-scale=1.0">
	<style>
body {
	background: #fff;
}
	</style>
</head>

<body>
	<header>
		<h1>ant/ant-apache-resolver/1.6.3</h1>
	</header>
	<hr/>
	<main>
		<pre id="contents">
<a href="../">../</a>
<a href="ant-apache-resolver-1.6.3.jar" title="ant-apache-resolver-1.6.3.jar">ant-apache-resolver-1.6.3.jar</a>                     2005-09-20 05:44      4082      
<a href="ant-apache-resolver-1.6.3.jar.md5" title="ant-apache-resolver-1.6.3.jar.md5">ant-apache-resolver-1.6.3.jar.md5</a>                 2005-09-20 05:44        32      
<a href="ant-apache-resolver-1.6.3.jar.sha1" title="ant-apache-resolver-1.6.3.jar.sha1">ant-apache-resolver-1.6.3.jar.sha1</a>                2005-09-20 05:44        40      
<a href="ant-apache-resolver-1.6.3.pom" title="ant-apache-resolver-1.6.3.pom">ant-apache-resolver-1.6.3.pom</a>                     2005-09-20 05:44       156      
<a href="ant-apache-resolver-1.6.3.pom.md5" title="ant-apache-resolver-1.6.3.pom.md5">ant-apache-resolver-1.6.3.pom.md5</a>                 2005-09-20 05:44        32      
<a href="ant-apache-resolver-1.6.3.pom.sha1" title="ant-apache-resolver-1.6.3.pom.sha1">ant-apache-resolver-1.6.3.pom.sha1</a>                2005-09-20 05:44        40      
<a href="maven-metadata.xml" title="maven-metadata.xml">maven-metadata.xml</a>                                2005-09-20 05:44       121      
<a href="maven-metadata.xml.md5" title="maven-metadata.xml.md5">maven-metadata.xml.md5</a>                            2005-09-20 05:44        85      
<a href="maven-metadata.xml.sha1" title="maven-metadata.xml.sha1">maven-metadata.xml.sha1</a>                           2005-09-20 05:44       140      
		</pre>
	</main>
	<hr/>
</body>

</html>
18:46:14.640 [pool-1-thread-5] TRACE f.m.indexer.core.download.Crawler - getFullUrl: http://central.maven.org/maven2/ant/ant-apache-resolver/1.6.3/, ../)
18:46:14.640 [pool-1-thread-5] TRACE f.m.indexer.core.download.Crawler - getFullUrl: http://central.maven.org/maven2/ant/ant-apache-resolver/1.6.3/, ant-apache-resolver-1.6.3.jar)
18:46:14.640 [pool-1-thread-5] TRACE f.m.indexer.core.download.Crawler - getFullUrl: http://central.maven.org/maven2/ant/ant-apache-resolver/1.6.3/, ant-apache-resolver-1.6.3.jar.md5)
18:46:14.640 [pool-1-thread-5] TRACE f.m.indexer.core.download.Crawler - getFullUrl: http://central.maven.org/maven2/ant/ant-apache-resolver/1.6.3/, ant-apache-resolver-1.6.3.jar.sha1)
18:46:14.640 [pool-1-thread-5] TRACE f.m.indexer.core.download.Crawler - getFullUrl: http://central.maven.org/maven2/ant/ant-apache-resolver/1.6.3/, ant-apache-resolver-1.6.3.pom)
18:46:14.640 [pool-1-thread-5] TRACE f.m.indexer.core.download.Crawler - getFullUrl: http://central.maven.org/maven2/ant/ant-apache-resolver/1.6.3/, ant-apache-resolver-1.6.3.pom.md5)
18:46:14.640 [pool-1-thread-5] TRACE f.m.indexer.core.download.Crawler - getFullUrl: http://central.maven.org/maven2/ant/ant-apache-resolver/1.6.3/, ant-apache-resolver-1.6.3.pom.sha1)
18:46:14.640 [pool-1-thread-5] TRACE f.m.indexer.core.download.Crawler - getFullUrl: http://central.maven.org/maven2/ant/ant-apache-resolver/1.6.3/, maven-metadata.xml)
18:46:14.640 [pool-1-thread-5] TRACE f.m.indexer.core.download.Crawler - getFullUrl: http://central.maven.org/maven2/ant/ant-apache-resolver/1.6.3/, maven-metadata.xml.md5)
18:46:14.640 [pool-1-thread-5] TRACE f.m.indexer.core.download.Crawler - getFullUrl: http://central.maven.org/maven2/ant/ant-apache-resolver/1.6.3/, maven-metadata.xml.sha1)
18:46:14.640 [pool-1-thread-5] TRACE f.m.indexer.core.download.Crawler - doNext: http://central.maven.org/maven2/ant/ant-apache-resolver/1.6.3/../
18:46:14.640 [pool-1-thread-5] TRACE f.m.indexer.core.download.Crawler - doNext: http://central.maven.org/maven2/ant/ant-apache-resolver/1.6.3/ant-apache-resolver-1.6.3.jar
18:46:14.640 [pool-1-thread-5] TRACE f.m.indexer.core.download.Crawler - doNext: http://central.maven.org/maven2/ant/ant-apache-resolver/1.6.3/ant-apache-resolver-1.6.3.jar.md5
18:46:14.640 [pool-1-thread-5] TRACE f.m.indexer.core.download.Crawler - doNext: http://central.maven.org/maven2/ant/ant-apache-resolver/1.6.3/ant-apache-resolver-1.6.3.jar.sha1
18:46:14.640 [pool-1-thread-5] TRACE f.m.indexer.core.download.Crawler - doNext: http://central.maven.org/maven2/ant/ant-apache-resolver/1.6.3/ant-apache-resolver-1.6.3.pom
18:46:14.640 [pool-1-thread-5] TRACE f.m.indexer.core.download.Crawler - doNext: http://central.maven.org/maven2/ant/ant-apache-resolver/1.6.3/ant-apache-resolver-1.6.3.pom.md5
18:46:14.640 [pool-1-thread-5] TRACE f.m.indexer.core.download.Crawler - doNext: http://central.maven.org/maven2/ant/ant-apache-resolver/1.6.3/ant-apache-resolver-1.6.3.pom.sha1
18:46:14.640 [pool-1-thread-5] TRACE f.m.indexer.core.download.Crawler - doNext: http://central.maven.org/maven2/ant/ant-apache-resolver/1.6.3/maven-metadata.xml
18:46:14.640 [pool-1-thread-5] TRACE f.m.indexer.core.download.Crawler - match: http://central.maven.org/maven2/ant/ant-apache-resolver/1.6.3/maven-metadata.xml
18:46:14.640 [pool-1-thread-5] TRACE f.m.indexer.core.download.Crawler - doNext: http://central.maven.org/maven2/ant/ant-apache-resolver/1.6.3/maven-metadata.xml.md5
18:46:14.640 [pool-1-thread-5] TRACE f.m.indexer.core.download.Crawler - doNext: http://central.maven.org/maven2/ant/ant-apache-resolver/1.6.3/maven-metadata.xml.sha1
18:46:14.640 [pool-1-thread-5] TRACE f.m.i.core.client.JerseyHttpClient - download: http://central.maven.org/maven2/ant/ant-apache-oro/1.6.2/
18:46:14.640 [pool-1-thread-8] TRACE f.m.indexer.core.download.Crawler - getLinks: <!DOCTYPE html>
<html>

<head>
	<title>Central Repository: ant/ant-apache-resolver/1.6.4</title>
	<meta name="viewport" content="width=device-width, initial-scale=1.0">
	<style>
body {
	background: #fff;
}
	</style>
</head>

<body>
	<header>
		<h1>ant/ant-apache-resolver/1.6.4</h1>
	</header>
	<hr/>
	<main>
		<pre id="contents">
<a href="../">../</a>
<a href="ant-apache-resolver-1.6.4.jar" title="ant-apache-resolver-1.6.4.jar">ant-apache-resolver-1.6.4.jar</a>                     2005-09-20 05:44      4082      
<a href="ant-apache-resolver-1.6.4.jar.md5" title="ant-apache-resolver-1.6.4.jar.md5">ant-apache-resolver-1.6.4.jar.md5</a>                 2005-09-20 05:44        32      
<a href="ant-apache-resolver-1.6.4.jar.sha1" title="ant-apache-resolver-1.6.4.jar.sha1">ant-apache-resolver-1.6.4.jar.sha1</a>                2005-09-20 05:44        40      
<a href="ant-apache-resolver-1.6.4.pom" title="ant-apache-resolver-1.6.4.pom">ant-apache-resolver-1.6.4.pom</a>                     2005-09-20 05:44       156      
<a href="ant-apache-resolver-1.6.4.pom.md5" title="ant-apache-resolver-1.6.4.pom.md5">ant-apache-resolver-1.6.4.pom.md5</a>                 2005-09-20 05:44        32      
<a href="ant-apache-resolver-1.6.4.pom.sha1" title="ant-apache-resolver-1.6.4.pom.sha1">ant-apache-resolver-1.6.4.pom.sha1</a>                2005-09-20 05:44        40      
<a href="maven-metadata.xml" title="maven-metadata.xml">maven-metadata.xml</a>                                2005-09-20 05:44       121      
<a href="maven-metadata.xml.md5" title="maven-metadata.xml.md5">maven-metadata.xml.md5</a>                            2005-09-20 05:44        85      
<a href="maven-metadata.xml.sha1" title="maven-metadata.xml.sha1">maven-metadata.xml.sha1</a>                           2005-09-20 05:44       140      
		</pre>
	</main>
	<hr/>
</body>

</html>
18:46:14.640 [pool-1-thread-8] TRACE f.m.indexer.core.download.Crawler - getFullUrl: http://central.maven.org/maven2/ant/ant-apache-resolver/1.6.4/, ../)
18:46:14.640 [pool-1-thread-8] TRACE f.m.indexer.core.download.Crawler - getFullUrl: http://central.maven.org/maven2/ant/ant-apache-resolver/1.6.4/, ant-apache-resolver-1.6.4.jar)
18:46:14.640 [pool-1-thread-8] TRACE f.m.indexer.core.download.Crawler - getFullUrl: http://central.maven.org/maven2/ant/ant-apache-resolver/1.6.4/, ant-apache-resolver-1.6.4.jar.md5)
18:46:14.640 [pool-1-thread-8] TRACE f.m.indexer.core.download.Crawler - getFullUrl: http://central.maven.org/maven2/ant/ant-apache-resolver/1.6.4/, ant-apache-resolver-1.6.4.jar.sha1)
18:46:14.640 [pool-1-thread-8] TRACE f.m.indexer.core.download.Crawler - getFullUrl: http://central.maven.org/maven2/ant/ant-apache-resolver/1.6.4/, ant-apache-resolver-1.6.4.pom)
18:46:14.640 [pool-1-thread-8] TRACE f.m.indexer.core.download.Crawler - getFullUrl: http://central.maven.org/maven2/ant/ant-apache-resolver/1.6.4/, ant-apache-resolver-1.6.4.pom.md5)
18:46:14.640 [pool-1-thread-8] TRACE f.m.indexer.core.download.Crawler - getFullUrl: http://central.maven.org/maven2/ant/ant-apache-resolver/1.6.4/, ant-apache-resolver-1.6.4.pom.sha1)
18:46:14.640 [pool-1-thread-8] TRACE f.m.indexer.core.download.Crawler - getFullUrl: http://central.maven.org/maven2/ant/ant-apache-resolver/1.6.4/, maven-metadata.xml)
18:46:14.640 [pool-1-thread-8] TRACE f.m.indexer.core.download.Crawler - getFullUrl: http://central.maven.org/maven2/ant/ant-apache-resolver/1.6.4/, maven-metadata.xml.md5)
18:46:14.640 [pool-1-thread-8] TRACE f.m.indexer.core.download.Crawler - getFullUrl: http://central.maven.org/maven2/ant/ant-apache-resolver/1.6.4/, maven-metadata.xml.sha1)
18:46:14.656 [pool-1-thread-8] TRACE f.m.indexer.core.download.Crawler - doNext: http://central.maven.org/maven2/ant/ant-apache-resolver/1.6.4/../
18:46:14.656 [pool-1-thread-8] TRACE f.m.indexer.core.download.Crawler - doNext: http://central.maven.org/maven2/ant/ant-apache-resolver/1.6.4/ant-apache-resolver-1.6.4.jar
18:46:14.656 [pool-1-thread-8] TRACE f.m.indexer.core.download.Crawler - doNext: http://central.maven.org/maven2/ant/ant-apache-resolver/1.6.4/ant-apache-resolver-1.6.4.jar.md5
18:46:14.656 [pool-1-thread-8] TRACE f.m.indexer.core.download.Crawler - doNext: http://central.maven.org/maven2/ant/ant-apache-resolver/1.6.4/ant-apache-resolver-1.6.4.jar.sha1
18:46:14.656 [pool-1-thread-8] TRACE f.m.indexer.core.download.Crawler - doNext: http://central.maven.org/maven2/ant/ant-apache-resolver/1.6.4/ant-apache-resolver-1.6.4.pom
18:46:14.656 [pool-1-thread-8] TRACE f.m.indexer.core.download.Crawler - doNext: http://central.maven.org/maven2/ant/ant-apache-resolver/1.6.4/ant-apache-resolver-1.6.4.pom.md5
18:46:14.656 [pool-1-thread-8] TRACE f.m.indexer.core.download.Crawler - doNext: http://central.maven.org/maven2/ant/ant-apache-resolver/1.6.4/ant-apache-resolver-1.6.4.pom.sha1
18:46:14.656 [pool-1-thread-8] TRACE f.m.indexer.core.download.Crawler - doNext: http://central.maven.org/maven2/ant/ant-apache-resolver/1.6.4/maven-metadata.xml
18:46:14.656 [pool-1-thread-8] TRACE f.m.indexer.core.download.Crawler - match: http://central.maven.org/maven2/ant/ant-apache-resolver/1.6.4/maven-metadata.xml
18:46:14.656 [pool-1-thread-8] TRACE f.m.indexer.core.download.Crawler - doNext: http://central.maven.org/maven2/ant/ant-apache-resolver/1.6.4/maven-metadata.xml.md5
18:46:14.656 [pool-1-thread-8] TRACE f.m.indexer.core.download.Crawler - doNext: http://central.maven.org/maven2/ant/ant-apache-resolver/1.6.4/maven-metadata.xml.sha1
18:46:14.656 [pool-1-thread-8] TRACE f.m.i.core.client.JerseyHttpClient - download: http://central.maven.org/maven2/ant/ant-apache-oro/1.6.3/
18:46:14.656 [pool-1-thread-10] TRACE f.m.indexer.core.download.Crawler - getLinks: <!DOCTYPE html>
<html>

<head>
	<title>Central Repository: ant/ant-apache-resolver/1.6.5</title>
	<meta name="viewport" content="width=device-width, initial-scale=1.0">
	<style>
body {
	background: #fff;
}
	</style>
</head>

<body>
	<header>
		<h1>ant/ant-apache-resolver/1.6.5</h1>
	</header>
	<hr/>
	<main>
		<pre id="contents">
<a href="../">../</a>
<a href="ant-apache-resolver-1.6.5.jar" title="ant-apache-resolver-1.6.5.jar">ant-apache-resolver-1.6.5.jar</a>                     2005-09-20 05:44      4082      
<a href="ant-apache-resolver-1.6.5.jar.md5" title="ant-apache-resolver-1.6.5.jar.md5">ant-apache-resolver-1.6.5.jar.md5</a>                 2005-09-20 05:44        32      
<a href="ant-apache-resolver-1.6.5.jar.sha1" title="ant-apache-resolver-1.6.5.jar.sha1">ant-apache-resolver-1.6.5.jar.sha1</a>                2005-09-20 05:44        40      
<a href="ant-apache-resolver-1.6.5.pom" title="ant-apache-resolver-1.6.5.pom">ant-apache-resolver-1.6.5.pom</a>                     2005-09-20 05:44       156      
<a href="ant-apache-resolver-1.6.5.pom.md5" title="ant-apache-resolver-1.6.5.pom.md5">ant-apache-resolver-1.6.5.pom.md5</a>                 2005-09-20 05:44        32      
<a href="ant-apache-resolver-1.6.5.pom.sha1" title="ant-apache-resolver-1.6.5.pom.sha1">ant-apache-resolver-1.6.5.pom.sha1</a>                2005-09-20 05:44        40      
<a href="maven-metadata.xml" title="maven-metadata.xml">maven-metadata.xml</a>                                2005-09-20 05:44       121      
<a href="maven-metadata.xml.md5" title="maven-metadata.xml.md5">maven-metadata.xml.md5</a>                            2005-09-20 05:44        85      
<a href="maven-metadata.xml.sha1" title="maven-metadata.xml.sha1">maven-metadata.xml.sha1</a>                           2005-09-20 05:44       140      
		</pre>
	</main>
	<hr/>
</body>

</html>
18:46:14.656 [pool-1-thread-10] TRACE f.m.indexer.core.download.Crawler - getFullUrl: http://central.maven.org/maven2/ant/ant-apache-resolver/1.6.5/, ../)
18:46:14.656 [pool-1-thread-10] TRACE f.m.indexer.core.download.Crawler - getFullUrl: http://central.maven.org/maven2/ant/ant-apache-resolver/1.6.5/, ant-apache-resolver-1.6.5.jar)
18:46:14.656 [pool-1-thread-10] TRACE f.m.indexer.core.download.Crawler - getFullUrl: http://central.maven.org/maven2/ant/ant-apache-resolver/1.6.5/, ant-apache-resolver-1.6.5.jar.md5)
18:46:14.656 [pool-1-thread-10] TRACE f.m.indexer.core.download.Crawler - getFullUrl: http://central.maven.org/maven2/ant/ant-apache-resolver/1.6.5/, ant-apache-resolver-1.6.5.jar.sha1)
18:46:14.656 [pool-1-thread-10] TRACE f.m.indexer.core.download.Crawler - getFullUrl: http://central.maven.org/maven2/ant/ant-apache-resolver/1.6.5/, ant-apache-resolver-1.6.5.pom)
18:46:14.656 [pool-1-thread-10] TRACE f.m.indexer.core.download.Crawler - getFullUrl: http://central.maven.org/maven2/ant/ant-apache-resolver/1.6.5/, ant-apache-resolver-1.6.5.pom.md5)
18:46:14.656 [pool-1-thread-10] TRACE f.m.indexer.core.download.Crawler - getFullUrl: http://central.maven.org/maven2/ant/ant-apache-resolver/1.6.5/, ant-apache-resolver-1.6.5.pom.sha1)
18:46:14.656 [pool-1-thread-10] TRACE f.m.indexer.core.download.Crawler - getFullUrl: http://central.maven.org/maven2/ant/ant-apache-resolver/1.6.5/, maven-metadata.xml)
18:46:14.656 [pool-1-thread-10] TRACE f.m.indexer.core.download.Crawler - getFullUrl: http://central.maven.org/maven2/ant/ant-apache-resolver/1.6.5/, maven-metadata.xml.md5)
18:46:14.656 [pool-1-thread-10] TRACE f.m.indexer.core.download.Crawler - getFullUrl: http://central.maven.org/maven2/ant/ant-apache-resolver/1.6.5/, maven-metadata.xml.sha1)
18:46:14.656 [pool-1-thread-10] TRACE f.m.indexer.core.download.Crawler - doNext: http://central.maven.org/maven2/ant/ant-apache-resolver/1.6.5/../
18:46:14.656 [pool-1-thread-10] TRACE f.m.indexer.core.download.Crawler - doNext: http://central.maven.org/maven2/ant/ant-apache-resolver/1.6.5/ant-apache-resolver-1.6.5.jar
18:46:14.656 [pool-1-thread-10] TRACE f.m.indexer.core.download.Crawler - doNext: http://central.maven.org/maven2/ant/ant-apache-resolver/1.6.5/ant-apache-resolver-1.6.5.jar.md5
18:46:14.656 [pool-1-thread-10] TRACE f.m.indexer.core.download.Crawler - doNext: http://central.maven.org/maven2/ant/ant-apache-resolver/1.6.5/ant-apache-resolver-1.6.5.jar.sha1
18:46:14.656 [pool-1-thread-10] TRACE f.m.indexer.core.download.Crawler - doNext: http://central.maven.org/maven2/ant/ant-apache-resolver/1.6.5/ant-apache-resolver-1.6.5.pom
18:46:14.656 [pool-1-thread-10] TRACE f.m.indexer.core.download.Crawler - doNext: http://central.maven.org/maven2/ant/ant-apache-resolver/1.6.5/ant-apache-resolver-1.6.5.pom.md5
18:46:14.656 [pool-1-thread-10] TRACE f.m.indexer.core.download.Crawler - doNext: http://central.maven.org/maven2/ant/ant-apache-resolver/1.6.5/ant-apache-resolver-1.6.5.pom.sha1
18:46:14.656 [pool-1-thread-10] TRACE f.m.indexer.core.download.Crawler - doNext: http://central.maven.org/maven2/ant/ant-apache-resolver/1.6.5/maven-metadata.xml
18:46:14.656 [pool-1-thread-10] TRACE f.m.indexer.core.download.Crawler - match: http://central.maven.org/maven2/ant/ant-apache-resolver/1.6.5/maven-metadata.xml
18:46:14.656 [pool-1-thread-10] TRACE f.m.indexer.core.download.Crawler - doNext: http://central.maven.org/maven2/ant/ant-apache-resolver/1.6.5/maven-metadata.xml.md5
18:46:14.656 [pool-1-thread-10] TRACE f.m.indexer.core.download.Crawler - doNext: http://central.maven.org/maven2/ant/ant-apache-resolver/1.6.5/maven-metadata.xml.sha1
18:46:14.656 [pool-1-thread-10] TRACE f.m.i.core.client.JerseyHttpClient - download: http://central.maven.org/maven2/ant/ant-apache-oro/1.6.4/
18:46:14.656 [pool-1-thread-2] TRACE f.m.indexer.artifact.MetadataHandler - match: http://central.maven.org/maven2/ant/ant-apache-resolver/maven-metadata.xml
18:46:14.656 [pool-1-thread-2] TRACE f.m.i.core.client.JerseyHttpClient - download: http://central.maven.org/maven2/ant/ant-apache-oro/1.6.5/
18:46:14.671 [pool-1-thread-7] TRACE f.m.indexer.core.download.Crawler - getLinks: <!DOCTYPE html>
<html>

<head>
	<title>Central Repository: ant/ant-apache-regexp/1.6.2</title>
	<meta name="viewport" content="width=device-width, initial-scale=1.0">
	<style>
body {
	background: #fff;
}
	</style>
</head>

<body>
	<header>
		<h1>ant/ant-apache-regexp/1.6.2</h1>
	</header>
	<hr/>
	<main>
		<pre id="contents">
<a href="../">../</a>
<a href="ant-apache-regexp-1.6.2.jar" title="ant-apache-regexp-1.6.2.jar">ant-apache-regexp-1.6.2.jar</a>                       2005-09-20 05:44      3706      
<a href="ant-apache-regexp-1.6.2.jar.md5" title="ant-apache-regexp-1.6.2.jar.md5">ant-apache-regexp-1.6.2.jar.md5</a>                   2005-09-20 05:44        32      
<a href="ant-apache-regexp-1.6.2.jar.sha1" title="ant-apache-regexp-1.6.2.jar.sha1">ant-apache-regexp-1.6.2.jar.sha1</a>                  2005-09-20 05:44        40      
<a href="ant-apache-regexp-1.6.2.pom" title="ant-apache-regexp-1.6.2.pom">ant-apache-regexp-1.6.2.pom</a>                       2005-09-20 05:44       154      
<a href="ant-apache-regexp-1.6.2.pom.md5" title="ant-apache-regexp-1.6.2.pom.md5">ant-apache-regexp-1.6.2.pom.md5</a>                   2005-09-20 05:44        32      
<a href="ant-apache-regexp-1.6.2.pom.sha1" title="ant-apache-regexp-1.6.2.pom.sha1">ant-apache-regexp-1.6.2.pom.sha1</a>                  2005-09-20 05:44        40      
<a href="maven-metadata.xml" title="maven-metadata.xml">maven-metadata.xml</a>                                2005-09-20 05:44       119      
<a href="maven-metadata.xml.md5" title="maven-metadata.xml.md5">maven-metadata.xml.md5</a>                            2005-09-20 05:44        83      
<a href="maven-metadata.xml.sha1" title="maven-metadata.xml.sha1">maven-metadata.xml.sha1</a>                           2005-09-20 05:44       138      
		</pre>
	</main>
	<hr/>
</body>

</html>
18:46:14.671 [pool-1-thread-7] TRACE f.m.indexer.core.download.Crawler - getFullUrl: http://central.maven.org/maven2/ant/ant-apache-regexp/1.6.2/, ../)
18:46:14.671 [pool-1-thread-7] TRACE f.m.indexer.core.download.Crawler - getFullUrl: http://central.maven.org/maven2/ant/ant-apache-regexp/1.6.2/, ant-apache-regexp-1.6.2.jar)
18:46:14.671 [pool-1-thread-7] TRACE f.m.indexer.core.download.Crawler - getFullUrl: http://central.maven.org/maven2/ant/ant-apache-regexp/1.6.2/, ant-apache-regexp-1.6.2.jar.md5)
18:46:14.671 [pool-1-thread-7] TRACE f.m.indexer.core.download.Crawler - getFullUrl: http://central.maven.org/maven2/ant/ant-apache-regexp/1.6.2/, ant-apache-regexp-1.6.2.jar.sha1)
18:46:14.671 [pool-1-thread-7] TRACE f.m.indexer.core.download.Crawler - getFullUrl: http://central.maven.org/maven2/ant/ant-apache-regexp/1.6.2/, ant-apache-regexp-1.6.2.pom)
18:46:14.671 [pool-1-thread-7] TRACE f.m.indexer.core.download.Crawler - getFullUrl: http://central.maven.org/maven2/ant/ant-apache-regexp/1.6.2/, ant-apache-regexp-1.6.2.pom.md5)
18:46:14.671 [pool-1-thread-7] TRACE f.m.indexer.core.download.Crawler - getFullUrl: http://central.maven.org/maven2/ant/ant-apache-regexp/1.6.2/, ant-apache-regexp-1.6.2.pom.sha1)
18:46:14.671 [pool-1-thread-7] TRACE f.m.indexer.core.download.Crawler - getFullUrl: http://central.maven.org/maven2/ant/ant-apache-regexp/1.6.2/, maven-metadata.xml)
18:46:14.671 [pool-1-thread-7] TRACE f.m.indexer.core.download.Crawler - getFullUrl: http://central.maven.org/maven2/ant/ant-apache-regexp/1.6.2/, maven-metadata.xml.md5)
18:46:14.671 [pool-1-thread-7] TRACE f.m.indexer.core.download.Crawler - getFullUrl: http://central.maven.org/maven2/ant/ant-apache-regexp/1.6.2/, maven-metadata.xml.sha1)
18:46:14.671 [pool-1-thread-7] TRACE f.m.indexer.core.download.Crawler - doNext: http://central.maven.org/maven2/ant/ant-apache-regexp/1.6.2/../
18:46:14.671 [pool-1-thread-7] TRACE f.m.indexer.core.download.Crawler - doNext: http://central.maven.org/maven2/ant/ant-apache-regexp/1.6.2/ant-apache-regexp-1.6.2.jar
18:46:14.671 [pool-1-thread-7] TRACE f.m.indexer.core.download.Crawler - doNext: http://central.maven.org/maven2/ant/ant-apache-regexp/1.6.2/ant-apache-regexp-1.6.2.jar.md5
18:46:14.671 [pool-1-thread-7] TRACE f.m.indexer.core.download.Crawler - doNext: http://central.maven.org/maven2/ant/ant-apache-regexp/1.6.2/ant-apache-regexp-1.6.2.jar.sha1
18:46:14.671 [pool-1-thread-7] TRACE f.m.indexer.core.download.Crawler - doNext: http://central.maven.org/maven2/ant/ant-apache-regexp/1.6.2/ant-apache-regexp-1.6.2.pom
18:46:14.671 [pool-1-thread-7] TRACE f.m.indexer.core.download.Crawler - doNext: http://central.maven.org/maven2/ant/ant-apache-regexp/1.6.2/ant-apache-regexp-1.6.2.pom.md5
18:46:14.671 [pool-1-thread-7] TRACE f.m.indexer.core.download.Crawler - doNext: http://central.maven.org/maven2/ant/ant-apache-regexp/1.6.2/ant-apache-regexp-1.6.2.pom.sha1
18:46:14.671 [pool-1-thread-7] TRACE f.m.indexer.core.download.Crawler - doNext: http://central.maven.org/maven2/ant/ant-apache-regexp/1.6.2/maven-metadata.xml
18:46:14.671 [pool-1-thread-7] TRACE f.m.indexer.core.download.Crawler - match: http://central.maven.org/maven2/ant/ant-apache-regexp/1.6.2/maven-metadata.xml
18:46:14.671 [pool-1-thread-7] TRACE f.m.indexer.core.download.Crawler - doNext: http://central.maven.org/maven2/ant/ant-apache-regexp/1.6.2/maven-metadata.xml.md5
18:46:14.671 [pool-1-thread-7] TRACE f.m.indexer.core.download.Crawler - doNext: http://central.maven.org/maven2/ant/ant-apache-regexp/1.6.2/maven-metadata.xml.sha1
18:46:14.671 [pool-1-thread-7] TRACE f.m.i.core.client.JerseyHttpClient - download: http://central.maven.org/maven2/ant/ant-apache-oro/maven-metadata.xml
18:46:14.671 [pool-1-thread-4] TRACE f.m.indexer.core.download.Crawler - getLinks: <!DOCTYPE html>
<html>

<head>
	<title>Central Repository: ant/ant-apache-regexp/1.6.3</title>
	<meta name="viewport" content="width=device-width, initial-scale=1.0">
	<style>
body {
	background: #fff;
}
	</style>
</head>

<body>
	<header>
		<h1>ant/ant-apache-regexp/1.6.3</h1>
	</header>
	<hr/>
	<main>
		<pre id="contents">
<a href="../">../</a>
<a href="ant-apache-regexp-1.6.3.jar" title="ant-apache-regexp-1.6.3.jar">ant-apache-regexp-1.6.3.jar</a>                       2005-09-20 05:44      3724      
<a href="ant-apache-regexp-1.6.3.jar.md5" title="ant-apache-regexp-1.6.3.jar.md5">ant-apache-regexp-1.6.3.jar.md5</a>                   2005-09-20 05:44        32      
<a href="ant-apache-regexp-1.6.3.jar.sha1" title="ant-apache-regexp-1.6.3.jar.sha1">ant-apache-regexp-1.6.3.jar.sha1</a>                  2005-09-20 05:44        40      
<a href="ant-apache-regexp-1.6.3.pom" title="ant-apache-regexp-1.6.3.pom">ant-apache-regexp-1.6.3.pom</a>                       2005-09-20 05:44       154      
<a href="ant-apache-regexp-1.6.3.pom.md5" title="ant-apache-regexp-1.6.3.pom.md5">ant-apache-regexp-1.6.3.pom.md5</a>                   2005-09-20 05:44        32      
<a href="ant-apache-regexp-1.6.3.pom.sha1" title="ant-apache-regexp-1.6.3.pom.sha1">ant-apache-regexp-1.6.3.pom.sha1</a>                  2005-09-20 05:44        40      
<a href="maven-metadata.xml" title="maven-metadata.xml">maven-metadata.xml</a>                                2005-09-20 05:44       119      
<a href="maven-metadata.xml.md5" title="maven-metadata.xml.md5">maven-metadata.xml.md5</a>                            2005-09-20 05:44        83      
<a href="maven-metadata.xml.sha1" title="maven-metadata.xml.sha1">maven-metadata.xml.sha1</a>                           2005-09-20 05:44       138      
		</pre>
	</main>
	<hr/>
</body>

</html>
18:46:14.671 [pool-1-thread-4] TRACE f.m.indexer.core.download.Crawler - getFullUrl: http://central.maven.org/maven2/ant/ant-apache-regexp/1.6.3/, ../)
18:46:14.671 [pool-1-thread-4] TRACE f.m.indexer.core.download.Crawler - getFullUrl: http://central.maven.org/maven2/ant/ant-apache-regexp/1.6.3/, ant-apache-regexp-1.6.3.jar)
18:46:14.671 [pool-1-thread-4] TRACE f.m.indexer.core.download.Crawler - getFullUrl: http://central.maven.org/maven2/ant/ant-apache-regexp/1.6.3/, ant-apache-regexp-1.6.3.jar.md5)
18:46:14.671 [pool-1-thread-4] TRACE f.m.indexer.core.download.Crawler - getFullUrl: http://central.maven.org/maven2/ant/ant-apache-regexp/1.6.3/, ant-apache-regexp-1.6.3.jar.sha1)
18:46:14.671 [pool-1-thread-4] TRACE f.m.indexer.core.download.Crawler - getFullUrl: http://central.maven.org/maven2/ant/ant-apache-regexp/1.6.3/, ant-apache-regexp-1.6.3.pom)
18:46:14.671 [pool-1-thread-4] TRACE f.m.indexer.core.download.Crawler - getFullUrl: http://central.maven.org/maven2/ant/ant-apache-regexp/1.6.3/, ant-apache-regexp-1.6.3.pom.md5)
18:46:14.671 [pool-1-thread-4] TRACE f.m.indexer.core.download.Crawler - getFullUrl: http://central.maven.org/maven2/ant/ant-apache-regexp/1.6.3/, ant-apache-regexp-1.6.3.pom.sha1)
18:46:14.671 [pool-1-thread-4] TRACE f.m.indexer.core.download.Crawler - getFullUrl: http://central.maven.org/maven2/ant/ant-apache-regexp/1.6.3/, maven-metadata.xml)
18:46:14.671 [pool-1-thread-4] TRACE f.m.indexer.core.download.Crawler - getFullUrl: http://central.maven.org/maven2/ant/ant-apache-regexp/1.6.3/, maven-metadata.xml.md5)
18:46:14.671 [pool-1-thread-4] TRACE f.m.indexer.core.download.Crawler - getFullUrl: http://central.maven.org/maven2/ant/ant-apache-regexp/1.6.3/, maven-metadata.xml.sha1)
18:46:14.671 [pool-1-thread-4] TRACE f.m.indexer.core.download.Crawler - doNext: http://central.maven.org/maven2/ant/ant-apache-regexp/1.6.3/../
18:46:14.671 [pool-1-thread-4] TRACE f.m.indexer.core.download.Crawler - doNext: http://central.maven.org/maven2/ant/ant-apache-regexp/1.6.3/ant-apache-regexp-1.6.3.jar
18:46:14.671 [pool-1-thread-4] TRACE f.m.indexer.core.download.Crawler - doNext: http://central.maven.org/maven2/ant/ant-apache-regexp/1.6.3/ant-apache-regexp-1.6.3.jar.md5
18:46:14.671 [pool-1-thread-4] TRACE f.m.indexer.core.download.Crawler - doNext: http://central.maven.org/maven2/ant/ant-apache-regexp/1.6.3/ant-apache-regexp-1.6.3.jar.sha1
18:46:14.671 [pool-1-thread-4] TRACE f.m.indexer.core.download.Crawler - doNext: http://central.maven.org/maven2/ant/ant-apache-regexp/1.6.3/ant-apache-regexp-1.6.3.pom
18:46:14.671 [pool-1-thread-4] TRACE f.m.indexer.core.download.Crawler - doNext: http://central.maven.org/maven2/ant/ant-apache-regexp/1.6.3/ant-apache-regexp-1.6.3.pom.md5
18:46:14.671 [pool-1-thread-4] TRACE f.m.indexer.core.download.Crawler - doNext: http://central.maven.org/maven2/ant/ant-apache-regexp/1.6.3/ant-apache-regexp-1.6.3.pom.sha1
18:46:14.671 [pool-1-thread-4] TRACE f.m.indexer.core.download.Crawler - doNext: http://central.maven.org/maven2/ant/ant-apache-regexp/1.6.3/maven-metadata.xml
18:46:14.671 [pool-1-thread-4] TRACE f.m.indexer.core.download.Crawler - match: http://central.maven.org/maven2/ant/ant-apache-regexp/1.6.3/maven-metadata.xml
18:46:14.671 [pool-1-thread-4] TRACE f.m.indexer.core.download.Crawler - doNext: http://central.maven.org/maven2/ant/ant-apache-regexp/1.6.3/maven-metadata.xml.md5
18:46:14.671 [pool-1-thread-4] TRACE f.m.indexer.core.download.Crawler - doNext: http://central.maven.org/maven2/ant/ant-apache-regexp/1.6.3/maven-metadata.xml.sha1
18:46:14.671 [pool-1-thread-4] TRACE f.m.i.core.client.JerseyHttpClient - download: http://central.maven.org/maven2/ant/ant-apache-log4j/1.6.2/
18:46:14.671 [pool-1-thread-6] TRACE f.m.indexer.core.download.Crawler - getLinks: <!DOCTYPE html>
<html>

<head>
	<title>Central Repository: ant/ant-apache-resolver/1.6</title>
	<meta name="viewport" content="width=device-width, initial-scale=1.0">
	<style>
body {
	background: #fff;
}
	</style>
</head>

<body>
	<header>
		<h1>ant/ant-apache-resolver/1.6</h1>
	</header>
	<hr/>
	<main>
		<pre id="contents">
<a href="../">../</a>
<a href="ant-apache-resolver-1.6.jar" title="ant-apache-resolver-1.6.jar">ant-apache-resolver-1.6.jar</a>                       2005-09-20 05:44      4102      
<a href="ant-apache-resolver-1.6.jar.md5" title="ant-apache-resolver-1.6.jar.md5">ant-apache-resolver-1.6.jar.md5</a>                   2005-09-20 05:44        32      
<a href="ant-apache-resolver-1.6.jar.sha1" title="ant-apache-resolver-1.6.jar.sha1">ant-apache-resolver-1.6.jar.sha1</a>                  2005-09-20 05:44        40      
<a href="ant-apache-resolver-1.6.pom" title="ant-apache-resolver-1.6.pom">ant-apache-resolver-1.6.pom</a>                       2005-09-20 05:44       154      
<a href="ant-apache-resolver-1.6.pom.md5" title="ant-apache-resolver-1.6.pom.md5">ant-apache-resolver-1.6.pom.md5</a>                   2005-09-20 05:44        32      
<a href="ant-apache-resolver-1.6.pom.sha1" title="ant-apache-resolver-1.6.pom.sha1">ant-apache-resolver-1.6.pom.sha1</a>                  2005-09-20 05:44        40      
<a href="maven-metadata.xml" title="maven-metadata.xml">maven-metadata.xml</a>                                2005-09-20 05:44       119      
<a href="maven-metadata.xml.md5" title="maven-metadata.xml.md5">maven-metadata.xml.md5</a>                            2005-09-20 05:44        83      
<a href="maven-metadata.xml.sha1" title="maven-metadata.xml.sha1">maven-metadata.xml.sha1</a>                           2005-09-20 05:44       138      
		</pre>
	</main>
	<hr/>
</body>

</html>
18:46:14.671 [pool-1-thread-6] TRACE f.m.indexer.core.download.Crawler - getFullUrl: http://central.maven.org/maven2/ant/ant-apache-resolver/1.6/, ../)
18:46:14.671 [pool-1-thread-6] TRACE f.m.indexer.core.download.Crawler - getFullUrl: http://central.maven.org/maven2/ant/ant-apache-resolver/1.6/, ant-apache-resolver-1.6.jar)
18:46:14.671 [pool-1-thread-6] TRACE f.m.indexer.core.download.Crawler - getFullUrl: http://central.maven.org/maven2/ant/ant-apache-resolver/1.6/, ant-apache-resolver-1.6.jar.md5)
18:46:14.671 [pool-1-thread-6] TRACE f.m.indexer.core.download.Crawler - getFullUrl: http://central.maven.org/maven2/ant/ant-apache-resolver/1.6/, ant-apache-resolver-1.6.jar.sha1)
18:46:14.671 [pool-1-thread-6] TRACE f.m.indexer.core.download.Crawler - getFullUrl: http://central.maven.org/maven2/ant/ant-apache-resolver/1.6/, ant-apache-resolver-1.6.pom)
18:46:14.671 [pool-1-thread-6] TRACE f.m.indexer.core.download.Crawler - getFullUrl: http://central.maven.org/maven2/ant/ant-apache-resolver/1.6/, ant-apache-resolver-1.6.pom.md5)
18:46:14.671 [pool-1-thread-6] TRACE f.m.indexer.core.download.Crawler - getFullUrl: http://central.maven.org/maven2/ant/ant-apache-resolver/1.6/, ant-apache-resolver-1.6.pom.sha1)
18:46:14.671 [pool-1-thread-6] TRACE f.m.indexer.core.download.Crawler - getFullUrl: http://central.maven.org/maven2/ant/ant-apache-resolver/1.6/, maven-metadata.xml)
18:46:14.671 [pool-1-thread-6] TRACE f.m.indexer.core.download.Crawler - getFullUrl: http://central.maven.org/maven2/ant/ant-apache-resolver/1.6/, maven-metadata.xml.md5)
18:46:14.671 [pool-1-thread-6] TRACE f.m.indexer.core.download.Crawler - getFullUrl: http://central.maven.org/maven2/ant/ant-apache-resolver/1.6/, maven-metadata.xml.sha1)
18:46:14.671 [pool-1-thread-6] TRACE f.m.indexer.core.download.Crawler - doNext: http://central.maven.org/maven2/ant/ant-apache-resolver/1.6/../
18:46:14.687 [pool-1-thread-6] TRACE f.m.indexer.core.download.Crawler - doNext: http://central.maven.org/maven2/ant/ant-apache-resolver/1.6/ant-apache-resolver-1.6.jar
18:46:14.687 [pool-1-thread-6] TRACE f.m.indexer.core.download.Crawler - doNext: http://central.maven.org/maven2/ant/ant-apache-resolver/1.6/ant-apache-resolver-1.6.jar.md5
18:46:14.687 [pool-1-thread-6] TRACE f.m.indexer.core.download.Crawler - doNext: http://central.maven.org/maven2/ant/ant-apache-resolver/1.6/ant-apache-resolver-1.6.jar.sha1
18:46:14.687 [pool-1-thread-6] TRACE f.m.indexer.core.download.Crawler - doNext: http://central.maven.org/maven2/ant/ant-apache-resolver/1.6/ant-apache-resolver-1.6.pom
18:46:14.687 [pool-1-thread-6] TRACE f.m.indexer.core.download.Crawler - doNext: http://central.maven.org/maven2/ant/ant-apache-resolver/1.6/ant-apache-resolver-1.6.pom.md5
18:46:14.687 [pool-1-thread-6] TRACE f.m.indexer.core.download.Crawler - doNext: http://central.maven.org/maven2/ant/ant-apache-resolver/1.6/ant-apache-resolver-1.6.pom.sha1
18:46:14.687 [pool-1-thread-6] TRACE f.m.indexer.core.download.Crawler - doNext: http://central.maven.org/maven2/ant/ant-apache-resolver/1.6/maven-metadata.xml
18:46:14.687 [pool-1-thread-6] TRACE f.m.indexer.core.download.Crawler - match: http://central.maven.org/maven2/ant/ant-apache-resolver/1.6/maven-metadata.xml
18:46:14.687 [pool-1-thread-6] TRACE f.m.indexer.core.download.Crawler - doNext: http://central.maven.org/maven2/ant/ant-apache-resolver/1.6/maven-metadata.xml.md5
18:46:14.687 [pool-1-thread-6] TRACE f.m.indexer.core.download.Crawler - doNext: http://central.maven.org/maven2/ant/ant-apache-resolver/1.6/maven-metadata.xml.sha1
18:46:14.687 [pool-1-thread-6] TRACE f.m.i.core.client.JerseyHttpClient - download: http://central.maven.org/maven2/ant/ant-apache-log4j/1.6.3/
18:46:14.687 [pool-1-thread-3] TRACE f.m.indexer.core.download.Crawler - getLinks: <!DOCTYPE html>
<html>

<head>
	<title>Central Repository: ant/ant-apache-regexp/1.6.4</title>
	<meta name="viewport" content="width=device-width, initial-scale=1.0">
	<style>
body {
	background: #fff;
}
	</style>
</head>

<body>
	<header>
		<h1>ant/ant-apache-regexp/1.6.4</h1>
	</header>
	<hr/>
	<main>
		<pre id="contents">
<a href="../">../</a>
<a href="ant-apache-regexp-1.6.4.jar" title="ant-apache-regexp-1.6.4.jar">ant-apache-regexp-1.6.4.jar</a>                       2005-09-20 05:44      3724      
<a href="ant-apache-regexp-1.6.4.jar.md5" title="ant-apache-regexp-1.6.4.jar.md5">ant-apache-regexp-1.6.4.jar.md5</a>                   2005-09-20 05:44        32      
<a href="ant-apache-regexp-1.6.4.jar.sha1" title="ant-apache-regexp-1.6.4.jar.sha1">ant-apache-regexp-1.6.4.jar.sha1</a>                  2005-09-20 05:44        40      
<a href="ant-apache-regexp-1.6.4.pom" title="ant-apache-regexp-1.6.4.pom">ant-apache-regexp-1.6.4.pom</a>                       2005-09-20 05:44       154      
<a href="ant-apache-regexp-1.6.4.pom.md5" title="ant-apache-regexp-1.6.4.pom.md5">ant-apache-regexp-1.6.4.pom.md5</a>                   2005-09-20 05:44        32      
<a href="ant-apache-regexp-1.6.4.pom.sha1" title="ant-apache-regexp-1.6.4.pom.sha1">ant-apache-regexp-1.6.4.pom.sha1</a>                  2005-09-20 05:44        40      
<a href="maven-metadata.xml" title="maven-metadata.xml">maven-metadata.xml</a>                                2005-09-20 05:44       119      
<a href="maven-metadata.xml.md5" title="maven-metadata.xml.md5">maven-metadata.xml.md5</a>                            2005-09-20 05:44        83      
<a href="maven-metadata.xml.sha1" title="maven-metadata.xml.sha1">maven-metadata.xml.sha1</a>                           2005-09-20 05:44       138      
		</pre>
	</main>
	<hr/>
</body>

</html>
18:46:14.687 [pool-1-thread-3] TRACE f.m.indexer.core.download.Crawler - getFullUrl: http://central.maven.org/maven2/ant/ant-apache-regexp/1.6.4/, ../)
18:46:14.687 [pool-1-thread-3] TRACE f.m.indexer.core.download.Crawler - getFullUrl: http://central.maven.org/maven2/ant/ant-apache-regexp/1.6.4/, ant-apache-regexp-1.6.4.jar)
18:46:14.687 [pool-1-thread-3] TRACE f.m.indexer.core.download.Crawler - getFullUrl: http://central.maven.org/maven2/ant/ant-apache-regexp/1.6.4/, ant-apache-regexp-1.6.4.jar.md5)
18:46:14.687 [pool-1-thread-3] TRACE f.m.indexer.core.download.Crawler - getFullUrl: http://central.maven.org/maven2/ant/ant-apache-regexp/1.6.4/, ant-apache-regexp-1.6.4.jar.sha1)
18:46:14.687 [pool-1-thread-3] TRACE f.m.indexer.core.download.Crawler - getFullUrl: http://central.maven.org/maven2/ant/ant-apache-regexp/1.6.4/, ant-apache-regexp-1.6.4.pom)
18:46:14.687 [pool-1-thread-3] TRACE f.m.indexer.core.download.Crawler - getFullUrl: http://central.maven.org/maven2/ant/ant-apache-regexp/1.6.4/, ant-apache-regexp-1.6.4.pom.md5)
18:46:14.687 [pool-1-thread-3] TRACE f.m.indexer.core.download.Crawler - getFullUrl: http://central.maven.org/maven2/ant/ant-apache-regexp/1.6.4/, ant-apache-regexp-1.6.4.pom.sha1)
18:46:14.687 [pool-1-thread-3] TRACE f.m.indexer.core.download.Crawler - getFullUrl: http://central.maven.org/maven2/ant/ant-apache-regexp/1.6.4/, maven-metadata.xml)
18:46:14.687 [pool-1-thread-3] TRACE f.m.indexer.core.download.Crawler - getFullUrl: http://central.maven.org/maven2/ant/ant-apache-regexp/1.6.4/, maven-metadata.xml.md5)
18:46:14.687 [pool-1-thread-3] TRACE f.m.indexer.core.download.Crawler - getFullUrl: http://central.maven.org/maven2/ant/ant-apache-regexp/1.6.4/, maven-metadata.xml.sha1)
18:46:14.687 [pool-1-thread-3] TRACE f.m.indexer.core.download.Crawler - doNext: http://central.maven.org/maven2/ant/ant-apache-regexp/1.6.4/../
18:46:14.687 [pool-1-thread-3] TRACE f.m.indexer.core.download.Crawler - doNext: http://central.maven.org/maven2/ant/ant-apache-regexp/1.6.4/ant-apache-regexp-1.6.4.jar
18:46:14.687 [pool-1-thread-3] TRACE f.m.indexer.core.download.Crawler - doNext: http://central.maven.org/maven2/ant/ant-apache-regexp/1.6.4/ant-apache-regexp-1.6.4.jar.md5
18:46:14.687 [pool-1-thread-3] TRACE f.m.indexer.core.download.Crawler - doNext: http://central.maven.org/maven2/ant/ant-apache-regexp/1.6.4/ant-apache-regexp-1.6.4.jar.sha1
18:46:14.687 [pool-1-thread-3] TRACE f.m.indexer.core.download.Crawler - doNext: http://central.maven.org/maven2/ant/ant-apache-regexp/1.6.4/ant-apache-regexp-1.6.4.pom
18:46:14.687 [pool-1-thread-3] TRACE f.m.indexer.core.download.Crawler - doNext: http://central.maven.org/maven2/ant/ant-apache-regexp/1.6.4/ant-apache-regexp-1.6.4.pom.md5
18:46:14.687 [pool-1-thread-3] TRACE f.m.indexer.core.download.Crawler - doNext: http://central.maven.org/maven2/ant/ant-apache-regexp/1.6.4/ant-apache-regexp-1.6.4.pom.sha1
18:46:14.687 [pool-1-thread-3] TRACE f.m.indexer.core.download.Crawler - doNext: http://central.maven.org/maven2/ant/ant-apache-regexp/1.6.4/maven-metadata.xml
18:46:14.687 [pool-1-thread-3] TRACE f.m.indexer.core.download.Crawler - match: http://central.maven.org/maven2/ant/ant-apache-regexp/1.6.4/maven-metadata.xml
18:46:14.687 [pool-1-thread-3] TRACE f.m.indexer.core.download.Crawler - doNext: http://central.maven.org/maven2/ant/ant-apache-regexp/1.6.4/maven-metadata.xml.md5
18:46:14.687 [pool-1-thread-3] TRACE f.m.indexer.core.download.Crawler - doNext: http://central.maven.org/maven2/ant/ant-apache-regexp/1.6.4/maven-metadata.xml.sha1
18:46:14.687 [pool-1-thread-3] TRACE f.m.i.core.client.JerseyHttpClient - download: http://central.maven.org/maven2/ant/ant-apache-log4j/1.6.4/
18:46:14.703 [pool-1-thread-1] TRACE f.m.indexer.core.download.Crawler - getLinks: <!DOCTYPE html>
<html>

<head>
	<title>Central Repository: ant/ant-apache-regexp/1.6.5</title>
	<meta name="viewport" content="width=device-width, initial-scale=1.0">
	<style>
body {
	background: #fff;
}
	</style>
</head>

<body>
	<header>
		<h1>ant/ant-apache-regexp/1.6.5</h1>
	</header>
	<hr/>
	<main>
		<pre id="contents">
<a href="../">../</a>
<a href="ant-apache-regexp-1.6.5.jar" title="ant-apache-regexp-1.6.5.jar">ant-apache-regexp-1.6.5.jar</a>                       2005-09-20 05:44      3724      
<a href="ant-apache-regexp-1.6.5.jar.md5" title="ant-apache-regexp-1.6.5.jar.md5">ant-apache-regexp-1.6.5.jar.md5</a>                   2005-09-20 05:44        32      
<a href="ant-apache-regexp-1.6.5.jar.sha1" title="ant-apache-regexp-1.6.5.jar.sha1">ant-apache-regexp-1.6.5.jar.sha1</a>                  2005-09-20 05:44        40      
<a href="ant-apache-regexp-1.6.5.pom" title="ant-apache-regexp-1.6.5.pom">ant-apache-regexp-1.6.5.pom</a>                       2005-09-20 05:44       154      
<a href="ant-apache-regexp-1.6.5.pom.md5" title="ant-apache-regexp-1.6.5.pom.md5">ant-apache-regexp-1.6.5.pom.md5</a>                   2005-09-20 05:44        32      
<a href="ant-apache-regexp-1.6.5.pom.sha1" title="ant-apache-regexp-1.6.5.pom.sha1">ant-apache-regexp-1.6.5.pom.sha1</a>                  2005-09-20 05:44        40      
<a href="maven-metadata.xml" title="maven-metadata.xml">maven-metadata.xml</a>                                2005-09-20 05:44       119      
<a href="maven-metadata.xml.md5" title="maven-metadata.xml.md5">maven-metadata.xml.md5</a>                            2005-09-20 05:44        83      
<a href="maven-metadata.xml.sha1" title="maven-metadata.xml.sha1">maven-metadata.xml.sha1</a>                           2005-09-20 05:44       138      
		</pre>
	</main>
	<hr/>
</body>

</html>
18:46:14.703 [pool-1-thread-1] TRACE f.m.indexer.core.download.Crawler - getFullUrl: http://central.maven.org/maven2/ant/ant-apache-regexp/1.6.5/, ../)
18:46:14.703 [pool-1-thread-1] TRACE f.m.indexer.core.download.Crawler - getFullUrl: http://central.maven.org/maven2/ant/ant-apache-regexp/1.6.5/, ant-apache-regexp-1.6.5.jar)
18:46:14.703 [pool-1-thread-1] TRACE f.m.indexer.core.download.Crawler - getFullUrl: http://central.maven.org/maven2/ant/ant-apache-regexp/1.6.5/, ant-apache-regexp-1.6.5.jar.md5)
18:46:14.703 [pool-1-thread-1] TRACE f.m.indexer.core.download.Crawler - getFullUrl: http://central.maven.org/maven2/ant/ant-apache-regexp/1.6.5/, ant-apache-regexp-1.6.5.jar.sha1)
18:46:14.703 [pool-1-thread-1] TRACE f.m.indexer.core.download.Crawler - getFullUrl: http://central.maven.org/maven2/ant/ant-apache-regexp/1.6.5/, ant-apache-regexp-1.6.5.pom)
18:46:14.703 [pool-1-thread-1] TRACE f.m.indexer.core.download.Crawler - getFullUrl: http://central.maven.org/maven2/ant/ant-apache-regexp/1.6.5/, ant-apache-regexp-1.6.5.pom.md5)
18:46:14.703 [pool-1-thread-1] TRACE f.m.indexer.core.download.Crawler - getFullUrl: http://central.maven.org/maven2/ant/ant-apache-regexp/1.6.5/, ant-apache-regexp-1.6.5.pom.sha1)
18:46:14.703 [pool-1-thread-1] TRACE f.m.indexer.core.download.Crawler - getFullUrl: http://central.maven.org/maven2/ant/ant-apache-regexp/1.6.5/, maven-metadata.xml)
18:46:14.704 [pool-1-thread-1] TRACE f.m.indexer.core.download.Crawler - getFullUrl: http://central.maven.org/maven2/ant/ant-apache-regexp/1.6.5/, maven-metadata.xml.md5)
18:46:14.704 [pool-1-thread-1] TRACE f.m.indexer.core.download.Crawler - getFullUrl: http://central.maven.org/maven2/ant/ant-apache-regexp/1.6.5/, maven-metadata.xml.sha1)
18:46:14.704 [pool-1-thread-1] TRACE f.m.indexer.core.download.Crawler - doNext: http://central.maven.org/maven2/ant/ant-apache-regexp/1.6.5/../
18:46:14.704 [pool-1-thread-1] TRACE f.m.indexer.core.download.Crawler - doNext: http://central.maven.org/maven2/ant/ant-apache-regexp/1.6.5/ant-apache-regexp-1.6.5.jar
18:46:14.704 [pool-1-thread-1] TRACE f.m.indexer.core.download.Crawler - doNext: http://central.maven.org/maven2/ant/ant-apache-regexp/1.6.5/ant-apache-regexp-1.6.5.jar.md5
18:46:14.704 [pool-1-thread-1] TRACE f.m.indexer.core.download.Crawler - doNext: http://central.maven.org/maven2/ant/ant-apache-regexp/1.6.5/ant-apache-regexp-1.6.5.jar.sha1
18:46:14.704 [pool-1-thread-1] TRACE f.m.indexer.core.download.Crawler - doNext: http://central.maven.org/maven2/ant/ant-apache-regexp/1.6.5/ant-apache-regexp-1.6.5.pom
18:46:14.704 [pool-1-thread-1] TRACE f.m.indexer.core.download.Crawler - doNext: http://central.maven.org/maven2/ant/ant-apache-regexp/1.6.5/ant-apache-regexp-1.6.5.pom.md5
18:46:14.704 [pool-1-thread-1] TRACE f.m.indexer.core.download.Crawler - doNext: http://central.maven.org/maven2/ant/ant-apache-regexp/1.6.5/ant-apache-regexp-1.6.5.pom.sha1
18:46:14.704 [pool-1-thread-1] TRACE f.m.indexer.core.download.Crawler - doNext: http://central.maven.org/maven2/ant/ant-apache-regexp/1.6.5/maven-metadata.xml
18:46:14.704 [pool-1-thread-1] TRACE f.m.indexer.core.download.Crawler - match: http://central.maven.org/maven2/ant/ant-apache-regexp/1.6.5/maven-metadata.xml
18:46:14.704 [pool-1-thread-1] TRACE f.m.indexer.core.download.Crawler - doNext: http://central.maven.org/maven2/ant/ant-apache-regexp/1.6.5/maven-metadata.xml.md5
18:46:14.704 [pool-1-thread-1] TRACE f.m.indexer.core.download.Crawler - doNext: http://central.maven.org/maven2/ant/ant-apache-regexp/1.6.5/maven-metadata.xml.sha1
18:46:14.704 [pool-1-thread-1] TRACE f.m.i.core.client.JerseyHttpClient - download: http://central.maven.org/maven2/ant/ant-apache-log4j/1.6.5/
18:46:14.708 [pool-1-thread-9] TRACE f.m.indexer.artifact.MetadataHandler - match: http://central.maven.org/maven2/ant/ant-apache-regexp/maven-metadata.xml
18:46:14.714 [pool-1-thread-9] TRACE f.m.i.core.client.JerseyHttpClient - download: http://central.maven.org/maven2/ant/ant-apache-log4j/maven-metadata.xml
18:46:14.726 [pool-1-thread-5] TRACE f.m.indexer.core.download.Crawler - getLinks: <!DOCTYPE html>
<html>

<head>
	<title>Central Repository: ant/ant-apache-oro/1.6.2</title>
	<meta name="viewport" content="width=device-width, initial-scale=1.0">
	<style>
body {
	background: #fff;
}
	</style>
</head>

<body>
	<header>
		<h1>ant/ant-apache-oro/1.6.2</h1>
	</header>
	<hr/>
	<main>
		<pre id="contents">
<a href="../">../</a>
<a href="ant-apache-oro-1.6.2.jar" title="ant-apache-oro-1.6.2.jar">ant-apache-oro-1.6.2.jar</a>                          2005-09-20 05:44     48015      
<a href="ant-apache-oro-1.6.2.jar.md5" title="ant-apache-oro-1.6.2.jar.md5">ant-apache-oro-1.6.2.jar.md5</a>                      2005-09-20 05:44        32      
<a href="ant-apache-oro-1.6.2.jar.sha1" title="ant-apache-oro-1.6.2.jar.sha1">ant-apache-oro-1.6.2.jar.sha1</a>                     2005-09-20 05:44        40      
<a href="ant-apache-oro-1.6.2.pom" title="ant-apache-oro-1.6.2.pom">ant-apache-oro-1.6.2.pom</a>                          2005-09-20 05:44       151      
<a href="ant-apache-oro-1.6.2.pom.md5" title="ant-apache-oro-1.6.2.pom.md5">ant-apache-oro-1.6.2.pom.md5</a>                      2005-09-20 05:44        32      
<a href="ant-apache-oro-1.6.2.pom.sha1" title="ant-apache-oro-1.6.2.pom.sha1">ant-apache-oro-1.6.2.pom.sha1</a>                     2005-09-20 05:44        40      
<a href="maven-metadata.xml" title="maven-metadata.xml">maven-metadata.xml</a>                                2005-09-20 05:44       116      
<a href="maven-metadata.xml.md5" title="maven-metadata.xml.md5">maven-metadata.xml.md5</a>                            2005-09-20 05:44        80      
<a href="maven-metadata.xml.sha1" title="maven-metadata.xml.sha1">maven-metadata.xml.sha1</a>                           2005-09-20 05:44       135      
		</pre>
	</main>
	<hr/>
</body>

</html>
18:46:14.726 [pool-1-thread-5] TRACE f.m.indexer.core.download.Crawler - getFullUrl: http://central.maven.org/maven2/ant/ant-apache-oro/1.6.2/, ../)
18:46:14.726 [pool-1-thread-5] TRACE f.m.indexer.core.download.Crawler - getFullUrl: http://central.maven.org/maven2/ant/ant-apache-oro/1.6.2/, ant-apache-oro-1.6.2.jar)
18:46:14.726 [pool-1-thread-5] TRACE f.m.indexer.core.download.Crawler - getFullUrl: http://central.maven.org/maven2/ant/ant-apache-oro/1.6.2/, ant-apache-oro-1.6.2.jar.md5)
18:46:14.726 [pool-1-thread-5] TRACE f.m.indexer.core.download.Crawler - getFullUrl: http://central.maven.org/maven2/ant/ant-apache-oro/1.6.2/, ant-apache-oro-1.6.2.jar.sha1)
18:46:14.726 [pool-1-thread-5] TRACE f.m.indexer.core.download.Crawler - getFullUrl: http://central.maven.org/maven2/ant/ant-apache-oro/1.6.2/, ant-apache-oro-1.6.2.pom)
18:46:14.726 [pool-1-thread-5] TRACE f.m.indexer.core.download.Crawler - getFullUrl: http://central.maven.org/maven2/ant/ant-apache-oro/1.6.2/, ant-apache-oro-1.6.2.pom.md5)
18:46:14.726 [pool-1-thread-5] TRACE f.m.indexer.core.download.Crawler - getFullUrl: http://central.maven.org/maven2/ant/ant-apache-oro/1.6.2/, ant-apache-oro-1.6.2.pom.sha1)
18:46:14.726 [pool-1-thread-5] TRACE f.m.indexer.core.download.Crawler - getFullUrl: http://central.maven.org/maven2/ant/ant-apache-oro/1.6.2/, maven-metadata.xml)
18:46:14.726 [pool-1-thread-5] TRACE f.m.indexer.core.download.Crawler - getFullUrl: http://central.maven.org/maven2/ant/ant-apache-oro/1.6.2/, maven-metadata.xml.md5)
18:46:14.726 [pool-1-thread-5] TRACE f.m.indexer.core.download.Crawler - getFullUrl: http://central.maven.org/maven2/ant/ant-apache-oro/1.6.2/, maven-metadata.xml.sha1)
18:46:14.726 [pool-1-thread-5] TRACE f.m.indexer.core.download.Crawler - doNext: http://central.maven.org/maven2/ant/ant-apache-oro/1.6.2/../
18:46:14.726 [pool-1-thread-5] TRACE f.m.indexer.core.download.Crawler - doNext: http://central.maven.org/maven2/ant/ant-apache-oro/1.6.2/ant-apache-oro-1.6.2.jar
18:46:14.726 [pool-1-thread-5] TRACE f.m.indexer.core.download.Crawler - doNext: http://central.maven.org/maven2/ant/ant-apache-oro/1.6.2/ant-apache-oro-1.6.2.jar.md5
18:46:14.726 [pool-1-thread-5] TRACE f.m.indexer.core.download.Crawler - doNext: http://central.maven.org/maven2/ant/ant-apache-oro/1.6.2/ant-apache-oro-1.6.2.jar.sha1
18:46:14.726 [pool-1-thread-5] TRACE f.m.indexer.core.download.Crawler - doNext: http://central.maven.org/maven2/ant/ant-apache-oro/1.6.2/ant-apache-oro-1.6.2.pom
18:46:14.726 [pool-1-thread-5] TRACE f.m.indexer.core.download.Crawler - doNext: http://central.maven.org/maven2/ant/ant-apache-oro/1.6.2/ant-apache-oro-1.6.2.pom.md5
18:46:14.726 [pool-1-thread-5] TRACE f.m.indexer.core.download.Crawler - doNext: http://central.maven.org/maven2/ant/ant-apache-oro/1.6.2/ant-apache-oro-1.6.2.pom.sha1
18:46:14.726 [pool-1-thread-5] TRACE f.m.indexer.core.download.Crawler - doNext: http://central.maven.org/maven2/ant/ant-apache-oro/1.6.2/maven-metadata.xml
18:46:14.726 [pool-1-thread-5] TRACE f.m.indexer.core.download.Crawler - match: http://central.maven.org/maven2/ant/ant-apache-oro/1.6.2/maven-metadata.xml
18:46:14.726 [pool-1-thread-5] TRACE f.m.indexer.core.download.Crawler - doNext: http://central.maven.org/maven2/ant/ant-apache-oro/1.6.2/maven-metadata.xml.md5
18:46:14.726 [pool-1-thread-5] TRACE f.m.indexer.core.download.Crawler - doNext: http://central.maven.org/maven2/ant/ant-apache-oro/1.6.2/maven-metadata.xml.sha1
18:46:14.726 [pool-1-thread-5] TRACE f.m.i.core.client.JerseyHttpClient - download: http://central.maven.org/maven2/ant/ant-apache-bsf/1.6/
18:46:14.726 [pool-1-thread-8] TRACE f.m.indexer.core.download.Crawler - getLinks: <!DOCTYPE html>
<html>

<head>
	<title>Central Repository: ant/ant-apache-oro/1.6.3</title>
	<meta name="viewport" content="width=device-width, initial-scale=1.0">
	<style>
body {
	background: #fff;
}
	</style>
</head>

<body>
	<header>
		<h1>ant/ant-apache-oro/1.6.3</h1>
	</header>
	<hr/>
	<main>
		<pre id="contents">
<a href="../">../</a>
<a href="ant-apache-oro-1.6.3.jar" title="ant-apache-oro-1.6.3.jar">ant-apache-oro-1.6.3.jar</a>                          2005-09-20 05:44     48034      
<a href="ant-apache-oro-1.6.3.jar.md5" title="ant-apache-oro-1.6.3.jar.md5">ant-apache-oro-1.6.3.jar.md5</a>                      2005-09-20 05:44        32      
<a href="ant-apache-oro-1.6.3.jar.sha1" title="ant-apache-oro-1.6.3.jar.sha1">ant-apache-oro-1.6.3.jar.sha1</a>                     2005-09-20 05:44        40      
<a href="ant-apache-oro-1.6.3.pom" title="ant-apache-oro-1.6.3.pom">ant-apache-oro-1.6.3.pom</a>                          2005-09-20 05:44       151      
<a href="ant-apache-oro-1.6.3.pom.md5" title="ant-apache-oro-1.6.3.pom.md5">ant-apache-oro-1.6.3.pom.md5</a>                      2005-09-20 05:44        32      
<a href="ant-apache-oro-1.6.3.pom.sha1" title="ant-apache-oro-1.6.3.pom.sha1">ant-apache-oro-1.6.3.pom.sha1</a>                     2005-09-20 05:44        40      
<a href="maven-metadata.xml" title="maven-metadata.xml">maven-metadata.xml</a>                                2005-09-20 05:44       116      
<a href="maven-metadata.xml.md5" title="maven-metadata.xml.md5">maven-metadata.xml.md5</a>                            2005-09-20 05:44        80      
<a href="maven-metadata.xml.sha1" title="maven-metadata.xml.sha1">maven-metadata.xml.sha1</a>                           2005-09-20 05:44       135      
		</pre>
	</main>
	<hr/>
</body>

</html>
18:46:14.726 [pool-1-thread-8] TRACE f.m.indexer.core.download.Crawler - getFullUrl: http://central.maven.org/maven2/ant/ant-apache-oro/1.6.3/, ../)
18:46:14.726 [pool-1-thread-8] TRACE f.m.indexer.core.download.Crawler - getFullUrl: http://central.maven.org/maven2/ant/ant-apache-oro/1.6.3/, ant-apache-oro-1.6.3.jar)
18:46:14.726 [pool-1-thread-8] TRACE f.m.indexer.core.download.Crawler - getFullUrl: http://central.maven.org/maven2/ant/ant-apache-oro/1.6.3/, ant-apache-oro-1.6.3.jar.md5)
18:46:14.726 [pool-1-thread-8] TRACE f.m.indexer.core.download.Crawler - getFullUrl: http://central.maven.org/maven2/ant/ant-apache-oro/1.6.3/, ant-apache-oro-1.6.3.jar.sha1)
18:46:14.726 [pool-1-thread-8] TRACE f.m.indexer.core.download.Crawler - getFullUrl: http://central.maven.org/maven2/ant/ant-apache-oro/1.6.3/, ant-apache-oro-1.6.3.pom)
18:46:14.726 [pool-1-thread-8] TRACE f.m.indexer.core.download.Crawler - getFullUrl: http://central.maven.org/maven2/ant/ant-apache-oro/1.6.3/, ant-apache-oro-1.6.3.pom.md5)
18:46:14.726 [pool-1-thread-8] TRACE f.m.indexer.core.download.Crawler - getFullUrl: http://central.maven.org/maven2/ant/ant-apache-oro/1.6.3/, ant-apache-oro-1.6.3.pom.sha1)
18:46:14.726 [pool-1-thread-8] TRACE f.m.indexer.core.download.Crawler - getFullUrl: http://central.maven.org/maven2/ant/ant-apache-oro/1.6.3/, maven-metadata.xml)
18:46:14.726 [pool-1-thread-8] TRACE f.m.indexer.core.download.Crawler - getFullUrl: http://central.maven.org/maven2/ant/ant-apache-oro/1.6.3/, maven-metadata.xml.md5)
18:46:14.726 [pool-1-thread-8] TRACE f.m.indexer.core.download.Crawler - getFullUrl: http://central.maven.org/maven2/ant/ant-apache-oro/1.6.3/, maven-metadata.xml.sha1)
18:46:14.726 [pool-1-thread-8] TRACE f.m.indexer.core.download.Crawler - doNext: http://central.maven.org/maven2/ant/ant-apache-oro/1.6.3/../
18:46:14.726 [pool-1-thread-8] TRACE f.m.indexer.core.download.Crawler - doNext: http://central.maven.org/maven2/ant/ant-apache-oro/1.6.3/ant-apache-oro-1.6.3.jar
18:46:14.726 [pool-1-thread-8] TRACE f.m.indexer.core.download.Crawler - doNext: http://central.maven.org/maven2/ant/ant-apache-oro/1.6.3/ant-apache-oro-1.6.3.jar.md5
18:46:14.726 [pool-1-thread-8] TRACE f.m.indexer.core.download.Crawler - doNext: http://central.maven.org/maven2/ant/ant-apache-oro/1.6.3/ant-apache-oro-1.6.3.jar.sha1
18:46:14.726 [pool-1-thread-8] TRACE f.m.indexer.core.download.Crawler - doNext: http://central.maven.org/maven2/ant/ant-apache-oro/1.6.3/ant-apache-oro-1.6.3.pom
18:46:14.726 [pool-1-thread-8] TRACE f.m.indexer.core.download.Crawler - doNext: http://central.maven.org/maven2/ant/ant-apache-oro/1.6.3/ant-apache-oro-1.6.3.pom.md5
18:46:14.726 [pool-1-thread-8] TRACE f.m.indexer.core.download.Crawler - doNext: http://central.maven.org/maven2/ant/ant-apache-oro/1.6.3/ant-apache-oro-1.6.3.pom.sha1
18:46:14.726 [pool-1-thread-8] TRACE f.m.indexer.core.download.Crawler - doNext: http://central.maven.org/maven2/ant/ant-apache-oro/1.6.3/maven-metadata.xml
18:46:14.726 [pool-1-thread-8] TRACE f.m.indexer.core.download.Crawler - match: http://central.maven.org/maven2/ant/ant-apache-oro/1.6.3/maven-metadata.xml
18:46:14.726 [pool-1-thread-8] TRACE f.m.indexer.core.download.Crawler - doNext: http://central.maven.org/maven2/ant/ant-apache-oro/1.6.3/maven-metadata.xml.md5
18:46:14.726 [pool-1-thread-8] TRACE f.m.indexer.core.download.Crawler - doNext: http://central.maven.org/maven2/ant/ant-apache-oro/1.6.3/maven-metadata.xml.sha1
18:46:14.726 [pool-1-thread-8] TRACE f.m.i.core.client.JerseyHttpClient - download: http://central.maven.org/maven2/ant/ant-apache-bsf/1.6.1/
18:46:14.726 [pool-1-thread-2] TRACE f.m.indexer.core.download.Crawler - getLinks: <!DOCTYPE html>
<html>

<head>
	<title>Central Repository: ant/ant-apache-oro/1.6.5</title>
	<meta name="viewport" content="width=device-width, initial-scale=1.0">
	<style>
body {
	background: #fff;
}
	</style>
</head>

<body>
	<header>
		<h1>ant/ant-apache-oro/1.6.5</h1>
	</header>
	<hr/>
	<main>
		<pre id="contents">
<a href="../">../</a>
<a href="ant-apache-oro-1.6.5.jar" title="ant-apache-oro-1.6.5.jar">ant-apache-oro-1.6.5.jar</a>                          2005-09-20 05:44     48034      
<a href="ant-apache-oro-1.6.5.jar.md5" title="ant-apache-oro-1.6.5.jar.md5">ant-apache-oro-1.6.5.jar.md5</a>                      2005-09-20 05:44        32      
<a href="ant-apache-oro-1.6.5.jar.sha1" title="ant-apache-oro-1.6.5.jar.sha1">ant-apache-oro-1.6.5.jar.sha1</a>                     2005-09-20 05:44        40      
<a href="ant-apache-oro-1.6.5.pom" title="ant-apache-oro-1.6.5.pom">ant-apache-oro-1.6.5.pom</a>                          2005-09-20 05:44       151      
<a href="ant-apache-oro-1.6.5.pom.md5" title="ant-apache-oro-1.6.5.pom.md5">ant-apache-oro-1.6.5.pom.md5</a>                      2005-09-20 05:44        32      
<a href="ant-apache-oro-1.6.5.pom.sha1" title="ant-apache-oro-1.6.5.pom.sha1">ant-apache-oro-1.6.5.pom.sha1</a>                     2005-09-20 05:44        40      
<a href="maven-metadata.xml" title="maven-metadata.xml">maven-metadata.xml</a>                                2005-09-20 05:44       116      
<a href="maven-metadata.xml.md5" title="maven-metadata.xml.md5">maven-metadata.xml.md5</a>                            2005-09-20 05:44        80      
<a href="maven-metadata.xml.sha1" title="maven-metadata.xml.sha1">maven-metadata.xml.sha1</a>                           2005-09-20 05:44       135      
		</pre>
	</main>
	<hr/>
</body>

</html>
18:46:14.726 [pool-1-thread-2] TRACE f.m.indexer.core.download.Crawler - getFullUrl: http://central.maven.org/maven2/ant/ant-apache-oro/1.6.5/, ../)
18:46:14.726 [pool-1-thread-2] TRACE f.m.indexer.core.download.Crawler - getFullUrl: http://central.maven.org/maven2/ant/ant-apache-oro/1.6.5/, ant-apache-oro-1.6.5.jar)
18:46:14.726 [pool-1-thread-2] TRACE f.m.indexer.core.download.Crawler - getFullUrl: http://central.maven.org/maven2/ant/ant-apache-oro/1.6.5/, ant-apache-oro-1.6.5.jar.md5)
18:46:14.726 [pool-1-thread-2] TRACE f.m.indexer.core.download.Crawler - getFullUrl: http://central.maven.org/maven2/ant/ant-apache-oro/1.6.5/, ant-apache-oro-1.6.5.jar.sha1)
18:46:14.726 [pool-1-thread-2] TRACE f.m.indexer.core.download.Crawler - getFullUrl: http://central.maven.org/maven2/ant/ant-apache-oro/1.6.5/, ant-apache-oro-1.6.5.pom)
18:46:14.726 [pool-1-thread-2] TRACE f.m.indexer.core.download.Crawler - getFullUrl: http://central.maven.org/maven2/ant/ant-apache-oro/1.6.5/, ant-apache-oro-1.6.5.pom.md5)
18:46:14.742 [pool-1-thread-2] TRACE f.m.indexer.core.download.Crawler - getFullUrl: http://central.maven.org/maven2/ant/ant-apache-oro/1.6.5/, ant-apache-oro-1.6.5.pom.sha1)
18:46:14.742 [pool-1-thread-2] TRACE f.m.indexer.core.download.Crawler - getFullUrl: http://central.maven.org/maven2/ant/ant-apache-oro/1.6.5/, maven-metadata.xml)
18:46:14.742 [pool-1-thread-2] TRACE f.m.indexer.core.download.Crawler - getFullUrl: http://central.maven.org/maven2/ant/ant-apache-oro/1.6.5/, maven-metadata.xml.md5)
18:46:14.742 [pool-1-thread-2] TRACE f.m.indexer.core.download.Crawler - getFullUrl: http://central.maven.org/maven2/ant/ant-apache-oro/1.6.5/, maven-metadata.xml.sha1)
18:46:14.742 [pool-1-thread-2] TRACE f.m.indexer.core.download.Crawler - doNext: http://central.maven.org/maven2/ant/ant-apache-oro/1.6.5/../
18:46:14.742 [pool-1-thread-2] TRACE f.m.indexer.core.download.Crawler - doNext: http://central.maven.org/maven2/ant/ant-apache-oro/1.6.5/ant-apache-oro-1.6.5.jar
18:46:14.742 [pool-1-thread-2] TRACE f.m.indexer.core.download.Crawler - doNext: http://central.maven.org/maven2/ant/ant-apache-oro/1.6.5/ant-apache-oro-1.6.5.jar.md5
18:46:14.742 [pool-1-thread-2] TRACE f.m.indexer.core.download.Crawler - doNext: http://central.maven.org/maven2/ant/ant-apache-oro/1.6.5/ant-apache-oro-1.6.5.jar.sha1
18:46:14.742 [pool-1-thread-2] TRACE f.m.indexer.core.download.Crawler - doNext: http://central.maven.org/maven2/ant/ant-apache-oro/1.6.5/ant-apache-oro-1.6.5.pom
18:46:14.742 [pool-1-thread-2] TRACE f.m.indexer.core.download.Crawler - doNext: http://central.maven.org/maven2/ant/ant-apache-oro/1.6.5/ant-apache-oro-1.6.5.pom.md5
18:46:14.742 [pool-1-thread-2] TRACE f.m.indexer.core.download.Crawler - doNext: http://central.maven.org/maven2/ant/ant-apache-oro/1.6.5/ant-apache-oro-1.6.5.pom.sha1
18:46:14.742 [pool-1-thread-2] TRACE f.m.indexer.core.download.Crawler - doNext: http://central.maven.org/maven2/ant/ant-apache-oro/1.6.5/maven-metadata.xml
18:46:14.742 [pool-1-thread-2] TRACE f.m.indexer.core.download.Crawler - match: http://central.maven.org/maven2/ant/ant-apache-oro/1.6.5/maven-metadata.xml
18:46:14.742 [pool-1-thread-2] TRACE f.m.indexer.core.download.Crawler - doNext: http://central.maven.org/maven2/ant/ant-apache-oro/1.6.5/maven-metadata.xml.md5
18:46:14.742 [pool-1-thread-2] TRACE f.m.indexer.core.download.Crawler - doNext: http://central.maven.org/maven2/ant/ant-apache-oro/1.6.5/maven-metadata.xml.sha1
18:46:14.742 [pool-1-thread-2] TRACE f.m.i.core.client.JerseyHttpClient - download: http://central.maven.org/maven2/ant/ant-apache-bsf/1.6.2/
18:46:14.742 [pool-1-thread-10] TRACE f.m.indexer.core.download.Crawler - getLinks: <!DOCTYPE html>
<html>

<head>
	<title>Central Repository: ant/ant-apache-oro/1.6.4</title>
	<meta name="viewport" content="width=device-width, initial-scale=1.0">
	<style>
body {
	background: #fff;
}
	</style>
</head>

<body>
	<header>
		<h1>ant/ant-apache-oro/1.6.4</h1>
	</header>
	<hr/>
	<main>
		<pre id="contents">
<a href="../">../</a>
<a href="ant-apache-oro-1.6.4.jar" title="ant-apache-oro-1.6.4.jar">ant-apache-oro-1.6.4.jar</a>                          2005-09-20 05:44     48034      
<a href="ant-apache-oro-1.6.4.jar.md5" title="ant-apache-oro-1.6.4.jar.md5">ant-apache-oro-1.6.4.jar.md5</a>                      2005-09-20 05:44        32      
<a href="ant-apache-oro-1.6.4.jar.sha1" title="ant-apache-oro-1.6.4.jar.sha1">ant-apache-oro-1.6.4.jar.sha1</a>                     2005-09-20 05:44        40      
<a href="ant-apache-oro-1.6.4.pom" title="ant-apache-oro-1.6.4.pom">ant-apache-oro-1.6.4.pom</a>                          2005-09-20 05:44       151      
<a href="ant-apache-oro-1.6.4.pom.md5" title="ant-apache-oro-1.6.4.pom.md5">ant-apache-oro-1.6.4.pom.md5</a>                      2005-09-20 05:44        32      
<a href="ant-apache-oro-1.6.4.pom.sha1" title="ant-apache-oro-1.6.4.pom.sha1">ant-apache-oro-1.6.4.pom.sha1</a>                     2005-09-20 05:44        40      
<a href="maven-metadata.xml" title="maven-metadata.xml">maven-metadata.xml</a>                                2005-09-20 05:44       116      
<a href="maven-metadata.xml.md5" title="maven-metadata.xml.md5">maven-metadata.xml.md5</a>                            2005-09-20 05:44        80      
<a href="maven-metadata.xml.sha1" title="maven-metadata.xml.sha1">maven-metadata.xml.sha1</a>                           2005-09-20 05:44       135      
		</pre>
	</main>
	<hr/>
</body>

</html>
18:46:14.742 [pool-1-thread-10] TRACE f.m.indexer.core.download.Crawler - getFullUrl: http://central.maven.org/maven2/ant/ant-apache-oro/1.6.4/, ../)
18:46:14.742 [pool-1-thread-10] TRACE f.m.indexer.core.download.Crawler - getFullUrl: http://central.maven.org/maven2/ant/ant-apache-oro/1.6.4/, ant-apache-oro-1.6.4.jar)
18:46:14.742 [pool-1-thread-10] TRACE f.m.indexer.core.download.Crawler - getFullUrl: http://central.maven.org/maven2/ant/ant-apache-oro/1.6.4/, ant-apache-oro-1.6.4.jar.md5)
18:46:14.742 [pool-1-thread-10] TRACE f.m.indexer.core.download.Crawler - getFullUrl: http://central.maven.org/maven2/ant/ant-apache-oro/1.6.4/, ant-apache-oro-1.6.4.jar.sha1)
18:46:14.742 [pool-1-thread-10] TRACE f.m.indexer.core.download.Crawler - getFullUrl: http://central.maven.org/maven2/ant/ant-apache-oro/1.6.4/, ant-apache-oro-1.6.4.pom)
18:46:14.742 [pool-1-thread-10] TRACE f.m.indexer.core.download.Crawler - getFullUrl: http://central.maven.org/maven2/ant/ant-apache-oro/1.6.4/, ant-apache-oro-1.6.4.pom.md5)
18:46:14.742 [pool-1-thread-10] TRACE f.m.indexer.core.download.Crawler - getFullUrl: http://central.maven.org/maven2/ant/ant-apache-oro/1.6.4/, ant-apache-oro-1.6.4.pom.sha1)
18:46:14.742 [pool-1-thread-10] TRACE f.m.indexer.core.download.Crawler - getFullUrl: http://central.maven.org/maven2/ant/ant-apache-oro/1.6.4/, maven-metadata.xml)
18:46:14.742 [pool-1-thread-10] TRACE f.m.indexer.core.download.Crawler - getFullUrl: http://central.maven.org/maven2/ant/ant-apache-oro/1.6.4/, maven-metadata.xml.md5)
18:46:14.742 [pool-1-thread-10] TRACE f.m.indexer.core.download.Crawler - getFullUrl: http://central.maven.org/maven2/ant/ant-apache-oro/1.6.4/, maven-metadata.xml.sha1)
18:46:14.742 [pool-1-thread-10] TRACE f.m.indexer.core.download.Crawler - doNext: http://central.maven.org/maven2/ant/ant-apache-oro/1.6.4/../
18:46:14.742 [pool-1-thread-10] TRACE f.m.indexer.core.download.Crawler - doNext: http://central.maven.org/maven2/ant/ant-apache-oro/1.6.4/ant-apache-oro-1.6.4.jar
18:46:14.742 [pool-1-thread-10] TRACE f.m.indexer.core.download.Crawler - doNext: http://central.maven.org/maven2/ant/ant-apache-oro/1.6.4/ant-apache-oro-1.6.4.jar.md5
18:46:14.742 [pool-1-thread-10] TRACE f.m.indexer.core.download.Crawler - doNext: http://central.maven.org/maven2/ant/ant-apache-oro/1.6.4/ant-apache-oro-1.6.4.jar.sha1
18:46:14.742 [pool-1-thread-10] TRACE f.m.indexer.core.download.Crawler - doNext: http://central.maven.org/maven2/ant/ant-apache-oro/1.6.4/ant-apache-oro-1.6.4.pom
18:46:14.742 [pool-1-thread-10] TRACE f.m.indexer.core.download.Crawler - doNext: http://central.maven.org/maven2/ant/ant-apache-oro/1.6.4/ant-apache-oro-1.6.4.pom.md5
18:46:14.742 [pool-1-thread-10] TRACE f.m.indexer.core.download.Crawler - doNext: http://central.maven.org/maven2/ant/ant-apache-oro/1.6.4/ant-apache-oro-1.6.4.pom.sha1
18:46:14.742 [pool-1-thread-10] TRACE f.m.indexer.core.download.Crawler - doNext: http://central.maven.org/maven2/ant/ant-apache-oro/1.6.4/maven-metadata.xml
18:46:14.742 [pool-1-thread-10] TRACE f.m.indexer.core.download.Crawler - match: http://central.maven.org/maven2/ant/ant-apache-oro/1.6.4/maven-metadata.xml
18:46:14.742 [pool-1-thread-10] TRACE f.m.indexer.core.download.Crawler - doNext: http://central.maven.org/maven2/ant/ant-apache-oro/1.6.4/maven-metadata.xml.md5
18:46:14.742 [pool-1-thread-10] TRACE f.m.indexer.core.download.Crawler - doNext: http://central.maven.org/maven2/ant/ant-apache-oro/1.6.4/maven-metadata.xml.sha1
18:46:14.742 [pool-1-thread-10] TRACE f.m.i.core.client.JerseyHttpClient - download: http://central.maven.org/maven2/ant/ant-apache-bsf/1.6.3/
18:46:14.742 [pool-1-thread-7] TRACE f.m.indexer.artifact.MetadataHandler - match: http://central.maven.org/maven2/ant/ant-apache-oro/maven-metadata.xml
18:46:14.742 [pool-1-thread-7] TRACE f.m.i.core.client.JerseyHttpClient - download: http://central.maven.org/maven2/ant/ant-apache-bsf/1.6.4/
18:46:14.757 [pool-1-thread-4] TRACE f.m.indexer.core.download.Crawler - getLinks: <!DOCTYPE html>
<html>

<head>
	<title>Central Repository: ant/ant-apache-log4j/1.6.2</title>
	<meta name="viewport" content="width=device-width, initial-scale=1.0">
	<style>
body {
	background: #fff;
}
	</style>
</head>

<body>
	<header>
		<h1>ant/ant-apache-log4j/1.6.2</h1>
	</header>
	<hr/>
	<main>
		<pre id="contents">
<a href="../">../</a>
<a href="ant-apache-log4j-1.6.2.jar" title="ant-apache-log4j-1.6.2.jar">ant-apache-log4j-1.6.2.jar</a>                        2005-09-20 05:44      3014      
<a href="ant-apache-log4j-1.6.2.jar.md5" title="ant-apache-log4j-1.6.2.jar.md5">ant-apache-log4j-1.6.2.jar.md5</a>                    2005-09-20 05:44        32      
<a href="ant-apache-log4j-1.6.2.jar.sha1" title="ant-apache-log4j-1.6.2.jar.sha1">ant-apache-log4j-1.6.2.jar.sha1</a>                   2005-09-20 05:44        40      
<a href="ant-apache-log4j-1.6.2.pom" title="ant-apache-log4j-1.6.2.pom">ant-apache-log4j-1.6.2.pom</a>                        2005-09-20 05:44       153      
<a href="ant-apache-log4j-1.6.2.pom.md5" title="ant-apache-log4j-1.6.2.pom.md5">ant-apache-log4j-1.6.2.pom.md5</a>                    2005-09-20 05:44        32      
<a href="ant-apache-log4j-1.6.2.pom.sha1" title="ant-apache-log4j-1.6.2.pom.sha1">ant-apache-log4j-1.6.2.pom.sha1</a>                   2005-09-20 05:44        40      
<a href="maven-metadata.xml" title="maven-metadata.xml">maven-metadata.xml</a>                                2005-09-20 05:44       118      
<a href="maven-metadata.xml.md5" title="maven-metadata.xml.md5">maven-metadata.xml.md5</a>                            2005-09-20 05:44        82      
<a href="maven-metadata.xml.sha1" title="maven-metadata.xml.sha1">maven-metadata.xml.sha1</a>                           2005-09-20 05:44       137      
		</pre>
	</main>
	<hr/>
</body>

</html>
18:46:14.757 [pool-1-thread-4] TRACE f.m.indexer.core.download.Crawler - getFullUrl: http://central.maven.org/maven2/ant/ant-apache-log4j/1.6.2/, ../)
18:46:14.757 [pool-1-thread-4] TRACE f.m.indexer.core.download.Crawler - getFullUrl: http://central.maven.org/maven2/ant/ant-apache-log4j/1.6.2/, ant-apache-log4j-1.6.2.jar)
18:46:14.757 [pool-1-thread-4] TRACE f.m.indexer.core.download.Crawler - getFullUrl: http://central.maven.org/maven2/ant/ant-apache-log4j/1.6.2/, ant-apache-log4j-1.6.2.jar.md5)
18:46:14.757 [pool-1-thread-4] TRACE f.m.indexer.core.download.Crawler - getFullUrl: http://central.maven.org/maven2/ant/ant-apache-log4j/1.6.2/, ant-apache-log4j-1.6.2.jar.sha1)
18:46:14.757 [pool-1-thread-4] TRACE f.m.indexer.core.download.Crawler - getFullUrl: http://central.maven.org/maven2/ant/ant-apache-log4j/1.6.2/, ant-apache-log4j-1.6.2.pom)
18:46:14.757 [pool-1-thread-4] TRACE f.m.indexer.core.download.Crawler - getFullUrl: http://central.maven.org/maven2/ant/ant-apache-log4j/1.6.2/, ant-apache-log4j-1.6.2.pom.md5)
18:46:14.757 [pool-1-thread-4] TRACE f.m.indexer.core.download.Crawler - getFullUrl: http://central.maven.org/maven2/ant/ant-apache-log4j/1.6.2/, ant-apache-log4j-1.6.2.pom.sha1)
18:46:14.757 [pool-1-thread-4] TRACE f.m.indexer.core.download.Crawler - getFullUrl: http://central.maven.org/maven2/ant/ant-apache-log4j/1.6.2/, maven-metadata.xml)
18:46:14.757 [pool-1-thread-4] TRACE f.m.indexer.core.download.Crawler - getFullUrl: http://central.maven.org/maven2/ant/ant-apache-log4j/1.6.2/, maven-metadata.xml.md5)
18:46:14.757 [pool-1-thread-4] TRACE f.m.indexer.core.download.Crawler - getFullUrl: http://central.maven.org/maven2/ant/ant-apache-log4j/1.6.2/, maven-metadata.xml.sha1)
18:46:14.757 [pool-1-thread-4] TRACE f.m.indexer.core.download.Crawler - doNext: http://central.maven.org/maven2/ant/ant-apache-log4j/1.6.2/../
18:46:14.757 [pool-1-thread-4] TRACE f.m.indexer.core.download.Crawler - doNext: http://central.maven.org/maven2/ant/ant-apache-log4j/1.6.2/ant-apache-log4j-1.6.2.jar
18:46:14.757 [pool-1-thread-4] TRACE f.m.indexer.core.download.Crawler - doNext: http://central.maven.org/maven2/ant/ant-apache-log4j/1.6.2/ant-apache-log4j-1.6.2.jar.md5
18:46:14.757 [pool-1-thread-4] TRACE f.m.indexer.core.download.Crawler - doNext: http://central.maven.org/maven2/ant/ant-apache-log4j/1.6.2/ant-apache-log4j-1.6.2.jar.sha1
18:46:14.757 [pool-1-thread-4] TRACE f.m.indexer.core.download.Crawler - doNext: http://central.maven.org/maven2/ant/ant-apache-log4j/1.6.2/ant-apache-log4j-1.6.2.pom
18:46:14.757 [pool-1-thread-4] TRACE f.m.indexer.core.download.Crawler - doNext: http://central.maven.org/maven2/ant/ant-apache-log4j/1.6.2/ant-apache-log4j-1.6.2.pom.md5
18:46:14.757 [pool-1-thread-4] TRACE f.m.indexer.core.download.Crawler - doNext: http://central.maven.org/maven2/ant/ant-apache-log4j/1.6.2/ant-apache-log4j-1.6.2.pom.sha1
18:46:14.757 [pool-1-thread-4] TRACE f.m.indexer.core.download.Crawler - doNext: http://central.maven.org/maven2/ant/ant-apache-log4j/1.6.2/maven-metadata.xml
18:46:14.757 [pool-1-thread-4] TRACE f.m.indexer.core.download.Crawler - match: http://central.maven.org/maven2/ant/ant-apache-log4j/1.6.2/maven-metadata.xml
18:46:14.757 [pool-1-thread-4] TRACE f.m.indexer.core.download.Crawler - doNext: http://central.maven.org/maven2/ant/ant-apache-log4j/1.6.2/maven-metadata.xml.md5
18:46:14.757 [pool-1-thread-4] TRACE f.m.indexer.core.download.Crawler - doNext: http://central.maven.org/maven2/ant/ant-apache-log4j/1.6.2/maven-metadata.xml.sha1
18:46:14.757 [pool-1-thread-4] TRACE f.m.i.core.client.JerseyHttpClient - download: http://central.maven.org/maven2/ant/ant-apache-bsf/1.6.5/
18:46:14.757 [pool-1-thread-6] TRACE f.m.indexer.core.download.Crawler - getLinks: <!DOCTYPE html>
<html>

<head>
	<title>Central Repository: ant/ant-apache-log4j/1.6.3</title>
	<meta name="viewport" content="width=device-width, initial-scale=1.0">
	<style>
body {
	background: #fff;
}
	</style>
</head>

<body>
	<header>
		<h1>ant/ant-apache-log4j/1.6.3</h1>
	</header>
	<hr/>
	<main>
		<pre id="contents">
<a href="../">../</a>
<a href="ant-apache-log4j-1.6.3.jar" title="ant-apache-log4j-1.6.3.jar">ant-apache-log4j-1.6.3.jar</a>                        2005-09-20 05:44      3022      
<a href="ant-apache-log4j-1.6.3.jar.md5" title="ant-apache-log4j-1.6.3.jar.md5">ant-apache-log4j-1.6.3.jar.md5</a>                    2005-09-20 05:44        32      
<a href="ant-apache-log4j-1.6.3.jar.sha1" title="ant-apache-log4j-1.6.3.jar.sha1">ant-apache-log4j-1.6.3.jar.sha1</a>                   2005-09-20 05:44        40      
<a href="ant-apache-log4j-1.6.3.pom" title="ant-apache-log4j-1.6.3.pom">ant-apache-log4j-1.6.3.pom</a>                        2005-09-20 05:44       153      
<a href="ant-apache-log4j-1.6.3.pom.md5" title="ant-apache-log4j-1.6.3.pom.md5">ant-apache-log4j-1.6.3.pom.md5</a>                    2005-09-20 05:44        32      
<a href="ant-apache-log4j-1.6.3.pom.sha1" title="ant-apache-log4j-1.6.3.pom.sha1">ant-apache-log4j-1.6.3.pom.sha1</a>                   2005-09-20 05:44        40      
<a href="maven-metadata.xml" title="maven-metadata.xml">maven-metadata.xml</a>                                2005-09-20 05:44       118      
<a href="maven-metadata.xml.md5" title="maven-metadata.xml.md5">maven-metadata.xml.md5</a>                            2005-09-20 05:44        82      
<a href="maven-metadata.xml.sha1" title="maven-metadata.xml.sha1">maven-metadata.xml.sha1</a>                           2005-09-20 05:44       137      
		</pre>
	</main>
	<hr/>
</body>

</html>
18:46:14.757 [pool-1-thread-6] TRACE f.m.indexer.core.download.Crawler - getFullUrl: http://central.maven.org/maven2/ant/ant-apache-log4j/1.6.3/, ../)
18:46:14.757 [pool-1-thread-6] TRACE f.m.indexer.core.download.Crawler - getFullUrl: http://central.maven.org/maven2/ant/ant-apache-log4j/1.6.3/, ant-apache-log4j-1.6.3.jar)
18:46:14.757 [pool-1-thread-6] TRACE f.m.indexer.core.download.Crawler - getFullUrl: http://central.maven.org/maven2/ant/ant-apache-log4j/1.6.3/, ant-apache-log4j-1.6.3.jar.md5)
18:46:14.757 [pool-1-thread-6] TRACE f.m.indexer.core.download.Crawler - getFullUrl: http://central.maven.org/maven2/ant/ant-apache-log4j/1.6.3/, ant-apache-log4j-1.6.3.jar.sha1)
18:46:14.757 [pool-1-thread-6] TRACE f.m.indexer.core.download.Crawler - getFullUrl: http://central.maven.org/maven2/ant/ant-apache-log4j/1.6.3/, ant-apache-log4j-1.6.3.pom)
18:46:14.757 [pool-1-thread-6] TRACE f.m.indexer.core.download.Crawler - getFullUrl: http://central.maven.org/maven2/ant/ant-apache-log4j/1.6.3/, ant-apache-log4j-1.6.3.pom.md5)
18:46:14.757 [pool-1-thread-6] TRACE f.m.indexer.core.download.Crawler - getFullUrl: http://central.maven.org/maven2/ant/ant-apache-log4j/1.6.3/, ant-apache-log4j-1.6.3.pom.sha1)
18:46:14.757 [pool-1-thread-6] TRACE f.m.indexer.core.download.Crawler - getFullUrl: http://central.maven.org/maven2/ant/ant-apache-log4j/1.6.3/, maven-metadata.xml)
18:46:14.757 [pool-1-thread-6] TRACE f.m.indexer.core.download.Crawler - getFullUrl: http://central.maven.org/maven2/ant/ant-apache-log4j/1.6.3/, maven-metadata.xml.md5)
18:46:14.757 [pool-1-thread-6] TRACE f.m.indexer.core.download.Crawler - getFullUrl: http://central.maven.org/maven2/ant/ant-apache-log4j/1.6.3/, maven-metadata.xml.sha1)
18:46:14.757 [pool-1-thread-6] TRACE f.m.indexer.core.download.Crawler - doNext: http://central.maven.org/maven2/ant/ant-apache-log4j/1.6.3/../
18:46:14.757 [pool-1-thread-6] TRACE f.m.indexer.core.download.Crawler - doNext: http://central.maven.org/maven2/ant/ant-apache-log4j/1.6.3/ant-apache-log4j-1.6.3.jar
18:46:14.757 [pool-1-thread-6] TRACE f.m.indexer.core.download.Crawler - doNext: http://central.maven.org/maven2/ant/ant-apache-log4j/1.6.3/ant-apache-log4j-1.6.3.jar.md5
18:46:14.757 [pool-1-thread-6] TRACE f.m.indexer.core.download.Crawler - doNext: http://central.maven.org/maven2/ant/ant-apache-log4j/1.6.3/ant-apache-log4j-1.6.3.jar.sha1
18:46:14.757 [pool-1-thread-6] TRACE f.m.indexer.core.download.Crawler - doNext: http://central.maven.org/maven2/ant/ant-apache-log4j/1.6.3/ant-apache-log4j-1.6.3.pom
18:46:14.757 [pool-1-thread-6] TRACE f.m.indexer.core.download.Crawler - doNext: http://central.maven.org/maven2/ant/ant-apache-log4j/1.6.3/ant-apache-log4j-1.6.3.pom.md5
18:46:14.757 [pool-1-thread-6] TRACE f.m.indexer.core.download.Crawler - doNext: http://central.maven.org/maven2/ant/ant-apache-log4j/1.6.3/ant-apache-log4j-1.6.3.pom.sha1
18:46:14.757 [pool-1-thread-6] TRACE f.m.indexer.core.download.Crawler - doNext: http://central.maven.org/maven2/ant/ant-apache-log4j/1.6.3/maven-metadata.xml
18:46:14.757 [pool-1-thread-6] TRACE f.m.indexer.core.download.Crawler - match: http://central.maven.org/maven2/ant/ant-apache-log4j/1.6.3/maven-metadata.xml
18:46:14.757 [pool-1-thread-6] TRACE f.m.indexer.core.download.Crawler - doNext: http://central.maven.org/maven2/ant/ant-apache-log4j/1.6.3/maven-metadata.xml.md5
18:46:14.757 [pool-1-thread-6] TRACE f.m.indexer.core.download.Crawler - doNext: http://central.maven.org/maven2/ant/ant-apache-log4j/1.6.3/maven-metadata.xml.sha1
18:46:14.757 [pool-1-thread-6] TRACE f.m.i.core.client.JerseyHttpClient - download: http://central.maven.org/maven2/ant/ant-apache-bsf/maven-metadata.xml
18:46:14.757 [pool-1-thread-3] TRACE f.m.indexer.core.download.Crawler - getLinks: <!DOCTYPE html>
<html>

<head>
	<title>Central Repository: ant/ant-apache-log4j/1.6.4</title>
	<meta name="viewport" content="width=device-width, initial-scale=1.0">
	<style>
body {
	background: #fff;
}
	</style>
</head>

<body>
	<header>
		<h1>ant/ant-apache-log4j/1.6.4</h1>
	</header>
	<hr/>
	<main>
		<pre id="contents">
<a href="../">../</a>
<a href="ant-apache-log4j-1.6.4.jar" title="ant-apache-log4j-1.6.4.jar">ant-apache-log4j-1.6.4.jar</a>                        2005-09-20 05:44      3022      
<a href="ant-apache-log4j-1.6.4.jar.md5" title="ant-apache-log4j-1.6.4.jar.md5">ant-apache-log4j-1.6.4.jar.md5</a>                    2005-09-20 05:44        32      
<a href="ant-apache-log4j-1.6.4.jar.sha1" title="ant-apache-log4j-1.6.4.jar.sha1">ant-apache-log4j-1.6.4.jar.sha1</a>                   2005-09-20 05:44        40      
<a href="ant-apache-log4j-1.6.4.pom" title="ant-apache-log4j-1.6.4.pom">ant-apache-log4j-1.6.4.pom</a>                        2005-09-20 05:44       153      
<a href="ant-apache-log4j-1.6.4.pom.md5" title="ant-apache-log4j-1.6.4.pom.md5">ant-apache-log4j-1.6.4.pom.md5</a>                    2005-09-20 05:44        32      
<a href="ant-apache-log4j-1.6.4.pom.sha1" title="ant-apache-log4j-1.6.4.pom.sha1">ant-apache-log4j-1.6.4.pom.sha1</a>                   2005-09-20 05:44        40      
<a href="maven-metadata.xml" title="maven-metadata.xml">maven-metadata.xml</a>                                2005-09-20 05:44       118      
<a href="maven-metadata.xml.md5" title="maven-metadata.xml.md5">maven-metadata.xml.md5</a>                            2005-09-20 05:44        82      
<a href="maven-metadata.xml.sha1" title="maven-metadata.xml.sha1">maven-metadata.xml.sha1</a>                           2005-09-20 05:44       137      
		</pre>
	</main>
	<hr/>
</body>

</html>
18:46:14.757 [pool-1-thread-3] TRACE f.m.indexer.core.download.Crawler - getFullUrl: http://central.maven.org/maven2/ant/ant-apache-log4j/1.6.4/, ../)
18:46:14.757 [pool-1-thread-3] TRACE f.m.indexer.core.download.Crawler - getFullUrl: http://central.maven.org/maven2/ant/ant-apache-log4j/1.6.4/, ant-apache-log4j-1.6.4.jar)
18:46:14.757 [pool-1-thread-3] TRACE f.m.indexer.core.download.Crawler - getFullUrl: http://central.maven.org/maven2/ant/ant-apache-log4j/1.6.4/, ant-apache-log4j-1.6.4.jar.md5)
18:46:14.757 [pool-1-thread-3] TRACE f.m.indexer.core.download.Crawler - getFullUrl: http://central.maven.org/maven2/ant/ant-apache-log4j/1.6.4/, ant-apache-log4j-1.6.4.jar.sha1)
18:46:14.757 [pool-1-thread-3] TRACE f.m.indexer.core.download.Crawler - getFullUrl: http://central.maven.org/maven2/ant/ant-apache-log4j/1.6.4/, ant-apache-log4j-1.6.4.pom)
18:46:14.757 [pool-1-thread-3] TRACE f.m.indexer.core.download.Crawler - getFullUrl: http://central.maven.org/maven2/ant/ant-apache-log4j/1.6.4/, ant-apache-log4j-1.6.4.pom.md5)
18:46:14.757 [pool-1-thread-3] TRACE f.m.indexer.core.download.Crawler - getFullUrl: http://central.maven.org/maven2/ant/ant-apache-log4j/1.6.4/, ant-apache-log4j-1.6.4.pom.sha1)
18:46:14.757 [pool-1-thread-3] TRACE f.m.indexer.core.download.Crawler - getFullUrl: http://central.maven.org/maven2/ant/ant-apache-log4j/1.6.4/, maven-metadata.xml)
18:46:14.757 [pool-1-thread-3] TRACE f.m.indexer.core.download.Crawler - getFullUrl: http://central.maven.org/maven2/ant/ant-apache-log4j/1.6.4/, maven-metadata.xml.md5)
18:46:14.757 [pool-1-thread-3] TRACE f.m.indexer.core.download.Crawler - getFullUrl: http://central.maven.org/maven2/ant/ant-apache-log4j/1.6.4/, maven-metadata.xml.sha1)
18:46:14.757 [pool-1-thread-3] TRACE f.m.indexer.core.download.Crawler - doNext: http://central.maven.org/maven2/ant/ant-apache-log4j/1.6.4/../
18:46:14.757 [pool-1-thread-3] TRACE f.m.indexer.core.download.Crawler - doNext: http://central.maven.org/maven2/ant/ant-apache-log4j/1.6.4/ant-apache-log4j-1.6.4.jar
18:46:14.757 [pool-1-thread-3] TRACE f.m.indexer.core.download.Crawler - doNext: http://central.maven.org/maven2/ant/ant-apache-log4j/1.6.4/ant-apache-log4j-1.6.4.jar.md5
18:46:14.757 [pool-1-thread-3] TRACE f.m.indexer.core.download.Crawler - doNext: http://central.maven.org/maven2/ant/ant-apache-log4j/1.6.4/ant-apache-log4j-1.6.4.jar.sha1
18:46:14.757 [pool-1-thread-3] TRACE f.m.indexer.core.download.Crawler - doNext: http://central.maven.org/maven2/ant/ant-apache-log4j/1.6.4/ant-apache-log4j-1.6.4.pom
18:46:14.757 [pool-1-thread-3] TRACE f.m.indexer.core.download.Crawler - doNext: http://central.maven.org/maven2/ant/ant-apache-log4j/1.6.4/ant-apache-log4j-1.6.4.pom.md5
18:46:14.757 [pool-1-thread-3] TRACE f.m.indexer.core.download.Crawler - doNext: http://central.maven.org/maven2/ant/ant-apache-log4j/1.6.4/ant-apache-log4j-1.6.4.pom.sha1
18:46:14.757 [pool-1-thread-3] TRACE f.m.indexer.core.download.Crawler - doNext: http://central.maven.org/maven2/ant/ant-apache-log4j/1.6.4/maven-metadata.xml
18:46:14.757 [pool-1-thread-3] TRACE f.m.indexer.core.download.Crawler - match: http://central.maven.org/maven2/ant/ant-apache-log4j/1.6.4/maven-metadata.xml
18:46:14.757 [pool-1-thread-3] TRACE f.m.indexer.core.download.Crawler - doNext: http://central.maven.org/maven2/ant/ant-apache-log4j/1.6.4/maven-metadata.xml.md5
18:46:14.757 [pool-1-thread-3] TRACE f.m.indexer.core.download.Crawler - doNext: http://central.maven.org/maven2/ant/ant-apache-log4j/1.6.4/maven-metadata.xml.sha1
18:46:14.757 [pool-1-thread-3] TRACE f.m.i.core.client.JerseyHttpClient - download: http://central.maven.org/maven2/ant/ant-apache-bcel/1.6.2/
18:46:14.757 [pool-1-thread-1] TRACE f.m.indexer.core.download.Crawler - getLinks: <!DOCTYPE html>
<html>

<head>
	<title>Central Repository: ant/ant-apache-log4j/1.6.5</title>
	<meta name="viewport" content="width=device-width, initial-scale=1.0">
	<style>
body {
	background: #fff;
}
	</style>
</head>

<body>
	<header>
		<h1>ant/ant-apache-log4j/1.6.5</h1>
	</header>
	<hr/>
	<main>
		<pre id="contents">
<a href="../">../</a>
<a href="ant-apache-log4j-1.6.5.jar" title="ant-apache-log4j-1.6.5.jar">ant-apache-log4j-1.6.5.jar</a>                        2005-09-20 05:44      3022      
<a href="ant-apache-log4j-1.6.5.jar.md5" title="ant-apache-log4j-1.6.5.jar.md5">ant-apache-log4j-1.6.5.jar.md5</a>                    2005-09-20 05:44        32      
<a href="ant-apache-log4j-1.6.5.jar.sha1" title="ant-apache-log4j-1.6.5.jar.sha1">ant-apache-log4j-1.6.5.jar.sha1</a>                   2005-09-20 05:44        40      
<a href="ant-apache-log4j-1.6.5.pom" title="ant-apache-log4j-1.6.5.pom">ant-apache-log4j-1.6.5.pom</a>                        2005-09-20 05:44       153      
<a href="ant-apache-log4j-1.6.5.pom.md5" title="ant-apache-log4j-1.6.5.pom.md5">ant-apache-log4j-1.6.5.pom.md5</a>                    2005-09-20 05:44        32      
<a href="ant-apache-log4j-1.6.5.pom.sha1" title="ant-apache-log4j-1.6.5.pom.sha1">ant-apache-log4j-1.6.5.pom.sha1</a>                   2005-09-20 05:44        40      
<a href="maven-metadata.xml" title="maven-metadata.xml">maven-metadata.xml</a>                                2005-09-20 05:44       118      
<a href="maven-metadata.xml.md5" title="maven-metadata.xml.md5">maven-metadata.xml.md5</a>                            2005-09-20 05:44        82      
<a href="maven-metadata.xml.sha1" title="maven-metadata.xml.sha1">maven-metadata.xml.sha1</a>                           2005-09-20 05:44       137      
		</pre>
	</main>
	<hr/>
</body>

</html>
18:46:14.757 [pool-1-thread-1] TRACE f.m.indexer.core.download.Crawler - getFullUrl: http://central.maven.org/maven2/ant/ant-apache-log4j/1.6.5/, ../)
18:46:14.773 [pool-1-thread-1] TRACE f.m.indexer.core.download.Crawler - getFullUrl: http://central.maven.org/maven2/ant/ant-apache-log4j/1.6.5/, ant-apache-log4j-1.6.5.jar)
18:46:14.773 [pool-1-thread-1] TRACE f.m.indexer.core.download.Crawler - getFullUrl: http://central.maven.org/maven2/ant/ant-apache-log4j/1.6.5/, ant-apache-log4j-1.6.5.jar.md5)
18:46:14.773 [pool-1-thread-1] TRACE f.m.indexer.core.download.Crawler - getFullUrl: http://central.maven.org/maven2/ant/ant-apache-log4j/1.6.5/, ant-apache-log4j-1.6.5.jar.sha1)
18:46:14.773 [pool-1-thread-1] TRACE f.m.indexer.core.download.Crawler - getFullUrl: http://central.maven.org/maven2/ant/ant-apache-log4j/1.6.5/, ant-apache-log4j-1.6.5.pom)
18:46:14.773 [pool-1-thread-1] TRACE f.m.indexer.core.download.Crawler - getFullUrl: http://central.maven.org/maven2/ant/ant-apache-log4j/1.6.5/, ant-apache-log4j-1.6.5.pom.md5)
18:46:14.773 [pool-1-thread-1] TRACE f.m.indexer.core.download.Crawler - getFullUrl: http://central.maven.org/maven2/ant/ant-apache-log4j/1.6.5/, ant-apache-log4j-1.6.5.pom.sha1)
18:46:14.773 [pool-1-thread-1] TRACE f.m.indexer.core.download.Crawler - getFullUrl: http://central.maven.org/maven2/ant/ant-apache-log4j/1.6.5/, maven-metadata.xml)
18:46:14.773 [pool-1-thread-1] TRACE f.m.indexer.core.download.Crawler - getFullUrl: http://central.maven.org/maven2/ant/ant-apache-log4j/1.6.5/, maven-metadata.xml.md5)
18:46:14.773 [pool-1-thread-1] TRACE f.m.indexer.core.download.Crawler - getFullUrl: http://central.maven.org/maven2/ant/ant-apache-log4j/1.6.5/, maven-metadata.xml.sha1)
18:46:14.773 [pool-1-thread-1] TRACE f.m.indexer.core.download.Crawler - doNext: http://central.maven.org/maven2/ant/ant-apache-log4j/1.6.5/../
18:46:14.773 [pool-1-thread-1] TRACE f.m.indexer.core.download.Crawler - doNext: http://central.maven.org/maven2/ant/ant-apache-log4j/1.6.5/ant-apache-log4j-1.6.5.jar
18:46:14.773 [pool-1-thread-1] TRACE f.m.indexer.core.download.Crawler - doNext: http://central.maven.org/maven2/ant/ant-apache-log4j/1.6.5/ant-apache-log4j-1.6.5.jar.md5
18:46:14.773 [pool-1-thread-1] TRACE f.m.indexer.core.download.Crawler - doNext: http://central.maven.org/maven2/ant/ant-apache-log4j/1.6.5/ant-apache-log4j-1.6.5.jar.sha1
18:46:14.773 [pool-1-thread-1] TRACE f.m.indexer.core.download.Crawler - doNext: http://central.maven.org/maven2/ant/ant-apache-log4j/1.6.5/ant-apache-log4j-1.6.5.pom
18:46:14.773 [pool-1-thread-1] TRACE f.m.indexer.core.download.Crawler - doNext: http://central.maven.org/maven2/ant/ant-apache-log4j/1.6.5/ant-apache-log4j-1.6.5.pom.md5
18:46:14.773 [pool-1-thread-1] TRACE f.m.indexer.core.download.Crawler - doNext: http://central.maven.org/maven2/ant/ant-apache-log4j/1.6.5/ant-apache-log4j-1.6.5.pom.sha1
18:46:14.773 [pool-1-thread-1] TRACE f.m.indexer.core.download.Crawler - doNext: http://central.maven.org/maven2/ant/ant-apache-log4j/1.6.5/maven-metadata.xml
18:46:14.773 [pool-1-thread-1] TRACE f.m.indexer.core.download.Crawler - match: http://central.maven.org/maven2/ant/ant-apache-log4j/1.6.5/maven-metadata.xml
18:46:14.773 [pool-1-thread-1] TRACE f.m.indexer.core.download.Crawler - doNext: http://central.maven.org/maven2/ant/ant-apache-log4j/1.6.5/maven-metadata.xml.md5
18:46:14.773 [pool-1-thread-1] TRACE f.m.indexer.core.download.Crawler - doNext: http://central.maven.org/maven2/ant/ant-apache-log4j/1.6.5/maven-metadata.xml.sha1
18:46:14.773 [pool-1-thread-1] TRACE f.m.i.core.client.JerseyHttpClient - download: http://central.maven.org/maven2/ant/ant-apache-bcel/1.6.3/
18:46:14.773 [pool-1-thread-9] TRACE f.m.indexer.artifact.MetadataHandler - match: http://central.maven.org/maven2/ant/ant-apache-log4j/maven-metadata.xml
18:46:14.773 [pool-1-thread-9] TRACE f.m.i.core.client.JerseyHttpClient - download: http://central.maven.org/maven2/ant/ant-apache-bcel/1.6.4/
18:46:14.804 [pool-1-thread-5] TRACE f.m.indexer.core.download.Crawler - getLinks: <!DOCTYPE html>
<html>

<head>
	<title>Central Repository: ant/ant-apache-bsf/1.6</title>
	<meta name="viewport" content="width=device-width, initial-scale=1.0">
	<style>
body {
	background: #fff;
}
	</style>
</head>

<body>
	<header>
		<h1>ant/ant-apache-bsf/1.6</h1>
	</header>
	<hr/>
	<main>
		<pre id="contents">
<a href="../">../</a>
<a href="ant-apache-bsf-1.6.jar" title="ant-apache-bsf-1.6.jar">ant-apache-bsf-1.6.jar</a>                            2005-09-20 05:44     12331      
<a href="ant-apache-bsf-1.6.jar.md5" title="ant-apache-bsf-1.6.jar.md5">ant-apache-bsf-1.6.jar.md5</a>                        2005-09-20 05:44        32      
<a href="ant-apache-bsf-1.6.jar.sha1" title="ant-apache-bsf-1.6.jar.sha1">ant-apache-bsf-1.6.jar.sha1</a>                       2005-09-20 05:44        40      
<a href="ant-apache-bsf-1.6.pom" title="ant-apache-bsf-1.6.pom">ant-apache-bsf-1.6.pom</a>                            2005-09-20 05:44       149      
<a href="ant-apache-bsf-1.6.pom.md5" title="ant-apache-bsf-1.6.pom.md5">ant-apache-bsf-1.6.pom.md5</a>                        2005-09-20 05:44        32      
<a href="ant-apache-bsf-1.6.pom.sha1" title="ant-apache-bsf-1.6.pom.sha1">ant-apache-bsf-1.6.pom.sha1</a>                       2005-09-20 05:44        40      
<a href="maven-metadata.xml" title="maven-metadata.xml">maven-metadata.xml</a>                                2005-09-20 05:44       114      
<a href="maven-metadata.xml.md5" title="maven-metadata.xml.md5">maven-metadata.xml.md5</a>                            2005-09-20 05:44        78      
<a href="maven-metadata.xml.sha1" title="maven-metadata.xml.sha1">maven-metadata.xml.sha1</a>                           2005-09-20 05:44       133      
		</pre>
	</main>
	<hr/>
</body>

</html>
18:46:14.804 [pool-1-thread-5] TRACE f.m.indexer.core.download.Crawler - getFullUrl: http://central.maven.org/maven2/ant/ant-apache-bsf/1.6/, ../)
18:46:14.804 [pool-1-thread-5] TRACE f.m.indexer.core.download.Crawler - getFullUrl: http://central.maven.org/maven2/ant/ant-apache-bsf/1.6/, ant-apache-bsf-1.6.jar)
18:46:14.804 [pool-1-thread-5] TRACE f.m.indexer.core.download.Crawler - getFullUrl: http://central.maven.org/maven2/ant/ant-apache-bsf/1.6/, ant-apache-bsf-1.6.jar.md5)
18:46:14.804 [pool-1-thread-5] TRACE f.m.indexer.core.download.Crawler - getFullUrl: http://central.maven.org/maven2/ant/ant-apache-bsf/1.6/, ant-apache-bsf-1.6.jar.sha1)
18:46:14.804 [pool-1-thread-5] TRACE f.m.indexer.core.download.Crawler - getFullUrl: http://central.maven.org/maven2/ant/ant-apache-bsf/1.6/, ant-apache-bsf-1.6.pom)
18:46:14.804 [pool-1-thread-5] TRACE f.m.indexer.core.download.Crawler - getFullUrl: http://central.maven.org/maven2/ant/ant-apache-bsf/1.6/, ant-apache-bsf-1.6.pom.md5)
18:46:14.804 [pool-1-thread-5] TRACE f.m.indexer.core.download.Crawler - getFullUrl: http://central.maven.org/maven2/ant/ant-apache-bsf/1.6/, ant-apache-bsf-1.6.pom.sha1)
18:46:14.804 [pool-1-thread-5] TRACE f.m.indexer.core.download.Crawler - getFullUrl: http://central.maven.org/maven2/ant/ant-apache-bsf/1.6/, maven-metadata.xml)
18:46:14.804 [pool-1-thread-5] TRACE f.m.indexer.core.download.Crawler - getFullUrl: http://central.maven.org/maven2/ant/ant-apache-bsf/1.6/, maven-metadata.xml.md5)
18:46:14.804 [pool-1-thread-5] TRACE f.m.indexer.core.download.Crawler - getFullUrl: http://central.maven.org/maven2/ant/ant-apache-bsf/1.6/, maven-metadata.xml.sha1)
18:46:14.804 [pool-1-thread-5] TRACE f.m.indexer.core.download.Crawler - doNext: http://central.maven.org/maven2/ant/ant-apache-bsf/1.6/../
18:46:14.804 [pool-1-thread-5] TRACE f.m.indexer.core.download.Crawler - doNext: http://central.maven.org/maven2/ant/ant-apache-bsf/1.6/ant-apache-bsf-1.6.jar
18:46:14.804 [pool-1-thread-5] TRACE f.m.indexer.core.download.Crawler - doNext: http://central.maven.org/maven2/ant/ant-apache-bsf/1.6/ant-apache-bsf-1.6.jar.md5
18:46:14.804 [pool-1-thread-5] TRACE f.m.indexer.core.download.Crawler - doNext: http://central.maven.org/maven2/ant/ant-apache-bsf/1.6/ant-apache-bsf-1.6.jar.sha1
18:46:14.804 [pool-1-thread-5] TRACE f.m.indexer.core.download.Crawler - doNext: http://central.maven.org/maven2/ant/ant-apache-bsf/1.6/ant-apache-bsf-1.6.pom
18:46:14.804 [pool-1-thread-5] TRACE f.m.indexer.core.download.Crawler - doNext: http://central.maven.org/maven2/ant/ant-apache-bsf/1.6/ant-apache-bsf-1.6.pom.md5
18:46:14.804 [pool-1-thread-5] TRACE f.m.indexer.core.download.Crawler - doNext: http://central.maven.org/maven2/ant/ant-apache-bsf/1.6/ant-apache-bsf-1.6.pom.sha1
18:46:14.804 [pool-1-thread-5] TRACE f.m.indexer.core.download.Crawler - doNext: http://central.maven.org/maven2/ant/ant-apache-bsf/1.6/maven-metadata.xml
18:46:14.804 [pool-1-thread-5] TRACE f.m.indexer.core.download.Crawler - match: http://central.maven.org/maven2/ant/ant-apache-bsf/1.6/maven-metadata.xml
18:46:14.804 [pool-1-thread-5] TRACE f.m.indexer.core.download.Crawler - doNext: http://central.maven.org/maven2/ant/ant-apache-bsf/1.6/maven-metadata.xml.md5
18:46:14.804 [pool-1-thread-5] TRACE f.m.indexer.core.download.Crawler - doNext: http://central.maven.org/maven2/ant/ant-apache-bsf/1.6/maven-metadata.xml.sha1
18:46:14.804 [pool-1-thread-5] TRACE f.m.i.core.client.JerseyHttpClient - download: http://central.maven.org/maven2/ant/ant-apache-bcel/1.6.5/
18:46:14.804 [pool-1-thread-7] TRACE f.m.indexer.core.download.Crawler - getLinks: <!DOCTYPE html>
<html>

<head>
	<title>Central Repository: ant/ant-apache-bsf/1.6.4</title>
	<meta name="viewport" content="width=device-width, initial-scale=1.0">
	<style>
body {
	background: #fff;
}
	</style>
</head>

<body>
	<header>
		<h1>ant/ant-apache-bsf/1.6.4</h1>
	</header>
	<hr/>
	<main>
		<pre id="contents">
<a href="../">../</a>
<a href="ant-apache-bsf-1.6.4.jar" title="ant-apache-bsf-1.6.4.jar">ant-apache-bsf-1.6.4.jar</a>                          2005-09-20 05:44     12597      
<a href="ant-apache-bsf-1.6.4.jar.md5" title="ant-apache-bsf-1.6.4.jar.md5">ant-apache-bsf-1.6.4.jar.md5</a>                      2005-09-20 05:44        32      
<a href="ant-apache-bsf-1.6.4.jar.sha1" title="ant-apache-bsf-1.6.4.jar.sha1">ant-apache-bsf-1.6.4.jar.sha1</a>                     2005-09-20 05:44        40      
<a href="ant-apache-bsf-1.6.4.pom" title="ant-apache-bsf-1.6.4.pom">ant-apache-bsf-1.6.4.pom</a>                          2005-09-20 05:44       151      
<a href="ant-apache-bsf-1.6.4.pom.md5" title="ant-apache-bsf-1.6.4.pom.md5">ant-apache-bsf-1.6.4.pom.md5</a>                      2005-09-20 05:44        32      
<a href="ant-apache-bsf-1.6.4.pom.sha1" title="ant-apache-bsf-1.6.4.pom.sha1">ant-apache-bsf-1.6.4.pom.sha1</a>                     2005-09-20 05:44        40      
<a href="maven-metadata.xml" title="maven-metadata.xml">maven-metadata.xml</a>                                2005-09-20 05:44       116      
<a href="maven-metadata.xml.md5" title="maven-metadata.xml.md5">maven-metadata.xml.md5</a>                            2005-09-20 05:44        80      
<a href="maven-metadata.xml.sha1" title="maven-metadata.xml.sha1">maven-metadata.xml.sha1</a>                           2005-09-20 05:44       135      
		</pre>
	</main>
	<hr/>
</body>

</html>
18:46:14.804 [pool-1-thread-7] TRACE f.m.indexer.core.download.Crawler - getFullUrl: http://central.maven.org/maven2/ant/ant-apache-bsf/1.6.4/, ../)
18:46:14.804 [pool-1-thread-7] TRACE f.m.indexer.core.download.Crawler - getFullUrl: http://central.maven.org/maven2/ant/ant-apache-bsf/1.6.4/, ant-apache-bsf-1.6.4.jar)
18:46:14.804 [pool-1-thread-7] TRACE f.m.indexer.core.download.Crawler - getFullUrl: http://central.maven.org/maven2/ant/ant-apache-bsf/1.6.4/, ant-apache-bsf-1.6.4.jar.md5)
18:46:14.804 [pool-1-thread-7] TRACE f.m.indexer.core.download.Crawler - getFullUrl: http://central.maven.org/maven2/ant/ant-apache-bsf/1.6.4/, ant-apache-bsf-1.6.4.jar.sha1)
18:46:14.804 [pool-1-thread-7] TRACE f.m.indexer.core.download.Crawler - getFullUrl: http://central.maven.org/maven2/ant/ant-apache-bsf/1.6.4/, ant-apache-bsf-1.6.4.pom)
18:46:14.804 [pool-1-thread-7] TRACE f.m.indexer.core.download.Crawler - getFullUrl: http://central.maven.org/maven2/ant/ant-apache-bsf/1.6.4/, ant-apache-bsf-1.6.4.pom.md5)
18:46:14.804 [pool-1-thread-7] TRACE f.m.indexer.core.download.Crawler - getFullUrl: http://central.maven.org/maven2/ant/ant-apache-bsf/1.6.4/, ant-apache-bsf-1.6.4.pom.sha1)
18:46:14.804 [pool-1-thread-7] TRACE f.m.indexer.core.download.Crawler - getFullUrl: http://central.maven.org/maven2/ant/ant-apache-bsf/1.6.4/, maven-metadata.xml)
18:46:14.804 [pool-1-thread-7] TRACE f.m.indexer.core.download.Crawler - getFullUrl: http://central.maven.org/maven2/ant/ant-apache-bsf/1.6.4/, maven-metadata.xml.md5)
18:46:14.804 [pool-1-thread-7] TRACE f.m.indexer.core.download.Crawler - getFullUrl: http://central.maven.org/maven2/ant/ant-apache-bsf/1.6.4/, maven-metadata.xml.sha1)
18:46:14.804 [pool-1-thread-7] TRACE f.m.indexer.core.download.Crawler - doNext: http://central.maven.org/maven2/ant/ant-apache-bsf/1.6.4/../
18:46:14.804 [pool-1-thread-7] TRACE f.m.indexer.core.download.Crawler - doNext: http://central.maven.org/maven2/ant/ant-apache-bsf/1.6.4/ant-apache-bsf-1.6.4.jar
18:46:14.804 [pool-1-thread-7] TRACE f.m.indexer.core.download.Crawler - doNext: http://central.maven.org/maven2/ant/ant-apache-bsf/1.6.4/ant-apache-bsf-1.6.4.jar.md5
18:46:14.804 [pool-1-thread-7] TRACE f.m.indexer.core.download.Crawler - doNext: http://central.maven.org/maven2/ant/ant-apache-bsf/1.6.4/ant-apache-bsf-1.6.4.jar.sha1
18:46:14.804 [pool-1-thread-7] TRACE f.m.indexer.core.download.Crawler - doNext: http://central.maven.org/maven2/ant/ant-apache-bsf/1.6.4/ant-apache-bsf-1.6.4.pom
18:46:14.804 [pool-1-thread-7] TRACE f.m.indexer.core.download.Crawler - doNext: http://central.maven.org/maven2/ant/ant-apache-bsf/1.6.4/ant-apache-bsf-1.6.4.pom.md5
18:46:14.804 [pool-1-thread-7] TRACE f.m.indexer.core.download.Crawler - doNext: http://central.maven.org/maven2/ant/ant-apache-bsf/1.6.4/ant-apache-bsf-1.6.4.pom.sha1
18:46:14.804 [pool-1-thread-7] TRACE f.m.indexer.core.download.Crawler - doNext: http://central.maven.org/maven2/ant/ant-apache-bsf/1.6.4/maven-metadata.xml
18:46:14.804 [pool-1-thread-7] TRACE f.m.indexer.core.download.Crawler - match: http://central.maven.org/maven2/ant/ant-apache-bsf/1.6.4/maven-metadata.xml
18:46:14.804 [pool-1-thread-7] TRACE f.m.indexer.core.download.Crawler - doNext: http://central.maven.org/maven2/ant/ant-apache-bsf/1.6.4/maven-metadata.xml.md5
18:46:14.804 [pool-1-thread-7] TRACE f.m.indexer.core.download.Crawler - doNext: http://central.maven.org/maven2/ant/ant-apache-bsf/1.6.4/maven-metadata.xml.sha1
18:46:14.804 [pool-1-thread-7] TRACE f.m.i.core.client.JerseyHttpClient - download: http://central.maven.org/maven2/ant/ant-apache-bcel/maven-metadata.xml
18:46:14.804 [pool-1-thread-10] TRACE f.m.indexer.core.download.Crawler - getLinks: <!DOCTYPE html>
<html>

<head>
	<title>Central Repository: ant/ant-apache-bsf/1.6.3</title>
	<meta name="viewport" content="width=device-width, initial-scale=1.0">
	<style>
body {
	background: #fff;
}
	</style>
</head>

<body>
	<header>
		<h1>ant/ant-apache-bsf/1.6.3</h1>
	</header>
	<hr/>
	<main>
		<pre id="contents">
<a href="../">../</a>
<a href="ant-apache-bsf-1.6.3.jar" title="ant-apache-bsf-1.6.3.jar">ant-apache-bsf-1.6.3.jar</a>                          2005-09-20 05:44     12597      
<a href="ant-apache-bsf-1.6.3.jar.md5" title="ant-apache-bsf-1.6.3.jar.md5">ant-apache-bsf-1.6.3.jar.md5</a>                      2005-09-20 05:44        32      
<a href="ant-apache-bsf-1.6.3.jar.sha1" title="ant-apache-bsf-1.6.3.jar.sha1">ant-apache-bsf-1.6.3.jar.sha1</a>                     2005-09-20 05:44        40      
<a href="ant-apache-bsf-1.6.3.pom" title="ant-apache-bsf-1.6.3.pom">ant-apache-bsf-1.6.3.pom</a>                          2005-09-20 05:44       151      
<a href="ant-apache-bsf-1.6.3.pom.md5" title="ant-apache-bsf-1.6.3.pom.md5">ant-apache-bsf-1.6.3.pom.md5</a>                      2005-09-20 05:44        32      
<a href="ant-apache-bsf-1.6.3.pom.sha1" title="ant-apache-bsf-1.6.3.pom.sha1">ant-apache-bsf-1.6.3.pom.sha1</a>                     2005-09-20 05:44        40      
<a href="maven-metadata.xml" title="maven-metadata.xml">maven-metadata.xml</a>                                2005-09-20 05:44       116      
<a href="maven-metadata.xml.md5" title="maven-metadata.xml.md5">maven-metadata.xml.md5</a>                            2005-09-20 05:44        80      
<a href="maven-metadata.xml.sha1" title="maven-metadata.xml.sha1">maven-metadata.xml.sha1</a>                           2005-09-20 05:44       135      
		</pre>
	</main>
	<hr/>
</body>

</html>
18:46:14.804 [pool-1-thread-10] TRACE f.m.indexer.core.download.Crawler - getFullUrl: http://central.maven.org/maven2/ant/ant-apache-bsf/1.6.3/, ../)
18:46:14.804 [pool-1-thread-10] TRACE f.m.indexer.core.download.Crawler - getFullUrl: http://central.maven.org/maven2/ant/ant-apache-bsf/1.6.3/, ant-apache-bsf-1.6.3.jar)
18:46:14.804 [pool-1-thread-10] TRACE f.m.indexer.core.download.Crawler - getFullUrl: http://central.maven.org/maven2/ant/ant-apache-bsf/1.6.3/, ant-apache-bsf-1.6.3.jar.md5)
18:46:14.804 [pool-1-thread-10] TRACE f.m.indexer.core.download.Crawler - getFullUrl: http://central.maven.org/maven2/ant/ant-apache-bsf/1.6.3/, ant-apache-bsf-1.6.3.jar.sha1)
18:46:14.804 [pool-1-thread-10] TRACE f.m.indexer.core.download.Crawler - getFullUrl: http://central.maven.org/maven2/ant/ant-apache-bsf/1.6.3/, ant-apache-bsf-1.6.3.pom)
18:46:14.804 [pool-1-thread-10] TRACE f.m.indexer.core.download.Crawler - getFullUrl: http://central.maven.org/maven2/ant/ant-apache-bsf/1.6.3/, ant-apache-bsf-1.6.3.pom.md5)
18:46:14.804 [pool-1-thread-10] TRACE f.m.indexer.core.download.Crawler - getFullUrl: http://central.maven.org/maven2/ant/ant-apache-bsf/1.6.3/, ant-apache-bsf-1.6.3.pom.sha1)
18:46:14.804 [pool-1-thread-10] TRACE f.m.indexer.core.download.Crawler - getFullUrl: http://central.maven.org/maven2/ant/ant-apache-bsf/1.6.3/, maven-metadata.xml)
18:46:14.804 [pool-1-thread-10] TRACE f.m.indexer.core.download.Crawler - getFullUrl: http://central.maven.org/maven2/ant/ant-apache-bsf/1.6.3/, maven-metadata.xml.md5)
18:46:14.804 [pool-1-thread-10] TRACE f.m.indexer.core.download.Crawler - getFullUrl: http://central.maven.org/maven2/ant/ant-apache-bsf/1.6.3/, maven-metadata.xml.sha1)
18:46:14.804 [pool-1-thread-10] TRACE f.m.indexer.core.download.Crawler - doNext: http://central.maven.org/maven2/ant/ant-apache-bsf/1.6.3/../
18:46:14.804 [pool-1-thread-10] TRACE f.m.indexer.core.download.Crawler - doNext: http://central.maven.org/maven2/ant/ant-apache-bsf/1.6.3/ant-apache-bsf-1.6.3.jar
18:46:14.804 [pool-1-thread-10] TRACE f.m.indexer.core.download.Crawler - doNext: http://central.maven.org/maven2/ant/ant-apache-bsf/1.6.3/ant-apache-bsf-1.6.3.jar.md5
18:46:14.804 [pool-1-thread-10] TRACE f.m.indexer.core.download.Crawler - doNext: http://central.maven.org/maven2/ant/ant-apache-bsf/1.6.3/ant-apache-bsf-1.6.3.jar.sha1
18:46:14.804 [pool-1-thread-10] TRACE f.m.indexer.core.download.Crawler - doNext: http://central.maven.org/maven2/ant/ant-apache-bsf/1.6.3/ant-apache-bsf-1.6.3.pom
18:46:14.804 [pool-1-thread-10] TRACE f.m.indexer.core.download.Crawler - doNext: http://central.maven.org/maven2/ant/ant-apache-bsf/1.6.3/ant-apache-bsf-1.6.3.pom.md5
18:46:14.804 [pool-1-thread-10] TRACE f.m.indexer.core.download.Crawler - doNext: http://central.maven.org/maven2/ant/ant-apache-bsf/1.6.3/ant-apache-bsf-1.6.3.pom.sha1
18:46:14.804 [pool-1-thread-10] TRACE f.m.indexer.core.download.Crawler - doNext: http://central.maven.org/maven2/ant/ant-apache-bsf/1.6.3/maven-metadata.xml
18:46:14.804 [pool-1-thread-10] TRACE f.m.indexer.core.download.Crawler - match: http://central.maven.org/maven2/ant/ant-apache-bsf/1.6.3/maven-metadata.xml
18:46:14.804 [pool-1-thread-10] TRACE f.m.indexer.core.download.Crawler - doNext: http://central.maven.org/maven2/ant/ant-apache-bsf/1.6.3/maven-metadata.xml.md5
18:46:14.804 [pool-1-thread-10] TRACE f.m.indexer.core.download.Crawler - doNext: http://central.maven.org/maven2/ant/ant-apache-bsf/1.6.3/maven-metadata.xml.sha1
18:46:14.804 [pool-1-thread-10] TRACE f.m.i.core.client.JerseyHttpClient - download: http://central.maven.org/maven2/ant/ant-antlr/1.6/
18:46:14.804 [pool-1-thread-4] TRACE f.m.indexer.core.download.Crawler - getLinks: <!DOCTYPE html>
<html>

<head>
	<title>Central Repository: ant/ant-apache-bsf/1.6.5</title>
	<meta name="viewport" content="width=device-width, initial-scale=1.0">
	<style>
body {
	background: #fff;
}
	</style>
</head>

<body>
	<header>
		<h1>ant/ant-apache-bsf/1.6.5</h1>
	</header>
	<hr/>
	<main>
		<pre id="contents">
<a href="../">../</a>
<a href="ant-apache-bsf-1.6.5.jar" title="ant-apache-bsf-1.6.5.jar">ant-apache-bsf-1.6.5.jar</a>                          2005-09-20 05:44     12597      
<a href="ant-apache-bsf-1.6.5.jar.md5" title="ant-apache-bsf-1.6.5.jar.md5">ant-apache-bsf-1.6.5.jar.md5</a>                      2005-09-20 05:44        32      
<a href="ant-apache-bsf-1.6.5.jar.sha1" title="ant-apache-bsf-1.6.5.jar.sha1">ant-apache-bsf-1.6.5.jar.sha1</a>                     2005-09-20 05:44        40      
<a href="ant-apache-bsf-1.6.5.pom" title="ant-apache-bsf-1.6.5.pom">ant-apache-bsf-1.6.5.pom</a>                          2005-09-20 05:44       151      
<a href="ant-apache-bsf-1.6.5.pom.md5" title="ant-apache-bsf-1.6.5.pom.md5">ant-apache-bsf-1.6.5.pom.md5</a>                      2005-09-20 05:44        32      
<a href="ant-apache-bsf-1.6.5.pom.sha1" title="ant-apache-bsf-1.6.5.pom.sha1">ant-apache-bsf-1.6.5.pom.sha1</a>                     2005-09-20 05:44        40      
<a href="maven-metadata.xml" title="maven-metadata.xml">maven-metadata.xml</a>                                2005-09-20 05:44       116      
<a href="maven-metadata.xml.md5" title="maven-metadata.xml.md5">maven-metadata.xml.md5</a>                            2005-09-20 05:44        80      
<a href="maven-metadata.xml.sha1" title="maven-metadata.xml.sha1">maven-metadata.xml.sha1</a>                           2005-09-20 05:44       135      
		</pre>
	</main>
	<hr/>
</body>

</html>
18:46:14.820 [pool-1-thread-4] TRACE f.m.indexer.core.download.Crawler - getFullUrl: http://central.maven.org/maven2/ant/ant-apache-bsf/1.6.5/, ../)
18:46:14.820 [pool-1-thread-4] TRACE f.m.indexer.core.download.Crawler - getFullUrl: http://central.maven.org/maven2/ant/ant-apache-bsf/1.6.5/, ant-apache-bsf-1.6.5.jar)
18:46:14.820 [pool-1-thread-4] TRACE f.m.indexer.core.download.Crawler - getFullUrl: http://central.maven.org/maven2/ant/ant-apache-bsf/1.6.5/, ant-apache-bsf-1.6.5.jar.md5)
18:46:14.820 [pool-1-thread-4] TRACE f.m.indexer.core.download.Crawler - getFullUrl: http://central.maven.org/maven2/ant/ant-apache-bsf/1.6.5/, ant-apache-bsf-1.6.5.jar.sha1)
18:46:14.820 [pool-1-thread-4] TRACE f.m.indexer.core.download.Crawler - getFullUrl: http://central.maven.org/maven2/ant/ant-apache-bsf/1.6.5/, ant-apache-bsf-1.6.5.pom)
18:46:14.820 [pool-1-thread-4] TRACE f.m.indexer.core.download.Crawler - getFullUrl: http://central.maven.org/maven2/ant/ant-apache-bsf/1.6.5/, ant-apache-bsf-1.6.5.pom.md5)
18:46:14.820 [pool-1-thread-4] TRACE f.m.indexer.core.download.Crawler - getFullUrl: http://central.maven.org/maven2/ant/ant-apache-bsf/1.6.5/, ant-apache-bsf-1.6.5.pom.sha1)
18:46:14.820 [pool-1-thread-4] TRACE f.m.indexer.core.download.Crawler - getFullUrl: http://central.maven.org/maven2/ant/ant-apache-bsf/1.6.5/, maven-metadata.xml)
18:46:14.820 [pool-1-thread-4] TRACE f.m.indexer.core.download.Crawler - getFullUrl: http://central.maven.org/maven2/ant/ant-apache-bsf/1.6.5/, maven-metadata.xml.md5)
18:46:14.820 [pool-1-thread-4] TRACE f.m.indexer.core.download.Crawler - getFullUrl: http://central.maven.org/maven2/ant/ant-apache-bsf/1.6.5/, maven-metadata.xml.sha1)
18:46:14.820 [pool-1-thread-4] TRACE f.m.indexer.core.download.Crawler - doNext: http://central.maven.org/maven2/ant/ant-apache-bsf/1.6.5/../
18:46:14.820 [pool-1-thread-4] TRACE f.m.indexer.core.download.Crawler - doNext: http://central.maven.org/maven2/ant/ant-apache-bsf/1.6.5/ant-apache-bsf-1.6.5.jar
18:46:14.820 [pool-1-thread-4] TRACE f.m.indexer.core.download.Crawler - doNext: http://central.maven.org/maven2/ant/ant-apache-bsf/1.6.5/ant-apache-bsf-1.6.5.jar.md5
18:46:14.820 [pool-1-thread-4] TRACE f.m.indexer.core.download.Crawler - doNext: http://central.maven.org/maven2/ant/ant-apache-bsf/1.6.5/ant-apache-bsf-1.6.5.jar.sha1
18:46:14.820 [pool-1-thread-4] TRACE f.m.indexer.core.download.Crawler - doNext: http://central.maven.org/maven2/ant/ant-apache-bsf/1.6.5/ant-apache-bsf-1.6.5.pom
18:46:14.820 [pool-1-thread-4] TRACE f.m.indexer.core.download.Crawler - doNext: http://central.maven.org/maven2/ant/ant-apache-bsf/1.6.5/ant-apache-bsf-1.6.5.pom.md5
18:46:14.820 [pool-1-thread-4] TRACE f.m.indexer.core.download.Crawler - doNext: http://central.maven.org/maven2/ant/ant-apache-bsf/1.6.5/ant-apache-bsf-1.6.5.pom.sha1
18:46:14.820 [pool-1-thread-4] TRACE f.m.indexer.core.download.Crawler - doNext: http://central.maven.org/maven2/ant/ant-apache-bsf/1.6.5/maven-metadata.xml
18:46:14.820 [pool-1-thread-4] TRACE f.m.indexer.core.download.Crawler - match: http://central.maven.org/maven2/ant/ant-apache-bsf/1.6.5/maven-metadata.xml
18:46:14.820 [pool-1-thread-4] TRACE f.m.indexer.core.download.Crawler - doNext: http://central.maven.org/maven2/ant/ant-apache-bsf/1.6.5/maven-metadata.xml.md5
18:46:14.820 [pool-1-thread-4] TRACE f.m.indexer.core.download.Crawler - doNext: http://central.maven.org/maven2/ant/ant-apache-bsf/1.6.5/maven-metadata.xml.sha1
18:46:14.820 [pool-1-thread-4] TRACE f.m.i.core.client.JerseyHttpClient - download: http://central.maven.org/maven2/ant/ant-antlr/1.6.1/
18:46:14.820 [pool-1-thread-2] TRACE f.m.indexer.core.download.Crawler - getLinks: <!DOCTYPE html>
<html>

<head>
	<title>Central Repository: ant/ant-apache-bsf/1.6.2</title>
	<meta name="viewport" content="width=device-width, initial-scale=1.0">
	<style>
body {
	background: #fff;
}
	</style>
</head>

<body>
	<header>
		<h1>ant/ant-apache-bsf/1.6.2</h1>
	</header>
	<hr/>
	<main>
		<pre id="contents">
<a href="../">../</a>
<a href="ant-apache-bsf-1.6.2.jar" title="ant-apache-bsf-1.6.2.jar">ant-apache-bsf-1.6.2.jar</a>                          2005-09-20 05:44     12589      
<a href="ant-apache-bsf-1.6.2.jar.md5" title="ant-apache-bsf-1.6.2.jar.md5">ant-apache-bsf-1.6.2.jar.md5</a>                      2005-09-20 05:44        32      
<a href="ant-apache-bsf-1.6.2.jar.sha1" title="ant-apache-bsf-1.6.2.jar.sha1">ant-apache-bsf-1.6.2.jar.sha1</a>                     2005-09-20 05:44        40      
<a href="ant-apache-bsf-1.6.2.pom" title="ant-apache-bsf-1.6.2.pom">ant-apache-bsf-1.6.2.pom</a>                          2005-09-20 05:44       151      
<a href="ant-apache-bsf-1.6.2.pom.md5" title="ant-apache-bsf-1.6.2.pom.md5">ant-apache-bsf-1.6.2.pom.md5</a>                      2005-09-20 05:44        32      
<a href="ant-apache-bsf-1.6.2.pom.sha1" title="ant-apache-bsf-1.6.2.pom.sha1">ant-apache-bsf-1.6.2.pom.sha1</a>                     2005-09-20 05:44        40      
<a href="maven-metadata.xml" title="maven-metadata.xml">maven-metadata.xml</a>                                2005-09-20 05:44       116      
<a href="maven-metadata.xml.md5" title="maven-metadata.xml.md5">maven-metadata.xml.md5</a>                            2005-09-20 05:44        80      
<a href="maven-metadata.xml.sha1" title="maven-metadata.xml.sha1">maven-metadata.xml.sha1</a>                           2005-09-20 05:44       135      
		</pre>
	</main>
	<hr/>
</body>

</html>
18:46:14.820 [pool-1-thread-2] TRACE f.m.indexer.core.download.Crawler - getFullUrl: http://central.maven.org/maven2/ant/ant-apache-bsf/1.6.2/, ../)
18:46:14.820 [pool-1-thread-2] TRACE f.m.indexer.core.download.Crawler - getFullUrl: http://central.maven.org/maven2/ant/ant-apache-bsf/1.6.2/, ant-apache-bsf-1.6.2.jar)
18:46:14.820 [pool-1-thread-2] TRACE f.m.indexer.core.download.Crawler - getFullUrl: http://central.maven.org/maven2/ant/ant-apache-bsf/1.6.2/, ant-apache-bsf-1.6.2.jar.md5)
18:46:14.820 [pool-1-thread-2] TRACE f.m.indexer.core.download.Crawler - getFullUrl: http://central.maven.org/maven2/ant/ant-apache-bsf/1.6.2/, ant-apache-bsf-1.6.2.jar.sha1)
18:46:14.820 [pool-1-thread-2] TRACE f.m.indexer.core.download.Crawler - getFullUrl: http://central.maven.org/maven2/ant/ant-apache-bsf/1.6.2/, ant-apache-bsf-1.6.2.pom)
18:46:14.820 [pool-1-thread-2] TRACE f.m.indexer.core.download.Crawler - getFullUrl: http://central.maven.org/maven2/ant/ant-apache-bsf/1.6.2/, ant-apache-bsf-1.6.2.pom.md5)
18:46:14.820 [pool-1-thread-2] TRACE f.m.indexer.core.download.Crawler - getFullUrl: http://central.maven.org/maven2/ant/ant-apache-bsf/1.6.2/, ant-apache-bsf-1.6.2.pom.sha1)
18:46:14.820 [pool-1-thread-2] TRACE f.m.indexer.core.download.Crawler - getFullUrl: http://central.maven.org/maven2/ant/ant-apache-bsf/1.6.2/, maven-metadata.xml)
18:46:14.820 [pool-1-thread-2] TRACE f.m.indexer.core.download.Crawler - getFullUrl: http://central.maven.org/maven2/ant/ant-apache-bsf/1.6.2/, maven-metadata.xml.md5)
18:46:14.820 [pool-1-thread-2] TRACE f.m.indexer.core.download.Crawler - getFullUrl: http://central.maven.org/maven2/ant/ant-apache-bsf/1.6.2/, maven-metadata.xml.sha1)
18:46:14.820 [pool-1-thread-2] TRACE f.m.indexer.core.download.Crawler - doNext: http://central.maven.org/maven2/ant/ant-apache-bsf/1.6.2/../
18:46:14.820 [pool-1-thread-2] TRACE f.m.indexer.core.download.Crawler - doNext: http://central.maven.org/maven2/ant/ant-apache-bsf/1.6.2/ant-apache-bsf-1.6.2.jar
18:46:14.820 [pool-1-thread-2] TRACE f.m.indexer.core.download.Crawler - doNext: http://central.maven.org/maven2/ant/ant-apache-bsf/1.6.2/ant-apache-bsf-1.6.2.jar.md5
18:46:14.820 [pool-1-thread-2] TRACE f.m.indexer.core.download.Crawler - doNext: http://central.maven.org/maven2/ant/ant-apache-bsf/1.6.2/ant-apache-bsf-1.6.2.jar.sha1
18:46:14.820 [pool-1-thread-2] TRACE f.m.indexer.core.download.Crawler - doNext: http://central.maven.org/maven2/ant/ant-apache-bsf/1.6.2/ant-apache-bsf-1.6.2.pom
18:46:14.820 [pool-1-thread-2] TRACE f.m.indexer.core.download.Crawler - doNext: http://central.maven.org/maven2/ant/ant-apache-bsf/1.6.2/ant-apache-bsf-1.6.2.pom.md5
18:46:14.820 [pool-1-thread-2] TRACE f.m.indexer.core.download.Crawler - doNext: http://central.maven.org/maven2/ant/ant-apache-bsf/1.6.2/ant-apache-bsf-1.6.2.pom.sha1
18:46:14.820 [pool-1-thread-2] TRACE f.m.indexer.core.download.Crawler - doNext: http://central.maven.org/maven2/ant/ant-apache-bsf/1.6.2/maven-metadata.xml
18:46:14.820 [pool-1-thread-2] TRACE f.m.indexer.core.download.Crawler - match: http://central.maven.org/maven2/ant/ant-apache-bsf/1.6.2/maven-metadata.xml
18:46:14.820 [pool-1-thread-2] TRACE f.m.indexer.core.download.Crawler - doNext: http://central.maven.org/maven2/ant/ant-apache-bsf/1.6.2/maven-metadata.xml.md5
18:46:14.820 [pool-1-thread-2] TRACE f.m.indexer.core.download.Crawler - doNext: http://central.maven.org/maven2/ant/ant-apache-bsf/1.6.2/maven-metadata.xml.sha1
18:46:14.820 [pool-1-thread-2] TRACE f.m.i.core.client.JerseyHttpClient - download: http://central.maven.org/maven2/ant/ant-antlr/1.6.2/
18:46:14.820 [pool-1-thread-6] TRACE f.m.indexer.artifact.MetadataHandler - match: http://central.maven.org/maven2/ant/ant-apache-bsf/maven-metadata.xml
18:46:14.820 [pool-1-thread-6] TRACE f.m.i.core.client.JerseyHttpClient - download: http://central.maven.org/maven2/ant/ant-antlr/1.6.3/
18:46:14.835 [pool-1-thread-1] TRACE f.m.indexer.core.download.Crawler - getLinks: <!DOCTYPE html>
<html>

<head>
	<title>Central Repository: ant/ant-apache-bcel/1.6.3</title>
	<meta name="viewport" content="width=device-width, initial-scale=1.0">
	<style>
body {
	background: #fff;
}
	</style>
</head>

<body>
	<header>
		<h1>ant/ant-apache-bcel/1.6.3</h1>
	</header>
	<hr/>
	<main>
		<pre id="contents">
<a href="../">../</a>
<a href="ant-apache-bcel-1.6.3.jar" title="ant-apache-bcel-1.6.3.jar">ant-apache-bcel-1.6.3.jar</a>                         2005-09-20 05:44      8617      
<a href="ant-apache-bcel-1.6.3.jar.md5" title="ant-apache-bcel-1.6.3.jar.md5">ant-apache-bcel-1.6.3.jar.md5</a>                     2005-09-20 05:44        32      
<a href="ant-apache-bcel-1.6.3.jar.sha1" title="ant-apache-bcel-1.6.3.jar.sha1">ant-apache-bcel-1.6.3.jar.sha1</a>                    2005-09-20 05:44        40      
<a href="ant-apache-bcel-1.6.3.pom" title="ant-apache-bcel-1.6.3.pom">ant-apache-bcel-1.6.3.pom</a>                         2005-09-20 05:44       152      
<a href="ant-apache-bcel-1.6.3.pom.md5" title="ant-apache-bcel-1.6.3.pom.md5">ant-apache-bcel-1.6.3.pom.md5</a>                     2005-09-20 05:44        32      
<a href="ant-apache-bcel-1.6.3.pom.sha1" title="ant-apache-bcel-1.6.3.pom.sha1">ant-apache-bcel-1.6.3.pom.sha1</a>                    2005-09-20 05:44        40      
<a href="maven-metadata.xml" title="maven-metadata.xml">maven-metadata.xml</a>                                2005-09-20 05:44       117      
<a href="maven-metadata.xml.md5" title="maven-metadata.xml.md5">maven-metadata.xml.md5</a>                            2005-09-20 05:44        81      
<a href="maven-metadata.xml.sha1" title="maven-metadata.xml.sha1">maven-metadata.xml.sha1</a>                           2005-09-20 05:44       136      
		</pre>
	</main>
	<hr/>
</body>

</html>
18:46:14.835 [pool-1-thread-1] TRACE f.m.indexer.core.download.Crawler - getFullUrl: http://central.maven.org/maven2/ant/ant-apache-bcel/1.6.3/, ../)
18:46:14.835 [pool-1-thread-1] TRACE f.m.indexer.core.download.Crawler - getFullUrl: http://central.maven.org/maven2/ant/ant-apache-bcel/1.6.3/, ant-apache-bcel-1.6.3.jar)
18:46:14.835 [pool-1-thread-1] TRACE f.m.indexer.core.download.Crawler - getFullUrl: http://central.maven.org/maven2/ant/ant-apache-bcel/1.6.3/, ant-apache-bcel-1.6.3.jar.md5)
18:46:14.835 [pool-1-thread-1] TRACE f.m.indexer.core.download.Crawler - getFullUrl: http://central.maven.org/maven2/ant/ant-apache-bcel/1.6.3/, ant-apache-bcel-1.6.3.jar.sha1)
18:46:14.835 [pool-1-thread-1] TRACE f.m.indexer.core.download.Crawler - getFullUrl: http://central.maven.org/maven2/ant/ant-apache-bcel/1.6.3/, ant-apache-bcel-1.6.3.pom)
18:46:14.835 [pool-1-thread-1] TRACE f.m.indexer.core.download.Crawler - getFullUrl: http://central.maven.org/maven2/ant/ant-apache-bcel/1.6.3/, ant-apache-bcel-1.6.3.pom.md5)
18:46:14.835 [pool-1-thread-1] TRACE f.m.indexer.core.download.Crawler - getFullUrl: http://central.maven.org/maven2/ant/ant-apache-bcel/1.6.3/, ant-apache-bcel-1.6.3.pom.sha1)
18:46:14.835 [pool-1-thread-1] TRACE f.m.indexer.core.download.Crawler - getFullUrl: http://central.maven.org/maven2/ant/ant-apache-bcel/1.6.3/, maven-metadata.xml)
18:46:14.835 [pool-1-thread-1] TRACE f.m.indexer.core.download.Crawler - getFullUrl: http://central.maven.org/maven2/ant/ant-apache-bcel/1.6.3/, maven-metadata.xml.md5)
18:46:14.835 [pool-1-thread-1] TRACE f.m.indexer.core.download.Crawler - getFullUrl: http://central.maven.org/maven2/ant/ant-apache-bcel/1.6.3/, maven-metadata.xml.sha1)
18:46:14.835 [pool-1-thread-1] TRACE f.m.indexer.core.download.Crawler - doNext: http://central.maven.org/maven2/ant/ant-apache-bcel/1.6.3/../
18:46:14.835 [pool-1-thread-1] TRACE f.m.indexer.core.download.Crawler - doNext: http://central.maven.org/maven2/ant/ant-apache-bcel/1.6.3/ant-apache-bcel-1.6.3.jar
18:46:14.835 [pool-1-thread-1] TRACE f.m.indexer.core.download.Crawler - doNext: http://central.maven.org/maven2/ant/ant-apache-bcel/1.6.3/ant-apache-bcel-1.6.3.jar.md5
18:46:14.835 [pool-1-thread-1] TRACE f.m.indexer.core.download.Crawler - doNext: http://central.maven.org/maven2/ant/ant-apache-bcel/1.6.3/ant-apache-bcel-1.6.3.jar.sha1
18:46:14.835 [pool-1-thread-1] TRACE f.m.indexer.core.download.Crawler - doNext: http://central.maven.org/maven2/ant/ant-apache-bcel/1.6.3/ant-apache-bcel-1.6.3.pom
18:46:14.835 [pool-1-thread-1] TRACE f.m.indexer.core.download.Crawler - doNext: http://central.maven.org/maven2/ant/ant-apache-bcel/1.6.3/ant-apache-bcel-1.6.3.pom.md5
18:46:14.835 [pool-1-thread-1] TRACE f.m.indexer.core.download.Crawler - doNext: http://central.maven.org/maven2/ant/ant-apache-bcel/1.6.3/ant-apache-bcel-1.6.3.pom.sha1
18:46:14.835 [pool-1-thread-1] TRACE f.m.indexer.core.download.Crawler - doNext: http://central.maven.org/maven2/ant/ant-apache-bcel/1.6.3/maven-metadata.xml
18:46:14.835 [pool-1-thread-1] TRACE f.m.indexer.core.download.Crawler - match: http://central.maven.org/maven2/ant/ant-apache-bcel/1.6.3/maven-metadata.xml
18:46:14.835 [pool-1-thread-1] TRACE f.m.indexer.core.download.Crawler - doNext: http://central.maven.org/maven2/ant/ant-apache-bcel/1.6.3/maven-metadata.xml.md5
18:46:14.835 [pool-1-thread-1] TRACE f.m.indexer.core.download.Crawler - doNext: http://central.maven.org/maven2/ant/ant-apache-bcel/1.6.3/maven-metadata.xml.sha1
18:46:14.835 [pool-1-thread-1] TRACE f.m.i.core.client.JerseyHttpClient - download: http://central.maven.org/maven2/ant/ant-antlr/1.6.4/
18:46:14.835 [pool-1-thread-9] TRACE f.m.indexer.core.download.Crawler - getLinks: <!DOCTYPE html>
<html>

<head>
	<title>Central Repository: ant/ant-apache-bcel/1.6.4</title>
	<meta name="viewport" content="width=device-width, initial-scale=1.0">
	<style>
body {
	background: #fff;
}
	</style>
</head>

<body>
	<header>
		<h1>ant/ant-apache-bcel/1.6.4</h1>
	</header>
	<hr/>
	<main>
		<pre id="contents">
<a href="../">../</a>
<a href="ant-apache-bcel-1.6.4.jar" title="ant-apache-bcel-1.6.4.jar">ant-apache-bcel-1.6.4.jar</a>                         2005-09-20 05:44      8617      
<a href="ant-apache-bcel-1.6.4.jar.md5" title="ant-apache-bcel-1.6.4.jar.md5">ant-apache-bcel-1.6.4.jar.md5</a>                     2005-09-20 05:44        32      
<a href="ant-apache-bcel-1.6.4.jar.sha1" title="ant-apache-bcel-1.6.4.jar.sha1">ant-apache-bcel-1.6.4.jar.sha1</a>                    2005-09-20 05:44        40      
<a href="ant-apache-bcel-1.6.4.pom" title="ant-apache-bcel-1.6.4.pom">ant-apache-bcel-1.6.4.pom</a>                         2005-09-20 05:44       152      
<a href="ant-apache-bcel-1.6.4.pom.md5" title="ant-apache-bcel-1.6.4.pom.md5">ant-apache-bcel-1.6.4.pom.md5</a>                     2005-09-20 05:44        32      
<a href="ant-apache-bcel-1.6.4.pom.sha1" title="ant-apache-bcel-1.6.4.pom.sha1">ant-apache-bcel-1.6.4.pom.sha1</a>                    2005-09-20 05:44        40      
<a href="maven-metadata.xml" title="maven-metadata.xml">maven-metadata.xml</a>                                2005-09-20 05:44       117      
<a href="maven-metadata.xml.md5" title="maven-metadata.xml.md5">maven-metadata.xml.md5</a>                            2005-09-20 05:44        81      
<a href="maven-metadata.xml.sha1" title="maven-metadata.xml.sha1">maven-metadata.xml.sha1</a>                           2005-09-20 05:44       136      
		</pre>
	</main>
	<hr/>
</body>

</html>
18:46:14.835 [pool-1-thread-9] TRACE f.m.indexer.core.download.Crawler - getFullUrl: http://central.maven.org/maven2/ant/ant-apache-bcel/1.6.4/, ../)
18:46:14.835 [pool-1-thread-9] TRACE f.m.indexer.core.download.Crawler - getFullUrl: http://central.maven.org/maven2/ant/ant-apache-bcel/1.6.4/, ant-apache-bcel-1.6.4.jar)
18:46:14.835 [pool-1-thread-9] TRACE f.m.indexer.core.download.Crawler - getFullUrl: http://central.maven.org/maven2/ant/ant-apache-bcel/1.6.4/, ant-apache-bcel-1.6.4.jar.md5)
18:46:14.835 [pool-1-thread-9] TRACE f.m.indexer.core.download.Crawler - getFullUrl: http://central.maven.org/maven2/ant/ant-apache-bcel/1.6.4/, ant-apache-bcel-1.6.4.jar.sha1)
18:46:14.835 [pool-1-thread-9] TRACE f.m.indexer.core.download.Crawler - getFullUrl: http://central.maven.org/maven2/ant/ant-apache-bcel/1.6.4/, ant-apache-bcel-1.6.4.pom)
18:46:14.835 [pool-1-thread-9] TRACE f.m.indexer.core.download.Crawler - getFullUrl: http://central.maven.org/maven2/ant/ant-apache-bcel/1.6.4/, ant-apache-bcel-1.6.4.pom.md5)
18:46:14.835 [pool-1-thread-9] TRACE f.m.indexer.core.download.Crawler - getFullUrl: http://central.maven.org/maven2/ant/ant-apache-bcel/1.6.4/, ant-apache-bcel-1.6.4.pom.sha1)
18:46:14.835 [pool-1-thread-9] TRACE f.m.indexer.core.download.Crawler - getFullUrl: http://central.maven.org/maven2/ant/ant-apache-bcel/1.6.4/, maven-metadata.xml)
18:46:14.835 [pool-1-thread-9] TRACE f.m.indexer.core.download.Crawler - getFullUrl: http://central.maven.org/maven2/ant/ant-apache-bcel/1.6.4/, maven-metadata.xml.md5)
18:46:14.835 [pool-1-thread-9] TRACE f.m.indexer.core.download.Crawler - getFullUrl: http://central.maven.org/maven2/ant/ant-apache-bcel/1.6.4/, maven-metadata.xml.sha1)
18:46:14.835 [pool-1-thread-9] TRACE f.m.indexer.core.download.Crawler - doNext: http://central.maven.org/maven2/ant/ant-apache-bcel/1.6.4/../
18:46:14.835 [pool-1-thread-9] TRACE f.m.indexer.core.download.Crawler - doNext: http://central.maven.org/maven2/ant/ant-apache-bcel/1.6.4/ant-apache-bcel-1.6.4.jar
18:46:14.835 [pool-1-thread-9] TRACE f.m.indexer.core.download.Crawler - doNext: http://central.maven.org/maven2/ant/ant-apache-bcel/1.6.4/ant-apache-bcel-1.6.4.jar.md5
18:46:14.835 [pool-1-thread-9] TRACE f.m.indexer.core.download.Crawler - doNext: http://central.maven.org/maven2/ant/ant-apache-bcel/1.6.4/ant-apache-bcel-1.6.4.jar.sha1
18:46:14.835 [pool-1-thread-9] TRACE f.m.indexer.core.download.Crawler - doNext: http://central.maven.org/maven2/ant/ant-apache-bcel/1.6.4/ant-apache-bcel-1.6.4.pom
18:46:14.835 [pool-1-thread-9] TRACE f.m.indexer.core.download.Crawler - doNext: http://central.maven.org/maven2/ant/ant-apache-bcel/1.6.4/ant-apache-bcel-1.6.4.pom.md5
18:46:14.835 [pool-1-thread-9] TRACE f.m.indexer.core.download.Crawler - doNext: http://central.maven.org/maven2/ant/ant-apache-bcel/1.6.4/ant-apache-bcel-1.6.4.pom.sha1
18:46:14.835 [pool-1-thread-9] TRACE f.m.indexer.core.download.Crawler - doNext: http://central.maven.org/maven2/ant/ant-apache-bcel/1.6.4/maven-metadata.xml
18:46:14.835 [pool-1-thread-9] TRACE f.m.indexer.core.download.Crawler - match: http://central.maven.org/maven2/ant/ant-apache-bcel/1.6.4/maven-metadata.xml
18:46:14.835 [pool-1-thread-9] TRACE f.m.indexer.core.download.Crawler - doNext: http://central.maven.org/maven2/ant/ant-apache-bcel/1.6.4/maven-metadata.xml.md5
18:46:14.835 [pool-1-thread-9] TRACE f.m.indexer.core.download.Crawler - doNext: http://central.maven.org/maven2/ant/ant-apache-bcel/1.6.4/maven-metadata.xml.sha1
18:46:14.835 [pool-1-thread-9] TRACE f.m.i.core.client.JerseyHttpClient - download: http://central.maven.org/maven2/ant/ant-antlr/1.6.5/
18:46:14.835 [pool-1-thread-8] TRACE f.m.indexer.core.download.Crawler - getLinks: <!DOCTYPE html>
<html>

<head>
	<title>Central Repository: ant/ant-apache-bsf/1.6.1</title>
	<meta name="viewport" content="width=device-width, initial-scale=1.0">
	<style>
body {
	background: #fff;
}
	</style>
</head>

<body>
	<header>
		<h1>ant/ant-apache-bsf/1.6.1</h1>
	</header>
	<hr/>
	<main>
		<pre id="contents">
<a href="../">../</a>
<a href="ant-apache-bsf-1.6.1.jar" title="ant-apache-bsf-1.6.1.jar">ant-apache-bsf-1.6.1.jar</a>                          2005-09-20 05:44     12483      
<a href="ant-apache-bsf-1.6.1.jar.md5" title="ant-apache-bsf-1.6.1.jar.md5">ant-apache-bsf-1.6.1.jar.md5</a>                      2005-09-20 05:44        32      
<a href="ant-apache-bsf-1.6.1.jar.sha1" title="ant-apache-bsf-1.6.1.jar.sha1">ant-apache-bsf-1.6.1.jar.sha1</a>                     2005-09-20 05:44        40      
<a href="ant-apache-bsf-1.6.1.pom" title="ant-apache-bsf-1.6.1.pom">ant-apache-bsf-1.6.1.pom</a>                          2005-09-20 05:44       151      
<a href="ant-apache-bsf-1.6.1.pom.md5" title="ant-apache-bsf-1.6.1.pom.md5">ant-apache-bsf-1.6.1.pom.md5</a>                      2005-09-20 05:44        32      
<a href="ant-apache-bsf-1.6.1.pom.sha1" title="ant-apache-bsf-1.6.1.pom.sha1">ant-apache-bsf-1.6.1.pom.sha1</a>                     2005-09-20 05:44        40      
<a href="maven-metadata.xml" title="maven-metadata.xml">maven-metadata.xml</a>                                2005-09-20 05:44       116      
<a href="maven-metadata.xml.md5" title="maven-metadata.xml.md5">maven-metadata.xml.md5</a>                            2005-09-20 05:44        80      
<a href="maven-metadata.xml.sha1" title="maven-metadata.xml.sha1">maven-metadata.xml.sha1</a>                           2005-09-20 05:44       135      
		</pre>
	</main>
	<hr/>
</body>

</html>
18:46:14.835 [pool-1-thread-8] TRACE f.m.indexer.core.download.Crawler - getFullUrl: http://central.maven.org/maven2/ant/ant-apache-bsf/1.6.1/, ../)
18:46:14.835 [pool-1-thread-8] TRACE f.m.indexer.core.download.Crawler - getFullUrl: http://central.maven.org/maven2/ant/ant-apache-bsf/1.6.1/, ant-apache-bsf-1.6.1.jar)
18:46:14.835 [pool-1-thread-8] TRACE f.m.indexer.core.download.Crawler - getFullUrl: http://central.maven.org/maven2/ant/ant-apache-bsf/1.6.1/, ant-apache-bsf-1.6.1.jar.md5)
18:46:14.835 [pool-1-thread-8] TRACE f.m.indexer.core.download.Crawler - getFullUrl: http://central.maven.org/maven2/ant/ant-apache-bsf/1.6.1/, ant-apache-bsf-1.6.1.jar.sha1)
18:46:14.835 [pool-1-thread-8] TRACE f.m.indexer.core.download.Crawler - getFullUrl: http://central.maven.org/maven2/ant/ant-apache-bsf/1.6.1/, ant-apache-bsf-1.6.1.pom)
18:46:14.835 [pool-1-thread-8] TRACE f.m.indexer.core.download.Crawler - getFullUrl: http://central.maven.org/maven2/ant/ant-apache-bsf/1.6.1/, ant-apache-bsf-1.6.1.pom.md5)
18:46:14.835 [pool-1-thread-8] TRACE f.m.indexer.core.download.Crawler - getFullUrl: http://central.maven.org/maven2/ant/ant-apache-bsf/1.6.1/, ant-apache-bsf-1.6.1.pom.sha1)
18:46:14.835 [pool-1-thread-8] TRACE f.m.indexer.core.download.Crawler - getFullUrl: http://central.maven.org/maven2/ant/ant-apache-bsf/1.6.1/, maven-metadata.xml)
18:46:14.835 [pool-1-thread-8] TRACE f.m.indexer.core.download.Crawler - getFullUrl: http://central.maven.org/maven2/ant/ant-apache-bsf/1.6.1/, maven-metadata.xml.md5)
18:46:14.835 [pool-1-thread-8] TRACE f.m.indexer.core.download.Crawler - getFullUrl: http://central.maven.org/maven2/ant/ant-apache-bsf/1.6.1/, maven-metadata.xml.sha1)
18:46:14.835 [pool-1-thread-8] TRACE f.m.indexer.core.download.Crawler - doNext: http://central.maven.org/maven2/ant/ant-apache-bsf/1.6.1/../
18:46:14.835 [pool-1-thread-8] TRACE f.m.indexer.core.download.Crawler - doNext: http://central.maven.org/maven2/ant/ant-apache-bsf/1.6.1/ant-apache-bsf-1.6.1.jar
18:46:14.835 [pool-1-thread-8] TRACE f.m.indexer.core.download.Crawler - doNext: http://central.maven.org/maven2/ant/ant-apache-bsf/1.6.1/ant-apache-bsf-1.6.1.jar.md5
18:46:14.835 [pool-1-thread-8] TRACE f.m.indexer.core.download.Crawler - doNext: http://central.maven.org/maven2/ant/ant-apache-bsf/1.6.1/ant-apache-bsf-1.6.1.jar.sha1
18:46:14.835 [pool-1-thread-8] TRACE f.m.indexer.core.download.Crawler - doNext: http://central.maven.org/maven2/ant/ant-apache-bsf/1.6.1/ant-apache-bsf-1.6.1.pom
18:46:14.835 [pool-1-thread-8] TRACE f.m.indexer.core.download.Crawler - doNext: http://central.maven.org/maven2/ant/ant-apache-bsf/1.6.1/ant-apache-bsf-1.6.1.pom.md5
18:46:14.835 [pool-1-thread-8] TRACE f.m.indexer.core.download.Crawler - doNext: http://central.maven.org/maven2/ant/ant-apache-bsf/1.6.1/ant-apache-bsf-1.6.1.pom.sha1
18:46:14.835 [pool-1-thread-8] TRACE f.m.indexer.core.download.Crawler - doNext: http://central.maven.org/maven2/ant/ant-apache-bsf/1.6.1/maven-metadata.xml
18:46:14.835 [pool-1-thread-8] TRACE f.m.indexer.core.download.Crawler - match: http://central.maven.org/maven2/ant/ant-apache-bsf/1.6.1/maven-metadata.xml
18:46:14.835 [pool-1-thread-8] TRACE f.m.indexer.core.download.Crawler - doNext: http://central.maven.org/maven2/ant/ant-apache-bsf/1.6.1/maven-metadata.xml.md5
18:46:14.835 [pool-1-thread-8] TRACE f.m.indexer.core.download.Crawler - doNext: http://central.maven.org/maven2/ant/ant-apache-bsf/1.6.1/maven-metadata.xml.sha1
18:46:14.835 [pool-1-thread-8] TRACE f.m.i.core.client.JerseyHttpClient - download: http://central.maven.org/maven2/ant/ant-antlr/maven-metadata.xml
18:46:14.835 [pool-1-thread-3] TRACE f.m.indexer.core.download.Crawler - getLinks: <!DOCTYPE html>
<html>

<head>
	<title>Central Repository: ant/ant-apache-bcel/1.6.2</title>
	<meta name="viewport" content="width=device-width, initial-scale=1.0">
	<style>
body {
	background: #fff;
}
	</style>
</head>

<body>
	<header>
		<h1>ant/ant-apache-bcel/1.6.2</h1>
	</header>
	<hr/>
	<main>
		<pre id="contents">
<a href="../">../</a>
<a href="ant-apache-bcel-1.6.2.jar" title="ant-apache-bcel-1.6.2.jar">ant-apache-bcel-1.6.2.jar</a>                         2005-09-20 05:44      8609      
<a href="ant-apache-bcel-1.6.2.jar.md5" title="ant-apache-bcel-1.6.2.jar.md5">ant-apache-bcel-1.6.2.jar.md5</a>                     2005-09-20 05:44        32      
<a href="ant-apache-bcel-1.6.2.jar.sha1" title="ant-apache-bcel-1.6.2.jar.sha1">ant-apache-bcel-1.6.2.jar.sha1</a>                    2005-09-20 05:44        40      
<a href="ant-apache-bcel-1.6.2.pom" title="ant-apache-bcel-1.6.2.pom">ant-apache-bcel-1.6.2.pom</a>                         2005-09-20 05:44       152      
<a href="ant-apache-bcel-1.6.2.pom.md5" title="ant-apache-bcel-1.6.2.pom.md5">ant-apache-bcel-1.6.2.pom.md5</a>                     2005-09-20 05:44        32      
<a href="ant-apache-bcel-1.6.2.pom.sha1" title="ant-apache-bcel-1.6.2.pom.sha1">ant-apache-bcel-1.6.2.pom.sha1</a>                    2005-09-20 05:44        40      
<a href="maven-metadata.xml" title="maven-metadata.xml">maven-metadata.xml</a>                                2005-09-20 05:44       117      
<a href="maven-metadata.xml.md5" title="maven-metadata.xml.md5">maven-metadata.xml.md5</a>                            2005-09-20 05:44        81      
<a href="maven-metadata.xml.sha1" title="maven-metadata.xml.sha1">maven-metadata.xml.sha1</a>                           2005-09-20 05:44       136      
		</pre>
	</main>
	<hr/>
</body>

</html>
18:46:14.835 [pool-1-thread-3] TRACE f.m.indexer.core.download.Crawler - getFullUrl: http://central.maven.org/maven2/ant/ant-apache-bcel/1.6.2/, ../)
18:46:14.835 [pool-1-thread-3] TRACE f.m.indexer.core.download.Crawler - getFullUrl: http://central.maven.org/maven2/ant/ant-apache-bcel/1.6.2/, ant-apache-bcel-1.6.2.jar)
18:46:14.835 [pool-1-thread-3] TRACE f.m.indexer.core.download.Crawler - getFullUrl: http://central.maven.org/maven2/ant/ant-apache-bcel/1.6.2/, ant-apache-bcel-1.6.2.jar.md5)
18:46:14.835 [pool-1-thread-3] TRACE f.m.indexer.core.download.Crawler - getFullUrl: http://central.maven.org/maven2/ant/ant-apache-bcel/1.6.2/, ant-apache-bcel-1.6.2.jar.sha1)
18:46:14.835 [pool-1-thread-3] TRACE f.m.indexer.core.download.Crawler - getFullUrl: http://central.maven.org/maven2/ant/ant-apache-bcel/1.6.2/, ant-apache-bcel-1.6.2.pom)
18:46:14.835 [pool-1-thread-3] TRACE f.m.indexer.core.download.Crawler - getFullUrl: http://central.maven.org/maven2/ant/ant-apache-bcel/1.6.2/, ant-apache-bcel-1.6.2.pom.md5)
18:46:14.835 [pool-1-thread-3] TRACE f.m.indexer.core.download.Crawler - getFullUrl: http://central.maven.org/maven2/ant/ant-apache-bcel/1.6.2/, ant-apache-bcel-1.6.2.pom.sha1)
18:46:14.835 [pool-1-thread-3] TRACE f.m.indexer.core.download.Crawler - getFullUrl: http://central.maven.org/maven2/ant/ant-apache-bcel/1.6.2/, maven-metadata.xml)
18:46:14.835 [pool-1-thread-3] TRACE f.m.indexer.core.download.Crawler - getFullUrl: http://central.maven.org/maven2/ant/ant-apache-bcel/1.6.2/, maven-metadata.xml.md5)
18:46:14.835 [pool-1-thread-3] TRACE f.m.indexer.core.download.Crawler - getFullUrl: http://central.maven.org/maven2/ant/ant-apache-bcel/1.6.2/, maven-metadata.xml.sha1)
18:46:14.835 [pool-1-thread-3] TRACE f.m.indexer.core.download.Crawler - doNext: http://central.maven.org/maven2/ant/ant-apache-bcel/1.6.2/../
18:46:14.835 [pool-1-thread-3] TRACE f.m.indexer.core.download.Crawler - doNext: http://central.maven.org/maven2/ant/ant-apache-bcel/1.6.2/ant-apache-bcel-1.6.2.jar
18:46:14.835 [pool-1-thread-3] TRACE f.m.indexer.core.download.Crawler - doNext: http://central.maven.org/maven2/ant/ant-apache-bcel/1.6.2/ant-apache-bcel-1.6.2.jar.md5
18:46:14.835 [pool-1-thread-3] TRACE f.m.indexer.core.download.Crawler - doNext: http://central.maven.org/maven2/ant/ant-apache-bcel/1.6.2/ant-apache-bcel-1.6.2.jar.sha1
18:46:14.835 [pool-1-thread-3] TRACE f.m.indexer.core.download.Crawler - doNext: http://central.maven.org/maven2/ant/ant-apache-bcel/1.6.2/ant-apache-bcel-1.6.2.pom
18:46:14.835 [pool-1-thread-3] TRACE f.m.indexer.core.download.Crawler - doNext: http://central.maven.org/maven2/ant/ant-apache-bcel/1.6.2/ant-apache-bcel-1.6.2.pom.md5
18:46:14.835 [pool-1-thread-3] TRACE f.m.indexer.core.download.Crawler - doNext: http://central.maven.org/maven2/ant/ant-apache-bcel/1.6.2/ant-apache-bcel-1.6.2.pom.sha1
18:46:14.835 [pool-1-thread-3] TRACE f.m.indexer.core.download.Crawler - doNext: http://central.maven.org/maven2/ant/ant-apache-bcel/1.6.2/maven-metadata.xml
18:46:14.835 [pool-1-thread-3] TRACE f.m.indexer.core.download.Crawler - match: http://central.maven.org/maven2/ant/ant-apache-bcel/1.6.2/maven-metadata.xml
18:46:14.835 [pool-1-thread-3] TRACE f.m.indexer.core.download.Crawler - doNext: http://central.maven.org/maven2/ant/ant-apache-bcel/1.6.2/maven-metadata.xml.md5
18:46:14.835 [pool-1-thread-3] TRACE f.m.indexer.core.download.Crawler - doNext: http://central.maven.org/maven2/ant/ant-apache-bcel/1.6.2/maven-metadata.xml.sha1
18:46:14.835 [pool-1-thread-3] TRACE f.m.i.core.client.JerseyHttpClient - download: http://central.maven.org/maven2/ant/ant-jakarta-bcel/1.6/
18:46:14.898 [pool-1-thread-5] TRACE f.m.indexer.core.download.Crawler - getLinks: <!DOCTYPE html>
<html>

<head>
	<title>Central Repository: ant/ant-apache-bcel/1.6.5</title>
	<meta name="viewport" content="width=device-width, initial-scale=1.0">
	<style>
body {
	background: #fff;
}
	</style>
</head>

<body>
	<header>
		<h1>ant/ant-apache-bcel/1.6.5</h1>
	</header>
	<hr/>
	<main>
		<pre id="contents">
<a href="../">../</a>
<a href="ant-apache-bcel-1.6.5.jar" title="ant-apache-bcel-1.6.5.jar">ant-apache-bcel-1.6.5.jar</a>                         2005-09-20 05:44      8617      
<a href="ant-apache-bcel-1.6.5.jar.md5" title="ant-apache-bcel-1.6.5.jar.md5">ant-apache-bcel-1.6.5.jar.md5</a>                     2005-09-20 05:44        32      
<a href="ant-apache-bcel-1.6.5.jar.sha1" title="ant-apache-bcel-1.6.5.jar.sha1">ant-apache-bcel-1.6.5.jar.sha1</a>                    2005-09-20 05:44        40      
<a href="ant-apache-bcel-1.6.5.pom" title="ant-apache-bcel-1.6.5.pom">ant-apache-bcel-1.6.5.pom</a>                         2005-09-20 05:44       152      
<a href="ant-apache-bcel-1.6.5.pom.md5" title="ant-apache-bcel-1.6.5.pom.md5">ant-apache-bcel-1.6.5.pom.md5</a>                     2005-09-20 05:44        32      
<a href="ant-apache-bcel-1.6.5.pom.sha1" title="ant-apache-bcel-1.6.5.pom.sha1">ant-apache-bcel-1.6.5.pom.sha1</a>                    2005-09-20 05:44        40      
<a href="maven-metadata.xml" title="maven-metadata.xml">maven-metadata.xml</a>                                2005-09-20 05:44       117      
<a href="maven-metadata.xml.md5" title="maven-metadata.xml.md5">maven-metadata.xml.md5</a>                            2005-09-20 05:44        81      
<a href="maven-metadata.xml.sha1" title="maven-metadata.xml.sha1">maven-metadata.xml.sha1</a>                           2005-09-20 05:44       136      
		</pre>
	</main>
	<hr/>
</body>

</html>
18:46:14.898 [pool-1-thread-5] TRACE f.m.indexer.core.download.Crawler - getFullUrl: http://central.maven.org/maven2/ant/ant-apache-bcel/1.6.5/, ../)
18:46:14.898 [pool-1-thread-5] TRACE f.m.indexer.core.download.Crawler - getFullUrl: http://central.maven.org/maven2/ant/ant-apache-bcel/1.6.5/, ant-apache-bcel-1.6.5.jar)
18:46:14.898 [pool-1-thread-5] TRACE f.m.indexer.core.download.Crawler - getFullUrl: http://central.maven.org/maven2/ant/ant-apache-bcel/1.6.5/, ant-apache-bcel-1.6.5.jar.md5)
18:46:14.898 [pool-1-thread-5] TRACE f.m.indexer.core.download.Crawler - getFullUrl: http://central.maven.org/maven2/ant/ant-apache-bcel/1.6.5/, ant-apache-bcel-1.6.5.jar.sha1)
18:46:14.898 [pool-1-thread-5] TRACE f.m.indexer.core.download.Crawler - getFullUrl: http://central.maven.org/maven2/ant/ant-apache-bcel/1.6.5/, ant-apache-bcel-1.6.5.pom)
18:46:14.898 [pool-1-thread-5] TRACE f.m.indexer.core.download.Crawler - getFullUrl: http://central.maven.org/maven2/ant/ant-apache-bcel/1.6.5/, ant-apache-bcel-1.6.5.pom.md5)
18:46:14.898 [pool-1-thread-5] TRACE f.m.indexer.core.download.Crawler - getFullUrl: http://central.maven.org/maven2/ant/ant-apache-bcel/1.6.5/, ant-apache-bcel-1.6.5.pom.sha1)
18:46:14.898 [pool-1-thread-5] TRACE f.m.indexer.core.download.Crawler - getFullUrl: http://central.maven.org/maven2/ant/ant-apache-bcel/1.6.5/, maven-metadata.xml)
18:46:14.898 [pool-1-thread-5] TRACE f.m.indexer.core.download.Crawler - getFullUrl: http://central.maven.org/maven2/ant/ant-apache-bcel/1.6.5/, maven-metadata.xml.md5)
18:46:14.898 [pool-1-thread-5] TRACE f.m.indexer.core.download.Crawler - getFullUrl: http://central.maven.org/maven2/ant/ant-apache-bcel/1.6.5/, maven-metadata.xml.sha1)
18:46:14.898 [pool-1-thread-5] TRACE f.m.indexer.core.download.Crawler - doNext: http://central.maven.org/maven2/ant/ant-apache-bcel/1.6.5/../
18:46:14.898 [pool-1-thread-5] TRACE f.m.indexer.core.download.Crawler - doNext: http://central.maven.org/maven2/ant/ant-apache-bcel/1.6.5/ant-apache-bcel-1.6.5.jar
18:46:14.898 [pool-1-thread-5] TRACE f.m.indexer.core.download.Crawler - doNext: http://central.maven.org/maven2/ant/ant-apache-bcel/1.6.5/ant-apache-bcel-1.6.5.jar.md5
18:46:14.898 [pool-1-thread-5] TRACE f.m.indexer.core.download.Crawler - doNext: http://central.maven.org/maven2/ant/ant-apache-bcel/1.6.5/ant-apache-bcel-1.6.5.jar.sha1
18:46:14.898 [pool-1-thread-5] TRACE f.m.indexer.core.download.Crawler - doNext: http://central.maven.org/maven2/ant/ant-apache-bcel/1.6.5/ant-apache-bcel-1.6.5.pom
18:46:14.898 [pool-1-thread-5] TRACE f.m.indexer.core.download.Crawler - doNext: http://central.maven.org/maven2/ant/ant-apache-bcel/1.6.5/ant-apache-bcel-1.6.5.pom.md5
18:46:14.898 [pool-1-thread-5] TRACE f.m.indexer.core.download.Crawler - doNext: http://central.maven.org/maven2/ant/ant-apache-bcel/1.6.5/ant-apache-bcel-1.6.5.pom.sha1
18:46:14.898 [pool-1-thread-5] TRACE f.m.indexer.core.download.Crawler - doNext: http://central.maven.org/maven2/ant/ant-apache-bcel/1.6.5/maven-metadata.xml
18:46:14.898 [pool-1-thread-5] TRACE f.m.indexer.core.download.Crawler - match: http://central.maven.org/maven2/ant/ant-apache-bcel/1.6.5/maven-metadata.xml
18:46:14.898 [pool-1-thread-5] TRACE f.m.indexer.core.download.Crawler - doNext: http://central.maven.org/maven2/ant/ant-apache-bcel/1.6.5/maven-metadata.xml.md5
18:46:14.898 [pool-1-thread-5] TRACE f.m.indexer.core.download.Crawler - doNext: http://central.maven.org/maven2/ant/ant-apache-bcel/1.6.5/maven-metadata.xml.sha1
18:46:14.898 [pool-1-thread-5] TRACE f.m.i.core.client.JerseyHttpClient - download: http://central.maven.org/maven2/ant/ant-jakarta-bcel/1.6.1/
18:46:14.898 [pool-1-thread-7] TRACE f.m.indexer.artifact.MetadataHandler - match: http://central.maven.org/maven2/ant/ant-apache-bcel/maven-metadata.xml
18:46:14.898 [pool-1-thread-7] TRACE f.m.i.core.client.JerseyHttpClient - download: http://central.maven.org/maven2/ant/ant-jakarta-bcel/maven-metadata.xml
18:46:14.913 [pool-1-thread-10] TRACE f.m.indexer.core.download.Crawler - getLinks: <!DOCTYPE html>
<html>

<head>
	<title>Central Repository: ant/ant-antlr/1.6</title>
	<meta name="viewport" content="width=device-width, initial-scale=1.0">
	<style>
body {
	background: #fff;
}
	</style>
</head>

<body>
	<header>
		<h1>ant/ant-antlr/1.6</h1>
	</header>
	<hr/>
	<main>
		<pre id="contents">
<a href="../">../</a>
<a href="ant-antlr-1.6.jar" title="ant-antlr-1.6.jar">ant-antlr-1.6.jar</a>                                 2005-09-20 05:44      5652      
<a href="ant-antlr-1.6.jar.md5" title="ant-antlr-1.6.jar.md5">ant-antlr-1.6.jar.md5</a>                             2005-09-20 05:44        32      
<a href="ant-antlr-1.6.jar.sha1" title="ant-antlr-1.6.jar.sha1">ant-antlr-1.6.jar.sha1</a>                            2005-09-20 05:44        40      
<a href="ant-antlr-1.6.pom" title="ant-antlr-1.6.pom">ant-antlr-1.6.pom</a>                                 2005-09-20 05:44       144      
<a href="ant-antlr-1.6.pom.md5" title="ant-antlr-1.6.pom.md5">ant-antlr-1.6.pom.md5</a>                             2005-09-20 05:44        32      
<a href="ant-antlr-1.6.pom.sha1" title="ant-antlr-1.6.pom.sha1">ant-antlr-1.6.pom.sha1</a>                            2005-09-20 05:44        40      
<a href="maven-metadata.xml" title="maven-metadata.xml">maven-metadata.xml</a>                                2005-09-20 05:44       109      
<a href="maven-metadata.xml.md5" title="maven-metadata.xml.md5">maven-metadata.xml.md5</a>                            2005-09-20 05:44        73      
<a href="maven-metadata.xml.sha1" title="maven-metadata.xml.sha1">maven-metadata.xml.sha1</a>                           2005-09-20 05:44       128      
		</pre>
	</main>
	<hr/>
</body>

</html>
18:46:14.913 [pool-1-thread-10] TRACE f.m.indexer.core.download.Crawler - getFullUrl: http://central.maven.org/maven2/ant/ant-antlr/1.6/, ../)
18:46:14.913 [pool-1-thread-10] TRACE f.m.indexer.core.download.Crawler - getFullUrl: http://central.maven.org/maven2/ant/ant-antlr/1.6/, ant-antlr-1.6.jar)
18:46:14.913 [pool-1-thread-10] TRACE f.m.indexer.core.download.Crawler - getFullUrl: http://central.maven.org/maven2/ant/ant-antlr/1.6/, ant-antlr-1.6.jar.md5)
18:46:14.913 [pool-1-thread-10] TRACE f.m.indexer.core.download.Crawler - getFullUrl: http://central.maven.org/maven2/ant/ant-antlr/1.6/, ant-antlr-1.6.jar.sha1)
18:46:14.913 [pool-1-thread-10] TRACE f.m.indexer.core.download.Crawler - getFullUrl: http://central.maven.org/maven2/ant/ant-antlr/1.6/, ant-antlr-1.6.pom)
18:46:14.913 [pool-1-thread-10] TRACE f.m.indexer.core.download.Crawler - getFullUrl: http://central.maven.org/maven2/ant/ant-antlr/1.6/, ant-antlr-1.6.pom.md5)
18:46:14.913 [pool-1-thread-10] TRACE f.m.indexer.core.download.Crawler - getFullUrl: http://central.maven.org/maven2/ant/ant-antlr/1.6/, ant-antlr-1.6.pom.sha1)
18:46:14.913 [pool-1-thread-10] TRACE f.m.indexer.core.download.Crawler - getFullUrl: http://central.maven.org/maven2/ant/ant-antlr/1.6/, maven-metadata.xml)
18:46:14.913 [pool-1-thread-10] TRACE f.m.indexer.core.download.Crawler - getFullUrl: http://central.maven.org/maven2/ant/ant-antlr/1.6/, maven-metadata.xml.md5)
18:46:14.913 [pool-1-thread-10] TRACE f.m.indexer.core.download.Crawler - getFullUrl: http://central.maven.org/maven2/ant/ant-antlr/1.6/, maven-metadata.xml.sha1)
18:46:14.913 [pool-1-thread-10] TRACE f.m.indexer.core.download.Crawler - doNext: http://central.maven.org/maven2/ant/ant-antlr/1.6/../
18:46:14.913 [pool-1-thread-10] TRACE f.m.indexer.core.download.Crawler - doNext: http://central.maven.org/maven2/ant/ant-antlr/1.6/ant-antlr-1.6.jar
18:46:14.913 [pool-1-thread-10] TRACE f.m.indexer.core.download.Crawler - doNext: http://central.maven.org/maven2/ant/ant-antlr/1.6/ant-antlr-1.6.jar.md5
18:46:14.913 [pool-1-thread-10] TRACE f.m.indexer.core.download.Crawler - doNext: http://central.maven.org/maven2/ant/ant-antlr/1.6/ant-antlr-1.6.jar.sha1
18:46:14.913 [pool-1-thread-10] TRACE f.m.indexer.core.download.Crawler - doNext: http://central.maven.org/maven2/ant/ant-antlr/1.6/ant-antlr-1.6.pom
18:46:14.913 [pool-1-thread-10] TRACE f.m.indexer.core.download.Crawler - doNext: http://central.maven.org/maven2/ant/ant-antlr/1.6/ant-antlr-1.6.pom.md5
18:46:14.913 [pool-1-thread-10] TRACE f.m.indexer.core.download.Crawler - doNext: http://central.maven.org/maven2/ant/ant-antlr/1.6/ant-antlr-1.6.pom.sha1
18:46:14.913 [pool-1-thread-10] TRACE f.m.indexer.core.download.Crawler - doNext: http://central.maven.org/maven2/ant/ant-antlr/1.6/maven-metadata.xml
18:46:14.913 [pool-1-thread-10] TRACE f.m.indexer.core.download.Crawler - match: http://central.maven.org/maven2/ant/ant-antlr/1.6/maven-metadata.xml
18:46:14.913 [pool-1-thread-10] TRACE f.m.indexer.core.download.Crawler - doNext: http://central.maven.org/maven2/ant/ant-antlr/1.6/maven-metadata.xml.md5
18:46:14.913 [pool-1-thread-10] TRACE f.m.indexer.core.download.Crawler - doNext: http://central.maven.org/maven2/ant/ant-antlr/1.6/maven-metadata.xml.sha1
18:46:14.913 [pool-1-thread-10] TRACE f.m.i.core.client.JerseyHttpClient - download: http://central.maven.org/maven2/ant/ant-jakarta-log4j/1.6/
18:46:14.913 [pool-1-thread-4] TRACE f.m.indexer.core.download.Crawler - getLinks: <!DOCTYPE html>
<html>

<head>
	<title>Central Repository: ant/ant-antlr/1.6.1</title>
	<meta name="viewport" content="width=device-width, initial-scale=1.0">
	<style>
body {
	background: #fff;
}
	</style>
</head>

<body>
	<header>
		<h1>ant/ant-antlr/1.6.1</h1>
	</header>
	<hr/>
	<main>
		<pre id="contents">
<a href="../">../</a>
<a href="ant-antlr-1.6.1.jar" title="ant-antlr-1.6.1.jar">ant-antlr-1.6.1.jar</a>                               2005-09-20 05:44      5650      
<a href="ant-antlr-1.6.1.jar.md5" title="ant-antlr-1.6.1.jar.md5">ant-antlr-1.6.1.jar.md5</a>                           2005-09-20 05:44        32      
<a href="ant-antlr-1.6.1.jar.sha1" title="ant-antlr-1.6.1.jar.sha1">ant-antlr-1.6.1.jar.sha1</a>                          2005-09-20 05:44        40      
<a href="ant-antlr-1.6.1.pom" title="ant-antlr-1.6.1.pom">ant-antlr-1.6.1.pom</a>                               2005-09-20 05:44       146      
<a href="ant-antlr-1.6.1.pom.md5" title="ant-antlr-1.6.1.pom.md5">ant-antlr-1.6.1.pom.md5</a>                           2005-09-20 05:44        32      
<a href="ant-antlr-1.6.1.pom.sha1" title="ant-antlr-1.6.1.pom.sha1">ant-antlr-1.6.1.pom.sha1</a>                          2005-09-20 05:44        40      
<a href="maven-metadata.xml" title="maven-metadata.xml">maven-metadata.xml</a>                                2005-09-20 05:44       111      
<a href="maven-metadata.xml.md5" title="maven-metadata.xml.md5">maven-metadata.xml.md5</a>                            2005-09-20 05:44        75      
<a href="maven-metadata.xml.sha1" title="maven-metadata.xml.sha1">maven-metadata.xml.sha1</a>                           2005-09-20 05:44       130      
		</pre>
	</main>
	<hr/>
</body>

</html>
18:46:14.913 [pool-1-thread-4] TRACE f.m.indexer.core.download.Crawler - getFullUrl: http://central.maven.org/maven2/ant/ant-antlr/1.6.1/, ../)
18:46:14.913 [pool-1-thread-4] TRACE f.m.indexer.core.download.Crawler - getFullUrl: http://central.maven.org/maven2/ant/ant-antlr/1.6.1/, ant-antlr-1.6.1.jar)
18:46:14.913 [pool-1-thread-4] TRACE f.m.indexer.core.download.Crawler - getFullUrl: http://central.maven.org/maven2/ant/ant-antlr/1.6.1/, ant-antlr-1.6.1.jar.md5)
18:46:14.913 [pool-1-thread-4] TRACE f.m.indexer.core.download.Crawler - getFullUrl: http://central.maven.org/maven2/ant/ant-antlr/1.6.1/, ant-antlr-1.6.1.jar.sha1)
18:46:14.913 [pool-1-thread-4] TRACE f.m.indexer.core.download.Crawler - getFullUrl: http://central.maven.org/maven2/ant/ant-antlr/1.6.1/, ant-antlr-1.6.1.pom)
18:46:14.913 [pool-1-thread-4] TRACE f.m.indexer.core.download.Crawler - getFullUrl: http://central.maven.org/maven2/ant/ant-antlr/1.6.1/, ant-antlr-1.6.1.pom.md5)
18:46:14.913 [pool-1-thread-4] TRACE f.m.indexer.core.download.Crawler - getFullUrl: http://central.maven.org/maven2/ant/ant-antlr/1.6.1/, ant-antlr-1.6.1.pom.sha1)
18:46:14.913 [pool-1-thread-4] TRACE f.m.indexer.core.download.Crawler - getFullUrl: http://central.maven.org/maven2/ant/ant-antlr/1.6.1/, maven-metadata.xml)
18:46:14.913 [pool-1-thread-4] TRACE f.m.indexer.core.download.Crawler - getFullUrl: http://central.maven.org/maven2/ant/ant-antlr/1.6.1/, maven-metadata.xml.md5)
18:46:14.913 [pool-1-thread-4] TRACE f.m.indexer.core.download.Crawler - getFullUrl: http://central.maven.org/maven2/ant/ant-antlr/1.6.1/, maven-metadata.xml.sha1)
18:46:14.913 [pool-1-thread-4] TRACE f.m.indexer.core.download.Crawler - doNext: http://central.maven.org/maven2/ant/ant-antlr/1.6.1/../
18:46:14.913 [pool-1-thread-4] TRACE f.m.indexer.core.download.Crawler - doNext: http://central.maven.org/maven2/ant/ant-antlr/1.6.1/ant-antlr-1.6.1.jar
18:46:14.913 [pool-1-thread-4] TRACE f.m.indexer.core.download.Crawler - doNext: http://central.maven.org/maven2/ant/ant-antlr/1.6.1/ant-antlr-1.6.1.jar.md5
18:46:14.913 [pool-1-thread-4] TRACE f.m.indexer.core.download.Crawler - doNext: http://central.maven.org/maven2/ant/ant-antlr/1.6.1/ant-antlr-1.6.1.jar.sha1
18:46:14.913 [pool-1-thread-4] TRACE f.m.indexer.core.download.Crawler - doNext: http://central.maven.org/maven2/ant/ant-antlr/1.6.1/ant-antlr-1.6.1.pom
18:46:14.913 [pool-1-thread-4] TRACE f.m.indexer.core.download.Crawler - doNext: http://central.maven.org/maven2/ant/ant-antlr/1.6.1/ant-antlr-1.6.1.pom.md5
18:46:14.913 [pool-1-thread-4] TRACE f.m.indexer.core.download.Crawler - doNext: http://central.maven.org/maven2/ant/ant-antlr/1.6.1/ant-antlr-1.6.1.pom.sha1
18:46:14.913 [pool-1-thread-4] TRACE f.m.indexer.core.download.Crawler - doNext: http://central.maven.org/maven2/ant/ant-antlr/1.6.1/maven-metadata.xml
18:46:14.913 [pool-1-thread-4] TRACE f.m.indexer.core.download.Crawler - match: http://central.maven.org/maven2/ant/ant-antlr/1.6.1/maven-metadata.xml
18:46:14.913 [pool-1-thread-4] TRACE f.m.indexer.core.download.Crawler - doNext: http://central.maven.org/maven2/ant/ant-antlr/1.6.1/maven-metadata.xml.md5
18:46:14.913 [pool-1-thread-4] TRACE f.m.indexer.core.download.Crawler - doNext: http://central.maven.org/maven2/ant/ant-antlr/1.6.1/maven-metadata.xml.sha1
18:46:14.913 [pool-1-thread-4] TRACE f.m.i.core.client.JerseyHttpClient - download: http://central.maven.org/maven2/ant/ant-jakarta-log4j/1.6.1/
18:46:14.929 [pool-1-thread-2] TRACE f.m.indexer.core.download.Crawler - getLinks: <!DOCTYPE html>
<html>

<head>
	<title>Central Repository: ant/ant-antlr/1.6.2</title>
	<meta name="viewport" content="width=device-width, initial-scale=1.0">
	<style>
body {
	background: #fff;
}
	</style>
</head>

<body>
	<header>
		<h1>ant/ant-antlr/1.6.2</h1>
	</header>
	<hr/>
	<main>
		<pre id="contents">
<a href="../">../</a>
<a href="ant-antlr-1.6.2.jar" title="ant-antlr-1.6.2.jar">ant-antlr-1.6.2.jar</a>                               2005-09-20 05:44      5659      
<a href="ant-antlr-1.6.2.jar.md5" title="ant-antlr-1.6.2.jar.md5">ant-antlr-1.6.2.jar.md5</a>                           2005-09-20 05:44        32      
<a href="ant-antlr-1.6.2.jar.sha1" title="ant-antlr-1.6.2.jar.sha1">ant-antlr-1.6.2.jar.sha1</a>                          2005-09-20 05:44        40      
<a href="ant-antlr-1.6.2.pom" title="ant-antlr-1.6.2.pom">ant-antlr-1.6.2.pom</a>                               2005-09-20 05:44       146      
<a href="ant-antlr-1.6.2.pom.md5" title="ant-antlr-1.6.2.pom.md5">ant-antlr-1.6.2.pom.md5</a>                           2005-09-20 05:44        32      
<a href="ant-antlr-1.6.2.pom.sha1" title="ant-antlr-1.6.2.pom.sha1">ant-antlr-1.6.2.pom.sha1</a>                          2005-09-20 05:44        40      
<a href="maven-metadata.xml" title="maven-metadata.xml">maven-metadata.xml</a>                                2005-09-20 05:44       111      
<a href="maven-metadata.xml.md5" title="maven-metadata.xml.md5">maven-metadata.xml.md5</a>                            2005-09-20 05:44        75      
<a href="maven-metadata.xml.sha1" title="maven-metadata.xml.sha1">maven-metadata.xml.sha1</a>                           2005-09-20 05:44       130      
		</pre>
	</main>
	<hr/>
</body>

</html>
18:46:14.929 [pool-1-thread-2] TRACE f.m.indexer.core.download.Crawler - getFullUrl: http://central.maven.org/maven2/ant/ant-antlr/1.6.2/, ../)
18:46:14.929 [pool-1-thread-2] TRACE f.m.indexer.core.download.Crawler - getFullUrl: http://central.maven.org/maven2/ant/ant-antlr/1.6.2/, ant-antlr-1.6.2.jar)
18:46:14.929 [pool-1-thread-2] TRACE f.m.indexer.core.download.Crawler - getFullUrl: http://central.maven.org/maven2/ant/ant-antlr/1.6.2/, ant-antlr-1.6.2.jar.md5)
18:46:14.929 [pool-1-thread-2] TRACE f.m.indexer.core.download.Crawler - getFullUrl: http://central.maven.org/maven2/ant/ant-antlr/1.6.2/, ant-antlr-1.6.2.jar.sha1)
18:46:14.929 [pool-1-thread-2] TRACE f.m.indexer.core.download.Crawler - getFullUrl: http://central.maven.org/maven2/ant/ant-antlr/1.6.2/, ant-antlr-1.6.2.pom)
18:46:14.929 [pool-1-thread-2] TRACE f.m.indexer.core.download.Crawler - getFullUrl: http://central.maven.org/maven2/ant/ant-antlr/1.6.2/, ant-antlr-1.6.2.pom.md5)
18:46:14.929 [pool-1-thread-2] TRACE f.m.indexer.core.download.Crawler - getFullUrl: http://central.maven.org/maven2/ant/ant-antlr/1.6.2/, ant-antlr-1.6.2.pom.sha1)
18:46:14.929 [pool-1-thread-2] TRACE f.m.indexer.core.download.Crawler - getFullUrl: http://central.maven.org/maven2/ant/ant-antlr/1.6.2/, maven-metadata.xml)
18:46:14.929 [pool-1-thread-2] TRACE f.m.indexer.core.download.Crawler - getFullUrl: http://central.maven.org/maven2/ant/ant-antlr/1.6.2/, maven-metadata.xml.md5)
18:46:14.929 [pool-1-thread-2] TRACE f.m.indexer.core.download.Crawler - getFullUrl: http://central.maven.org/maven2/ant/ant-antlr/1.6.2/, maven-metadata.xml.sha1)
18:46:14.929 [pool-1-thread-2] TRACE f.m.indexer.core.download.Crawler - doNext: http://central.maven.org/maven2/ant/ant-antlr/1.6.2/../
18:46:14.929 [pool-1-thread-2] TRACE f.m.indexer.core.download.Crawler - doNext: http://central.maven.org/maven2/ant/ant-antlr/1.6.2/ant-antlr-1.6.2.jar
18:46:14.929 [pool-1-thread-2] TRACE f.m.indexer.core.download.Crawler - doNext: http://central.maven.org/maven2/ant/ant-antlr/1.6.2/ant-antlr-1.6.2.jar.md5
18:46:14.929 [pool-1-thread-2] TRACE f.m.indexer.core.download.Crawler - doNext: http://central.maven.org/maven2/ant/ant-antlr/1.6.2/ant-antlr-1.6.2.jar.sha1
18:46:14.929 [pool-1-thread-2] TRACE f.m.indexer.core.download.Crawler - doNext: http://central.maven.org/maven2/ant/ant-antlr/1.6.2/ant-antlr-1.6.2.pom
18:46:14.929 [pool-1-thread-2] TRACE f.m.indexer.core.download.Crawler - doNext: http://central.maven.org/maven2/ant/ant-antlr/1.6.2/ant-antlr-1.6.2.pom.md5
18:46:14.929 [pool-1-thread-2] TRACE f.m.indexer.core.download.Crawler - doNext: http://central.maven.org/maven2/ant/ant-antlr/1.6.2/ant-antlr-1.6.2.pom.sha1
18:46:14.929 [pool-1-thread-2] TRACE f.m.indexer.core.download.Crawler - doNext: http://central.maven.org/maven2/ant/ant-antlr/1.6.2/maven-metadata.xml
18:46:14.929 [pool-1-thread-2] TRACE f.m.indexer.core.download.Crawler - match: http://central.maven.org/maven2/ant/ant-antlr/1.6.2/maven-metadata.xml
18:46:14.929 [pool-1-thread-2] TRACE f.m.indexer.core.download.Crawler - doNext: http://central.maven.org/maven2/ant/ant-antlr/1.6.2/maven-metadata.xml.md5
18:46:14.929 [pool-1-thread-2] TRACE f.m.indexer.core.download.Crawler - doNext: http://central.maven.org/maven2/ant/ant-antlr/1.6.2/maven-metadata.xml.sha1
18:46:14.929 [pool-1-thread-2] TRACE f.m.i.core.client.JerseyHttpClient - download: http://central.maven.org/maven2/ant/ant-jakarta-log4j/maven-metadata.xml
18:46:14.929 [pool-1-thread-6] TRACE f.m.indexer.core.download.Crawler - getLinks: <!DOCTYPE html>
<html>

<head>
	<title>Central Repository: ant/ant-antlr/1.6.3</title>
	<meta name="viewport" content="width=device-width, initial-scale=1.0">
	<style>
body {
	background: #fff;
}
	</style>
</head>

<body>
	<header>
		<h1>ant/ant-antlr/1.6.3</h1>
	</header>
	<hr/>
	<main>
		<pre id="contents">
<a href="../">../</a>
<a href="ant-antlr-1.6.3.jar" title="ant-antlr-1.6.3.jar">ant-antlr-1.6.3.jar</a>                               2005-09-20 05:44      5667      
<a href="ant-antlr-1.6.3.jar.md5" title="ant-antlr-1.6.3.jar.md5">ant-antlr-1.6.3.jar.md5</a>                           2005-09-20 05:44        32      
<a href="ant-antlr-1.6.3.jar.sha1" title="ant-antlr-1.6.3.jar.sha1">ant-antlr-1.6.3.jar.sha1</a>                          2005-09-20 05:44        40      
<a href="ant-antlr-1.6.3.pom" title="ant-antlr-1.6.3.pom">ant-antlr-1.6.3.pom</a>                               2005-09-20 05:44       146      
<a href="ant-antlr-1.6.3.pom.md5" title="ant-antlr-1.6.3.pom.md5">ant-antlr-1.6.3.pom.md5</a>                           2005-09-20 05:44        32      
<a href="ant-antlr-1.6.3.pom.sha1" title="ant-antlr-1.6.3.pom.sha1">ant-antlr-1.6.3.pom.sha1</a>                          2005-09-20 05:44        40      
<a href="maven-metadata.xml" title="maven-metadata.xml">maven-metadata.xml</a>                                2005-09-20 05:44       111      
<a href="maven-metadata.xml.md5" title="maven-metadata.xml.md5">maven-metadata.xml.md5</a>                            2005-09-20 05:44        75      
<a href="maven-metadata.xml.sha1" title="maven-metadata.xml.sha1">maven-metadata.xml.sha1</a>                           2005-09-20 05:44       130      
		</pre>
	</main>
	<hr/>
</body>

</html>
18:46:14.929 [pool-1-thread-6] TRACE f.m.indexer.core.download.Crawler - getFullUrl: http://central.maven.org/maven2/ant/ant-antlr/1.6.3/, ../)
18:46:14.929 [pool-1-thread-6] TRACE f.m.indexer.core.download.Crawler - getFullUrl: http://central.maven.org/maven2/ant/ant-antlr/1.6.3/, ant-antlr-1.6.3.jar)
18:46:14.929 [pool-1-thread-6] TRACE f.m.indexer.core.download.Crawler - getFullUrl: http://central.maven.org/maven2/ant/ant-antlr/1.6.3/, ant-antlr-1.6.3.jar.md5)
18:46:14.929 [pool-1-thread-6] TRACE f.m.indexer.core.download.Crawler - getFullUrl: http://central.maven.org/maven2/ant/ant-antlr/1.6.3/, ant-antlr-1.6.3.jar.sha1)
18:46:14.929 [pool-1-thread-6] TRACE f.m.indexer.core.download.Crawler - getFullUrl: http://central.maven.org/maven2/ant/ant-antlr/1.6.3/, ant-antlr-1.6.3.pom)
18:46:14.929 [pool-1-thread-6] TRACE f.m.indexer.core.download.Crawler - getFullUrl: http://central.maven.org/maven2/ant/ant-antlr/1.6.3/, ant-antlr-1.6.3.pom.md5)
18:46:14.929 [pool-1-thread-6] TRACE f.m.indexer.core.download.Crawler - getFullUrl: http://central.maven.org/maven2/ant/ant-antlr/1.6.3/, ant-antlr-1.6.3.pom.sha1)
18:46:14.929 [pool-1-thread-6] TRACE f.m.indexer.core.download.Crawler - getFullUrl: http://central.maven.org/maven2/ant/ant-antlr/1.6.3/, maven-metadata.xml)
18:46:14.929 [pool-1-thread-6] TRACE f.m.indexer.core.download.Crawler - getFullUrl: http://central.maven.org/maven2/ant/ant-antlr/1.6.3/, maven-metadata.xml.md5)
18:46:14.929 [pool-1-thread-6] TRACE f.m.indexer.core.download.Crawler - getFullUrl: http://central.maven.org/maven2/ant/ant-antlr/1.6.3/, maven-metadata.xml.sha1)
18:46:14.929 [pool-1-thread-6] TRACE f.m.indexer.core.download.Crawler - doNext: http://central.maven.org/maven2/ant/ant-antlr/1.6.3/../
18:46:14.929 [pool-1-thread-6] TRACE f.m.indexer.core.download.Crawler - doNext: http://central.maven.org/maven2/ant/ant-antlr/1.6.3/ant-antlr-1.6.3.jar
18:46:14.929 [pool-1-thread-6] TRACE f.m.indexer.core.download.Crawler - doNext: http://central.maven.org/maven2/ant/ant-antlr/1.6.3/ant-antlr-1.6.3.jar.md5
18:46:14.929 [pool-1-thread-6] TRACE f.m.indexer.core.download.Crawler - doNext: http://central.maven.org/maven2/ant/ant-antlr/1.6.3/ant-antlr-1.6.3.jar.sha1
18:46:14.929 [pool-1-thread-6] TRACE f.m.indexer.core.download.Crawler - doNext: http://central.maven.org/maven2/ant/ant-antlr/1.6.3/ant-antlr-1.6.3.pom
18:46:14.929 [pool-1-thread-6] TRACE f.m.indexer.core.download.Crawler - doNext: http://central.maven.org/maven2/ant/ant-antlr/1.6.3/ant-antlr-1.6.3.pom.md5
18:46:14.929 [pool-1-thread-6] TRACE f.m.indexer.core.download.Crawler - doNext: http://central.maven.org/maven2/ant/ant-antlr/1.6.3/ant-antlr-1.6.3.pom.sha1
18:46:14.929 [pool-1-thread-6] TRACE f.m.indexer.core.download.Crawler - doNext: http://central.maven.org/maven2/ant/ant-antlr/1.6.3/maven-metadata.xml
18:46:14.929 [pool-1-thread-6] TRACE f.m.indexer.core.download.Crawler - match: http://central.maven.org/maven2/ant/ant-antlr/1.6.3/maven-metadata.xml
18:46:14.929 [pool-1-thread-6] TRACE f.m.indexer.core.download.Crawler - doNext: http://central.maven.org/maven2/ant/ant-antlr/1.6.3/maven-metadata.xml.md5
18:46:14.929 [pool-1-thread-6] TRACE f.m.indexer.core.download.Crawler - doNext: http://central.maven.org/maven2/ant/ant-antlr/1.6.3/maven-metadata.xml.sha1
18:46:14.929 [pool-1-thread-6] TRACE f.m.i.core.client.JerseyHttpClient - download: http://central.maven.org/maven2/ant/ant-jakarta-oro/1.6/
18:46:14.945 [pool-1-thread-1] TRACE f.m.indexer.core.download.Crawler - getLinks: <!DOCTYPE html>
<html>

<head>
	<title>Central Repository: ant/ant-antlr/1.6.4</title>
	<meta name="viewport" content="width=device-width, initial-scale=1.0">
	<style>
body {
	background: #fff;
}
	</style>
</head>

<body>
	<header>
		<h1>ant/ant-antlr/1.6.4</h1>
	</header>
	<hr/>
	<main>
		<pre id="contents">
<a href="../">../</a>
<a href="ant-antlr-1.6.4.jar" title="ant-antlr-1.6.4.jar">ant-antlr-1.6.4.jar</a>                               2005-09-20 05:44      5667      
<a href="ant-antlr-1.6.4.jar.md5" title="ant-antlr-1.6.4.jar.md5">ant-antlr-1.6.4.jar.md5</a>                           2005-09-20 05:44        32      
<a href="ant-antlr-1.6.4.jar.sha1" title="ant-antlr-1.6.4.jar.sha1">ant-antlr-1.6.4.jar.sha1</a>                          2005-09-20 05:44        40      
<a href="ant-antlr-1.6.4.pom" title="ant-antlr-1.6.4.pom">ant-antlr-1.6.4.pom</a>                               2005-09-20 05:44       146      
<a href="ant-antlr-1.6.4.pom.md5" title="ant-antlr-1.6.4.pom.md5">ant-antlr-1.6.4.pom.md5</a>                           2005-09-20 05:44        32      
<a href="ant-antlr-1.6.4.pom.sha1" title="ant-antlr-1.6.4.pom.sha1">ant-antlr-1.6.4.pom.sha1</a>                          2005-09-20 05:44        40      
<a href="maven-metadata.xml" title="maven-metadata.xml">maven-metadata.xml</a>                                2005-09-20 05:44       111      
<a href="maven-metadata.xml.md5" title="maven-metadata.xml.md5">maven-metadata.xml.md5</a>                            2005-09-20 05:44        75      
<a href="maven-metadata.xml.sha1" title="maven-metadata.xml.sha1">maven-metadata.xml.sha1</a>                           2005-09-20 05:44       130      
		</pre>
	</main>
	<hr/>
</body>

</html>
18:46:14.945 [pool-1-thread-1] TRACE f.m.indexer.core.download.Crawler - getFullUrl: http://central.maven.org/maven2/ant/ant-antlr/1.6.4/, ../)
18:46:14.945 [pool-1-thread-1] TRACE f.m.indexer.core.download.Crawler - getFullUrl: http://central.maven.org/maven2/ant/ant-antlr/1.6.4/, ant-antlr-1.6.4.jar)
18:46:14.945 [pool-1-thread-1] TRACE f.m.indexer.core.download.Crawler - getFullUrl: http://central.maven.org/maven2/ant/ant-antlr/1.6.4/, ant-antlr-1.6.4.jar.md5)
18:46:14.945 [pool-1-thread-1] TRACE f.m.indexer.core.download.Crawler - getFullUrl: http://central.maven.org/maven2/ant/ant-antlr/1.6.4/, ant-antlr-1.6.4.jar.sha1)
18:46:14.945 [pool-1-thread-1] TRACE f.m.indexer.core.download.Crawler - getFullUrl: http://central.maven.org/maven2/ant/ant-antlr/1.6.4/, ant-antlr-1.6.4.pom)
18:46:14.945 [pool-1-thread-1] TRACE f.m.indexer.core.download.Crawler - getFullUrl: http://central.maven.org/maven2/ant/ant-antlr/1.6.4/, ant-antlr-1.6.4.pom.md5)
18:46:14.945 [pool-1-thread-1] TRACE f.m.indexer.core.download.Crawler - getFullUrl: http://central.maven.org/maven2/ant/ant-antlr/1.6.4/, ant-antlr-1.6.4.pom.sha1)
18:46:14.945 [pool-1-thread-1] TRACE f.m.indexer.core.download.Crawler - getFullUrl: http://central.maven.org/maven2/ant/ant-antlr/1.6.4/, maven-metadata.xml)
18:46:14.945 [pool-1-thread-1] TRACE f.m.indexer.core.download.Crawler - getFullUrl: http://central.maven.org/maven2/ant/ant-antlr/1.6.4/, maven-metadata.xml.md5)
18:46:14.945 [pool-1-thread-1] TRACE f.m.indexer.core.download.Crawler - getFullUrl: http://central.maven.org/maven2/ant/ant-antlr/1.6.4/, maven-metadata.xml.sha1)
18:46:14.945 [pool-1-thread-1] TRACE f.m.indexer.core.download.Crawler - doNext: http://central.maven.org/maven2/ant/ant-antlr/1.6.4/../
18:46:14.945 [pool-1-thread-1] TRACE f.m.indexer.core.download.Crawler - doNext: http://central.maven.org/maven2/ant/ant-antlr/1.6.4/ant-antlr-1.6.4.jar
18:46:14.945 [pool-1-thread-1] TRACE f.m.indexer.core.download.Crawler - doNext: http://central.maven.org/maven2/ant/ant-antlr/1.6.4/ant-antlr-1.6.4.jar.md5
18:46:14.945 [pool-1-thread-1] TRACE f.m.indexer.core.download.Crawler - doNext: http://central.maven.org/maven2/ant/ant-antlr/1.6.4/ant-antlr-1.6.4.jar.sha1
18:46:14.945 [pool-1-thread-1] TRACE f.m.indexer.core.download.Crawler - doNext: http://central.maven.org/maven2/ant/ant-antlr/1.6.4/ant-antlr-1.6.4.pom
18:46:14.945 [pool-1-thread-1] TRACE f.m.indexer.core.download.Crawler - doNext: http://central.maven.org/maven2/ant/ant-antlr/1.6.4/ant-antlr-1.6.4.pom.md5
18:46:14.945 [pool-1-thread-1] TRACE f.m.indexer.core.download.Crawler - doNext: http://central.maven.org/maven2/ant/ant-antlr/1.6.4/ant-antlr-1.6.4.pom.sha1
18:46:14.945 [pool-1-thread-1] TRACE f.m.indexer.core.download.Crawler - doNext: http://central.maven.org/maven2/ant/ant-antlr/1.6.4/maven-metadata.xml
18:46:14.945 [pool-1-thread-1] TRACE f.m.indexer.core.download.Crawler - match: http://central.maven.org/maven2/ant/ant-antlr/1.6.4/maven-metadata.xml
18:46:14.945 [pool-1-thread-1] TRACE f.m.indexer.core.download.Crawler - doNext: http://central.maven.org/maven2/ant/ant-antlr/1.6.4/maven-metadata.xml.md5
18:46:14.945 [pool-1-thread-1] TRACE f.m.indexer.core.download.Crawler - doNext: http://central.maven.org/maven2/ant/ant-antlr/1.6.4/maven-metadata.xml.sha1
18:46:14.945 [pool-1-thread-1] TRACE f.m.i.core.client.JerseyHttpClient - download: http://central.maven.org/maven2/ant/ant-jakarta-oro/1.6.1/
18:46:14.945 [pool-1-thread-9] TRACE f.m.indexer.core.download.Crawler - getLinks: <!DOCTYPE html>
<html>

<head>
	<title>Central Repository: ant/ant-antlr/1.6.5</title>
	<meta name="viewport" content="width=device-width, initial-scale=1.0">
	<style>
body {
	background: #fff;
}
	</style>
</head>

<body>
	<header>
		<h1>ant/ant-antlr/1.6.5</h1>
	</header>
	<hr/>
	<main>
		<pre id="contents">
<a href="../">../</a>
<a href="ant-antlr-1.6.5.jar" title="ant-antlr-1.6.5.jar">ant-antlr-1.6.5.jar</a>                               2005-09-20 05:44      5667      
<a href="ant-antlr-1.6.5.jar.md5" title="ant-antlr-1.6.5.jar.md5">ant-antlr-1.6.5.jar.md5</a>                           2005-09-20 05:44        32      
<a href="ant-antlr-1.6.5.jar.sha1" title="ant-antlr-1.6.5.jar.sha1">ant-antlr-1.6.5.jar.sha1</a>                          2005-09-20 05:44        40      
<a href="ant-antlr-1.6.5.pom" title="ant-antlr-1.6.5.pom">ant-antlr-1.6.5.pom</a>                               2005-09-20 05:44       146      
<a href="ant-antlr-1.6.5.pom.md5" title="ant-antlr-1.6.5.pom.md5">ant-antlr-1.6.5.pom.md5</a>                           2005-09-20 05:44        32      
<a href="ant-antlr-1.6.5.pom.sha1" title="ant-antlr-1.6.5.pom.sha1">ant-antlr-1.6.5.pom.sha1</a>                          2005-09-20 05:44        40      
<a href="maven-metadata.xml" title="maven-metadata.xml">maven-metadata.xml</a>                                2005-09-20 05:44       111      
<a href="maven-metadata.xml.md5" title="maven-metadata.xml.md5">maven-metadata.xml.md5</a>                            2005-09-20 05:44        75      
<a href="maven-metadata.xml.sha1" title="maven-metadata.xml.sha1">maven-metadata.xml.sha1</a>                           2005-09-20 05:44       130      
		</pre>
	</main>
	<hr/>
</body>

</html>
18:46:14.945 [pool-1-thread-9] TRACE f.m.indexer.core.download.Crawler - getFullUrl: http://central.maven.org/maven2/ant/ant-antlr/1.6.5/, ../)
18:46:14.945 [pool-1-thread-9] TRACE f.m.indexer.core.download.Crawler - getFullUrl: http://central.maven.org/maven2/ant/ant-antlr/1.6.5/, ant-antlr-1.6.5.jar)
18:46:14.945 [pool-1-thread-9] TRACE f.m.indexer.core.download.Crawler - getFullUrl: http://central.maven.org/maven2/ant/ant-antlr/1.6.5/, ant-antlr-1.6.5.jar.md5)
18:46:14.945 [pool-1-thread-9] TRACE f.m.indexer.core.download.Crawler - getFullUrl: http://central.maven.org/maven2/ant/ant-antlr/1.6.5/, ant-antlr-1.6.5.jar.sha1)
18:46:14.945 [pool-1-thread-9] TRACE f.m.indexer.core.download.Crawler - getFullUrl: http://central.maven.org/maven2/ant/ant-antlr/1.6.5/, ant-antlr-1.6.5.pom)
18:46:14.945 [pool-1-thread-9] TRACE f.m.indexer.core.download.Crawler - getFullUrl: http://central.maven.org/maven2/ant/ant-antlr/1.6.5/, ant-antlr-1.6.5.pom.md5)
18:46:14.945 [pool-1-thread-9] TRACE f.m.indexer.core.download.Crawler - getFullUrl: http://central.maven.org/maven2/ant/ant-antlr/1.6.5/, ant-antlr-1.6.5.pom.sha1)
18:46:14.945 [pool-1-thread-9] TRACE f.m.indexer.core.download.Crawler - getFullUrl: http://central.maven.org/maven2/ant/ant-antlr/1.6.5/, maven-metadata.xml)
18:46:14.945 [pool-1-thread-9] TRACE f.m.indexer.core.download.Crawler - getFullUrl: http://central.maven.org/maven2/ant/ant-antlr/1.6.5/, maven-metadata.xml.md5)
18:46:14.945 [pool-1-thread-9] TRACE f.m.indexer.core.download.Crawler - getFullUrl: http://central.maven.org/maven2/ant/ant-antlr/1.6.5/, maven-metadata.xml.sha1)
18:46:14.945 [pool-1-thread-9] TRACE f.m.indexer.core.download.Crawler - doNext: http://central.maven.org/maven2/ant/ant-antlr/1.6.5/../
18:46:14.945 [pool-1-thread-9] TRACE f.m.indexer.core.download.Crawler - doNext: http://central.maven.org/maven2/ant/ant-antlr/1.6.5/ant-antlr-1.6.5.jar
18:46:14.945 [pool-1-thread-9] TRACE f.m.indexer.core.download.Crawler - doNext: http://central.maven.org/maven2/ant/ant-antlr/1.6.5/ant-antlr-1.6.5.jar.md5
18:46:14.945 [pool-1-thread-9] TRACE f.m.indexer.core.download.Crawler - doNext: http://central.maven.org/maven2/ant/ant-antlr/1.6.5/ant-antlr-1.6.5.jar.sha1
18:46:14.945 [pool-1-thread-9] TRACE f.m.indexer.core.download.Crawler - doNext: http://central.maven.org/maven2/ant/ant-antlr/1.6.5/ant-antlr-1.6.5.pom
18:46:14.945 [pool-1-thread-9] TRACE f.m.indexer.core.download.Crawler - doNext: http://central.maven.org/maven2/ant/ant-antlr/1.6.5/ant-antlr-1.6.5.pom.md5
18:46:14.945 [pool-1-thread-9] TRACE f.m.indexer.core.download.Crawler - doNext: http://central.maven.org/maven2/ant/ant-antlr/1.6.5/ant-antlr-1.6.5.pom.sha1
18:46:14.945 [pool-1-thread-9] TRACE f.m.indexer.core.download.Crawler - doNext: http://central.maven.org/maven2/ant/ant-antlr/1.6.5/maven-metadata.xml
18:46:14.945 [pool-1-thread-9] TRACE f.m.indexer.core.download.Crawler - match: http://central.maven.org/maven2/ant/ant-antlr/1.6.5/maven-metadata.xml
18:46:14.945 [pool-1-thread-9] TRACE f.m.indexer.core.download.Crawler - doNext: http://central.maven.org/maven2/ant/ant-antlr/1.6.5/maven-metadata.xml.md5
18:46:14.945 [pool-1-thread-9] TRACE f.m.indexer.core.download.Crawler - doNext: http://central.maven.org/maven2/ant/ant-antlr/1.6.5/maven-metadata.xml.sha1
18:46:14.945 [pool-1-thread-9] TRACE f.m.i.core.client.JerseyHttpClient - download: http://central.maven.org/maven2/ant/ant-jakarta-oro/maven-metadata.xml
18:46:14.945 [pool-1-thread-8] TRACE f.m.indexer.artifact.MetadataHandler - match: http://central.maven.org/maven2/ant/ant-antlr/maven-metadata.xml
18:46:14.945 [pool-1-thread-8] TRACE f.m.i.core.client.JerseyHttpClient - download: http://central.maven.org/maven2/ant/ant-jdepend/1.6/
18:46:14.960 [pool-1-thread-3] TRACE f.m.indexer.core.download.Crawler - getLinks: <!DOCTYPE html>
<html>

<head>
	<title>Central Repository: ant/ant-jakarta-bcel/1.6</title>
	<meta name="viewport" content="width=device-width, initial-scale=1.0">
	<style>
body {
	background: #fff;
}
	</style>
</head>

<body>
	<header>
		<h1>ant/ant-jakarta-bcel/1.6</h1>
	</header>
	<hr/>
	<main>
		<pre id="contents">
<a href="../">../</a>
<a href="ant-jakarta-bcel-1.6.jar" title="ant-jakarta-bcel-1.6.jar">ant-jakarta-bcel-1.6.jar</a>                          2005-09-20 05:44      8646      
<a href="ant-jakarta-bcel-1.6.jar.md5" title="ant-jakarta-bcel-1.6.jar.md5">ant-jakarta-bcel-1.6.jar.md5</a>                      2005-09-20 05:44        32      
<a href="ant-jakarta-bcel-1.6.jar.sha1" title="ant-jakarta-bcel-1.6.jar.sha1">ant-jakarta-bcel-1.6.jar.sha1</a>                     2005-09-20 05:44        40      
<a href="ant-jakarta-bcel-1.6.pom" title="ant-jakarta-bcel-1.6.pom">ant-jakarta-bcel-1.6.pom</a>                          2005-09-20 05:44       151      
<a href="ant-jakarta-bcel-1.6.pom.md5" title="ant-jakarta-bcel-1.6.pom.md5">ant-jakarta-bcel-1.6.pom.md5</a>                      2005-09-20 05:44        32      
<a href="ant-jakarta-bcel-1.6.pom.sha1" title="ant-jakarta-bcel-1.6.pom.sha1">ant-jakarta-bcel-1.6.pom.sha1</a>                     2005-09-20 05:44        40      
<a href="maven-metadata.xml" title="maven-metadata.xml">maven-metadata.xml</a>                                2005-09-20 05:44       116      
<a href="maven-metadata.xml.md5" title="maven-metadata.xml.md5">maven-metadata.xml.md5</a>                            2005-09-20 05:44        80      
<a href="maven-metadata.xml.sha1" title="maven-metadata.xml.sha1">maven-metadata.xml.sha1</a>                           2005-09-20 05:44       135      
		</pre>
	</main>
	<hr/>
</body>

</html>
18:46:14.960 [pool-1-thread-3] TRACE f.m.indexer.core.download.Crawler - getFullUrl: http://central.maven.org/maven2/ant/ant-jakarta-bcel/1.6/, ../)
18:46:14.960 [pool-1-thread-3] TRACE f.m.indexer.core.download.Crawler - getFullUrl: http://central.maven.org/maven2/ant/ant-jakarta-bcel/1.6/, ant-jakarta-bcel-1.6.jar)
18:46:14.960 [pool-1-thread-3] TRACE f.m.indexer.core.download.Crawler - getFullUrl: http://central.maven.org/maven2/ant/ant-jakarta-bcel/1.6/, ant-jakarta-bcel-1.6.jar.md5)
18:46:14.960 [pool-1-thread-3] TRACE f.m.indexer.core.download.Crawler - getFullUrl: http://central.maven.org/maven2/ant/ant-jakarta-bcel/1.6/, ant-jakarta-bcel-1.6.jar.sha1)
18:46:14.960 [pool-1-thread-3] TRACE f.m.indexer.core.download.Crawler - getFullUrl: http://central.maven.org/maven2/ant/ant-jakarta-bcel/1.6/, ant-jakarta-bcel-1.6.pom)
18:46:14.960 [pool-1-thread-3] TRACE f.m.indexer.core.download.Crawler - getFullUrl: http://central.maven.org/maven2/ant/ant-jakarta-bcel/1.6/, ant-jakarta-bcel-1.6.pom.md5)
18:46:14.960 [pool-1-thread-3] TRACE f.m.indexer.core.download.Crawler - getFullUrl: http://central.maven.org/maven2/ant/ant-jakarta-bcel/1.6/, ant-jakarta-bcel-1.6.pom.sha1)
18:46:14.960 [pool-1-thread-3] TRACE f.m.indexer.core.download.Crawler - getFullUrl: http://central.maven.org/maven2/ant/ant-jakarta-bcel/1.6/, maven-metadata.xml)
18:46:14.960 [pool-1-thread-3] TRACE f.m.indexer.core.download.Crawler - getFullUrl: http://central.maven.org/maven2/ant/ant-jakarta-bcel/1.6/, maven-metadata.xml.md5)
18:46:14.960 [pool-1-thread-3] TRACE f.m.indexer.core.download.Crawler - getFullUrl: http://central.maven.org/maven2/ant/ant-jakarta-bcel/1.6/, maven-metadata.xml.sha1)
18:46:14.960 [pool-1-thread-3] TRACE f.m.indexer.core.download.Crawler - doNext: http://central.maven.org/maven2/ant/ant-jakarta-bcel/1.6/../
18:46:14.960 [pool-1-thread-3] TRACE f.m.indexer.core.download.Crawler - doNext: http://central.maven.org/maven2/ant/ant-jakarta-bcel/1.6/ant-jakarta-bcel-1.6.jar
18:46:14.960 [pool-1-thread-3] TRACE f.m.indexer.core.download.Crawler - doNext: http://central.maven.org/maven2/ant/ant-jakarta-bcel/1.6/ant-jakarta-bcel-1.6.jar.md5
18:46:14.960 [pool-1-thread-3] TRACE f.m.indexer.core.download.Crawler - doNext: http://central.maven.org/maven2/ant/ant-jakarta-bcel/1.6/ant-jakarta-bcel-1.6.jar.sha1
18:46:14.960 [pool-1-thread-3] TRACE f.m.indexer.core.download.Crawler - doNext: http://central.maven.org/maven2/ant/ant-jakarta-bcel/1.6/ant-jakarta-bcel-1.6.pom
18:46:14.960 [pool-1-thread-3] TRACE f.m.indexer.core.download.Crawler - doNext: http://central.maven.org/maven2/ant/ant-jakarta-bcel/1.6/ant-jakarta-bcel-1.6.pom.md5
18:46:14.960 [pool-1-thread-3] TRACE f.m.indexer.core.download.Crawler - doNext: http://central.maven.org/maven2/ant/ant-jakarta-bcel/1.6/ant-jakarta-bcel-1.6.pom.sha1
18:46:14.960 [pool-1-thread-3] TRACE f.m.indexer.core.download.Crawler - doNext: http://central.maven.org/maven2/ant/ant-jakarta-bcel/1.6/maven-metadata.xml
18:46:14.960 [pool-1-thread-3] TRACE f.m.indexer.core.download.Crawler - match: http://central.maven.org/maven2/ant/ant-jakarta-bcel/1.6/maven-metadata.xml
18:46:14.960 [pool-1-thread-3] TRACE f.m.indexer.core.download.Crawler - doNext: http://central.maven.org/maven2/ant/ant-jakarta-bcel/1.6/maven-metadata.xml.md5
18:46:14.960 [pool-1-thread-3] TRACE f.m.indexer.core.download.Crawler - doNext: http://central.maven.org/maven2/ant/ant-jakarta-bcel/1.6/maven-metadata.xml.sha1
18:46:14.960 [pool-1-thread-3] TRACE f.m.i.core.client.JerseyHttpClient - download: http://central.maven.org/maven2/ant/ant-jdepend/1.6.1/
18:46:14.992 [pool-1-thread-7] TRACE f.m.indexer.artifact.MetadataHandler - match: http://central.maven.org/maven2/ant/ant-jakarta-bcel/maven-metadata.xml
18:46:14.992 [pool-1-thread-10] TRACE f.m.indexer.core.download.Crawler - getLinks: <!DOCTYPE html>
<html>

<head>
	<title>Central Repository: ant/ant-jakarta-log4j/1.6</title>
	<meta name="viewport" content="width=device-width, initial-scale=1.0">
	<style>
body {
	background: #fff;
}
	</style>
</head>

<body>
	<header>
		<h1>ant/ant-jakarta-log4j/1.6</h1>
	</header>
	<hr/>
	<main>
		<pre id="contents">
<a href="../">../</a>
<a href="ant-jakarta-log4j-1.6.jar" title="ant-jakarta-log4j-1.6.jar">ant-jakarta-log4j-1.6.jar</a>                         2005-09-20 05:44      3024      
<a href="ant-jakarta-log4j-1.6.jar.md5" title="ant-jakarta-log4j-1.6.jar.md5">ant-jakarta-log4j-1.6.jar.md5</a>                     2005-09-20 05:44        32      
<a href="ant-jakarta-log4j-1.6.jar.sha1" title="ant-jakarta-log4j-1.6.jar.sha1">ant-jakarta-log4j-1.6.jar.sha1</a>                    2005-09-20 05:44        40      
<a href="ant-jakarta-log4j-1.6.pom" title="ant-jakarta-log4j-1.6.pom">ant-jakarta-log4j-1.6.pom</a>                         2005-09-20 05:44       152      
<a href="ant-jakarta-log4j-1.6.pom.md5" title="ant-jakarta-log4j-1.6.pom.md5">ant-jakarta-log4j-1.6.pom.md5</a>                     2005-09-20 05:44        32      
<a href="ant-jakarta-log4j-1.6.pom.sha1" title="ant-jakarta-log4j-1.6.pom.sha1">ant-jakarta-log4j-1.6.pom.sha1</a>                    2005-09-20 05:44        40      
<a href="maven-metadata.xml" title="maven-metadata.xml">maven-metadata.xml</a>                                2005-09-20 05:44       117      
<a href="maven-metadata.xml.md5" title="maven-metadata.xml.md5">maven-metadata.xml.md5</a>                            2005-09-20 05:44        81      
<a href="maven-metadata.xml.sha1" title="maven-metadata.xml.sha1">maven-metadata.xml.sha1</a>                           2005-09-20 05:44       136      
		</pre>
	</main>
	<hr/>
</body>

</html>
18:46:14.992 [pool-1-thread-10] TRACE f.m.indexer.core.download.Crawler - getFullUrl: http://central.maven.org/maven2/ant/ant-jakarta-log4j/1.6/, ../)
18:46:14.992 [pool-1-thread-10] TRACE f.m.indexer.core.download.Crawler - getFullUrl: http://central.maven.org/maven2/ant/ant-jakarta-log4j/1.6/, ant-jakarta-log4j-1.6.jar)
18:46:14.992 [pool-1-thread-10] TRACE f.m.indexer.core.download.Crawler - getFullUrl: http://central.maven.org/maven2/ant/ant-jakarta-log4j/1.6/, ant-jakarta-log4j-1.6.jar.md5)
18:46:14.992 [pool-1-thread-10] TRACE f.m.indexer.core.download.Crawler - getFullUrl: http://central.maven.org/maven2/ant/ant-jakarta-log4j/1.6/, ant-jakarta-log4j-1.6.jar.sha1)
18:46:14.992 [pool-1-thread-10] TRACE f.m.indexer.core.download.Crawler - getFullUrl: http://central.maven.org/maven2/ant/ant-jakarta-log4j/1.6/, ant-jakarta-log4j-1.6.pom)
18:46:14.992 [pool-1-thread-10] TRACE f.m.indexer.core.download.Crawler - getFullUrl: http://central.maven.org/maven2/ant/ant-jakarta-log4j/1.6/, ant-jakarta-log4j-1.6.pom.md5)
18:46:14.992 [pool-1-thread-10] TRACE f.m.indexer.core.download.Crawler - getFullUrl: http://central.maven.org/maven2/ant/ant-jakarta-log4j/1.6/, ant-jakarta-log4j-1.6.pom.sha1)
18:46:14.992 [pool-1-thread-10] TRACE f.m.indexer.core.download.Crawler - getFullUrl: http://central.maven.org/maven2/ant/ant-jakarta-log4j/1.6/, maven-metadata.xml)
18:46:14.992 [pool-1-thread-10] TRACE f.m.indexer.core.download.Crawler - getFullUrl: http://central.maven.org/maven2/ant/ant-jakarta-log4j/1.6/, maven-metadata.xml.md5)
18:46:14.992 [pool-1-thread-10] TRACE f.m.indexer.core.download.Crawler - getFullUrl: http://central.maven.org/maven2/ant/ant-jakarta-log4j/1.6/, maven-metadata.xml.sha1)
18:46:14.992 [pool-1-thread-10] TRACE f.m.indexer.core.download.Crawler - doNext: http://central.maven.org/maven2/ant/ant-jakarta-log4j/1.6/../
18:46:14.992 [pool-1-thread-10] TRACE f.m.indexer.core.download.Crawler - doNext: http://central.maven.org/maven2/ant/ant-jakarta-log4j/1.6/ant-jakarta-log4j-1.6.jar
18:46:14.992 [pool-1-thread-10] TRACE f.m.indexer.core.download.Crawler - doNext: http://central.maven.org/maven2/ant/ant-jakarta-log4j/1.6/ant-jakarta-log4j-1.6.jar.md5
18:46:14.992 [pool-1-thread-10] TRACE f.m.indexer.core.download.Crawler - doNext: http://central.maven.org/maven2/ant/ant-jakarta-log4j/1.6/ant-jakarta-log4j-1.6.jar.sha1
18:46:14.992 [pool-1-thread-10] TRACE f.m.indexer.core.download.Crawler - doNext: http://central.maven.org/maven2/ant/ant-jakarta-log4j/1.6/ant-jakarta-log4j-1.6.pom
18:46:14.992 [pool-1-thread-10] TRACE f.m.indexer.core.download.Crawler - doNext: http://central.maven.org/maven2/ant/ant-jakarta-log4j/1.6/ant-jakarta-log4j-1.6.pom.md5
18:46:14.992 [pool-1-thread-10] TRACE f.m.indexer.core.download.Crawler - doNext: http://central.maven.org/maven2/ant/ant-jakarta-log4j/1.6/ant-jakarta-log4j-1.6.pom.sha1
18:46:14.992 [pool-1-thread-10] TRACE f.m.indexer.core.download.Crawler - doNext: http://central.maven.org/maven2/ant/ant-jakarta-log4j/1.6/maven-metadata.xml
18:46:14.992 [pool-1-thread-10] TRACE f.m.indexer.core.download.Crawler - match: http://central.maven.org/maven2/ant/ant-jakarta-log4j/1.6/maven-metadata.xml
18:46:14.992 [pool-1-thread-10] TRACE f.m.indexer.core.download.Crawler - doNext: http://central.maven.org/maven2/ant/ant-jakarta-log4j/1.6/maven-metadata.xml.md5
18:46:14.992 [pool-1-thread-10] TRACE f.m.indexer.core.download.Crawler - doNext: http://central.maven.org/maven2/ant/ant-jakarta-log4j/1.6/maven-metadata.xml.sha1
18:46:14.992 [pool-1-thread-10] TRACE f.m.i.core.client.JerseyHttpClient - download: http://central.maven.org/maven2/ant/ant-jdepend/1.6.2/
18:46:14.992 [pool-1-thread-7] TRACE f.m.i.core.client.JerseyHttpClient - download: http://central.maven.org/maven2/ant/ant-jdepend/1.6.3/
18:46:14.992 [pool-1-thread-4] TRACE f.m.indexer.core.download.Crawler - getLinks: <!DOCTYPE html>
<html>

<head>
	<title>Central Repository: ant/ant-jakarta-log4j/1.6.1</title>
	<meta name="viewport" content="width=device-width, initial-scale=1.0">
	<style>
body {
	background: #fff;
}
	</style>
</head>

<body>
	<header>
		<h1>ant/ant-jakarta-log4j/1.6.1</h1>
	</header>
	<hr/>
	<main>
		<pre id="contents">
<a href="../">../</a>
<a href="ant-jakarta-log4j-1.6.1.jar" title="ant-jakarta-log4j-1.6.1.jar">ant-jakarta-log4j-1.6.1.jar</a>                       2005-09-20 05:44      3025      
<a href="ant-jakarta-log4j-1.6.1.jar.md5" title="ant-jakarta-log4j-1.6.1.jar.md5">ant-jakarta-log4j-1.6.1.jar.md5</a>                   2005-09-20 05:44        32      
<a href="ant-jakarta-log4j-1.6.1.jar.sha1" title="ant-jakarta-log4j-1.6.1.jar.sha1">ant-jakarta-log4j-1.6.1.jar.sha1</a>                  2005-09-20 05:44        40      
<a href="ant-jakarta-log4j-1.6.1.pom" title="ant-jakarta-log4j-1.6.1.pom">ant-jakarta-log4j-1.6.1.pom</a>                       2005-09-20 05:44       154      
<a href="ant-jakarta-log4j-1.6.1.pom.md5" title="ant-jakarta-log4j-1.6.1.pom.md5">ant-jakarta-log4j-1.6.1.pom.md5</a>                   2005-09-20 05:44        32      
<a href="ant-jakarta-log4j-1.6.1.pom.sha1" title="ant-jakarta-log4j-1.6.1.pom.sha1">ant-jakarta-log4j-1.6.1.pom.sha1</a>                  2005-09-20 05:44        40      
<a href="maven-metadata.xml" title="maven-metadata.xml">maven-metadata.xml</a>                                2005-09-20 05:44       119      
<a href="maven-metadata.xml.md5" title="maven-metadata.xml.md5">maven-metadata.xml.md5</a>                            2005-09-20 05:44        83      
<a href="maven-metadata.xml.sha1" title="maven-metadata.xml.sha1">maven-metadata.xml.sha1</a>                           2005-09-20 05:44       138      
		</pre>
	</main>
	<hr/>
</body>

</html>
18:46:14.992 [pool-1-thread-4] TRACE f.m.indexer.core.download.Crawler - getFullUrl: http://central.maven.org/maven2/ant/ant-jakarta-log4j/1.6.1/, ../)
18:46:14.992 [pool-1-thread-4] TRACE f.m.indexer.core.download.Crawler - getFullUrl: http://central.maven.org/maven2/ant/ant-jakarta-log4j/1.6.1/, ant-jakarta-log4j-1.6.1.jar)
18:46:14.992 [pool-1-thread-4] TRACE f.m.indexer.core.download.Crawler - getFullUrl: http://central.maven.org/maven2/ant/ant-jakarta-log4j/1.6.1/, ant-jakarta-log4j-1.6.1.jar.md5)
18:46:14.992 [pool-1-thread-4] TRACE f.m.indexer.core.download.Crawler - getFullUrl: http://central.maven.org/maven2/ant/ant-jakarta-log4j/1.6.1/, ant-jakarta-log4j-1.6.1.jar.sha1)
18:46:14.992 [pool-1-thread-4] TRACE f.m.indexer.core.download.Crawler - getFullUrl: http://central.maven.org/maven2/ant/ant-jakarta-log4j/1.6.1/, ant-jakarta-log4j-1.6.1.pom)
18:46:14.992 [pool-1-thread-4] TRACE f.m.indexer.core.download.Crawler - getFullUrl: http://central.maven.org/maven2/ant/ant-jakarta-log4j/1.6.1/, ant-jakarta-log4j-1.6.1.pom.md5)
18:46:14.992 [pool-1-thread-4] TRACE f.m.indexer.core.download.Crawler - getFullUrl: http://central.maven.org/maven2/ant/ant-jakarta-log4j/1.6.1/, ant-jakarta-log4j-1.6.1.pom.sha1)
18:46:14.992 [pool-1-thread-4] TRACE f.m.indexer.core.download.Crawler - getFullUrl: http://central.maven.org/maven2/ant/ant-jakarta-log4j/1.6.1/, maven-metadata.xml)
18:46:14.992 [pool-1-thread-4] TRACE f.m.indexer.core.download.Crawler - getFullUrl: http://central.maven.org/maven2/ant/ant-jakarta-log4j/1.6.1/, maven-metadata.xml.md5)
18:46:14.992 [pool-1-thread-4] TRACE f.m.indexer.core.download.Crawler - getFullUrl: http://central.maven.org/maven2/ant/ant-jakarta-log4j/1.6.1/, maven-metadata.xml.sha1)
18:46:14.992 [pool-1-thread-4] TRACE f.m.indexer.core.download.Crawler - doNext: http://central.maven.org/maven2/ant/ant-jakarta-log4j/1.6.1/../
18:46:14.992 [pool-1-thread-4] TRACE f.m.indexer.core.download.Crawler - doNext: http://central.maven.org/maven2/ant/ant-jakarta-log4j/1.6.1/ant-jakarta-log4j-1.6.1.jar
18:46:14.992 [pool-1-thread-4] TRACE f.m.indexer.core.download.Crawler - doNext: http://central.maven.org/maven2/ant/ant-jakarta-log4j/1.6.1/ant-jakarta-log4j-1.6.1.jar.md5
18:46:14.992 [pool-1-thread-4] TRACE f.m.indexer.core.download.Crawler - doNext: http://central.maven.org/maven2/ant/ant-jakarta-log4j/1.6.1/ant-jakarta-log4j-1.6.1.jar.sha1
18:46:14.992 [pool-1-thread-4] TRACE f.m.indexer.core.download.Crawler - doNext: http://central.maven.org/maven2/ant/ant-jakarta-log4j/1.6.1/ant-jakarta-log4j-1.6.1.pom
18:46:14.992 [pool-1-thread-4] TRACE f.m.indexer.core.download.Crawler - doNext: http://central.maven.org/maven2/ant/ant-jakarta-log4j/1.6.1/ant-jakarta-log4j-1.6.1.pom.md5
18:46:14.992 [pool-1-thread-4] TRACE f.m.indexer.core.download.Crawler - doNext: http://central.maven.org/maven2/ant/ant-jakarta-log4j/1.6.1/ant-jakarta-log4j-1.6.1.pom.sha1
18:46:14.992 [pool-1-thread-4] TRACE f.m.indexer.core.download.Crawler - doNext: http://central.maven.org/maven2/ant/ant-jakarta-log4j/1.6.1/maven-metadata.xml
18:46:14.992 [pool-1-thread-4] TRACE f.m.indexer.core.download.Crawler - match: http://central.maven.org/maven2/ant/ant-jakarta-log4j/1.6.1/maven-metadata.xml
18:46:14.992 [pool-1-thread-4] TRACE f.m.indexer.core.download.Crawler - doNext: http://central.maven.org/maven2/ant/ant-jakarta-log4j/1.6.1/maven-metadata.xml.md5
18:46:14.992 [pool-1-thread-4] TRACE f.m.indexer.core.download.Crawler - doNext: http://central.maven.org/maven2/ant/ant-jakarta-log4j/1.6.1/maven-metadata.xml.sha1
18:46:14.992 [pool-1-thread-4] TRACE f.m.i.core.client.JerseyHttpClient - download: http://central.maven.org/maven2/ant/ant-jdepend/1.6.4/
18:46:14.992 [pool-1-thread-2] TRACE f.m.indexer.artifact.MetadataHandler - match: http://central.maven.org/maven2/ant/ant-jakarta-log4j/maven-metadata.xml
18:46:14.992 [pool-1-thread-2] TRACE f.m.i.core.client.JerseyHttpClient - download: http://central.maven.org/maven2/ant/ant-jdepend/1.6.5/
18:46:15.007 [pool-1-thread-6] TRACE f.m.indexer.core.download.Crawler - getLinks: <!DOCTYPE html>
<html>

<head>
	<title>Central Repository: ant/ant-jakarta-oro/1.6</title>
	<meta name="viewport" content="width=device-width, initial-scale=1.0">
	<style>
body {
	background: #fff;
}
	</style>
</head>

<body>
	<header>
		<h1>ant/ant-jakarta-oro/1.6</h1>
	</header>
	<hr/>
	<main>
		<pre id="contents">
<a href="../">../</a>
<a href="ant-jakarta-oro-1.6.jar" title="ant-jakarta-oro-1.6.jar">ant-jakarta-oro-1.6.jar</a>                           2005-09-20 05:44     47895      
<a href="ant-jakarta-oro-1.6.jar.md5" title="ant-jakarta-oro-1.6.jar.md5">ant-jakarta-oro-1.6.jar.md5</a>                       2005-09-20 05:44        32      
<a href="ant-jakarta-oro-1.6.jar.sha1" title="ant-jakarta-oro-1.6.jar.sha1">ant-jakarta-oro-1.6.jar.sha1</a>                      2005-09-20 05:44        40      
<a href="ant-jakarta-oro-1.6.pom" title="ant-jakarta-oro-1.6.pom">ant-jakarta-oro-1.6.pom</a>                           2005-09-20 05:44       150      
<a href="ant-jakarta-oro-1.6.pom.md5" title="ant-jakarta-oro-1.6.pom.md5">ant-jakarta-oro-1.6.pom.md5</a>                       2005-09-20 05:44        32      
<a href="ant-jakarta-oro-1.6.pom.sha1" title="ant-jakarta-oro-1.6.pom.sha1">ant-jakarta-oro-1.6.pom.sha1</a>                      2005-09-20 05:44        40      
<a href="maven-metadata.xml" title="maven-metadata.xml">maven-metadata.xml</a>                                2005-09-20 05:44       115      
<a href="maven-metadata.xml.md5" title="maven-metadata.xml.md5">maven-metadata.xml.md5</a>                            2005-09-20 05:44        79      
<a href="maven-metadata.xml.sha1" title="maven-metadata.xml.sha1">maven-metadata.xml.sha1</a>                           2005-09-20 05:44       134      
		</pre>
	</main>
	<hr/>
</body>

</html>
18:46:15.007 [pool-1-thread-6] TRACE f.m.indexer.core.download.Crawler - getFullUrl: http://central.maven.org/maven2/ant/ant-jakarta-oro/1.6/, ../)
18:46:15.007 [pool-1-thread-6] TRACE f.m.indexer.core.download.Crawler - getFullUrl: http://central.maven.org/maven2/ant/ant-jakarta-oro/1.6/, ant-jakarta-oro-1.6.jar)
18:46:15.007 [pool-1-thread-6] TRACE f.m.indexer.core.download.Crawler - getFullUrl: http://central.maven.org/maven2/ant/ant-jakarta-oro/1.6/, ant-jakarta-oro-1.6.jar.md5)
18:46:15.007 [pool-1-thread-6] TRACE f.m.indexer.core.download.Crawler - getFullUrl: http://central.maven.org/maven2/ant/ant-jakarta-oro/1.6/, ant-jakarta-oro-1.6.jar.sha1)
18:46:15.007 [pool-1-thread-6] TRACE f.m.indexer.core.download.Crawler - getFullUrl: http://central.maven.org/maven2/ant/ant-jakarta-oro/1.6/, ant-jakarta-oro-1.6.pom)
18:46:15.007 [pool-1-thread-6] TRACE f.m.indexer.core.download.Crawler - getFullUrl: http://central.maven.org/maven2/ant/ant-jakarta-oro/1.6/, ant-jakarta-oro-1.6.pom.md5)
18:46:15.007 [pool-1-thread-6] TRACE f.m.indexer.core.download.Crawler - getFullUrl: http://central.maven.org/maven2/ant/ant-jakarta-oro/1.6/, ant-jakarta-oro-1.6.pom.sha1)
18:46:15.007 [pool-1-thread-6] TRACE f.m.indexer.core.download.Crawler - getFullUrl: http://central.maven.org/maven2/ant/ant-jakarta-oro/1.6/, maven-metadata.xml)
18:46:15.007 [pool-1-thread-6] TRACE f.m.indexer.core.download.Crawler - getFullUrl: http://central.maven.org/maven2/ant/ant-jakarta-oro/1.6/, maven-metadata.xml.md5)
18:46:15.007 [pool-1-thread-6] TRACE f.m.indexer.core.download.Crawler - getFullUrl: http://central.maven.org/maven2/ant/ant-jakarta-oro/1.6/, maven-metadata.xml.sha1)
18:46:15.007 [pool-1-thread-6] TRACE f.m.indexer.core.download.Crawler - doNext: http://central.maven.org/maven2/ant/ant-jakarta-oro/1.6/../
18:46:15.007 [pool-1-thread-6] TRACE f.m.indexer.core.download.Crawler - doNext: http://central.maven.org/maven2/ant/ant-jakarta-oro/1.6/ant-jakarta-oro-1.6.jar
18:46:15.007 [pool-1-thread-6] TRACE f.m.indexer.core.download.Crawler - doNext: http://central.maven.org/maven2/ant/ant-jakarta-oro/1.6/ant-jakarta-oro-1.6.jar.md5
18:46:15.007 [pool-1-thread-6] TRACE f.m.indexer.core.download.Crawler - doNext: http://central.maven.org/maven2/ant/ant-jakarta-oro/1.6/ant-jakarta-oro-1.6.jar.sha1
18:46:15.007 [pool-1-thread-6] TRACE f.m.indexer.core.download.Crawler - doNext: http://central.maven.org/maven2/ant/ant-jakarta-oro/1.6/ant-jakarta-oro-1.6.pom
18:46:15.007 [pool-1-thread-6] TRACE f.m.indexer.core.download.Crawler - doNext: http://central.maven.org/maven2/ant/ant-jakarta-oro/1.6/ant-jakarta-oro-1.6.pom.md5
18:46:15.007 [pool-1-thread-6] TRACE f.m.indexer.core.download.Crawler - doNext: http://central.maven.org/maven2/ant/ant-jakarta-oro/1.6/ant-jakarta-oro-1.6.pom.sha1
18:46:15.007 [pool-1-thread-6] TRACE f.m.indexer.core.download.Crawler - doNext: http://central.maven.org/maven2/ant/ant-jakarta-oro/1.6/maven-metadata.xml
18:46:15.007 [pool-1-thread-6] TRACE f.m.indexer.core.download.Crawler - match: http://central.maven.org/maven2/ant/ant-jakarta-oro/1.6/maven-metadata.xml
18:46:15.007 [pool-1-thread-6] TRACE f.m.indexer.core.download.Crawler - doNext: http://central.maven.org/maven2/ant/ant-jakarta-oro/1.6/maven-metadata.xml.md5
18:46:15.007 [pool-1-thread-6] TRACE f.m.indexer.core.download.Crawler - doNext: http://central.maven.org/maven2/ant/ant-jakarta-oro/1.6/maven-metadata.xml.sha1
18:46:15.007 [pool-1-thread-6] TRACE f.m.i.core.client.JerseyHttpClient - download: http://central.maven.org/maven2/ant/ant-jdepend/maven-metadata.xml
18:46:15.007 [pool-1-thread-1] TRACE f.m.indexer.core.download.Crawler - getLinks: <!DOCTYPE html>
<html>

<head>
	<title>Central Repository: ant/ant-jakarta-oro/1.6.1</title>
	<meta name="viewport" content="width=device-width, initial-scale=1.0">
	<style>
body {
	background: #fff;
}
	</style>
</head>

<body>
	<header>
		<h1>ant/ant-jakarta-oro/1.6.1</h1>
	</header>
	<hr/>
	<main>
		<pre id="contents">
<a href="../">../</a>
<a href="ant-jakarta-oro-1.6.1.jar" title="ant-jakarta-oro-1.6.1.jar">ant-jakarta-oro-1.6.1.jar</a>                         2005-09-20 05:44     48101      
<a href="ant-jakarta-oro-1.6.1.jar.md5" title="ant-jakarta-oro-1.6.1.jar.md5">ant-jakarta-oro-1.6.1.jar.md5</a>                     2005-09-20 05:44        32      
<a href="ant-jakarta-oro-1.6.1.jar.sha1" title="ant-jakarta-oro-1.6.1.jar.sha1">ant-jakarta-oro-1.6.1.jar.sha1</a>                    2005-09-20 05:44        40      
<a href="ant-jakarta-oro-1.6.1.pom" title="ant-jakarta-oro-1.6.1.pom">ant-jakarta-oro-1.6.1.pom</a>                         2005-09-20 05:44       152      
<a href="ant-jakarta-oro-1.6.1.pom.md5" title="ant-jakarta-oro-1.6.1.pom.md5">ant-jakarta-oro-1.6.1.pom.md5</a>                     2005-09-20 05:44        32      
<a href="ant-jakarta-oro-1.6.1.pom.sha1" title="ant-jakarta-oro-1.6.1.pom.sha1">ant-jakarta-oro-1.6.1.pom.sha1</a>                    2005-09-20 05:44        40      
<a href="maven-metadata.xml" title="maven-metadata.xml">maven-metadata.xml</a>                                2005-09-20 05:44       117      
<a href="maven-metadata.xml.md5" title="maven-metadata.xml.md5">maven-metadata.xml.md5</a>                            2005-09-20 05:44        81      
<a href="maven-metadata.xml.sha1" title="maven-metadata.xml.sha1">maven-metadata.xml.sha1</a>                           2005-09-20 05:44       136      
		</pre>
	</main>
	<hr/>
</body>

</html>
18:46:15.007 [pool-1-thread-1] TRACE f.m.indexer.core.download.Crawler - getFullUrl: http://central.maven.org/maven2/ant/ant-jakarta-oro/1.6.1/, ../)
18:46:15.007 [pool-1-thread-1] TRACE f.m.indexer.core.download.Crawler - getFullUrl: http://central.maven.org/maven2/ant/ant-jakarta-oro/1.6.1/, ant-jakarta-oro-1.6.1.jar)
18:46:15.007 [pool-1-thread-1] TRACE f.m.indexer.core.download.Crawler - getFullUrl: http://central.maven.org/maven2/ant/ant-jakarta-oro/1.6.1/, ant-jakarta-oro-1.6.1.jar.md5)
18:46:15.007 [pool-1-thread-1] TRACE f.m.indexer.core.download.Crawler - getFullUrl: http://central.maven.org/maven2/ant/ant-jakarta-oro/1.6.1/, ant-jakarta-oro-1.6.1.jar.sha1)
18:46:15.007 [pool-1-thread-1] TRACE f.m.indexer.core.download.Crawler - getFullUrl: http://central.maven.org/maven2/ant/ant-jakarta-oro/1.6.1/, ant-jakarta-oro-1.6.1.pom)
18:46:15.007 [pool-1-thread-1] TRACE f.m.indexer.core.download.Crawler - getFullUrl: http://central.maven.org/maven2/ant/ant-jakarta-oro/1.6.1/, ant-jakarta-oro-1.6.1.pom.md5)
18:46:15.007 [pool-1-thread-1] TRACE f.m.indexer.core.download.Crawler - getFullUrl: http://central.maven.org/maven2/ant/ant-jakarta-oro/1.6.1/, ant-jakarta-oro-1.6.1.pom.sha1)
18:46:15.007 [pool-1-thread-1] TRACE f.m.indexer.core.download.Crawler - getFullUrl: http://central.maven.org/maven2/ant/ant-jakarta-oro/1.6.1/, maven-metadata.xml)
18:46:15.007 [pool-1-thread-1] TRACE f.m.indexer.core.download.Crawler - getFullUrl: http://central.maven.org/maven2/ant/ant-jakarta-oro/1.6.1/, maven-metadata.xml.md5)
18:46:15.007 [pool-1-thread-1] TRACE f.m.indexer.core.download.Crawler - getFullUrl: http://central.maven.org/maven2/ant/ant-jakarta-oro/1.6.1/, maven-metadata.xml.sha1)
18:46:15.007 [pool-1-thread-1] TRACE f.m.indexer.core.download.Crawler - doNext: http://central.maven.org/maven2/ant/ant-jakarta-oro/1.6.1/../
18:46:15.007 [pool-1-thread-1] TRACE f.m.indexer.core.download.Crawler - doNext: http://central.maven.org/maven2/ant/ant-jakarta-oro/1.6.1/ant-jakarta-oro-1.6.1.jar
18:46:15.007 [pool-1-thread-1] TRACE f.m.indexer.core.download.Crawler - doNext: http://central.maven.org/maven2/ant/ant-jakarta-oro/1.6.1/ant-jakarta-oro-1.6.1.jar.md5
18:46:15.007 [pool-1-thread-1] TRACE f.m.indexer.core.download.Crawler - doNext: http://central.maven.org/maven2/ant/ant-jakarta-oro/1.6.1/ant-jakarta-oro-1.6.1.jar.sha1
18:46:15.007 [pool-1-thread-1] TRACE f.m.indexer.core.download.Crawler - doNext: http://central.maven.org/maven2/ant/ant-jakarta-oro/1.6.1/ant-jakarta-oro-1.6.1.pom
18:46:15.007 [pool-1-thread-1] TRACE f.m.indexer.core.download.Crawler - doNext: http://central.maven.org/maven2/ant/ant-jakarta-oro/1.6.1/ant-jakarta-oro-1.6.1.pom.md5
18:46:15.007 [pool-1-thread-1] TRACE f.m.indexer.core.download.Crawler - doNext: http://central.maven.org/maven2/ant/ant-jakarta-oro/1.6.1/ant-jakarta-oro-1.6.1.pom.sha1
18:46:15.007 [pool-1-thread-1] TRACE f.m.indexer.core.download.Crawler - doNext: http://central.maven.org/maven2/ant/ant-jakarta-oro/1.6.1/maven-metadata.xml
18:46:15.007 [pool-1-thread-1] TRACE f.m.indexer.core.download.Crawler - match: http://central.maven.org/maven2/ant/ant-jakarta-oro/1.6.1/maven-metadata.xml
18:46:15.007 [pool-1-thread-1] TRACE f.m.indexer.core.download.Crawler - doNext: http://central.maven.org/maven2/ant/ant-jakarta-oro/1.6.1/maven-metadata.xml.md5
18:46:15.007 [pool-1-thread-1] TRACE f.m.indexer.core.download.Crawler - doNext: http://central.maven.org/maven2/ant/ant-jakarta-oro/1.6.1/maven-metadata.xml.sha1
18:46:15.007 [pool-1-thread-1] TRACE f.m.i.core.client.JerseyHttpClient - download: http://central.maven.org/maven2/ant/ant-javamail/1.6/
18:46:15.007 [pool-1-thread-9] TRACE f.m.indexer.artifact.MetadataHandler - match: http://central.maven.org/maven2/ant/ant-jakarta-oro/maven-metadata.xml
18:46:15.007 [pool-1-thread-9] TRACE f.m.i.core.client.JerseyHttpClient - download: http://central.maven.org/maven2/ant/ant-javamail/1.6.1/
18:46:15.007 [pool-1-thread-8] TRACE f.m.indexer.core.download.Crawler - getLinks: <!DOCTYPE html>
<html>

<head>
	<title>Central Repository: ant/ant-jdepend/1.6</title>
	<meta name="viewport" content="width=device-width, initial-scale=1.0">
	<style>
body {
	background: #fff;
}
	</style>
</head>

<body>
	<header>
		<h1>ant/ant-jdepend/1.6</h1>
	</header>
	<hr/>
	<main>
		<pre id="contents">
<a href="../">../</a>
<a href="ant-jdepend-1.6.jar" title="ant-jdepend-1.6.jar">ant-jdepend-1.6.jar</a>                               2005-09-20 05:44      7968      
<a href="ant-jdepend-1.6.jar.md5" title="ant-jdepend-1.6.jar.md5">ant-jdepend-1.6.jar.md5</a>                           2005-09-20 05:44        32      
<a href="ant-jdepend-1.6.jar.sha1" title="ant-jdepend-1.6.jar.sha1">ant-jdepend-1.6.jar.sha1</a>                          2005-09-20 05:44        40      
<a href="ant-jdepend-1.6.pom" title="ant-jdepend-1.6.pom">ant-jdepend-1.6.pom</a>                               2005-09-20 05:44       146      
<a href="ant-jdepend-1.6.pom.md5" title="ant-jdepend-1.6.pom.md5">ant-jdepend-1.6.pom.md5</a>                           2005-09-20 05:44        32      
<a href="ant-jdepend-1.6.pom.sha1" title="ant-jdepend-1.6.pom.sha1">ant-jdepend-1.6.pom.sha1</a>                          2005-09-20 05:44        40      
<a href="maven-metadata.xml" title="maven-metadata.xml">maven-metadata.xml</a>                                2005-09-20 05:44       111      
<a href="maven-metadata.xml.md5" title="maven-metadata.xml.md5">maven-metadata.xml.md5</a>                            2005-09-20 05:44        75      
<a href="maven-metadata.xml.sha1" title="maven-metadata.xml.sha1">maven-metadata.xml.sha1</a>                           2005-09-20 05:44       130      
		</pre>
	</main>
	<hr/>
</body>

</html>
18:46:15.007 [pool-1-thread-8] TRACE f.m.indexer.core.download.Crawler - getFullUrl: http://central.maven.org/maven2/ant/ant-jdepend/1.6/, ../)
18:46:15.007 [pool-1-thread-8] TRACE f.m.indexer.core.download.Crawler - getFullUrl: http://central.maven.org/maven2/ant/ant-jdepend/1.6/, ant-jdepend-1.6.jar)
18:46:15.007 [pool-1-thread-8] TRACE f.m.indexer.core.download.Crawler - getFullUrl: http://central.maven.org/maven2/ant/ant-jdepend/1.6/, ant-jdepend-1.6.jar.md5)
18:46:15.007 [pool-1-thread-8] TRACE f.m.indexer.core.download.Crawler - getFullUrl: http://central.maven.org/maven2/ant/ant-jdepend/1.6/, ant-jdepend-1.6.jar.sha1)
18:46:15.007 [pool-1-thread-8] TRACE f.m.indexer.core.download.Crawler - getFullUrl: http://central.maven.org/maven2/ant/ant-jdepend/1.6/, ant-jdepend-1.6.pom)
18:46:15.007 [pool-1-thread-8] TRACE f.m.indexer.core.download.Crawler - getFullUrl: http://central.maven.org/maven2/ant/ant-jdepend/1.6/, ant-jdepend-1.6.pom.md5)
18:46:15.007 [pool-1-thread-8] TRACE f.m.indexer.core.download.Crawler - getFullUrl: http://central.maven.org/maven2/ant/ant-jdepend/1.6/, ant-jdepend-1.6.pom.sha1)
18:46:15.007 [pool-1-thread-8] TRACE f.m.indexer.core.download.Crawler - getFullUrl: http://central.maven.org/maven2/ant/ant-jdepend/1.6/, maven-metadata.xml)
18:46:15.007 [pool-1-thread-8] TRACE f.m.indexer.core.download.Crawler - getFullUrl: http://central.maven.org/maven2/ant/ant-jdepend/1.6/, maven-metadata.xml.md5)
18:46:15.007 [pool-1-thread-8] TRACE f.m.indexer.core.download.Crawler - getFullUrl: http://central.maven.org/maven2/ant/ant-jdepend/1.6/, maven-metadata.xml.sha1)
18:46:15.007 [pool-1-thread-8] TRACE f.m.indexer.core.download.Crawler - doNext: http://central.maven.org/maven2/ant/ant-jdepend/1.6/../
18:46:15.007 [pool-1-thread-8] TRACE f.m.indexer.core.download.Crawler - doNext: http://central.maven.org/maven2/ant/ant-jdepend/1.6/ant-jdepend-1.6.jar
18:46:15.007 [pool-1-thread-8] TRACE f.m.indexer.core.download.Crawler - doNext: http://central.maven.org/maven2/ant/ant-jdepend/1.6/ant-jdepend-1.6.jar.md5
18:46:15.007 [pool-1-thread-8] TRACE f.m.indexer.core.download.Crawler - doNext: http://central.maven.org/maven2/ant/ant-jdepend/1.6/ant-jdepend-1.6.jar.sha1
18:46:15.007 [pool-1-thread-8] TRACE f.m.indexer.core.download.Crawler - doNext: http://central.maven.org/maven2/ant/ant-jdepend/1.6/ant-jdepend-1.6.pom
18:46:15.007 [pool-1-thread-8] TRACE f.m.indexer.core.download.Crawler - doNext: http://central.maven.org/maven2/ant/ant-jdepend/1.6/ant-jdepend-1.6.pom.md5
18:46:15.007 [pool-1-thread-8] TRACE f.m.indexer.core.download.Crawler - doNext: http://central.maven.org/maven2/ant/ant-jdepend/1.6/ant-jdepend-1.6.pom.sha1
18:46:15.007 [pool-1-thread-8] TRACE f.m.indexer.core.download.Crawler - doNext: http://central.maven.org/maven2/ant/ant-jdepend/1.6/maven-metadata.xml
18:46:15.007 [pool-1-thread-8] TRACE f.m.indexer.core.download.Crawler - match: http://central.maven.org/maven2/ant/ant-jdepend/1.6/maven-metadata.xml
18:46:15.007 [pool-1-thread-8] TRACE f.m.indexer.core.download.Crawler - doNext: http://central.maven.org/maven2/ant/ant-jdepend/1.6/maven-metadata.xml.md5
18:46:15.007 [pool-1-thread-8] TRACE f.m.indexer.core.download.Crawler - doNext: http://central.maven.org/maven2/ant/ant-jdepend/1.6/maven-metadata.xml.sha1
18:46:15.007 [pool-1-thread-8] TRACE f.m.i.core.client.JerseyHttpClient - download: http://central.maven.org/maven2/ant/ant-javamail/1.6.2/
18:46:15.023 [pool-1-thread-5] TRACE f.m.indexer.core.download.Crawler - getLinks: <!DOCTYPE html>
<html>

<head>
	<title>Central Repository: ant/ant-jakarta-bcel/1.6.1</title>
	<meta name="viewport" content="width=device-width, initial-scale=1.0">
	<style>
body {
	background: #fff;
}
	</style>
</head>

<body>
	<header>
		<h1>ant/ant-jakarta-bcel/1.6.1</h1>
	</header>
	<hr/>
	<main>
		<pre id="contents">
<a href="../">../</a>
<a href="ant-jakarta-bcel-1.6.1.jar" title="ant-jakarta-bcel-1.6.1.jar">ant-jakarta-bcel-1.6.1.jar</a>                        2005-09-20 05:44      8625      
<a href="ant-jakarta-bcel-1.6.1.jar.md5" title="ant-jakarta-bcel-1.6.1.jar.md5">ant-jakarta-bcel-1.6.1.jar.md5</a>                    2005-09-20 05:44        32      
<a href="ant-jakarta-bcel-1.6.1.jar.sha1" title="ant-jakarta-bcel-1.6.1.jar.sha1">ant-jakarta-bcel-1.6.1.jar.sha1</a>                   2005-09-20 05:44        40      
<a href="ant-jakarta-bcel-1.6.1.pom" title="ant-jakarta-bcel-1.6.1.pom">ant-jakarta-bcel-1.6.1.pom</a>                        2005-09-20 05:44       153      
<a href="ant-jakarta-bcel-1.6.1.pom.md5" title="ant-jakarta-bcel-1.6.1.pom.md5">ant-jakarta-bcel-1.6.1.pom.md5</a>                    2005-09-20 05:44        32      
<a href="ant-jakarta-bcel-1.6.1.pom.sha1" title="ant-jakarta-bcel-1.6.1.pom.sha1">ant-jakarta-bcel-1.6.1.pom.sha1</a>                   2005-09-20 05:44        40      
<a href="maven-metadata.xml" title="maven-metadata.xml">maven-metadata.xml</a>                                2005-09-20 05:44       118      
<a href="maven-metadata.xml.md5" title="maven-metadata.xml.md5">maven-metadata.xml.md5</a>                            2005-09-20 05:44        82      
<a href="maven-metadata.xml.sha1" title="maven-metadata.xml.sha1">maven-metadata.xml.sha1</a>                           2005-09-20 05:44       137      
		</pre>
	</main>
	<hr/>
</body>

</html>
18:46:15.023 [pool-1-thread-5] TRACE f.m.indexer.core.download.Crawler - getFullUrl: http://central.maven.org/maven2/ant/ant-jakarta-bcel/1.6.1/, ../)
18:46:15.023 [pool-1-thread-5] TRACE f.m.indexer.core.download.Crawler - getFullUrl: http://central.maven.org/maven2/ant/ant-jakarta-bcel/1.6.1/, ant-jakarta-bcel-1.6.1.jar)
18:46:15.023 [pool-1-thread-5] TRACE f.m.indexer.core.download.Crawler - getFullUrl: http://central.maven.org/maven2/ant/ant-jakarta-bcel/1.6.1/, ant-jakarta-bcel-1.6.1.jar.md5)
18:46:15.023 [pool-1-thread-5] TRACE f.m.indexer.core.download.Crawler - getFullUrl: http://central.maven.org/maven2/ant/ant-jakarta-bcel/1.6.1/, ant-jakarta-bcel-1.6.1.jar.sha1)
18:46:15.023 [pool-1-thread-5] TRACE f.m.indexer.core.download.Crawler - getFullUrl: http://central.maven.org/maven2/ant/ant-jakarta-bcel/1.6.1/, ant-jakarta-bcel-1.6.1.pom)
18:46:15.023 [pool-1-thread-5] TRACE f.m.indexer.core.download.Crawler - getFullUrl: http://central.maven.org/maven2/ant/ant-jakarta-bcel/1.6.1/, ant-jakarta-bcel-1.6.1.pom.md5)
18:46:15.023 [pool-1-thread-5] TRACE f.m.indexer.core.download.Crawler - getFullUrl: http://central.maven.org/maven2/ant/ant-jakarta-bcel/1.6.1/, ant-jakarta-bcel-1.6.1.pom.sha1)
18:46:15.023 [pool-1-thread-5] TRACE f.m.indexer.core.download.Crawler - getFullUrl: http://central.maven.org/maven2/ant/ant-jakarta-bcel/1.6.1/, maven-metadata.xml)
18:46:15.023 [pool-1-thread-5] TRACE f.m.indexer.core.download.Crawler - getFullUrl: http://central.maven.org/maven2/ant/ant-jakarta-bcel/1.6.1/, maven-metadata.xml.md5)
18:46:15.023 [pool-1-thread-5] TRACE f.m.indexer.core.download.Crawler - getFullUrl: http://central.maven.org/maven2/ant/ant-jakarta-bcel/1.6.1/, maven-metadata.xml.sha1)
18:46:15.023 [pool-1-thread-5] TRACE f.m.indexer.core.download.Crawler - doNext: http://central.maven.org/maven2/ant/ant-jakarta-bcel/1.6.1/../
18:46:15.023 [pool-1-thread-5] TRACE f.m.indexer.core.download.Crawler - doNext: http://central.maven.org/maven2/ant/ant-jakarta-bcel/1.6.1/ant-jakarta-bcel-1.6.1.jar
18:46:15.023 [pool-1-thread-5] TRACE f.m.indexer.core.download.Crawler - doNext: http://central.maven.org/maven2/ant/ant-jakarta-bcel/1.6.1/ant-jakarta-bcel-1.6.1.jar.md5
18:46:15.023 [pool-1-thread-5] TRACE f.m.indexer.core.download.Crawler - doNext: http://central.maven.org/maven2/ant/ant-jakarta-bcel/1.6.1/ant-jakarta-bcel-1.6.1.jar.sha1
18:46:15.023 [pool-1-thread-5] TRACE f.m.indexer.core.download.Crawler - doNext: http://central.maven.org/maven2/ant/ant-jakarta-bcel/1.6.1/ant-jakarta-bcel-1.6.1.pom
18:46:15.023 [pool-1-thread-5] TRACE f.m.indexer.core.download.Crawler - doNext: http://central.maven.org/maven2/ant/ant-jakarta-bcel/1.6.1/ant-jakarta-bcel-1.6.1.pom.md5
18:46:15.023 [pool-1-thread-5] TRACE f.m.indexer.core.download.Crawler - doNext: http://central.maven.org/maven2/ant/ant-jakarta-bcel/1.6.1/ant-jakarta-bcel-1.6.1.pom.sha1
18:46:15.023 [pool-1-thread-5] TRACE f.m.indexer.core.download.Crawler - doNext: http://central.maven.org/maven2/ant/ant-jakarta-bcel/1.6.1/maven-metadata.xml
18:46:15.023 [pool-1-thread-5] TRACE f.m.indexer.core.download.Crawler - match: http://central.maven.org/maven2/ant/ant-jakarta-bcel/1.6.1/maven-metadata.xml
18:46:15.023 [pool-1-thread-5] TRACE f.m.indexer.core.download.Crawler - doNext: http://central.maven.org/maven2/ant/ant-jakarta-bcel/1.6.1/maven-metadata.xml.md5
18:46:15.023 [pool-1-thread-5] TRACE f.m.indexer.core.download.Crawler - doNext: http://central.maven.org/maven2/ant/ant-jakarta-bcel/1.6.1/maven-metadata.xml.sha1
18:46:15.023 [pool-1-thread-5] TRACE f.m.i.core.client.JerseyHttpClient - download: http://central.maven.org/maven2/ant/ant-javamail/1.6.3/
18:46:15.023 [pool-1-thread-3] TRACE f.m.indexer.core.download.Crawler - getLinks: <!DOCTYPE html>
<html>

<head>
	<title>Central Repository: ant/ant-jdepend/1.6.1</title>
	<meta name="viewport" content="width=device-width, initial-scale=1.0">
	<style>
body {
	background: #fff;
}
	</style>
</head>

<body>
	<header>
		<h1>ant/ant-jdepend/1.6.1</h1>
	</header>
	<hr/>
	<main>
		<pre id="contents">
<a href="../">../</a>
<a href="ant-jdepend-1.6.1.jar" title="ant-jdepend-1.6.1.jar">ant-jdepend-1.6.1.jar</a>                             2005-09-20 05:44      7969      
<a href="ant-jdepend-1.6.1.jar.md5" title="ant-jdepend-1.6.1.jar.md5">ant-jdepend-1.6.1.jar.md5</a>                         2005-09-20 05:44        32      
<a href="ant-jdepend-1.6.1.jar.sha1" title="ant-jdepend-1.6.1.jar.sha1">ant-jdepend-1.6.1.jar.sha1</a>                        2005-09-20 05:44        40      
<a href="ant-jdepend-1.6.1.pom" title="ant-jdepend-1.6.1.pom">ant-jdepend-1.6.1.pom</a>                             2005-09-20 05:44       148      
<a href="ant-jdepend-1.6.1.pom.md5" title="ant-jdepend-1.6.1.pom.md5">ant-jdepend-1.6.1.pom.md5</a>                         2005-09-20 05:44        32      
<a href="ant-jdepend-1.6.1.pom.sha1" title="ant-jdepend-1.6.1.pom.sha1">ant-jdepend-1.6.1.pom.sha1</a>                        2005-09-20 05:44        40      
<a href="maven-metadata.xml" title="maven-metadata.xml">maven-metadata.xml</a>                                2005-09-20 05:44       113      
<a href="maven-metadata.xml.md5" title="maven-metadata.xml.md5">maven-metadata.xml.md5</a>                            2005-09-20 05:44        77      
<a href="maven-metadata.xml.sha1" title="maven-metadata.xml.sha1">maven-metadata.xml.sha1</a>                           2005-09-20 05:44       132      
		</pre>
	</main>
	<hr/>
</body>

</html>
18:46:15.023 [pool-1-thread-3] TRACE f.m.indexer.core.download.Crawler - getFullUrl: http://central.maven.org/maven2/ant/ant-jdepend/1.6.1/, ../)
18:46:15.023 [pool-1-thread-3] TRACE f.m.indexer.core.download.Crawler - getFullUrl: http://central.maven.org/maven2/ant/ant-jdepend/1.6.1/, ant-jdepend-1.6.1.jar)
18:46:15.023 [pool-1-thread-3] TRACE f.m.indexer.core.download.Crawler - getFullUrl: http://central.maven.org/maven2/ant/ant-jdepend/1.6.1/, ant-jdepend-1.6.1.jar.md5)
18:46:15.023 [pool-1-thread-3] TRACE f.m.indexer.core.download.Crawler - getFullUrl: http://central.maven.org/maven2/ant/ant-jdepend/1.6.1/, ant-jdepend-1.6.1.jar.sha1)
18:46:15.023 [pool-1-thread-3] TRACE f.m.indexer.core.download.Crawler - getFullUrl: http://central.maven.org/maven2/ant/ant-jdepend/1.6.1/, ant-jdepend-1.6.1.pom)
18:46:15.023 [pool-1-thread-3] TRACE f.m.indexer.core.download.Crawler - getFullUrl: http://central.maven.org/maven2/ant/ant-jdepend/1.6.1/, ant-jdepend-1.6.1.pom.md5)
18:46:15.023 [pool-1-thread-3] TRACE f.m.indexer.core.download.Crawler - getFullUrl: http://central.maven.org/maven2/ant/ant-jdepend/1.6.1/, ant-jdepend-1.6.1.pom.sha1)
18:46:15.023 [pool-1-thread-3] TRACE f.m.indexer.core.download.Crawler - getFullUrl: http://central.maven.org/maven2/ant/ant-jdepend/1.6.1/, maven-metadata.xml)
18:46:15.023 [pool-1-thread-3] TRACE f.m.indexer.core.download.Crawler - getFullUrl: http://central.maven.org/maven2/ant/ant-jdepend/1.6.1/, maven-metadata.xml.md5)
18:46:15.023 [pool-1-thread-3] TRACE f.m.indexer.core.download.Crawler - getFullUrl: http://central.maven.org/maven2/ant/ant-jdepend/1.6.1/, maven-metadata.xml.sha1)
18:46:15.023 [pool-1-thread-3] TRACE f.m.indexer.core.download.Crawler - doNext: http://central.maven.org/maven2/ant/ant-jdepend/1.6.1/../
18:46:15.023 [pool-1-thread-3] TRACE f.m.indexer.core.download.Crawler - doNext: http://central.maven.org/maven2/ant/ant-jdepend/1.6.1/ant-jdepend-1.6.1.jar
18:46:15.023 [pool-1-thread-3] TRACE f.m.indexer.core.download.Crawler - doNext: http://central.maven.org/maven2/ant/ant-jdepend/1.6.1/ant-jdepend-1.6.1.jar.md5
18:46:15.023 [pool-1-thread-3] TRACE f.m.indexer.core.download.Crawler - doNext: http://central.maven.org/maven2/ant/ant-jdepend/1.6.1/ant-jdepend-1.6.1.jar.sha1
18:46:15.023 [pool-1-thread-3] TRACE f.m.indexer.core.download.Crawler - doNext: http://central.maven.org/maven2/ant/ant-jdepend/1.6.1/ant-jdepend-1.6.1.pom
18:46:15.023 [pool-1-thread-3] TRACE f.m.indexer.core.download.Crawler - doNext: http://central.maven.org/maven2/ant/ant-jdepend/1.6.1/ant-jdepend-1.6.1.pom.md5
18:46:15.023 [pool-1-thread-3] TRACE f.m.indexer.core.download.Crawler - doNext: http://central.maven.org/maven2/ant/ant-jdepend/1.6.1/ant-jdepend-1.6.1.pom.sha1
18:46:15.023 [pool-1-thread-3] TRACE f.m.indexer.core.download.Crawler - doNext: http://central.maven.org/maven2/ant/ant-jdepend/1.6.1/maven-metadata.xml
18:46:15.023 [pool-1-thread-3] TRACE f.m.indexer.core.download.Crawler - match: http://central.maven.org/maven2/ant/ant-jdepend/1.6.1/maven-metadata.xml
18:46:15.023 [pool-1-thread-3] TRACE f.m.indexer.core.download.Crawler - doNext: http://central.maven.org/maven2/ant/ant-jdepend/1.6.1/maven-metadata.xml.md5
18:46:15.023 [pool-1-thread-3] TRACE f.m.indexer.core.download.Crawler - doNext: http://central.maven.org/maven2/ant/ant-jdepend/1.6.1/maven-metadata.xml.sha1
18:46:15.023 [pool-1-thread-3] TRACE f.m.i.core.client.JerseyHttpClient - download: http://central.maven.org/maven2/ant/ant-javamail/1.6.4/
18:46:15.054 [pool-1-thread-10] TRACE f.m.indexer.core.download.Crawler - getLinks: <!DOCTYPE html>
<html>

<head>
	<title>Central Repository: ant/ant-jdepend/1.6.2</title>
	<meta name="viewport" content="width=device-width, initial-scale=1.0">
	<style>
body {
	background: #fff;
}
	</style>
</head>

<body>
	<header>
		<h1>ant/ant-jdepend/1.6.2</h1>
	</header>
	<hr/>
	<main>
		<pre id="contents">
<a href="../">../</a>
<a href="ant-jdepend-1.6.2.jar" title="ant-jdepend-1.6.2.jar">ant-jdepend-1.6.2.jar</a>                             2005-09-20 05:44      8152      
<a href="ant-jdepend-1.6.2.jar.md5" title="ant-jdepend-1.6.2.jar.md5">ant-jdepend-1.6.2.jar.md5</a>                         2005-09-20 05:44        32      
<a href="ant-jdepend-1.6.2.jar.sha1" title="ant-jdepend-1.6.2.jar.sha1">ant-jdepend-1.6.2.jar.sha1</a>                        2005-09-20 05:44        40      
<a href="ant-jdepend-1.6.2.pom" title="ant-jdepend-1.6.2.pom">ant-jdepend-1.6.2.pom</a>                             2005-09-20 05:44       148      
<a href="ant-jdepend-1.6.2.pom.md5" title="ant-jdepend-1.6.2.pom.md5">ant-jdepend-1.6.2.pom.md5</a>                         2005-09-20 05:44        32      
<a href="ant-jdepend-1.6.2.pom.sha1" title="ant-jdepend-1.6.2.pom.sha1">ant-jdepend-1.6.2.pom.sha1</a>                        2005-09-20 05:44        40      
<a href="maven-metadata.xml" title="maven-metadata.xml">maven-metadata.xml</a>                                2005-09-20 05:44       113      
<a href="maven-metadata.xml.md5" title="maven-metadata.xml.md5">maven-metadata.xml.md5</a>                            2005-09-20 05:44        77      
<a href="maven-metadata.xml.sha1" title="maven-metadata.xml.sha1">maven-metadata.xml.sha1</a>                           2005-09-20 05:44       132      
		</pre>
	</main>
	<hr/>
</body>

</html>
18:46:15.054 [pool-1-thread-10] TRACE f.m.indexer.core.download.Crawler - getFullUrl: http://central.maven.org/maven2/ant/ant-jdepend/1.6.2/, ../)
18:46:15.054 [pool-1-thread-10] TRACE f.m.indexer.core.download.Crawler - getFullUrl: http://central.maven.org/maven2/ant/ant-jdepend/1.6.2/, ant-jdepend-1.6.2.jar)
18:46:15.054 [pool-1-thread-10] TRACE f.m.indexer.core.download.Crawler - getFullUrl: http://central.maven.org/maven2/ant/ant-jdepend/1.6.2/, ant-jdepend-1.6.2.jar.md5)
18:46:15.054 [pool-1-thread-10] TRACE f.m.indexer.core.download.Crawler - getFullUrl: http://central.maven.org/maven2/ant/ant-jdepend/1.6.2/, ant-jdepend-1.6.2.jar.sha1)
18:46:15.054 [pool-1-thread-10] TRACE f.m.indexer.core.download.Crawler - getFullUrl: http://central.maven.org/maven2/ant/ant-jdepend/1.6.2/, ant-jdepend-1.6.2.pom)
18:46:15.054 [pool-1-thread-10] TRACE f.m.indexer.core.download.Crawler - getFullUrl: http://central.maven.org/maven2/ant/ant-jdepend/1.6.2/, ant-jdepend-1.6.2.pom.md5)
18:46:15.054 [pool-1-thread-10] TRACE f.m.indexer.core.download.Crawler - getFullUrl: http://central.maven.org/maven2/ant/ant-jdepend/1.6.2/, ant-jdepend-1.6.2.pom.sha1)
18:46:15.054 [pool-1-thread-10] TRACE f.m.indexer.core.download.Crawler - getFullUrl: http://central.maven.org/maven2/ant/ant-jdepend/1.6.2/, maven-metadata.xml)
18:46:15.054 [pool-1-thread-10] TRACE f.m.indexer.core.download.Crawler - getFullUrl: http://central.maven.org/maven2/ant/ant-jdepend/1.6.2/, maven-metadata.xml.md5)
18:46:15.054 [pool-1-thread-10] TRACE f.m.indexer.core.download.Crawler - getFullUrl: http://central.maven.org/maven2/ant/ant-jdepend/1.6.2/, maven-metadata.xml.sha1)
18:46:15.054 [pool-1-thread-10] TRACE f.m.indexer.core.download.Crawler - doNext: http://central.maven.org/maven2/ant/ant-jdepend/1.6.2/../
18:46:15.054 [pool-1-thread-10] TRACE f.m.indexer.core.download.Crawler - doNext: http://central.maven.org/maven2/ant/ant-jdepend/1.6.2/ant-jdepend-1.6.2.jar
18:46:15.054 [pool-1-thread-10] TRACE f.m.indexer.core.download.Crawler - doNext: http://central.maven.org/maven2/ant/ant-jdepend/1.6.2/ant-jdepend-1.6.2.jar.md5
18:46:15.054 [pool-1-thread-10] TRACE f.m.indexer.core.download.Crawler - doNext: http://central.maven.org/maven2/ant/ant-jdepend/1.6.2/ant-jdepend-1.6.2.jar.sha1
18:46:15.054 [pool-1-thread-10] TRACE f.m.indexer.core.download.Crawler - doNext: http://central.maven.org/maven2/ant/ant-jdepend/1.6.2/ant-jdepend-1.6.2.pom
18:46:15.054 [pool-1-thread-10] TRACE f.m.indexer.core.download.Crawler - doNext: http://central.maven.org/maven2/ant/ant-jdepend/1.6.2/ant-jdepend-1.6.2.pom.md5
18:46:15.054 [pool-1-thread-10] TRACE f.m.indexer.core.download.Crawler - doNext: http://central.maven.org/maven2/ant/ant-jdepend/1.6.2/ant-jdepend-1.6.2.pom.sha1
18:46:15.054 [pool-1-thread-10] TRACE f.m.indexer.core.download.Crawler - doNext: http://central.maven.org/maven2/ant/ant-jdepend/1.6.2/maven-metadata.xml
18:46:15.054 [pool-1-thread-10] TRACE f.m.indexer.core.download.Crawler - match: http://central.maven.org/maven2/ant/ant-jdepend/1.6.2/maven-metadata.xml
18:46:15.054 [pool-1-thread-10] TRACE f.m.indexer.core.download.Crawler - doNext: http://central.maven.org/maven2/ant/ant-jdepend/1.6.2/maven-metadata.xml.md5
18:46:15.054 [pool-1-thread-10] TRACE f.m.indexer.core.download.Crawler - doNext: http://central.maven.org/maven2/ant/ant-jdepend/1.6.2/maven-metadata.xml.sha1
18:46:15.054 [pool-1-thread-10] TRACE f.m.i.core.client.JerseyHttpClient - download: http://central.maven.org/maven2/ant/ant-javamail/1.6.5/
18:46:15.054 [pool-1-thread-7] TRACE f.m.indexer.core.download.Crawler - getLinks: <!DOCTYPE html>
<html>

<head>
	<title>Central Repository: ant/ant-jdepend/1.6.3</title>
	<meta name="viewport" content="width=device-width, initial-scale=1.0">
	<style>
body {
	background: #fff;
}
	</style>
</head>

<body>
	<header>
		<h1>ant/ant-jdepend/1.6.3</h1>
	</header>
	<hr/>
	<main>
		<pre id="contents">
<a href="../">../</a>
<a href="ant-jdepend-1.6.3.jar" title="ant-jdepend-1.6.3.jar">ant-jdepend-1.6.3.jar</a>                             2005-09-20 05:44      8160      
<a href="ant-jdepend-1.6.3.jar.md5" title="ant-jdepend-1.6.3.jar.md5">ant-jdepend-1.6.3.jar.md5</a>                         2005-09-20 05:44        32      
<a href="ant-jdepend-1.6.3.jar.sha1" title="ant-jdepend-1.6.3.jar.sha1">ant-jdepend-1.6.3.jar.sha1</a>                        2005-09-20 05:44        40      
<a href="ant-jdepend-1.6.3.pom" title="ant-jdepend-1.6.3.pom">ant-jdepend-1.6.3.pom</a>                             2005-09-20 05:44       148      
<a href="ant-jdepend-1.6.3.pom.md5" title="ant-jdepend-1.6.3.pom.md5">ant-jdepend-1.6.3.pom.md5</a>                         2005-09-20 05:44        32      
<a href="ant-jdepend-1.6.3.pom.sha1" title="ant-jdepend-1.6.3.pom.sha1">ant-jdepend-1.6.3.pom.sha1</a>                        2005-09-20 05:44        40      
<a href="maven-metadata.xml" title="maven-metadata.xml">maven-metadata.xml</a>                                2005-09-20 05:44       113      
<a href="maven-metadata.xml.md5" title="maven-metadata.xml.md5">maven-metadata.xml.md5</a>                            2005-09-20 05:44        77      
<a href="maven-metadata.xml.sha1" title="maven-metadata.xml.sha1">maven-metadata.xml.sha1</a>                           2005-09-20 05:44       132      
		</pre>
	</main>
	<hr/>
</body>

</html>
18:46:15.054 [pool-1-thread-7] TRACE f.m.indexer.core.download.Crawler - getFullUrl: http://central.maven.org/maven2/ant/ant-jdepend/1.6.3/, ../)
18:46:15.054 [pool-1-thread-7] TRACE f.m.indexer.core.download.Crawler - getFullUrl: http://central.maven.org/maven2/ant/ant-jdepend/1.6.3/, ant-jdepend-1.6.3.jar)
18:46:15.054 [pool-1-thread-7] TRACE f.m.indexer.core.download.Crawler - getFullUrl: http://central.maven.org/maven2/ant/ant-jdepend/1.6.3/, ant-jdepend-1.6.3.jar.md5)
18:46:15.054 [pool-1-thread-7] TRACE f.m.indexer.core.download.Crawler - getFullUrl: http://central.maven.org/maven2/ant/ant-jdepend/1.6.3/, ant-jdepend-1.6.3.jar.sha1)
18:46:15.054 [pool-1-thread-7] TRACE f.m.indexer.core.download.Crawler - getFullUrl: http://central.maven.org/maven2/ant/ant-jdepend/1.6.3/, ant-jdepend-1.6.3.pom)
18:46:15.054 [pool-1-thread-7] TRACE f.m.indexer.core.download.Crawler - getFullUrl: http://central.maven.org/maven2/ant/ant-jdepend/1.6.3/, ant-jdepend-1.6.3.pom.md5)
18:46:15.054 [pool-1-thread-7] TRACE f.m.indexer.core.download.Crawler - getFullUrl: http://central.maven.org/maven2/ant/ant-jdepend/1.6.3/, ant-jdepend-1.6.3.pom.sha1)
18:46:15.054 [pool-1-thread-7] TRACE f.m.indexer.core.download.Crawler - getFullUrl: http://central.maven.org/maven2/ant/ant-jdepend/1.6.3/, maven-metadata.xml)
18:46:15.054 [pool-1-thread-7] TRACE f.m.indexer.core.download.Crawler - getFullUrl: http://central.maven.org/maven2/ant/ant-jdepend/1.6.3/, maven-metadata.xml.md5)
18:46:15.054 [pool-1-thread-7] TRACE f.m.indexer.core.download.Crawler - getFullUrl: http://central.maven.org/maven2/ant/ant-jdepend/1.6.3/, maven-metadata.xml.sha1)
18:46:15.054 [pool-1-thread-7] TRACE f.m.indexer.core.download.Crawler - doNext: http://central.maven.org/maven2/ant/ant-jdepend/1.6.3/../
18:46:15.054 [pool-1-thread-7] TRACE f.m.indexer.core.download.Crawler - doNext: http://central.maven.org/maven2/ant/ant-jdepend/1.6.3/ant-jdepend-1.6.3.jar
18:46:15.054 [pool-1-thread-7] TRACE f.m.indexer.core.download.Crawler - doNext: http://central.maven.org/maven2/ant/ant-jdepend/1.6.3/ant-jdepend-1.6.3.jar.md5
18:46:15.054 [pool-1-thread-7] TRACE f.m.indexer.core.download.Crawler - doNext: http://central.maven.org/maven2/ant/ant-jdepend/1.6.3/ant-jdepend-1.6.3.jar.sha1
18:46:15.054 [pool-1-thread-7] TRACE f.m.indexer.core.download.Crawler - doNext: http://central.maven.org/maven2/ant/ant-jdepend/1.6.3/ant-jdepend-1.6.3.pom
18:46:15.054 [pool-1-thread-7] TRACE f.m.indexer.core.download.Crawler - doNext: http://central.maven.org/maven2/ant/ant-jdepend/1.6.3/ant-jdepend-1.6.3.pom.md5
18:46:15.054 [pool-1-thread-7] TRACE f.m.indexer.core.download.Crawler - doNext: http://central.maven.org/maven2/ant/ant-jdepend/1.6.3/ant-jdepend-1.6.3.pom.sha1
18:46:15.054 [pool-1-thread-7] TRACE f.m.indexer.core.download.Crawler - doNext: http://central.maven.org/maven2/ant/ant-jdepend/1.6.3/maven-metadata.xml
18:46:15.054 [pool-1-thread-7] TRACE f.m.indexer.core.download.Crawler - match: http://central.maven.org/maven2/ant/ant-jdepend/1.6.3/maven-metadata.xml
18:46:15.054 [pool-1-thread-7] TRACE f.m.indexer.core.download.Crawler - doNext: http://central.maven.org/maven2/ant/ant-jdepend/1.6.3/maven-metadata.xml.md5
18:46:15.054 [pool-1-thread-7] TRACE f.m.indexer.core.download.Crawler - doNext: http://central.maven.org/maven2/ant/ant-jdepend/1.6.3/maven-metadata.xml.sha1
18:46:15.054 [pool-1-thread-7] TRACE f.m.i.core.client.JerseyHttpClient - download: http://central.maven.org/maven2/ant/ant-javamail/maven-metadata.xml
18:46:15.054 [pool-1-thread-4] TRACE f.m.indexer.core.download.Crawler - getLinks: <!DOCTYPE html>
<html>

<head>
	<title>Central Repository: ant/ant-jdepend/1.6.4</title>
	<meta name="viewport" content="width=device-width, initial-scale=1.0">
	<style>
body {
	background: #fff;
}
	</style>
</head>

<body>
	<header>
		<h1>ant/ant-jdepend/1.6.4</h1>
	</header>
	<hr/>
	<main>
		<pre id="contents">
<a href="../">../</a>
<a href="ant-jdepend-1.6.4.jar" title="ant-jdepend-1.6.4.jar">ant-jdepend-1.6.4.jar</a>                             2005-09-20 05:44      8160      
<a href="ant-jdepend-1.6.4.jar.md5" title="ant-jdepend-1.6.4.jar.md5">ant-jdepend-1.6.4.jar.md5</a>                         2005-09-20 05:44        32      
<a href="ant-jdepend-1.6.4.jar.sha1" title="ant-jdepend-1.6.4.jar.sha1">ant-jdepend-1.6.4.jar.sha1</a>                        2005-09-20 05:44        40      
<a href="ant-jdepend-1.6.4.pom" title="ant-jdepend-1.6.4.pom">ant-jdepend-1.6.4.pom</a>                             2005-09-20 05:44       148      
<a href="ant-jdepend-1.6.4.pom.md5" title="ant-jdepend-1.6.4.pom.md5">ant-jdepend-1.6.4.pom.md5</a>                         2005-09-20 05:44        32      
<a href="ant-jdepend-1.6.4.pom.sha1" title="ant-jdepend-1.6.4.pom.sha1">ant-jdepend-1.6.4.pom.sha1</a>                        2005-09-20 05:44        40      
<a href="maven-metadata.xml" title="maven-metadata.xml">maven-metadata.xml</a>                                2005-09-20 05:44       113      
<a href="maven-metadata.xml.md5" title="maven-metadata.xml.md5">maven-metadata.xml.md5</a>                            2005-09-20 05:44        77      
<a href="maven-metadata.xml.sha1" title="maven-metadata.xml.sha1">maven-metadata.xml.sha1</a>                           2005-09-20 05:44       132      
		</pre>
	</main>
	<hr/>
</body>

</html>
18:46:15.054 [pool-1-thread-4] TRACE f.m.indexer.core.download.Crawler - getFullUrl: http://central.maven.org/maven2/ant/ant-jdepend/1.6.4/, ../)
18:46:15.054 [pool-1-thread-4] TRACE f.m.indexer.core.download.Crawler - getFullUrl: http://central.maven.org/maven2/ant/ant-jdepend/1.6.4/, ant-jdepend-1.6.4.jar)
18:46:15.054 [pool-1-thread-4] TRACE f.m.indexer.core.download.Crawler - getFullUrl: http://central.maven.org/maven2/ant/ant-jdepend/1.6.4/, ant-jdepend-1.6.4.jar.md5)
18:46:15.054 [pool-1-thread-4] TRACE f.m.indexer.core.download.Crawler - getFullUrl: http://central.maven.org/maven2/ant/ant-jdepend/1.6.4/, ant-jdepend-1.6.4.jar.sha1)
18:46:15.054 [pool-1-thread-4] TRACE f.m.indexer.core.download.Crawler - getFullUrl: http://central.maven.org/maven2/ant/ant-jdepend/1.6.4/, ant-jdepend-1.6.4.pom)
18:46:15.054 [pool-1-thread-4] TRACE f.m.indexer.core.download.Crawler - getFullUrl: http://central.maven.org/maven2/ant/ant-jdepend/1.6.4/, ant-jdepend-1.6.4.pom.md5)
18:46:15.054 [pool-1-thread-4] TRACE f.m.indexer.core.download.Crawler - getFullUrl: http://central.maven.org/maven2/ant/ant-jdepend/1.6.4/, ant-jdepend-1.6.4.pom.sha1)
18:46:15.054 [pool-1-thread-4] TRACE f.m.indexer.core.download.Crawler - getFullUrl: http://central.maven.org/maven2/ant/ant-jdepend/1.6.4/, maven-metadata.xml)
18:46:15.054 [pool-1-thread-4] TRACE f.m.indexer.core.download.Crawler - getFullUrl: http://central.maven.org/maven2/ant/ant-jdepend/1.6.4/, maven-metadata.xml.md5)
18:46:15.054 [pool-1-thread-4] TRACE f.m.indexer.core.download.Crawler - getFullUrl: http://central.maven.org/maven2/ant/ant-jdepend/1.6.4/, maven-metadata.xml.sha1)
18:46:15.054 [pool-1-thread-4] TRACE f.m.indexer.core.download.Crawler - doNext: http://central.maven.org/maven2/ant/ant-jdepend/1.6.4/../
18:46:15.070 [pool-1-thread-4] TRACE f.m.indexer.core.download.Crawler - doNext: http://central.maven.org/maven2/ant/ant-jdepend/1.6.4/ant-jdepend-1.6.4.jar
18:46:15.070 [pool-1-thread-4] TRACE f.m.indexer.core.download.Crawler - doNext: http://central.maven.org/maven2/ant/ant-jdepend/1.6.4/ant-jdepend-1.6.4.jar.md5
18:46:15.070 [pool-1-thread-4] TRACE f.m.indexer.core.download.Crawler - doNext: http://central.maven.org/maven2/ant/ant-jdepend/1.6.4/ant-jdepend-1.6.4.jar.sha1
18:46:15.070 [pool-1-thread-4] TRACE f.m.indexer.core.download.Crawler - doNext: http://central.maven.org/maven2/ant/ant-jdepend/1.6.4/ant-jdepend-1.6.4.pom
18:46:15.070 [pool-1-thread-4] TRACE f.m.indexer.core.download.Crawler - doNext: http://central.maven.org/maven2/ant/ant-jdepend/1.6.4/ant-jdepend-1.6.4.pom.md5
18:46:15.070 [pool-1-thread-4] TRACE f.m.indexer.core.download.Crawler - doNext: http://central.maven.org/maven2/ant/ant-jdepend/1.6.4/ant-jdepend-1.6.4.pom.sha1
18:46:15.070 [pool-1-thread-4] TRACE f.m.indexer.core.download.Crawler - doNext: http://central.maven.org/maven2/ant/ant-jdepend/1.6.4/maven-metadata.xml
18:46:15.070 [pool-1-thread-4] TRACE f.m.indexer.core.download.Crawler - match: http://central.maven.org/maven2/ant/ant-jdepend/1.6.4/maven-metadata.xml
18:46:15.070 [pool-1-thread-4] TRACE f.m.indexer.core.download.Crawler - doNext: http://central.maven.org/maven2/ant/ant-jdepend/1.6.4/maven-metadata.xml.md5
18:46:15.070 [pool-1-thread-4] TRACE f.m.indexer.core.download.Crawler - doNext: http://central.maven.org/maven2/ant/ant-jdepend/1.6.4/maven-metadata.xml.sha1
18:46:15.070 [pool-1-thread-4] TRACE f.m.i.core.client.JerseyHttpClient - download: http://central.maven.org/maven2/ant/ant-jsch/1.6/
18:46:15.070 [pool-1-thread-6] TRACE f.m.indexer.artifact.MetadataHandler - match: http://central.maven.org/maven2/ant/ant-jdepend/maven-metadata.xml
18:46:15.070 [pool-1-thread-6] TRACE f.m.i.core.client.JerseyHttpClient - download: http://central.maven.org/maven2/ant/ant-jsch/1.6.1/
18:46:15.070 [pool-1-thread-1] TRACE f.m.indexer.core.download.Crawler - getLinks: <!DOCTYPE html>
<html>

<head>
	<title>Central Repository: ant/ant-javamail/1.6</title>
	<meta name="viewport" content="width=device-width, initial-scale=1.0">
	<style>
body {
	background: #fff;
}
	</style>
</head>

<body>
	<header>
		<h1>ant/ant-javamail/1.6</h1>
	</header>
	<hr/>
	<main>
		<pre id="contents">
<a href="../">../</a>
<a href="ant-javamail-1.6.jar" title="ant-javamail-1.6.jar">ant-javamail-1.6.jar</a>                              2005-09-20 05:44      6759      
<a href="ant-javamail-1.6.jar.md5" title="ant-javamail-1.6.jar.md5">ant-javamail-1.6.jar.md5</a>                          2005-09-20 05:44        32      
<a href="ant-javamail-1.6.jar.sha1" title="ant-javamail-1.6.jar.sha1">ant-javamail-1.6.jar.sha1</a>                         2005-09-20 05:44        40      
<a href="ant-javamail-1.6.pom" title="ant-javamail-1.6.pom">ant-javamail-1.6.pom</a>                              2005-09-20 05:44       147      
<a href="ant-javamail-1.6.pom.md5" title="ant-javamail-1.6.pom.md5">ant-javamail-1.6.pom.md5</a>                          2005-09-20 05:44        32      
<a href="ant-javamail-1.6.pom.sha1" title="ant-javamail-1.6.pom.sha1">ant-javamail-1.6.pom.sha1</a>                         2005-09-20 05:44        40      
<a href="maven-metadata.xml" title="maven-metadata.xml">maven-metadata.xml</a>                                2005-09-20 05:44       112      
<a href="maven-metadata.xml.md5" title="maven-metadata.xml.md5">maven-metadata.xml.md5</a>                            2005-09-20 05:44        76      
<a href="maven-metadata.xml.sha1" title="maven-metadata.xml.sha1">maven-metadata.xml.sha1</a>                           2005-09-20 05:44       131      
		</pre>
	</main>
	<hr/>
</body>

</html>
18:46:15.070 [pool-1-thread-1] TRACE f.m.indexer.core.download.Crawler - getFullUrl: http://central.maven.org/maven2/ant/ant-javamail/1.6/, ../)
18:46:15.070 [pool-1-thread-1] TRACE f.m.indexer.core.download.Crawler - getFullUrl: http://central.maven.org/maven2/ant/ant-javamail/1.6/, ant-javamail-1.6.jar)
18:46:15.070 [pool-1-thread-1] TRACE f.m.indexer.core.download.Crawler - getFullUrl: http://central.maven.org/maven2/ant/ant-javamail/1.6/, ant-javamail-1.6.jar.md5)
18:46:15.070 [pool-1-thread-1] TRACE f.m.indexer.core.download.Crawler - getFullUrl: http://central.maven.org/maven2/ant/ant-javamail/1.6/, ant-javamail-1.6.jar.sha1)
18:46:15.070 [pool-1-thread-1] TRACE f.m.indexer.core.download.Crawler - getFullUrl: http://central.maven.org/maven2/ant/ant-javamail/1.6/, ant-javamail-1.6.pom)
18:46:15.070 [pool-1-thread-1] TRACE f.m.indexer.core.download.Crawler - getFullUrl: http://central.maven.org/maven2/ant/ant-javamail/1.6/, ant-javamail-1.6.pom.md5)
18:46:15.070 [pool-1-thread-1] TRACE f.m.indexer.core.download.Crawler - getFullUrl: http://central.maven.org/maven2/ant/ant-javamail/1.6/, ant-javamail-1.6.pom.sha1)
18:46:15.070 [pool-1-thread-1] TRACE f.m.indexer.core.download.Crawler - getFullUrl: http://central.maven.org/maven2/ant/ant-javamail/1.6/, maven-metadata.xml)
18:46:15.070 [pool-1-thread-1] TRACE f.m.indexer.core.download.Crawler - getFullUrl: http://central.maven.org/maven2/ant/ant-javamail/1.6/, maven-metadata.xml.md5)
18:46:15.070 [pool-1-thread-1] TRACE f.m.indexer.core.download.Crawler - getFullUrl: http://central.maven.org/maven2/ant/ant-javamail/1.6/, maven-metadata.xml.sha1)
18:46:15.070 [pool-1-thread-1] TRACE f.m.indexer.core.download.Crawler - doNext: http://central.maven.org/maven2/ant/ant-javamail/1.6/../
18:46:15.070 [pool-1-thread-1] TRACE f.m.indexer.core.download.Crawler - doNext: http://central.maven.org/maven2/ant/ant-javamail/1.6/ant-javamail-1.6.jar
18:46:15.070 [pool-1-thread-1] TRACE f.m.indexer.core.download.Crawler - doNext: http://central.maven.org/maven2/ant/ant-javamail/1.6/ant-javamail-1.6.jar.md5
18:46:15.070 [pool-1-thread-1] TRACE f.m.indexer.core.download.Crawler - doNext: http://central.maven.org/maven2/ant/ant-javamail/1.6/ant-javamail-1.6.jar.sha1
18:46:15.070 [pool-1-thread-1] TRACE f.m.indexer.core.download.Crawler - doNext: http://central.maven.org/maven2/ant/ant-javamail/1.6/ant-javamail-1.6.pom
18:46:15.070 [pool-1-thread-1] TRACE f.m.indexer.core.download.Crawler - doNext: http://central.maven.org/maven2/ant/ant-javamail/1.6/ant-javamail-1.6.pom.md5
18:46:15.070 [pool-1-thread-1] TRACE f.m.indexer.core.download.Crawler - doNext: http://central.maven.org/maven2/ant/ant-javamail/1.6/ant-javamail-1.6.pom.sha1
18:46:15.070 [pool-1-thread-1] TRACE f.m.indexer.core.download.Crawler - doNext: http://central.maven.org/maven2/ant/ant-javamail/1.6/maven-metadata.xml
18:46:15.070 [pool-1-thread-1] TRACE f.m.indexer.core.download.Crawler - match: http://central.maven.org/maven2/ant/ant-javamail/1.6/maven-metadata.xml
18:46:15.070 [pool-1-thread-1] TRACE f.m.indexer.core.download.Crawler - doNext: http://central.maven.org/maven2/ant/ant-javamail/1.6/maven-metadata.xml.md5
18:46:15.070 [pool-1-thread-1] TRACE f.m.indexer.core.download.Crawler - doNext: http://central.maven.org/maven2/ant/ant-javamail/1.6/maven-metadata.xml.sha1
18:46:15.070 [pool-1-thread-1] TRACE f.m.i.core.client.JerseyHttpClient - download: http://central.maven.org/maven2/ant/ant-jsch/1.6.2/
18:46:15.070 [pool-1-thread-9] TRACE f.m.indexer.core.download.Crawler - getLinks: <!DOCTYPE html>
<html>

<head>
	<title>Central Repository: ant/ant-javamail/1.6.1</title>
	<meta name="viewport" content="width=device-width, initial-scale=1.0">
	<style>
body {
	background: #fff;
}
	</style>
</head>

<body>
	<header>
		<h1>ant/ant-javamail/1.6.1</h1>
	</header>
	<hr/>
	<main>
		<pre id="contents">
<a href="../">../</a>
<a href="ant-javamail-1.6.1.jar" title="ant-javamail-1.6.1.jar">ant-javamail-1.6.1.jar</a>                            2005-09-20 05:44      6737      
<a href="ant-javamail-1.6.1.jar.md5" title="ant-javamail-1.6.1.jar.md5">ant-javamail-1.6.1.jar.md5</a>                        2005-09-20 05:44        32      
<a href="ant-javamail-1.6.1.jar.sha1" title="ant-javamail-1.6.1.jar.sha1">ant-javamail-1.6.1.jar.sha1</a>                       2005-09-20 05:44        40      
<a href="ant-javamail-1.6.1.pom" title="ant-javamail-1.6.1.pom">ant-javamail-1.6.1.pom</a>                            2005-09-20 05:44       149      
<a href="ant-javamail-1.6.1.pom.md5" title="ant-javamail-1.6.1.pom.md5">ant-javamail-1.6.1.pom.md5</a>                        2005-09-20 05:44        32      
<a href="ant-javamail-1.6.1.pom.sha1" title="ant-javamail-1.6.1.pom.sha1">ant-javamail-1.6.1.pom.sha1</a>                       2005-09-20 05:44        40      
<a href="maven-metadata.xml" title="maven-metadata.xml">maven-metadata.xml</a>                                2005-09-20 05:44       114      
<a href="maven-metadata.xml.md5" title="maven-metadata.xml.md5">maven-metadata.xml.md5</a>                            2005-09-20 05:44        78      
<a href="maven-metadata.xml.sha1" title="maven-metadata.xml.sha1">maven-metadata.xml.sha1</a>                           2005-09-20 05:44       133      
		</pre>
	</main>
	<hr/>
</body>

</html>
18:46:15.085 [pool-1-thread-9] TRACE f.m.indexer.core.download.Crawler - getFullUrl: http://central.maven.org/maven2/ant/ant-javamail/1.6.1/, ../)
18:46:15.085 [pool-1-thread-9] TRACE f.m.indexer.core.download.Crawler - getFullUrl: http://central.maven.org/maven2/ant/ant-javamail/1.6.1/, ant-javamail-1.6.1.jar)
18:46:15.085 [pool-1-thread-9] TRACE f.m.indexer.core.download.Crawler - getFullUrl: http://central.maven.org/maven2/ant/ant-javamail/1.6.1/, ant-javamail-1.6.1.jar.md5)
18:46:15.085 [pool-1-thread-9] TRACE f.m.indexer.core.download.Crawler - getFullUrl: http://central.maven.org/maven2/ant/ant-javamail/1.6.1/, ant-javamail-1.6.1.jar.sha1)
18:46:15.085 [pool-1-thread-9] TRACE f.m.indexer.core.download.Crawler - getFullUrl: http://central.maven.org/maven2/ant/ant-javamail/1.6.1/, ant-javamail-1.6.1.pom)
18:46:15.085 [pool-1-thread-9] TRACE f.m.indexer.core.download.Crawler - getFullUrl: http://central.maven.org/maven2/ant/ant-javamail/1.6.1/, ant-javamail-1.6.1.pom.md5)
18:46:15.085 [pool-1-thread-9] TRACE f.m.indexer.core.download.Crawler - getFullUrl: http://central.maven.org/maven2/ant/ant-javamail/1.6.1/, ant-javamail-1.6.1.pom.sha1)
18:46:15.085 [pool-1-thread-9] TRACE f.m.indexer.core.download.Crawler - getFullUrl: http://central.maven.org/maven2/ant/ant-javamail/1.6.1/, maven-metadata.xml)
18:46:15.085 [pool-1-thread-9] TRACE f.m.indexer.core.download.Crawler - getFullUrl: http://central.maven.org/maven2/ant/ant-javamail/1.6.1/, maven-metadata.xml.md5)
18:46:15.085 [pool-1-thread-9] TRACE f.m.indexer.core.download.Crawler - getFullUrl: http://central.maven.org/maven2/ant/ant-javamail/1.6.1/, maven-metadata.xml.sha1)
18:46:15.085 [pool-1-thread-9] TRACE f.m.indexer.core.download.Crawler - doNext: http://central.maven.org/maven2/ant/ant-javamail/1.6.1/../
18:46:15.085 [pool-1-thread-9] TRACE f.m.indexer.core.download.Crawler - doNext: http://central.maven.org/maven2/ant/ant-javamail/1.6.1/ant-javamail-1.6.1.jar
18:46:15.085 [pool-1-thread-9] TRACE f.m.indexer.core.download.Crawler - doNext: http://central.maven.org/maven2/ant/ant-javamail/1.6.1/ant-javamail-1.6.1.jar.md5
18:46:15.085 [pool-1-thread-9] TRACE f.m.indexer.core.download.Crawler - doNext: http://central.maven.org/maven2/ant/ant-javamail/1.6.1/ant-javamail-1.6.1.jar.sha1
18:46:15.085 [pool-1-thread-9] TRACE f.m.indexer.core.download.Crawler - doNext: http://central.maven.org/maven2/ant/ant-javamail/1.6.1/ant-javamail-1.6.1.pom
18:46:15.085 [pool-1-thread-9] TRACE f.m.indexer.core.download.Crawler - doNext: http://central.maven.org/maven2/ant/ant-javamail/1.6.1/ant-javamail-1.6.1.pom.md5
18:46:15.085 [pool-1-thread-9] TRACE f.m.indexer.core.download.Crawler - doNext: http://central.maven.org/maven2/ant/ant-javamail/1.6.1/ant-javamail-1.6.1.pom.sha1
18:46:15.085 [pool-1-thread-9] TRACE f.m.indexer.core.download.Crawler - doNext: http://central.maven.org/maven2/ant/ant-javamail/1.6.1/maven-metadata.xml
18:46:15.085 [pool-1-thread-9] TRACE f.m.indexer.core.download.Crawler - match: http://central.maven.org/maven2/ant/ant-javamail/1.6.1/maven-metadata.xml
18:46:15.085 [pool-1-thread-9] TRACE f.m.indexer.core.download.Crawler - doNext: http://central.maven.org/maven2/ant/ant-javamail/1.6.1/maven-metadata.xml.md5
18:46:15.085 [pool-1-thread-9] TRACE f.m.indexer.core.download.Crawler - doNext: http://central.maven.org/maven2/ant/ant-javamail/1.6.1/maven-metadata.xml.sha1
18:46:15.085 [pool-1-thread-9] TRACE f.m.i.core.client.JerseyHttpClient - download: http://central.maven.org/maven2/ant/ant-jsch/1.6.3/
18:46:15.085 [pool-1-thread-8] TRACE f.m.indexer.core.download.Crawler - getLinks: <!DOCTYPE html>
<html>

<head>
	<title>Central Repository: ant/ant-javamail/1.6.2</title>
	<meta name="viewport" content="width=device-width, initial-scale=1.0">
	<style>
body {
	background: #fff;
}
	</style>
</head>

<body>
	<header>
		<h1>ant/ant-javamail/1.6.2</h1>
	</header>
	<hr/>
	<main>
		<pre id="contents">
<a href="../">../</a>
<a href="ant-javamail-1.6.2.jar" title="ant-javamail-1.6.2.jar">ant-javamail-1.6.2.jar</a>                            2005-09-20 05:44      6753      
<a href="ant-javamail-1.6.2.jar.md5" title="ant-javamail-1.6.2.jar.md5">ant-javamail-1.6.2.jar.md5</a>                        2005-09-20 05:44        32      
<a href="ant-javamail-1.6.2.jar.sha1" title="ant-javamail-1.6.2.jar.sha1">ant-javamail-1.6.2.jar.sha1</a>                       2005-09-20 05:44        40      
<a href="ant-javamail-1.6.2.pom" title="ant-javamail-1.6.2.pom">ant-javamail-1.6.2.pom</a>                            2005-09-20 05:44       149      
<a href="ant-javamail-1.6.2.pom.md5" title="ant-javamail-1.6.2.pom.md5">ant-javamail-1.6.2.pom.md5</a>                        2005-09-20 05:44        32      
<a href="ant-javamail-1.6.2.pom.sha1" title="ant-javamail-1.6.2.pom.sha1">ant-javamail-1.6.2.pom.sha1</a>                       2005-09-20 05:44        40      
<a href="maven-metadata.xml" title="maven-metadata.xml">maven-metadata.xml</a>                                2005-09-20 05:44       114      
<a href="maven-metadata.xml.md5" title="maven-metadata.xml.md5">maven-metadata.xml.md5</a>                            2005-09-20 05:44        78      
<a href="maven-metadata.xml.sha1" title="maven-metadata.xml.sha1">maven-metadata.xml.sha1</a>                           2005-09-20 05:44       133      
		</pre>
	</main>
	<hr/>
</body>

</html>
18:46:15.085 [pool-1-thread-8] TRACE f.m.indexer.core.download.Crawler - getFullUrl: http://central.maven.org/maven2/ant/ant-javamail/1.6.2/, ../)
18:46:15.085 [pool-1-thread-8] TRACE f.m.indexer.core.download.Crawler - getFullUrl: http://central.maven.org/maven2/ant/ant-javamail/1.6.2/, ant-javamail-1.6.2.jar)
18:46:15.085 [pool-1-thread-8] TRACE f.m.indexer.core.download.Crawler - getFullUrl: http://central.maven.org/maven2/ant/ant-javamail/1.6.2/, ant-javamail-1.6.2.jar.md5)
18:46:15.085 [pool-1-thread-8] TRACE f.m.indexer.core.download.Crawler - getFullUrl: http://central.maven.org/maven2/ant/ant-javamail/1.6.2/, ant-javamail-1.6.2.jar.sha1)
18:46:15.085 [pool-1-thread-8] TRACE f.m.indexer.core.download.Crawler - getFullUrl: http://central.maven.org/maven2/ant/ant-javamail/1.6.2/, ant-javamail-1.6.2.pom)
18:46:15.085 [pool-1-thread-8] TRACE f.m.indexer.core.download.Crawler - getFullUrl: http://central.maven.org/maven2/ant/ant-javamail/1.6.2/, ant-javamail-1.6.2.pom.md5)
18:46:15.085 [pool-1-thread-8] TRACE f.m.indexer.core.download.Crawler - getFullUrl: http://central.maven.org/maven2/ant/ant-javamail/1.6.2/, ant-javamail-1.6.2.pom.sha1)
18:46:15.085 [pool-1-thread-8] TRACE f.m.indexer.core.download.Crawler - getFullUrl: http://central.maven.org/maven2/ant/ant-javamail/1.6.2/, maven-metadata.xml)
18:46:15.085 [pool-1-thread-8] TRACE f.m.indexer.core.download.Crawler - getFullUrl: http://central.maven.org/maven2/ant/ant-javamail/1.6.2/, maven-metadata.xml.md5)
18:46:15.085 [pool-1-thread-8] TRACE f.m.indexer.core.download.Crawler - getFullUrl: http://central.maven.org/maven2/ant/ant-javamail/1.6.2/, maven-metadata.xml.sha1)
18:46:15.085 [pool-1-thread-8] TRACE f.m.indexer.core.download.Crawler - doNext: http://central.maven.org/maven2/ant/ant-javamail/1.6.2/../
18:46:15.085 [pool-1-thread-8] TRACE f.m.indexer.core.download.Crawler - doNext: http://central.maven.org/maven2/ant/ant-javamail/1.6.2/ant-javamail-1.6.2.jar
18:46:15.085 [pool-1-thread-8] TRACE f.m.indexer.core.download.Crawler - doNext: http://central.maven.org/maven2/ant/ant-javamail/1.6.2/ant-javamail-1.6.2.jar.md5
18:46:15.085 [pool-1-thread-8] TRACE f.m.indexer.core.download.Crawler - doNext: http://central.maven.org/maven2/ant/ant-javamail/1.6.2/ant-javamail-1.6.2.jar.sha1
18:46:15.085 [pool-1-thread-8] TRACE f.m.indexer.core.download.Crawler - doNext: http://central.maven.org/maven2/ant/ant-javamail/1.6.2/ant-javamail-1.6.2.pom
18:46:15.085 [pool-1-thread-8] TRACE f.m.indexer.core.download.Crawler - doNext: http://central.maven.org/maven2/ant/ant-javamail/1.6.2/ant-javamail-1.6.2.pom.md5
18:46:15.085 [pool-1-thread-8] TRACE f.m.indexer.core.download.Crawler - doNext: http://central.maven.org/maven2/ant/ant-javamail/1.6.2/ant-javamail-1.6.2.pom.sha1
18:46:15.085 [pool-1-thread-8] TRACE f.m.indexer.core.download.Crawler - doNext: http://central.maven.org/maven2/ant/ant-javamail/1.6.2/maven-metadata.xml
18:46:15.085 [pool-1-thread-8] TRACE f.m.indexer.core.download.Crawler - match: http://central.maven.org/maven2/ant/ant-javamail/1.6.2/maven-metadata.xml
18:46:15.085 [pool-1-thread-8] TRACE f.m.indexer.core.download.Crawler - doNext: http://central.maven.org/maven2/ant/ant-javamail/1.6.2/maven-metadata.xml.md5
18:46:15.085 [pool-1-thread-8] TRACE f.m.indexer.core.download.Crawler - doNext: http://central.maven.org/maven2/ant/ant-javamail/1.6.2/maven-metadata.xml.sha1
18:46:15.085 [pool-1-thread-8] TRACE f.m.i.core.client.JerseyHttpClient - download: http://central.maven.org/maven2/ant/ant-jsch/1.6.4/
18:46:15.085 [pool-1-thread-3] TRACE f.m.indexer.core.download.Crawler - getLinks: <!DOCTYPE html>
<html>

<head>
	<title>Central Repository: ant/ant-javamail/1.6.4</title>
	<meta name="viewport" content="width=device-width, initial-scale=1.0">
	<style>
body {
	background: #fff;
}
	</style>
</head>

<body>
	<header>
		<h1>ant/ant-javamail/1.6.4</h1>
	</header>
	<hr/>
	<main>
		<pre id="contents">
<a href="../">../</a>
<a href="ant-javamail-1.6.4.jar" title="ant-javamail-1.6.4.jar">ant-javamail-1.6.4.jar</a>                            2005-09-20 05:44      6761      
<a href="ant-javamail-1.6.4.jar.md5" title="ant-javamail-1.6.4.jar.md5">ant-javamail-1.6.4.jar.md5</a>                        2005-09-20 05:44        32      
<a href="ant-javamail-1.6.4.jar.sha1" title="ant-javamail-1.6.4.jar.sha1">ant-javamail-1.6.4.jar.sha1</a>                       2005-09-20 05:44        40      
<a href="ant-javamail-1.6.4.pom" title="ant-javamail-1.6.4.pom">ant-javamail-1.6.4.pom</a>                            2005-09-20 05:44       149      
<a href="ant-javamail-1.6.4.pom.md5" title="ant-javamail-1.6.4.pom.md5">ant-javamail-1.6.4.pom.md5</a>                        2005-09-20 05:44        32      
<a href="ant-javamail-1.6.4.pom.sha1" title="ant-javamail-1.6.4.pom.sha1">ant-javamail-1.6.4.pom.sha1</a>                       2005-09-20 05:44        40      
<a href="maven-metadata.xml" title="maven-metadata.xml">maven-metadata.xml</a>                                2005-09-20 05:44       114      
<a href="maven-metadata.xml.md5" title="maven-metadata.xml.md5">maven-metadata.xml.md5</a>                            2005-09-20 05:44        78      
<a href="maven-metadata.xml.sha1" title="maven-metadata.xml.sha1">maven-metadata.xml.sha1</a>                           2005-09-20 05:44       133      
		</pre>
	</main>
	<hr/>
</body>

</html>
18:46:15.085 [pool-1-thread-3] TRACE f.m.indexer.core.download.Crawler - getFullUrl: http://central.maven.org/maven2/ant/ant-javamail/1.6.4/, ../)
18:46:15.085 [pool-1-thread-3] TRACE f.m.indexer.core.download.Crawler - getFullUrl: http://central.maven.org/maven2/ant/ant-javamail/1.6.4/, ant-javamail-1.6.4.jar)
18:46:15.085 [pool-1-thread-3] TRACE f.m.indexer.core.download.Crawler - getFullUrl: http://central.maven.org/maven2/ant/ant-javamail/1.6.4/, ant-javamail-1.6.4.jar.md5)
18:46:15.085 [pool-1-thread-3] TRACE f.m.indexer.core.download.Crawler - getFullUrl: http://central.maven.org/maven2/ant/ant-javamail/1.6.4/, ant-javamail-1.6.4.jar.sha1)
18:46:15.085 [pool-1-thread-3] TRACE f.m.indexer.core.download.Crawler - getFullUrl: http://central.maven.org/maven2/ant/ant-javamail/1.6.4/, ant-javamail-1.6.4.pom)
18:46:15.085 [pool-1-thread-3] TRACE f.m.indexer.core.download.Crawler - getFullUrl: http://central.maven.org/maven2/ant/ant-javamail/1.6.4/, ant-javamail-1.6.4.pom.md5)
18:46:15.085 [pool-1-thread-3] TRACE f.m.indexer.core.download.Crawler - getFullUrl: http://central.maven.org/maven2/ant/ant-javamail/1.6.4/, ant-javamail-1.6.4.pom.sha1)
18:46:15.085 [pool-1-thread-3] TRACE f.m.indexer.core.download.Crawler - getFullUrl: http://central.maven.org/maven2/ant/ant-javamail/1.6.4/, maven-metadata.xml)
18:46:15.085 [pool-1-thread-3] TRACE f.m.indexer.core.download.Crawler - getFullUrl: http://central.maven.org/maven2/ant/ant-javamail/1.6.4/, maven-metadata.xml.md5)
18:46:15.085 [pool-1-thread-3] TRACE f.m.indexer.core.download.Crawler - getFullUrl: http://central.maven.org/maven2/ant/ant-javamail/1.6.4/, maven-metadata.xml.sha1)
18:46:15.085 [pool-1-thread-3] TRACE f.m.indexer.core.download.Crawler - doNext: http://central.maven.org/maven2/ant/ant-javamail/1.6.4/../
18:46:15.085 [pool-1-thread-3] TRACE f.m.indexer.core.download.Crawler - doNext: http://central.maven.org/maven2/ant/ant-javamail/1.6.4/ant-javamail-1.6.4.jar
18:46:15.085 [pool-1-thread-3] TRACE f.m.indexer.core.download.Crawler - doNext: http://central.maven.org/maven2/ant/ant-javamail/1.6.4/ant-javamail-1.6.4.jar.md5
18:46:15.085 [pool-1-thread-3] TRACE f.m.indexer.core.download.Crawler - doNext: http://central.maven.org/maven2/ant/ant-javamail/1.6.4/ant-javamail-1.6.4.jar.sha1
18:46:15.085 [pool-1-thread-3] TRACE f.m.indexer.core.download.Crawler - doNext: http://central.maven.org/maven2/ant/ant-javamail/1.6.4/ant-javamail-1.6.4.pom
18:46:15.085 [pool-1-thread-3] TRACE f.m.indexer.core.download.Crawler - doNext: http://central.maven.org/maven2/ant/ant-javamail/1.6.4/ant-javamail-1.6.4.pom.md5
18:46:15.085 [pool-1-thread-3] TRACE f.m.indexer.core.download.Crawler - doNext: http://central.maven.org/maven2/ant/ant-javamail/1.6.4/ant-javamail-1.6.4.pom.sha1
18:46:15.085 [pool-1-thread-3] TRACE f.m.indexer.core.download.Crawler - doNext: http://central.maven.org/maven2/ant/ant-javamail/1.6.4/maven-metadata.xml
18:46:15.085 [pool-1-thread-3] TRACE f.m.indexer.core.download.Crawler - match: http://central.maven.org/maven2/ant/ant-javamail/1.6.4/maven-metadata.xml
18:46:15.085 [pool-1-thread-3] TRACE f.m.indexer.core.download.Crawler - doNext: http://central.maven.org/maven2/ant/ant-javamail/1.6.4/maven-metadata.xml.md5
18:46:15.085 [pool-1-thread-3] TRACE f.m.indexer.core.download.Crawler - doNext: http://central.maven.org/maven2/ant/ant-javamail/1.6.4/maven-metadata.xml.sha1
18:46:15.085 [pool-1-thread-3] TRACE f.m.i.core.client.JerseyHttpClient - download: http://central.maven.org/maven2/ant/ant-jsch/1.6.5/
18:46:15.085 [pool-1-thread-2] TRACE f.m.indexer.core.download.Crawler - getLinks: <!DOCTYPE html>
<html>

<head>
	<title>Central Repository: ant/ant-jdepend/1.6.5</title>
	<meta name="viewport" content="width=device-width, initial-scale=1.0">
	<style>
body {
	background: #fff;
}
	</style>
</head>

<body>
	<header>
		<h1>ant/ant-jdepend/1.6.5</h1>
	</header>
	<hr/>
	<main>
		<pre id="contents">
<a href="../">../</a>
<a href="ant-jdepend-1.6.5.jar" title="ant-jdepend-1.6.5.jar">ant-jdepend-1.6.5.jar</a>                             2005-09-20 05:44      8160      
<a href="ant-jdepend-1.6.5.jar.md5" title="ant-jdepend-1.6.5.jar.md5">ant-jdepend-1.6.5.jar.md5</a>                         2005-09-20 05:44        32      
<a href="ant-jdepend-1.6.5.jar.sha1" title="ant-jdepend-1.6.5.jar.sha1">ant-jdepend-1.6.5.jar.sha1</a>                        2005-09-20 05:44        40      
<a href="ant-jdepend-1.6.5.pom" title="ant-jdepend-1.6.5.pom">ant-jdepend-1.6.5.pom</a>                             2005-09-20 05:44       148      
<a href="ant-jdepend-1.6.5.pom.md5" title="ant-jdepend-1.6.5.pom.md5">ant-jdepend-1.6.5.pom.md5</a>                         2005-09-20 05:44        32      
<a href="ant-jdepend-1.6.5.pom.sha1" title="ant-jdepend-1.6.5.pom.sha1">ant-jdepend-1.6.5.pom.sha1</a>                        2005-09-20 05:44        40      
<a href="maven-metadata.xml" title="maven-metadata.xml">maven-metadata.xml</a>                                2005-09-20 05:44       113      
<a href="maven-metadata.xml.md5" title="maven-metadata.xml.md5">maven-metadata.xml.md5</a>                            2005-09-20 05:44        77      
<a href="maven-metadata.xml.sha1" title="maven-metadata.xml.sha1">maven-metadata.xml.sha1</a>                           2005-09-20 05:44       132      
		</pre>
	</main>
	<hr/>
</body>

</html>
18:46:15.085 [pool-1-thread-2] TRACE f.m.indexer.core.download.Crawler - getFullUrl: http://central.maven.org/maven2/ant/ant-jdepend/1.6.5/, ../)
18:46:15.085 [pool-1-thread-2] TRACE f.m.indexer.core.download.Crawler - getFullUrl: http://central.maven.org/maven2/ant/ant-jdepend/1.6.5/, ant-jdepend-1.6.5.jar)
18:46:15.085 [pool-1-thread-2] TRACE f.m.indexer.core.download.Crawler - getFullUrl: http://central.maven.org/maven2/ant/ant-jdepend/1.6.5/, ant-jdepend-1.6.5.jar.md5)
18:46:15.085 [pool-1-thread-2] TRACE f.m.indexer.core.download.Crawler - getFullUrl: http://central.maven.org/maven2/ant/ant-jdepend/1.6.5/, ant-jdepend-1.6.5.jar.sha1)
18:46:15.085 [pool-1-thread-2] TRACE f.m.indexer.core.download.Crawler - getFullUrl: http://central.maven.org/maven2/ant/ant-jdepend/1.6.5/, ant-jdepend-1.6.5.pom)
18:46:15.085 [pool-1-thread-2] TRACE f.m.indexer.core.download.Crawler - getFullUrl: http://central.maven.org/maven2/ant/ant-jdepend/1.6.5/, ant-jdepend-1.6.5.pom.md5)
18:46:15.085 [pool-1-thread-2] TRACE f.m.indexer.core.download.Crawler - getFullUrl: http://central.maven.org/maven2/ant/ant-jdepend/1.6.5/, ant-jdepend-1.6.5.pom.sha1)
18:46:15.085 [pool-1-thread-2] TRACE f.m.indexer.core.download.Crawler - getFullUrl: http://central.maven.org/maven2/ant/ant-jdepend/1.6.5/, maven-metadata.xml)
18:46:15.085 [pool-1-thread-2] TRACE f.m.indexer.core.download.Crawler - getFullUrl: http://central.maven.org/maven2/ant/ant-jdepend/1.6.5/, maven-metadata.xml.md5)
18:46:15.085 [pool-1-thread-2] TRACE f.m.indexer.core.download.Crawler - getFullUrl: http://central.maven.org/maven2/ant/ant-jdepend/1.6.5/, maven-metadata.xml.sha1)
18:46:15.085 [pool-1-thread-2] TRACE f.m.indexer.core.download.Crawler - doNext: http://central.maven.org/maven2/ant/ant-jdepend/1.6.5/../
18:46:15.085 [pool-1-thread-2] TRACE f.m.indexer.core.download.Crawler - doNext: http://central.maven.org/maven2/ant/ant-jdepend/1.6.5/ant-jdepend-1.6.5.jar
18:46:15.085 [pool-1-thread-2] TRACE f.m.indexer.core.download.Crawler - doNext: http://central.maven.org/maven2/ant/ant-jdepend/1.6.5/ant-jdepend-1.6.5.jar.md5
18:46:15.085 [pool-1-thread-2] TRACE f.m.indexer.core.download.Crawler - doNext: http://central.maven.org/maven2/ant/ant-jdepend/1.6.5/ant-jdepend-1.6.5.jar.sha1
18:46:15.085 [pool-1-thread-2] TRACE f.m.indexer.core.download.Crawler - doNext: http://central.maven.org/maven2/ant/ant-jdepend/1.6.5/ant-jdepend-1.6.5.pom
18:46:15.085 [pool-1-thread-2] TRACE f.m.indexer.core.download.Crawler - doNext: http://central.maven.org/maven2/ant/ant-jdepend/1.6.5/ant-jdepend-1.6.5.pom.md5
18:46:15.085 [pool-1-thread-2] TRACE f.m.indexer.core.download.Crawler - doNext: http://central.maven.org/maven2/ant/ant-jdepend/1.6.5/ant-jdepend-1.6.5.pom.sha1
18:46:15.085 [pool-1-thread-2] TRACE f.m.indexer.core.download.Crawler - doNext: http://central.maven.org/maven2/ant/ant-jdepend/1.6.5/maven-metadata.xml
18:46:15.085 [pool-1-thread-2] TRACE f.m.indexer.core.download.Crawler - match: http://central.maven.org/maven2/ant/ant-jdepend/1.6.5/maven-metadata.xml
18:46:15.085 [pool-1-thread-2] TRACE f.m.indexer.core.download.Crawler - doNext: http://central.maven.org/maven2/ant/ant-jdepend/1.6.5/maven-metadata.xml.md5
18:46:15.085 [pool-1-thread-2] TRACE f.m.indexer.core.download.Crawler - doNext: http://central.maven.org/maven2/ant/ant-jdepend/1.6.5/maven-metadata.xml.sha1
18:46:15.085 [pool-1-thread-2] TRACE f.m.i.core.client.JerseyHttpClient - download: http://central.maven.org/maven2/ant/ant-jsch/maven-metadata.xml
18:46:15.117 [pool-1-thread-7] TRACE f.m.indexer.artifact.MetadataHandler - match: http://central.maven.org/maven2/ant/ant-javamail/maven-metadata.xml
18:46:15.117 [pool-1-thread-7] TRACE f.m.i.core.client.JerseyHttpClient - download: http://central.maven.org/maven2/ant/ant-jmf/1.6/
18:46:15.117 [pool-1-thread-10] TRACE f.m.indexer.core.download.Crawler - getLinks: <!DOCTYPE html>
<html>

<head>
	<title>Central Repository: ant/ant-javamail/1.6.5</title>
	<meta name="viewport" content="width=device-width, initial-scale=1.0">
	<style>
body {
	background: #fff;
}
	</style>
</head>

<body>
	<header>
		<h1>ant/ant-javamail/1.6.5</h1>
	</header>
	<hr/>
	<main>
		<pre id="contents">
<a href="../">../</a>
<a href="ant-javamail-1.6.5.jar" title="ant-javamail-1.6.5.jar">ant-javamail-1.6.5.jar</a>                            2005-09-20 05:44      6761      
<a href="ant-javamail-1.6.5.jar.md5" title="ant-javamail-1.6.5.jar.md5">ant-javamail-1.6.5.jar.md5</a>                        2005-09-20 05:44        32      
<a href="ant-javamail-1.6.5.jar.sha1" title="ant-javamail-1.6.5.jar.sha1">ant-javamail-1.6.5.jar.sha1</a>                       2005-09-20 05:44        40      
<a href="ant-javamail-1.6.5.pom" title="ant-javamail-1.6.5.pom">ant-javamail-1.6.5.pom</a>                            2005-09-20 05:44       149      
<a href="ant-javamail-1.6.5.pom.md5" title="ant-javamail-1.6.5.pom.md5">ant-javamail-1.6.5.pom.md5</a>                        2005-09-20 05:44        32      
<a href="ant-javamail-1.6.5.pom.sha1" title="ant-javamail-1.6.5.pom.sha1">ant-javamail-1.6.5.pom.sha1</a>                       2005-09-20 05:44        40      
<a href="maven-metadata.xml" title="maven-metadata.xml">maven-metadata.xml</a>                                2005-09-20 05:44       114      
<a href="maven-metadata.xml.md5" title="maven-metadata.xml.md5">maven-metadata.xml.md5</a>                            2005-09-20 05:44        78      
<a href="maven-metadata.xml.sha1" title="maven-metadata.xml.sha1">maven-metadata.xml.sha1</a>                           2005-09-20 05:44       133      
		</pre>
	</main>
	<hr/>
</body>

</html>
18:46:15.117 [pool-1-thread-10] TRACE f.m.indexer.core.download.Crawler - getFullUrl: http://central.maven.org/maven2/ant/ant-javamail/1.6.5/, ../)
18:46:15.117 [pool-1-thread-10] TRACE f.m.indexer.core.download.Crawler - getFullUrl: http://central.maven.org/maven2/ant/ant-javamail/1.6.5/, ant-javamail-1.6.5.jar)
18:46:15.117 [pool-1-thread-10] TRACE f.m.indexer.core.download.Crawler - getFullUrl: http://central.maven.org/maven2/ant/ant-javamail/1.6.5/, ant-javamail-1.6.5.jar.md5)
18:46:15.117 [pool-1-thread-10] TRACE f.m.indexer.core.download.Crawler - getFullUrl: http://central.maven.org/maven2/ant/ant-javamail/1.6.5/, ant-javamail-1.6.5.jar.sha1)
18:46:15.117 [pool-1-thread-10] TRACE f.m.indexer.core.download.Crawler - getFullUrl: http://central.maven.org/maven2/ant/ant-javamail/1.6.5/, ant-javamail-1.6.5.pom)
18:46:15.117 [pool-1-thread-10] TRACE f.m.indexer.core.download.Crawler - getFullUrl: http://central.maven.org/maven2/ant/ant-javamail/1.6.5/, ant-javamail-1.6.5.pom.md5)
18:46:15.117 [pool-1-thread-10] TRACE f.m.indexer.core.download.Crawler - getFullUrl: http://central.maven.org/maven2/ant/ant-javamail/1.6.5/, ant-javamail-1.6.5.pom.sha1)
18:46:15.117 [pool-1-thread-10] TRACE f.m.indexer.core.download.Crawler - getFullUrl: http://central.maven.org/maven2/ant/ant-javamail/1.6.5/, maven-metadata.xml)
18:46:15.117 [pool-1-thread-10] TRACE f.m.indexer.core.download.Crawler - getFullUrl: http://central.maven.org/maven2/ant/ant-javamail/1.6.5/, maven-metadata.xml.md5)
18:46:15.117 [pool-1-thread-10] TRACE f.m.indexer.core.download.Crawler - getFullUrl: http://central.maven.org/maven2/ant/ant-javamail/1.6.5/, maven-metadata.xml.sha1)
18:46:15.117 [pool-1-thread-10] TRACE f.m.indexer.core.download.Crawler - doNext: http://central.maven.org/maven2/ant/ant-javamail/1.6.5/../
18:46:15.117 [pool-1-thread-10] TRACE f.m.indexer.core.download.Crawler - doNext: http://central.maven.org/maven2/ant/ant-javamail/1.6.5/ant-javamail-1.6.5.jar
18:46:15.117 [pool-1-thread-10] TRACE f.m.indexer.core.download.Crawler - doNext: http://central.maven.org/maven2/ant/ant-javamail/1.6.5/ant-javamail-1.6.5.jar.md5
18:46:15.117 [pool-1-thread-10] TRACE f.m.indexer.core.download.Crawler - doNext: http://central.maven.org/maven2/ant/ant-javamail/1.6.5/ant-javamail-1.6.5.jar.sha1
18:46:15.117 [pool-1-thread-10] TRACE f.m.indexer.core.download.Crawler - doNext: http://central.maven.org/maven2/ant/ant-javamail/1.6.5/ant-javamail-1.6.5.pom
18:46:15.117 [pool-1-thread-10] TRACE f.m.indexer.core.download.Crawler - doNext: http://central.maven.org/maven2/ant/ant-javamail/1.6.5/ant-javamail-1.6.5.pom.md5
18:46:15.117 [pool-1-thread-10] TRACE f.m.indexer.core.download.Crawler - doNext: http://central.maven.org/maven2/ant/ant-javamail/1.6.5/ant-javamail-1.6.5.pom.sha1
18:46:15.117 [pool-1-thread-10] TRACE f.m.indexer.core.download.Crawler - doNext: http://central.maven.org/maven2/ant/ant-javamail/1.6.5/maven-metadata.xml
18:46:15.117 [pool-1-thread-10] TRACE f.m.indexer.core.download.Crawler - match: http://central.maven.org/maven2/ant/ant-javamail/1.6.5/maven-metadata.xml
18:46:15.117 [pool-1-thread-10] TRACE f.m.indexer.core.download.Crawler - doNext: http://central.maven.org/maven2/ant/ant-javamail/1.6.5/maven-metadata.xml.md5
18:46:15.117 [pool-1-thread-10] TRACE f.m.indexer.core.download.Crawler - doNext: http://central.maven.org/maven2/ant/ant-javamail/1.6.5/maven-metadata.xml.sha1
18:46:15.117 [pool-1-thread-10] TRACE f.m.i.core.client.JerseyHttpClient - download: http://central.maven.org/maven2/ant/ant-jmf/1.6.1/
18:46:15.132 [pool-1-thread-1] TRACE f.m.indexer.core.download.Crawler - getLinks: <!DOCTYPE html>
<html>

<head>
	<title>Central Repository: ant/ant-jsch/1.6.2</title>
	<meta name="viewport" content="width=device-width, initial-scale=1.0">
	<style>
body {
	background: #fff;
}
	</style>
</head>

<body>
	<header>
		<h1>ant/ant-jsch/1.6.2</h1>
	</header>
	<hr/>
	<main>
		<pre id="contents">
<a href="../">../</a>
<a href="ant-jsch-1.6.2.jar" title="ant-jsch-1.6.2.jar">ant-jsch-1.6.2.jar</a>                                2005-09-20 05:44     22604      
<a href="ant-jsch-1.6.2.jar.md5" title="ant-jsch-1.6.2.jar.md5">ant-jsch-1.6.2.jar.md5</a>                            2005-09-20 05:44        32      
<a href="ant-jsch-1.6.2.jar.sha1" title="ant-jsch-1.6.2.jar.sha1">ant-jsch-1.6.2.jar.sha1</a>                           2005-09-20 05:44        40      
<a href="ant-jsch-1.6.2.pom" title="ant-jsch-1.6.2.pom">ant-jsch-1.6.2.pom</a>                                2005-09-20 05:44       145      
<a href="ant-jsch-1.6.2.pom.md5" title="ant-jsch-1.6.2.pom.md5">ant-jsch-1.6.2.pom.md5</a>                            2005-09-20 05:44        32      
<a href="ant-jsch-1.6.2.pom.sha1" title="ant-jsch-1.6.2.pom.sha1">ant-jsch-1.6.2.pom.sha1</a>                           2005-09-20 05:44        40      
<a href="maven-metadata.xml" title="maven-metadata.xml">maven-metadata.xml</a>                                2005-09-20 05:44       110      
<a href="maven-metadata.xml.md5" title="maven-metadata.xml.md5">maven-metadata.xml.md5</a>                            2005-09-20 05:44        74      
<a href="maven-metadata.xml.sha1" title="maven-metadata.xml.sha1">maven-metadata.xml.sha1</a>                           2005-09-20 05:44       129      
		</pre>
	</main>
	<hr/>
</body>

</html>
18:46:15.132 [pool-1-thread-1] TRACE f.m.indexer.core.download.Crawler - getFullUrl: http://central.maven.org/maven2/ant/ant-jsch/1.6.2/, ../)
18:46:15.132 [pool-1-thread-1] TRACE f.m.indexer.core.download.Crawler - getFullUrl: http://central.maven.org/maven2/ant/ant-jsch/1.6.2/, ant-jsch-1.6.2.jar)
18:46:15.132 [pool-1-thread-1] TRACE f.m.indexer.core.download.Crawler - getFullUrl: http://central.maven.org/maven2/ant/ant-jsch/1.6.2/, ant-jsch-1.6.2.jar.md5)
18:46:15.132 [pool-1-thread-1] TRACE f.m.indexer.core.download.Crawler - getFullUrl: http://central.maven.org/maven2/ant/ant-jsch/1.6.2/, ant-jsch-1.6.2.jar.sha1)
18:46:15.132 [pool-1-thread-1] TRACE f.m.indexer.core.download.Crawler - getFullUrl: http://central.maven.org/maven2/ant/ant-jsch/1.6.2/, ant-jsch-1.6.2.pom)
18:46:15.132 [pool-1-thread-1] TRACE f.m.indexer.core.download.Crawler - getFullUrl: http://central.maven.org/maven2/ant/ant-jsch/1.6.2/, ant-jsch-1.6.2.pom.md5)
18:46:15.132 [pool-1-thread-1] TRACE f.m.indexer.core.download.Crawler - getFullUrl: http://central.maven.org/maven2/ant/ant-jsch/1.6.2/, ant-jsch-1.6.2.pom.sha1)
18:46:15.132 [pool-1-thread-1] TRACE f.m.indexer.core.download.Crawler - getFullUrl: http://central.maven.org/maven2/ant/ant-jsch/1.6.2/, maven-metadata.xml)
18:46:15.132 [pool-1-thread-1] TRACE f.m.indexer.core.download.Crawler - getFullUrl: http://central.maven.org/maven2/ant/ant-jsch/1.6.2/, maven-metadata.xml.md5)
18:46:15.132 [pool-1-thread-1] TRACE f.m.indexer.core.download.Crawler - getFullUrl: http://central.maven.org/maven2/ant/ant-jsch/1.6.2/, maven-metadata.xml.sha1)
18:46:15.132 [pool-1-thread-1] TRACE f.m.indexer.core.download.Crawler - doNext: http://central.maven.org/maven2/ant/ant-jsch/1.6.2/../
18:46:15.132 [pool-1-thread-1] TRACE f.m.indexer.core.download.Crawler - doNext: http://central.maven.org/maven2/ant/ant-jsch/1.6.2/ant-jsch-1.6.2.jar
18:46:15.132 [pool-1-thread-1] TRACE f.m.indexer.core.download.Crawler - doNext: http://central.maven.org/maven2/ant/ant-jsch/1.6.2/ant-jsch-1.6.2.jar.md5
18:46:15.132 [pool-1-thread-1] TRACE f.m.indexer.core.download.Crawler - doNext: http://central.maven.org/maven2/ant/ant-jsch/1.6.2/ant-jsch-1.6.2.jar.sha1
18:46:15.132 [pool-1-thread-1] TRACE f.m.indexer.core.download.Crawler - doNext: http://central.maven.org/maven2/ant/ant-jsch/1.6.2/ant-jsch-1.6.2.pom
18:46:15.132 [pool-1-thread-1] TRACE f.m.indexer.core.download.Crawler - doNext: http://central.maven.org/maven2/ant/ant-jsch/1.6.2/ant-jsch-1.6.2.pom.md5
18:46:15.132 [pool-1-thread-1] TRACE f.m.indexer.core.download.Crawler - doNext: http://central.maven.org/maven2/ant/ant-jsch/1.6.2/ant-jsch-1.6.2.pom.sha1
18:46:15.132 [pool-1-thread-1] TRACE f.m.indexer.core.download.Crawler - doNext: http://central.maven.org/maven2/ant/ant-jsch/1.6.2/maven-metadata.xml
18:46:15.132 [pool-1-thread-1] TRACE f.m.indexer.core.download.Crawler - match: http://central.maven.org/maven2/ant/ant-jsch/1.6.2/maven-metadata.xml
18:46:15.132 [pool-1-thread-1] TRACE f.m.indexer.core.download.Crawler - doNext: http://central.maven.org/maven2/ant/ant-jsch/1.6.2/maven-metadata.xml.md5
18:46:15.132 [pool-1-thread-1] TRACE f.m.indexer.core.download.Crawler - doNext: http://central.maven.org/maven2/ant/ant-jsch/1.6.2/maven-metadata.xml.sha1
18:46:15.132 [pool-1-thread-1] TRACE f.m.i.core.client.JerseyHttpClient - download: http://central.maven.org/maven2/ant/ant-jmf/1.6.2/
18:46:15.132 [pool-1-thread-6] TRACE f.m.indexer.core.download.Crawler - getLinks: <!DOCTYPE html>
<html>

<head>
	<title>Central Repository: ant/ant-jsch/1.6.1</title>
	<meta name="viewport" content="width=device-width, initial-scale=1.0">
	<style>
body {
	background: #fff;
}
	</style>
</head>

<body>
	<header>
		<h1>ant/ant-jsch/1.6.1</h1>
	</header>
	<hr/>
	<main>
		<pre id="contents">
<a href="../">../</a>
<a href="ant-jsch-1.6.1.jar" title="ant-jsch-1.6.1.jar">ant-jsch-1.6.1.jar</a>                                2005-09-20 05:44     21397      
<a href="ant-jsch-1.6.1.jar.md5" title="ant-jsch-1.6.1.jar.md5">ant-jsch-1.6.1.jar.md5</a>                            2005-09-20 05:44        32      
<a href="ant-jsch-1.6.1.jar.sha1" title="ant-jsch-1.6.1.jar.sha1">ant-jsch-1.6.1.jar.sha1</a>                           2005-09-20 05:44        40      
<a href="ant-jsch-1.6.1.pom" title="ant-jsch-1.6.1.pom">ant-jsch-1.6.1.pom</a>                                2005-09-20 05:44       145      
<a href="ant-jsch-1.6.1.pom.md5" title="ant-jsch-1.6.1.pom.md5">ant-jsch-1.6.1.pom.md5</a>                            2005-09-20 05:44        32      
<a href="ant-jsch-1.6.1.pom.sha1" title="ant-jsch-1.6.1.pom.sha1">ant-jsch-1.6.1.pom.sha1</a>                           2005-09-20 05:44        40      
<a href="maven-metadata.xml" title="maven-metadata.xml">maven-metadata.xml</a>                                2005-09-20 05:44       110      
<a href="maven-metadata.xml.md5" title="maven-metadata.xml.md5">maven-metadata.xml.md5</a>                            2005-09-20 05:44        74      
<a href="maven-metadata.xml.sha1" title="maven-metadata.xml.sha1">maven-metadata.xml.sha1</a>                           2005-09-20 05:44       129      
		</pre>
	</main>
	<hr/>
</body>

</html>
18:46:15.132 [pool-1-thread-6] TRACE f.m.indexer.core.download.Crawler - getFullUrl: http://central.maven.org/maven2/ant/ant-jsch/1.6.1/, ../)
18:46:15.132 [pool-1-thread-6] TRACE f.m.indexer.core.download.Crawler - getFullUrl: http://central.maven.org/maven2/ant/ant-jsch/1.6.1/, ant-jsch-1.6.1.jar)
18:46:15.132 [pool-1-thread-6] TRACE f.m.indexer.core.download.Crawler - getFullUrl: http://central.maven.org/maven2/ant/ant-jsch/1.6.1/, ant-jsch-1.6.1.jar.md5)
18:46:15.132 [pool-1-thread-3] TRACE f.m.indexer.core.download.Crawler - getLinks: <!DOCTYPE html>
<html>

<head>
	<title>Central Repository: ant/ant-jsch/1.6.5</title>
	<meta name="viewport" content="width=device-width, initial-scale=1.0">
	<style>
body {
	background: #fff;
}
	</style>
</head>

<body>
	<header>
		<h1>ant/ant-jsch/1.6.5</h1>
	</header>
	<hr/>
	<main>
		<pre id="contents">
<a href="../">../</a>
<a href="ant-jsch-1.6.5.jar" title="ant-jsch-1.6.5.jar">ant-jsch-1.6.5.jar</a>                                2005-09-20 05:44     22726      
<a href="ant-jsch-1.6.5.jar.md5" title="ant-jsch-1.6.5.jar.md5">ant-jsch-1.6.5.jar.md5</a>                            2005-09-20 05:44        32      
<a href="ant-jsch-1.6.5.jar.sha1" title="ant-jsch-1.6.5.jar.sha1">ant-jsch-1.6.5.jar.sha1</a>                           2005-09-20 05:44        40      
<a href="ant-jsch-1.6.5.pom" title="ant-jsch-1.6.5.pom">ant-jsch-1.6.5.pom</a>                                2005-09-20 05:44       145      
<a href="ant-jsch-1.6.5.pom.md5" title="ant-jsch-1.6.5.pom.md5">ant-jsch-1.6.5.pom.md5</a>                            2005-09-20 05:44        32      
<a href="ant-jsch-1.6.5.pom.sha1" title="ant-jsch-1.6.5.pom.sha1">ant-jsch-1.6.5.pom.sha1</a>                           2005-09-20 05:44        40      
<a href="maven-metadata.xml" title="maven-metadata.xml">maven-metadata.xml</a>                                2005-09-20 05:44       110      
<a href="maven-metadata.xml.md5" title="maven-metadata.xml.md5">maven-metadata.xml.md5</a>                            2005-09-20 05:44        74      
<a href="maven-metadata.xml.sha1" title="maven-metadata.xml.sha1">maven-metadata.xml.sha1</a>                           2005-09-20 05:44       129      
		</pre>
	</main>
	<hr/>
</body>

</html>
18:46:15.132 [pool-1-thread-3] TRACE f.m.indexer.core.download.Crawler - getFullUrl: http://central.maven.org/maven2/ant/ant-jsch/1.6.5/, ../)
18:46:15.132 [pool-1-thread-3] TRACE f.m.indexer.core.download.Crawler - getFullUrl: http://central.maven.org/maven2/ant/ant-jsch/1.6.5/, ant-jsch-1.6.5.jar)
18:46:15.132 [pool-1-thread-3] TRACE f.m.indexer.core.download.Crawler - getFullUrl: http://central.maven.org/maven2/ant/ant-jsch/1.6.5/, ant-jsch-1.6.5.jar.md5)
18:46:15.132 [pool-1-thread-3] TRACE f.m.indexer.core.download.Crawler - getFullUrl: http://central.maven.org/maven2/ant/ant-jsch/1.6.5/, ant-jsch-1.6.5.jar.sha1)
18:46:15.132 [pool-1-thread-3] TRACE f.m.indexer.core.download.Crawler - getFullUrl: http://central.maven.org/maven2/ant/ant-jsch/1.6.5/, ant-jsch-1.6.5.pom)
18:46:15.132 [pool-1-thread-3] TRACE f.m.indexer.core.download.Crawler - getFullUrl: http://central.maven.org/maven2/ant/ant-jsch/1.6.5/, ant-jsch-1.6.5.pom.md5)
18:46:15.132 [pool-1-thread-3] TRACE f.m.indexer.core.download.Crawler - getFullUrl: http://central.maven.org/maven2/ant/ant-jsch/1.6.5/, ant-jsch-1.6.5.pom.sha1)
18:46:15.132 [pool-1-thread-3] TRACE f.m.indexer.core.download.Crawler - getFullUrl: http://central.maven.org/maven2/ant/ant-jsch/1.6.5/, maven-metadata.xml)
18:46:15.132 [pool-1-thread-3] TRACE f.m.indexer.core.download.Crawler - getFullUrl: http://central.maven.org/maven2/ant/ant-jsch/1.6.5/, maven-metadata.xml.md5)
18:46:15.132 [pool-1-thread-3] TRACE f.m.indexer.core.download.Crawler - getFullUrl: http://central.maven.org/maven2/ant/ant-jsch/1.6.5/, maven-metadata.xml.sha1)
18:46:15.132 [pool-1-thread-3] TRACE f.m.indexer.core.download.Crawler - doNext: http://central.maven.org/maven2/ant/ant-jsch/1.6.5/../
18:46:15.132 [pool-1-thread-3] TRACE f.m.indexer.core.download.Crawler - doNext: http://central.maven.org/maven2/ant/ant-jsch/1.6.5/ant-jsch-1.6.5.jar
18:46:15.132 [pool-1-thread-3] TRACE f.m.indexer.core.download.Crawler - doNext: http://central.maven.org/maven2/ant/ant-jsch/1.6.5/ant-jsch-1.6.5.jar.md5
18:46:15.132 [pool-1-thread-3] TRACE f.m.indexer.core.download.Crawler - doNext: http://central.maven.org/maven2/ant/ant-jsch/1.6.5/ant-jsch-1.6.5.jar.sha1
18:46:15.132 [pool-1-thread-3] TRACE f.m.indexer.core.download.Crawler - doNext: http://central.maven.org/maven2/ant/ant-jsch/1.6.5/ant-jsch-1.6.5.pom
18:46:15.132 [pool-1-thread-3] TRACE f.m.indexer.core.download.Crawler - doNext: http://central.maven.org/maven2/ant/ant-jsch/1.6.5/ant-jsch-1.6.5.pom.md5
18:46:15.132 [pool-1-thread-3] TRACE f.m.indexer.core.download.Crawler - doNext: http://central.maven.org/maven2/ant/ant-jsch/1.6.5/ant-jsch-1.6.5.pom.sha1
18:46:15.132 [pool-1-thread-3] TRACE f.m.indexer.core.download.Crawler - doNext: http://central.maven.org/maven2/ant/ant-jsch/1.6.5/maven-metadata.xml
18:46:15.132 [pool-1-thread-3] TRACE f.m.indexer.core.download.Crawler - match: http://central.maven.org/maven2/ant/ant-jsch/1.6.5/maven-metadata.xml
18:46:15.132 [pool-1-thread-3] TRACE f.m.indexer.core.download.Crawler - doNext: http://central.maven.org/maven2/ant/ant-jsch/1.6.5/maven-metadata.xml.md5
18:46:15.132 [pool-1-thread-3] TRACE f.m.indexer.core.download.Crawler - doNext: http://central.maven.org/maven2/ant/ant-jsch/1.6.5/maven-metadata.xml.sha1
18:46:15.132 [pool-1-thread-3] TRACE f.m.i.core.client.JerseyHttpClient - download: http://central.maven.org/maven2/ant/ant-netrexx/1.6/
18:46:15.132 [pool-1-thread-6] TRACE f.m.indexer.core.download.Crawler - getFullUrl: http://central.maven.org/maven2/ant/ant-jsch/1.6.1/, ant-jsch-1.6.1.jar.sha1)
18:46:15.132 [pool-1-thread-6] TRACE f.m.indexer.core.download.Crawler - getFullUrl: http://central.maven.org/maven2/ant/ant-jsch/1.6.1/, ant-jsch-1.6.1.pom)
18:46:15.132 [pool-1-thread-6] TRACE f.m.indexer.core.download.Crawler - getFullUrl: http://central.maven.org/maven2/ant/ant-jsch/1.6.1/, ant-jsch-1.6.1.pom.md5)
18:46:15.132 [pool-1-thread-6] TRACE f.m.indexer.core.download.Crawler - getFullUrl: http://central.maven.org/maven2/ant/ant-jsch/1.6.1/, ant-jsch-1.6.1.pom.sha1)
18:46:15.132 [pool-1-thread-6] TRACE f.m.indexer.core.download.Crawler - getFullUrl: http://central.maven.org/maven2/ant/ant-jsch/1.6.1/, maven-metadata.xml)
18:46:15.132 [pool-1-thread-6] TRACE f.m.indexer.core.download.Crawler - getFullUrl: http://central.maven.org/maven2/ant/ant-jsch/1.6.1/, maven-metadata.xml.md5)
18:46:15.132 [pool-1-thread-6] TRACE f.m.indexer.core.download.Crawler - getFullUrl: http://central.maven.org/maven2/ant/ant-jsch/1.6.1/, maven-metadata.xml.sha1)
18:46:15.132 [pool-1-thread-6] TRACE f.m.indexer.core.download.Crawler - doNext: http://central.maven.org/maven2/ant/ant-jsch/1.6.1/../
18:46:15.132 [pool-1-thread-6] TRACE f.m.indexer.core.download.Crawler - doNext: http://central.maven.org/maven2/ant/ant-jsch/1.6.1/ant-jsch-1.6.1.jar
18:46:15.132 [pool-1-thread-6] TRACE f.m.indexer.core.download.Crawler - doNext: http://central.maven.org/maven2/ant/ant-jsch/1.6.1/ant-jsch-1.6.1.jar.md5
18:46:15.132 [pool-1-thread-6] TRACE f.m.indexer.core.download.Crawler - doNext: http://central.maven.org/maven2/ant/ant-jsch/1.6.1/ant-jsch-1.6.1.jar.sha1
18:46:15.132 [pool-1-thread-6] TRACE f.m.indexer.core.download.Crawler - doNext: http://central.maven.org/maven2/ant/ant-jsch/1.6.1/ant-jsch-1.6.1.pom
18:46:15.132 [pool-1-thread-6] TRACE f.m.indexer.core.download.Crawler - doNext: http://central.maven.org/maven2/ant/ant-jsch/1.6.1/ant-jsch-1.6.1.pom.md5
18:46:15.132 [pool-1-thread-6] TRACE f.m.indexer.core.download.Crawler - doNext: http://central.maven.org/maven2/ant/ant-jsch/1.6.1/ant-jsch-1.6.1.pom.sha1
18:46:15.132 [pool-1-thread-6] TRACE f.m.indexer.core.download.Crawler - doNext: http://central.maven.org/maven2/ant/ant-jsch/1.6.1/maven-metadata.xml
18:46:15.132 [pool-1-thread-6] TRACE f.m.indexer.core.download.Crawler - match: http://central.maven.org/maven2/ant/ant-jsch/1.6.1/maven-metadata.xml
18:46:15.132 [pool-1-thread-6] TRACE f.m.indexer.core.download.Crawler - doNext: http://central.maven.org/maven2/ant/ant-jsch/1.6.1/maven-metadata.xml.md5
18:46:15.132 [pool-1-thread-6] TRACE f.m.indexer.core.download.Crawler - doNext: http://central.maven.org/maven2/ant/ant-jsch/1.6.1/maven-metadata.xml.sha1
18:46:15.132 [pool-1-thread-6] TRACE f.m.i.core.client.JerseyHttpClient - download: http://central.maven.org/maven2/ant/ant-netrexx/1.6.1/
18:46:15.132 [pool-1-thread-8] TRACE f.m.indexer.core.download.Crawler - getLinks: <!DOCTYPE html>
<html>

<head>
	<title>Central Repository: ant/ant-jsch/1.6.4</title>
	<meta name="viewport" content="width=device-width, initial-scale=1.0">
	<style>
body {
	background: #fff;
}
	</style>
</head>

<body>
	<header>
		<h1>ant/ant-jsch/1.6.4</h1>
	</header>
	<hr/>
	<main>
		<pre id="contents">
<a href="../">../</a>
<a href="ant-jsch-1.6.4.jar" title="ant-jsch-1.6.4.jar">ant-jsch-1.6.4.jar</a>                                2005-09-20 05:44     22726      
<a href="ant-jsch-1.6.4.jar.md5" title="ant-jsch-1.6.4.jar.md5">ant-jsch-1.6.4.jar.md5</a>                            2005-09-20 05:44        32      
<a href="ant-jsch-1.6.4.jar.sha1" title="ant-jsch-1.6.4.jar.sha1">ant-jsch-1.6.4.jar.sha1</a>                           2005-09-20 05:44        40      
<a href="ant-jsch-1.6.4.pom" title="ant-jsch-1.6.4.pom">ant-jsch-1.6.4.pom</a>                                2005-09-20 05:44       145      
<a href="ant-jsch-1.6.4.pom.md5" title="ant-jsch-1.6.4.pom.md5">ant-jsch-1.6.4.pom.md5</a>                            2005-09-20 05:44        32      
<a href="ant-jsch-1.6.4.pom.sha1" title="ant-jsch-1.6.4.pom.sha1">ant-jsch-1.6.4.pom.sha1</a>                           2005-09-20 05:44        40      
<a href="maven-metadata.xml" title="maven-metadata.xml">maven-metadata.xml</a>                                2005-09-20 05:44       110      
<a href="maven-metadata.xml.md5" title="maven-metadata.xml.md5">maven-metadata.xml.md5</a>                            2005-09-20 05:44        74      
<a href="maven-metadata.xml.sha1" title="maven-metadata.xml.sha1">maven-metadata.xml.sha1</a>                           2005-09-20 05:44       129      
		</pre>
	</main>
	<hr/>
</body>

</html>
18:46:15.132 [pool-1-thread-8] TRACE f.m.indexer.core.download.Crawler - getFullUrl: http://central.maven.org/maven2/ant/ant-jsch/1.6.4/, ../)
18:46:15.132 [pool-1-thread-8] TRACE f.m.indexer.core.download.Crawler - getFullUrl: http://central.maven.org/maven2/ant/ant-jsch/1.6.4/, ant-jsch-1.6.4.jar)
18:46:15.132 [pool-1-thread-8] TRACE f.m.indexer.core.download.Crawler - getFullUrl: http://central.maven.org/maven2/ant/ant-jsch/1.6.4/, ant-jsch-1.6.4.jar.md5)
18:46:15.132 [pool-1-thread-8] TRACE f.m.indexer.core.download.Crawler - getFullUrl: http://central.maven.org/maven2/ant/ant-jsch/1.6.4/, ant-jsch-1.6.4.jar.sha1)
18:46:15.132 [pool-1-thread-8] TRACE f.m.indexer.core.download.Crawler - getFullUrl: http://central.maven.org/maven2/ant/ant-jsch/1.6.4/, ant-jsch-1.6.4.pom)
18:46:15.132 [pool-1-thread-8] TRACE f.m.indexer.core.download.Crawler - getFullUrl: http://central.maven.org/maven2/ant/ant-jsch/1.6.4/, ant-jsch-1.6.4.pom.md5)
18:46:15.132 [pool-1-thread-8] TRACE f.m.indexer.core.download.Crawler - getFullUrl: http://central.maven.org/maven2/ant/ant-jsch/1.6.4/, ant-jsch-1.6.4.pom.sha1)
18:46:15.132 [pool-1-thread-8] TRACE f.m.indexer.core.download.Crawler - getFullUrl: http://central.maven.org/maven2/ant/ant-jsch/1.6.4/, maven-metadata.xml)
18:46:15.132 [pool-1-thread-8] TRACE f.m.indexer.core.download.Crawler - getFullUrl: http://central.maven.org/maven2/ant/ant-jsch/1.6.4/, maven-metadata.xml.md5)
18:46:15.132 [pool-1-thread-8] TRACE f.m.indexer.core.download.Crawler - getFullUrl: http://central.maven.org/maven2/ant/ant-jsch/1.6.4/, maven-metadata.xml.sha1)
18:46:15.132 [pool-1-thread-8] TRACE f.m.indexer.core.download.Crawler - doNext: http://central.maven.org/maven2/ant/ant-jsch/1.6.4/../
18:46:15.132 [pool-1-thread-8] TRACE f.m.indexer.core.download.Crawler - doNext: http://central.maven.org/maven2/ant/ant-jsch/1.6.4/ant-jsch-1.6.4.jar
18:46:15.132 [pool-1-thread-8] TRACE f.m.indexer.core.download.Crawler - doNext: http://central.maven.org/maven2/ant/ant-jsch/1.6.4/ant-jsch-1.6.4.jar.md5
18:46:15.132 [pool-1-thread-8] TRACE f.m.indexer.core.download.Crawler - doNext: http://central.maven.org/maven2/ant/ant-jsch/1.6.4/ant-jsch-1.6.4.jar.sha1
18:46:15.132 [pool-1-thread-8] TRACE f.m.indexer.core.download.Crawler - doNext: http://central.maven.org/maven2/ant/ant-jsch/1.6.4/ant-jsch-1.6.4.pom
18:46:15.132 [pool-1-thread-8] TRACE f.m.indexer.core.download.Crawler - doNext: http://central.maven.org/maven2/ant/ant-jsch/1.6.4/ant-jsch-1.6.4.pom.md5
18:46:15.132 [pool-1-thread-8] TRACE f.m.indexer.core.download.Crawler - doNext: http://central.maven.org/maven2/ant/ant-jsch/1.6.4/ant-jsch-1.6.4.pom.sha1
18:46:15.132 [pool-1-thread-8] TRACE f.m.indexer.core.download.Crawler - doNext: http://central.maven.org/maven2/ant/ant-jsch/1.6.4/maven-metadata.xml
18:46:15.132 [pool-1-thread-8] TRACE f.m.indexer.core.download.Crawler - match: http://central.maven.org/maven2/ant/ant-jsch/1.6.4/maven-metadata.xml
18:46:15.132 [pool-1-thread-8] TRACE f.m.indexer.core.download.Crawler - doNext: http://central.maven.org/maven2/ant/ant-jsch/1.6.4/maven-metadata.xml.md5
18:46:15.132 [pool-1-thread-8] TRACE f.m.indexer.core.download.Crawler - doNext: http://central.maven.org/maven2/ant/ant-jsch/1.6.4/maven-metadata.xml.sha1
18:46:15.132 [pool-1-thread-8] TRACE f.m.i.core.client.JerseyHttpClient - download: http://central.maven.org/maven2/ant/ant-netrexx/1.6.2/
18:46:15.132 [pool-1-thread-2] TRACE f.m.indexer.artifact.MetadataHandler - match: http://central.maven.org/maven2/ant/ant-jsch/maven-metadata.xml
18:46:15.132 [pool-1-thread-2] TRACE f.m.i.core.client.JerseyHttpClient - download: http://central.maven.org/maven2/ant/ant-netrexx/1.6.3/
18:46:15.132 [pool-1-thread-9] TRACE f.m.indexer.core.download.Crawler - getLinks: <!DOCTYPE html>
<html>

<head>
	<title>Central Repository: ant/ant-jsch/1.6.3</title>
	<meta name="viewport" content="width=device-width, initial-scale=1.0">
	<style>
body {
	background: #fff;
}
	</style>
</head>

<body>
	<header>
		<h1>ant/ant-jsch/1.6.3</h1>
	</header>
	<hr/>
	<main>
		<pre id="contents">
<a href="../">../</a>
<a href="ant-jsch-1.6.3.jar" title="ant-jsch-1.6.3.jar">ant-jsch-1.6.3.jar</a>                                2005-09-20 05:44     22726      
<a href="ant-jsch-1.6.3.jar.md5" title="ant-jsch-1.6.3.jar.md5">ant-jsch-1.6.3.jar.md5</a>                            2005-09-20 05:44        32      
<a href="ant-jsch-1.6.3.jar.sha1" title="ant-jsch-1.6.3.jar.sha1">ant-jsch-1.6.3.jar.sha1</a>                           2005-09-20 05:44        40      
<a href="ant-jsch-1.6.3.pom" title="ant-jsch-1.6.3.pom">ant-jsch-1.6.3.pom</a>                                2005-09-20 05:44       145      
<a href="ant-jsch-1.6.3.pom.md5" title="ant-jsch-1.6.3.pom.md5">ant-jsch-1.6.3.pom.md5</a>                            2005-09-20 05:44        32      
<a href="ant-jsch-1.6.3.pom.sha1" title="ant-jsch-1.6.3.pom.sha1">ant-jsch-1.6.3.pom.sha1</a>                           2005-09-20 05:44        40      
<a href="maven-metadata.xml" title="maven-metadata.xml">maven-metadata.xml</a>                                2005-09-20 05:44       110      
<a href="maven-metadata.xml.md5" title="maven-metadata.xml.md5">maven-metadata.xml.md5</a>                            2005-09-20 05:44        74      
<a href="maven-metadata.xml.sha1" title="maven-metadata.xml.sha1">maven-metadata.xml.sha1</a>                           2005-09-20 05:44       129      
		</pre>
	</main>
	<hr/>
</body>

</html>
18:46:15.132 [pool-1-thread-9] TRACE f.m.indexer.core.download.Crawler - getFullUrl: http://central.maven.org/maven2/ant/ant-jsch/1.6.3/, ../)
18:46:15.132 [pool-1-thread-9] TRACE f.m.indexer.core.download.Crawler - getFullUrl: http://central.maven.org/maven2/ant/ant-jsch/1.6.3/, ant-jsch-1.6.3.jar)
18:46:15.132 [pool-1-thread-9] TRACE f.m.indexer.core.download.Crawler - getFullUrl: http://central.maven.org/maven2/ant/ant-jsch/1.6.3/, ant-jsch-1.6.3.jar.md5)
18:46:15.132 [pool-1-thread-9] TRACE f.m.indexer.core.download.Crawler - getFullUrl: http://central.maven.org/maven2/ant/ant-jsch/1.6.3/, ant-jsch-1.6.3.jar.sha1)
18:46:15.132 [pool-1-thread-9] TRACE f.m.indexer.core.download.Crawler - getFullUrl: http://central.maven.org/maven2/ant/ant-jsch/1.6.3/, ant-jsch-1.6.3.pom)
18:46:15.132 [pool-1-thread-9] TRACE f.m.indexer.core.download.Crawler - getFullUrl: http://central.maven.org/maven2/ant/ant-jsch/1.6.3/, ant-jsch-1.6.3.pom.md5)
18:46:15.132 [pool-1-thread-9] TRACE f.m.indexer.core.download.Crawler - getFullUrl: http://central.maven.org/maven2/ant/ant-jsch/1.6.3/, ant-jsch-1.6.3.pom.sha1)
18:46:15.132 [pool-1-thread-9] TRACE f.m.indexer.core.download.Crawler - getFullUrl: http://central.maven.org/maven2/ant/ant-jsch/1.6.3/, maven-metadata.xml)
18:46:15.132 [pool-1-thread-9] TRACE f.m.indexer.core.download.Crawler - getFullUrl: http://central.maven.org/maven2/ant/ant-jsch/1.6.3/, maven-metadata.xml.md5)
18:46:15.132 [pool-1-thread-9] TRACE f.m.indexer.core.download.Crawler - getFullUrl: http://central.maven.org/maven2/ant/ant-jsch/1.6.3/, maven-metadata.xml.sha1)
18:46:15.132 [pool-1-thread-9] TRACE f.m.indexer.core.download.Crawler - doNext: http://central.maven.org/maven2/ant/ant-jsch/1.6.3/../
18:46:15.132 [pool-1-thread-9] TRACE f.m.indexer.core.download.Crawler - doNext: http://central.maven.org/maven2/ant/ant-jsch/1.6.3/ant-jsch-1.6.3.jar
18:46:15.132 [pool-1-thread-9] TRACE f.m.indexer.core.download.Crawler - doNext: http://central.maven.org/maven2/ant/ant-jsch/1.6.3/ant-jsch-1.6.3.jar.md5
18:46:15.132 [pool-1-thread-9] TRACE f.m.indexer.core.download.Crawler - doNext: http://central.maven.org/maven2/ant/ant-jsch/1.6.3/ant-jsch-1.6.3.jar.sha1
18:46:15.132 [pool-1-thread-9] TRACE f.m.indexer.core.download.Crawler - doNext: http://central.maven.org/maven2/ant/ant-jsch/1.6.3/ant-jsch-1.6.3.pom
18:46:15.132 [pool-1-thread-9] TRACE f.m.indexer.core.download.Crawler - doNext: http://central.maven.org/maven2/ant/ant-jsch/1.6.3/ant-jsch-1.6.3.pom.md5
18:46:15.132 [pool-1-thread-9] TRACE f.m.indexer.core.download.Crawler - doNext: http://central.maven.org/maven2/ant/ant-jsch/1.6.3/ant-jsch-1.6.3.pom.sha1
18:46:15.132 [pool-1-thread-9] TRACE f.m.indexer.core.download.Crawler - doNext: http://central.maven.org/maven2/ant/ant-jsch/1.6.3/maven-metadata.xml
18:46:15.132 [pool-1-thread-9] TRACE f.m.indexer.core.download.Crawler - match: http://central.maven.org/maven2/ant/ant-jsch/1.6.3/maven-metadata.xml
18:46:15.132 [pool-1-thread-9] TRACE f.m.indexer.core.download.Crawler - doNext: http://central.maven.org/maven2/ant/ant-jsch/1.6.3/maven-metadata.xml.md5
18:46:15.132 [pool-1-thread-9] TRACE f.m.indexer.core.download.Crawler - doNext: http://central.maven.org/maven2/ant/ant-jsch/1.6.3/maven-metadata.xml.sha1
18:46:15.132 [pool-1-thread-9] TRACE f.m.i.core.client.JerseyHttpClient - download: http://central.maven.org/maven2/ant/ant-junit/1.6/
18:46:15.148 [pool-1-thread-4] TRACE f.m.indexer.core.download.Crawler - getLinks: <!DOCTYPE html>
<html>

<head>
	<title>Central Repository: ant/ant-jsch/1.6</title>
	<meta name="viewport" content="width=device-width, initial-scale=1.0">
	<style>
body {
	background: #fff;
}
	</style>
</head>

<body>
	<header>
		<h1>ant/ant-jsch/1.6</h1>
	</header>
	<hr/>
	<main>
		<pre id="contents">
<a href="../">../</a>
<a href="ant-jsch-1.6.jar" title="ant-jsch-1.6.jar">ant-jsch-1.6.jar</a>                                  2005-09-20 05:44     21460      
<a href="ant-jsch-1.6.jar.md5" title="ant-jsch-1.6.jar.md5">ant-jsch-1.6.jar.md5</a>                              2005-09-20 05:44        32      
<a href="ant-jsch-1.6.jar.sha1" title="ant-jsch-1.6.jar.sha1">ant-jsch-1.6.jar.sha1</a>                             2005-09-20 05:44        40      
<a href="ant-jsch-1.6.pom" title="ant-jsch-1.6.pom">ant-jsch-1.6.pom</a>                                  2005-09-20 05:44       143      
<a href="ant-jsch-1.6.pom.md5" title="ant-jsch-1.6.pom.md5">ant-jsch-1.6.pom.md5</a>                              2005-09-20 05:44        32      
<a href="ant-jsch-1.6.pom.sha1" title="ant-jsch-1.6.pom.sha1">ant-jsch-1.6.pom.sha1</a>                             2005-09-20 05:44        40      
<a href="maven-metadata.xml" title="maven-metadata.xml">maven-metadata.xml</a>                                2005-09-20 05:44       108      
<a href="maven-metadata.xml.md5" title="maven-metadata.xml.md5">maven-metadata.xml.md5</a>                            2005-09-20 05:44        72      
<a href="maven-metadata.xml.sha1" title="maven-metadata.xml.sha1">maven-metadata.xml.sha1</a>                           2005-09-20 05:44       127      
		</pre>
	</main>
	<hr/>
</body>

</html>
18:46:15.148 [pool-1-thread-4] TRACE f.m.indexer.core.download.Crawler - getFullUrl: http://central.maven.org/maven2/ant/ant-jsch/1.6/, ../)
18:46:15.148 [pool-1-thread-4] TRACE f.m.indexer.core.download.Crawler - getFullUrl: http://central.maven.org/maven2/ant/ant-jsch/1.6/, ant-jsch-1.6.jar)
18:46:15.148 [pool-1-thread-4] TRACE f.m.indexer.core.download.Crawler - getFullUrl: http://central.maven.org/maven2/ant/ant-jsch/1.6/, ant-jsch-1.6.jar.md5)
18:46:15.148 [pool-1-thread-4] TRACE f.m.indexer.core.download.Crawler - getFullUrl: http://central.maven.org/maven2/ant/ant-jsch/1.6/, ant-jsch-1.6.jar.sha1)
18:46:15.148 [pool-1-thread-4] TRACE f.m.indexer.core.download.Crawler - getFullUrl: http://central.maven.org/maven2/ant/ant-jsch/1.6/, ant-jsch-1.6.pom)
18:46:15.148 [pool-1-thread-4] TRACE f.m.indexer.core.download.Crawler - getFullUrl: http://central.maven.org/maven2/ant/ant-jsch/1.6/, ant-jsch-1.6.pom.md5)
18:46:15.148 [pool-1-thread-4] TRACE f.m.indexer.core.download.Crawler - getFullUrl: http://central.maven.org/maven2/ant/ant-jsch/1.6/, ant-jsch-1.6.pom.sha1)
18:46:15.148 [pool-1-thread-4] TRACE f.m.indexer.core.download.Crawler - getFullUrl: http://central.maven.org/maven2/ant/ant-jsch/1.6/, maven-metadata.xml)
18:46:15.148 [pool-1-thread-4] TRACE f.m.indexer.core.download.Crawler - getFullUrl: http://central.maven.org/maven2/ant/ant-jsch/1.6/, maven-metadata.xml.md5)
18:46:15.148 [pool-1-thread-4] TRACE f.m.indexer.core.download.Crawler - getFullUrl: http://central.maven.org/maven2/ant/ant-jsch/1.6/, maven-metadata.xml.sha1)
18:46:15.148 [pool-1-thread-4] TRACE f.m.indexer.core.download.Crawler - doNext: http://central.maven.org/maven2/ant/ant-jsch/1.6/../
18:46:15.148 [pool-1-thread-4] TRACE f.m.indexer.core.download.Crawler - doNext: http://central.maven.org/maven2/ant/ant-jsch/1.6/ant-jsch-1.6.jar
18:46:15.148 [pool-1-thread-4] TRACE f.m.indexer.core.download.Crawler - doNext: http://central.maven.org/maven2/ant/ant-jsch/1.6/ant-jsch-1.6.jar.md5
18:46:15.148 [pool-1-thread-4] TRACE f.m.indexer.core.download.Crawler - doNext: http://central.maven.org/maven2/ant/ant-jsch/1.6/ant-jsch-1.6.jar.sha1
18:46:15.148 [pool-1-thread-4] TRACE f.m.indexer.core.download.Crawler - doNext: http://central.maven.org/maven2/ant/ant-jsch/1.6/ant-jsch-1.6.pom
18:46:15.148 [pool-1-thread-4] TRACE f.m.indexer.core.download.Crawler - doNext: http://central.maven.org/maven2/ant/ant-jsch/1.6/ant-jsch-1.6.pom.md5
18:46:15.148 [pool-1-thread-4] TRACE f.m.indexer.core.download.Crawler - doNext: http://central.maven.org/maven2/ant/ant-jsch/1.6/ant-jsch-1.6.pom.sha1
18:46:15.148 [pool-1-thread-4] TRACE f.m.indexer.core.download.Crawler - doNext: http://central.maven.org/maven2/ant/ant-jsch/1.6/maven-metadata.xml
18:46:15.148 [pool-1-thread-4] TRACE f.m.indexer.core.download.Crawler - match: http://central.maven.org/maven2/ant/ant-jsch/1.6/maven-metadata.xml
18:46:15.148 [pool-1-thread-4] TRACE f.m.indexer.core.download.Crawler - doNext: http://central.maven.org/maven2/ant/ant-jsch/1.6/maven-metadata.xml.md5
18:46:15.148 [pool-1-thread-4] TRACE f.m.indexer.core.download.Crawler - doNext: http://central.maven.org/maven2/ant/ant-jsch/1.6/maven-metadata.xml.sha1
18:46:15.148 [pool-1-thread-4] TRACE f.m.i.core.client.JerseyHttpClient - download: http://central.maven.org/maven2/ant/ant-netrexx/1.6.4/
18:46:15.148 [pool-1-thread-5] TRACE f.m.indexer.core.download.Crawler - getLinks: <!DOCTYPE html>
<html>

<head>
	<title>Central Repository: ant/ant-javamail/1.6.3</title>
	<meta name="viewport" content="width=device-width, initial-scale=1.0">
	<style>
body {
	background: #fff;
}
	</style>
</head>

<body>
	<header>
		<h1>ant/ant-javamail/1.6.3</h1>
	</header>
	<hr/>
	<main>
		<pre id="contents">
<a href="../">../</a>
<a href="ant-javamail-1.6.3.jar" title="ant-javamail-1.6.3.jar">ant-javamail-1.6.3.jar</a>                            2005-09-20 05:44      6761      
<a href="ant-javamail-1.6.3.jar.md5" title="ant-javamail-1.6.3.jar.md5">ant-javamail-1.6.3.jar.md5</a>                        2005-09-20 05:44        32      
<a href="ant-javamail-1.6.3.jar.sha1" title="ant-javamail-1.6.3.jar.sha1">ant-javamail-1.6.3.jar.sha1</a>                       2005-09-20 05:44        40      
<a href="ant-javamail-1.6.3.pom" title="ant-javamail-1.6.3.pom">ant-javamail-1.6.3.pom</a>                            2005-09-20 05:44       149      
<a href="ant-javamail-1.6.3.pom.md5" title="ant-javamail-1.6.3.pom.md5">ant-javamail-1.6.3.pom.md5</a>                        2005-09-20 05:44        32      
<a href="ant-javamail-1.6.3.pom.sha1" title="ant-javamail-1.6.3.pom.sha1">ant-javamail-1.6.3.pom.sha1</a>                       2005-09-20 05:44        40      
<a href="maven-metadata.xml" title="maven-metadata.xml">maven-metadata.xml</a>                                2005-09-20 05:44       114      
<a href="maven-metadata.xml.md5" title="maven-metadata.xml.md5">maven-metadata.xml.md5</a>                            2005-09-20 05:44        78      
<a href="maven-metadata.xml.sha1" title="maven-metadata.xml.sha1">maven-metadata.xml.sha1</a>                           2005-09-20 05:44       133      
		</pre>
	</main>
	<hr/>
</body>

</html>
18:46:15.148 [pool-1-thread-5] TRACE f.m.indexer.core.download.Crawler - getFullUrl: http://central.maven.org/maven2/ant/ant-javamail/1.6.3/, ../)
18:46:15.148 [pool-1-thread-5] TRACE f.m.indexer.core.download.Crawler - getFullUrl: http://central.maven.org/maven2/ant/ant-javamail/1.6.3/, ant-javamail-1.6.3.jar)
18:46:15.148 [pool-1-thread-5] TRACE f.m.indexer.core.download.Crawler - getFullUrl: http://central.maven.org/maven2/ant/ant-javamail/1.6.3/, ant-javamail-1.6.3.jar.md5)
18:46:15.148 [pool-1-thread-5] TRACE f.m.indexer.core.download.Crawler - getFullUrl: http://central.maven.org/maven2/ant/ant-javamail/1.6.3/, ant-javamail-1.6.3.jar.sha1)
18:46:15.148 [pool-1-thread-5] TRACE f.m.indexer.core.download.Crawler - getFullUrl: http://central.maven.org/maven2/ant/ant-javamail/1.6.3/, ant-javamail-1.6.3.pom)
18:46:15.148 [pool-1-thread-5] TRACE f.m.indexer.core.download.Crawler - getFullUrl: http://central.maven.org/maven2/ant/ant-javamail/1.6.3/, ant-javamail-1.6.3.pom.md5)
18:46:15.148 [pool-1-thread-5] TRACE f.m.indexer.core.download.Crawler - getFullUrl: http://central.maven.org/maven2/ant/ant-javamail/1.6.3/, ant-javamail-1.6.3.pom.sha1)
18:46:15.148 [pool-1-thread-5] TRACE f.m.indexer.core.download.Crawler - getFullUrl: http://central.maven.org/maven2/ant/ant-javamail/1.6.3/, maven-metadata.xml)
18:46:15.148 [pool-1-thread-5] TRACE f.m.indexer.core.download.Crawler - getFullUrl: http://central.maven.org/maven2/ant/ant-javamail/1.6.3/, maven-metadata.xml.md5)
18:46:15.148 [pool-1-thread-5] TRACE f.m.indexer.core.download.Crawler - getFullUrl: http://central.maven.org/maven2/ant/ant-javamail/1.6.3/, maven-metadata.xml.sha1)
18:46:15.148 [pool-1-thread-5] TRACE f.m.indexer.core.download.Crawler - doNext: http://central.maven.org/maven2/ant/ant-javamail/1.6.3/../
18:46:15.148 [pool-1-thread-5] TRACE f.m.indexer.core.download.Crawler - doNext: http://central.maven.org/maven2/ant/ant-javamail/1.6.3/ant-javamail-1.6.3.jar
18:46:15.148 [pool-1-thread-5] TRACE f.m.indexer.core.download.Crawler - doNext: http://central.maven.org/maven2/ant/ant-javamail/1.6.3/ant-javamail-1.6.3.jar.md5
18:46:15.148 [pool-1-thread-5] TRACE f.m.indexer.core.download.Crawler - doNext: http://central.maven.org/maven2/ant/ant-javamail/1.6.3/ant-javamail-1.6.3.jar.sha1
18:46:15.148 [pool-1-thread-5] TRACE f.m.indexer.core.download.Crawler - doNext: http://central.maven.org/maven2/ant/ant-javamail/1.6.3/ant-javamail-1.6.3.pom
18:46:15.148 [pool-1-thread-5] TRACE f.m.indexer.core.download.Crawler - doNext: http://central.maven.org/maven2/ant/ant-javamail/1.6.3/ant-javamail-1.6.3.pom.md5
18:46:15.148 [pool-1-thread-5] TRACE f.m.indexer.core.download.Crawler - doNext: http://central.maven.org/maven2/ant/ant-javamail/1.6.3/ant-javamail-1.6.3.pom.sha1
18:46:15.148 [pool-1-thread-5] TRACE f.m.indexer.core.download.Crawler - doNext: http://central.maven.org/maven2/ant/ant-javamail/1.6.3/maven-metadata.xml
18:46:15.148 [pool-1-thread-5] TRACE f.m.indexer.core.download.Crawler - match: http://central.maven.org/maven2/ant/ant-javamail/1.6.3/maven-metadata.xml
18:46:15.148 [pool-1-thread-5] TRACE f.m.indexer.core.download.Crawler - doNext: http://central.maven.org/maven2/ant/ant-javamail/1.6.3/maven-metadata.xml.md5
18:46:15.148 [pool-1-thread-5] TRACE f.m.indexer.core.download.Crawler - doNext: http://central.maven.org/maven2/ant/ant-javamail/1.6.3/maven-metadata.xml.sha1
18:46:15.148 [pool-1-thread-5] TRACE f.m.i.core.client.JerseyHttpClient - download: http://central.maven.org/maven2/ant/ant-junit/1.6.1/
18:46:15.163 [pool-1-thread-7] TRACE f.m.indexer.core.download.Crawler - getLinks: <!DOCTYPE html>
<html>

<head>
	<title>Central Repository: ant/ant-jmf/1.6</title>
	<meta name="viewport" content="width=device-width, initial-scale=1.0">
	<style>
body {
	background: #fff;
}
	</style>
</head>

<body>
	<header>
		<h1>ant/ant-jmf/1.6</h1>
	</header>
	<hr/>
	<main>
		<pre id="contents">
<a href="../">../</a>
<a href="ant-jmf-1.6.jar" title="ant-jmf-1.6.jar">ant-jmf-1.6.jar</a>                                   2005-09-20 05:44      6617      
<a href="ant-jmf-1.6.jar.md5" title="ant-jmf-1.6.jar.md5">ant-jmf-1.6.jar.md5</a>                               2005-09-20 05:44        32      
<a href="ant-jmf-1.6.jar.sha1" title="ant-jmf-1.6.jar.sha1">ant-jmf-1.6.jar.sha1</a>                              2005-09-20 05:44        40      
<a href="ant-jmf-1.6.pom" title="ant-jmf-1.6.pom">ant-jmf-1.6.pom</a>                                   2005-09-20 05:44       142      
<a href="ant-jmf-1.6.pom.md5" title="ant-jmf-1.6.pom.md5">ant-jmf-1.6.pom.md5</a>                               2005-09-20 05:44        32      
<a href="ant-jmf-1.6.pom.sha1" title="ant-jmf-1.6.pom.sha1">ant-jmf-1.6.pom.sha1</a>                              2005-09-20 05:44        40      
<a href="maven-metadata.xml" title="maven-metadata.xml">maven-metadata.xml</a>                                2005-09-20 05:44       107      
<a href="maven-metadata.xml.md5" title="maven-metadata.xml.md5">maven-metadata.xml.md5</a>                            2005-09-20 05:44        71      
<a href="maven-metadata.xml.sha1" title="maven-metadata.xml.sha1">maven-metadata.xml.sha1</a>                           2005-09-20 05:44       126      
		</pre>
	</main>
	<hr/>
</body>

</html>
18:46:15.163 [pool-1-thread-7] TRACE f.m.indexer.core.download.Crawler - getFullUrl: http://central.maven.org/maven2/ant/ant-jmf/1.6/, ../)
18:46:15.163 [pool-1-thread-7] TRACE f.m.indexer.core.download.Crawler - getFullUrl: http://central.maven.org/maven2/ant/ant-jmf/1.6/, ant-jmf-1.6.jar)
18:46:15.163 [pool-1-thread-7] TRACE f.m.indexer.core.download.Crawler - getFullUrl: http://central.maven.org/maven2/ant/ant-jmf/1.6/, ant-jmf-1.6.jar.md5)
18:46:15.163 [pool-1-thread-7] TRACE f.m.indexer.core.download.Crawler - getFullUrl: http://central.maven.org/maven2/ant/ant-jmf/1.6/, ant-jmf-1.6.jar.sha1)
18:46:15.163 [pool-1-thread-7] TRACE f.m.indexer.core.download.Crawler - getFullUrl: http://central.maven.org/maven2/ant/ant-jmf/1.6/, ant-jmf-1.6.pom)
18:46:15.163 [pool-1-thread-7] TRACE f.m.indexer.core.download.Crawler - getFullUrl: http://central.maven.org/maven2/ant/ant-jmf/1.6/, ant-jmf-1.6.pom.md5)
18:46:15.163 [pool-1-thread-7] TRACE f.m.indexer.core.download.Crawler - getFullUrl: http://central.maven.org/maven2/ant/ant-jmf/1.6/, ant-jmf-1.6.pom.sha1)
18:46:15.163 [pool-1-thread-7] TRACE f.m.indexer.core.download.Crawler - getFullUrl: http://central.maven.org/maven2/ant/ant-jmf/1.6/, maven-metadata.xml)
18:46:15.163 [pool-1-thread-7] TRACE f.m.indexer.core.download.Crawler - getFullUrl: http://central.maven.org/maven2/ant/ant-jmf/1.6/, maven-metadata.xml.md5)
18:46:15.163 [pool-1-thread-7] TRACE f.m.indexer.core.download.Crawler - getFullUrl: http://central.maven.org/maven2/ant/ant-jmf/1.6/, maven-metadata.xml.sha1)
18:46:15.163 [pool-1-thread-7] TRACE f.m.indexer.core.download.Crawler - doNext: http://central.maven.org/maven2/ant/ant-jmf/1.6/../
18:46:15.163 [pool-1-thread-7] TRACE f.m.indexer.core.download.Crawler - doNext: http://central.maven.org/maven2/ant/ant-jmf/1.6/ant-jmf-1.6.jar
18:46:15.163 [pool-1-thread-7] TRACE f.m.indexer.core.download.Crawler - doNext: http://central.maven.org/maven2/ant/ant-jmf/1.6/ant-jmf-1.6.jar.md5
18:46:15.163 [pool-1-thread-7] TRACE f.m.indexer.core.download.Crawler - doNext: http://central.maven.org/maven2/ant/ant-jmf/1.6/ant-jmf-1.6.jar.sha1
18:46:15.163 [pool-1-thread-7] TRACE f.m.indexer.core.download.Crawler - doNext: http://central.maven.org/maven2/ant/ant-jmf/1.6/ant-jmf-1.6.pom
18:46:15.163 [pool-1-thread-7] TRACE f.m.indexer.core.download.Crawler - doNext: http://central.maven.org/maven2/ant/ant-jmf/1.6/ant-jmf-1.6.pom.md5
18:46:15.163 [pool-1-thread-7] TRACE f.m.indexer.core.download.Crawler - doNext: http://central.maven.org/maven2/ant/ant-jmf/1.6/ant-jmf-1.6.pom.sha1
18:46:15.163 [pool-1-thread-7] TRACE f.m.indexer.core.download.Crawler - doNext: http://central.maven.org/maven2/ant/ant-jmf/1.6/maven-metadata.xml
18:46:15.163 [pool-1-thread-7] TRACE f.m.indexer.core.download.Crawler - match: http://central.maven.org/maven2/ant/ant-jmf/1.6/maven-metadata.xml
18:46:15.163 [pool-1-thread-7] TRACE f.m.indexer.core.download.Crawler - doNext: http://central.maven.org/maven2/ant/ant-jmf/1.6/maven-metadata.xml.md5
18:46:15.163 [pool-1-thread-7] TRACE f.m.indexer.core.download.Crawler - doNext: http://central.maven.org/maven2/ant/ant-jmf/1.6/maven-metadata.xml.sha1
18:46:15.163 [pool-1-thread-7] TRACE f.m.i.core.client.JerseyHttpClient - download: http://central.maven.org/maven2/ant/ant-netrexx/1.6.5/
18:46:15.163 [pool-1-thread-10] TRACE f.m.indexer.core.download.Crawler - getLinks: <!DOCTYPE html>
<html>

<head>
	<title>Central Repository: ant/ant-jmf/1.6.1</title>
	<meta name="viewport" content="width=device-width, initial-scale=1.0">
	<style>
body {
	background: #fff;
}
	</style>
</head>

<body>
	<header>
		<h1>ant/ant-jmf/1.6.1</h1>
	</header>
	<hr/>
	<main>
		<pre id="contents">
<a href="../">../</a>
<a href="ant-jmf-1.6.1.jar" title="ant-jmf-1.6.1.jar">ant-jmf-1.6.1.jar</a>                                 2005-09-20 05:44      6609      
<a href="ant-jmf-1.6.1.jar.md5" title="ant-jmf-1.6.1.jar.md5">ant-jmf-1.6.1.jar.md5</a>                             2005-09-20 05:44        32      
<a href="ant-jmf-1.6.1.jar.sha1" title="ant-jmf-1.6.1.jar.sha1">ant-jmf-1.6.1.jar.sha1</a>                            2005-09-20 05:44        40      
<a href="ant-jmf-1.6.1.pom" title="ant-jmf-1.6.1.pom">ant-jmf-1.6.1.pom</a>                                 2005-09-20 05:44       144      
<a href="ant-jmf-1.6.1.pom.md5" title="ant-jmf-1.6.1.pom.md5">ant-jmf-1.6.1.pom.md5</a>                             2005-09-20 05:44        32      
<a href="ant-jmf-1.6.1.pom.sha1" title="ant-jmf-1.6.1.pom.sha1">ant-jmf-1.6.1.pom.sha1</a>                            2005-09-20 05:44        40      
<a href="maven-metadata.xml" title="maven-metadata.xml">maven-metadata.xml</a>                                2005-09-20 05:44       109      
<a href="maven-metadata.xml.md5" title="maven-metadata.xml.md5">maven-metadata.xml.md5</a>                            2005-09-20 05:44        73      
<a href="maven-metadata.xml.sha1" title="maven-metadata.xml.sha1">maven-metadata.xml.sha1</a>                           2005-09-20 05:44       128      
		</pre>
	</main>
	<hr/>
</body>

</html>
18:46:15.163 [pool-1-thread-10] TRACE f.m.indexer.core.download.Crawler - getFullUrl: http://central.maven.org/maven2/ant/ant-jmf/1.6.1/, ../)
18:46:15.163 [pool-1-thread-10] TRACE f.m.indexer.core.download.Crawler - getFullUrl: http://central.maven.org/maven2/ant/ant-jmf/1.6.1/, ant-jmf-1.6.1.jar)
18:46:15.163 [pool-1-thread-10] TRACE f.m.indexer.core.download.Crawler - getFullUrl: http://central.maven.org/maven2/ant/ant-jmf/1.6.1/, ant-jmf-1.6.1.jar.md5)
18:46:15.163 [pool-1-thread-10] TRACE f.m.indexer.core.download.Crawler - getFullUrl: http://central.maven.org/maven2/ant/ant-jmf/1.6.1/, ant-jmf-1.6.1.jar.sha1)
18:46:15.163 [pool-1-thread-10] TRACE f.m.indexer.core.download.Crawler - getFullUrl: http://central.maven.org/maven2/ant/ant-jmf/1.6.1/, ant-jmf-1.6.1.pom)
18:46:15.163 [pool-1-thread-10] TRACE f.m.indexer.core.download.Crawler - getFullUrl: http://central.maven.org/maven2/ant/ant-jmf/1.6.1/, ant-jmf-1.6.1.pom.md5)
18:46:15.163 [pool-1-thread-10] TRACE f.m.indexer.core.download.Crawler - getFullUrl: http://central.maven.org/maven2/ant/ant-jmf/1.6.1/, ant-jmf-1.6.1.pom.sha1)
18:46:15.163 [pool-1-thread-10] TRACE f.m.indexer.core.download.Crawler - getFullUrl: http://central.maven.org/maven2/ant/ant-jmf/1.6.1/, maven-metadata.xml)
18:46:15.163 [pool-1-thread-10] TRACE f.m.indexer.core.download.Crawler - getFullUrl: http://central.maven.org/maven2/ant/ant-jmf/1.6.1/, maven-metadata.xml.md5)
18:46:15.163 [pool-1-thread-10] TRACE f.m.indexer.core.download.Crawler - getFullUrl: http://central.maven.org/maven2/ant/ant-jmf/1.6.1/, maven-metadata.xml.sha1)
18:46:15.163 [pool-1-thread-10] TRACE f.m.indexer.core.download.Crawler - doNext: http://central.maven.org/maven2/ant/ant-jmf/1.6.1/../
18:46:15.163 [pool-1-thread-10] TRACE f.m.indexer.core.download.Crawler - doNext: http://central.maven.org/maven2/ant/ant-jmf/1.6.1/ant-jmf-1.6.1.jar
18:46:15.163 [pool-1-thread-10] TRACE f.m.indexer.core.download.Crawler - doNext: http://central.maven.org/maven2/ant/ant-jmf/1.6.1/ant-jmf-1.6.1.jar.md5
18:46:15.163 [pool-1-thread-10] TRACE f.m.indexer.core.download.Crawler - doNext: http://central.maven.org/maven2/ant/ant-jmf/1.6.1/ant-jmf-1.6.1.jar.sha1
18:46:15.163 [pool-1-thread-10] TRACE f.m.indexer.core.download.Crawler - doNext: http://central.maven.org/maven2/ant/ant-jmf/1.6.1/ant-jmf-1.6.1.pom
18:46:15.163 [pool-1-thread-10] TRACE f.m.indexer.core.download.Crawler - doNext: http://central.maven.org/maven2/ant/ant-jmf/1.6.1/ant-jmf-1.6.1.pom.md5
18:46:15.163 [pool-1-thread-10] TRACE f.m.indexer.core.download.Crawler - doNext: http://central.maven.org/maven2/ant/ant-jmf/1.6.1/ant-jmf-1.6.1.pom.sha1
18:46:15.163 [pool-1-thread-10] TRACE f.m.indexer.core.download.Crawler - doNext: http://central.maven.org/maven2/ant/ant-jmf/1.6.1/maven-metadata.xml
18:46:15.163 [pool-1-thread-10] TRACE f.m.indexer.core.download.Crawler - match: http://central.maven.org/maven2/ant/ant-jmf/1.6.1/maven-metadata.xml
18:46:15.163 [pool-1-thread-10] TRACE f.m.indexer.core.download.Crawler - doNext: http://central.maven.org/maven2/ant/ant-jmf/1.6.1/maven-metadata.xml.md5
18:46:15.163 [pool-1-thread-10] TRACE f.m.indexer.core.download.Crawler - doNext: http://central.maven.org/maven2/ant/ant-jmf/1.6.1/maven-metadata.xml.sha1
18:46:15.163 [pool-1-thread-10] TRACE f.m.i.core.client.JerseyHttpClient - download: http://central.maven.org/maven2/ant/ant-junit/1.6.2/
18:46:15.193 [pool-1-thread-3] TRACE f.m.indexer.core.download.Crawler - getLinks: <!DOCTYPE html>
<html>

<head>
	<title>Central Repository: ant/ant-netrexx/1.6</title>
	<meta name="viewport" content="width=device-width, initial-scale=1.0">
	<style>
body {
	background: #fff;
}
	</style>
</head>

<body>
	<header>
		<h1>ant/ant-netrexx/1.6</h1>
	</header>
	<hr/>
	<main>
		<pre id="contents">
<a href="../">../</a>
<a href="ant-netrexx-1.6.jar" title="ant-netrexx-1.6.jar">ant-netrexx-1.6.jar</a>                               2005-09-20 05:44      9906      
<a href="ant-netrexx-1.6.jar.md5" title="ant-netrexx-1.6.jar.md5">ant-netrexx-1.6.jar.md5</a>                           2005-09-20 05:44        32      
<a href="ant-netrexx-1.6.jar.sha1" title="ant-netrexx-1.6.jar.sha1">ant-netrexx-1.6.jar.sha1</a>                          2005-09-20 05:44        40      
<a href="ant-netrexx-1.6.pom" title="ant-netrexx-1.6.pom">ant-netrexx-1.6.pom</a>                               2005-09-20 05:44       146      
<a href="ant-netrexx-1.6.pom.md5" title="ant-netrexx-1.6.pom.md5">ant-netrexx-1.6.pom.md5</a>                           2005-09-20 05:44        32      
<a href="ant-netrexx-1.6.pom.sha1" title="ant-netrexx-1.6.pom.sha1">ant-netrexx-1.6.pom.sha1</a>                          2005-09-20 05:44        40      
<a href="maven-metadata.xml" title="maven-metadata.xml">maven-metadata.xml</a>                                2005-09-20 05:44       111      
<a href="maven-metadata.xml.md5" title="maven-metadata.xml.md5">maven-metadata.xml.md5</a>                            2005-09-20 05:44        75      
<a href="maven-metadata.xml.sha1" title="maven-metadata.xml.sha1">maven-metadata.xml.sha1</a>                           2005-09-20 05:44       130      
		</pre>
	</main>
	<hr/>
</body>

</html>
18:46:15.193 [pool-1-thread-3] TRACE f.m.indexer.core.download.Crawler - getFullUrl: http://central.maven.org/maven2/ant/ant-netrexx/1.6/, ../)
18:46:15.193 [pool-1-thread-3] TRACE f.m.indexer.core.download.Crawler - getFullUrl: http://central.maven.org/maven2/ant/ant-netrexx/1.6/, ant-netrexx-1.6.jar)
18:46:15.194 [pool-1-thread-3] TRACE f.m.indexer.core.download.Crawler - getFullUrl: http://central.maven.org/maven2/ant/ant-netrexx/1.6/, ant-netrexx-1.6.jar.md5)
18:46:15.194 [pool-1-thread-9] TRACE f.m.indexer.core.download.Crawler - getLinks: <!DOCTYPE html>
<html>

<head>
	<title>Central Repository: ant/ant-junit/1.6</title>
	<meta name="viewport" content="width=device-width, initial-scale=1.0">
	<style>
body {
	background: #fff;
}
	</style>
</head>

<body>
	<header>
		<h1>ant/ant-junit/1.6</h1>
	</header>
	<hr/>
	<main>
		<pre id="contents">
<a href="../">../</a>
<a href="ant-junit-1.6.jar" title="ant-junit-1.6.jar">ant-junit-1.6.jar</a>                                 2005-09-20 05:44     68986      
<a href="ant-junit-1.6.jar.md5" title="ant-junit-1.6.jar.md5">ant-junit-1.6.jar.md5</a>                             2005-09-20 05:44        32      
<a href="ant-junit-1.6.jar.sha1" title="ant-junit-1.6.jar.sha1">ant-junit-1.6.jar.sha1</a>                            2005-09-20 05:44        40      
<a href="ant-junit-1.6.pom" title="ant-junit-1.6.pom">ant-junit-1.6.pom</a>                                 2005-09-20 05:44       144      
<a href="ant-junit-1.6.pom.md5" title="ant-junit-1.6.pom.md5">ant-junit-1.6.pom.md5</a>                             2005-09-20 05:44        32      
<a href="ant-junit-1.6.pom.sha1" title="ant-junit-1.6.pom.sha1">ant-junit-1.6.pom.sha1</a>                            2005-09-20 05:44        40      
<a href="maven-metadata.xml" title="maven-metadata.xml">maven-metadata.xml</a>                                2005-09-20 05:44       109      
<a href="maven-metadata.xml.md5" title="maven-metadata.xml.md5">maven-metadata.xml.md5</a>                            2005-09-20 05:44        73      
<a href="maven-metadata.xml.sha1" title="maven-metadata.xml.sha1">maven-metadata.xml.sha1</a>                           2005-09-20 05:44       128      
		</pre>
	</main>
	<hr/>
</body>

</html>
18:46:15.194 [pool-1-thread-9] TRACE f.m.indexer.core.download.Crawler - getFullUrl: http://central.maven.org/maven2/ant/ant-junit/1.6/, ../)
18:46:15.194 [pool-1-thread-9] TRACE f.m.indexer.core.download.Crawler - getFullUrl: http://central.maven.org/maven2/ant/ant-junit/1.6/, ant-junit-1.6.jar)
18:46:15.194 [pool-1-thread-9] TRACE f.m.indexer.core.download.Crawler - getFullUrl: http://central.maven.org/maven2/ant/ant-junit/1.6/, ant-junit-1.6.jar.md5)
18:46:15.194 [pool-1-thread-9] TRACE f.m.indexer.core.download.Crawler - getFullUrl: http://central.maven.org/maven2/ant/ant-junit/1.6/, ant-junit-1.6.jar.sha1)
18:46:15.194 [pool-1-thread-9] TRACE f.m.indexer.core.download.Crawler - getFullUrl: http://central.maven.org/maven2/ant/ant-junit/1.6/, ant-junit-1.6.pom)
18:46:15.193 [pool-1-thread-6] TRACE f.m.indexer.core.download.Crawler - getLinks: <!DOCTYPE html>
<html>

<head>
	<title>Central Repository: ant/ant-netrexx/1.6.1</title>
	<meta name="viewport" content="width=device-width, initial-scale=1.0">
	<style>
body {
	background: #fff;
}
	</style>
</head>

<body>
	<header>
		<h1>ant/ant-netrexx/1.6.1</h1>
	</header>
	<hr/>
	<main>
		<pre id="contents">
<a href="../">../</a>
<a href="ant-netrexx-1.6.1.jar" title="ant-netrexx-1.6.1.jar">ant-netrexx-1.6.1.jar</a>                             2005-09-20 05:44      9898      
<a href="ant-netrexx-1.6.1.jar.md5" title="ant-netrexx-1.6.1.jar.md5">ant-netrexx-1.6.1.jar.md5</a>                         2005-09-20 05:44        32      
<a href="ant-netrexx-1.6.1.jar.sha1" title="ant-netrexx-1.6.1.jar.sha1">ant-netrexx-1.6.1.jar.sha1</a>                        2005-09-20 05:44        40      
<a href="ant-netrexx-1.6.1.pom" title="ant-netrexx-1.6.1.pom">ant-netrexx-1.6.1.pom</a>                             2005-09-20 05:44       148      
<a href="ant-netrexx-1.6.1.pom.md5" title="ant-netrexx-1.6.1.pom.md5">ant-netrexx-1.6.1.pom.md5</a>                         2005-09-20 05:44        32      
<a href="ant-netrexx-1.6.1.pom.sha1" title="ant-netrexx-1.6.1.pom.sha1">ant-netrexx-1.6.1.pom.sha1</a>                        2005-09-20 05:44        40      
<a href="maven-metadata.xml" title="maven-metadata.xml">maven-metadata.xml</a>                                2005-09-20 05:44       113      
<a href="maven-metadata.xml.md5" title="maven-metadata.xml.md5">maven-metadata.xml.md5</a>                            2005-09-20 05:44        77      
<a href="maven-metadata.xml.sha1" title="maven-metadata.xml.sha1">maven-metadata.xml.sha1</a>                           2005-09-20 05:44       132      
		</pre>
	</main>
	<hr/>
</body>

</html>
18:46:15.194 [pool-1-thread-6] TRACE f.m.indexer.core.download.Crawler - getFullUrl: http://central.maven.org/maven2/ant/ant-netrexx/1.6.1/, ../)
18:46:15.194 [pool-1-thread-6] TRACE f.m.indexer.core.download.Crawler - getFullUrl: http://central.maven.org/maven2/ant/ant-netrexx/1.6.1/, ant-netrexx-1.6.1.jar)
18:46:15.194 [pool-1-thread-6] TRACE f.m.indexer.core.download.Crawler - getFullUrl: http://central.maven.org/maven2/ant/ant-netrexx/1.6.1/, ant-netrexx-1.6.1.jar.md5)
18:46:15.194 [pool-1-thread-6] TRACE f.m.indexer.core.download.Crawler - getFullUrl: http://central.maven.org/maven2/ant/ant-netrexx/1.6.1/, ant-netrexx-1.6.1.jar.sha1)
18:46:15.194 [pool-1-thread-6] TRACE f.m.indexer.core.download.Crawler - getFullUrl: http://central.maven.org/maven2/ant/ant-netrexx/1.6.1/, ant-netrexx-1.6.1.pom)
18:46:15.194 [pool-1-thread-6] TRACE f.m.indexer.core.download.Crawler - getFullUrl: http://central.maven.org/maven2/ant/ant-netrexx/1.6.1/, ant-netrexx-1.6.1.pom.md5)
18:46:15.194 [pool-1-thread-6] TRACE f.m.indexer.core.download.Crawler - getFullUrl: http://central.maven.org/maven2/ant/ant-netrexx/1.6.1/, ant-netrexx-1.6.1.pom.sha1)
18:46:15.194 [pool-1-thread-6] TRACE f.m.indexer.core.download.Crawler - getFullUrl: http://central.maven.org/maven2/ant/ant-netrexx/1.6.1/, maven-metadata.xml)
18:46:15.194 [pool-1-thread-6] TRACE f.m.indexer.core.download.Crawler - getFullUrl: http://central.maven.org/maven2/ant/ant-netrexx/1.6.1/, maven-metadata.xml.md5)
18:46:15.194 [pool-1-thread-6] TRACE f.m.indexer.core.download.Crawler - getFullUrl: http://central.maven.org/maven2/ant/ant-netrexx/1.6.1/, maven-metadata.xml.sha1)
18:46:15.194 [pool-1-thread-6] TRACE f.m.indexer.core.download.Crawler - doNext: http://central.maven.org/maven2/ant/ant-netrexx/1.6.1/../
18:46:15.194 [pool-1-thread-6] TRACE f.m.indexer.core.download.Crawler - doNext: http://central.maven.org/maven2/ant/ant-netrexx/1.6.1/ant-netrexx-1.6.1.jar
18:46:15.194 [pool-1-thread-6] TRACE f.m.indexer.core.download.Crawler - doNext: http://central.maven.org/maven2/ant/ant-netrexx/1.6.1/ant-netrexx-1.6.1.jar.md5
18:46:15.194 [pool-1-thread-6] TRACE f.m.indexer.core.download.Crawler - doNext: http://central.maven.org/maven2/ant/ant-netrexx/1.6.1/ant-netrexx-1.6.1.jar.sha1
18:46:15.194 [pool-1-thread-6] TRACE f.m.indexer.core.download.Crawler - doNext: http://central.maven.org/maven2/ant/ant-netrexx/1.6.1/ant-netrexx-1.6.1.pom
18:46:15.194 [pool-1-thread-6] TRACE f.m.indexer.core.download.Crawler - doNext: http://central.maven.org/maven2/ant/ant-netrexx/1.6.1/ant-netrexx-1.6.1.pom.md5
18:46:15.194 [pool-1-thread-6] TRACE f.m.indexer.core.download.Crawler - doNext: http://central.maven.org/maven2/ant/ant-netrexx/1.6.1/ant-netrexx-1.6.1.pom.sha1
18:46:15.194 [pool-1-thread-6] TRACE f.m.indexer.core.download.Crawler - doNext: http://central.maven.org/maven2/ant/ant-netrexx/1.6.1/maven-metadata.xml
18:46:15.194 [pool-1-thread-6] TRACE f.m.indexer.core.download.Crawler - match: http://central.maven.org/maven2/ant/ant-netrexx/1.6.1/maven-metadata.xml
18:46:15.194 [pool-1-thread-6] TRACE f.m.indexer.core.download.Crawler - doNext: http://central.maven.org/maven2/ant/ant-netrexx/1.6.1/maven-metadata.xml.md5
18:46:15.194 [pool-1-thread-6] TRACE f.m.indexer.core.download.Crawler - doNext: http://central.maven.org/maven2/ant/ant-netrexx/1.6.1/maven-metadata.xml.sha1
18:46:15.194 [pool-1-thread-9] TRACE f.m.indexer.core.download.Crawler - getFullUrl: http://central.maven.org/maven2/ant/ant-junit/1.6/, ant-junit-1.6.pom.md5)
18:46:15.195 [pool-1-thread-6] TRACE f.m.i.core.client.JerseyHttpClient - download: http://central.maven.org/maven2/ant/ant-netrexx/maven-metadata.xml
18:46:15.194 [pool-1-thread-3] TRACE f.m.indexer.core.download.Crawler - getFullUrl: http://central.maven.org/maven2/ant/ant-netrexx/1.6/, ant-netrexx-1.6.jar.sha1)
18:46:15.195 [pool-1-thread-3] TRACE f.m.indexer.core.download.Crawler - getFullUrl: http://central.maven.org/maven2/ant/ant-netrexx/1.6/, ant-netrexx-1.6.pom)
18:46:15.195 [pool-1-thread-2] TRACE f.m.indexer.core.download.Crawler - getLinks: <!DOCTYPE html>
<html>

<head>
	<title>Central Repository: ant/ant-netrexx/1.6.3</title>
	<meta name="viewport" content="width=device-width, initial-scale=1.0">
	<style>
body {
	background: #fff;
}
	</style>
</head>

<body>
	<header>
		<h1>ant/ant-netrexx/1.6.3</h1>
	</header>
	<hr/>
	<main>
		<pre id="contents">
<a href="../">../</a>
<a href="ant-netrexx-1.6.3.jar" title="ant-netrexx-1.6.3.jar">ant-netrexx-1.6.3.jar</a>                             2005-09-20 05:44      9998      
<a href="ant-netrexx-1.6.3.jar.md5" title="ant-netrexx-1.6.3.jar.md5">ant-netrexx-1.6.3.jar.md5</a>                         2005-09-20 05:44        32      
<a href="ant-netrexx-1.6.3.jar.sha1" title="ant-netrexx-1.6.3.jar.sha1">ant-netrexx-1.6.3.jar.sha1</a>                        2005-09-20 05:44        40      
<a href="ant-netrexx-1.6.3.pom" title="ant-netrexx-1.6.3.pom">ant-netrexx-1.6.3.pom</a>                             2005-09-20 05:44       148      
<a href="ant-netrexx-1.6.3.pom.md5" title="ant-netrexx-1.6.3.pom.md5">ant-netrexx-1.6.3.pom.md5</a>                         2005-09-20 05:44        32      
<a href="ant-netrexx-1.6.3.pom.sha1" title="ant-netrexx-1.6.3.pom.sha1">ant-netrexx-1.6.3.pom.sha1</a>                        2005-09-20 05:44        40      
<a href="maven-metadata.xml" title="maven-metadata.xml">maven-metadata.xml</a>                                2005-09-20 05:44       113      
<a href="maven-metadata.xml.md5" title="maven-metadata.xml.md5">maven-metadata.xml.md5</a>                            2005-09-20 05:44        77      
<a href="maven-metadata.xml.sha1" title="maven-metadata.xml.sha1">maven-metadata.xml.sha1</a>                           2005-09-20 05:44       132      
		</pre>
	</main>
	<hr/>
</body>

</html>
18:46:15.195 [pool-1-thread-2] TRACE f.m.indexer.core.download.Crawler - getFullUrl: http://central.maven.org/maven2/ant/ant-netrexx/1.6.3/, ../)
18:46:15.195 [pool-1-thread-2] TRACE f.m.indexer.core.download.Crawler - getFullUrl: http://central.maven.org/maven2/ant/ant-netrexx/1.6.3/, ant-netrexx-1.6.3.jar)
18:46:15.196 [pool-1-thread-2] TRACE f.m.indexer.core.download.Crawler - getFullUrl: http://central.maven.org/maven2/ant/ant-netrexx/1.6.3/, ant-netrexx-1.6.3.jar.md5)
18:46:15.196 [pool-1-thread-2] TRACE f.m.indexer.core.download.Crawler - getFullUrl: http://central.maven.org/maven2/ant/ant-netrexx/1.6.3/, ant-netrexx-1.6.3.jar.sha1)
18:46:15.196 [pool-1-thread-2] TRACE f.m.indexer.core.download.Crawler - getFullUrl: http://central.maven.org/maven2/ant/ant-netrexx/1.6.3/, ant-netrexx-1.6.3.pom)
18:46:15.196 [pool-1-thread-2] TRACE f.m.indexer.core.download.Crawler - getFullUrl: http://central.maven.org/maven2/ant/ant-netrexx/1.6.3/, ant-netrexx-1.6.3.pom.md5)
18:46:15.194 [pool-1-thread-8] TRACE f.m.indexer.core.download.Crawler - getLinks: <!DOCTYPE html>
<html>

<head>
	<title>Central Repository: ant/ant-netrexx/1.6.2</title>
	<meta name="viewport" content="width=device-width, initial-scale=1.0">
	<style>
body {
	background: #fff;
}
	</style>
</head>

<body>
	<header>
		<h1>ant/ant-netrexx/1.6.2</h1>
	</header>
	<hr/>
	<main>
		<pre id="contents">
<a href="../">../</a>
<a href="ant-netrexx-1.6.2.jar" title="ant-netrexx-1.6.2.jar">ant-netrexx-1.6.2.jar</a>                             2005-09-20 05:44      9990      
<a href="ant-netrexx-1.6.2.jar.md5" title="ant-netrexx-1.6.2.jar.md5">ant-netrexx-1.6.2.jar.md5</a>                         2005-09-20 05:44        32      
<a href="ant-netrexx-1.6.2.jar.sha1" title="ant-netrexx-1.6.2.jar.sha1">ant-netrexx-1.6.2.jar.sha1</a>                        2005-09-20 05:44        40      
<a href="ant-netrexx-1.6.2.pom" title="ant-netrexx-1.6.2.pom">ant-netrexx-1.6.2.pom</a>                             2005-09-20 05:44       148      
<a href="ant-netrexx-1.6.2.pom.md5" title="ant-netrexx-1.6.2.pom.md5">ant-netrexx-1.6.2.pom.md5</a>                         2005-09-20 05:44        32      
<a href="ant-netrexx-1.6.2.pom.sha1" title="ant-netrexx-1.6.2.pom.sha1">ant-netrexx-1.6.2.pom.sha1</a>                        2005-09-20 05:44        40      
<a href="maven-metadata.xml" title="maven-metadata.xml">maven-metadata.xml</a>                                2005-09-20 05:44       113      
<a href="maven-metadata.xml.md5" title="maven-metadata.xml.md5">maven-metadata.xml.md5</a>                            2005-09-20 05:44        77      
<a href="maven-metadata.xml.sha1" title="maven-metadata.xml.sha1">maven-metadata.xml.sha1</a>                           2005-09-20 05:44       132      
		</pre>
	</main>
	<hr/>
</body>

</html>
18:46:15.195 [pool-1-thread-9] TRACE f.m.indexer.core.download.Crawler - getFullUrl: http://central.maven.org/maven2/ant/ant-junit/1.6/, ant-junit-1.6.pom.sha1)
18:46:15.197 [pool-1-thread-8] TRACE f.m.indexer.core.download.Crawler - getFullUrl: http://central.maven.org/maven2/ant/ant-netrexx/1.6.2/, ../)
18:46:15.195 [pool-1-thread-3] TRACE f.m.indexer.core.download.Crawler - getFullUrl: http://central.maven.org/maven2/ant/ant-netrexx/1.6/, ant-netrexx-1.6.pom.md5)
18:46:15.197 [pool-1-thread-8] TRACE f.m.indexer.core.download.Crawler - getFullUrl: http://central.maven.org/maven2/ant/ant-netrexx/1.6.2/, ant-netrexx-1.6.2.jar)
18:46:15.197 [pool-1-thread-3] TRACE f.m.indexer.core.download.Crawler - getFullUrl: http://central.maven.org/maven2/ant/ant-netrexx/1.6/, ant-netrexx-1.6.pom.sha1)
18:46:15.196 [pool-1-thread-2] TRACE f.m.indexer.core.download.Crawler - getFullUrl: http://central.maven.org/maven2/ant/ant-netrexx/1.6.3/, ant-netrexx-1.6.3.pom.sha1)
18:46:15.197 [pool-1-thread-3] TRACE f.m.indexer.core.download.Crawler - getFullUrl: http://central.maven.org/maven2/ant/ant-netrexx/1.6/, maven-metadata.xml)
18:46:15.197 [pool-1-thread-2] TRACE f.m.indexer.core.download.Crawler - getFullUrl: http://central.maven.org/maven2/ant/ant-netrexx/1.6.3/, maven-metadata.xml)
18:46:15.197 [pool-1-thread-9] TRACE f.m.indexer.core.download.Crawler - getFullUrl: http://central.maven.org/maven2/ant/ant-junit/1.6/, maven-metadata.xml)
18:46:15.197 [pool-1-thread-8] TRACE f.m.indexer.core.download.Crawler - getFullUrl: http://central.maven.org/maven2/ant/ant-netrexx/1.6.2/, ant-netrexx-1.6.2.jar.md5)
18:46:15.197 [pool-1-thread-9] TRACE f.m.indexer.core.download.Crawler - getFullUrl: http://central.maven.org/maven2/ant/ant-junit/1.6/, maven-metadata.xml.md5)
18:46:15.197 [pool-1-thread-8] TRACE f.m.indexer.core.download.Crawler - getFullUrl: http://central.maven.org/maven2/ant/ant-netrexx/1.6.2/, ant-netrexx-1.6.2.jar.sha1)
18:46:15.197 [pool-1-thread-9] TRACE f.m.indexer.core.download.Crawler - getFullUrl: http://central.maven.org/maven2/ant/ant-junit/1.6/, maven-metadata.xml.sha1)
18:46:15.197 [pool-1-thread-8] TRACE f.m.indexer.core.download.Crawler - getFullUrl: http://central.maven.org/maven2/ant/ant-netrexx/1.6.2/, ant-netrexx-1.6.2.pom)
18:46:15.197 [pool-1-thread-8] TRACE f.m.indexer.core.download.Crawler - getFullUrl: http://central.maven.org/maven2/ant/ant-netrexx/1.6.2/, ant-netrexx-1.6.2.pom.md5)
18:46:15.197 [pool-1-thread-3] TRACE f.m.indexer.core.download.Crawler - getFullUrl: http://central.maven.org/maven2/ant/ant-netrexx/1.6/, maven-metadata.xml.md5)
18:46:15.197 [pool-1-thread-8] TRACE f.m.indexer.core.download.Crawler - getFullUrl: http://central.maven.org/maven2/ant/ant-netrexx/1.6.2/, ant-netrexx-1.6.2.pom.sha1)
18:46:15.197 [pool-1-thread-3] TRACE f.m.indexer.core.download.Crawler - getFullUrl: http://central.maven.org/maven2/ant/ant-netrexx/1.6/, maven-metadata.xml.sha1)
18:46:15.197 [pool-1-thread-8] TRACE f.m.indexer.core.download.Crawler - getFullUrl: http://central.maven.org/maven2/ant/ant-netrexx/1.6.2/, maven-metadata.xml)
18:46:15.197 [pool-1-thread-3] TRACE f.m.indexer.core.download.Crawler - doNext: http://central.maven.org/maven2/ant/ant-netrexx/1.6/../
18:46:15.197 [pool-1-thread-8] TRACE f.m.indexer.core.download.Crawler - getFullUrl: http://central.maven.org/maven2/ant/ant-netrexx/1.6.2/, maven-metadata.xml.md5)
18:46:15.197 [pool-1-thread-3] TRACE f.m.indexer.core.download.Crawler - doNext: http://central.maven.org/maven2/ant/ant-netrexx/1.6/ant-netrexx-1.6.jar
18:46:15.197 [pool-1-thread-8] TRACE f.m.indexer.core.download.Crawler - getFullUrl: http://central.maven.org/maven2/ant/ant-netrexx/1.6.2/, maven-metadata.xml.sha1)
18:46:15.197 [pool-1-thread-2] TRACE f.m.indexer.core.download.Crawler - getFullUrl: http://central.maven.org/maven2/ant/ant-netrexx/1.6.3/, maven-metadata.xml.md5)
18:46:15.197 [pool-1-thread-8] TRACE f.m.indexer.core.download.Crawler - doNext: http://central.maven.org/maven2/ant/ant-netrexx/1.6.2/../
18:46:15.197 [pool-1-thread-2] TRACE f.m.indexer.core.download.Crawler - getFullUrl: http://central.maven.org/maven2/ant/ant-netrexx/1.6.3/, maven-metadata.xml.sha1)
18:46:15.197 [pool-1-thread-9] TRACE f.m.indexer.core.download.Crawler - doNext: http://central.maven.org/maven2/ant/ant-junit/1.6/../
18:46:15.197 [pool-1-thread-2] TRACE f.m.indexer.core.download.Crawler - doNext: http://central.maven.org/maven2/ant/ant-netrexx/1.6.3/../
18:46:15.197 [pool-1-thread-9] TRACE f.m.indexer.core.download.Crawler - doNext: http://central.maven.org/maven2/ant/ant-junit/1.6/ant-junit-1.6.jar
18:46:15.197 [pool-1-thread-3] TRACE f.m.indexer.core.download.Crawler - doNext: http://central.maven.org/maven2/ant/ant-netrexx/1.6/ant-netrexx-1.6.jar.md5
18:46:15.197 [pool-1-thread-9] TRACE f.m.indexer.core.download.Crawler - doNext: http://central.maven.org/maven2/ant/ant-junit/1.6/ant-junit-1.6.jar.md5
18:46:15.197 [pool-1-thread-3] TRACE f.m.indexer.core.download.Crawler - doNext: http://central.maven.org/maven2/ant/ant-netrexx/1.6/ant-netrexx-1.6.jar.sha1
18:46:15.197 [pool-1-thread-3] TRACE f.m.indexer.core.download.Crawler - doNext: http://central.maven.org/maven2/ant/ant-netrexx/1.6/ant-netrexx-1.6.pom
18:46:15.197 [pool-1-thread-8] TRACE f.m.indexer.core.download.Crawler - doNext: http://central.maven.org/maven2/ant/ant-netrexx/1.6.2/ant-netrexx-1.6.2.jar
18:46:15.197 [pool-1-thread-2] TRACE f.m.indexer.core.download.Crawler - doNext: http://central.maven.org/maven2/ant/ant-netrexx/1.6.3/ant-netrexx-1.6.3.jar
18:46:15.197 [pool-1-thread-8] TRACE f.m.indexer.core.download.Crawler - doNext: http://central.maven.org/maven2/ant/ant-netrexx/1.6.2/ant-netrexx-1.6.2.jar.md5
18:46:15.197 [pool-1-thread-8] TRACE f.m.indexer.core.download.Crawler - doNext: http://central.maven.org/maven2/ant/ant-netrexx/1.6.2/ant-netrexx-1.6.2.jar.sha1
18:46:15.197 [pool-1-thread-8] TRACE f.m.indexer.core.download.Crawler - doNext: http://central.maven.org/maven2/ant/ant-netrexx/1.6.2/ant-netrexx-1.6.2.pom
18:46:15.197 [pool-1-thread-9] TRACE f.m.indexer.core.download.Crawler - doNext: http://central.maven.org/maven2/ant/ant-junit/1.6/ant-junit-1.6.jar.sha1
18:46:15.197 [pool-1-thread-3] TRACE f.m.indexer.core.download.Crawler - doNext: http://central.maven.org/maven2/ant/ant-netrexx/1.6/ant-netrexx-1.6.pom.md5
18:46:15.197 [pool-1-thread-2] TRACE f.m.indexer.core.download.Crawler - doNext: http://central.maven.org/maven2/ant/ant-netrexx/1.6.3/ant-netrexx-1.6.3.jar.md5
18:46:15.197 [pool-1-thread-3] TRACE f.m.indexer.core.download.Crawler - doNext: http://central.maven.org/maven2/ant/ant-netrexx/1.6/ant-netrexx-1.6.pom.sha1
18:46:15.198 [pool-1-thread-2] TRACE f.m.indexer.core.download.Crawler - doNext: http://central.maven.org/maven2/ant/ant-netrexx/1.6.3/ant-netrexx-1.6.3.jar.sha1
18:46:15.197 [pool-1-thread-8] TRACE f.m.indexer.core.download.Crawler - doNext: http://central.maven.org/maven2/ant/ant-netrexx/1.6.2/ant-netrexx-1.6.2.pom.md5
18:46:15.197 [pool-1-thread-9] TRACE f.m.indexer.core.download.Crawler - doNext: http://central.maven.org/maven2/ant/ant-junit/1.6/ant-junit-1.6.pom
18:46:15.198 [pool-1-thread-8] TRACE f.m.indexer.core.download.Crawler - doNext: http://central.maven.org/maven2/ant/ant-netrexx/1.6.2/ant-netrexx-1.6.2.pom.sha1
18:46:15.198 [pool-1-thread-9] TRACE f.m.indexer.core.download.Crawler - doNext: http://central.maven.org/maven2/ant/ant-junit/1.6/ant-junit-1.6.pom.md5
18:46:15.198 [pool-1-thread-8] TRACE f.m.indexer.core.download.Crawler - doNext: http://central.maven.org/maven2/ant/ant-netrexx/1.6.2/maven-metadata.xml
18:46:15.198 [pool-1-thread-9] TRACE f.m.indexer.core.download.Crawler - doNext: http://central.maven.org/maven2/ant/ant-junit/1.6/ant-junit-1.6.pom.sha1
18:46:15.198 [pool-1-thread-8] TRACE f.m.indexer.core.download.Crawler - match: http://central.maven.org/maven2/ant/ant-netrexx/1.6.2/maven-metadata.xml
18:46:15.198 [pool-1-thread-3] TRACE f.m.indexer.core.download.Crawler - doNext: http://central.maven.org/maven2/ant/ant-netrexx/1.6/maven-metadata.xml
18:46:15.198 [pool-1-thread-3] TRACE f.m.indexer.core.download.Crawler - match: http://central.maven.org/maven2/ant/ant-netrexx/1.6/maven-metadata.xml
18:46:15.198 [pool-1-thread-8] TRACE f.m.indexer.core.download.Crawler - doNext: http://central.maven.org/maven2/ant/ant-netrexx/1.6.2/maven-metadata.xml.md5
18:46:15.198 [pool-1-thread-3] TRACE f.m.indexer.core.download.Crawler - doNext: http://central.maven.org/maven2/ant/ant-netrexx/1.6/maven-metadata.xml.md5
18:46:15.198 [pool-1-thread-8] TRACE f.m.indexer.core.download.Crawler - doNext: http://central.maven.org/maven2/ant/ant-netrexx/1.6.2/maven-metadata.xml.sha1
18:46:15.198 [pool-1-thread-2] TRACE f.m.indexer.core.download.Crawler - doNext: http://central.maven.org/maven2/ant/ant-netrexx/1.6.3/ant-netrexx-1.6.3.pom
18:46:15.198 [pool-1-thread-2] TRACE f.m.indexer.core.download.Crawler - doNext: http://central.maven.org/maven2/ant/ant-netrexx/1.6.3/ant-netrexx-1.6.3.pom.md5
18:46:15.198 [pool-1-thread-8] TRACE f.m.i.core.client.JerseyHttpClient - download: http://central.maven.org/maven2/ant/ant-junit/1.6.3/
18:46:15.198 [pool-1-thread-2] TRACE f.m.indexer.core.download.Crawler - doNext: http://central.maven.org/maven2/ant/ant-netrexx/1.6.3/ant-netrexx-1.6.3.pom.sha1
18:46:15.198 [pool-1-thread-2] TRACE f.m.indexer.core.download.Crawler - doNext: http://central.maven.org/maven2/ant/ant-netrexx/1.6.3/maven-metadata.xml
18:46:15.198 [pool-1-thread-2] TRACE f.m.indexer.core.download.Crawler - match: http://central.maven.org/maven2/ant/ant-netrexx/1.6.3/maven-metadata.xml
18:46:15.198 [pool-1-thread-2] TRACE f.m.indexer.core.download.Crawler - doNext: http://central.maven.org/maven2/ant/ant-netrexx/1.6.3/maven-metadata.xml.md5
18:46:15.198 [pool-1-thread-2] TRACE f.m.indexer.core.download.Crawler - doNext: http://central.maven.org/maven2/ant/ant-netrexx/1.6.3/maven-metadata.xml.sha1
18:46:15.198 [pool-1-thread-2] TRACE f.m.i.core.client.JerseyHttpClient - download: http://central.maven.org/maven2/ant/ant-junit/1.6.4/
18:46:15.198 [pool-1-thread-9] TRACE f.m.indexer.core.download.Crawler - doNext: http://central.maven.org/maven2/ant/ant-junit/1.6/maven-metadata.xml
18:46:15.199 [pool-1-thread-9] TRACE f.m.indexer.core.download.Crawler - match: http://central.maven.org/maven2/ant/ant-junit/1.6/maven-metadata.xml
18:46:15.199 [pool-1-thread-9] TRACE f.m.indexer.core.download.Crawler - doNext: http://central.maven.org/maven2/ant/ant-junit/1.6/maven-metadata.xml.md5
18:46:15.199 [pool-1-thread-9] TRACE f.m.indexer.core.download.Crawler - doNext: http://central.maven.org/maven2/ant/ant-junit/1.6/maven-metadata.xml.sha1
18:46:15.199 [pool-1-thread-9] TRACE f.m.i.core.client.JerseyHttpClient - download: http://central.maven.org/maven2/ant/ant-junit/1.6.5/
18:46:15.198 [pool-1-thread-3] TRACE f.m.indexer.core.download.Crawler - doNext: http://central.maven.org/maven2/ant/ant-netrexx/1.6/maven-metadata.xml.sha1
18:46:15.199 [pool-1-thread-3] TRACE f.m.i.core.client.JerseyHttpClient - download: http://central.maven.org/maven2/ant/ant-junit/maven-metadata.xml
18:46:15.225 [pool-1-thread-1] TRACE f.m.indexer.core.download.Crawler - getLinks: <!DOCTYPE html>
<html>

<head>
	<title>Central Repository: ant/ant-jmf/1.6.2</title>
	<meta name="viewport" content="width=device-width, initial-scale=1.0">
	<style>
body {
	background: #fff;
}
	</style>
</head>

<body>
	<header>
		<h1>ant/ant-jmf/1.6.2</h1>
	</header>
	<hr/>
	<main>
		<pre id="contents">
<a href="../">../</a>
<a href="ant-jmf-1.6.2.jar" title="ant-jmf-1.6.2.jar">ant-jmf-1.6.2.jar</a>                                 2005-09-20 05:44      6596      
<a href="ant-jmf-1.6.2.jar.md5" title="ant-jmf-1.6.2.jar.md5">ant-jmf-1.6.2.jar.md5</a>                             2005-09-20 05:44        32      
<a href="ant-jmf-1.6.2.jar.sha1" title="ant-jmf-1.6.2.jar.sha1">ant-jmf-1.6.2.jar.sha1</a>                            2005-09-20 05:44        40      
<a href="ant-jmf-1.6.2.pom" title="ant-jmf-1.6.2.pom">ant-jmf-1.6.2.pom</a>                                 2005-09-20 05:44       144      
<a href="ant-jmf-1.6.2.pom.md5" title="ant-jmf-1.6.2.pom.md5">ant-jmf-1.6.2.pom.md5</a>                             2005-09-20 05:44        32      
<a href="ant-jmf-1.6.2.pom.sha1" title="ant-jmf-1.6.2.pom.sha1">ant-jmf-1.6.2.pom.sha1</a>                            2005-09-20 05:44        40      
<a href="maven-metadata.xml" title="maven-metadata.xml">maven-metadata.xml</a>                                2005-09-20 05:44       109      
<a href="maven-metadata.xml.md5" title="maven-metadata.xml.md5">maven-metadata.xml.md5</a>                            2005-09-20 05:44        73      
<a href="maven-metadata.xml.sha1" title="maven-metadata.xml.sha1">maven-metadata.xml.sha1</a>                           2005-09-20 05:44       128      
		</pre>
	</main>
	<hr/>
</body>

</html>
18:46:15.225 [pool-1-thread-1] TRACE f.m.indexer.core.download.Crawler - getFullUrl: http://central.maven.org/maven2/ant/ant-jmf/1.6.2/, ../)
18:46:15.225 [pool-1-thread-1] TRACE f.m.indexer.core.download.Crawler - getFullUrl: http://central.maven.org/maven2/ant/ant-jmf/1.6.2/, ant-jmf-1.6.2.jar)
18:46:15.225 [pool-1-thread-1] TRACE f.m.indexer.core.download.Crawler - getFullUrl: http://central.maven.org/maven2/ant/ant-jmf/1.6.2/, ant-jmf-1.6.2.jar.md5)
18:46:15.225 [pool-1-thread-1] TRACE f.m.indexer.core.download.Crawler - getFullUrl: http://central.maven.org/maven2/ant/ant-jmf/1.6.2/, ant-jmf-1.6.2.jar.sha1)
18:46:15.225 [pool-1-thread-1] TRACE f.m.indexer.core.download.Crawler - getFullUrl: http://central.maven.org/maven2/ant/ant-jmf/1.6.2/, ant-jmf-1.6.2.pom)
18:46:15.225 [pool-1-thread-1] TRACE f.m.indexer.core.download.Crawler - getFullUrl: http://central.maven.org/maven2/ant/ant-jmf/1.6.2/, ant-jmf-1.6.2.pom.md5)
18:46:15.225 [pool-1-thread-1] TRACE f.m.indexer.core.download.Crawler - getFullUrl: http://central.maven.org/maven2/ant/ant-jmf/1.6.2/, ant-jmf-1.6.2.pom.sha1)
18:46:15.225 [pool-1-thread-1] TRACE f.m.indexer.core.download.Crawler - getFullUrl: http://central.maven.org/maven2/ant/ant-jmf/1.6.2/, maven-metadata.xml)
18:46:15.225 [pool-1-thread-1] TRACE f.m.indexer.core.download.Crawler - getFullUrl: http://central.maven.org/maven2/ant/ant-jmf/1.6.2/, maven-metadata.xml.md5)
18:46:15.225 [pool-1-thread-1] TRACE f.m.indexer.core.download.Crawler - getFullUrl: http://central.maven.org/maven2/ant/ant-jmf/1.6.2/, maven-metadata.xml.sha1)
18:46:15.226 [pool-1-thread-1] TRACE f.m.indexer.core.download.Crawler - doNext: http://central.maven.org/maven2/ant/ant-jmf/1.6.2/../
18:46:15.226 [pool-1-thread-1] TRACE f.m.indexer.core.download.Crawler - doNext: http://central.maven.org/maven2/ant/ant-jmf/1.6.2/ant-jmf-1.6.2.jar
18:46:15.226 [pool-1-thread-1] TRACE f.m.indexer.core.download.Crawler - doNext: http://central.maven.org/maven2/ant/ant-jmf/1.6.2/ant-jmf-1.6.2.jar.md5
18:46:15.226 [pool-1-thread-1] TRACE f.m.indexer.core.download.Crawler - doNext: http://central.maven.org/maven2/ant/ant-jmf/1.6.2/ant-jmf-1.6.2.jar.sha1
18:46:15.226 [pool-1-thread-1] TRACE f.m.indexer.core.download.Crawler - doNext: http://central.maven.org/maven2/ant/ant-jmf/1.6.2/ant-jmf-1.6.2.pom
18:46:15.226 [pool-1-thread-1] TRACE f.m.indexer.core.download.Crawler - doNext: http://central.maven.org/maven2/ant/ant-jmf/1.6.2/ant-jmf-1.6.2.pom.md5
18:46:15.226 [pool-1-thread-1] TRACE f.m.indexer.core.download.Crawler - doNext: http://central.maven.org/maven2/ant/ant-jmf/1.6.2/ant-jmf-1.6.2.pom.sha1
18:46:15.226 [pool-1-thread-1] TRACE f.m.indexer.core.download.Crawler - doNext: http://central.maven.org/maven2/ant/ant-jmf/1.6.2/maven-metadata.xml
18:46:15.226 [pool-1-thread-1] TRACE f.m.indexer.core.download.Crawler - match: http://central.maven.org/maven2/ant/ant-jmf/1.6.2/maven-metadata.xml
18:46:15.226 [pool-1-thread-1] TRACE f.m.indexer.core.download.Crawler - doNext: http://central.maven.org/maven2/ant/ant-jmf/1.6.2/maven-metadata.xml.md5
18:46:15.226 [pool-1-thread-1] TRACE f.m.indexer.core.download.Crawler - doNext: http://central.maven.org/maven2/ant/ant-jmf/1.6.2/maven-metadata.xml.sha1
18:46:15.226 [pool-1-thread-1] TRACE f.m.i.core.client.JerseyHttpClient - download: http://central.maven.org/maven2/ant/ant-jmf/1.6.3/
18:46:15.234 [pool-1-thread-4] TRACE f.m.indexer.core.download.Crawler - getLinks: <!DOCTYPE html>
<html>

<head>
	<title>Central Repository: ant/ant-netrexx/1.6.4</title>
	<meta name="viewport" content="width=device-width, initial-scale=1.0">
	<style>
body {
	background: #fff;
}
	</style>
</head>

<body>
	<header>
		<h1>ant/ant-netrexx/1.6.4</h1>
	</header>
	<hr/>
	<main>
		<pre id="contents">
<a href="../">../</a>
<a href="ant-netrexx-1.6.4.jar" title="ant-netrexx-1.6.4.jar">ant-netrexx-1.6.4.jar</a>                             2005-09-20 05:44      9998      
<a href="ant-netrexx-1.6.4.jar.md5" title="ant-netrexx-1.6.4.jar.md5">ant-netrexx-1.6.4.jar.md5</a>                         2005-09-20 05:44        32      
<a href="ant-netrexx-1.6.4.jar.sha1" title="ant-netrexx-1.6.4.jar.sha1">ant-netrexx-1.6.4.jar.sha1</a>                        2005-09-20 05:44        40      
<a href="ant-netrexx-1.6.4.pom" title="ant-netrexx-1.6.4.pom">ant-netrexx-1.6.4.pom</a>                             2005-09-20 05:44       148      
<a href="ant-netrexx-1.6.4.pom.md5" title="ant-netrexx-1.6.4.pom.md5">ant-netrexx-1.6.4.pom.md5</a>                         2005-09-20 05:44        32      
<a href="ant-netrexx-1.6.4.pom.sha1" title="ant-netrexx-1.6.4.pom.sha1">ant-netrexx-1.6.4.pom.sha1</a>                        2005-09-20 05:44        40      
<a href="maven-metadata.xml" title="maven-metadata.xml">maven-metadata.xml</a>                                2005-09-20 05:44       113      
<a href="maven-metadata.xml.md5" title="maven-metadata.xml.md5">maven-metadata.xml.md5</a>                            2005-09-20 05:44        77      
<a href="maven-metadata.xml.sha1" title="maven-metadata.xml.sha1">maven-metadata.xml.sha1</a>                           2005-09-20 05:44       132      
		</pre>
	</main>
	<hr/>
</body>

</html>
18:46:15.234 [pool-1-thread-4] TRACE f.m.indexer.core.download.Crawler - getFullUrl: http://central.maven.org/maven2/ant/ant-netrexx/1.6.4/, ../)
18:46:15.234 [pool-1-thread-4] TRACE f.m.indexer.core.download.Crawler - getFullUrl: http://central.maven.org/maven2/ant/ant-netrexx/1.6.4/, ant-netrexx-1.6.4.jar)
18:46:15.234 [pool-1-thread-4] TRACE f.m.indexer.core.download.Crawler - getFullUrl: http://central.maven.org/maven2/ant/ant-netrexx/1.6.4/, ant-netrexx-1.6.4.jar.md5)
18:46:15.234 [pool-1-thread-4] TRACE f.m.indexer.core.download.Crawler - getFullUrl: http://central.maven.org/maven2/ant/ant-netrexx/1.6.4/, ant-netrexx-1.6.4.jar.sha1)
18:46:15.234 [pool-1-thread-4] TRACE f.m.indexer.core.download.Crawler - getFullUrl: http://central.maven.org/maven2/ant/ant-netrexx/1.6.4/, ant-netrexx-1.6.4.pom)
18:46:15.234 [pool-1-thread-4] TRACE f.m.indexer.core.download.Crawler - getFullUrl: http://central.maven.org/maven2/ant/ant-netrexx/1.6.4/, ant-netrexx-1.6.4.pom.md5)
18:46:15.234 [pool-1-thread-4] TRACE f.m.indexer.core.download.Crawler - getFullUrl: http://central.maven.org/maven2/ant/ant-netrexx/1.6.4/, ant-netrexx-1.6.4.pom.sha1)
18:46:15.234 [pool-1-thread-4] TRACE f.m.indexer.core.download.Crawler - getFullUrl: http://central.maven.org/maven2/ant/ant-netrexx/1.6.4/, maven-metadata.xml)
18:46:15.234 [pool-1-thread-4] TRACE f.m.indexer.core.download.Crawler - getFullUrl: http://central.maven.org/maven2/ant/ant-netrexx/1.6.4/, maven-metadata.xml.md5)
18:46:15.234 [pool-1-thread-4] TRACE f.m.indexer.core.download.Crawler - getFullUrl: http://central.maven.org/maven2/ant/ant-netrexx/1.6.4/, maven-metadata.xml.sha1)
18:46:15.234 [pool-1-thread-4] TRACE f.m.indexer.core.download.Crawler - doNext: http://central.maven.org/maven2/ant/ant-netrexx/1.6.4/../
18:46:15.234 [pool-1-thread-4] TRACE f.m.indexer.core.download.Crawler - doNext: http://central.maven.org/maven2/ant/ant-netrexx/1.6.4/ant-netrexx-1.6.4.jar
18:46:15.234 [pool-1-thread-4] TRACE f.m.indexer.core.download.Crawler - doNext: http://central.maven.org/maven2/ant/ant-netrexx/1.6.4/ant-netrexx-1.6.4.jar.md5
18:46:15.234 [pool-1-thread-4] TRACE f.m.indexer.core.download.Crawler - doNext: http://central.maven.org/maven2/ant/ant-netrexx/1.6.4/ant-netrexx-1.6.4.jar.sha1
18:46:15.234 [pool-1-thread-4] TRACE f.m.indexer.core.download.Crawler - doNext: http://central.maven.org/maven2/ant/ant-netrexx/1.6.4/ant-netrexx-1.6.4.pom
18:46:15.234 [pool-1-thread-4] TRACE f.m.indexer.core.download.Crawler - doNext: http://central.maven.org/maven2/ant/ant-netrexx/1.6.4/ant-netrexx-1.6.4.pom.md5
18:46:15.234 [pool-1-thread-4] TRACE f.m.indexer.core.download.Crawler - doNext: http://central.maven.org/maven2/ant/ant-netrexx/1.6.4/ant-netrexx-1.6.4.pom.sha1
18:46:15.234 [pool-1-thread-4] TRACE f.m.indexer.core.download.Crawler - doNext: http://central.maven.org/maven2/ant/ant-netrexx/1.6.4/maven-metadata.xml
18:46:15.234 [pool-1-thread-4] TRACE f.m.indexer.core.download.Crawler - match: http://central.maven.org/maven2/ant/ant-netrexx/1.6.4/maven-metadata.xml
18:46:15.234 [pool-1-thread-4] TRACE f.m.indexer.core.download.Crawler - doNext: http://central.maven.org/maven2/ant/ant-netrexx/1.6.4/maven-metadata.xml.md5
18:46:15.235 [pool-1-thread-4] TRACE f.m.indexer.core.download.Crawler - doNext: http://central.maven.org/maven2/ant/ant-netrexx/1.6.4/maven-metadata.xml.sha1
18:46:15.235 [pool-1-thread-4] TRACE f.m.i.core.client.JerseyHttpClient - download: http://central.maven.org/maven2/ant/ant-launcher/1.6/
18:46:15.239 [pool-1-thread-7] TRACE f.m.indexer.core.download.Crawler - getLinks: <!DOCTYPE html>
<html>

<head>
	<title>Central Repository: ant/ant-netrexx/1.6.5</title>
	<meta name="viewport" content="width=device-width, initial-scale=1.0">
	<style>
body {
	background: #fff;
}
	</style>
</head>

<body>
	<header>
		<h1>ant/ant-netrexx/1.6.5</h1>
	</header>
	<hr/>
	<main>
		<pre id="contents">
<a href="../">../</a>
<a href="ant-netrexx-1.6.5.jar" title="ant-netrexx-1.6.5.jar">ant-netrexx-1.6.5.jar</a>                             2005-09-20 05:44      9998      
<a href="ant-netrexx-1.6.5.jar.md5" title="ant-netrexx-1.6.5.jar.md5">ant-netrexx-1.6.5.jar.md5</a>                         2005-09-20 05:44        32      
<a href="ant-netrexx-1.6.5.jar.sha1" title="ant-netrexx-1.6.5.jar.sha1">ant-netrexx-1.6.5.jar.sha1</a>                        2005-09-20 05:44        40      
<a href="ant-netrexx-1.6.5.pom" title="ant-netrexx-1.6.5.pom">ant-netrexx-1.6.5.pom</a>                             2005-09-20 05:44       148      
<a href="ant-netrexx-1.6.5.pom.md5" title="ant-netrexx-1.6.5.pom.md5">ant-netrexx-1.6.5.pom.md5</a>                         2005-09-20 05:44        32      
<a href="ant-netrexx-1.6.5.pom.sha1" title="ant-netrexx-1.6.5.pom.sha1">ant-netrexx-1.6.5.pom.sha1</a>                        2005-09-20 05:44        40      
<a href="maven-metadata.xml" title="maven-metadata.xml">maven-metadata.xml</a>                                2005-09-20 05:44       113      
<a href="maven-metadata.xml.md5" title="maven-metadata.xml.md5">maven-metadata.xml.md5</a>                            2005-09-20 05:44        77      
<a href="maven-metadata.xml.sha1" title="maven-metadata.xml.sha1">maven-metadata.xml.sha1</a>                           2005-09-20 05:44       132      
		</pre>
	</main>
	<hr/>
</body>

</html>
18:46:15.240 [pool-1-thread-7] TRACE f.m.indexer.core.download.Crawler - getFullUrl: http://central.maven.org/maven2/ant/ant-netrexx/1.6.5/, ../)
18:46:15.240 [pool-1-thread-7] TRACE f.m.indexer.core.download.Crawler - getFullUrl: http://central.maven.org/maven2/ant/ant-netrexx/1.6.5/, ant-netrexx-1.6.5.jar)
18:46:15.240 [pool-1-thread-7] TRACE f.m.indexer.core.download.Crawler - getFullUrl: http://central.maven.org/maven2/ant/ant-netrexx/1.6.5/, ant-netrexx-1.6.5.jar.md5)
18:46:15.240 [pool-1-thread-7] TRACE f.m.indexer.core.download.Crawler - getFullUrl: http://central.maven.org/maven2/ant/ant-netrexx/1.6.5/, ant-netrexx-1.6.5.jar.sha1)
18:46:15.240 [pool-1-thread-7] TRACE f.m.indexer.core.download.Crawler - getFullUrl: http://central.maven.org/maven2/ant/ant-netrexx/1.6.5/, ant-netrexx-1.6.5.pom)
18:46:15.240 [pool-1-thread-7] TRACE f.m.indexer.core.download.Crawler - getFullUrl: http://central.maven.org/maven2/ant/ant-netrexx/1.6.5/, ant-netrexx-1.6.5.pom.md5)
18:46:15.240 [pool-1-thread-7] TRACE f.m.indexer.core.download.Crawler - getFullUrl: http://central.maven.org/maven2/ant/ant-netrexx/1.6.5/, ant-netrexx-1.6.5.pom.sha1)
18:46:15.240 [pool-1-thread-7] TRACE f.m.indexer.core.download.Crawler - getFullUrl: http://central.maven.org/maven2/ant/ant-netrexx/1.6.5/, maven-metadata.xml)
18:46:15.240 [pool-1-thread-7] TRACE f.m.indexer.core.download.Crawler - getFullUrl: http://central.maven.org/maven2/ant/ant-netrexx/1.6.5/, maven-metadata.xml.md5)
18:46:15.240 [pool-1-thread-7] TRACE f.m.indexer.core.download.Crawler - getFullUrl: http://central.maven.org/maven2/ant/ant-netrexx/1.6.5/, maven-metadata.xml.sha1)
18:46:15.240 [pool-1-thread-7] TRACE f.m.indexer.core.download.Crawler - doNext: http://central.maven.org/maven2/ant/ant-netrexx/1.6.5/../
18:46:15.240 [pool-1-thread-7] TRACE f.m.indexer.core.download.Crawler - doNext: http://central.maven.org/maven2/ant/ant-netrexx/1.6.5/ant-netrexx-1.6.5.jar
18:46:15.240 [pool-1-thread-7] TRACE f.m.indexer.core.download.Crawler - doNext: http://central.maven.org/maven2/ant/ant-netrexx/1.6.5/ant-netrexx-1.6.5.jar.md5
18:46:15.240 [pool-1-thread-7] TRACE f.m.indexer.core.download.Crawler - doNext: http://central.maven.org/maven2/ant/ant-netrexx/1.6.5/ant-netrexx-1.6.5.jar.sha1
18:46:15.240 [pool-1-thread-7] TRACE f.m.indexer.core.download.Crawler - doNext: http://central.maven.org/maven2/ant/ant-netrexx/1.6.5/ant-netrexx-1.6.5.pom
18:46:15.240 [pool-1-thread-7] TRACE f.m.indexer.core.download.Crawler - doNext: http://central.maven.org/maven2/ant/ant-netrexx/1.6.5/ant-netrexx-1.6.5.pom.md5
18:46:15.240 [pool-1-thread-7] TRACE f.m.indexer.core.download.Crawler - doNext: http://central.maven.org/maven2/ant/ant-netrexx/1.6.5/ant-netrexx-1.6.5.pom.sha1
18:46:15.240 [pool-1-thread-7] TRACE f.m.indexer.core.download.Crawler - doNext: http://central.maven.org/maven2/ant/ant-netrexx/1.6.5/maven-metadata.xml
18:46:15.240 [pool-1-thread-7] TRACE f.m.indexer.core.download.Crawler - match: http://central.maven.org/maven2/ant/ant-netrexx/1.6.5/maven-metadata.xml
18:46:15.240 [pool-1-thread-7] TRACE f.m.indexer.core.download.Crawler - doNext: http://central.maven.org/maven2/ant/ant-netrexx/1.6.5/maven-metadata.xml.md5
18:46:15.240 [pool-1-thread-7] TRACE f.m.indexer.core.download.Crawler - doNext: http://central.maven.org/maven2/ant/ant-netrexx/1.6.5/maven-metadata.xml.sha1
18:46:15.240 [pool-1-thread-7] TRACE f.m.i.core.client.JerseyHttpClient - download: http://central.maven.org/maven2/ant/ant-jmf/1.6.4/
18:46:15.241 [pool-1-thread-10] TRACE f.m.indexer.core.download.Crawler - getLinks: <!DOCTYPE html>
<html>

<head>
	<title>Central Repository: ant/ant-junit/1.6.2</title>
	<meta name="viewport" content="width=device-width, initial-scale=1.0">
	<style>
body {
	background: #fff;
}
	</style>
</head>

<body>
	<header>
		<h1>ant/ant-junit/1.6.2</h1>
	</header>
	<hr/>
	<main>
		<pre id="contents">
<a href="../">../</a>
<a href="ant-junit-1.6.2.jar" title="ant-junit-1.6.2.jar">ant-junit-1.6.2.jar</a>                               2005-09-20 05:44     73665      
<a href="ant-junit-1.6.2.jar.md5" title="ant-junit-1.6.2.jar.md5">ant-junit-1.6.2.jar.md5</a>                           2005-09-20 05:44        32      
<a href="ant-junit-1.6.2.jar.sha1" title="ant-junit-1.6.2.jar.sha1">ant-junit-1.6.2.jar.sha1</a>                          2005-09-20 05:44        40      
<a href="ant-junit-1.6.2.pom" title="ant-junit-1.6.2.pom">ant-junit-1.6.2.pom</a>                               2005-09-20 05:44       146      
<a href="ant-junit-1.6.2.pom.md5" title="ant-junit-1.6.2.pom.md5">ant-junit-1.6.2.pom.md5</a>                           2005-09-20 05:44        32      
<a href="ant-junit-1.6.2.pom.sha1" title="ant-junit-1.6.2.pom.sha1">ant-junit-1.6.2.pom.sha1</a>                          2005-09-20 05:44        40      
<a href="maven-metadata.xml" title="maven-metadata.xml">maven-metadata.xml</a>                                2005-09-20 05:44       111      
<a href="maven-metadata.xml.md5" title="maven-metadata.xml.md5">maven-metadata.xml.md5</a>                            2005-09-20 05:44        75      
<a href="maven-metadata.xml.sha1" title="maven-metadata.xml.sha1">maven-metadata.xml.sha1</a>                           2005-09-20 05:44       130      
		</pre>
	</main>
	<hr/>
</body>

</html>
18:46:15.241 [pool-1-thread-10] TRACE f.m.indexer.core.download.Crawler - getFullUrl: http://central.maven.org/maven2/ant/ant-junit/1.6.2/, ../)
18:46:15.241 [pool-1-thread-10] TRACE f.m.indexer.core.download.Crawler - getFullUrl: http://central.maven.org/maven2/ant/ant-junit/1.6.2/, ant-junit-1.6.2.jar)
18:46:15.241 [pool-1-thread-10] TRACE f.m.indexer.core.download.Crawler - getFullUrl: http://central.maven.org/maven2/ant/ant-junit/1.6.2/, ant-junit-1.6.2.jar.md5)
18:46:15.241 [pool-1-thread-10] TRACE f.m.indexer.core.download.Crawler - getFullUrl: http://central.maven.org/maven2/ant/ant-junit/1.6.2/, ant-junit-1.6.2.jar.sha1)
18:46:15.242 [pool-1-thread-10] TRACE f.m.indexer.core.download.Crawler - getFullUrl: http://central.maven.org/maven2/ant/ant-junit/1.6.2/, ant-junit-1.6.2.pom)
18:46:15.242 [pool-1-thread-10] TRACE f.m.indexer.core.download.Crawler - getFullUrl: http://central.maven.org/maven2/ant/ant-junit/1.6.2/, ant-junit-1.6.2.pom.md5)
18:46:15.242 [pool-1-thread-10] TRACE f.m.indexer.core.download.Crawler - getFullUrl: http://central.maven.org/maven2/ant/ant-junit/1.6.2/, ant-junit-1.6.2.pom.sha1)
18:46:15.242 [pool-1-thread-10] TRACE f.m.indexer.core.download.Crawler - getFullUrl: http://central.maven.org/maven2/ant/ant-junit/1.6.2/, maven-metadata.xml)
18:46:15.242 [pool-1-thread-10] TRACE f.m.indexer.core.download.Crawler - getFullUrl: http://central.maven.org/maven2/ant/ant-junit/1.6.2/, maven-metadata.xml.md5)
18:46:15.242 [pool-1-thread-10] TRACE f.m.indexer.core.download.Crawler - getFullUrl: http://central.maven.org/maven2/ant/ant-junit/1.6.2/, maven-metadata.xml.sha1)
18:46:15.242 [pool-1-thread-10] TRACE f.m.indexer.core.download.Crawler - doNext: http://central.maven.org/maven2/ant/ant-junit/1.6.2/../
18:46:15.242 [pool-1-thread-10] TRACE f.m.indexer.core.download.Crawler - doNext: http://central.maven.org/maven2/ant/ant-junit/1.6.2/ant-junit-1.6.2.jar
18:46:15.242 [pool-1-thread-10] TRACE f.m.indexer.core.download.Crawler - doNext: http://central.maven.org/maven2/ant/ant-junit/1.6.2/ant-junit-1.6.2.jar.md5
18:46:15.242 [pool-1-thread-10] TRACE f.m.indexer.core.download.Crawler - doNext: http://central.maven.org/maven2/ant/ant-junit/1.6.2/ant-junit-1.6.2.jar.sha1
18:46:15.242 [pool-1-thread-10] TRACE f.m.indexer.core.download.Crawler - doNext: http://central.maven.org/maven2/ant/ant-junit/1.6.2/ant-junit-1.6.2.pom
18:46:15.242 [pool-1-thread-10] TRACE f.m.indexer.core.download.Crawler - doNext: http://central.maven.org/maven2/ant/ant-junit/1.6.2/ant-junit-1.6.2.pom.md5
18:46:15.242 [pool-1-thread-10] TRACE f.m.indexer.core.download.Crawler - doNext: http://central.maven.org/maven2/ant/ant-junit/1.6.2/ant-junit-1.6.2.pom.sha1
18:46:15.242 [pool-1-thread-10] TRACE f.m.indexer.core.download.Crawler - doNext: http://central.maven.org/maven2/ant/ant-junit/1.6.2/maven-metadata.xml
18:46:15.242 [pool-1-thread-10] TRACE f.m.indexer.core.download.Crawler - match: http://central.maven.org/maven2/ant/ant-junit/1.6.2/maven-metadata.xml
18:46:15.242 [pool-1-thread-10] TRACE f.m.indexer.core.download.Crawler - doNext: http://central.maven.org/maven2/ant/ant-junit/1.6.2/maven-metadata.xml.md5
18:46:15.242 [pool-1-thread-10] TRACE f.m.indexer.core.download.Crawler - doNext: http://central.maven.org/maven2/ant/ant-junit/1.6.2/maven-metadata.xml.sha1
18:46:15.242 [pool-1-thread-10] TRACE f.m.i.core.client.JerseyHttpClient - download: http://central.maven.org/maven2/ant/ant-launcher/1.6.1/
18:46:15.249 [pool-1-thread-5] TRACE f.m.indexer.core.download.Crawler - getLinks: <!DOCTYPE html>
<html>

<head>
	<title>Central Repository: ant/ant-junit/1.6.1</title>
	<meta name="viewport" content="width=device-width, initial-scale=1.0">
	<style>
body {
	background: #fff;
}
	</style>
</head>

<body>
	<header>
		<h1>ant/ant-junit/1.6.1</h1>
	</header>
	<hr/>
	<main>
		<pre id="contents">
<a href="../">../</a>
<a href="ant-junit-1.6.1.jar" title="ant-junit-1.6.1.jar">ant-junit-1.6.1.jar</a>                               2005-09-20 05:44     67280      
<a href="ant-junit-1.6.1.jar.md5" title="ant-junit-1.6.1.jar.md5">ant-junit-1.6.1.jar.md5</a>                           2005-09-20 05:44        32      
<a href="ant-junit-1.6.1.jar.sha1" title="ant-junit-1.6.1.jar.sha1">ant-junit-1.6.1.jar.sha1</a>                          2005-09-20 05:44        40      
<a href="ant-junit-1.6.1.pom" title="ant-junit-1.6.1.pom">ant-junit-1.6.1.pom</a>                               2005-09-20 05:44       146      
<a href="ant-junit-1.6.1.pom.md5" title="ant-junit-1.6.1.pom.md5">ant-junit-1.6.1.pom.md5</a>                           2005-09-20 05:44        32      
<a href="ant-junit-1.6.1.pom.sha1" title="ant-junit-1.6.1.pom.sha1">ant-junit-1.6.1.pom.sha1</a>                          2005-09-20 05:44        40      
<a href="maven-metadata.xml" title="maven-metadata.xml">maven-metadata.xml</a>                                2005-09-20 05:44       111      
<a href="maven-metadata.xml.md5" title="maven-metadata.xml.md5">maven-metadata.xml.md5</a>                            2005-09-20 05:44        75      
<a href="maven-metadata.xml.sha1" title="maven-metadata.xml.sha1">maven-metadata.xml.sha1</a>                           2005-09-20 05:44       130      
		</pre>
	</main>
	<hr/>
</body>

</html>
18:46:15.249 [pool-1-thread-5] TRACE f.m.indexer.core.download.Crawler - getFullUrl: http://central.maven.org/maven2/ant/ant-junit/1.6.1/, ../)
18:46:15.249 [pool-1-thread-5] TRACE f.m.indexer.core.download.Crawler - getFullUrl: http://central.maven.org/maven2/ant/ant-junit/1.6.1/, ant-junit-1.6.1.jar)
18:46:15.249 [pool-1-thread-5] TRACE f.m.indexer.core.download.Crawler - getFullUrl: http://central.maven.org/maven2/ant/ant-junit/1.6.1/, ant-junit-1.6.1.jar.md5)
18:46:15.249 [pool-1-thread-5] TRACE f.m.indexer.core.download.Crawler - getFullUrl: http://central.maven.org/maven2/ant/ant-junit/1.6.1/, ant-junit-1.6.1.jar.sha1)
18:46:15.249 [pool-1-thread-5] TRACE f.m.indexer.core.download.Crawler - getFullUrl: http://central.maven.org/maven2/ant/ant-junit/1.6.1/, ant-junit-1.6.1.pom)
18:46:15.249 [pool-1-thread-5] TRACE f.m.indexer.core.download.Crawler - getFullUrl: http://central.maven.org/maven2/ant/ant-junit/1.6.1/, ant-junit-1.6.1.pom.md5)
18:46:15.249 [pool-1-thread-5] TRACE f.m.indexer.core.download.Crawler - getFullUrl: http://central.maven.org/maven2/ant/ant-junit/1.6.1/, ant-junit-1.6.1.pom.sha1)
18:46:15.249 [pool-1-thread-5] TRACE f.m.indexer.core.download.Crawler - getFullUrl: http://central.maven.org/maven2/ant/ant-junit/1.6.1/, maven-metadata.xml)
18:46:15.249 [pool-1-thread-5] TRACE f.m.indexer.core.download.Crawler - getFullUrl: http://central.maven.org/maven2/ant/ant-junit/1.6.1/, maven-metadata.xml.md5)
18:46:15.249 [pool-1-thread-5] TRACE f.m.indexer.core.download.Crawler - getFullUrl: http://central.maven.org/maven2/ant/ant-junit/1.6.1/, maven-metadata.xml.sha1)
18:46:15.249 [pool-1-thread-5] TRACE f.m.indexer.core.download.Crawler - doNext: http://central.maven.org/maven2/ant/ant-junit/1.6.1/../
18:46:15.249 [pool-1-thread-5] TRACE f.m.indexer.core.download.Crawler - doNext: http://central.maven.org/maven2/ant/ant-junit/1.6.1/ant-junit-1.6.1.jar
18:46:15.249 [pool-1-thread-5] TRACE f.m.indexer.core.download.Crawler - doNext: http://central.maven.org/maven2/ant/ant-junit/1.6.1/ant-junit-1.6.1.jar.md5
18:46:15.249 [pool-1-thread-5] TRACE f.m.indexer.core.download.Crawler - doNext: http://central.maven.org/maven2/ant/ant-junit/1.6.1/ant-junit-1.6.1.jar.sha1
18:46:15.249 [pool-1-thread-5] TRACE f.m.indexer.core.download.Crawler - doNext: http://central.maven.org/maven2/ant/ant-junit/1.6.1/ant-junit-1.6.1.pom
18:46:15.249 [pool-1-thread-5] TRACE f.m.indexer.core.download.Crawler - doNext: http://central.maven.org/maven2/ant/ant-junit/1.6.1/ant-junit-1.6.1.pom.md5
18:46:15.249 [pool-1-thread-5] TRACE f.m.indexer.core.download.Crawler - doNext: http://central.maven.org/maven2/ant/ant-junit/1.6.1/ant-junit-1.6.1.pom.sha1
18:46:15.249 [pool-1-thread-5] TRACE f.m.indexer.core.download.Crawler - doNext: http://central.maven.org/maven2/ant/ant-junit/1.6.1/maven-metadata.xml
18:46:15.249 [pool-1-thread-5] TRACE f.m.indexer.core.download.Crawler - match: http://central.maven.org/maven2/ant/ant-junit/1.6.1/maven-metadata.xml
18:46:15.249 [pool-1-thread-5] TRACE f.m.indexer.core.download.Crawler - doNext: http://central.maven.org/maven2/ant/ant-junit/1.6.1/maven-metadata.xml.md5
18:46:15.250 [pool-1-thread-5] TRACE f.m.indexer.core.download.Crawler - doNext: http://central.maven.org/maven2/ant/ant-junit/1.6.1/maven-metadata.xml.sha1
18:46:15.250 [pool-1-thread-5] TRACE f.m.i.core.client.JerseyHttpClient - download: http://central.maven.org/maven2/ant/ant-jmf/1.6.5/
18:46:15.275 [pool-1-thread-2] TRACE f.m.indexer.core.download.Crawler - getLinks: <!DOCTYPE html>
<html>

<head>
	<title>Central Repository: ant/ant-junit/1.6.4</title>
	<meta name="viewport" content="width=device-width, initial-scale=1.0">
	<style>
body {
	background: #fff;
}
	</style>
</head>

<body>
	<header>
		<h1>ant/ant-junit/1.6.4</h1>
	</header>
	<hr/>
	<main>
		<pre id="contents">
<a href="../">../</a>
<a href="ant-junit-1.6.4.jar" title="ant-junit-1.6.4.jar">ant-junit-1.6.4.jar</a>                               2005-09-20 05:44     74237      
<a href="ant-junit-1.6.4.jar.md5" title="ant-junit-1.6.4.jar.md5">ant-junit-1.6.4.jar.md5</a>                           2005-09-20 05:44        32      
<a href="ant-junit-1.6.4.jar.sha1" title="ant-junit-1.6.4.jar.sha1">ant-junit-1.6.4.jar.sha1</a>                          2005-09-20 05:44        40      
<a href="ant-junit-1.6.4.pom" title="ant-junit-1.6.4.pom">ant-junit-1.6.4.pom</a>                               2005-09-20 05:44       146      
<a href="ant-junit-1.6.4.pom.md5" title="ant-junit-1.6.4.pom.md5">ant-junit-1.6.4.pom.md5</a>                           2005-09-20 05:44        32      
<a href="ant-junit-1.6.4.pom.sha1" title="ant-junit-1.6.4.pom.sha1">ant-junit-1.6.4.pom.sha1</a>                          2005-09-20 05:44        40      
<a href="maven-metadata.xml" title="maven-metadata.xml">maven-metadata.xml</a>                                2005-09-20 05:44       111      
<a href="maven-metadata.xml.md5" title="maven-metadata.xml.md5">maven-metadata.xml.md5</a>                            2005-09-20 05:44        75      
<a href="maven-metadata.xml.sha1" title="maven-metadata.xml.sha1">maven-metadata.xml.sha1</a>                           2005-09-20 05:44       130      
		</pre>
	</main>
	<hr/>
</body>

</html>
18:46:15.275 [pool-1-thread-2] TRACE f.m.indexer.core.download.Crawler - getFullUrl: http://central.maven.org/maven2/ant/ant-junit/1.6.4/, ../)
18:46:15.275 [pool-1-thread-2] TRACE f.m.indexer.core.download.Crawler - getFullUrl: http://central.maven.org/maven2/ant/ant-junit/1.6.4/, ant-junit-1.6.4.jar)
18:46:15.275 [pool-1-thread-2] TRACE f.m.indexer.core.download.Crawler - getFullUrl: http://central.maven.org/maven2/ant/ant-junit/1.6.4/, ant-junit-1.6.4.jar.md5)
18:46:15.275 [pool-1-thread-2] TRACE f.m.indexer.core.download.Crawler - getFullUrl: http://central.maven.org/maven2/ant/ant-junit/1.6.4/, ant-junit-1.6.4.jar.sha1)
18:46:15.275 [pool-1-thread-2] TRACE f.m.indexer.core.download.Crawler - getFullUrl: http://central.maven.org/maven2/ant/ant-junit/1.6.4/, ant-junit-1.6.4.pom)
18:46:15.275 [pool-1-thread-2] TRACE f.m.indexer.core.download.Crawler - getFullUrl: http://central.maven.org/maven2/ant/ant-junit/1.6.4/, ant-junit-1.6.4.pom.md5)
18:46:15.275 [pool-1-thread-2] TRACE f.m.indexer.core.download.Crawler - getFullUrl: http://central.maven.org/maven2/ant/ant-junit/1.6.4/, ant-junit-1.6.4.pom.sha1)
18:46:15.275 [pool-1-thread-2] TRACE f.m.indexer.core.download.Crawler - getFullUrl: http://central.maven.org/maven2/ant/ant-junit/1.6.4/, maven-metadata.xml)
18:46:15.275 [pool-1-thread-2] TRACE f.m.indexer.core.download.Crawler - getFullUrl: http://central.maven.org/maven2/ant/ant-junit/1.6.4/, maven-metadata.xml.md5)
18:46:15.275 [pool-1-thread-2] TRACE f.m.indexer.core.download.Crawler - getFullUrl: http://central.maven.org/maven2/ant/ant-junit/1.6.4/, maven-metadata.xml.sha1)
18:46:15.275 [pool-1-thread-2] TRACE f.m.indexer.core.download.Crawler - doNext: http://central.maven.org/maven2/ant/ant-junit/1.6.4/../
18:46:15.275 [pool-1-thread-2] TRACE f.m.indexer.core.download.Crawler - doNext: http://central.maven.org/maven2/ant/ant-junit/1.6.4/ant-junit-1.6.4.jar
18:46:15.275 [pool-1-thread-2] TRACE f.m.indexer.core.download.Crawler - doNext: http://central.maven.org/maven2/ant/ant-junit/1.6.4/ant-junit-1.6.4.jar.md5
18:46:15.275 [pool-1-thread-2] TRACE f.m.indexer.core.download.Crawler - doNext: http://central.maven.org/maven2/ant/ant-junit/1.6.4/ant-junit-1.6.4.jar.sha1
18:46:15.275 [pool-1-thread-2] TRACE f.m.indexer.core.download.Crawler - doNext: http://central.maven.org/maven2/ant/ant-junit/1.6.4/ant-junit-1.6.4.pom
18:46:15.275 [pool-1-thread-2] TRACE f.m.indexer.core.download.Crawler - doNext: http://central.maven.org/maven2/ant/ant-junit/1.6.4/ant-junit-1.6.4.pom.md5
18:46:15.275 [pool-1-thread-2] TRACE f.m.indexer.core.download.Crawler - doNext: http://central.maven.org/maven2/ant/ant-junit/1.6.4/ant-junit-1.6.4.pom.sha1
18:46:15.275 [pool-1-thread-2] TRACE f.m.indexer.core.download.Crawler - doNext: http://central.maven.org/maven2/ant/ant-junit/1.6.4/maven-metadata.xml
18:46:15.275 [pool-1-thread-2] TRACE f.m.indexer.core.download.Crawler - match: http://central.maven.org/maven2/ant/ant-junit/1.6.4/maven-metadata.xml
18:46:15.275 [pool-1-thread-2] TRACE f.m.indexer.core.download.Crawler - doNext: http://central.maven.org/maven2/ant/ant-junit/1.6.4/maven-metadata.xml.md5
18:46:15.275 [pool-1-thread-2] TRACE f.m.indexer.core.download.Crawler - doNext: http://central.maven.org/maven2/ant/ant-junit/1.6.4/maven-metadata.xml.sha1
18:46:15.275 [pool-1-thread-2] TRACE f.m.i.core.client.JerseyHttpClient - download: http://central.maven.org/maven2/ant/ant-launcher/1.6.2/
18:46:15.275 [pool-1-thread-8] TRACE f.m.indexer.core.download.Crawler - getLinks: <!DOCTYPE html>
<html>

<head>
	<title>Central Repository: ant/ant-junit/1.6.3</title>
	<meta name="viewport" content="width=device-width, initial-scale=1.0">
	<style>
body {
	background: #fff;
}
	</style>
</head>

<body>
	<header>
		<h1>ant/ant-junit/1.6.3</h1>
	</header>
	<hr/>
	<main>
		<pre id="contents">
<a href="../">../</a>
<a href="ant-junit-1.6.3.jar" title="ant-junit-1.6.3.jar">ant-junit-1.6.3.jar</a>                               2005-09-20 05:44     74237      
<a href="ant-junit-1.6.3.jar.md5" title="ant-junit-1.6.3.jar.md5">ant-junit-1.6.3.jar.md5</a>                           2005-09-20 05:44        32      
<a href="ant-junit-1.6.3.jar.sha1" title="ant-junit-1.6.3.jar.sha1">ant-junit-1.6.3.jar.sha1</a>                          2005-09-20 05:44        40      
<a href="ant-junit-1.6.3.pom" title="ant-junit-1.6.3.pom">ant-junit-1.6.3.pom</a>                               2005-09-20 05:44       146      
<a href="ant-junit-1.6.3.pom.md5" title="ant-junit-1.6.3.pom.md5">ant-junit-1.6.3.pom.md5</a>                           2005-09-20 05:44        32      
<a href="ant-junit-1.6.3.pom.sha1" title="ant-junit-1.6.3.pom.sha1">ant-junit-1.6.3.pom.sha1</a>                          2005-09-20 05:44        40      
<a href="maven-metadata.xml" title="maven-metadata.xml">maven-metadata.xml</a>                                2005-09-20 05:44       111      
<a href="maven-metadata.xml.md5" title="maven-metadata.xml.md5">maven-metadata.xml.md5</a>                            2005-09-20 05:44        75      
<a href="maven-metadata.xml.sha1" title="maven-metadata.xml.sha1">maven-metadata.xml.sha1</a>                           2005-09-20 05:44       130      
		</pre>
	</main>
	<hr/>
</body>

</html>
18:46:15.275 [pool-1-thread-8] TRACE f.m.indexer.core.download.Crawler - getFullUrl: http://central.maven.org/maven2/ant/ant-junit/1.6.3/, ../)
18:46:15.275 [pool-1-thread-8] TRACE f.m.indexer.core.download.Crawler - getFullUrl: http://central.maven.org/maven2/ant/ant-junit/1.6.3/, ant-junit-1.6.3.jar)
18:46:15.275 [pool-1-thread-8] TRACE f.m.indexer.core.download.Crawler - getFullUrl: http://central.maven.org/maven2/ant/ant-junit/1.6.3/, ant-junit-1.6.3.jar.md5)
18:46:15.275 [pool-1-thread-8] TRACE f.m.indexer.core.download.Crawler - getFullUrl: http://central.maven.org/maven2/ant/ant-junit/1.6.3/, ant-junit-1.6.3.jar.sha1)
18:46:15.275 [pool-1-thread-8] TRACE f.m.indexer.core.download.Crawler - getFullUrl: http://central.maven.org/maven2/ant/ant-junit/1.6.3/, ant-junit-1.6.3.pom)
18:46:15.275 [pool-1-thread-8] TRACE f.m.indexer.core.download.Crawler - getFullUrl: http://central.maven.org/maven2/ant/ant-junit/1.6.3/, ant-junit-1.6.3.pom.md5)
18:46:15.275 [pool-1-thread-8] TRACE f.m.indexer.core.download.Crawler - getFullUrl: http://central.maven.org/maven2/ant/ant-junit/1.6.3/, ant-junit-1.6.3.pom.sha1)
18:46:15.275 [pool-1-thread-8] TRACE f.m.indexer.core.download.Crawler - getFullUrl: http://central.maven.org/maven2/ant/ant-junit/1.6.3/, maven-metadata.xml)
18:46:15.275 [pool-1-thread-8] TRACE f.m.indexer.core.download.Crawler - getFullUrl: http://central.maven.org/maven2/ant/ant-junit/1.6.3/, maven-metadata.xml.md5)
18:46:15.275 [pool-1-thread-8] TRACE f.m.indexer.core.download.Crawler - getFullUrl: http://central.maven.org/maven2/ant/ant-junit/1.6.3/, maven-metadata.xml.sha1)
18:46:15.275 [pool-1-thread-8] TRACE f.m.indexer.core.download.Crawler - doNext: http://central.maven.org/maven2/ant/ant-junit/1.6.3/../
18:46:15.275 [pool-1-thread-8] TRACE f.m.indexer.core.download.Crawler - doNext: http://central.maven.org/maven2/ant/ant-junit/1.6.3/ant-junit-1.6.3.jar
18:46:15.275 [pool-1-thread-8] TRACE f.m.indexer.core.download.Crawler - doNext: http://central.maven.org/maven2/ant/ant-junit/1.6.3/ant-junit-1.6.3.jar.md5
18:46:15.275 [pool-1-thread-8] TRACE f.m.indexer.core.download.Crawler - doNext: http://central.maven.org/maven2/ant/ant-junit/1.6.3/ant-junit-1.6.3.jar.sha1
18:46:15.275 [pool-1-thread-8] TRACE f.m.indexer.core.download.Crawler - doNext: http://central.maven.org/maven2/ant/ant-junit/1.6.3/ant-junit-1.6.3.pom
18:46:15.275 [pool-1-thread-8] TRACE f.m.indexer.core.download.Crawler - doNext: http://central.maven.org/maven2/ant/ant-junit/1.6.3/ant-junit-1.6.3.pom.md5
18:46:15.275 [pool-1-thread-8] TRACE f.m.indexer.core.download.Crawler - doNext: http://central.maven.org/maven2/ant/ant-junit/1.6.3/ant-junit-1.6.3.pom.sha1
18:46:15.275 [pool-1-thread-8] TRACE f.m.indexer.core.download.Crawler - doNext: http://central.maven.org/maven2/ant/ant-junit/1.6.3/maven-metadata.xml
18:46:15.275 [pool-1-thread-8] TRACE f.m.indexer.core.download.Crawler - match: http://central.maven.org/maven2/ant/ant-junit/1.6.3/maven-metadata.xml
18:46:15.275 [pool-1-thread-8] TRACE f.m.indexer.core.download.Crawler - doNext: http://central.maven.org/maven2/ant/ant-junit/1.6.3/maven-metadata.xml.md5
18:46:15.275 [pool-1-thread-8] TRACE f.m.indexer.core.download.Crawler - doNext: http://central.maven.org/maven2/ant/ant-junit/1.6.3/maven-metadata.xml.sha1
18:46:15.291 [pool-1-thread-8] TRACE f.m.i.core.client.JerseyHttpClient - download: http://central.maven.org/maven2/ant/ant-jmf/maven-metadata.xml
18:46:15.291 [pool-1-thread-3] TRACE f.m.indexer.artifact.MetadataHandler - match: http://central.maven.org/maven2/ant/ant-junit/maven-metadata.xml
18:46:15.291 [pool-1-thread-3] TRACE f.m.i.core.client.JerseyHttpClient - download: http://central.maven.org/maven2/ant/ant-launcher/1.6.3/
18:46:15.291 [pool-1-thread-6] TRACE f.m.indexer.artifact.MetadataHandler - match: http://central.maven.org/maven2/ant/ant-netrexx/maven-metadata.xml
18:46:15.291 [pool-1-thread-6] TRACE f.m.i.core.client.JerseyHttpClient - download: http://central.maven.org/maven2/ant/ant-launcher/1.6.4/
18:46:15.306 [pool-1-thread-9] TRACE f.m.indexer.core.download.Crawler - getLinks: <!DOCTYPE html>
<html>

<head>
	<title>Central Repository: ant/ant-junit/1.6.5</title>
	<meta name="viewport" content="width=device-width, initial-scale=1.0">
	<style>
body {
	background: #fff;
}
	</style>
</head>

<body>
	<header>
		<h1>ant/ant-junit/1.6.5</h1>
	</header>
	<hr/>
	<main>
		<pre id="contents">
<a href="../">../</a>
<a href="ant-junit-1.6.5.jar" title="ant-junit-1.6.5.jar">ant-junit-1.6.5.jar</a>                               2005-09-20 05:44     74237      
<a href="ant-junit-1.6.5.jar.md5" title="ant-junit-1.6.5.jar.md5">ant-junit-1.6.5.jar.md5</a>                           2005-09-20 05:44        32      
<a href="ant-junit-1.6.5.jar.sha1" title="ant-junit-1.6.5.jar.sha1">ant-junit-1.6.5.jar.sha1</a>                          2005-09-20 05:44        40      
<a href="ant-junit-1.6.5.pom" title="ant-junit-1.6.5.pom">ant-junit-1.6.5.pom</a>                               2005-09-20 05:44       146      
<a href="ant-junit-1.6.5.pom.md5" title="ant-junit-1.6.5.pom.md5">ant-junit-1.6.5.pom.md5</a>                           2005-09-20 05:44        32      
<a href="ant-junit-1.6.5.pom.sha1" title="ant-junit-1.6.5.pom.sha1">ant-junit-1.6.5.pom.sha1</a>                          2005-09-20 05:44        40      
<a href="maven-metadata.xml" title="maven-metadata.xml">maven-metadata.xml</a>                                2005-09-20 05:44       111      
<a href="maven-metadata.xml.md5" title="maven-metadata.xml.md5">maven-metadata.xml.md5</a>                            2005-09-20 05:44        75      
<a href="maven-metadata.xml.sha1" title="maven-metadata.xml.sha1">maven-metadata.xml.sha1</a>                           2005-09-20 05:44       130      
		</pre>
	</main>
	<hr/>
</body>

</html>
18:46:15.306 [pool-1-thread-9] TRACE f.m.indexer.core.download.Crawler - getFullUrl: http://central.maven.org/maven2/ant/ant-junit/1.6.5/, ../)
18:46:15.306 [pool-1-thread-9] TRACE f.m.indexer.core.download.Crawler - getFullUrl: http://central.maven.org/maven2/ant/ant-junit/1.6.5/, ant-junit-1.6.5.jar)
18:46:15.306 [pool-1-thread-9] TRACE f.m.indexer.core.download.Crawler - getFullUrl: http://central.maven.org/maven2/ant/ant-junit/1.6.5/, ant-junit-1.6.5.jar.md5)
18:46:15.306 [pool-1-thread-9] TRACE f.m.indexer.core.download.Crawler - getFullUrl: http://central.maven.org/maven2/ant/ant-junit/1.6.5/, ant-junit-1.6.5.jar.sha1)
18:46:15.306 [pool-1-thread-9] TRACE f.m.indexer.core.download.Crawler - getFullUrl: http://central.maven.org/maven2/ant/ant-junit/1.6.5/, ant-junit-1.6.5.pom)
18:46:15.306 [pool-1-thread-9] TRACE f.m.indexer.core.download.Crawler - getFullUrl: http://central.maven.org/maven2/ant/ant-junit/1.6.5/, ant-junit-1.6.5.pom.md5)
18:46:15.306 [pool-1-thread-9] TRACE f.m.indexer.core.download.Crawler - getFullUrl: http://central.maven.org/maven2/ant/ant-junit/1.6.5/, ant-junit-1.6.5.pom.sha1)
18:46:15.306 [pool-1-thread-9] TRACE f.m.indexer.core.download.Crawler - getFullUrl: http://central.maven.org/maven2/ant/ant-junit/1.6.5/, maven-metadata.xml)
18:46:15.306 [pool-1-thread-9] TRACE f.m.indexer.core.download.Crawler - getFullUrl: http://central.maven.org/maven2/ant/ant-junit/1.6.5/, maven-metadata.xml.md5)
18:46:15.306 [pool-1-thread-9] TRACE f.m.indexer.core.download.Crawler - getFullUrl: http://central.maven.org/maven2/ant/ant-junit/1.6.5/, maven-metadata.xml.sha1)
18:46:15.306 [pool-1-thread-9] TRACE f.m.indexer.core.download.Crawler - doNext: http://central.maven.org/maven2/ant/ant-junit/1.6.5/../
18:46:15.306 [pool-1-thread-9] TRACE f.m.indexer.core.download.Crawler - doNext: http://central.maven.org/maven2/ant/ant-junit/1.6.5/ant-junit-1.6.5.jar
18:46:15.306 [pool-1-thread-9] TRACE f.m.indexer.core.download.Crawler - doNext: http://central.maven.org/maven2/ant/ant-junit/1.6.5/ant-junit-1.6.5.jar.md5
18:46:15.306 [pool-1-thread-9] TRACE f.m.indexer.core.download.Crawler - doNext: http://central.maven.org/maven2/ant/ant-junit/1.6.5/ant-junit-1.6.5.jar.sha1
18:46:15.306 [pool-1-thread-9] TRACE f.m.indexer.core.download.Crawler - doNext: http://central.maven.org/maven2/ant/ant-junit/1.6.5/ant-junit-1.6.5.pom
18:46:15.306 [pool-1-thread-9] TRACE f.m.indexer.core.download.Crawler - doNext: http://central.maven.org/maven2/ant/ant-junit/1.6.5/ant-junit-1.6.5.pom.md5
18:46:15.306 [pool-1-thread-9] TRACE f.m.indexer.core.download.Crawler - doNext: http://central.maven.org/maven2/ant/ant-junit/1.6.5/ant-junit-1.6.5.pom.sha1
18:46:15.306 [pool-1-thread-9] TRACE f.m.indexer.core.download.Crawler - doNext: http://central.maven.org/maven2/ant/ant-junit/1.6.5/maven-metadata.xml
18:46:15.306 [pool-1-thread-9] TRACE f.m.indexer.core.download.Crawler - match: http://central.maven.org/maven2/ant/ant-junit/1.6.5/maven-metadata.xml
18:46:15.306 [pool-1-thread-9] TRACE f.m.indexer.core.download.Crawler - doNext: http://central.maven.org/maven2/ant/ant-junit/1.6.5/maven-metadata.xml.md5
18:46:15.306 [pool-1-thread-9] TRACE f.m.indexer.core.download.Crawler - doNext: http://central.maven.org/maven2/ant/ant-junit/1.6.5/maven-metadata.xml.sha1
18:46:15.306 [pool-1-thread-9] TRACE f.m.i.core.client.JerseyHttpClient - download: http://central.maven.org/maven2/ant/ant-launcher/1.6.5/
18:46:15.306 [pool-1-thread-1] TRACE f.m.indexer.core.download.Crawler - getLinks: <!DOCTYPE html>
<html>

<head>
	<title>Central Repository: ant/ant-jmf/1.6.3</title>
	<meta name="viewport" content="width=device-width, initial-scale=1.0">
	<style>
body {
	background: #fff;
}
	</style>
</head>

<body>
	<header>
		<h1>ant/ant-jmf/1.6.3</h1>
	</header>
	<hr/>
	<main>
		<pre id="contents">
<a href="../">../</a>
<a href="ant-jmf-1.6.3.jar" title="ant-jmf-1.6.3.jar">ant-jmf-1.6.3.jar</a>                                 2005-09-20 05:44      6605      
<a href="ant-jmf-1.6.3.jar.md5" title="ant-jmf-1.6.3.jar.md5">ant-jmf-1.6.3.jar.md5</a>                             2005-09-20 05:44        32      
<a href="ant-jmf-1.6.3.jar.sha1" title="ant-jmf-1.6.3.jar.sha1">ant-jmf-1.6.3.jar.sha1</a>                            2005-09-20 05:44        40      
<a href="ant-jmf-1.6.3.pom" title="ant-jmf-1.6.3.pom">ant-jmf-1.6.3.pom</a>                                 2005-09-20 05:44       144      
<a href="ant-jmf-1.6.3.pom.md5" title="ant-jmf-1.6.3.pom.md5">ant-jmf-1.6.3.pom.md5</a>                             2005-09-20 05:44        32      
<a href="ant-jmf-1.6.3.pom.sha1" title="ant-jmf-1.6.3.pom.sha1">ant-jmf-1.6.3.pom.sha1</a>                            2005-09-20 05:44        40      
<a href="maven-metadata.xml" title="maven-metadata.xml">maven-metadata.xml</a>                                2005-09-20 05:44       109      
<a href="maven-metadata.xml.md5" title="maven-metadata.xml.md5">maven-metadata.xml.md5</a>                            2005-09-20 05:44        73      
<a href="maven-metadata.xml.sha1" title="maven-metadata.xml.sha1">maven-metadata.xml.sha1</a>                           2005-09-20 05:44       128      
		</pre>
	</main>
	<hr/>
</body>

</html>
18:46:15.306 [pool-1-thread-1] TRACE f.m.indexer.core.download.Crawler - getFullUrl: http://central.maven.org/maven2/ant/ant-jmf/1.6.3/, ../)
18:46:15.306 [pool-1-thread-1] TRACE f.m.indexer.core.download.Crawler - getFullUrl: http://central.maven.org/maven2/ant/ant-jmf/1.6.3/, ant-jmf-1.6.3.jar)
18:46:15.306 [pool-1-thread-1] TRACE f.m.indexer.core.download.Crawler - getFullUrl: http://central.maven.org/maven2/ant/ant-jmf/1.6.3/, ant-jmf-1.6.3.jar.md5)
18:46:15.306 [pool-1-thread-1] TRACE f.m.indexer.core.download.Crawler - getFullUrl: http://central.maven.org/maven2/ant/ant-jmf/1.6.3/, ant-jmf-1.6.3.jar.sha1)
18:46:15.306 [pool-1-thread-1] TRACE f.m.indexer.core.download.Crawler - getFullUrl: http://central.maven.org/maven2/ant/ant-jmf/1.6.3/, ant-jmf-1.6.3.pom)
18:46:15.306 [pool-1-thread-1] TRACE f.m.indexer.core.download.Crawler - getFullUrl: http://central.maven.org/maven2/ant/ant-jmf/1.6.3/, ant-jmf-1.6.3.pom.md5)
18:46:15.306 [pool-1-thread-1] TRACE f.m.indexer.core.download.Crawler - getFullUrl: http://central.maven.org/maven2/ant/ant-jmf/1.6.3/, ant-jmf-1.6.3.pom.sha1)
18:46:15.306 [pool-1-thread-1] TRACE f.m.indexer.core.download.Crawler - getFullUrl: http://central.maven.org/maven2/ant/ant-jmf/1.6.3/, maven-metadata.xml)
18:46:15.306 [pool-1-thread-1] TRACE f.m.indexer.core.download.Crawler - getFullUrl: http://central.maven.org/maven2/ant/ant-jmf/1.6.3/, maven-metadata.xml.md5)
18:46:15.306 [pool-1-thread-1] TRACE f.m.indexer.core.download.Crawler - getFullUrl: http://central.maven.org/maven2/ant/ant-jmf/1.6.3/, maven-metadata.xml.sha1)
18:46:15.306 [pool-1-thread-1] TRACE f.m.indexer.core.download.Crawler - doNext: http://central.maven.org/maven2/ant/ant-jmf/1.6.3/../
18:46:15.306 [pool-1-thread-1] TRACE f.m.indexer.core.download.Crawler - doNext: http://central.maven.org/maven2/ant/ant-jmf/1.6.3/ant-jmf-1.6.3.jar
18:46:15.306 [pool-1-thread-1] TRACE f.m.indexer.core.download.Crawler - doNext: http://central.maven.org/maven2/ant/ant-jmf/1.6.3/ant-jmf-1.6.3.jar.md5
18:46:15.306 [pool-1-thread-1] TRACE f.m.indexer.core.download.Crawler - doNext: http://central.maven.org/maven2/ant/ant-jmf/1.6.3/ant-jmf-1.6.3.jar.sha1
18:46:15.306 [pool-1-thread-1] TRACE f.m.indexer.core.download.Crawler - doNext: http://central.maven.org/maven2/ant/ant-jmf/1.6.3/ant-jmf-1.6.3.pom
18:46:15.306 [pool-1-thread-1] TRACE f.m.indexer.core.download.Crawler - doNext: http://central.maven.org/maven2/ant/ant-jmf/1.6.3/ant-jmf-1.6.3.pom.md5
18:46:15.306 [pool-1-thread-1] TRACE f.m.indexer.core.download.Crawler - doNext: http://central.maven.org/maven2/ant/ant-jmf/1.6.3/ant-jmf-1.6.3.pom.sha1
18:46:15.306 [pool-1-thread-1] TRACE f.m.indexer.core.download.Crawler - doNext: http://central.maven.org/maven2/ant/ant-jmf/1.6.3/maven-metadata.xml
18:46:15.306 [pool-1-thread-1] TRACE f.m.indexer.core.download.Crawler - match: http://central.maven.org/maven2/ant/ant-jmf/1.6.3/maven-metadata.xml
18:46:15.306 [pool-1-thread-1] TRACE f.m.indexer.core.download.Crawler - doNext: http://central.maven.org/maven2/ant/ant-jmf/1.6.3/maven-metadata.xml.md5
18:46:15.306 [pool-1-thread-1] TRACE f.m.indexer.core.download.Crawler - doNext: http://central.maven.org/maven2/ant/ant-jmf/1.6.3/maven-metadata.xml.sha1
18:46:15.306 [pool-1-thread-1] TRACE f.m.i.core.client.JerseyHttpClient - download: http://central.maven.org/maven2/ant/ant-launcher/maven-metadata.xml
18:46:15.306 [pool-1-thread-4] TRACE f.m.indexer.core.download.Crawler - getLinks: <!DOCTYPE html>
<html>

<head>
	<title>Central Repository: ant/ant-launcher/1.6</title>
	<meta name="viewport" content="width=device-width, initial-scale=1.0">
	<style>
body {
	background: #fff;
}
	</style>
</head>

<body>
	<header>
		<h1>ant/ant-launcher/1.6</h1>
	</header>
	<hr/>
	<main>
		<pre id="contents">
<a href="../">../</a>
<a href="ant-launcher-1.6.jar" title="ant-launcher-1.6.jar">ant-launcher-1.6.jar</a>                              2005-09-20 05:44      8199      
<a href="ant-launcher-1.6.jar.md5" title="ant-launcher-1.6.jar.md5">ant-launcher-1.6.jar.md5</a>                          2005-09-20 05:44        32      
<a href="ant-launcher-1.6.jar.sha1" title="ant-launcher-1.6.jar.sha1">ant-launcher-1.6.jar.sha1</a>                         2005-09-20 05:44        40      
<a href="ant-launcher-1.6.pom" title="ant-launcher-1.6.pom">ant-launcher-1.6.pom</a>                              2005-09-20 05:44       200      
<a href="ant-launcher-1.6.pom.md5" title="ant-launcher-1.6.pom.md5">ant-launcher-1.6.pom.md5</a>                          2005-09-20 05:44       134      
<a href="ant-launcher-1.6.pom.sha1" title="ant-launcher-1.6.pom.sha1">ant-launcher-1.6.pom.sha1</a>                         2005-09-20 05:44       142      
<a href="maven-metadata.xml" title="maven-metadata.xml">maven-metadata.xml</a>                                2005-09-20 05:44       112      
<a href="maven-metadata.xml.md5" title="maven-metadata.xml.md5">maven-metadata.xml.md5</a>                            2005-09-20 05:44        76      
<a href="maven-metadata.xml.sha1" title="maven-metadata.xml.sha1">maven-metadata.xml.sha1</a>                           2005-09-20 05:44       131      
		</pre>
	</main>
	<hr/>
</body>

</html>
18:46:15.306 [pool-1-thread-4] TRACE f.m.indexer.core.download.Crawler - getFullUrl: http://central.maven.org/maven2/ant/ant-launcher/1.6/, ../)
18:46:15.306 [pool-1-thread-4] TRACE f.m.indexer.core.download.Crawler - getFullUrl: http://central.maven.org/maven2/ant/ant-launcher/1.6/, ant-launcher-1.6.jar)
18:46:15.306 [pool-1-thread-4] TRACE f.m.indexer.core.download.Crawler - getFullUrl: http://central.maven.org/maven2/ant/ant-launcher/1.6/, ant-launcher-1.6.jar.md5)
18:46:15.306 [pool-1-thread-4] TRACE f.m.indexer.core.download.Crawler - getFullUrl: http://central.maven.org/maven2/ant/ant-launcher/1.6/, ant-launcher-1.6.jar.sha1)
18:46:15.306 [pool-1-thread-4] TRACE f.m.indexer.core.download.Crawler - getFullUrl: http://central.maven.org/maven2/ant/ant-launcher/1.6/, ant-launcher-1.6.pom)
18:46:15.306 [pool-1-thread-4] TRACE f.m.indexer.core.download.Crawler - getFullUrl: http://central.maven.org/maven2/ant/ant-launcher/1.6/, ant-launcher-1.6.pom.md5)
18:46:15.306 [pool-1-thread-4] TRACE f.m.indexer.core.download.Crawler - getFullUrl: http://central.maven.org/maven2/ant/ant-launcher/1.6/, ant-launcher-1.6.pom.sha1)
18:46:15.306 [pool-1-thread-4] TRACE f.m.indexer.core.download.Crawler - getFullUrl: http://central.maven.org/maven2/ant/ant-launcher/1.6/, maven-metadata.xml)
18:46:15.306 [pool-1-thread-4] TRACE f.m.indexer.core.download.Crawler - getFullUrl: http://central.maven.org/maven2/ant/ant-launcher/1.6/, maven-metadata.xml.md5)
18:46:15.306 [pool-1-thread-4] TRACE f.m.indexer.core.download.Crawler - getFullUrl: http://central.maven.org/maven2/ant/ant-launcher/1.6/, maven-metadata.xml.sha1)
18:46:15.306 [pool-1-thread-4] TRACE f.m.indexer.core.download.Crawler - doNext: http://central.maven.org/maven2/ant/ant-launcher/1.6/../
18:46:15.306 [pool-1-thread-4] TRACE f.m.indexer.core.download.Crawler - doNext: http://central.maven.org/maven2/ant/ant-launcher/1.6/ant-launcher-1.6.jar
18:46:15.306 [pool-1-thread-4] TRACE f.m.indexer.core.download.Crawler - doNext: http://central.maven.org/maven2/ant/ant-launcher/1.6/ant-launcher-1.6.jar.md5
18:46:15.306 [pool-1-thread-4] TRACE f.m.indexer.core.download.Crawler - doNext: http://central.maven.org/maven2/ant/ant-launcher/1.6/ant-launcher-1.6.jar.sha1
18:46:15.306 [pool-1-thread-4] TRACE f.m.indexer.core.download.Crawler - doNext: http://central.maven.org/maven2/ant/ant-launcher/1.6/ant-launcher-1.6.pom
18:46:15.306 [pool-1-thread-4] TRACE f.m.indexer.core.download.Crawler - doNext: http://central.maven.org/maven2/ant/ant-launcher/1.6/ant-launcher-1.6.pom.md5
18:46:15.306 [pool-1-thread-4] TRACE f.m.indexer.core.download.Crawler - doNext: http://central.maven.org/maven2/ant/ant-launcher/1.6/ant-launcher-1.6.pom.sha1
18:46:15.306 [pool-1-thread-4] TRACE f.m.indexer.core.download.Crawler - doNext: http://central.maven.org/maven2/ant/ant-launcher/1.6/maven-metadata.xml
18:46:15.306 [pool-1-thread-4] TRACE f.m.indexer.core.download.Crawler - match: http://central.maven.org/maven2/ant/ant-launcher/1.6/maven-metadata.xml
18:46:15.306 [pool-1-thread-4] TRACE f.m.indexer.core.download.Crawler - doNext: http://central.maven.org/maven2/ant/ant-launcher/1.6/maven-metadata.xml.md5
18:46:15.306 [pool-1-thread-4] TRACE f.m.indexer.core.download.Crawler - doNext: http://central.maven.org/maven2/ant/ant-launcher/1.6/maven-metadata.xml.sha1
18:46:15.306 [pool-1-thread-4] TRACE f.m.i.core.client.JerseyHttpClient - download: http://central.maven.org/maven2/ant/ant-nodeps/1.6/
18:46:15.306 [pool-1-thread-7] TRACE f.m.indexer.core.download.Crawler - getLinks: <!DOCTYPE html>
<html>

<head>
	<title>Central Repository: ant/ant-jmf/1.6.4</title>
	<meta name="viewport" content="width=device-width, initial-scale=1.0">
	<style>
body {
	background: #fff;
}
	</style>
</head>

<body>
	<header>
		<h1>ant/ant-jmf/1.6.4</h1>
	</header>
	<hr/>
	<main>
		<pre id="contents">
<a href="../">../</a>
<a href="ant-jmf-1.6.4.jar" title="ant-jmf-1.6.4.jar">ant-jmf-1.6.4.jar</a>                                 2005-09-20 05:44      6605      
<a href="ant-jmf-1.6.4.jar.md5" title="ant-jmf-1.6.4.jar.md5">ant-jmf-1.6.4.jar.md5</a>                             2005-09-20 05:44        32      
<a href="ant-jmf-1.6.4.jar.sha1" title="ant-jmf-1.6.4.jar.sha1">ant-jmf-1.6.4.jar.sha1</a>                            2005-09-20 05:44        40      
<a href="ant-jmf-1.6.4.pom" title="ant-jmf-1.6.4.pom">ant-jmf-1.6.4.pom</a>                                 2005-09-20 05:44       144      
<a href="ant-jmf-1.6.4.pom.md5" title="ant-jmf-1.6.4.pom.md5">ant-jmf-1.6.4.pom.md5</a>                             2005-09-20 05:44        32      
<a href="ant-jmf-1.6.4.pom.sha1" title="ant-jmf-1.6.4.pom.sha1">ant-jmf-1.6.4.pom.sha1</a>                            2005-09-20 05:44        40      
<a href="maven-metadata.xml" title="maven-metadata.xml">maven-metadata.xml</a>                                2005-09-20 05:44       109      
<a href="maven-metadata.xml.md5" title="maven-metadata.xml.md5">maven-metadata.xml.md5</a>                            2005-09-20 05:44        73      
<a href="maven-metadata.xml.sha1" title="maven-metadata.xml.sha1">maven-metadata.xml.sha1</a>                           2005-09-20 05:44       128      
		</pre>
	</main>
	<hr/>
</body>

</html>
18:46:15.306 [pool-1-thread-7] TRACE f.m.indexer.core.download.Crawler - getFullUrl: http://central.maven.org/maven2/ant/ant-jmf/1.6.4/, ../)
18:46:15.306 [pool-1-thread-7] TRACE f.m.indexer.core.download.Crawler - getFullUrl: http://central.maven.org/maven2/ant/ant-jmf/1.6.4/, ant-jmf-1.6.4.jar)
18:46:15.306 [pool-1-thread-7] TRACE f.m.indexer.core.download.Crawler - getFullUrl: http://central.maven.org/maven2/ant/ant-jmf/1.6.4/, ant-jmf-1.6.4.jar.md5)
18:46:15.306 [pool-1-thread-7] TRACE f.m.indexer.core.download.Crawler - getFullUrl: http://central.maven.org/maven2/ant/ant-jmf/1.6.4/, ant-jmf-1.6.4.jar.sha1)
18:46:15.306 [pool-1-thread-7] TRACE f.m.indexer.core.download.Crawler - getFullUrl: http://central.maven.org/maven2/ant/ant-jmf/1.6.4/, ant-jmf-1.6.4.pom)
18:46:15.306 [pool-1-thread-7] TRACE f.m.indexer.core.download.Crawler - getFullUrl: http://central.maven.org/maven2/ant/ant-jmf/1.6.4/, ant-jmf-1.6.4.pom.md5)
18:46:15.306 [pool-1-thread-7] TRACE f.m.indexer.core.download.Crawler - getFullUrl: http://central.maven.org/maven2/ant/ant-jmf/1.6.4/, ant-jmf-1.6.4.pom.sha1)
18:46:15.306 [pool-1-thread-7] TRACE f.m.indexer.core.download.Crawler - getFullUrl: http://central.maven.org/maven2/ant/ant-jmf/1.6.4/, maven-metadata.xml)
18:46:15.306 [pool-1-thread-7] TRACE f.m.indexer.core.download.Crawler - getFullUrl: http://central.maven.org/maven2/ant/ant-jmf/1.6.4/, maven-metadata.xml.md5)
18:46:15.306 [pool-1-thread-7] TRACE f.m.indexer.core.download.Crawler - getFullUrl: http://central.maven.org/maven2/ant/ant-jmf/1.6.4/, maven-metadata.xml.sha1)
18:46:15.306 [pool-1-thread-7] TRACE f.m.indexer.core.download.Crawler - doNext: http://central.maven.org/maven2/ant/ant-jmf/1.6.4/../
18:46:15.306 [pool-1-thread-7] TRACE f.m.indexer.core.download.Crawler - doNext: http://central.maven.org/maven2/ant/ant-jmf/1.6.4/ant-jmf-1.6.4.jar
18:46:15.306 [pool-1-thread-7] TRACE f.m.indexer.core.download.Crawler - doNext: http://central.maven.org/maven2/ant/ant-jmf/1.6.4/ant-jmf-1.6.4.jar.md5
18:46:15.306 [pool-1-thread-7] TRACE f.m.indexer.core.download.Crawler - doNext: http://central.maven.org/maven2/ant/ant-jmf/1.6.4/ant-jmf-1.6.4.jar.sha1
18:46:15.306 [pool-1-thread-7] TRACE f.m.indexer.core.download.Crawler - doNext: http://central.maven.org/maven2/ant/ant-jmf/1.6.4/ant-jmf-1.6.4.pom
18:46:15.306 [pool-1-thread-7] TRACE f.m.indexer.core.download.Crawler - doNext: http://central.maven.org/maven2/ant/ant-jmf/1.6.4/ant-jmf-1.6.4.pom.md5
18:46:15.306 [pool-1-thread-7] TRACE f.m.indexer.core.download.Crawler - doNext: http://central.maven.org/maven2/ant/ant-jmf/1.6.4/ant-jmf-1.6.4.pom.sha1
18:46:15.306 [pool-1-thread-7] TRACE f.m.indexer.core.download.Crawler - doNext: http://central.maven.org/maven2/ant/ant-jmf/1.6.4/maven-metadata.xml
18:46:15.306 [pool-1-thread-7] TRACE f.m.indexer.core.download.Crawler - match: http://central.maven.org/maven2/ant/ant-jmf/1.6.4/maven-metadata.xml
18:46:15.306 [pool-1-thread-7] TRACE f.m.indexer.core.download.Crawler - doNext: http://central.maven.org/maven2/ant/ant-jmf/1.6.4/maven-metadata.xml.md5
18:46:15.306 [pool-1-thread-7] TRACE f.m.indexer.core.download.Crawler - doNext: http://central.maven.org/maven2/ant/ant-jmf/1.6.4/maven-metadata.xml.sha1
18:46:15.306 [pool-1-thread-7] TRACE f.m.i.core.client.JerseyHttpClient - download: http://central.maven.org/maven2/ant/ant-nodeps/1.6.1/
18:46:15.322 [pool-1-thread-10] TRACE f.m.indexer.core.download.Crawler - getLinks: <!DOCTYPE html>
<html>

<head>
	<title>Central Repository: ant/ant-launcher/1.6.1</title>
	<meta name="viewport" content="width=device-width, initial-scale=1.0">
	<style>
body {
	background: #fff;
}
	</style>
</head>

<body>
	<header>
		<h1>ant/ant-launcher/1.6.1</h1>
	</header>
	<hr/>
	<main>
		<pre id="contents">
<a href="../">../</a>
<a href="ant-launcher-1.6.1.jar" title="ant-launcher-1.6.1.jar">ant-launcher-1.6.1.jar</a>                            2005-09-20 05:44      8412      
<a href="ant-launcher-1.6.1.jar.md5" title="ant-launcher-1.6.1.jar.md5">ant-launcher-1.6.1.jar.md5</a>                        2005-09-20 05:44        32      
<a href="ant-launcher-1.6.1.jar.sha1" title="ant-launcher-1.6.1.jar.sha1">ant-launcher-1.6.1.jar.sha1</a>                       2005-09-20 05:44        40      
<a href="ant-launcher-1.6.1.pom" title="ant-launcher-1.6.1.pom">ant-launcher-1.6.1.pom</a>                            2005-09-20 05:44       149      
<a href="ant-launcher-1.6.1.pom.md5" title="ant-launcher-1.6.1.pom.md5">ant-launcher-1.6.1.pom.md5</a>                        2005-09-20 05:44        32      
<a href="ant-launcher-1.6.1.pom.sha1" title="ant-launcher-1.6.1.pom.sha1">ant-launcher-1.6.1.pom.sha1</a>                       2005-09-20 05:44        40      
<a href="maven-metadata.xml" title="maven-metadata.xml">maven-metadata.xml</a>                                2005-09-20 05:44       114      
<a href="maven-metadata.xml.md5" title="maven-metadata.xml.md5">maven-metadata.xml.md5</a>                            2005-09-20 05:44        78      
<a href="maven-metadata.xml.sha1" title="maven-metadata.xml.sha1">maven-metadata.xml.sha1</a>                           2005-09-20 05:44       133      
		</pre>
	</main>
	<hr/>
</body>

</html>
18:46:15.322 [pool-1-thread-10] TRACE f.m.indexer.core.download.Crawler - getFullUrl: http://central.maven.org/maven2/ant/ant-launcher/1.6.1/, ../)
18:46:15.322 [pool-1-thread-10] TRACE f.m.indexer.core.download.Crawler - getFullUrl: http://central.maven.org/maven2/ant/ant-launcher/1.6.1/, ant-launcher-1.6.1.jar)
18:46:15.322 [pool-1-thread-10] TRACE f.m.indexer.core.download.Crawler - getFullUrl: http://central.maven.org/maven2/ant/ant-launcher/1.6.1/, ant-launcher-1.6.1.jar.md5)
18:46:15.322 [pool-1-thread-10] TRACE f.m.indexer.core.download.Crawler - getFullUrl: http://central.maven.org/maven2/ant/ant-launcher/1.6.1/, ant-launcher-1.6.1.jar.sha1)
18:46:15.322 [pool-1-thread-10] TRACE f.m.indexer.core.download.Crawler - getFullUrl: http://central.maven.org/maven2/ant/ant-launcher/1.6.1/, ant-launcher-1.6.1.pom)
18:46:15.322 [pool-1-thread-10] TRACE f.m.indexer.core.download.Crawler - getFullUrl: http://central.maven.org/maven2/ant/ant-launcher/1.6.1/, ant-launcher-1.6.1.pom.md5)
18:46:15.322 [pool-1-thread-10] TRACE f.m.indexer.core.download.Crawler - getFullUrl: http://central.maven.org/maven2/ant/ant-launcher/1.6.1/, ant-launcher-1.6.1.pom.sha1)
18:46:15.322 [pool-1-thread-10] TRACE f.m.indexer.core.download.Crawler - getFullUrl: http://central.maven.org/maven2/ant/ant-launcher/1.6.1/, maven-metadata.xml)
18:46:15.322 [pool-1-thread-10] TRACE f.m.indexer.core.download.Crawler - getFullUrl: http://central.maven.org/maven2/ant/ant-launcher/1.6.1/, maven-metadata.xml.md5)
18:46:15.322 [pool-1-thread-10] TRACE f.m.indexer.core.download.Crawler - getFullUrl: http://central.maven.org/maven2/ant/ant-launcher/1.6.1/, maven-metadata.xml.sha1)
18:46:15.322 [pool-1-thread-10] TRACE f.m.indexer.core.download.Crawler - doNext: http://central.maven.org/maven2/ant/ant-launcher/1.6.1/../
18:46:15.322 [pool-1-thread-10] TRACE f.m.indexer.core.download.Crawler - doNext: http://central.maven.org/maven2/ant/ant-launcher/1.6.1/ant-launcher-1.6.1.jar
18:46:15.322 [pool-1-thread-10] TRACE f.m.indexer.core.download.Crawler - doNext: http://central.maven.org/maven2/ant/ant-launcher/1.6.1/ant-launcher-1.6.1.jar.md5
18:46:15.322 [pool-1-thread-10] TRACE f.m.indexer.core.download.Crawler - doNext: http://central.maven.org/maven2/ant/ant-launcher/1.6.1/ant-launcher-1.6.1.jar.sha1
18:46:15.322 [pool-1-thread-10] TRACE f.m.indexer.core.download.Crawler - doNext: http://central.maven.org/maven2/ant/ant-launcher/1.6.1/ant-launcher-1.6.1.pom
18:46:15.322 [pool-1-thread-10] TRACE f.m.indexer.core.download.Crawler - doNext: http://central.maven.org/maven2/ant/ant-launcher/1.6.1/ant-launcher-1.6.1.pom.md5
18:46:15.322 [pool-1-thread-10] TRACE f.m.indexer.core.download.Crawler - doNext: http://central.maven.org/maven2/ant/ant-launcher/1.6.1/ant-launcher-1.6.1.pom.sha1
18:46:15.322 [pool-1-thread-10] TRACE f.m.indexer.core.download.Crawler - doNext: http://central.maven.org/maven2/ant/ant-launcher/1.6.1/maven-metadata.xml
18:46:15.322 [pool-1-thread-10] TRACE f.m.indexer.core.download.Crawler - match: http://central.maven.org/maven2/ant/ant-launcher/1.6.1/maven-metadata.xml
18:46:15.322 [pool-1-thread-10] TRACE f.m.indexer.core.download.Crawler - doNext: http://central.maven.org/maven2/ant/ant-launcher/1.6.1/maven-metadata.xml.md5
18:46:15.322 [pool-1-thread-10] TRACE f.m.indexer.core.download.Crawler - doNext: http://central.maven.org/maven2/ant/ant-launcher/1.6.1/maven-metadata.xml.sha1
18:46:15.322 [pool-1-thread-10] TRACE f.m.i.core.client.JerseyHttpClient - download: http://central.maven.org/maven2/ant/ant-nodeps/1.6.2/
18:46:15.322 [pool-1-thread-5] TRACE f.m.indexer.core.download.Crawler - getLinks: <!DOCTYPE html>
<html>

<head>
	<title>Central Repository: ant/ant-jmf/1.6.5</title>
	<meta name="viewport" content="width=device-width, initial-scale=1.0">
	<style>
body {
	background: #fff;
}
	</style>
</head>

<body>
	<header>
		<h1>ant/ant-jmf/1.6.5</h1>
	</header>
	<hr/>
	<main>
		<pre id="contents">
<a href="../">../</a>
<a href="ant-jmf-1.6.5.jar" title="ant-jmf-1.6.5.jar">ant-jmf-1.6.5.jar</a>                                 2005-09-20 05:44      6605      
<a href="ant-jmf-1.6.5.jar.md5" title="ant-jmf-1.6.5.jar.md5">ant-jmf-1.6.5.jar.md5</a>                             2005-09-20 05:44        32      
<a href="ant-jmf-1.6.5.jar.sha1" title="ant-jmf-1.6.5.jar.sha1">ant-jmf-1.6.5.jar.sha1</a>                            2005-09-20 05:44        40      
<a href="ant-jmf-1.6.5.pom" title="ant-jmf-1.6.5.pom">ant-jmf-1.6.5.pom</a>                                 2005-09-20 05:44       144      
<a href="ant-jmf-1.6.5.pom.md5" title="ant-jmf-1.6.5.pom.md5">ant-jmf-1.6.5.pom.md5</a>                             2005-09-20 05:44        32      
<a href="ant-jmf-1.6.5.pom.sha1" title="ant-jmf-1.6.5.pom.sha1">ant-jmf-1.6.5.pom.sha1</a>                            2005-09-20 05:44        40      
<a href="maven-metadata.xml" title="maven-metadata.xml">maven-metadata.xml</a>                                2005-09-20 05:44       109      
<a href="maven-metadata.xml.md5" title="maven-metadata.xml.md5">maven-metadata.xml.md5</a>                            2005-09-20 05:44        73      
<a href="maven-metadata.xml.sha1" title="maven-metadata.xml.sha1">maven-metadata.xml.sha1</a>                           2005-09-20 05:44       128      
		</pre>
	</main>
	<hr/>
</body>

</html>
18:46:15.322 [pool-1-thread-5] TRACE f.m.indexer.core.download.Crawler - getFullUrl: http://central.maven.org/maven2/ant/ant-jmf/1.6.5/, ../)
18:46:15.322 [pool-1-thread-5] TRACE f.m.indexer.core.download.Crawler - getFullUrl: http://central.maven.org/maven2/ant/ant-jmf/1.6.5/, ant-jmf-1.6.5.jar)
18:46:15.322 [pool-1-thread-5] TRACE f.m.indexer.core.download.Crawler - getFullUrl: http://central.maven.org/maven2/ant/ant-jmf/1.6.5/, ant-jmf-1.6.5.jar.md5)
18:46:15.322 [pool-1-thread-5] TRACE f.m.indexer.core.download.Crawler - getFullUrl: http://central.maven.org/maven2/ant/ant-jmf/1.6.5/, ant-jmf-1.6.5.jar.sha1)
18:46:15.322 [pool-1-thread-5] TRACE f.m.indexer.core.download.Crawler - getFullUrl: http://central.maven.org/maven2/ant/ant-jmf/1.6.5/, ant-jmf-1.6.5.pom)
18:46:15.322 [pool-1-thread-5] TRACE f.m.indexer.core.download.Crawler - getFullUrl: http://central.maven.org/maven2/ant/ant-jmf/1.6.5/, ant-jmf-1.6.5.pom.md5)
18:46:15.322 [pool-1-thread-5] TRACE f.m.indexer.core.download.Crawler - getFullUrl: http://central.maven.org/maven2/ant/ant-jmf/1.6.5/, ant-jmf-1.6.5.pom.sha1)
18:46:15.322 [pool-1-thread-5] TRACE f.m.indexer.core.download.Crawler - getFullUrl: http://central.maven.org/maven2/ant/ant-jmf/1.6.5/, maven-metadata.xml)
18:46:15.322 [pool-1-thread-5] TRACE f.m.indexer.core.download.Crawler - getFullUrl: http://central.maven.org/maven2/ant/ant-jmf/1.6.5/, maven-metadata.xml.md5)
18:46:15.322 [pool-1-thread-5] TRACE f.m.indexer.core.download.Crawler - getFullUrl: http://central.maven.org/maven2/ant/ant-jmf/1.6.5/, maven-metadata.xml.sha1)
18:46:15.322 [pool-1-thread-5] TRACE f.m.indexer.core.download.Crawler - doNext: http://central.maven.org/maven2/ant/ant-jmf/1.6.5/../
18:46:15.322 [pool-1-thread-5] TRACE f.m.indexer.core.download.Crawler - doNext: http://central.maven.org/maven2/ant/ant-jmf/1.6.5/ant-jmf-1.6.5.jar
18:46:15.322 [pool-1-thread-5] TRACE f.m.indexer.core.download.Crawler - doNext: http://central.maven.org/maven2/ant/ant-jmf/1.6.5/ant-jmf-1.6.5.jar.md5
18:46:15.322 [pool-1-thread-5] TRACE f.m.indexer.core.download.Crawler - doNext: http://central.maven.org/maven2/ant/ant-jmf/1.6.5/ant-jmf-1.6.5.jar.sha1
18:46:15.322 [pool-1-thread-5] TRACE f.m.indexer.core.download.Crawler - doNext: http://central.maven.org/maven2/ant/ant-jmf/1.6.5/ant-jmf-1.6.5.pom
18:46:15.322 [pool-1-thread-5] TRACE f.m.indexer.core.download.Crawler - doNext: http://central.maven.org/maven2/ant/ant-jmf/1.6.5/ant-jmf-1.6.5.pom.md5
18:46:15.322 [pool-1-thread-5] TRACE f.m.indexer.core.download.Crawler - doNext: http://central.maven.org/maven2/ant/ant-jmf/1.6.5/ant-jmf-1.6.5.pom.sha1
18:46:15.322 [pool-1-thread-5] TRACE f.m.indexer.core.download.Crawler - doNext: http://central.maven.org/maven2/ant/ant-jmf/1.6.5/maven-metadata.xml
18:46:15.322 [pool-1-thread-5] TRACE f.m.indexer.core.download.Crawler - match: http://central.maven.org/maven2/ant/ant-jmf/1.6.5/maven-metadata.xml
18:46:15.322 [pool-1-thread-5] TRACE f.m.indexer.core.download.Crawler - doNext: http://central.maven.org/maven2/ant/ant-jmf/1.6.5/maven-metadata.xml.md5
18:46:15.322 [pool-1-thread-5] TRACE f.m.indexer.core.download.Crawler - doNext: http://central.maven.org/maven2/ant/ant-jmf/1.6.5/maven-metadata.xml.sha1
18:46:15.322 [pool-1-thread-5] TRACE f.m.i.core.client.JerseyHttpClient - download: http://central.maven.org/maven2/ant/ant-nodeps/1.6.3/
18:46:15.351 [pool-1-thread-2] TRACE f.m.indexer.core.download.Crawler - getLinks: <!DOCTYPE html>
<html>

<head>
	<title>Central Repository: ant/ant-launcher/1.6.2</title>
	<meta name="viewport" content="width=device-width, initial-scale=1.0">
	<style>
body {
	background: #fff;
}
	</style>
</head>

<body>
	<header>
		<h1>ant/ant-launcher/1.6.2</h1>
	</header>
	<hr/>
	<main>
		<pre id="contents">
<a href="../">../</a>
<a href="ant-launcher-1.6.2.jar" title="ant-launcher-1.6.2.jar">ant-launcher-1.6.2.jar</a>                            2005-09-20 05:44      8673      
<a href="ant-launcher-1.6.2.jar.md5" title="ant-launcher-1.6.2.jar.md5">ant-launcher-1.6.2.jar.md5</a>                        2005-09-20 05:44        32      
<a href="ant-launcher-1.6.2.jar.sha1" title="ant-launcher-1.6.2.jar.sha1">ant-launcher-1.6.2.jar.sha1</a>                       2005-09-20 05:44        40      
<a href="ant-launcher-1.6.2.pom" title="ant-launcher-1.6.2.pom">ant-launcher-1.6.2.pom</a>                            2005-09-20 05:44       149      
<a href="ant-launcher-1.6.2.pom.md5" title="ant-launcher-1.6.2.pom.md5">ant-launcher-1.6.2.pom.md5</a>                        2005-09-20 05:44        32      
<a href="ant-launcher-1.6.2.pom.sha1" title="ant-launcher-1.6.2.pom.sha1">ant-launcher-1.6.2.pom.sha1</a>                       2005-09-20 05:44        40      
<a href="maven-metadata.xml" title="maven-metadata.xml">maven-metadata.xml</a>                                2005-09-20 05:44       114      
<a href="maven-metadata.xml.md5" title="maven-metadata.xml.md5">maven-metadata.xml.md5</a>                            2005-09-20 05:44        78      
<a href="maven-metadata.xml.sha1" title="maven-metadata.xml.sha1">maven-metadata.xml.sha1</a>                           2005-09-20 05:44       133      
		</pre>
	</main>
	<hr/>
</body>

</html>
18:46:15.351 [pool-1-thread-2] TRACE f.m.indexer.core.download.Crawler - getFullUrl: http://central.maven.org/maven2/ant/ant-launcher/1.6.2/, ../)
18:46:15.351 [pool-1-thread-2] TRACE f.m.indexer.core.download.Crawler - getFullUrl: http://central.maven.org/maven2/ant/ant-launcher/1.6.2/, ant-launcher-1.6.2.jar)
18:46:15.351 [pool-1-thread-2] TRACE f.m.indexer.core.download.Crawler - getFullUrl: http://central.maven.org/maven2/ant/ant-launcher/1.6.2/, ant-launcher-1.6.2.jar.md5)
18:46:15.351 [pool-1-thread-2] TRACE f.m.indexer.core.download.Crawler - getFullUrl: http://central.maven.org/maven2/ant/ant-launcher/1.6.2/, ant-launcher-1.6.2.jar.sha1)
18:46:15.351 [pool-1-thread-2] TRACE f.m.indexer.core.download.Crawler - getFullUrl: http://central.maven.org/maven2/ant/ant-launcher/1.6.2/, ant-launcher-1.6.2.pom)
18:46:15.351 [pool-1-thread-2] TRACE f.m.indexer.core.download.Crawler - getFullUrl: http://central.maven.org/maven2/ant/ant-launcher/1.6.2/, ant-launcher-1.6.2.pom.md5)
18:46:15.351 [pool-1-thread-2] TRACE f.m.indexer.core.download.Crawler - getFullUrl: http://central.maven.org/maven2/ant/ant-launcher/1.6.2/, ant-launcher-1.6.2.pom.sha1)
18:46:15.351 [pool-1-thread-2] TRACE f.m.indexer.core.download.Crawler - getFullUrl: http://central.maven.org/maven2/ant/ant-launcher/1.6.2/, maven-metadata.xml)
18:46:15.351 [pool-1-thread-2] TRACE f.m.indexer.core.download.Crawler - getFullUrl: http://central.maven.org/maven2/ant/ant-launcher/1.6.2/, maven-metadata.xml.md5)
18:46:15.351 [pool-1-thread-2] TRACE f.m.indexer.core.download.Crawler - getFullUrl: http://central.maven.org/maven2/ant/ant-launcher/1.6.2/, maven-metadata.xml.sha1)
18:46:15.351 [pool-1-thread-2] TRACE f.m.indexer.core.download.Crawler - doNext: http://central.maven.org/maven2/ant/ant-launcher/1.6.2/../
18:46:15.351 [pool-1-thread-2] TRACE f.m.indexer.core.download.Crawler - doNext: http://central.maven.org/maven2/ant/ant-launcher/1.6.2/ant-launcher-1.6.2.jar
18:46:15.351 [pool-1-thread-2] TRACE f.m.indexer.core.download.Crawler - doNext: http://central.maven.org/maven2/ant/ant-launcher/1.6.2/ant-launcher-1.6.2.jar.md5
18:46:15.351 [pool-1-thread-2] TRACE f.m.indexer.core.download.Crawler - doNext: http://central.maven.org/maven2/ant/ant-launcher/1.6.2/ant-launcher-1.6.2.jar.sha1
18:46:15.351 [pool-1-thread-2] TRACE f.m.indexer.core.download.Crawler - doNext: http://central.maven.org/maven2/ant/ant-launcher/1.6.2/ant-launcher-1.6.2.pom
18:46:15.351 [pool-1-thread-2] TRACE f.m.indexer.core.download.Crawler - doNext: http://central.maven.org/maven2/ant/ant-launcher/1.6.2/ant-launcher-1.6.2.pom.md5
18:46:15.351 [pool-1-thread-2] TRACE f.m.indexer.core.download.Crawler - doNext: http://central.maven.org/maven2/ant/ant-launcher/1.6.2/ant-launcher-1.6.2.pom.sha1
18:46:15.351 [pool-1-thread-2] TRACE f.m.indexer.core.download.Crawler - doNext: http://central.maven.org/maven2/ant/ant-launcher/1.6.2/maven-metadata.xml
18:46:15.351 [pool-1-thread-2] TRACE f.m.indexer.core.download.Crawler - match: http://central.maven.org/maven2/ant/ant-launcher/1.6.2/maven-metadata.xml
18:46:15.352 [pool-1-thread-2] TRACE f.m.indexer.core.download.Crawler - doNext: http://central.maven.org/maven2/ant/ant-launcher/1.6.2/maven-metadata.xml.md5
18:46:15.352 [pool-1-thread-2] TRACE f.m.indexer.core.download.Crawler - doNext: http://central.maven.org/maven2/ant/ant-launcher/1.6.2/maven-metadata.xml.sha1
18:46:15.352 [pool-1-thread-8] TRACE f.m.indexer.artifact.MetadataHandler - match: http://central.maven.org/maven2/ant/ant-jmf/maven-metadata.xml
18:46:15.352 [pool-1-thread-2] TRACE f.m.i.core.client.JerseyHttpClient - download: http://central.maven.org/maven2/ant/ant-nodeps/1.6.4/
18:46:15.356 [pool-1-thread-3] TRACE f.m.indexer.core.download.Crawler - getLinks: <!DOCTYPE html>
<html>

<head>
	<title>Central Repository: ant/ant-launcher/1.6.3</title>
	<meta name="viewport" content="width=device-width, initial-scale=1.0">
	<style>
body {
	background: #fff;
}
	</style>
</head>

<body>
	<header>
		<h1>ant/ant-launcher/1.6.3</h1>
	</header>
	<hr/>
	<main>
		<pre id="contents">
<a href="../">../</a>
<a href="ant-launcher-1.6.3.jar" title="ant-launcher-1.6.3.jar">ant-launcher-1.6.3.jar</a>                            2005-09-20 05:44      9180      
<a href="ant-launcher-1.6.3.jar.md5" title="ant-launcher-1.6.3.jar.md5">ant-launcher-1.6.3.jar.md5</a>                        2005-09-20 05:44        32      
<a href="ant-launcher-1.6.3.jar.sha1" title="ant-launcher-1.6.3.jar.sha1">ant-launcher-1.6.3.jar.sha1</a>                       2005-09-20 05:44        40      
<a href="ant-launcher-1.6.3.pom" title="ant-launcher-1.6.3.pom">ant-launcher-1.6.3.pom</a>                            2005-09-20 05:44       149      
<a href="ant-launcher-1.6.3.pom.md5" title="ant-launcher-1.6.3.pom.md5">ant-launcher-1.6.3.pom.md5</a>                        2005-09-20 05:44        32      
<a href="ant-launcher-1.6.3.pom.sha1" title="ant-launcher-1.6.3.pom.sha1">ant-launcher-1.6.3.pom.sha1</a>                       2005-09-20 05:44        40      
<a href="maven-metadata.xml" title="maven-metadata.xml">maven-metadata.xml</a>                                2005-09-20 05:44       114      
<a href="maven-metadata.xml.md5" title="maven-metadata.xml.md5">maven-metadata.xml.md5</a>                            2005-09-20 05:44        78      
<a href="maven-metadata.xml.sha1" title="maven-metadata.xml.sha1">maven-metadata.xml.sha1</a>                           2005-09-20 05:44       133      
		</pre>
	</main>
	<hr/>
</body>

</html>
18:46:15.356 [pool-1-thread-3] TRACE f.m.indexer.core.download.Crawler - getFullUrl: http://central.maven.org/maven2/ant/ant-launcher/1.6.3/, ../)
18:46:15.356 [pool-1-thread-3] TRACE f.m.indexer.core.download.Crawler - getFullUrl: http://central.maven.org/maven2/ant/ant-launcher/1.6.3/, ant-launcher-1.6.3.jar)
18:46:15.356 [pool-1-thread-3] TRACE f.m.indexer.core.download.Crawler - getFullUrl: http://central.maven.org/maven2/ant/ant-launcher/1.6.3/, ant-launcher-1.6.3.jar.md5)
18:46:15.356 [pool-1-thread-3] TRACE f.m.indexer.core.download.Crawler - getFullUrl: http://central.maven.org/maven2/ant/ant-launcher/1.6.3/, ant-launcher-1.6.3.jar.sha1)
18:46:15.356 [pool-1-thread-3] TRACE f.m.indexer.core.download.Crawler - getFullUrl: http://central.maven.org/maven2/ant/ant-launcher/1.6.3/, ant-launcher-1.6.3.pom)
18:46:15.356 [pool-1-thread-3] TRACE f.m.indexer.core.download.Crawler - getFullUrl: http://central.maven.org/maven2/ant/ant-launcher/1.6.3/, ant-launcher-1.6.3.pom.md5)
18:46:15.356 [pool-1-thread-3] TRACE f.m.indexer.core.download.Crawler - getFullUrl: http://central.maven.org/maven2/ant/ant-launcher/1.6.3/, ant-launcher-1.6.3.pom.sha1)
18:46:15.356 [pool-1-thread-3] TRACE f.m.indexer.core.download.Crawler - getFullUrl: http://central.maven.org/maven2/ant/ant-launcher/1.6.3/, maven-metadata.xml)
18:46:15.356 [pool-1-thread-3] TRACE f.m.indexer.core.download.Crawler - getFullUrl: http://central.maven.org/maven2/ant/ant-launcher/1.6.3/, maven-metadata.xml.md5)
18:46:15.356 [pool-1-thread-3] TRACE f.m.indexer.core.download.Crawler - getFullUrl: http://central.maven.org/maven2/ant/ant-launcher/1.6.3/, maven-metadata.xml.sha1)
18:46:15.356 [pool-1-thread-3] TRACE f.m.indexer.core.download.Crawler - doNext: http://central.maven.org/maven2/ant/ant-launcher/1.6.3/../
18:46:15.356 [pool-1-thread-3] TRACE f.m.indexer.core.download.Crawler - doNext: http://central.maven.org/maven2/ant/ant-launcher/1.6.3/ant-launcher-1.6.3.jar
18:46:15.356 [pool-1-thread-3] TRACE f.m.indexer.core.download.Crawler - doNext: http://central.maven.org/maven2/ant/ant-launcher/1.6.3/ant-launcher-1.6.3.jar.md5
18:46:15.356 [pool-1-thread-3] TRACE f.m.indexer.core.download.Crawler - doNext: http://central.maven.org/maven2/ant/ant-launcher/1.6.3/ant-launcher-1.6.3.jar.sha1
18:46:15.356 [pool-1-thread-3] TRACE f.m.indexer.core.download.Crawler - doNext: http://central.maven.org/maven2/ant/ant-launcher/1.6.3/ant-launcher-1.6.3.pom
18:46:15.356 [pool-1-thread-3] TRACE f.m.indexer.core.download.Crawler - doNext: http://central.maven.org/maven2/ant/ant-launcher/1.6.3/ant-launcher-1.6.3.pom.md5
18:46:15.356 [pool-1-thread-3] TRACE f.m.indexer.core.download.Crawler - doNext: http://central.maven.org/maven2/ant/ant-launcher/1.6.3/ant-launcher-1.6.3.pom.sha1
18:46:15.356 [pool-1-thread-3] TRACE f.m.indexer.core.download.Crawler - doNext: http://central.maven.org/maven2/ant/ant-launcher/1.6.3/maven-metadata.xml
18:46:15.356 [pool-1-thread-3] TRACE f.m.indexer.core.download.Crawler - match: http://central.maven.org/maven2/ant/ant-launcher/1.6.3/maven-metadata.xml
18:46:15.357 [pool-1-thread-3] TRACE f.m.indexer.core.download.Crawler - doNext: http://central.maven.org/maven2/ant/ant-launcher/1.6.3/maven-metadata.xml.md5
18:46:15.357 [pool-1-thread-3] TRACE f.m.indexer.core.download.Crawler - doNext: http://central.maven.org/maven2/ant/ant-launcher/1.6.3/maven-metadata.xml.sha1
18:46:15.357 [pool-1-thread-3] TRACE f.m.i.core.client.JerseyHttpClient - download: http://central.maven.org/maven2/ant/ant-nodeps/1.6.5/
18:46:15.357 [pool-1-thread-8] TRACE f.m.i.core.client.JerseyHttpClient - download: http://central.maven.org/maven2/ant/ant-nodeps/maven-metadata.xml
18:46:15.359 [pool-1-thread-9] TRACE f.m.indexer.core.download.Crawler - getLinks: <!DOCTYPE html>
<html>

<head>
	<title>Central Repository: ant/ant-launcher/1.6.5</title>
	<meta name="viewport" content="width=device-width, initial-scale=1.0">
	<style>
body {
	background: #fff;
}
	</style>
</head>

<body>
	<header>
		<h1>ant/ant-launcher/1.6.5</h1>
	</header>
	<hr/>
	<main>
		<pre id="contents">
<a href="../">../</a>
<a href="ant-launcher-1.6.5.jar" title="ant-launcher-1.6.5.jar">ant-launcher-1.6.5.jar</a>                            2005-09-20 05:44      9180      
<a href="ant-launcher-1.6.5.jar.md5" title="ant-launcher-1.6.5.jar.md5">ant-launcher-1.6.5.jar.md5</a>                        2005-09-20 05:44        32      
<a href="ant-launcher-1.6.5.jar.sha1" title="ant-launcher-1.6.5.jar.sha1">ant-launcher-1.6.5.jar.sha1</a>                       2005-09-20 05:44        40      
<a href="ant-launcher-1.6.5.pom" title="ant-launcher-1.6.5.pom">ant-launcher-1.6.5.pom</a>                            2005-09-20 05:44       149      
<a href="ant-launcher-1.6.5.pom.md5" title="ant-launcher-1.6.5.pom.md5">ant-launcher-1.6.5.pom.md5</a>                        2005-09-20 05:44        32      
<a href="ant-launcher-1.6.5.pom.sha1" title="ant-launcher-1.6.5.pom.sha1">ant-launcher-1.6.5.pom.sha1</a>                       2005-09-20 05:44        40      
<a href="maven-metadata.xml" title="maven-metadata.xml">maven-metadata.xml</a>                                2005-09-20 05:44       114      
<a href="maven-metadata.xml.md5" title="maven-metadata.xml.md5">maven-metadata.xml.md5</a>                            2005-09-20 05:44        78      
<a href="maven-metadata.xml.sha1" title="maven-metadata.xml.sha1">maven-metadata.xml.sha1</a>                           2005-09-20 05:44       133      
		</pre>
	</main>
	<hr/>
</body>

</html>
18:46:15.360 [pool-1-thread-9] TRACE f.m.indexer.core.download.Crawler - getFullUrl: http://central.maven.org/maven2/ant/ant-launcher/1.6.5/, ../)
18:46:15.360 [pool-1-thread-9] TRACE f.m.indexer.core.download.Crawler - getFullUrl: http://central.maven.org/maven2/ant/ant-launcher/1.6.5/, ant-launcher-1.6.5.jar)
18:46:15.360 [pool-1-thread-9] TRACE f.m.indexer.core.download.Crawler - getFullUrl: http://central.maven.org/maven2/ant/ant-launcher/1.6.5/, ant-launcher-1.6.5.jar.md5)
18:46:15.360 [pool-1-thread-9] TRACE f.m.indexer.core.download.Crawler - getFullUrl: http://central.maven.org/maven2/ant/ant-launcher/1.6.5/, ant-launcher-1.6.5.jar.sha1)
18:46:15.360 [pool-1-thread-9] TRACE f.m.indexer.core.download.Crawler - getFullUrl: http://central.maven.org/maven2/ant/ant-launcher/1.6.5/, ant-launcher-1.6.5.pom)
18:46:15.360 [pool-1-thread-9] TRACE f.m.indexer.core.download.Crawler - getFullUrl: http://central.maven.org/maven2/ant/ant-launcher/1.6.5/, ant-launcher-1.6.5.pom.md5)
18:46:15.360 [pool-1-thread-9] TRACE f.m.indexer.core.download.Crawler - getFullUrl: http://central.maven.org/maven2/ant/ant-launcher/1.6.5/, ant-launcher-1.6.5.pom.sha1)
18:46:15.360 [pool-1-thread-9] TRACE f.m.indexer.core.download.Crawler - getFullUrl: http://central.maven.org/maven2/ant/ant-launcher/1.6.5/, maven-metadata.xml)
18:46:15.360 [pool-1-thread-9] TRACE f.m.indexer.core.download.Crawler - getFullUrl: http://central.maven.org/maven2/ant/ant-launcher/1.6.5/, maven-metadata.xml.md5)
18:46:15.360 [pool-1-thread-9] TRACE f.m.indexer.core.download.Crawler - getFullUrl: http://central.maven.org/maven2/ant/ant-launcher/1.6.5/, maven-metadata.xml.sha1)
18:46:15.360 [pool-1-thread-9] TRACE f.m.indexer.core.download.Crawler - doNext: http://central.maven.org/maven2/ant/ant-launcher/1.6.5/../
18:46:15.360 [pool-1-thread-9] TRACE f.m.indexer.core.download.Crawler - doNext: http://central.maven.org/maven2/ant/ant-launcher/1.6.5/ant-launcher-1.6.5.jar
18:46:15.360 [pool-1-thread-9] TRACE f.m.indexer.core.download.Crawler - doNext: http://central.maven.org/maven2/ant/ant-launcher/1.6.5/ant-launcher-1.6.5.jar.md5
18:46:15.360 [pool-1-thread-9] TRACE f.m.indexer.core.download.Crawler - doNext: http://central.maven.org/maven2/ant/ant-launcher/1.6.5/ant-launcher-1.6.5.jar.sha1
18:46:15.360 [pool-1-thread-9] TRACE f.m.indexer.core.download.Crawler - doNext: http://central.maven.org/maven2/ant/ant-launcher/1.6.5/ant-launcher-1.6.5.pom
18:46:15.360 [pool-1-thread-9] TRACE f.m.indexer.core.download.Crawler - doNext: http://central.maven.org/maven2/ant/ant-launcher/1.6.5/ant-launcher-1.6.5.pom.md5
18:46:15.360 [pool-1-thread-9] TRACE f.m.indexer.core.download.Crawler - doNext: http://central.maven.org/maven2/ant/ant-launcher/1.6.5/ant-launcher-1.6.5.pom.sha1
18:46:15.360 [pool-1-thread-9] TRACE f.m.indexer.core.download.Crawler - doNext: http://central.maven.org/maven2/ant/ant-launcher/1.6.5/maven-metadata.xml
18:46:15.360 [pool-1-thread-9] TRACE f.m.indexer.core.download.Crawler - match: http://central.maven.org/maven2/ant/ant-launcher/1.6.5/maven-metadata.xml
18:46:15.360 [pool-1-thread-9] TRACE f.m.indexer.core.download.Crawler - doNext: http://central.maven.org/maven2/ant/ant-launcher/1.6.5/maven-metadata.xml.md5
18:46:15.360 [pool-1-thread-9] TRACE f.m.indexer.core.download.Crawler - doNext: http://central.maven.org/maven2/ant/ant-launcher/1.6.5/maven-metadata.xml.sha1
18:46:15.360 [pool-1-thread-9] TRACE f.m.i.core.client.JerseyHttpClient - download: http://central.maven.org/maven2/ant/ant-optional/1.4.1/
18:46:15.362 [pool-1-thread-1] TRACE f.m.indexer.artifact.MetadataHandler - match: http://central.maven.org/maven2/ant/ant-launcher/maven-metadata.xml
18:46:15.362 [pool-1-thread-6] TRACE f.m.indexer.core.download.Crawler - getLinks: <!DOCTYPE html>
<html>

<head>
	<title>Central Repository: ant/ant-launcher/1.6.4</title>
	<meta name="viewport" content="width=device-width, initial-scale=1.0">
	<style>
body {
	background: #fff;
}
	</style>
</head>

<body>
	<header>
		<h1>ant/ant-launcher/1.6.4</h1>
	</header>
	<hr/>
	<main>
		<pre id="contents">
<a href="../">../</a>
<a href="ant-launcher-1.6.4.jar" title="ant-launcher-1.6.4.jar">ant-launcher-1.6.4.jar</a>                            2005-09-20 05:44      9180      
<a href="ant-launcher-1.6.4.jar.md5" title="ant-launcher-1.6.4.jar.md5">ant-launcher-1.6.4.jar.md5</a>                        2005-09-20 05:44        32      
<a href="ant-launcher-1.6.4.jar.sha1" title="ant-launcher-1.6.4.jar.sha1">ant-launcher-1.6.4.jar.sha1</a>                       2005-09-20 05:44        40      
<a href="ant-launcher-1.6.4.pom" title="ant-launcher-1.6.4.pom">ant-launcher-1.6.4.pom</a>                            2005-09-20 05:44       149      
<a href="ant-launcher-1.6.4.pom.md5" title="ant-launcher-1.6.4.pom.md5">ant-launcher-1.6.4.pom.md5</a>                        2005-09-20 05:44        32      
<a href="ant-launcher-1.6.4.pom.sha1" title="ant-launcher-1.6.4.pom.sha1">ant-launcher-1.6.4.pom.sha1</a>                       2005-09-20 05:44        40      
<a href="maven-metadata.xml" title="maven-metadata.xml">maven-metadata.xml</a>                                2005-09-20 05:44       114      
<a href="maven-metadata.xml.md5" title="maven-metadata.xml.md5">maven-metadata.xml.md5</a>                            2005-09-20 05:44        78      
<a href="maven-metadata.xml.sha1" title="maven-metadata.xml.sha1">maven-metadata.xml.sha1</a>                           2005-09-20 05:44       133      
		</pre>
	</main>
	<hr/>
</body>

</html>
18:46:15.362 [pool-1-thread-4] TRACE f.m.indexer.core.download.Crawler - getLinks: <!DOCTYPE html>
<html>

<head>
	<title>Central Repository: ant/ant-nodeps/1.6</title>
	<meta name="viewport" content="width=device-width, initial-scale=1.0">
	<style>
body {
	background: #fff;
}
	</style>
</head>

<body>
	<header>
		<h1>ant/ant-nodeps/1.6</h1>
	</header>
	<hr/>
	<main>
		<pre id="contents">
<a href="../">../</a>
<a href="ant-nodeps-1.6.jar" title="ant-nodeps-1.6.jar">ant-nodeps-1.6.jar</a>                                2005-09-20 05:44    394801      
<a href="ant-nodeps-1.6.jar.md5" title="ant-nodeps-1.6.jar.md5">ant-nodeps-1.6.jar.md5</a>                            2005-09-20 05:44        32      
<a href="ant-nodeps-1.6.jar.sha1" title="ant-nodeps-1.6.jar.sha1">ant-nodeps-1.6.jar.sha1</a>                           2005-09-20 05:44        40      
<a href="ant-nodeps-1.6.pom" title="ant-nodeps-1.6.pom">ant-nodeps-1.6.pom</a>                                2005-09-20 05:44       145      
<a href="ant-nodeps-1.6.pom.md5" title="ant-nodeps-1.6.pom.md5">ant-nodeps-1.6.pom.md5</a>                            2005-09-20 05:44        32      
<a href="ant-nodeps-1.6.pom.sha1" title="ant-nodeps-1.6.pom.sha1">ant-nodeps-1.6.pom.sha1</a>                           2005-09-20 05:44        40      
<a href="maven-metadata.xml" title="maven-metadata.xml">maven-metadata.xml</a>                                2005-09-20 05:44       110      
<a href="maven-metadata.xml.md5" title="maven-metadata.xml.md5">maven-metadata.xml.md5</a>                            2005-09-20 05:44        74      
<a href="maven-metadata.xml.sha1" title="maven-metadata.xml.sha1">maven-metadata.xml.sha1</a>                           2005-09-20 05:44       129      
		</pre>
	</main>
	<hr/>
</body>

</html>
18:46:15.362 [pool-1-thread-6] TRACE f.m.indexer.core.download.Crawler - getFullUrl: http://central.maven.org/maven2/ant/ant-launcher/1.6.4/, ../)
18:46:15.363 [pool-1-thread-6] TRACE f.m.indexer.core.download.Crawler - getFullUrl: http://central.maven.org/maven2/ant/ant-launcher/1.6.4/, ant-launcher-1.6.4.jar)
18:46:15.363 [pool-1-thread-4] TRACE f.m.indexer.core.download.Crawler - getFullUrl: http://central.maven.org/maven2/ant/ant-nodeps/1.6/, ../)
18:46:15.363 [pool-1-thread-6] TRACE f.m.indexer.core.download.Crawler - getFullUrl: http://central.maven.org/maven2/ant/ant-launcher/1.6.4/, ant-launcher-1.6.4.jar.md5)
18:46:15.363 [pool-1-thread-4] TRACE f.m.indexer.core.download.Crawler - getFullUrl: http://central.maven.org/maven2/ant/ant-nodeps/1.6/, ant-nodeps-1.6.jar)
18:46:15.363 [pool-1-thread-6] TRACE f.m.indexer.core.download.Crawler - getFullUrl: http://central.maven.org/maven2/ant/ant-launcher/1.6.4/, ant-launcher-1.6.4.jar.sha1)
18:46:15.363 [pool-1-thread-4] TRACE f.m.indexer.core.download.Crawler - getFullUrl: http://central.maven.org/maven2/ant/ant-nodeps/1.6/, ant-nodeps-1.6.jar.md5)
18:46:15.363 [pool-1-thread-6] TRACE f.m.indexer.core.download.Crawler - getFullUrl: http://central.maven.org/maven2/ant/ant-launcher/1.6.4/, ant-launcher-1.6.4.pom)
18:46:15.363 [pool-1-thread-4] TRACE f.m.indexer.core.download.Crawler - getFullUrl: http://central.maven.org/maven2/ant/ant-nodeps/1.6/, ant-nodeps-1.6.jar.sha1)
18:46:15.363 [pool-1-thread-6] TRACE f.m.indexer.core.download.Crawler - getFullUrl: http://central.maven.org/maven2/ant/ant-launcher/1.6.4/, ant-launcher-1.6.4.pom.md5)
18:46:15.363 [pool-1-thread-4] TRACE f.m.indexer.core.download.Crawler - getFullUrl: http://central.maven.org/maven2/ant/ant-nodeps/1.6/, ant-nodeps-1.6.pom)
18:46:15.363 [pool-1-thread-6] TRACE f.m.indexer.core.download.Crawler - getFullUrl: http://central.maven.org/maven2/ant/ant-launcher/1.6.4/, ant-launcher-1.6.4.pom.sha1)
18:46:15.363 [pool-1-thread-4] TRACE f.m.indexer.core.download.Crawler - getFullUrl: http://central.maven.org/maven2/ant/ant-nodeps/1.6/, ant-nodeps-1.6.pom.md5)
18:46:15.363 [pool-1-thread-6] TRACE f.m.indexer.core.download.Crawler - getFullUrl: http://central.maven.org/maven2/ant/ant-launcher/1.6.4/, maven-metadata.xml)
18:46:15.363 [pool-1-thread-4] TRACE f.m.indexer.core.download.Crawler - getFullUrl: http://central.maven.org/maven2/ant/ant-nodeps/1.6/, ant-nodeps-1.6.pom.sha1)
18:46:15.363 [pool-1-thread-6] TRACE f.m.indexer.core.download.Crawler - getFullUrl: http://central.maven.org/maven2/ant/ant-launcher/1.6.4/, maven-metadata.xml.md5)
18:46:15.363 [pool-1-thread-4] TRACE f.m.indexer.core.download.Crawler - getFullUrl: http://central.maven.org/maven2/ant/ant-nodeps/1.6/, maven-metadata.xml)
18:46:15.363 [pool-1-thread-4] TRACE f.m.indexer.core.download.Crawler - getFullUrl: http://central.maven.org/maven2/ant/ant-nodeps/1.6/, maven-metadata.xml.md5)
18:46:15.365 [pool-1-thread-1] TRACE f.m.i.core.client.JerseyHttpClient - download: http://central.maven.org/maven2/ant/ant-optional/1.5/
18:46:15.363 [pool-1-thread-6] TRACE f.m.indexer.core.download.Crawler - getFullUrl: http://central.maven.org/maven2/ant/ant-launcher/1.6.4/, maven-metadata.xml.sha1)
18:46:15.365 [pool-1-thread-6] TRACE f.m.indexer.core.download.Crawler - doNext: http://central.maven.org/maven2/ant/ant-launcher/1.6.4/../
18:46:15.365 [pool-1-thread-6] TRACE f.m.indexer.core.download.Crawler - doNext: http://central.maven.org/maven2/ant/ant-launcher/1.6.4/ant-launcher-1.6.4.jar
18:46:15.365 [pool-1-thread-6] TRACE f.m.indexer.core.download.Crawler - doNext: http://central.maven.org/maven2/ant/ant-launcher/1.6.4/ant-launcher-1.6.4.jar.md5
18:46:15.365 [pool-1-thread-6] TRACE f.m.indexer.core.download.Crawler - doNext: http://central.maven.org/maven2/ant/ant-launcher/1.6.4/ant-launcher-1.6.4.jar.sha1
18:46:15.365 [pool-1-thread-6] TRACE f.m.indexer.core.download.Crawler - doNext: http://central.maven.org/maven2/ant/ant-launcher/1.6.4/ant-launcher-1.6.4.pom
18:46:15.365 [pool-1-thread-6] TRACE f.m.indexer.core.download.Crawler - doNext: http://central.maven.org/maven2/ant/ant-launcher/1.6.4/ant-launcher-1.6.4.pom.md5
18:46:15.365 [pool-1-thread-6] TRACE f.m.indexer.core.download.Crawler - doNext: http://central.maven.org/maven2/ant/ant-launcher/1.6.4/ant-launcher-1.6.4.pom.sha1
18:46:15.364 [pool-1-thread-4] TRACE f.m.indexer.core.download.Crawler - getFullUrl: http://central.maven.org/maven2/ant/ant-nodeps/1.6/, maven-metadata.xml.sha1)
18:46:15.365 [pool-1-thread-6] TRACE f.m.indexer.core.download.Crawler - doNext: http://central.maven.org/maven2/ant/ant-launcher/1.6.4/maven-metadata.xml
18:46:15.365 [pool-1-thread-4] TRACE f.m.indexer.core.download.Crawler - doNext: http://central.maven.org/maven2/ant/ant-nodeps/1.6/../
18:46:15.365 [pool-1-thread-4] TRACE f.m.indexer.core.download.Crawler - doNext: http://central.maven.org/maven2/ant/ant-nodeps/1.6/ant-nodeps-1.6.jar
18:46:15.365 [pool-1-thread-6] TRACE f.m.indexer.core.download.Crawler - match: http://central.maven.org/maven2/ant/ant-launcher/1.6.4/maven-metadata.xml
18:46:15.365 [pool-1-thread-4] TRACE f.m.indexer.core.download.Crawler - doNext: http://central.maven.org/maven2/ant/ant-nodeps/1.6/ant-nodeps-1.6.jar.md5
18:46:15.365 [pool-1-thread-4] TRACE f.m.indexer.core.download.Crawler - doNext: http://central.maven.org/maven2/ant/ant-nodeps/1.6/ant-nodeps-1.6.jar.sha1
18:46:15.365 [pool-1-thread-6] TRACE f.m.indexer.core.download.Crawler - doNext: http://central.maven.org/maven2/ant/ant-launcher/1.6.4/maven-metadata.xml.md5
18:46:15.365 [pool-1-thread-6] TRACE f.m.indexer.core.download.Crawler - doNext: http://central.maven.org/maven2/ant/ant-launcher/1.6.4/maven-metadata.xml.sha1
18:46:15.365 [pool-1-thread-4] TRACE f.m.indexer.core.download.Crawler - doNext: http://central.maven.org/maven2/ant/ant-nodeps/1.6/ant-nodeps-1.6.pom
18:46:15.366 [pool-1-thread-6] TRACE f.m.i.core.client.JerseyHttpClient - download: http://central.maven.org/maven2/ant/ant-optional/1.5.1/
18:46:15.366 [pool-1-thread-4] TRACE f.m.indexer.core.download.Crawler - doNext: http://central.maven.org/maven2/ant/ant-nodeps/1.6/ant-nodeps-1.6.pom.md5
18:46:15.366 [pool-1-thread-4] TRACE f.m.indexer.core.download.Crawler - doNext: http://central.maven.org/maven2/ant/ant-nodeps/1.6/ant-nodeps-1.6.pom.sha1
18:46:15.366 [pool-1-thread-4] TRACE f.m.indexer.core.download.Crawler - doNext: http://central.maven.org/maven2/ant/ant-nodeps/1.6/maven-metadata.xml
18:46:15.366 [pool-1-thread-4] TRACE f.m.indexer.core.download.Crawler - match: http://central.maven.org/maven2/ant/ant-nodeps/1.6/maven-metadata.xml
18:46:15.366 [pool-1-thread-4] TRACE f.m.indexer.core.download.Crawler - doNext: http://central.maven.org/maven2/ant/ant-nodeps/1.6/maven-metadata.xml.md5
18:46:15.366 [pool-1-thread-4] TRACE f.m.indexer.core.download.Crawler - doNext: http://central.maven.org/maven2/ant/ant-nodeps/1.6/maven-metadata.xml.sha1
18:46:15.366 [pool-1-thread-4] TRACE f.m.i.core.client.JerseyHttpClient - download: http://central.maven.org/maven2/ant/ant-optional/1.5.2/
18:46:15.369 [pool-1-thread-7] TRACE f.m.indexer.core.download.Crawler - getLinks: <!DOCTYPE html>
<html>

<head>
	<title>Central Repository: ant/ant-nodeps/1.6.1</title>
	<meta name="viewport" content="width=device-width, initial-scale=1.0">
	<style>
body {
	background: #fff;
}
	</style>
</head>

<body>
	<header>
		<h1>ant/ant-nodeps/1.6.1</h1>
	</header>
	<hr/>
	<main>
		<pre id="contents">
<a href="../">../</a>
<a href="ant-nodeps-1.6.1.jar" title="ant-nodeps-1.6.1.jar">ant-nodeps-1.6.1.jar</a>                              2005-09-20 05:44    406788      
<a href="ant-nodeps-1.6.1.jar.md5" title="ant-nodeps-1.6.1.jar.md5">ant-nodeps-1.6.1.jar.md5</a>                          2005-09-20 05:44        32      
<a href="ant-nodeps-1.6.1.jar.sha1" title="ant-nodeps-1.6.1.jar.sha1">ant-nodeps-1.6.1.jar.sha1</a>                         2005-09-20 05:44        40      
<a href="ant-nodeps-1.6.1.pom" title="ant-nodeps-1.6.1.pom">ant-nodeps-1.6.1.pom</a>                              2005-09-20 05:44       147      
<a href="ant-nodeps-1.6.1.pom.md5" title="ant-nodeps-1.6.1.pom.md5">ant-nodeps-1.6.1.pom.md5</a>                          2005-09-20 05:44        32      
<a href="ant-nodeps-1.6.1.pom.sha1" title="ant-nodeps-1.6.1.pom.sha1">ant-nodeps-1.6.1.pom.sha1</a>                         2005-09-20 05:44        40      
<a href="maven-metadata.xml" title="maven-metadata.xml">maven-metadata.xml</a>                                2005-09-20 05:44       112      
<a href="maven-metadata.xml.md5" title="maven-metadata.xml.md5">maven-metadata.xml.md5</a>                            2005-09-20 05:44        76      
<a href="maven-metadata.xml.sha1" title="maven-metadata.xml.sha1">maven-metadata.xml.sha1</a>                           2005-09-20 05:44       131      
		</pre>
	</main>
	<hr/>
</body>

</html>
18:46:15.369 [pool-1-thread-7] TRACE f.m.indexer.core.download.Crawler - getFullUrl: http://central.maven.org/maven2/ant/ant-nodeps/1.6.1/, ../)
18:46:15.369 [pool-1-thread-7] TRACE f.m.indexer.core.download.Crawler - getFullUrl: http://central.maven.org/maven2/ant/ant-nodeps/1.6.1/, ant-nodeps-1.6.1.jar)
18:46:15.369 [pool-1-thread-7] TRACE f.m.indexer.core.download.Crawler - getFullUrl: http://central.maven.org/maven2/ant/ant-nodeps/1.6.1/, ant-nodeps-1.6.1.jar.md5)
18:46:15.369 [pool-1-thread-7] TRACE f.m.indexer.core.download.Crawler - getFullUrl: http://central.maven.org/maven2/ant/ant-nodeps/1.6.1/, ant-nodeps-1.6.1.jar.sha1)
18:46:15.369 [pool-1-thread-7] TRACE f.m.indexer.core.download.Crawler - getFullUrl: http://central.maven.org/maven2/ant/ant-nodeps/1.6.1/, ant-nodeps-1.6.1.pom)
18:46:15.369 [pool-1-thread-7] TRACE f.m.indexer.core.download.Crawler - getFullUrl: http://central.maven.org/maven2/ant/ant-nodeps/1.6.1/, ant-nodeps-1.6.1.pom.md5)
18:46:15.369 [pool-1-thread-7] TRACE f.m.indexer.core.download.Crawler - getFullUrl: http://central.maven.org/maven2/ant/ant-nodeps/1.6.1/, ant-nodeps-1.6.1.pom.sha1)
18:46:15.369 [pool-1-thread-7] TRACE f.m.indexer.core.download.Crawler - getFullUrl: http://central.maven.org/maven2/ant/ant-nodeps/1.6.1/, maven-metadata.xml)
18:46:15.369 [pool-1-thread-7] TRACE f.m.indexer.core.download.Crawler - getFullUrl: http://central.maven.org/maven2/ant/ant-nodeps/1.6.1/, maven-metadata.xml.md5)
18:46:15.369 [pool-1-thread-7] TRACE f.m.indexer.core.download.Crawler - getFullUrl: http://central.maven.org/maven2/ant/ant-nodeps/1.6.1/, maven-metadata.xml.sha1)
18:46:15.369 [pool-1-thread-7] TRACE f.m.indexer.core.download.Crawler - doNext: http://central.maven.org/maven2/ant/ant-nodeps/1.6.1/../
18:46:15.370 [pool-1-thread-7] TRACE f.m.indexer.core.download.Crawler - doNext: http://central.maven.org/maven2/ant/ant-nodeps/1.6.1/ant-nodeps-1.6.1.jar
18:46:15.370 [pool-1-thread-7] TRACE f.m.indexer.core.download.Crawler - doNext: http://central.maven.org/maven2/ant/ant-nodeps/1.6.1/ant-nodeps-1.6.1.jar.md5
18:46:15.370 [pool-1-thread-7] TRACE f.m.indexer.core.download.Crawler - doNext: http://central.maven.org/maven2/ant/ant-nodeps/1.6.1/ant-nodeps-1.6.1.jar.sha1
18:46:15.370 [pool-1-thread-7] TRACE f.m.indexer.core.download.Crawler - doNext: http://central.maven.org/maven2/ant/ant-nodeps/1.6.1/ant-nodeps-1.6.1.pom
18:46:15.370 [pool-1-thread-7] TRACE f.m.indexer.core.download.Crawler - doNext: http://central.maven.org/maven2/ant/ant-nodeps/1.6.1/ant-nodeps-1.6.1.pom.md5
18:46:15.370 [pool-1-thread-7] TRACE f.m.indexer.core.download.Crawler - doNext: http://central.maven.org/maven2/ant/ant-nodeps/1.6.1/ant-nodeps-1.6.1.pom.sha1
18:46:15.370 [pool-1-thread-7] TRACE f.m.indexer.core.download.Crawler - doNext: http://central.maven.org/maven2/ant/ant-nodeps/1.6.1/maven-metadata.xml
18:46:15.370 [pool-1-thread-7] TRACE f.m.indexer.core.download.Crawler - match: http://central.maven.org/maven2/ant/ant-nodeps/1.6.1/maven-metadata.xml
18:46:15.370 [pool-1-thread-7] TRACE f.m.indexer.core.download.Crawler - doNext: http://central.maven.org/maven2/ant/ant-nodeps/1.6.1/maven-metadata.xml.md5
18:46:15.370 [pool-1-thread-7] TRACE f.m.indexer.core.download.Crawler - doNext: http://central.maven.org/maven2/ant/ant-nodeps/1.6.1/maven-metadata.xml.sha1
18:46:15.370 [pool-1-thread-7] TRACE f.m.i.core.client.JerseyHttpClient - download: http://central.maven.org/maven2/ant/ant-optional/1.5.3-1/
18:46:15.371 [pool-1-thread-10] TRACE f.m.indexer.core.download.Crawler - getLinks: <!DOCTYPE html>
<html>

<head>
	<title>Central Repository: ant/ant-nodeps/1.6.2</title>
	<meta name="viewport" content="width=device-width, initial-scale=1.0">
	<style>
body {
	background: #fff;
}
	</style>
</head>

<body>
	<header>
		<h1>ant/ant-nodeps/1.6.2</h1>
	</header>
	<hr/>
	<main>
		<pre id="contents">
<a href="../">../</a>
<a href="ant-nodeps-1.6.2.jar" title="ant-nodeps-1.6.2.jar">ant-nodeps-1.6.2.jar</a>                              2005-09-20 05:44    407573      
<a href="ant-nodeps-1.6.2.jar.md5" title="ant-nodeps-1.6.2.jar.md5">ant-nodeps-1.6.2.jar.md5</a>                          2005-09-20 05:44        32      
<a href="ant-nodeps-1.6.2.jar.sha1" title="ant-nodeps-1.6.2.jar.sha1">ant-nodeps-1.6.2.jar.sha1</a>                         2005-09-20 05:44        40      
<a href="ant-nodeps-1.6.2.pom" title="ant-nodeps-1.6.2.pom">ant-nodeps-1.6.2.pom</a>                              2005-09-20 05:44       147      
<a href="ant-nodeps-1.6.2.pom.md5" title="ant-nodeps-1.6.2.pom.md5">ant-nodeps-1.6.2.pom.md5</a>                          2005-09-20 05:44        32      
<a href="ant-nodeps-1.6.2.pom.sha1" title="ant-nodeps-1.6.2.pom.sha1">ant-nodeps-1.6.2.pom.sha1</a>                         2005-09-20 05:44        40      
<a href="maven-metadata.xml" title="maven-metadata.xml">maven-metadata.xml</a>                                2005-09-20 05:44       112      
<a href="maven-metadata.xml.md5" title="maven-metadata.xml.md5">maven-metadata.xml.md5</a>                            2005-09-20 05:44        76      
<a href="maven-metadata.xml.sha1" title="maven-metadata.xml.sha1">maven-metadata.xml.sha1</a>                           2005-09-20 05:44       131      
		</pre>
	</main>
	<hr/>
</body>

</html>
18:46:15.371 [pool-1-thread-10] TRACE f.m.indexer.core.download.Crawler - getFullUrl: http://central.maven.org/maven2/ant/ant-nodeps/1.6.2/, ../)
18:46:15.371 [pool-1-thread-10] TRACE f.m.indexer.core.download.Crawler - getFullUrl: http://central.maven.org/maven2/ant/ant-nodeps/1.6.2/, ant-nodeps-1.6.2.jar)
18:46:15.371 [pool-1-thread-10] TRACE f.m.indexer.core.download.Crawler - getFullUrl: http://central.maven.org/maven2/ant/ant-nodeps/1.6.2/, ant-nodeps-1.6.2.jar.md5)
18:46:15.371 [pool-1-thread-10] TRACE f.m.indexer.core.download.Crawler - getFullUrl: http://central.maven.org/maven2/ant/ant-nodeps/1.6.2/, ant-nodeps-1.6.2.jar.sha1)
18:46:15.371 [pool-1-thread-10] TRACE f.m.indexer.core.download.Crawler - getFullUrl: http://central.maven.org/maven2/ant/ant-nodeps/1.6.2/, ant-nodeps-1.6.2.pom)
18:46:15.371 [pool-1-thread-10] TRACE f.m.indexer.core.download.Crawler - getFullUrl: http://central.maven.org/maven2/ant/ant-nodeps/1.6.2/, ant-nodeps-1.6.2.pom.md5)
18:46:15.371 [pool-1-thread-10] TRACE f.m.indexer.core.download.Crawler - getFullUrl: http://central.maven.org/maven2/ant/ant-nodeps/1.6.2/, ant-nodeps-1.6.2.pom.sha1)
18:46:15.371 [pool-1-thread-10] TRACE f.m.indexer.core.download.Crawler - getFullUrl: http://central.maven.org/maven2/ant/ant-nodeps/1.6.2/, maven-metadata.xml)
18:46:15.371 [pool-1-thread-10] TRACE f.m.indexer.core.download.Crawler - getFullUrl: http://central.maven.org/maven2/ant/ant-nodeps/1.6.2/, maven-metadata.xml.md5)
18:46:15.371 [pool-1-thread-10] TRACE f.m.indexer.core.download.Crawler - getFullUrl: http://central.maven.org/maven2/ant/ant-nodeps/1.6.2/, maven-metadata.xml.sha1)
18:46:15.371 [pool-1-thread-10] TRACE f.m.indexer.core.download.Crawler - doNext: http://central.maven.org/maven2/ant/ant-nodeps/1.6.2/../
18:46:15.371 [pool-1-thread-10] TRACE f.m.indexer.core.download.Crawler - doNext: http://central.maven.org/maven2/ant/ant-nodeps/1.6.2/ant-nodeps-1.6.2.jar
18:46:15.371 [pool-1-thread-10] TRACE f.m.indexer.core.download.Crawler - doNext: http://central.maven.org/maven2/ant/ant-nodeps/1.6.2/ant-nodeps-1.6.2.jar.md5
18:46:15.371 [pool-1-thread-10] TRACE f.m.indexer.core.download.Crawler - doNext: http://central.maven.org/maven2/ant/ant-nodeps/1.6.2/ant-nodeps-1.6.2.jar.sha1
18:46:15.371 [pool-1-thread-10] TRACE f.m.indexer.core.download.Crawler - doNext: http://central.maven.org/maven2/ant/ant-nodeps/1.6.2/ant-nodeps-1.6.2.pom
18:46:15.371 [pool-1-thread-10] TRACE f.m.indexer.core.download.Crawler - doNext: http://central.maven.org/maven2/ant/ant-nodeps/1.6.2/ant-nodeps-1.6.2.pom.md5
18:46:15.371 [pool-1-thread-10] TRACE f.m.indexer.core.download.Crawler - doNext: http://central.maven.org/maven2/ant/ant-nodeps/1.6.2/ant-nodeps-1.6.2.pom.sha1
18:46:15.371 [pool-1-thread-10] TRACE f.m.indexer.core.download.Crawler - doNext: http://central.maven.org/maven2/ant/ant-nodeps/1.6.2/maven-metadata.xml
18:46:15.371 [pool-1-thread-10] TRACE f.m.indexer.core.download.Crawler - match: http://central.maven.org/maven2/ant/ant-nodeps/1.6.2/maven-metadata.xml
18:46:15.371 [pool-1-thread-10] TRACE f.m.indexer.core.download.Crawler - doNext: http://central.maven.org/maven2/ant/ant-nodeps/1.6.2/maven-metadata.xml.md5
18:46:15.371 [pool-1-thread-10] TRACE f.m.indexer.core.download.Crawler - doNext: http://central.maven.org/maven2/ant/ant-nodeps/1.6.2/maven-metadata.xml.sha1
18:46:15.371 [pool-1-thread-10] TRACE f.m.i.core.client.JerseyHttpClient - download: http://central.maven.org/maven2/ant/ant-optional/maven-metadata.xml
18:46:15.374 [pool-1-thread-5] TRACE f.m.indexer.core.download.Crawler - getLinks: <!DOCTYPE html>
<html>

<head>
	<title>Central Repository: ant/ant-nodeps/1.6.3</title>
	<meta name="viewport" content="width=device-width, initial-scale=1.0">
	<style>
body {
	background: #fff;
}
	</style>
</head>

<body>
	<header>
		<h1>ant/ant-nodeps/1.6.3</h1>
	</header>
	<hr/>
	<main>
		<pre id="contents">
<a href="../">../</a>
<a href="ant-nodeps-1.6.3.jar" title="ant-nodeps-1.6.3.jar">ant-nodeps-1.6.3.jar</a>                              2005-09-20 05:44    420930      
<a href="ant-nodeps-1.6.3.jar.md5" title="ant-nodeps-1.6.3.jar.md5">ant-nodeps-1.6.3.jar.md5</a>                          2005-09-20 05:44        32      
<a href="ant-nodeps-1.6.3.jar.sha1" title="ant-nodeps-1.6.3.jar.sha1">ant-nodeps-1.6.3.jar.sha1</a>                         2005-09-20 05:44        40      
<a href="ant-nodeps-1.6.3.pom" title="ant-nodeps-1.6.3.pom">ant-nodeps-1.6.3.pom</a>                              2005-09-20 05:44       147      
<a href="ant-nodeps-1.6.3.pom.md5" title="ant-nodeps-1.6.3.pom.md5">ant-nodeps-1.6.3.pom.md5</a>                          2005-09-20 05:44        32      
<a href="ant-nodeps-1.6.3.pom.sha1" title="ant-nodeps-1.6.3.pom.sha1">ant-nodeps-1.6.3.pom.sha1</a>                         2005-09-20 05:44        40      
<a href="maven-metadata.xml" title="maven-metadata.xml">maven-metadata.xml</a>                                2005-09-20 05:44       112      
<a href="maven-metadata.xml.md5" title="maven-metadata.xml.md5">maven-metadata.xml.md5</a>                            2005-09-20 05:44        76      
<a href="maven-metadata.xml.sha1" title="maven-metadata.xml.sha1">maven-metadata.xml.sha1</a>                           2005-09-20 05:44       131      
		</pre>
	</main>
	<hr/>
</body>

</html>
18:46:15.375 [pool-1-thread-5] TRACE f.m.indexer.core.download.Crawler - getFullUrl: http://central.maven.org/maven2/ant/ant-nodeps/1.6.3/, ../)
18:46:15.375 [pool-1-thread-5] TRACE f.m.indexer.core.download.Crawler - getFullUrl: http://central.maven.org/maven2/ant/ant-nodeps/1.6.3/, ant-nodeps-1.6.3.jar)
18:46:15.375 [pool-1-thread-5] TRACE f.m.indexer.core.download.Crawler - getFullUrl: http://central.maven.org/maven2/ant/ant-nodeps/1.6.3/, ant-nodeps-1.6.3.jar.md5)
18:46:15.375 [pool-1-thread-5] TRACE f.m.indexer.core.download.Crawler - getFullUrl: http://central.maven.org/maven2/ant/ant-nodeps/1.6.3/, ant-nodeps-1.6.3.jar.sha1)
18:46:15.375 [pool-1-thread-5] TRACE f.m.indexer.core.download.Crawler - getFullUrl: http://central.maven.org/maven2/ant/ant-nodeps/1.6.3/, ant-nodeps-1.6.3.pom)
18:46:15.375 [pool-1-thread-5] TRACE f.m.indexer.core.download.Crawler - getFullUrl: http://central.maven.org/maven2/ant/ant-nodeps/1.6.3/, ant-nodeps-1.6.3.pom.md5)
18:46:15.375 [pool-1-thread-5] TRACE f.m.indexer.core.download.Crawler - getFullUrl: http://central.maven.org/maven2/ant/ant-nodeps/1.6.3/, ant-nodeps-1.6.3.pom.sha1)
18:46:15.375 [pool-1-thread-5] TRACE f.m.indexer.core.download.Crawler - getFullUrl: http://central.maven.org/maven2/ant/ant-nodeps/1.6.3/, maven-metadata.xml)
18:46:15.375 [pool-1-thread-5] TRACE f.m.indexer.core.download.Crawler - getFullUrl: http://central.maven.org/maven2/ant/ant-nodeps/1.6.3/, maven-metadata.xml.md5)
18:46:15.375 [pool-1-thread-5] TRACE f.m.indexer.core.download.Crawler - getFullUrl: http://central.maven.org/maven2/ant/ant-nodeps/1.6.3/, maven-metadata.xml.sha1)
18:46:15.375 [pool-1-thread-5] TRACE f.m.indexer.core.download.Crawler - doNext: http://central.maven.org/maven2/ant/ant-nodeps/1.6.3/../
18:46:15.375 [pool-1-thread-5] TRACE f.m.indexer.core.download.Crawler - doNext: http://central.maven.org/maven2/ant/ant-nodeps/1.6.3/ant-nodeps-1.6.3.jar
18:46:15.375 [pool-1-thread-5] TRACE f.m.indexer.core.download.Crawler - doNext: http://central.maven.org/maven2/ant/ant-nodeps/1.6.3/ant-nodeps-1.6.3.jar.md5
18:46:15.375 [pool-1-thread-5] TRACE f.m.indexer.core.download.Crawler - doNext: http://central.maven.org/maven2/ant/ant-nodeps/1.6.3/ant-nodeps-1.6.3.jar.sha1
18:46:15.375 [pool-1-thread-5] TRACE f.m.indexer.core.download.Crawler - doNext: http://central.maven.org/maven2/ant/ant-nodeps/1.6.3/ant-nodeps-1.6.3.pom
18:46:15.375 [pool-1-thread-5] TRACE f.m.indexer.core.download.Crawler - doNext: http://central.maven.org/maven2/ant/ant-nodeps/1.6.3/ant-nodeps-1.6.3.pom.md5
18:46:15.375 [pool-1-thread-5] TRACE f.m.indexer.core.download.Crawler - doNext: http://central.maven.org/maven2/ant/ant-nodeps/1.6.3/ant-nodeps-1.6.3.pom.sha1
18:46:15.375 [pool-1-thread-5] TRACE f.m.indexer.core.download.Crawler - doNext: http://central.maven.org/maven2/ant/ant-nodeps/1.6.3/maven-metadata.xml
18:46:15.375 [pool-1-thread-5] TRACE f.m.indexer.core.download.Crawler - match: http://central.maven.org/maven2/ant/ant-nodeps/1.6.3/maven-metadata.xml
18:46:15.375 [pool-1-thread-5] TRACE f.m.indexer.core.download.Crawler - doNext: http://central.maven.org/maven2/ant/ant-nodeps/1.6.3/maven-metadata.xml.md5
18:46:15.375 [pool-1-thread-5] TRACE f.m.indexer.core.download.Crawler - doNext: http://central.maven.org/maven2/ant/ant-nodeps/1.6.3/maven-metadata.xml.sha1
18:46:15.375 [pool-1-thread-5] TRACE f.m.i.core.client.JerseyHttpClient - download: http://central.maven.org/maven2/ant/ant-starteam/1.6/
18:46:15.418 [pool-1-thread-3] TRACE f.m.indexer.core.download.Crawler - getLinks: <!DOCTYPE html>
<html>

<head>
	<title>Central Repository: ant/ant-nodeps/1.6.5</title>
	<meta name="viewport" content="width=device-width, initial-scale=1.0">
	<style>
body {
	background: #fff;
}
	</style>
</head>

<body>
	<header>
		<h1>ant/ant-nodeps/1.6.5</h1>
	</header>
	<hr/>
	<main>
		<pre id="contents">
<a href="../">../</a>
<a href="ant-nodeps-1.6.5.jar" title="ant-nodeps-1.6.5.jar">ant-nodeps-1.6.5.jar</a>                              2005-09-20 05:44    421008      
<a href="ant-nodeps-1.6.5.jar.md5" title="ant-nodeps-1.6.5.jar.md5">ant-nodeps-1.6.5.jar.md5</a>                          2005-09-20 05:44        32      
<a href="ant-nodeps-1.6.5.jar.sha1" title="ant-nodeps-1.6.5.jar.sha1">ant-nodeps-1.6.5.jar.sha1</a>                         2005-09-20 05:44        40      
<a href="ant-nodeps-1.6.5.pom" title="ant-nodeps-1.6.5.pom">ant-nodeps-1.6.5.pom</a>                              2005-09-20 05:44       147      
<a href="ant-nodeps-1.6.5.pom.md5" title="ant-nodeps-1.6.5.pom.md5">ant-nodeps-1.6.5.pom.md5</a>                          2005-09-20 05:44        32      
<a href="ant-nodeps-1.6.5.pom.sha1" title="ant-nodeps-1.6.5.pom.sha1">ant-nodeps-1.6.5.pom.sha1</a>                         2005-09-20 05:44        40      
<a href="maven-metadata.xml" title="maven-metadata.xml">maven-metadata.xml</a>                                2005-09-20 05:44       112      
<a href="maven-metadata.xml.md5" title="maven-metadata.xml.md5">maven-metadata.xml.md5</a>                            2005-09-20 05:44        76      
<a href="maven-metadata.xml.sha1" title="maven-metadata.xml.sha1">maven-metadata.xml.sha1</a>                           2005-09-20 05:44       131      
		</pre>
	</main>
	<hr/>
</body>

</html>
18:46:15.418 [pool-1-thread-3] TRACE f.m.indexer.core.download.Crawler - getFullUrl: http://central.maven.org/maven2/ant/ant-nodeps/1.6.5/, ../)
18:46:15.419 [pool-1-thread-3] TRACE f.m.indexer.core.download.Crawler - getFullUrl: http://central.maven.org/maven2/ant/ant-nodeps/1.6.5/, ant-nodeps-1.6.5.jar)
18:46:15.419 [pool-1-thread-3] TRACE f.m.indexer.core.download.Crawler - getFullUrl: http://central.maven.org/maven2/ant/ant-nodeps/1.6.5/, ant-nodeps-1.6.5.jar.md5)
18:46:15.419 [pool-1-thread-3] TRACE f.m.indexer.core.download.Crawler - getFullUrl: http://central.maven.org/maven2/ant/ant-nodeps/1.6.5/, ant-nodeps-1.6.5.jar.sha1)
18:46:15.419 [pool-1-thread-3] TRACE f.m.indexer.core.download.Crawler - getFullUrl: http://central.maven.org/maven2/ant/ant-nodeps/1.6.5/, ant-nodeps-1.6.5.pom)
18:46:15.419 [pool-1-thread-3] TRACE f.m.indexer.core.download.Crawler - getFullUrl: http://central.maven.org/maven2/ant/ant-nodeps/1.6.5/, ant-nodeps-1.6.5.pom.md5)
18:46:15.419 [pool-1-thread-3] TRACE f.m.indexer.core.download.Crawler - getFullUrl: http://central.maven.org/maven2/ant/ant-nodeps/1.6.5/, ant-nodeps-1.6.5.pom.sha1)
18:46:15.419 [pool-1-thread-3] TRACE f.m.indexer.core.download.Crawler - getFullUrl: http://central.maven.org/maven2/ant/ant-nodeps/1.6.5/, maven-metadata.xml)
18:46:15.419 [pool-1-thread-3] TRACE f.m.indexer.core.download.Crawler - getFullUrl: http://central.maven.org/maven2/ant/ant-nodeps/1.6.5/, maven-metadata.xml.md5)
18:46:15.419 [pool-1-thread-3] TRACE f.m.indexer.core.download.Crawler - getFullUrl: http://central.maven.org/maven2/ant/ant-nodeps/1.6.5/, maven-metadata.xml.sha1)
18:46:15.419 [pool-1-thread-3] TRACE f.m.indexer.core.download.Crawler - doNext: http://central.maven.org/maven2/ant/ant-nodeps/1.6.5/../
18:46:15.419 [pool-1-thread-3] TRACE f.m.indexer.core.download.Crawler - doNext: http://central.maven.org/maven2/ant/ant-nodeps/1.6.5/ant-nodeps-1.6.5.jar
18:46:15.419 [pool-1-thread-3] TRACE f.m.indexer.core.download.Crawler - doNext: http://central.maven.org/maven2/ant/ant-nodeps/1.6.5/ant-nodeps-1.6.5.jar.md5
18:46:15.419 [pool-1-thread-3] TRACE f.m.indexer.core.download.Crawler - doNext: http://central.maven.org/maven2/ant/ant-nodeps/1.6.5/ant-nodeps-1.6.5.jar.sha1
18:46:15.419 [pool-1-thread-3] TRACE f.m.indexer.core.download.Crawler - doNext: http://central.maven.org/maven2/ant/ant-nodeps/1.6.5/ant-nodeps-1.6.5.pom
18:46:15.419 [pool-1-thread-3] TRACE f.m.indexer.core.download.Crawler - doNext: http://central.maven.org/maven2/ant/ant-nodeps/1.6.5/ant-nodeps-1.6.5.pom.md5
18:46:15.419 [pool-1-thread-3] TRACE f.m.indexer.core.download.Crawler - doNext: http://central.maven.org/maven2/ant/ant-nodeps/1.6.5/ant-nodeps-1.6.5.pom.sha1
18:46:15.419 [pool-1-thread-3] TRACE f.m.indexer.core.download.Crawler - doNext: http://central.maven.org/maven2/ant/ant-nodeps/1.6.5/maven-metadata.xml
18:46:15.419 [pool-1-thread-3] TRACE f.m.indexer.core.download.Crawler - match: http://central.maven.org/maven2/ant/ant-nodeps/1.6.5/maven-metadata.xml
18:46:15.419 [pool-1-thread-3] TRACE f.m.indexer.core.download.Crawler - doNext: http://central.maven.org/maven2/ant/ant-nodeps/1.6.5/maven-metadata.xml.md5
18:46:15.419 [pool-1-thread-3] TRACE f.m.indexer.core.download.Crawler - doNext: http://central.maven.org/maven2/ant/ant-nodeps/1.6.5/maven-metadata.xml.sha1
18:46:15.419 [pool-1-thread-3] TRACE f.m.i.core.client.JerseyHttpClient - download: http://central.maven.org/maven2/ant/ant-starteam/1.6.1/
18:46:15.422 [pool-1-thread-9] TRACE f.m.indexer.core.download.Crawler - getLinks: <!DOCTYPE html>
<html>

<head>
	<title>Central Repository: ant/ant-optional/1.4.1</title>
	<meta name="viewport" content="width=device-width, initial-scale=1.0">
	<style>
body {
	background: #fff;
}
	</style>
</head>

<body>
	<header>
		<h1>ant/ant-optional/1.4.1</h1>
	</header>
	<hr/>
	<main>
		<pre id="contents">
<a href="../">../</a>
<a href="ant-optional-1.4.1.jar" title="ant-optional-1.4.1.jar">ant-optional-1.4.1.jar</a>                            2005-09-20 05:44    468566      
<a href="ant-optional-1.4.1.jar.md5" title="ant-optional-1.4.1.jar.md5">ant-optional-1.4.1.jar.md5</a>                        2005-09-20 05:44        32      
<a href="ant-optional-1.4.1.jar.sha1" title="ant-optional-1.4.1.jar.sha1">ant-optional-1.4.1.jar.sha1</a>                       2005-09-20 05:44        40      
<a href="ant-optional-1.4.1.pom" title="ant-optional-1.4.1.pom">ant-optional-1.4.1.pom</a>                            2005-09-20 05:44       149      
<a href="ant-optional-1.4.1.pom.md5" title="ant-optional-1.4.1.pom.md5">ant-optional-1.4.1.pom.md5</a>                        2005-09-20 05:44        32      
<a href="ant-optional-1.4.1.pom.sha1" title="ant-optional-1.4.1.pom.sha1">ant-optional-1.4.1.pom.sha1</a>                       2005-09-20 05:44        40      
<a href="maven-metadata.xml" title="maven-metadata.xml">maven-metadata.xml</a>                                2005-09-20 05:44       114      
<a href="maven-metadata.xml.md5" title="maven-metadata.xml.md5">maven-metadata.xml.md5</a>                            2005-09-20 05:44        78      
<a href="maven-metadata.xml.sha1" title="maven-metadata.xml.sha1">maven-metadata.xml.sha1</a>                           2005-09-20 05:44       133      
		</pre>
	</main>
	<hr/>
</body>

</html>
18:46:15.422 [pool-1-thread-9] TRACE f.m.indexer.core.download.Crawler - getFullUrl: http://central.maven.org/maven2/ant/ant-optional/1.4.1/, ../)
18:46:15.422 [pool-1-thread-9] TRACE f.m.indexer.core.download.Crawler - getFullUrl: http://central.maven.org/maven2/ant/ant-optional/1.4.1/, ant-optional-1.4.1.jar)
18:46:15.423 [pool-1-thread-9] TRACE f.m.indexer.core.download.Crawler - getFullUrl: http://central.maven.org/maven2/ant/ant-optional/1.4.1/, ant-optional-1.4.1.jar.md5)
18:46:15.423 [pool-1-thread-9] TRACE f.m.indexer.core.download.Crawler - getFullUrl: http://central.maven.org/maven2/ant/ant-optional/1.4.1/, ant-optional-1.4.1.jar.sha1)
18:46:15.423 [pool-1-thread-9] TRACE f.m.indexer.core.download.Crawler - getFullUrl: http://central.maven.org/maven2/ant/ant-optional/1.4.1/, ant-optional-1.4.1.pom)
18:46:15.423 [pool-1-thread-9] TRACE f.m.indexer.core.download.Crawler - getFullUrl: http://central.maven.org/maven2/ant/ant-optional/1.4.1/, ant-optional-1.4.1.pom.md5)
18:46:15.423 [pool-1-thread-9] TRACE f.m.indexer.core.download.Crawler - getFullUrl: http://central.maven.org/maven2/ant/ant-optional/1.4.1/, ant-optional-1.4.1.pom.sha1)
18:46:15.423 [pool-1-thread-9] TRACE f.m.indexer.core.download.Crawler - getFullUrl: http://central.maven.org/maven2/ant/ant-optional/1.4.1/, maven-metadata.xml)
18:46:15.423 [pool-1-thread-9] TRACE f.m.indexer.core.download.Crawler - getFullUrl: http://central.maven.org/maven2/ant/ant-optional/1.4.1/, maven-metadata.xml.md5)
18:46:15.423 [pool-1-thread-9] TRACE f.m.indexer.core.download.Crawler - getFullUrl: http://central.maven.org/maven2/ant/ant-optional/1.4.1/, maven-metadata.xml.sha1)
18:46:15.423 [pool-1-thread-9] TRACE f.m.indexer.core.download.Crawler - doNext: http://central.maven.org/maven2/ant/ant-optional/1.4.1/../
18:46:15.423 [pool-1-thread-9] TRACE f.m.indexer.core.download.Crawler - doNext: http://central.maven.org/maven2/ant/ant-optional/1.4.1/ant-optional-1.4.1.jar
18:46:15.423 [pool-1-thread-9] TRACE f.m.indexer.core.download.Crawler - doNext: http://central.maven.org/maven2/ant/ant-optional/1.4.1/ant-optional-1.4.1.jar.md5
18:46:15.423 [pool-1-thread-9] TRACE f.m.indexer.core.download.Crawler - doNext: http://central.maven.org/maven2/ant/ant-optional/1.4.1/ant-optional-1.4.1.jar.sha1
18:46:15.423 [pool-1-thread-9] TRACE f.m.indexer.core.download.Crawler - doNext: http://central.maven.org/maven2/ant/ant-optional/1.4.1/ant-optional-1.4.1.pom
18:46:15.423 [pool-1-thread-9] TRACE f.m.indexer.core.download.Crawler - doNext: http://central.maven.org/maven2/ant/ant-optional/1.4.1/ant-optional-1.4.1.pom.md5
18:46:15.423 [pool-1-thread-9] TRACE f.m.indexer.core.download.Crawler - doNext: http://central.maven.org/maven2/ant/ant-optional/1.4.1/ant-optional-1.4.1.pom.sha1
18:46:15.423 [pool-1-thread-9] TRACE f.m.indexer.core.download.Crawler - doNext: http://central.maven.org/maven2/ant/ant-optional/1.4.1/maven-metadata.xml
18:46:15.423 [pool-1-thread-9] TRACE f.m.indexer.core.download.Crawler - match: http://central.maven.org/maven2/ant/ant-optional/1.4.1/maven-metadata.xml
18:46:15.423 [pool-1-thread-9] TRACE f.m.indexer.core.download.Crawler - doNext: http://central.maven.org/maven2/ant/ant-optional/1.4.1/maven-metadata.xml.md5
18:46:15.423 [pool-1-thread-9] TRACE f.m.indexer.core.download.Crawler - doNext: http://central.maven.org/maven2/ant/ant-optional/1.4.1/maven-metadata.xml.sha1
18:46:15.423 [pool-1-thread-9] TRACE f.m.i.core.client.JerseyHttpClient - download: http://central.maven.org/maven2/ant/ant-starteam/1.6.2/
18:46:15.425 [pool-1-thread-2] TRACE f.m.indexer.core.download.Crawler - getLinks: <!DOCTYPE html>
<html>

<head>
	<title>Central Repository: ant/ant-nodeps/1.6.4</title>
	<meta name="viewport" content="width=device-width, initial-scale=1.0">
	<style>
body {
	background: #fff;
}
	</style>
</head>

<body>
	<header>
		<h1>ant/ant-nodeps/1.6.4</h1>
	</header>
	<hr/>
	<main>
		<pre id="contents">
<a href="../">../</a>
<a href="ant-nodeps-1.6.4.jar" title="ant-nodeps-1.6.4.jar">ant-nodeps-1.6.4.jar</a>                              2005-09-20 05:44    421008      
<a href="ant-nodeps-1.6.4.jar.md5" title="ant-nodeps-1.6.4.jar.md5">ant-nodeps-1.6.4.jar.md5</a>                          2005-09-20 05:44        32      
<a href="ant-nodeps-1.6.4.jar.sha1" title="ant-nodeps-1.6.4.jar.sha1">ant-nodeps-1.6.4.jar.sha1</a>                         2005-09-20 05:44        40      
<a href="ant-nodeps-1.6.4.pom" title="ant-nodeps-1.6.4.pom">ant-nodeps-1.6.4.pom</a>                              2005-09-20 05:44       147      
<a href="ant-nodeps-1.6.4.pom.md5" title="ant-nodeps-1.6.4.pom.md5">ant-nodeps-1.6.4.pom.md5</a>                          2005-09-20 05:44        32      
<a href="ant-nodeps-1.6.4.pom.sha1" title="ant-nodeps-1.6.4.pom.sha1">ant-nodeps-1.6.4.pom.sha1</a>                         2005-09-20 05:44        40      
<a href="maven-metadata.xml" title="maven-metadata.xml">maven-metadata.xml</a>                                2005-09-20 05:44       112      
<a href="maven-metadata.xml.md5" title="maven-metadata.xml.md5">maven-metadata.xml.md5</a>                            2005-09-20 05:44        76      
<a href="maven-metadata.xml.sha1" title="maven-metadata.xml.sha1">maven-metadata.xml.sha1</a>                           2005-09-20 05:44       131      
		</pre>
	</main>
	<hr/>
</body>

</html>
18:46:15.425 [pool-1-thread-2] TRACE f.m.indexer.core.download.Crawler - getFullUrl: http://central.maven.org/maven2/ant/ant-nodeps/1.6.4/, ../)
18:46:15.425 [pool-1-thread-2] TRACE f.m.indexer.core.download.Crawler - getFullUrl: http://central.maven.org/maven2/ant/ant-nodeps/1.6.4/, ant-nodeps-1.6.4.jar)
18:46:15.425 [pool-1-thread-2] TRACE f.m.indexer.core.download.Crawler - getFullUrl: http://central.maven.org/maven2/ant/ant-nodeps/1.6.4/, ant-nodeps-1.6.4.jar.md5)
18:46:15.425 [pool-1-thread-2] TRACE f.m.indexer.core.download.Crawler - getFullUrl: http://central.maven.org/maven2/ant/ant-nodeps/1.6.4/, ant-nodeps-1.6.4.jar.sha1)
18:46:15.425 [pool-1-thread-2] TRACE f.m.indexer.core.download.Crawler - getFullUrl: http://central.maven.org/maven2/ant/ant-nodeps/1.6.4/, ant-nodeps-1.6.4.pom)
18:46:15.425 [pool-1-thread-2] TRACE f.m.indexer.core.download.Crawler - getFullUrl: http://central.maven.org/maven2/ant/ant-nodeps/1.6.4/, ant-nodeps-1.6.4.pom.md5)
18:46:15.426 [pool-1-thread-2] TRACE f.m.indexer.core.download.Crawler - getFullUrl: http://central.maven.org/maven2/ant/ant-nodeps/1.6.4/, ant-nodeps-1.6.4.pom.sha1)
18:46:15.426 [pool-1-thread-2] TRACE f.m.indexer.core.download.Crawler - getFullUrl: http://central.maven.org/maven2/ant/ant-nodeps/1.6.4/, maven-metadata.xml)
18:46:15.426 [pool-1-thread-2] TRACE f.m.indexer.core.download.Crawler - getFullUrl: http://central.maven.org/maven2/ant/ant-nodeps/1.6.4/, maven-metadata.xml.md5)
18:46:15.426 [pool-1-thread-2] TRACE f.m.indexer.core.download.Crawler - getFullUrl: http://central.maven.org/maven2/ant/ant-nodeps/1.6.4/, maven-metadata.xml.sha1)
18:46:15.426 [pool-1-thread-2] TRACE f.m.indexer.core.download.Crawler - doNext: http://central.maven.org/maven2/ant/ant-nodeps/1.6.4/../
18:46:15.426 [pool-1-thread-2] TRACE f.m.indexer.core.download.Crawler - doNext: http://central.maven.org/maven2/ant/ant-nodeps/1.6.4/ant-nodeps-1.6.4.jar
18:46:15.426 [pool-1-thread-2] TRACE f.m.indexer.core.download.Crawler - doNext: http://central.maven.org/maven2/ant/ant-nodeps/1.6.4/ant-nodeps-1.6.4.jar.md5
18:46:15.426 [pool-1-thread-2] TRACE f.m.indexer.core.download.Crawler - doNext: http://central.maven.org/maven2/ant/ant-nodeps/1.6.4/ant-nodeps-1.6.4.jar.sha1
18:46:15.426 [pool-1-thread-2] TRACE f.m.indexer.core.download.Crawler - doNext: http://central.maven.org/maven2/ant/ant-nodeps/1.6.4/ant-nodeps-1.6.4.pom
18:46:15.426 [pool-1-thread-2] TRACE f.m.indexer.core.download.Crawler - doNext: http://central.maven.org/maven2/ant/ant-nodeps/1.6.4/ant-nodeps-1.6.4.pom.md5
18:46:15.426 [pool-1-thread-2] TRACE f.m.indexer.core.download.Crawler - doNext: http://central.maven.org/maven2/ant/ant-nodeps/1.6.4/ant-nodeps-1.6.4.pom.sha1
18:46:15.426 [pool-1-thread-2] TRACE f.m.indexer.core.download.Crawler - doNext: http://central.maven.org/maven2/ant/ant-nodeps/1.6.4/maven-metadata.xml
18:46:15.426 [pool-1-thread-2] TRACE f.m.indexer.core.download.Crawler - match: http://central.maven.org/maven2/ant/ant-nodeps/1.6.4/maven-metadata.xml
18:46:15.426 [pool-1-thread-2] TRACE f.m.indexer.core.download.Crawler - doNext: http://central.maven.org/maven2/ant/ant-nodeps/1.6.4/maven-metadata.xml.md5
18:46:15.426 [pool-1-thread-2] TRACE f.m.indexer.core.download.Crawler - doNext: http://central.maven.org/maven2/ant/ant-nodeps/1.6.4/maven-metadata.xml.sha1
18:46:15.426 [pool-1-thread-2] TRACE f.m.i.core.client.JerseyHttpClient - download: http://central.maven.org/maven2/ant/ant-starteam/1.6.3/
18:46:15.428 [pool-1-thread-1] TRACE f.m.indexer.core.download.Crawler - getLinks: <!DOCTYPE html>
<html>

<head>
	<title>Central Repository: ant/ant-optional/1.5</title>
	<meta name="viewport" content="width=device-width, initial-scale=1.0">
	<style>
body {
	background: #fff;
}
	</style>
</head>

<body>
	<header>
		<h1>ant/ant-optional/1.5</h1>
	</header>
	<hr/>
	<main>
		<pre id="contents">
<a href="../">../</a>
<a href="ant-optional-1.5.jar" title="ant-optional-1.5.jar">ant-optional-1.5.jar</a>                              2005-09-20 05:44    653661      
<a href="ant-optional-1.5.jar.md5" title="ant-optional-1.5.jar.md5">ant-optional-1.5.jar.md5</a>                          2005-09-20 05:44        32      
<a href="ant-optional-1.5.jar.sha1" title="ant-optional-1.5.jar.sha1">ant-optional-1.5.jar.sha1</a>                         2005-09-20 05:44        40      
<a href="ant-optional-1.5.pom" title="ant-optional-1.5.pom">ant-optional-1.5.pom</a>                              2005-09-20 05:44       147      
<a href="ant-optional-1.5.pom.md5" title="ant-optional-1.5.pom.md5">ant-optional-1.5.pom.md5</a>                          2005-09-20 05:44        32      
<a href="ant-optional-1.5.pom.sha1" title="ant-optional-1.5.pom.sha1">ant-optional-1.5.pom.sha1</a>                         2005-09-20 05:44        40      
<a href="maven-metadata.xml" title="maven-metadata.xml">maven-metadata.xml</a>                                2005-09-20 05:44       112      
<a href="maven-metadata.xml.md5" title="maven-metadata.xml.md5">maven-metadata.xml.md5</a>                            2005-09-20 05:44        76      
<a href="maven-metadata.xml.sha1" title="maven-metadata.xml.sha1">maven-metadata.xml.sha1</a>                           2005-09-20 05:44       131      
		</pre>
	</main>
	<hr/>
</body>

</html>
18:46:15.428 [pool-1-thread-1] TRACE f.m.indexer.core.download.Crawler - getFullUrl: http://central.maven.org/maven2/ant/ant-optional/1.5/, ../)
18:46:15.429 [pool-1-thread-1] TRACE f.m.indexer.core.download.Crawler - getFullUrl: http://central.maven.org/maven2/ant/ant-optional/1.5/, ant-optional-1.5.jar)
18:46:15.429 [pool-1-thread-1] TRACE f.m.indexer.core.download.Crawler - getFullUrl: http://central.maven.org/maven2/ant/ant-optional/1.5/, ant-optional-1.5.jar.md5)
18:46:15.429 [pool-1-thread-1] TRACE f.m.indexer.core.download.Crawler - getFullUrl: http://central.maven.org/maven2/ant/ant-optional/1.5/, ant-optional-1.5.jar.sha1)
18:46:15.429 [pool-1-thread-1] TRACE f.m.indexer.core.download.Crawler - getFullUrl: http://central.maven.org/maven2/ant/ant-optional/1.5/, ant-optional-1.5.pom)
18:46:15.429 [pool-1-thread-1] TRACE f.m.indexer.core.download.Crawler - getFullUrl: http://central.maven.org/maven2/ant/ant-optional/1.5/, ant-optional-1.5.pom.md5)
18:46:15.429 [pool-1-thread-1] TRACE f.m.indexer.core.download.Crawler - getFullUrl: http://central.maven.org/maven2/ant/ant-optional/1.5/, ant-optional-1.5.pom.sha1)
18:46:15.429 [pool-1-thread-1] TRACE f.m.indexer.core.download.Crawler - getFullUrl: http://central.maven.org/maven2/ant/ant-optional/1.5/, maven-metadata.xml)
18:46:15.429 [pool-1-thread-1] TRACE f.m.indexer.core.download.Crawler - getFullUrl: http://central.maven.org/maven2/ant/ant-optional/1.5/, maven-metadata.xml.md5)
18:46:15.429 [pool-1-thread-1] TRACE f.m.indexer.core.download.Crawler - getFullUrl: http://central.maven.org/maven2/ant/ant-optional/1.5/, maven-metadata.xml.sha1)
18:46:15.429 [pool-1-thread-1] TRACE f.m.indexer.core.download.Crawler - doNext: http://central.maven.org/maven2/ant/ant-optional/1.5/../
18:46:15.429 [pool-1-thread-1] TRACE f.m.indexer.core.download.Crawler - doNext: http://central.maven.org/maven2/ant/ant-optional/1.5/ant-optional-1.5.jar
18:46:15.429 [pool-1-thread-1] TRACE f.m.indexer.core.download.Crawler - doNext: http://central.maven.org/maven2/ant/ant-optional/1.5/ant-optional-1.5.jar.md5
18:46:15.429 [pool-1-thread-1] TRACE f.m.indexer.core.download.Crawler - doNext: http://central.maven.org/maven2/ant/ant-optional/1.5/ant-optional-1.5.jar.sha1
18:46:15.429 [pool-1-thread-1] TRACE f.m.indexer.core.download.Crawler - doNext: http://central.maven.org/maven2/ant/ant-optional/1.5/ant-optional-1.5.pom
18:46:15.429 [pool-1-thread-1] TRACE f.m.indexer.core.download.Crawler - doNext: http://central.maven.org/maven2/ant/ant-optional/1.5/ant-optional-1.5.pom.md5
18:46:15.429 [pool-1-thread-1] TRACE f.m.indexer.core.download.Crawler - doNext: http://central.maven.org/maven2/ant/ant-optional/1.5/ant-optional-1.5.pom.sha1
18:46:15.429 [pool-1-thread-1] TRACE f.m.indexer.core.download.Crawler - doNext: http://central.maven.org/maven2/ant/ant-optional/1.5/maven-metadata.xml
18:46:15.429 [pool-1-thread-1] TRACE f.m.indexer.core.download.Crawler - match: http://central.maven.org/maven2/ant/ant-optional/1.5/maven-metadata.xml
18:46:15.429 [pool-1-thread-1] TRACE f.m.indexer.core.download.Crawler - doNext: http://central.maven.org/maven2/ant/ant-optional/1.5/maven-metadata.xml.md5
18:46:15.429 [pool-1-thread-1] TRACE f.m.indexer.core.download.Crawler - doNext: http://central.maven.org/maven2/ant/ant-optional/1.5/maven-metadata.xml.sha1
18:46:15.429 [pool-1-thread-1] TRACE f.m.i.core.client.JerseyHttpClient - download: http://central.maven.org/maven2/ant/ant-starteam/1.6.4/
18:46:15.432 [pool-1-thread-6] TRACE f.m.indexer.core.download.Crawler - getLinks: <!DOCTYPE html>
<html>

<head>
	<title>Central Repository: ant/ant-optional/1.5.1</title>
	<meta name="viewport" content="width=device-width, initial-scale=1.0">
	<style>
body {
	background: #fff;
}
	</style>
</head>

<body>
	<header>
		<h1>ant/ant-optional/1.5.1</h1>
	</header>
	<hr/>
	<main>
		<pre id="contents">
<a href="../">../</a>
<a href="ant-optional-1.5.1.jar" title="ant-optional-1.5.1.jar">ant-optional-1.5.1.jar</a>                            2005-09-20 05:44    654735      
<a href="ant-optional-1.5.1.jar.md5" title="ant-optional-1.5.1.jar.md5">ant-optional-1.5.1.jar.md5</a>                        2005-09-20 05:44        32      
<a href="ant-optional-1.5.1.jar.sha1" title="ant-optional-1.5.1.jar.sha1">ant-optional-1.5.1.jar.sha1</a>                       2005-09-20 05:44        40      
<a href="ant-optional-1.5.1.pom" title="ant-optional-1.5.1.pom">ant-optional-1.5.1.pom</a>                            2005-09-20 05:44       149      
<a href="ant-optional-1.5.1.pom.md5" title="ant-optional-1.5.1.pom.md5">ant-optional-1.5.1.pom.md5</a>                        2005-09-20 05:44        32      
<a href="ant-optional-1.5.1.pom.sha1" title="ant-optional-1.5.1.pom.sha1">ant-optional-1.5.1.pom.sha1</a>                       2005-09-20 05:44        40      
<a href="maven-metadata.xml" title="maven-metadata.xml">maven-metadata.xml</a>                                2005-09-20 05:44       114      
<a href="maven-metadata.xml.md5" title="maven-metadata.xml.md5">maven-metadata.xml.md5</a>                            2005-09-20 05:44        78      
<a href="maven-metadata.xml.sha1" title="maven-metadata.xml.sha1">maven-metadata.xml.sha1</a>                           2005-09-20 05:44       133      
		</pre>
	</main>
	<hr/>
</body>

</html>
18:46:15.433 [pool-1-thread-6] TRACE f.m.indexer.core.download.Crawler - getFullUrl: http://central.maven.org/maven2/ant/ant-optional/1.5.1/, ../)
18:46:15.433 [pool-1-thread-6] TRACE f.m.indexer.core.download.Crawler - getFullUrl: http://central.maven.org/maven2/ant/ant-optional/1.5.1/, ant-optional-1.5.1.jar)
18:46:15.433 [pool-1-thread-6] TRACE f.m.indexer.core.download.Crawler - getFullUrl: http://central.maven.org/maven2/ant/ant-optional/1.5.1/, ant-optional-1.5.1.jar.md5)
18:46:15.433 [pool-1-thread-6] TRACE f.m.indexer.core.download.Crawler - getFullUrl: http://central.maven.org/maven2/ant/ant-optional/1.5.1/, ant-optional-1.5.1.jar.sha1)
18:46:15.433 [pool-1-thread-6] TRACE f.m.indexer.core.download.Crawler - getFullUrl: http://central.maven.org/maven2/ant/ant-optional/1.5.1/, ant-optional-1.5.1.pom)
18:46:15.433 [pool-1-thread-6] TRACE f.m.indexer.core.download.Crawler - getFullUrl: http://central.maven.org/maven2/ant/ant-optional/1.5.1/, ant-optional-1.5.1.pom.md5)
18:46:15.433 [pool-1-thread-6] TRACE f.m.indexer.core.download.Crawler - getFullUrl: http://central.maven.org/maven2/ant/ant-optional/1.5.1/, ant-optional-1.5.1.pom.sha1)
18:46:15.433 [pool-1-thread-6] TRACE f.m.indexer.core.download.Crawler - getFullUrl: http://central.maven.org/maven2/ant/ant-optional/1.5.1/, maven-metadata.xml)
18:46:15.433 [pool-1-thread-6] TRACE f.m.indexer.core.download.Crawler - getFullUrl: http://central.maven.org/maven2/ant/ant-optional/1.5.1/, maven-metadata.xml.md5)
18:46:15.433 [pool-1-thread-6] TRACE f.m.indexer.core.download.Crawler - getFullUrl: http://central.maven.org/maven2/ant/ant-optional/1.5.1/, maven-metadata.xml.sha1)
18:46:15.433 [pool-1-thread-6] TRACE f.m.indexer.core.download.Crawler - doNext: http://central.maven.org/maven2/ant/ant-optional/1.5.1/../
18:46:15.433 [pool-1-thread-6] TRACE f.m.indexer.core.download.Crawler - doNext: http://central.maven.org/maven2/ant/ant-optional/1.5.1/ant-optional-1.5.1.jar
18:46:15.433 [pool-1-thread-6] TRACE f.m.indexer.core.download.Crawler - doNext: http://central.maven.org/maven2/ant/ant-optional/1.5.1/ant-optional-1.5.1.jar.md5
18:46:15.433 [pool-1-thread-6] TRACE f.m.indexer.core.download.Crawler - doNext: http://central.maven.org/maven2/ant/ant-optional/1.5.1/ant-optional-1.5.1.jar.sha1
18:46:15.433 [pool-1-thread-6] TRACE f.m.indexer.core.download.Crawler - doNext: http://central.maven.org/maven2/ant/ant-optional/1.5.1/ant-optional-1.5.1.pom
18:46:15.433 [pool-1-thread-6] TRACE f.m.indexer.core.download.Crawler - doNext: http://central.maven.org/maven2/ant/ant-optional/1.5.1/ant-optional-1.5.1.pom.md5
18:46:15.433 [pool-1-thread-6] TRACE f.m.indexer.core.download.Crawler - doNext: http://central.maven.org/maven2/ant/ant-optional/1.5.1/ant-optional-1.5.1.pom.sha1
18:46:15.433 [pool-1-thread-6] TRACE f.m.indexer.core.download.Crawler - doNext: http://central.maven.org/maven2/ant/ant-optional/1.5.1/maven-metadata.xml
18:46:15.433 [pool-1-thread-6] TRACE f.m.indexer.core.download.Crawler - match: http://central.maven.org/maven2/ant/ant-optional/1.5.1/maven-metadata.xml
18:46:15.433 [pool-1-thread-6] TRACE f.m.indexer.core.download.Crawler - doNext: http://central.maven.org/maven2/ant/ant-optional/1.5.1/maven-metadata.xml.md5
18:46:15.433 [pool-1-thread-6] TRACE f.m.indexer.core.download.Crawler - doNext: http://central.maven.org/maven2/ant/ant-optional/1.5.1/maven-metadata.xml.sha1
18:46:15.433 [pool-1-thread-6] TRACE f.m.i.core.client.JerseyHttpClient - download: http://central.maven.org/maven2/ant/ant-starteam/1.6.5/
18:46:15.436 [pool-1-thread-7] TRACE f.m.indexer.core.download.Crawler - getLinks: <!DOCTYPE html>
<html>

<head>
	<title>Central Repository: ant/ant-optional/1.5.3-1</title>
	<meta name="viewport" content="width=device-width, initial-scale=1.0">
	<style>
body {
	background: #fff;
}
	</style>
</head>

<body>
	<header>
		<h1>ant/ant-optional/1.5.3-1</h1>
	</header>
	<hr/>
	<main>
		<pre id="contents">
<a href="../">../</a>
<a href="ant-optional-1.5.3-1.jar" title="ant-optional-1.5.3-1.jar">ant-optional-1.5.3-1.jar</a>                          2005-09-20 05:44    671546      
<a href="ant-optional-1.5.3-1.jar.md5" title="ant-optional-1.5.3-1.jar.md5">ant-optional-1.5.3-1.jar.md5</a>                      2005-09-20 05:44        32      
<a href="ant-optional-1.5.3-1.jar.sha1" title="ant-optional-1.5.3-1.jar.sha1">ant-optional-1.5.3-1.jar.sha1</a>                     2005-09-20 05:44        40      
<a href="ant-optional-1.5.3-1.pom" title="ant-optional-1.5.3-1.pom">ant-optional-1.5.3-1.pom</a>                          2005-09-20 05:44       152      
<a href="ant-optional-1.5.3-1.pom.md5" title="ant-optional-1.5.3-1.pom.md5">ant-optional-1.5.3-1.pom.md5</a>                      2005-09-20 05:44       142      
<a href="ant-optional-1.5.3-1.pom.sha1" title="ant-optional-1.5.3-1.pom.sha1">ant-optional-1.5.3-1.pom.sha1</a>                     2005-09-20 05:44       150      
<a href="maven-metadata.xml" title="maven-metadata.xml">maven-metadata.xml</a>                                2005-09-20 05:44       116      
<a href="maven-metadata.xml.md5" title="maven-metadata.xml.md5">maven-metadata.xml.md5</a>                            2005-09-20 05:44        80      
<a href="maven-metadata.xml.sha1" title="maven-metadata.xml.sha1">maven-metadata.xml.sha1</a>                           2005-09-20 05:44       135      
		</pre>
	</main>
	<hr/>
</body>

</html>
18:46:15.436 [pool-1-thread-7] TRACE f.m.indexer.core.download.Crawler - getFullUrl: http://central.maven.org/maven2/ant/ant-optional/1.5.3-1/, ../)
18:46:15.436 [pool-1-thread-7] TRACE f.m.indexer.core.download.Crawler - getFullUrl: http://central.maven.org/maven2/ant/ant-optional/1.5.3-1/, ant-optional-1.5.3-1.jar)
18:46:15.436 [pool-1-thread-7] TRACE f.m.indexer.core.download.Crawler - getFullUrl: http://central.maven.org/maven2/ant/ant-optional/1.5.3-1/, ant-optional-1.5.3-1.jar.md5)
18:46:15.436 [pool-1-thread-7] TRACE f.m.indexer.core.download.Crawler - getFullUrl: http://central.maven.org/maven2/ant/ant-optional/1.5.3-1/, ant-optional-1.5.3-1.jar.sha1)
18:46:15.437 [pool-1-thread-7] TRACE f.m.indexer.core.download.Crawler - getFullUrl: http://central.maven.org/maven2/ant/ant-optional/1.5.3-1/, ant-optional-1.5.3-1.pom)
18:46:15.437 [pool-1-thread-7] TRACE f.m.indexer.core.download.Crawler - getFullUrl: http://central.maven.org/maven2/ant/ant-optional/1.5.3-1/, ant-optional-1.5.3-1.pom.md5)
18:46:15.437 [pool-1-thread-7] TRACE f.m.indexer.core.download.Crawler - getFullUrl: http://central.maven.org/maven2/ant/ant-optional/1.5.3-1/, ant-optional-1.5.3-1.pom.sha1)
18:46:15.437 [pool-1-thread-7] TRACE f.m.indexer.core.download.Crawler - getFullUrl: http://central.maven.org/maven2/ant/ant-optional/1.5.3-1/, maven-metadata.xml)
18:46:15.437 [pool-1-thread-7] TRACE f.m.indexer.core.download.Crawler - getFullUrl: http://central.maven.org/maven2/ant/ant-optional/1.5.3-1/, maven-metadata.xml.md5)
18:46:15.437 [pool-1-thread-7] TRACE f.m.indexer.core.download.Crawler - getFullUrl: http://central.maven.org/maven2/ant/ant-optional/1.5.3-1/, maven-metadata.xml.sha1)
18:46:15.437 [pool-1-thread-7] TRACE f.m.indexer.core.download.Crawler - doNext: http://central.maven.org/maven2/ant/ant-optional/1.5.3-1/../
18:46:15.437 [pool-1-thread-7] TRACE f.m.indexer.core.download.Crawler - doNext: http://central.maven.org/maven2/ant/ant-optional/1.5.3-1/ant-optional-1.5.3-1.jar
18:46:15.437 [pool-1-thread-7] TRACE f.m.indexer.core.download.Crawler - doNext: http://central.maven.org/maven2/ant/ant-optional/1.5.3-1/ant-optional-1.5.3-1.jar.md5
18:46:15.437 [pool-1-thread-7] TRACE f.m.indexer.core.download.Crawler - doNext: http://central.maven.org/maven2/ant/ant-optional/1.5.3-1/ant-optional-1.5.3-1.jar.sha1
18:46:15.437 [pool-1-thread-7] TRACE f.m.indexer.core.download.Crawler - doNext: http://central.maven.org/maven2/ant/ant-optional/1.5.3-1/ant-optional-1.5.3-1.pom
18:46:15.437 [pool-1-thread-7] TRACE f.m.indexer.core.download.Crawler - doNext: http://central.maven.org/maven2/ant/ant-optional/1.5.3-1/ant-optional-1.5.3-1.pom.md5
18:46:15.437 [pool-1-thread-7] TRACE f.m.indexer.core.download.Crawler - doNext: http://central.maven.org/maven2/ant/ant-optional/1.5.3-1/ant-optional-1.5.3-1.pom.sha1
18:46:15.437 [pool-1-thread-7] TRACE f.m.indexer.core.download.Crawler - doNext: http://central.maven.org/maven2/ant/ant-optional/1.5.3-1/maven-metadata.xml
18:46:15.437 [pool-1-thread-7] TRACE f.m.indexer.core.download.Crawler - match: http://central.maven.org/maven2/ant/ant-optional/1.5.3-1/maven-metadata.xml
18:46:15.437 [pool-1-thread-7] TRACE f.m.indexer.core.download.Crawler - doNext: http://central.maven.org/maven2/ant/ant-optional/1.5.3-1/maven-metadata.xml.md5
18:46:15.437 [pool-1-thread-7] TRACE f.m.indexer.core.download.Crawler - doNext: http://central.maven.org/maven2/ant/ant-optional/1.5.3-1/maven-metadata.xml.sha1
18:46:15.437 [pool-1-thread-7] TRACE f.m.i.core.client.JerseyHttpClient - download: http://central.maven.org/maven2/ant/ant-starteam/maven-metadata.xml
18:46:15.439 [pool-1-thread-4] TRACE f.m.indexer.core.download.Crawler - getLinks: <!DOCTYPE html>
<html>

<head>
	<title>Central Repository: ant/ant-optional/1.5.2</title>
	<meta name="viewport" content="width=device-width, initial-scale=1.0">
	<style>
body {
	background: #fff;
}
	</style>
</head>

<body>
	<header>
		<h1>ant/ant-optional/1.5.2</h1>
	</header>
	<hr/>
	<main>
		<pre id="contents">
<a href="../">../</a>
<a href="ant-optional-1.5.2.jar" title="ant-optional-1.5.2.jar">ant-optional-1.5.2.jar</a>                            2005-09-20 05:44    668804      
<a href="ant-optional-1.5.2.jar.md5" title="ant-optional-1.5.2.jar.md5">ant-optional-1.5.2.jar.md5</a>                        2005-09-20 05:44        32      
<a href="ant-optional-1.5.2.jar.sha1" title="ant-optional-1.5.2.jar.sha1">ant-optional-1.5.2.jar.sha1</a>                       2005-09-20 05:44        40      
<a href="ant-optional-1.5.2.pom" title="ant-optional-1.5.2.pom">ant-optional-1.5.2.pom</a>                            2005-09-20 05:44       149      
<a href="ant-optional-1.5.2.pom.md5" title="ant-optional-1.5.2.pom.md5">ant-optional-1.5.2.pom.md5</a>                        2005-09-20 05:44        32      
<a href="ant-optional-1.5.2.pom.sha1" title="ant-optional-1.5.2.pom.sha1">ant-optional-1.5.2.pom.sha1</a>                       2005-09-20 05:44        40      
<a href="maven-metadata.xml" title="maven-metadata.xml">maven-metadata.xml</a>                                2005-09-20 05:44       114      
<a href="maven-metadata.xml.md5" title="maven-metadata.xml.md5">maven-metadata.xml.md5</a>                            2005-09-20 05:44        78      
<a href="maven-metadata.xml.sha1" title="maven-metadata.xml.sha1">maven-metadata.xml.sha1</a>                           2005-09-20 05:44       133      
		</pre>
	</main>
	<hr/>
</body>

</html>
18:46:15.439 [pool-1-thread-4] TRACE f.m.indexer.core.download.Crawler - getFullUrl: http://central.maven.org/maven2/ant/ant-optional/1.5.2/, ../)
18:46:15.439 [pool-1-thread-4] TRACE f.m.indexer.core.download.Crawler - getFullUrl: http://central.maven.org/maven2/ant/ant-optional/1.5.2/, ant-optional-1.5.2.jar)
18:46:15.439 [pool-1-thread-4] TRACE f.m.indexer.core.download.Crawler - getFullUrl: http://central.maven.org/maven2/ant/ant-optional/1.5.2/, ant-optional-1.5.2.jar.md5)
18:46:15.439 [pool-1-thread-4] TRACE f.m.indexer.core.download.Crawler - getFullUrl: http://central.maven.org/maven2/ant/ant-optional/1.5.2/, ant-optional-1.5.2.jar.sha1)
18:46:15.439 [pool-1-thread-4] TRACE f.m.indexer.core.download.Crawler - getFullUrl: http://central.maven.org/maven2/ant/ant-optional/1.5.2/, ant-optional-1.5.2.pom)
18:46:15.439 [pool-1-thread-4] TRACE f.m.indexer.core.download.Crawler - getFullUrl: http://central.maven.org/maven2/ant/ant-optional/1.5.2/, ant-optional-1.5.2.pom.md5)
18:46:15.439 [pool-1-thread-4] TRACE f.m.indexer.core.download.Crawler - getFullUrl: http://central.maven.org/maven2/ant/ant-optional/1.5.2/, ant-optional-1.5.2.pom.sha1)
18:46:15.439 [pool-1-thread-4] TRACE f.m.indexer.core.download.Crawler - getFullUrl: http://central.maven.org/maven2/ant/ant-optional/1.5.2/, maven-metadata.xml)
18:46:15.439 [pool-1-thread-4] TRACE f.m.indexer.core.download.Crawler - getFullUrl: http://central.maven.org/maven2/ant/ant-optional/1.5.2/, maven-metadata.xml.md5)
18:46:15.439 [pool-1-thread-4] TRACE f.m.indexer.core.download.Crawler - getFullUrl: http://central.maven.org/maven2/ant/ant-optional/1.5.2/, maven-metadata.xml.sha1)
18:46:15.439 [pool-1-thread-4] TRACE f.m.indexer.core.download.Crawler - doNext: http://central.maven.org/maven2/ant/ant-optional/1.5.2/../
18:46:15.439 [pool-1-thread-4] TRACE f.m.indexer.core.download.Crawler - doNext: http://central.maven.org/maven2/ant/ant-optional/1.5.2/ant-optional-1.5.2.jar
18:46:15.439 [pool-1-thread-4] TRACE f.m.indexer.core.download.Crawler - doNext: http://central.maven.org/maven2/ant/ant-optional/1.5.2/ant-optional-1.5.2.jar.md5
18:46:15.439 [pool-1-thread-4] TRACE f.m.indexer.core.download.Crawler - doNext: http://central.maven.org/maven2/ant/ant-optional/1.5.2/ant-optional-1.5.2.jar.sha1
18:46:15.439 [pool-1-thread-4] TRACE f.m.indexer.core.download.Crawler - doNext: http://central.maven.org/maven2/ant/ant-optional/1.5.2/ant-optional-1.5.2.pom
18:46:15.439 [pool-1-thread-4] TRACE f.m.indexer.core.download.Crawler - doNext: http://central.maven.org/maven2/ant/ant-optional/1.5.2/ant-optional-1.5.2.pom.md5
18:46:15.439 [pool-1-thread-4] TRACE f.m.indexer.core.download.Crawler - doNext: http://central.maven.org/maven2/ant/ant-optional/1.5.2/ant-optional-1.5.2.pom.sha1
18:46:15.439 [pool-1-thread-4] TRACE f.m.indexer.core.download.Crawler - doNext: http://central.maven.org/maven2/ant/ant-optional/1.5.2/maven-metadata.xml
18:46:15.439 [pool-1-thread-4] TRACE f.m.indexer.core.download.Crawler - match: http://central.maven.org/maven2/ant/ant-optional/1.5.2/maven-metadata.xml
18:46:15.439 [pool-1-thread-4] TRACE f.m.indexer.core.download.Crawler - doNext: http://central.maven.org/maven2/ant/ant-optional/1.5.2/maven-metadata.xml.md5
18:46:15.440 [pool-1-thread-4] TRACE f.m.indexer.core.download.Crawler - doNext: http://central.maven.org/maven2/ant/ant-optional/1.5.2/maven-metadata.xml.sha1
18:46:15.440 [pool-1-thread-4] TRACE f.m.i.core.client.JerseyHttpClient - download: http://central.maven.org/maven2/ant/ant-jakarta-regexp/1.6/
18:46:15.441 [pool-1-thread-5] TRACE f.m.indexer.core.download.Crawler - getLinks: <!DOCTYPE html>
<html>

<head>
	<title>Central Repository: ant/ant-starteam/1.6</title>
	<meta name="viewport" content="width=device-width, initial-scale=1.0">
	<style>
body {
	background: #fff;
}
	</style>
</head>

<body>
	<header>
		<h1>ant/ant-starteam/1.6</h1>
	</header>
	<hr/>
	<main>
		<pre id="contents">
<a href="../">../</a>
<a href="ant-starteam-1.6.jar" title="ant-starteam-1.6.jar">ant-starteam-1.6.jar</a>                              2005-09-20 05:44     35537      
<a href="ant-starteam-1.6.jar.md5" title="ant-starteam-1.6.jar.md5">ant-starteam-1.6.jar.md5</a>                          2005-09-20 05:44        32      
<a href="ant-starteam-1.6.jar.sha1" title="ant-starteam-1.6.jar.sha1">ant-starteam-1.6.jar.sha1</a>                         2005-09-20 05:44        40      
<a href="ant-starteam-1.6.pom" title="ant-starteam-1.6.pom">ant-starteam-1.6.pom</a>                              2005-09-20 05:44       147      
<a href="ant-starteam-1.6.pom.md5" title="ant-starteam-1.6.pom.md5">ant-starteam-1.6.pom.md5</a>                          2005-09-20 05:44        32      
<a href="ant-starteam-1.6.pom.sha1" title="ant-starteam-1.6.pom.sha1">ant-starteam-1.6.pom.sha1</a>                         2005-09-20 05:44        40      
<a href="maven-metadata.xml" title="maven-metadata.xml">maven-metadata.xml</a>                                2005-09-20 05:44       112      
<a href="maven-metadata.xml.md5" title="maven-metadata.xml.md5">maven-metadata.xml.md5</a>                            2005-09-20 05:44        76      
<a href="maven-metadata.xml.sha1" title="maven-metadata.xml.sha1">maven-metadata.xml.sha1</a>                           2005-09-20 05:44       131      
		</pre>
	</main>
	<hr/>
</body>

</html>
18:46:15.442 [pool-1-thread-5] TRACE f.m.indexer.core.download.Crawler - getFullUrl: http://central.maven.org/maven2/ant/ant-starteam/1.6/, ../)
18:46:15.442 [pool-1-thread-5] TRACE f.m.indexer.core.download.Crawler - getFullUrl: http://central.maven.org/maven2/ant/ant-starteam/1.6/, ant-starteam-1.6.jar)
18:46:15.442 [pool-1-thread-5] TRACE f.m.indexer.core.download.Crawler - getFullUrl: http://central.maven.org/maven2/ant/ant-starteam/1.6/, ant-starteam-1.6.jar.md5)
18:46:15.442 [pool-1-thread-5] TRACE f.m.indexer.core.download.Crawler - getFullUrl: http://central.maven.org/maven2/ant/ant-starteam/1.6/, ant-starteam-1.6.jar.sha1)
18:46:15.442 [pool-1-thread-5] TRACE f.m.indexer.core.download.Crawler - getFullUrl: http://central.maven.org/maven2/ant/ant-starteam/1.6/, ant-starteam-1.6.pom)
18:46:15.442 [pool-1-thread-5] TRACE f.m.indexer.core.download.Crawler - getFullUrl: http://central.maven.org/maven2/ant/ant-starteam/1.6/, ant-starteam-1.6.pom.md5)
18:46:15.442 [pool-1-thread-5] TRACE f.m.indexer.core.download.Crawler - getFullUrl: http://central.maven.org/maven2/ant/ant-starteam/1.6/, ant-starteam-1.6.pom.sha1)
18:46:15.442 [pool-1-thread-5] TRACE f.m.indexer.core.download.Crawler - getFullUrl: http://central.maven.org/maven2/ant/ant-starteam/1.6/, maven-metadata.xml)
18:46:15.442 [pool-1-thread-5] TRACE f.m.indexer.core.download.Crawler - getFullUrl: http://central.maven.org/maven2/ant/ant-starteam/1.6/, maven-metadata.xml.md5)
18:46:15.442 [pool-1-thread-5] TRACE f.m.indexer.core.download.Crawler - getFullUrl: http://central.maven.org/maven2/ant/ant-starteam/1.6/, maven-metadata.xml.sha1)
18:46:15.442 [pool-1-thread-5] TRACE f.m.indexer.core.download.Crawler - doNext: http://central.maven.org/maven2/ant/ant-starteam/1.6/../
18:46:15.442 [pool-1-thread-5] TRACE f.m.indexer.core.download.Crawler - doNext: http://central.maven.org/maven2/ant/ant-starteam/1.6/ant-starteam-1.6.jar
18:46:15.442 [pool-1-thread-5] TRACE f.m.indexer.core.download.Crawler - doNext: http://central.maven.org/maven2/ant/ant-starteam/1.6/ant-starteam-1.6.jar.md5
18:46:15.442 [pool-1-thread-5] TRACE f.m.indexer.core.download.Crawler - doNext: http://central.maven.org/maven2/ant/ant-starteam/1.6/ant-starteam-1.6.jar.sha1
18:46:15.442 [pool-1-thread-5] TRACE f.m.indexer.core.download.Crawler - doNext: http://central.maven.org/maven2/ant/ant-starteam/1.6/ant-starteam-1.6.pom
18:46:15.442 [pool-1-thread-5] TRACE f.m.indexer.core.download.Crawler - doNext: http://central.maven.org/maven2/ant/ant-starteam/1.6/ant-starteam-1.6.pom.md5
18:46:15.442 [pool-1-thread-5] TRACE f.m.indexer.core.download.Crawler - doNext: http://central.maven.org/maven2/ant/ant-starteam/1.6/ant-starteam-1.6.pom.sha1
18:46:15.442 [pool-1-thread-5] TRACE f.m.indexer.core.download.Crawler - doNext: http://central.maven.org/maven2/ant/ant-starteam/1.6/maven-metadata.xml
18:46:15.442 [pool-1-thread-5] TRACE f.m.indexer.core.download.Crawler - match: http://central.maven.org/maven2/ant/ant-starteam/1.6/maven-metadata.xml
18:46:15.442 [pool-1-thread-5] TRACE f.m.indexer.core.download.Crawler - doNext: http://central.maven.org/maven2/ant/ant-starteam/1.6/maven-metadata.xml.md5
18:46:15.442 [pool-1-thread-5] TRACE f.m.indexer.core.download.Crawler - doNext: http://central.maven.org/maven2/ant/ant-starteam/1.6/maven-metadata.xml.sha1
18:46:15.442 [pool-1-thread-5] TRACE f.m.i.core.client.JerseyHttpClient - download: http://central.maven.org/maven2/ant/ant-jakarta-regexp/1.6.1/
18:46:15.444 [pool-1-thread-10] TRACE f.m.indexer.artifact.MetadataHandler - match: http://central.maven.org/maven2/ant/ant-optional/maven-metadata.xml
18:46:15.447 [pool-1-thread-10] TRACE f.m.i.core.client.JerseyHttpClient - download: http://central.maven.org/maven2/ant/ant-jakarta-regexp/maven-metadata.xml
18:46:15.452 [pool-1-thread-8] TRACE f.m.indexer.artifact.MetadataHandler - match: http://central.maven.org/maven2/ant/ant-nodeps/maven-metadata.xml
18:46:15.455 [pool-1-thread-8] TRACE f.m.i.core.client.JerseyHttpClient - download: http://central.maven.org/maven2/ant/ant-weblogic/1.6/
18:46:15.467 [pool-1-thread-3] TRACE f.m.indexer.core.download.Crawler - getLinks: <!DOCTYPE html>
<html>

<head>
	<title>Central Repository: ant/ant-starteam/1.6.1</title>
	<meta name="viewport" content="width=device-width, initial-scale=1.0">
	<style>
body {
	background: #fff;
}
	</style>
</head>

<body>
	<header>
		<h1>ant/ant-starteam/1.6.1</h1>
	</header>
	<hr/>
	<main>
		<pre id="contents">
<a href="../">../</a>
<a href="ant-starteam-1.6.1.jar" title="ant-starteam-1.6.1.jar">ant-starteam-1.6.1.jar</a>                            2005-09-20 05:44     35511      
<a href="ant-starteam-1.6.1.jar.md5" title="ant-starteam-1.6.1.jar.md5">ant-starteam-1.6.1.jar.md5</a>                        2005-09-20 05:44        32      
<a href="ant-starteam-1.6.1.jar.sha1" title="ant-starteam-1.6.1.jar.sha1">ant-starteam-1.6.1.jar.sha1</a>                       2005-09-20 05:44        40      
<a href="ant-starteam-1.6.1.pom" title="ant-starteam-1.6.1.pom">ant-starteam-1.6.1.pom</a>                            2005-09-20 05:44       149      
<a href="ant-starteam-1.6.1.pom.md5" title="ant-starteam-1.6.1.pom.md5">ant-starteam-1.6.1.pom.md5</a>                        2005-09-20 05:44        32      
<a href="ant-starteam-1.6.1.pom.sha1" title="ant-starteam-1.6.1.pom.sha1">ant-starteam-1.6.1.pom.sha1</a>                       2005-09-20 05:44        40      
<a href="maven-metadata.xml" title="maven-metadata.xml">maven-metadata.xml</a>                                2005-09-20 05:44       114      
<a href="maven-metadata.xml.md5" title="maven-metadata.xml.md5">maven-metadata.xml.md5</a>                            2005-09-20 05:44        78      
<a href="maven-metadata.xml.sha1" title="maven-metadata.xml.sha1">maven-metadata.xml.sha1</a>                           2005-09-20 05:44       133      
		</pre>
	</main>
	<hr/>
</body>

</html>
18:46:15.467 [pool-1-thread-3] TRACE f.m.indexer.core.download.Crawler - getFullUrl: http://central.maven.org/maven2/ant/ant-starteam/1.6.1/, ../)
18:46:15.467 [pool-1-thread-3] TRACE f.m.indexer.core.download.Crawler - getFullUrl: http://central.maven.org/maven2/ant/ant-starteam/1.6.1/, ant-starteam-1.6.1.jar)
18:46:15.467 [pool-1-thread-3] TRACE f.m.indexer.core.download.Crawler - getFullUrl: http://central.maven.org/maven2/ant/ant-starteam/1.6.1/, ant-starteam-1.6.1.jar.md5)
18:46:15.467 [pool-1-thread-3] TRACE f.m.indexer.core.download.Crawler - getFullUrl: http://central.maven.org/maven2/ant/ant-starteam/1.6.1/, ant-starteam-1.6.1.jar.sha1)
18:46:15.467 [pool-1-thread-3] TRACE f.m.indexer.core.download.Crawler - getFullUrl: http://central.maven.org/maven2/ant/ant-starteam/1.6.1/, ant-starteam-1.6.1.pom)
18:46:15.467 [pool-1-thread-3] TRACE f.m.indexer.core.download.Crawler - getFullUrl: http://central.maven.org/maven2/ant/ant-starteam/1.6.1/, ant-starteam-1.6.1.pom.md5)
18:46:15.467 [pool-1-thread-3] TRACE f.m.indexer.core.download.Crawler - getFullUrl: http://central.maven.org/maven2/ant/ant-starteam/1.6.1/, ant-starteam-1.6.1.pom.sha1)
18:46:15.467 [pool-1-thread-3] TRACE f.m.indexer.core.download.Crawler - getFullUrl: http://central.maven.org/maven2/ant/ant-starteam/1.6.1/, maven-metadata.xml)
18:46:15.467 [pool-1-thread-3] TRACE f.m.indexer.core.download.Crawler - getFullUrl: http://central.maven.org/maven2/ant/ant-starteam/1.6.1/, maven-metadata.xml.md5)
18:46:15.467 [pool-1-thread-3] TRACE f.m.indexer.core.download.Crawler - getFullUrl: http://central.maven.org/maven2/ant/ant-starteam/1.6.1/, maven-metadata.xml.sha1)
18:46:15.467 [pool-1-thread-3] TRACE f.m.indexer.core.download.Crawler - doNext: http://central.maven.org/maven2/ant/ant-starteam/1.6.1/../
18:46:15.467 [pool-1-thread-3] TRACE f.m.indexer.core.download.Crawler - doNext: http://central.maven.org/maven2/ant/ant-starteam/1.6.1/ant-starteam-1.6.1.jar
18:46:15.467 [pool-1-thread-3] TRACE f.m.indexer.core.download.Crawler - doNext: http://central.maven.org/maven2/ant/ant-starteam/1.6.1/ant-starteam-1.6.1.jar.md5
18:46:15.467 [pool-1-thread-3] TRACE f.m.indexer.core.download.Crawler - doNext: http://central.maven.org/maven2/ant/ant-starteam/1.6.1/ant-starteam-1.6.1.jar.sha1
18:46:15.467 [pool-1-thread-3] TRACE f.m.indexer.core.download.Crawler - doNext: http://central.maven.org/maven2/ant/ant-starteam/1.6.1/ant-starteam-1.6.1.pom
18:46:15.467 [pool-1-thread-3] TRACE f.m.indexer.core.download.Crawler - doNext: http://central.maven.org/maven2/ant/ant-starteam/1.6.1/ant-starteam-1.6.1.pom.md5
18:46:15.467 [pool-1-thread-3] TRACE f.m.indexer.core.download.Crawler - doNext: http://central.maven.org/maven2/ant/ant-starteam/1.6.1/ant-starteam-1.6.1.pom.sha1
18:46:15.467 [pool-1-thread-3] TRACE f.m.indexer.core.download.Crawler - doNext: http://central.maven.org/maven2/ant/ant-starteam/1.6.1/maven-metadata.xml
18:46:15.467 [pool-1-thread-3] TRACE f.m.indexer.core.download.Crawler - match: http://central.maven.org/maven2/ant/ant-starteam/1.6.1/maven-metadata.xml
18:46:15.467 [pool-1-thread-3] TRACE f.m.indexer.core.download.Crawler - doNext: http://central.maven.org/maven2/ant/ant-starteam/1.6.1/maven-metadata.xml.md5
18:46:15.467 [pool-1-thread-3] TRACE f.m.indexer.core.download.Crawler - doNext: http://central.maven.org/maven2/ant/ant-starteam/1.6.1/maven-metadata.xml.sha1
18:46:15.467 [pool-1-thread-3] TRACE f.m.i.core.client.JerseyHttpClient - download: http://central.maven.org/maven2/ant/ant-weblogic/1.6.1/
18:46:15.467 [pool-1-thread-9] TRACE f.m.indexer.core.download.Crawler - getLinks: <!DOCTYPE html>
<html>

<head>
	<title>Central Repository: ant/ant-starteam/1.6.2</title>
	<meta name="viewport" content="width=device-width, initial-scale=1.0">
	<style>
body {
	background: #fff;
}
	</style>
</head>

<body>
	<header>
		<h1>ant/ant-starteam/1.6.2</h1>
	</header>
	<hr/>
	<main>
		<pre id="contents">
<a href="../">../</a>
<a href="ant-starteam-1.6.2.jar" title="ant-starteam-1.6.2.jar">ant-starteam-1.6.2.jar</a>                            2005-09-20 05:44     35463      
<a href="ant-starteam-1.6.2.jar.md5" title="ant-starteam-1.6.2.jar.md5">ant-starteam-1.6.2.jar.md5</a>                        2005-09-20 05:44        32      
<a href="ant-starteam-1.6.2.jar.sha1" title="ant-starteam-1.6.2.jar.sha1">ant-starteam-1.6.2.jar.sha1</a>                       2005-09-20 05:44        40      
<a href="ant-starteam-1.6.2.pom" title="ant-starteam-1.6.2.pom">ant-starteam-1.6.2.pom</a>                            2005-09-20 05:44       149      
<a href="ant-starteam-1.6.2.pom.md5" title="ant-starteam-1.6.2.pom.md5">ant-starteam-1.6.2.pom.md5</a>                        2005-09-20 05:44        32      
<a href="ant-starteam-1.6.2.pom.sha1" title="ant-starteam-1.6.2.pom.sha1">ant-starteam-1.6.2.pom.sha1</a>                       2005-09-20 05:44        40      
<a href="maven-metadata.xml" title="maven-metadata.xml">maven-metadata.xml</a>                                2005-09-20 05:44       114      
<a href="maven-metadata.xml.md5" title="maven-metadata.xml.md5">maven-metadata.xml.md5</a>                            2005-09-20 05:44        78      
<a href="maven-metadata.xml.sha1" title="maven-metadata.xml.sha1">maven-metadata.xml.sha1</a>                           2005-09-20 05:44       133      
		</pre>
	</main>
	<hr/>
</body>

</html>
18:46:15.467 [pool-1-thread-9] TRACE f.m.indexer.core.download.Crawler - getFullUrl: http://central.maven.org/maven2/ant/ant-starteam/1.6.2/, ../)
18:46:15.467 [pool-1-thread-9] TRACE f.m.indexer.core.download.Crawler - getFullUrl: http://central.maven.org/maven2/ant/ant-starteam/1.6.2/, ant-starteam-1.6.2.jar)
18:46:15.467 [pool-1-thread-9] TRACE f.m.indexer.core.download.Crawler - getFullUrl: http://central.maven.org/maven2/ant/ant-starteam/1.6.2/, ant-starteam-1.6.2.jar.md5)
18:46:15.467 [pool-1-thread-9] TRACE f.m.indexer.core.download.Crawler - getFullUrl: http://central.maven.org/maven2/ant/ant-starteam/1.6.2/, ant-starteam-1.6.2.jar.sha1)
18:46:15.467 [pool-1-thread-9] TRACE f.m.indexer.core.download.Crawler - getFullUrl: http://central.maven.org/maven2/ant/ant-starteam/1.6.2/, ant-starteam-1.6.2.pom)
18:46:15.467 [pool-1-thread-9] TRACE f.m.indexer.core.download.Crawler - getFullUrl: http://central.maven.org/maven2/ant/ant-starteam/1.6.2/, ant-starteam-1.6.2.pom.md5)
18:46:15.467 [pool-1-thread-9] TRACE f.m.indexer.core.download.Crawler - getFullUrl: http://central.maven.org/maven2/ant/ant-starteam/1.6.2/, ant-starteam-1.6.2.pom.sha1)
18:46:15.467 [pool-1-thread-9] TRACE f.m.indexer.core.download.Crawler - getFullUrl: http://central.maven.org/maven2/ant/ant-starteam/1.6.2/, maven-metadata.xml)
18:46:15.467 [pool-1-thread-9] TRACE f.m.indexer.core.download.Crawler - getFullUrl: http://central.maven.org/maven2/ant/ant-starteam/1.6.2/, maven-metadata.xml.md5)
18:46:15.467 [pool-1-thread-9] TRACE f.m.indexer.core.download.Crawler - getFullUrl: http://central.maven.org/maven2/ant/ant-starteam/1.6.2/, maven-metadata.xml.sha1)
18:46:15.467 [pool-1-thread-9] TRACE f.m.indexer.core.download.Crawler - doNext: http://central.maven.org/maven2/ant/ant-starteam/1.6.2/../
18:46:15.467 [pool-1-thread-9] TRACE f.m.indexer.core.download.Crawler - doNext: http://central.maven.org/maven2/ant/ant-starteam/1.6.2/ant-starteam-1.6.2.jar
18:46:15.467 [pool-1-thread-9] TRACE f.m.indexer.core.download.Crawler - doNext: http://central.maven.org/maven2/ant/ant-starteam/1.6.2/ant-starteam-1.6.2.jar.md5
18:46:15.467 [pool-1-thread-9] TRACE f.m.indexer.core.download.Crawler - doNext: http://central.maven.org/maven2/ant/ant-starteam/1.6.2/ant-starteam-1.6.2.jar.sha1
18:46:15.467 [pool-1-thread-9] TRACE f.m.indexer.core.download.Crawler - doNext: http://central.maven.org/maven2/ant/ant-starteam/1.6.2/ant-starteam-1.6.2.pom
18:46:15.467 [pool-1-thread-9] TRACE f.m.indexer.core.download.Crawler - doNext: http://central.maven.org/maven2/ant/ant-starteam/1.6.2/ant-starteam-1.6.2.pom.md5
18:46:15.467 [pool-1-thread-9] TRACE f.m.indexer.core.download.Crawler - doNext: http://central.maven.org/maven2/ant/ant-starteam/1.6.2/ant-starteam-1.6.2.pom.sha1
18:46:15.467 [pool-1-thread-9] TRACE f.m.indexer.core.download.Crawler - doNext: http://central.maven.org/maven2/ant/ant-starteam/1.6.2/maven-metadata.xml
18:46:15.467 [pool-1-thread-9] TRACE f.m.indexer.core.download.Crawler - match: http://central.maven.org/maven2/ant/ant-starteam/1.6.2/maven-metadata.xml
18:46:15.467 [pool-1-thread-9] TRACE f.m.indexer.core.download.Crawler - doNext: http://central.maven.org/maven2/ant/ant-starteam/1.6.2/maven-metadata.xml.md5
18:46:15.467 [pool-1-thread-9] TRACE f.m.indexer.core.download.Crawler - doNext: http://central.maven.org/maven2/ant/ant-starteam/1.6.2/maven-metadata.xml.sha1
18:46:15.467 [pool-1-thread-9] TRACE f.m.i.core.client.JerseyHttpClient - download: http://central.maven.org/maven2/ant/ant-weblogic/1.6.2/
18:46:15.467 [pool-1-thread-2] TRACE f.m.indexer.core.download.Crawler - getLinks: <!DOCTYPE html>
<html>

<head>
	<title>Central Repository: ant/ant-starteam/1.6.3</title>
	<meta name="viewport" content="width=device-width, initial-scale=1.0">
	<style>
body {
	background: #fff;
}
	</style>
</head>

<body>
	<header>
		<h1>ant/ant-starteam/1.6.3</h1>
	</header>
	<hr/>
	<main>
		<pre id="contents">
<a href="../">../</a>
<a href="ant-starteam-1.6.3.jar" title="ant-starteam-1.6.3.jar">ant-starteam-1.6.3.jar</a>                            2005-09-20 05:44     35472      
<a href="ant-starteam-1.6.3.jar.md5" title="ant-starteam-1.6.3.jar.md5">ant-starteam-1.6.3.jar.md5</a>                        2005-09-20 05:44        32      
<a href="ant-starteam-1.6.3.jar.sha1" title="ant-starteam-1.6.3.jar.sha1">ant-starteam-1.6.3.jar.sha1</a>                       2005-09-20 05:44        40      
<a href="ant-starteam-1.6.3.pom" title="ant-starteam-1.6.3.pom">ant-starteam-1.6.3.pom</a>                            2005-09-20 05:44       149      
<a href="ant-starteam-1.6.3.pom.md5" title="ant-starteam-1.6.3.pom.md5">ant-starteam-1.6.3.pom.md5</a>                        2005-09-20 05:44        32      
<a href="ant-starteam-1.6.3.pom.sha1" title="ant-starteam-1.6.3.pom.sha1">ant-starteam-1.6.3.pom.sha1</a>                       2005-09-20 05:44        40      
<a href="maven-metadata.xml" title="maven-metadata.xml">maven-metadata.xml</a>                                2005-09-20 05:44       114      
<a href="maven-metadata.xml.md5" title="maven-metadata.xml.md5">maven-metadata.xml.md5</a>                            2005-09-20 05:44        78      
<a href="maven-metadata.xml.sha1" title="maven-metadata.xml.sha1">maven-metadata.xml.sha1</a>                           2005-09-20 05:44       133      
		</pre>
	</main>
	<hr/>
</body>

</html>
18:46:15.467 [pool-1-thread-2] TRACE f.m.indexer.core.download.Crawler - getFullUrl: http://central.maven.org/maven2/ant/ant-starteam/1.6.3/, ../)
18:46:15.467 [pool-1-thread-2] TRACE f.m.indexer.core.download.Crawler - getFullUrl: http://central.maven.org/maven2/ant/ant-starteam/1.6.3/, ant-starteam-1.6.3.jar)
18:46:15.467 [pool-1-thread-2] TRACE f.m.indexer.core.download.Crawler - getFullUrl: http://central.maven.org/maven2/ant/ant-starteam/1.6.3/, ant-starteam-1.6.3.jar.md5)
18:46:15.467 [pool-1-thread-2] TRACE f.m.indexer.core.download.Crawler - getFullUrl: http://central.maven.org/maven2/ant/ant-starteam/1.6.3/, ant-starteam-1.6.3.jar.sha1)
18:46:15.467 [pool-1-thread-2] TRACE f.m.indexer.core.download.Crawler - getFullUrl: http://central.maven.org/maven2/ant/ant-starteam/1.6.3/, ant-starteam-1.6.3.pom)
18:46:15.467 [pool-1-thread-2] TRACE f.m.indexer.core.download.Crawler - getFullUrl: http://central.maven.org/maven2/ant/ant-starteam/1.6.3/, ant-starteam-1.6.3.pom.md5)
18:46:15.467 [pool-1-thread-2] TRACE f.m.indexer.core.download.Crawler - getFullUrl: http://central.maven.org/maven2/ant/ant-starteam/1.6.3/, ant-starteam-1.6.3.pom.sha1)
18:46:15.467 [pool-1-thread-2] TRACE f.m.indexer.core.download.Crawler - getFullUrl: http://central.maven.org/maven2/ant/ant-starteam/1.6.3/, maven-metadata.xml)
18:46:15.467 [pool-1-thread-2] TRACE f.m.indexer.core.download.Crawler - getFullUrl: http://central.maven.org/maven2/ant/ant-starteam/1.6.3/, maven-metadata.xml.md5)
18:46:15.467 [pool-1-thread-2] TRACE f.m.indexer.core.download.Crawler - getFullUrl: http://central.maven.org/maven2/ant/ant-starteam/1.6.3/, maven-metadata.xml.sha1)
18:46:15.467 [pool-1-thread-2] TRACE f.m.indexer.core.download.Crawler - doNext: http://central.maven.org/maven2/ant/ant-starteam/1.6.3/../
18:46:15.467 [pool-1-thread-2] TRACE f.m.indexer.core.download.Crawler - doNext: http://central.maven.org/maven2/ant/ant-starteam/1.6.3/ant-starteam-1.6.3.jar
18:46:15.467 [pool-1-thread-2] TRACE f.m.indexer.core.download.Crawler - doNext: http://central.maven.org/maven2/ant/ant-starteam/1.6.3/ant-starteam-1.6.3.jar.md5
18:46:15.467 [pool-1-thread-2] TRACE f.m.indexer.core.download.Crawler - doNext: http://central.maven.org/maven2/ant/ant-starteam/1.6.3/ant-starteam-1.6.3.jar.sha1
18:46:15.467 [pool-1-thread-2] TRACE f.m.indexer.core.download.Crawler - doNext: http://central.maven.org/maven2/ant/ant-starteam/1.6.3/ant-starteam-1.6.3.pom
18:46:15.467 [pool-1-thread-2] TRACE f.m.indexer.core.download.Crawler - doNext: http://central.maven.org/maven2/ant/ant-starteam/1.6.3/ant-starteam-1.6.3.pom.md5
18:46:15.467 [pool-1-thread-2] TRACE f.m.indexer.core.download.Crawler - doNext: http://central.maven.org/maven2/ant/ant-starteam/1.6.3/ant-starteam-1.6.3.pom.sha1
18:46:15.467 [pool-1-thread-2] TRACE f.m.indexer.core.download.Crawler - doNext: http://central.maven.org/maven2/ant/ant-starteam/1.6.3/maven-metadata.xml
18:46:15.467 [pool-1-thread-2] TRACE f.m.indexer.core.download.Crawler - match: http://central.maven.org/maven2/ant/ant-starteam/1.6.3/maven-metadata.xml
18:46:15.467 [pool-1-thread-2] TRACE f.m.indexer.core.download.Crawler - doNext: http://central.maven.org/maven2/ant/ant-starteam/1.6.3/maven-metadata.xml.md5
18:46:15.467 [pool-1-thread-2] TRACE f.m.indexer.core.download.Crawler - doNext: http://central.maven.org/maven2/ant/ant-starteam/1.6.3/maven-metadata.xml.sha1
18:46:15.467 [pool-1-thread-2] TRACE f.m.i.core.client.JerseyHttpClient - download: http://central.maven.org/maven2/ant/ant-weblogic/1.6.3/
18:46:15.467 [pool-1-thread-1] TRACE f.m.indexer.core.download.Crawler - getLinks: <!DOCTYPE html>
<html>

<head>
	<title>Central Repository: ant/ant-starteam/1.6.4</title>
	<meta name="viewport" content="width=device-width, initial-scale=1.0">
	<style>
body {
	background: #fff;
}
	</style>
</head>

<body>
	<header>
		<h1>ant/ant-starteam/1.6.4</h1>
	</header>
	<hr/>
	<main>
		<pre id="contents">
<a href="../">../</a>
<a href="ant-starteam-1.6.4.jar" title="ant-starteam-1.6.4.jar">ant-starteam-1.6.4.jar</a>                            2005-09-20 05:44     35472      
<a href="ant-starteam-1.6.4.jar.md5" title="ant-starteam-1.6.4.jar.md5">ant-starteam-1.6.4.jar.md5</a>                        2005-09-20 05:44        32      
<a href="ant-starteam-1.6.4.jar.sha1" title="ant-starteam-1.6.4.jar.sha1">ant-starteam-1.6.4.jar.sha1</a>                       2005-09-20 05:44        40      
<a href="ant-starteam-1.6.4.pom" title="ant-starteam-1.6.4.pom">ant-starteam-1.6.4.pom</a>                            2005-09-20 05:44       149      
<a href="ant-starteam-1.6.4.pom.md5" title="ant-starteam-1.6.4.pom.md5">ant-starteam-1.6.4.pom.md5</a>                        2005-09-20 05:44        32      
<a href="ant-starteam-1.6.4.pom.sha1" title="ant-starteam-1.6.4.pom.sha1">ant-starteam-1.6.4.pom.sha1</a>                       2005-09-20 05:44        40      
<a href="maven-metadata.xml" title="maven-metadata.xml">maven-metadata.xml</a>                                2005-09-20 05:44       114      
<a href="maven-metadata.xml.md5" title="maven-metadata.xml.md5">maven-metadata.xml.md5</a>                            2005-09-20 05:44        78      
<a href="maven-metadata.xml.sha1" title="maven-metadata.xml.sha1">maven-metadata.xml.sha1</a>                           2005-09-20 05:44       133      
		</pre>
	</main>
	<hr/>
</body>

</html>
18:46:15.467 [pool-1-thread-1] TRACE f.m.indexer.core.download.Crawler - getFullUrl: http://central.maven.org/maven2/ant/ant-starteam/1.6.4/, ../)
18:46:15.467 [pool-1-thread-1] TRACE f.m.indexer.core.download.Crawler - getFullUrl: http://central.maven.org/maven2/ant/ant-starteam/1.6.4/, ant-starteam-1.6.4.jar)
18:46:15.467 [pool-1-thread-1] TRACE f.m.indexer.core.download.Crawler - getFullUrl: http://central.maven.org/maven2/ant/ant-starteam/1.6.4/, ant-starteam-1.6.4.jar.md5)
18:46:15.467 [pool-1-thread-1] TRACE f.m.indexer.core.download.Crawler - getFullUrl: http://central.maven.org/maven2/ant/ant-starteam/1.6.4/, ant-starteam-1.6.4.jar.sha1)
18:46:15.467 [pool-1-thread-1] TRACE f.m.indexer.core.download.Crawler - getFullUrl: http://central.maven.org/maven2/ant/ant-starteam/1.6.4/, ant-starteam-1.6.4.pom)
18:46:15.467 [pool-1-thread-1] TRACE f.m.indexer.core.download.Crawler - getFullUrl: http://central.maven.org/maven2/ant/ant-starteam/1.6.4/, ant-starteam-1.6.4.pom.md5)
18:46:15.467 [pool-1-thread-1] TRACE f.m.indexer.core.download.Crawler - getFullUrl: http://central.maven.org/maven2/ant/ant-starteam/1.6.4/, ant-starteam-1.6.4.pom.sha1)
18:46:15.467 [pool-1-thread-1] TRACE f.m.indexer.core.download.Crawler - getFullUrl: http://central.maven.org/maven2/ant/ant-starteam/1.6.4/, maven-metadata.xml)
18:46:15.467 [pool-1-thread-1] TRACE f.m.indexer.core.download.Crawler - getFullUrl: http://central.maven.org/maven2/ant/ant-starteam/1.6.4/, maven-metadata.xml.md5)
18:46:15.467 [pool-1-thread-1] TRACE f.m.indexer.core.download.Crawler - getFullUrl: http://central.maven.org/maven2/ant/ant-starteam/1.6.4/, maven-metadata.xml.sha1)
18:46:15.467 [pool-1-thread-1] TRACE f.m.indexer.core.download.Crawler - doNext: http://central.maven.org/maven2/ant/ant-starteam/1.6.4/../
18:46:15.467 [pool-1-thread-1] TRACE f.m.indexer.core.download.Crawler - doNext: http://central.maven.org/maven2/ant/ant-starteam/1.6.4/ant-starteam-1.6.4.jar
18:46:15.467 [pool-1-thread-1] TRACE f.m.indexer.core.download.Crawler - doNext: http://central.maven.org/maven2/ant/ant-starteam/1.6.4/ant-starteam-1.6.4.jar.md5
18:46:15.467 [pool-1-thread-1] TRACE f.m.indexer.core.download.Crawler - doNext: http://central.maven.org/maven2/ant/ant-starteam/1.6.4/ant-starteam-1.6.4.jar.sha1
18:46:15.467 [pool-1-thread-1] TRACE f.m.indexer.core.download.Crawler - doNext: http://central.maven.org/maven2/ant/ant-starteam/1.6.4/ant-starteam-1.6.4.pom
18:46:15.467 [pool-1-thread-1] TRACE f.m.indexer.core.download.Crawler - doNext: http://central.maven.org/maven2/ant/ant-starteam/1.6.4/ant-starteam-1.6.4.pom.md5
18:46:15.467 [pool-1-thread-1] TRACE f.m.indexer.core.download.Crawler - doNext: http://central.maven.org/maven2/ant/ant-starteam/1.6.4/ant-starteam-1.6.4.pom.sha1
18:46:15.467 [pool-1-thread-1] TRACE f.m.indexer.core.download.Crawler - doNext: http://central.maven.org/maven2/ant/ant-starteam/1.6.4/maven-metadata.xml
18:46:15.467 [pool-1-thread-1] TRACE f.m.indexer.core.download.Crawler - match: http://central.maven.org/maven2/ant/ant-starteam/1.6.4/maven-metadata.xml
18:46:15.467 [pool-1-thread-1] TRACE f.m.indexer.core.download.Crawler - doNext: http://central.maven.org/maven2/ant/ant-starteam/1.6.4/maven-metadata.xml.md5
18:46:15.467 [pool-1-thread-1] TRACE f.m.indexer.core.download.Crawler - doNext: http://central.maven.org/maven2/ant/ant-starteam/1.6.4/maven-metadata.xml.sha1
18:46:15.467 [pool-1-thread-1] TRACE f.m.i.core.client.JerseyHttpClient - download: http://central.maven.org/maven2/ant/ant-weblogic/1.6.4/
18:46:15.467 [pool-1-thread-6] TRACE f.m.indexer.core.download.Crawler - getLinks: <!DOCTYPE html>
<html>

<head>
	<title>Central Repository: ant/ant-starteam/1.6.5</title>
	<meta name="viewport" content="width=device-width, initial-scale=1.0">
	<style>
body {
	background: #fff;
}
	</style>
</head>

<body>
	<header>
		<h1>ant/ant-starteam/1.6.5</h1>
	</header>
	<hr/>
	<main>
		<pre id="contents">
<a href="../">../</a>
<a href="ant-starteam-1.6.5.jar" title="ant-starteam-1.6.5.jar">ant-starteam-1.6.5.jar</a>                            2005-09-20 05:44     35472      
<a href="ant-starteam-1.6.5.jar.md5" title="ant-starteam-1.6.5.jar.md5">ant-starteam-1.6.5.jar.md5</a>                        2005-09-20 05:44        32      
<a href="ant-starteam-1.6.5.jar.sha1" title="ant-starteam-1.6.5.jar.sha1">ant-starteam-1.6.5.jar.sha1</a>                       2005-09-20 05:44        40      
<a href="ant-starteam-1.6.5.pom" title="ant-starteam-1.6.5.pom">ant-starteam-1.6.5.pom</a>                            2005-09-20 05:44       149      
<a href="ant-starteam-1.6.5.pom.md5" title="ant-starteam-1.6.5.pom.md5">ant-starteam-1.6.5.pom.md5</a>                        2005-09-20 05:44        32      
<a href="ant-starteam-1.6.5.pom.sha1" title="ant-starteam-1.6.5.pom.sha1">ant-starteam-1.6.5.pom.sha1</a>                       2005-09-20 05:44        40      
<a href="maven-metadata.xml" title="maven-metadata.xml">maven-metadata.xml</a>                                2005-09-20 05:44       114      
<a href="maven-metadata.xml.md5" title="maven-metadata.xml.md5">maven-metadata.xml.md5</a>                            2005-09-20 05:44        78      
<a href="maven-metadata.xml.sha1" title="maven-metadata.xml.sha1">maven-metadata.xml.sha1</a>                           2005-09-20 05:44       133      
		</pre>
	</main>
	<hr/>
</body>

</html>
18:46:15.467 [pool-1-thread-6] TRACE f.m.indexer.core.download.Crawler - getFullUrl: http://central.maven.org/maven2/ant/ant-starteam/1.6.5/, ../)
18:46:15.467 [pool-1-thread-6] TRACE f.m.indexer.core.download.Crawler - getFullUrl: http://central.maven.org/maven2/ant/ant-starteam/1.6.5/, ant-starteam-1.6.5.jar)
18:46:15.467 [pool-1-thread-6] TRACE f.m.indexer.core.download.Crawler - getFullUrl: http://central.maven.org/maven2/ant/ant-starteam/1.6.5/, ant-starteam-1.6.5.jar.md5)
18:46:15.467 [pool-1-thread-6] TRACE f.m.indexer.core.download.Crawler - getFullUrl: http://central.maven.org/maven2/ant/ant-starteam/1.6.5/, ant-starteam-1.6.5.jar.sha1)
18:46:15.467 [pool-1-thread-6] TRACE f.m.indexer.core.download.Crawler - getFullUrl: http://central.maven.org/maven2/ant/ant-starteam/1.6.5/, ant-starteam-1.6.5.pom)
18:46:15.467 [pool-1-thread-6] TRACE f.m.indexer.core.download.Crawler - getFullUrl: http://central.maven.org/maven2/ant/ant-starteam/1.6.5/, ant-starteam-1.6.5.pom.md5)
18:46:15.467 [pool-1-thread-6] TRACE f.m.indexer.core.download.Crawler - getFullUrl: http://central.maven.org/maven2/ant/ant-starteam/1.6.5/, ant-starteam-1.6.5.pom.sha1)
18:46:15.467 [pool-1-thread-6] TRACE f.m.indexer.core.download.Crawler - getFullUrl: http://central.maven.org/maven2/ant/ant-starteam/1.6.5/, maven-metadata.xml)
18:46:15.467 [pool-1-thread-6] TRACE f.m.indexer.core.download.Crawler - getFullUrl: http://central.maven.org/maven2/ant/ant-starteam/1.6.5/, maven-metadata.xml.md5)
18:46:15.467 [pool-1-thread-6] TRACE f.m.indexer.core.download.Crawler - getFullUrl: http://central.maven.org/maven2/ant/ant-starteam/1.6.5/, maven-metadata.xml.sha1)
18:46:15.467 [pool-1-thread-6] TRACE f.m.indexer.core.download.Crawler - doNext: http://central.maven.org/maven2/ant/ant-starteam/1.6.5/../
18:46:15.467 [pool-1-thread-6] TRACE f.m.indexer.core.download.Crawler - doNext: http://central.maven.org/maven2/ant/ant-starteam/1.6.5/ant-starteam-1.6.5.jar
18:46:15.467 [pool-1-thread-6] TRACE f.m.indexer.core.download.Crawler - doNext: http://central.maven.org/maven2/ant/ant-starteam/1.6.5/ant-starteam-1.6.5.jar.md5
18:46:15.467 [pool-1-thread-6] TRACE f.m.indexer.core.download.Crawler - doNext: http://central.maven.org/maven2/ant/ant-starteam/1.6.5/ant-starteam-1.6.5.jar.sha1
18:46:15.467 [pool-1-thread-6] TRACE f.m.indexer.core.download.Crawler - doNext: http://central.maven.org/maven2/ant/ant-starteam/1.6.5/ant-starteam-1.6.5.pom
18:46:15.467 [pool-1-thread-6] TRACE f.m.indexer.core.download.Crawler - doNext: http://central.maven.org/maven2/ant/ant-starteam/1.6.5/ant-starteam-1.6.5.pom.md5
18:46:15.467 [pool-1-thread-6] TRACE f.m.indexer.core.download.Crawler - doNext: http://central.maven.org/maven2/ant/ant-starteam/1.6.5/ant-starteam-1.6.5.pom.sha1
18:46:15.467 [pool-1-thread-6] TRACE f.m.indexer.core.download.Crawler - doNext: http://central.maven.org/maven2/ant/ant-starteam/1.6.5/maven-metadata.xml
18:46:15.467 [pool-1-thread-6] TRACE f.m.indexer.core.download.Crawler - match: http://central.maven.org/maven2/ant/ant-starteam/1.6.5/maven-metadata.xml
18:46:15.467 [pool-1-thread-6] TRACE f.m.indexer.core.download.Crawler - doNext: http://central.maven.org/maven2/ant/ant-starteam/1.6.5/maven-metadata.xml.md5
18:46:15.483 [pool-1-thread-6] TRACE f.m.indexer.core.download.Crawler - doNext: http://central.maven.org/maven2/ant/ant-starteam/1.6.5/maven-metadata.xml.sha1
18:46:15.483 [pool-1-thread-6] TRACE f.m.i.core.client.JerseyHttpClient - download: http://central.maven.org/maven2/ant/ant-weblogic/1.6.5/
18:46:15.483 [pool-1-thread-7] TRACE f.m.indexer.artifact.MetadataHandler - match: http://central.maven.org/maven2/ant/ant-starteam/maven-metadata.xml
18:46:15.483 [pool-1-thread-4] TRACE f.m.indexer.core.download.Crawler - getLinks: <!DOCTYPE html>
<html>

<head>
	<title>Central Repository: ant/ant-jakarta-regexp/1.6</title>
	<meta name="viewport" content="width=device-width, initial-scale=1.0">
	<style>
body {
	background: #fff;
}
	</style>
</head>

<body>
	<header>
		<h1>ant/ant-jakarta-regexp/1.6</h1>
	</header>
	<hr/>
	<main>
		<pre id="contents">
<a href="../">../</a>
<a href="ant-jakarta-regexp-1.6.jar" title="ant-jakarta-regexp-1.6.jar">ant-jakarta-regexp-1.6.jar</a>                        2005-09-20 05:44      3720      
<a href="ant-jakarta-regexp-1.6.jar.md5" title="ant-jakarta-regexp-1.6.jar.md5">ant-jakarta-regexp-1.6.jar.md5</a>                    2005-09-20 05:44        32      
<a href="ant-jakarta-regexp-1.6.jar.sha1" title="ant-jakarta-regexp-1.6.jar.sha1">ant-jakarta-regexp-1.6.jar.sha1</a>                   2005-09-20 05:44        40      
<a href="ant-jakarta-regexp-1.6.pom" title="ant-jakarta-regexp-1.6.pom">ant-jakarta-regexp-1.6.pom</a>                        2005-09-20 05:44       153      
<a href="ant-jakarta-regexp-1.6.pom.md5" title="ant-jakarta-regexp-1.6.pom.md5">ant-jakarta-regexp-1.6.pom.md5</a>                    2005-09-20 05:44        32      
<a href="ant-jakarta-regexp-1.6.pom.sha1" title="ant-jakarta-regexp-1.6.pom.sha1">ant-jakarta-regexp-1.6.pom.sha1</a>                   2005-09-20 05:44        40      
<a href="maven-metadata.xml" title="maven-metadata.xml">maven-metadata.xml</a>                                2005-09-20 05:44       118      
<a href="maven-metadata.xml.md5" title="maven-metadata.xml.md5">maven-metadata.xml.md5</a>                            2005-09-20 05:44        82      
<a href="maven-metadata.xml.sha1" title="maven-metadata.xml.sha1">maven-metadata.xml.sha1</a>                           2005-09-20 05:44       137      
		</pre>
	</main>
	<hr/>
</body>

</html>
18:46:15.483 [pool-1-thread-4] TRACE f.m.indexer.core.download.Crawler - getFullUrl: http://central.maven.org/maven2/ant/ant-jakarta-regexp/1.6/, ../)
18:46:15.483 [pool-1-thread-4] TRACE f.m.indexer.core.download.Crawler - getFullUrl: http://central.maven.org/maven2/ant/ant-jakarta-regexp/1.6/, ant-jakarta-regexp-1.6.jar)
18:46:15.483 [pool-1-thread-4] TRACE f.m.indexer.core.download.Crawler - getFullUrl: http://central.maven.org/maven2/ant/ant-jakarta-regexp/1.6/, ant-jakarta-regexp-1.6.jar.md5)
18:46:15.483 [pool-1-thread-4] TRACE f.m.indexer.core.download.Crawler - getFullUrl: http://central.maven.org/maven2/ant/ant-jakarta-regexp/1.6/, ant-jakarta-regexp-1.6.jar.sha1)
18:46:15.483 [pool-1-thread-4] TRACE f.m.indexer.core.download.Crawler - getFullUrl: http://central.maven.org/maven2/ant/ant-jakarta-regexp/1.6/, ant-jakarta-regexp-1.6.pom)
18:46:15.483 [pool-1-thread-4] TRACE f.m.indexer.core.download.Crawler - getFullUrl: http://central.maven.org/maven2/ant/ant-jakarta-regexp/1.6/, ant-jakarta-regexp-1.6.pom.md5)
18:46:15.483 [pool-1-thread-4] TRACE f.m.indexer.core.download.Crawler - getFullUrl: http://central.maven.org/maven2/ant/ant-jakarta-regexp/1.6/, ant-jakarta-regexp-1.6.pom.sha1)
18:46:15.483 [pool-1-thread-4] TRACE f.m.indexer.core.download.Crawler - getFullUrl: http://central.maven.org/maven2/ant/ant-jakarta-regexp/1.6/, maven-metadata.xml)
18:46:15.483 [pool-1-thread-4] TRACE f.m.indexer.core.download.Crawler - getFullUrl: http://central.maven.org/maven2/ant/ant-jakarta-regexp/1.6/, maven-metadata.xml.md5)
18:46:15.483 [pool-1-thread-4] TRACE f.m.indexer.core.download.Crawler - getFullUrl: http://central.maven.org/maven2/ant/ant-jakarta-regexp/1.6/, maven-metadata.xml.sha1)
18:46:15.483 [pool-1-thread-4] TRACE f.m.indexer.core.download.Crawler - doNext: http://central.maven.org/maven2/ant/ant-jakarta-regexp/1.6/../
18:46:15.483 [pool-1-thread-4] TRACE f.m.indexer.core.download.Crawler - doNext: http://central.maven.org/maven2/ant/ant-jakarta-regexp/1.6/ant-jakarta-regexp-1.6.jar
18:46:15.483 [pool-1-thread-4] TRACE f.m.indexer.core.download.Crawler - doNext: http://central.maven.org/maven2/ant/ant-jakarta-regexp/1.6/ant-jakarta-regexp-1.6.jar.md5
18:46:15.483 [pool-1-thread-4] TRACE f.m.indexer.core.download.Crawler - doNext: http://central.maven.org/maven2/ant/ant-jakarta-regexp/1.6/ant-jakarta-regexp-1.6.jar.sha1
18:46:15.483 [pool-1-thread-4] TRACE f.m.indexer.core.download.Crawler - doNext: http://central.maven.org/maven2/ant/ant-jakarta-regexp/1.6/ant-jakarta-regexp-1.6.pom
18:46:15.483 [pool-1-thread-4] TRACE f.m.indexer.core.download.Crawler - doNext: http://central.maven.org/maven2/ant/ant-jakarta-regexp/1.6/ant-jakarta-regexp-1.6.pom.md5
18:46:15.483 [pool-1-thread-4] TRACE f.m.indexer.core.download.Crawler - doNext: http://central.maven.org/maven2/ant/ant-jakarta-regexp/1.6/ant-jakarta-regexp-1.6.pom.sha1
18:46:15.483 [pool-1-thread-4] TRACE f.m.indexer.core.download.Crawler - doNext: http://central.maven.org/maven2/ant/ant-jakarta-regexp/1.6/maven-metadata.xml
18:46:15.483 [pool-1-thread-4] TRACE f.m.indexer.core.download.Crawler - match: http://central.maven.org/maven2/ant/ant-jakarta-regexp/1.6/maven-metadata.xml
18:46:15.483 [pool-1-thread-4] TRACE f.m.indexer.core.download.Crawler - doNext: http://central.maven.org/maven2/ant/ant-jakarta-regexp/1.6/maven-metadata.xml.md5
18:46:15.483 [pool-1-thread-4] TRACE f.m.indexer.core.download.Crawler - doNext: http://central.maven.org/maven2/ant/ant-jakarta-regexp/1.6/maven-metadata.xml.sha1
18:46:15.483 [pool-1-thread-4] TRACE f.m.i.core.client.JerseyHttpClient - download: http://central.maven.org/maven2/ant/ant-weblogic/maven-metadata.xml
18:46:15.483 [pool-1-thread-7] TRACE f.m.i.core.client.JerseyHttpClient - download: http://central.maven.org/maven2/ant/ant-xalan2/1.6/
18:46:15.483 [pool-1-thread-5] TRACE f.m.indexer.core.download.Crawler - getLinks: <!DOCTYPE html>
<html>

<head>
	<title>Central Repository: ant/ant-jakarta-regexp/1.6.1</title>
	<meta name="viewport" content="width=device-width, initial-scale=1.0">
	<style>
body {
	background: #fff;
}
	</style>
</head>

<body>
	<header>
		<h1>ant/ant-jakarta-regexp/1.6.1</h1>
	</header>
	<hr/>
	<main>
		<pre id="contents">
<a href="../">../</a>
<a href="ant-jakarta-regexp-1.6.1.jar" title="ant-jakarta-regexp-1.6.1.jar">ant-jakarta-regexp-1.6.1.jar</a>                      2005-09-20 05:44      3708      
<a href="ant-jakarta-regexp-1.6.1.jar.md5" title="ant-jakarta-regexp-1.6.1.jar.md5">ant-jakarta-regexp-1.6.1.jar.md5</a>                  2005-09-20 05:44        32      
<a href="ant-jakarta-regexp-1.6.1.jar.sha1" title="ant-jakarta-regexp-1.6.1.jar.sha1">ant-jakarta-regexp-1.6.1.jar.sha1</a>                 2005-09-20 05:44        40      
<a href="ant-jakarta-regexp-1.6.1.pom" title="ant-jakarta-regexp-1.6.1.pom">ant-jakarta-regexp-1.6.1.pom</a>                      2005-09-20 05:44       155      
<a href="ant-jakarta-regexp-1.6.1.pom.md5" title="ant-jakarta-regexp-1.6.1.pom.md5">ant-jakarta-regexp-1.6.1.pom.md5</a>                  2005-09-20 05:44        32      
<a href="ant-jakarta-regexp-1.6.1.pom.sha1" title="ant-jakarta-regexp-1.6.1.pom.sha1">ant-jakarta-regexp-1.6.1.pom.sha1</a>                 2005-09-20 05:44        40      
<a href="maven-metadata.xml" title="maven-metadata.xml">maven-metadata.xml</a>                                2005-09-20 05:44       120      
<a href="maven-metadata.xml.md5" title="maven-metadata.xml.md5">maven-metadata.xml.md5</a>                            2005-09-20 05:44        84      
<a href="maven-metadata.xml.sha1" title="maven-metadata.xml.sha1">maven-metadata.xml.sha1</a>                           2005-09-20 05:44       139      
		</pre>
	</main>
	<hr/>
</body>

</html>
18:46:15.483 [pool-1-thread-5] TRACE f.m.indexer.core.download.Crawler - getFullUrl: http://central.maven.org/maven2/ant/ant-jakarta-regexp/1.6.1/, ../)
18:46:15.483 [pool-1-thread-5] TRACE f.m.indexer.core.download.Crawler - getFullUrl: http://central.maven.org/maven2/ant/ant-jakarta-regexp/1.6.1/, ant-jakarta-regexp-1.6.1.jar)
18:46:15.483 [pool-1-thread-5] TRACE f.m.indexer.core.download.Crawler - getFullUrl: http://central.maven.org/maven2/ant/ant-jakarta-regexp/1.6.1/, ant-jakarta-regexp-1.6.1.jar.md5)
18:46:15.483 [pool-1-thread-5] TRACE f.m.indexer.core.download.Crawler - getFullUrl: http://central.maven.org/maven2/ant/ant-jakarta-regexp/1.6.1/, ant-jakarta-regexp-1.6.1.jar.sha1)
18:46:15.483 [pool-1-thread-5] TRACE f.m.indexer.core.download.Crawler - getFullUrl: http://central.maven.org/maven2/ant/ant-jakarta-regexp/1.6.1/, ant-jakarta-regexp-1.6.1.pom)
18:46:15.483 [pool-1-thread-5] TRACE f.m.indexer.core.download.Crawler - getFullUrl: http://central.maven.org/maven2/ant/ant-jakarta-regexp/1.6.1/, ant-jakarta-regexp-1.6.1.pom.md5)
18:46:15.483 [pool-1-thread-5] TRACE f.m.indexer.core.download.Crawler - getFullUrl: http://central.maven.org/maven2/ant/ant-jakarta-regexp/1.6.1/, ant-jakarta-regexp-1.6.1.pom.sha1)
18:46:15.483 [pool-1-thread-5] TRACE f.m.indexer.core.download.Crawler - getFullUrl: http://central.maven.org/maven2/ant/ant-jakarta-regexp/1.6.1/, maven-metadata.xml)
18:46:15.483 [pool-1-thread-5] TRACE f.m.indexer.core.download.Crawler - getFullUrl: http://central.maven.org/maven2/ant/ant-jakarta-regexp/1.6.1/, maven-metadata.xml.md5)
18:46:15.483 [pool-1-thread-5] TRACE f.m.indexer.core.download.Crawler - getFullUrl: http://central.maven.org/maven2/ant/ant-jakarta-regexp/1.6.1/, maven-metadata.xml.sha1)
18:46:15.483 [pool-1-thread-5] TRACE f.m.indexer.core.download.Crawler - doNext: http://central.maven.org/maven2/ant/ant-jakarta-regexp/1.6.1/../
18:46:15.483 [pool-1-thread-5] TRACE f.m.indexer.core.download.Crawler - doNext: http://central.maven.org/maven2/ant/ant-jakarta-regexp/1.6.1/ant-jakarta-regexp-1.6.1.jar
18:46:15.483 [pool-1-thread-5] TRACE f.m.indexer.core.download.Crawler - doNext: http://central.maven.org/maven2/ant/ant-jakarta-regexp/1.6.1/ant-jakarta-regexp-1.6.1.jar.md5
18:46:15.483 [pool-1-thread-5] TRACE f.m.indexer.core.download.Crawler - doNext: http://central.maven.org/maven2/ant/ant-jakarta-regexp/1.6.1/ant-jakarta-regexp-1.6.1.jar.sha1
18:46:15.483 [pool-1-thread-5] TRACE f.m.indexer.core.download.Crawler - doNext: http://central.maven.org/maven2/ant/ant-jakarta-regexp/1.6.1/ant-jakarta-regexp-1.6.1.pom
18:46:15.483 [pool-1-thread-5] TRACE f.m.indexer.core.download.Crawler - doNext: http://central.maven.org/maven2/ant/ant-jakarta-regexp/1.6.1/ant-jakarta-regexp-1.6.1.pom.md5
18:46:15.483 [pool-1-thread-5] TRACE f.m.indexer.core.download.Crawler - doNext: http://central.maven.org/maven2/ant/ant-jakarta-regexp/1.6.1/ant-jakarta-regexp-1.6.1.pom.sha1
18:46:15.483 [pool-1-thread-5] TRACE f.m.indexer.core.download.Crawler - doNext: http://central.maven.org/maven2/ant/ant-jakarta-regexp/1.6.1/maven-metadata.xml
18:46:15.483 [pool-1-thread-5] TRACE f.m.indexer.core.download.Crawler - match: http://central.maven.org/maven2/ant/ant-jakarta-regexp/1.6.1/maven-metadata.xml
18:46:15.483 [pool-1-thread-5] TRACE f.m.indexer.core.download.Crawler - doNext: http://central.maven.org/maven2/ant/ant-jakarta-regexp/1.6.1/maven-metadata.xml.md5
18:46:15.483 [pool-1-thread-5] TRACE f.m.indexer.core.download.Crawler - doNext: http://central.maven.org/maven2/ant/ant-jakarta-regexp/1.6.1/maven-metadata.xml.sha1
18:46:15.483 [pool-1-thread-5] TRACE f.m.i.core.client.JerseyHttpClient - download: http://central.maven.org/maven2/ant/ant-xalan2/1.6.1/
18:46:15.483 [pool-1-thread-10] TRACE f.m.indexer.artifact.MetadataHandler - match: http://central.maven.org/maven2/ant/ant-jakarta-regexp/maven-metadata.xml
18:46:15.483 [pool-1-thread-10] TRACE f.m.i.core.client.JerseyHttpClient - download: http://central.maven.org/maven2/ant/ant-xalan2/maven-metadata.xml
18:46:15.498 [pool-1-thread-8] TRACE f.m.indexer.core.download.Crawler - getLinks: <!DOCTYPE html>
<html>

<head>
	<title>Central Repository: ant/ant-weblogic/1.6</title>
	<meta name="viewport" content="width=device-width, initial-scale=1.0">
	<style>
body {
	background: #fff;
}
	</style>
</head>

<body>
	<header>
		<h1>ant/ant-weblogic/1.6</h1>
	</header>
	<hr/>
	<main>
		<pre id="contents">
<a href="../">../</a>
<a href="ant-weblogic-1.6.jar" title="ant-weblogic-1.6.jar">ant-weblogic-1.6.jar</a>                              2005-09-20 05:45     14447      
<a href="ant-weblogic-1.6.jar.md5" title="ant-weblogic-1.6.jar.md5">ant-weblogic-1.6.jar.md5</a>                          2005-09-20 05:45        32      
<a href="ant-weblogic-1.6.jar.sha1" title="ant-weblogic-1.6.jar.sha1">ant-weblogic-1.6.jar.sha1</a>                         2005-09-20 05:45        40      
<a href="ant-weblogic-1.6.pom" title="ant-weblogic-1.6.pom">ant-weblogic-1.6.pom</a>                              2005-09-20 05:45       147      
<a href="ant-weblogic-1.6.pom.md5" title="ant-weblogic-1.6.pom.md5">ant-weblogic-1.6.pom.md5</a>                          2005-09-20 05:45        32      
<a href="ant-weblogic-1.6.pom.sha1" title="ant-weblogic-1.6.pom.sha1">ant-weblogic-1.6.pom.sha1</a>                         2005-09-20 05:45        40      
<a href="maven-metadata.xml" title="maven-metadata.xml">maven-metadata.xml</a>                                2005-09-20 05:45       112      
<a href="maven-metadata.xml.md5" title="maven-metadata.xml.md5">maven-metadata.xml.md5</a>                            2005-09-20 05:45        76      
<a href="maven-metadata.xml.sha1" title="maven-metadata.xml.sha1">maven-metadata.xml.sha1</a>                           2005-09-20 05:45       131      
		</pre>
	</main>
	<hr/>
</body>

</html>
18:46:15.498 [pool-1-thread-8] TRACE f.m.indexer.core.download.Crawler - getFullUrl: http://central.maven.org/maven2/ant/ant-weblogic/1.6/, ../)
18:46:15.498 [pool-1-thread-8] TRACE f.m.indexer.core.download.Crawler - getFullUrl: http://central.maven.org/maven2/ant/ant-weblogic/1.6/, ant-weblogic-1.6.jar)
18:46:15.498 [pool-1-thread-8] TRACE f.m.indexer.core.download.Crawler - getFullUrl: http://central.maven.org/maven2/ant/ant-weblogic/1.6/, ant-weblogic-1.6.jar.md5)
18:46:15.498 [pool-1-thread-8] TRACE f.m.indexer.core.download.Crawler - getFullUrl: http://central.maven.org/maven2/ant/ant-weblogic/1.6/, ant-weblogic-1.6.jar.sha1)
18:46:15.498 [pool-1-thread-8] TRACE f.m.indexer.core.download.Crawler - getFullUrl: http://central.maven.org/maven2/ant/ant-weblogic/1.6/, ant-weblogic-1.6.pom)
18:46:15.498 [pool-1-thread-8] TRACE f.m.indexer.core.download.Crawler - getFullUrl: http://central.maven.org/maven2/ant/ant-weblogic/1.6/, ant-weblogic-1.6.pom.md5)
18:46:15.498 [pool-1-thread-8] TRACE f.m.indexer.core.download.Crawler - getFullUrl: http://central.maven.org/maven2/ant/ant-weblogic/1.6/, ant-weblogic-1.6.pom.sha1)
18:46:15.498 [pool-1-thread-8] TRACE f.m.indexer.core.download.Crawler - getFullUrl: http://central.maven.org/maven2/ant/ant-weblogic/1.6/, maven-metadata.xml)
18:46:15.498 [pool-1-thread-8] TRACE f.m.indexer.core.download.Crawler - getFullUrl: http://central.maven.org/maven2/ant/ant-weblogic/1.6/, maven-metadata.xml.md5)
18:46:15.498 [pool-1-thread-8] TRACE f.m.indexer.core.download.Crawler - getFullUrl: http://central.maven.org/maven2/ant/ant-weblogic/1.6/, maven-metadata.xml.sha1)
18:46:15.498 [pool-1-thread-8] TRACE f.m.indexer.core.download.Crawler - doNext: http://central.maven.org/maven2/ant/ant-weblogic/1.6/../
18:46:15.498 [pool-1-thread-8] TRACE f.m.indexer.core.download.Crawler - doNext: http://central.maven.org/maven2/ant/ant-weblogic/1.6/ant-weblogic-1.6.jar
18:46:15.498 [pool-1-thread-8] TRACE f.m.indexer.core.download.Crawler - doNext: http://central.maven.org/maven2/ant/ant-weblogic/1.6/ant-weblogic-1.6.jar.md5
18:46:15.498 [pool-1-thread-8] TRACE f.m.indexer.core.download.Crawler - doNext: http://central.maven.org/maven2/ant/ant-weblogic/1.6/ant-weblogic-1.6.jar.sha1
18:46:15.498 [pool-1-thread-8] TRACE f.m.indexer.core.download.Crawler - doNext: http://central.maven.org/maven2/ant/ant-weblogic/1.6/ant-weblogic-1.6.pom
18:46:15.498 [pool-1-thread-8] TRACE f.m.indexer.core.download.Crawler - doNext: http://central.maven.org/maven2/ant/ant-weblogic/1.6/ant-weblogic-1.6.pom.md5
18:46:15.498 [pool-1-thread-8] TRACE f.m.indexer.core.download.Crawler - doNext: http://central.maven.org/maven2/ant/ant-weblogic/1.6/ant-weblogic-1.6.pom.sha1
18:46:15.498 [pool-1-thread-8] TRACE f.m.indexer.core.download.Crawler - doNext: http://central.maven.org/maven2/ant/ant-weblogic/1.6/maven-metadata.xml
18:46:15.498 [pool-1-thread-8] TRACE f.m.indexer.core.download.Crawler - match: http://central.maven.org/maven2/ant/ant-weblogic/1.6/maven-metadata.xml
18:46:15.498 [pool-1-thread-8] TRACE f.m.indexer.core.download.Crawler - doNext: http://central.maven.org/maven2/ant/ant-weblogic/1.6/maven-metadata.xml.md5
18:46:15.498 [pool-1-thread-8] TRACE f.m.indexer.core.download.Crawler - doNext: http://central.maven.org/maven2/ant/ant-weblogic/1.6/maven-metadata.xml.sha1
18:46:15.498 [pool-1-thread-8] TRACE f.m.i.core.client.JerseyHttpClient - download: http://central.maven.org/maven2/ant/ant-xslp/1.6/
18:46:15.529 [pool-1-thread-9] TRACE f.m.indexer.core.download.Crawler - getLinks: <!DOCTYPE html>
<html>

<head>
	<title>Central Repository: ant/ant-weblogic/1.6.2</title>
	<meta name="viewport" content="width=device-width, initial-scale=1.0">
	<style>
body {
	background: #fff;
}
	</style>
</head>

<body>
	<header>
		<h1>ant/ant-weblogic/1.6.2</h1>
	</header>
	<hr/>
	<main>
		<pre id="contents">
<a href="../">../</a>
<a href="ant-weblogic-1.6.2.jar" title="ant-weblogic-1.6.2.jar">ant-weblogic-1.6.2.jar</a>                            2005-09-20 05:45     14355      
<a href="ant-weblogic-1.6.2.jar.md5" title="ant-weblogic-1.6.2.jar.md5">ant-weblogic-1.6.2.jar.md5</a>                        2005-09-20 05:45        32      
<a href="ant-weblogic-1.6.2.jar.sha1" title="ant-weblogic-1.6.2.jar.sha1">ant-weblogic-1.6.2.jar.sha1</a>                       2005-09-20 05:45        40      
<a href="ant-weblogic-1.6.2.pom" title="ant-weblogic-1.6.2.pom">ant-weblogic-1.6.2.pom</a>                            2005-09-20 05:45       149      
<a href="ant-weblogic-1.6.2.pom.md5" title="ant-weblogic-1.6.2.pom.md5">ant-weblogic-1.6.2.pom.md5</a>                        2005-09-20 05:45        32      
<a href="ant-weblogic-1.6.2.pom.sha1" title="ant-weblogic-1.6.2.pom.sha1">ant-weblogic-1.6.2.pom.sha1</a>                       2005-09-20 05:45        40      
<a href="maven-metadata.xml" title="maven-metadata.xml">maven-metadata.xml</a>                                2005-09-20 05:45       114      
<a href="maven-metadata.xml.md5" title="maven-metadata.xml.md5">maven-metadata.xml.md5</a>                            2005-09-20 05:45        78      
<a href="maven-metadata.xml.sha1" title="maven-metadata.xml.sha1">maven-metadata.xml.sha1</a>                           2005-09-20 05:45       133      
		</pre>
	</main>
	<hr/>
</body>

</html>
18:46:15.529 [pool-1-thread-9] TRACE f.m.indexer.core.download.Crawler - getFullUrl: http://central.maven.org/maven2/ant/ant-weblogic/1.6.2/, ../)
18:46:15.529 [pool-1-thread-9] TRACE f.m.indexer.core.download.Crawler - getFullUrl: http://central.maven.org/maven2/ant/ant-weblogic/1.6.2/, ant-weblogic-1.6.2.jar)
18:46:15.529 [pool-1-thread-9] TRACE f.m.indexer.core.download.Crawler - getFullUrl: http://central.maven.org/maven2/ant/ant-weblogic/1.6.2/, ant-weblogic-1.6.2.jar.md5)
18:46:15.529 [pool-1-thread-9] TRACE f.m.indexer.core.download.Crawler - getFullUrl: http://central.maven.org/maven2/ant/ant-weblogic/1.6.2/, ant-weblogic-1.6.2.jar.sha1)
18:46:15.529 [pool-1-thread-9] TRACE f.m.indexer.core.download.Crawler - getFullUrl: http://central.maven.org/maven2/ant/ant-weblogic/1.6.2/, ant-weblogic-1.6.2.pom)
18:46:15.529 [pool-1-thread-9] TRACE f.m.indexer.core.download.Crawler - getFullUrl: http://central.maven.org/maven2/ant/ant-weblogic/1.6.2/, ant-weblogic-1.6.2.pom.md5)
18:46:15.545 [pool-1-thread-9] TRACE f.m.indexer.core.download.Crawler - getFullUrl: http://central.maven.org/maven2/ant/ant-weblogic/1.6.2/, ant-weblogic-1.6.2.pom.sha1)
18:46:15.545 [pool-1-thread-9] TRACE f.m.indexer.core.download.Crawler - getFullUrl: http://central.maven.org/maven2/ant/ant-weblogic/1.6.2/, maven-metadata.xml)
18:46:15.545 [pool-1-thread-9] TRACE f.m.indexer.core.download.Crawler - getFullUrl: http://central.maven.org/maven2/ant/ant-weblogic/1.6.2/, maven-metadata.xml.md5)
18:46:15.545 [pool-1-thread-9] TRACE f.m.indexer.core.download.Crawler - getFullUrl: http://central.maven.org/maven2/ant/ant-weblogic/1.6.2/, maven-metadata.xml.sha1)
18:46:15.545 [pool-1-thread-9] TRACE f.m.indexer.core.download.Crawler - doNext: http://central.maven.org/maven2/ant/ant-weblogic/1.6.2/../
18:46:15.545 [pool-1-thread-9] TRACE f.m.indexer.core.download.Crawler - doNext: http://central.maven.org/maven2/ant/ant-weblogic/1.6.2/ant-weblogic-1.6.2.jar
18:46:15.545 [pool-1-thread-9] TRACE f.m.indexer.core.download.Crawler - doNext: http://central.maven.org/maven2/ant/ant-weblogic/1.6.2/ant-weblogic-1.6.2.jar.md5
18:46:15.545 [pool-1-thread-9] TRACE f.m.indexer.core.download.Crawler - doNext: http://central.maven.org/maven2/ant/ant-weblogic/1.6.2/ant-weblogic-1.6.2.jar.sha1
18:46:15.545 [pool-1-thread-9] TRACE f.m.indexer.core.download.Crawler - doNext: http://central.maven.org/maven2/ant/ant-weblogic/1.6.2/ant-weblogic-1.6.2.pom
18:46:15.545 [pool-1-thread-9] TRACE f.m.indexer.core.download.Crawler - doNext: http://central.maven.org/maven2/ant/ant-weblogic/1.6.2/ant-weblogic-1.6.2.pom.md5
18:46:15.545 [pool-1-thread-9] TRACE f.m.indexer.core.download.Crawler - doNext: http://central.maven.org/maven2/ant/ant-weblogic/1.6.2/ant-weblogic-1.6.2.pom.sha1
18:46:15.545 [pool-1-thread-9] TRACE f.m.indexer.core.download.Crawler - doNext: http://central.maven.org/maven2/ant/ant-weblogic/1.6.2/maven-metadata.xml
18:46:15.545 [pool-1-thread-9] TRACE f.m.indexer.core.download.Crawler - match: http://central.maven.org/maven2/ant/ant-weblogic/1.6.2/maven-metadata.xml
18:46:15.545 [pool-1-thread-9] TRACE f.m.indexer.core.download.Crawler - doNext: http://central.maven.org/maven2/ant/ant-weblogic/1.6.2/maven-metadata.xml.md5
18:46:15.545 [pool-1-thread-9] TRACE f.m.indexer.core.download.Crawler - doNext: http://central.maven.org/maven2/ant/ant-weblogic/1.6.2/maven-metadata.xml.sha1
18:46:15.545 [pool-1-thread-9] TRACE f.m.i.core.client.JerseyHttpClient - download: http://central.maven.org/maven2/ant/ant-xslp/1.6.1/
18:46:15.545 [pool-1-thread-3] TRACE f.m.indexer.core.download.Crawler - getLinks: <!DOCTYPE html>
<html>

<head>
	<title>Central Repository: ant/ant-weblogic/1.6.1</title>
	<meta name="viewport" content="width=device-width, initial-scale=1.0">
	<style>
body {
	background: #fff;
}
	</style>
</head>

<body>
	<header>
		<h1>ant/ant-weblogic/1.6.1</h1>
	</header>
	<hr/>
	<main>
		<pre id="contents">
<a href="../">../</a>
<a href="ant-weblogic-1.6.1.jar" title="ant-weblogic-1.6.1.jar">ant-weblogic-1.6.1.jar</a>                            2005-09-20 05:45     14410      
<a href="ant-weblogic-1.6.1.jar.md5" title="ant-weblogic-1.6.1.jar.md5">ant-weblogic-1.6.1.jar.md5</a>                        2005-09-20 05:45        32      
<a href="ant-weblogic-1.6.1.jar.sha1" title="ant-weblogic-1.6.1.jar.sha1">ant-weblogic-1.6.1.jar.sha1</a>                       2005-09-20 05:45        40      
<a href="ant-weblogic-1.6.1.pom" title="ant-weblogic-1.6.1.pom">ant-weblogic-1.6.1.pom</a>                            2005-09-20 05:45       149      
<a href="ant-weblogic-1.6.1.pom.md5" title="ant-weblogic-1.6.1.pom.md5">ant-weblogic-1.6.1.pom.md5</a>                        2005-09-20 05:45        32      
<a href="ant-weblogic-1.6.1.pom.sha1" title="ant-weblogic-1.6.1.pom.sha1">ant-weblogic-1.6.1.pom.sha1</a>                       2005-09-20 05:45        40      
<a href="maven-metadata.xml" title="maven-metadata.xml">maven-metadata.xml</a>                                2005-09-20 05:45       114      
<a href="maven-metadata.xml.md5" title="maven-metadata.xml.md5">maven-metadata.xml.md5</a>                            2005-09-20 05:45        78      
<a href="maven-metadata.xml.sha1" title="maven-metadata.xml.sha1">maven-metadata.xml.sha1</a>                           2005-09-20 05:45       133      
		</pre>
	</main>
	<hr/>
</body>

</html>
18:46:15.545 [pool-1-thread-3] TRACE f.m.indexer.core.download.Crawler - getFullUrl: http://central.maven.org/maven2/ant/ant-weblogic/1.6.1/, ../)
18:46:15.545 [pool-1-thread-3] TRACE f.m.indexer.core.download.Crawler - getFullUrl: http://central.maven.org/maven2/ant/ant-weblogic/1.6.1/, ant-weblogic-1.6.1.jar)
18:46:15.545 [pool-1-thread-3] TRACE f.m.indexer.core.download.Crawler - getFullUrl: http://central.maven.org/maven2/ant/ant-weblogic/1.6.1/, ant-weblogic-1.6.1.jar.md5)
18:46:15.545 [pool-1-thread-3] TRACE f.m.indexer.core.download.Crawler - getFullUrl: http://central.maven.org/maven2/ant/ant-weblogic/1.6.1/, ant-weblogic-1.6.1.jar.sha1)
18:46:15.545 [pool-1-thread-3] TRACE f.m.indexer.core.download.Crawler - getFullUrl: http://central.maven.org/maven2/ant/ant-weblogic/1.6.1/, ant-weblogic-1.6.1.pom)
18:46:15.545 [pool-1-thread-3] TRACE f.m.indexer.core.download.Crawler - getFullUrl: http://central.maven.org/maven2/ant/ant-weblogic/1.6.1/, ant-weblogic-1.6.1.pom.md5)
18:46:15.545 [pool-1-thread-3] TRACE f.m.indexer.core.download.Crawler - getFullUrl: http://central.maven.org/maven2/ant/ant-weblogic/1.6.1/, ant-weblogic-1.6.1.pom.sha1)
18:46:15.545 [pool-1-thread-3] TRACE f.m.indexer.core.download.Crawler - getFullUrl: http://central.maven.org/maven2/ant/ant-weblogic/1.6.1/, maven-metadata.xml)
18:46:15.545 [pool-1-thread-3] TRACE f.m.indexer.core.download.Crawler - getFullUrl: http://central.maven.org/maven2/ant/ant-weblogic/1.6.1/, maven-metadata.xml.md5)
18:46:15.545 [pool-1-thread-3] TRACE f.m.indexer.core.download.Crawler - getFullUrl: http://central.maven.org/maven2/ant/ant-weblogic/1.6.1/, maven-metadata.xml.sha1)
18:46:15.545 [pool-1-thread-3] TRACE f.m.indexer.core.download.Crawler - doNext: http://central.maven.org/maven2/ant/ant-weblogic/1.6.1/../
18:46:15.545 [pool-1-thread-3] TRACE f.m.indexer.core.download.Crawler - doNext: http://central.maven.org/maven2/ant/ant-weblogic/1.6.1/ant-weblogic-1.6.1.jar
18:46:15.545 [pool-1-thread-3] TRACE f.m.indexer.core.download.Crawler - doNext: http://central.maven.org/maven2/ant/ant-weblogic/1.6.1/ant-weblogic-1.6.1.jar.md5
18:46:15.545 [pool-1-thread-3] TRACE f.m.indexer.core.download.Crawler - doNext: http://central.maven.org/maven2/ant/ant-weblogic/1.6.1/ant-weblogic-1.6.1.jar.sha1
18:46:15.545 [pool-1-thread-3] TRACE f.m.indexer.core.download.Crawler - doNext: http://central.maven.org/maven2/ant/ant-weblogic/1.6.1/ant-weblogic-1.6.1.pom
18:46:15.545 [pool-1-thread-3] TRACE f.m.indexer.core.download.Crawler - doNext: http://central.maven.org/maven2/ant/ant-weblogic/1.6.1/ant-weblogic-1.6.1.pom.md5
18:46:15.545 [pool-1-thread-3] TRACE f.m.indexer.core.download.Crawler - doNext: http://central.maven.org/maven2/ant/ant-weblogic/1.6.1/ant-weblogic-1.6.1.pom.sha1
18:46:15.545 [pool-1-thread-3] TRACE f.m.indexer.core.download.Crawler - doNext: http://central.maven.org/maven2/ant/ant-weblogic/1.6.1/maven-metadata.xml
18:46:15.545 [pool-1-thread-3] TRACE f.m.indexer.core.download.Crawler - match: http://central.maven.org/maven2/ant/ant-weblogic/1.6.1/maven-metadata.xml
18:46:15.545 [pool-1-thread-3] TRACE f.m.indexer.core.download.Crawler - doNext: http://central.maven.org/maven2/ant/ant-weblogic/1.6.1/maven-metadata.xml.md5
18:46:15.545 [pool-1-thread-3] TRACE f.m.indexer.core.download.Crawler - doNext: http://central.maven.org/maven2/ant/ant-weblogic/1.6.1/maven-metadata.xml.sha1
18:46:15.545 [pool-1-thread-3] TRACE f.m.i.core.client.JerseyHttpClient - download: http://central.maven.org/maven2/ant/ant-xslp/1.6.2/
18:46:15.545 [pool-1-thread-1] TRACE f.m.indexer.core.download.Crawler - getLinks: <!DOCTYPE html>
<html>

<head>
	<title>Central Repository: ant/ant-weblogic/1.6.4</title>
	<meta name="viewport" content="width=device-width, initial-scale=1.0">
	<style>
body {
	background: #fff;
}
	</style>
</head>

<body>
	<header>
		<h1>ant/ant-weblogic/1.6.4</h1>
	</header>
	<hr/>
	<main>
		<pre id="contents">
<a href="../">../</a>
<a href="ant-weblogic-1.6.4.jar" title="ant-weblogic-1.6.4.jar">ant-weblogic-1.6.4.jar</a>                            2005-09-20 05:45     14363      
<a href="ant-weblogic-1.6.4.jar.md5" title="ant-weblogic-1.6.4.jar.md5">ant-weblogic-1.6.4.jar.md5</a>                        2005-09-20 05:45        32      
<a href="ant-weblogic-1.6.4.jar.sha1" title="ant-weblogic-1.6.4.jar.sha1">ant-weblogic-1.6.4.jar.sha1</a>                       2005-09-20 05:45        40      
<a href="ant-weblogic-1.6.4.pom" title="ant-weblogic-1.6.4.pom">ant-weblogic-1.6.4.pom</a>                            2005-09-20 05:45       149      
<a href="ant-weblogic-1.6.4.pom.md5" title="ant-weblogic-1.6.4.pom.md5">ant-weblogic-1.6.4.pom.md5</a>                        2005-09-20 05:45        32      
<a href="ant-weblogic-1.6.4.pom.sha1" title="ant-weblogic-1.6.4.pom.sha1">ant-weblogic-1.6.4.pom.sha1</a>                       2005-09-20 05:45        40      
<a href="maven-metadata.xml" title="maven-metadata.xml">maven-metadata.xml</a>                                2005-09-20 05:45       114      
<a href="maven-metadata.xml.md5" title="maven-metadata.xml.md5">maven-metadata.xml.md5</a>                            2005-09-20 05:45        78      
<a href="maven-metadata.xml.sha1" title="maven-metadata.xml.sha1">maven-metadata.xml.sha1</a>                           2005-09-20 05:45       133      
		</pre>
	</main>
	<hr/>
</body>

</html>
18:46:15.545 [pool-1-thread-1] TRACE f.m.indexer.core.download.Crawler - getFullUrl: http://central.maven.org/maven2/ant/ant-weblogic/1.6.4/, ../)
18:46:15.545 [pool-1-thread-1] TRACE f.m.indexer.core.download.Crawler - getFullUrl: http://central.maven.org/maven2/ant/ant-weblogic/1.6.4/, ant-weblogic-1.6.4.jar)
18:46:15.545 [pool-1-thread-1] TRACE f.m.indexer.core.download.Crawler - getFullUrl: http://central.maven.org/maven2/ant/ant-weblogic/1.6.4/, ant-weblogic-1.6.4.jar.md5)
18:46:15.545 [pool-1-thread-1] TRACE f.m.indexer.core.download.Crawler - getFullUrl: http://central.maven.org/maven2/ant/ant-weblogic/1.6.4/, ant-weblogic-1.6.4.jar.sha1)
18:46:15.545 [pool-1-thread-1] TRACE f.m.indexer.core.download.Crawler - getFullUrl: http://central.maven.org/maven2/ant/ant-weblogic/1.6.4/, ant-weblogic-1.6.4.pom)
18:46:15.545 [pool-1-thread-1] TRACE f.m.indexer.core.download.Crawler - getFullUrl: http://central.maven.org/maven2/ant/ant-weblogic/1.6.4/, ant-weblogic-1.6.4.pom.md5)
18:46:15.545 [pool-1-thread-1] TRACE f.m.indexer.core.download.Crawler - getFullUrl: http://central.maven.org/maven2/ant/ant-weblogic/1.6.4/, ant-weblogic-1.6.4.pom.sha1)
18:46:15.545 [pool-1-thread-1] TRACE f.m.indexer.core.download.Crawler - getFullUrl: http://central.maven.org/maven2/ant/ant-weblogic/1.6.4/, maven-metadata.xml)
18:46:15.545 [pool-1-thread-1] TRACE f.m.indexer.core.download.Crawler - getFullUrl: http://central.maven.org/maven2/ant/ant-weblogic/1.6.4/, maven-metadata.xml.md5)
18:46:15.545 [pool-1-thread-1] TRACE f.m.indexer.core.download.Crawler - getFullUrl: http://central.maven.org/maven2/ant/ant-weblogic/1.6.4/, maven-metadata.xml.sha1)
18:46:15.545 [pool-1-thread-1] TRACE f.m.indexer.core.download.Crawler - doNext: http://central.maven.org/maven2/ant/ant-weblogic/1.6.4/../
18:46:15.545 [pool-1-thread-1] TRACE f.m.indexer.core.download.Crawler - doNext: http://central.maven.org/maven2/ant/ant-weblogic/1.6.4/ant-weblogic-1.6.4.jar
18:46:15.545 [pool-1-thread-1] TRACE f.m.indexer.core.download.Crawler - doNext: http://central.maven.org/maven2/ant/ant-weblogic/1.6.4/ant-weblogic-1.6.4.jar.md5
18:46:15.545 [pool-1-thread-1] TRACE f.m.indexer.core.download.Crawler - doNext: http://central.maven.org/maven2/ant/ant-weblogic/1.6.4/ant-weblogic-1.6.4.jar.sha1
18:46:15.545 [pool-1-thread-1] TRACE f.m.indexer.core.download.Crawler - doNext: http://central.maven.org/maven2/ant/ant-weblogic/1.6.4/ant-weblogic-1.6.4.pom
18:46:15.545 [pool-1-thread-1] TRACE f.m.indexer.core.download.Crawler - doNext: http://central.maven.org/maven2/ant/ant-weblogic/1.6.4/ant-weblogic-1.6.4.pom.md5
18:46:15.545 [pool-1-thread-1] TRACE f.m.indexer.core.download.Crawler - doNext: http://central.maven.org/maven2/ant/ant-weblogic/1.6.4/ant-weblogic-1.6.4.pom.sha1
18:46:15.545 [pool-1-thread-1] TRACE f.m.indexer.core.download.Crawler - doNext: http://central.maven.org/maven2/ant/ant-weblogic/1.6.4/maven-metadata.xml
18:46:15.545 [pool-1-thread-1] TRACE f.m.indexer.core.download.Crawler - match: http://central.maven.org/maven2/ant/ant-weblogic/1.6.4/maven-metadata.xml
18:46:15.545 [pool-1-thread-1] TRACE f.m.indexer.core.download.Crawler - doNext: http://central.maven.org/maven2/ant/ant-weblogic/1.6.4/maven-metadata.xml.md5
18:46:15.545 [pool-1-thread-1] TRACE f.m.indexer.core.download.Crawler - doNext: http://central.maven.org/maven2/ant/ant-weblogic/1.6.4/maven-metadata.xml.sha1
18:46:15.545 [pool-1-thread-1] TRACE f.m.i.core.client.JerseyHttpClient - download: http://central.maven.org/maven2/ant/ant-xslp/1.6.3/
18:46:15.545 [pool-1-thread-6] TRACE f.m.indexer.core.download.Crawler - getLinks: <!DOCTYPE html>
<html>

<head>
	<title>Central Repository: ant/ant-weblogic/1.6.5</title>
	<meta name="viewport" content="width=device-width, initial-scale=1.0">
	<style>
body {
	background: #fff;
}
	</style>
</head>

<body>
	<header>
		<h1>ant/ant-weblogic/1.6.5</h1>
	</header>
	<hr/>
	<main>
		<pre id="contents">
<a href="../">../</a>
<a href="ant-weblogic-1.6.5.jar" title="ant-weblogic-1.6.5.jar">ant-weblogic-1.6.5.jar</a>                            2005-09-20 05:45     14363      
<a href="ant-weblogic-1.6.5.jar.md5" title="ant-weblogic-1.6.5.jar.md5">ant-weblogic-1.6.5.jar.md5</a>                        2005-09-20 05:45        32      
<a href="ant-weblogic-1.6.5.jar.sha1" title="ant-weblogic-1.6.5.jar.sha1">ant-weblogic-1.6.5.jar.sha1</a>                       2005-09-20 05:45        40      
<a href="ant-weblogic-1.6.5.pom" title="ant-weblogic-1.6.5.pom">ant-weblogic-1.6.5.pom</a>                            2005-09-20 05:45       149      
<a href="ant-weblogic-1.6.5.pom.md5" title="ant-weblogic-1.6.5.pom.md5">ant-weblogic-1.6.5.pom.md5</a>                        2005-09-20 05:45        32      
<a href="ant-weblogic-1.6.5.pom.sha1" title="ant-weblogic-1.6.5.pom.sha1">ant-weblogic-1.6.5.pom.sha1</a>                       2005-09-20 05:45        40      
<a href="maven-metadata.xml" title="maven-metadata.xml">maven-metadata.xml</a>                                2005-09-20 05:45       114      
<a href="maven-metadata.xml.md5" title="maven-metadata.xml.md5">maven-metadata.xml.md5</a>                            2005-09-20 05:45        78      
<a href="maven-metadata.xml.sha1" title="maven-metadata.xml.sha1">maven-metadata.xml.sha1</a>                           2005-09-20 05:45       133      
		</pre>
	</main>
	<hr/>
</body>

</html>
18:46:15.545 [pool-1-thread-6] TRACE f.m.indexer.core.download.Crawler - getFullUrl: http://central.maven.org/maven2/ant/ant-weblogic/1.6.5/, ../)
18:46:15.545 [pool-1-thread-6] TRACE f.m.indexer.core.download.Crawler - getFullUrl: http://central.maven.org/maven2/ant/ant-weblogic/1.6.5/, ant-weblogic-1.6.5.jar)
18:46:15.545 [pool-1-thread-6] TRACE f.m.indexer.core.download.Crawler - getFullUrl: http://central.maven.org/maven2/ant/ant-weblogic/1.6.5/, ant-weblogic-1.6.5.jar.md5)
18:46:15.545 [pool-1-thread-6] TRACE f.m.indexer.core.download.Crawler - getFullUrl: http://central.maven.org/maven2/ant/ant-weblogic/1.6.5/, ant-weblogic-1.6.5.jar.sha1)
18:46:15.545 [pool-1-thread-6] TRACE f.m.indexer.core.download.Crawler - getFullUrl: http://central.maven.org/maven2/ant/ant-weblogic/1.6.5/, ant-weblogic-1.6.5.pom)
18:46:15.545 [pool-1-thread-6] TRACE f.m.indexer.core.download.Crawler - getFullUrl: http://central.maven.org/maven2/ant/ant-weblogic/1.6.5/, ant-weblogic-1.6.5.pom.md5)
18:46:15.545 [pool-1-thread-6] TRACE f.m.indexer.core.download.Crawler - getFullUrl: http://central.maven.org/maven2/ant/ant-weblogic/1.6.5/, ant-weblogic-1.6.5.pom.sha1)
18:46:15.545 [pool-1-thread-6] TRACE f.m.indexer.core.download.Crawler - getFullUrl: http://central.maven.org/maven2/ant/ant-weblogic/1.6.5/, maven-metadata.xml)
18:46:15.545 [pool-1-thread-6] TRACE f.m.indexer.core.download.Crawler - getFullUrl: http://central.maven.org/maven2/ant/ant-weblogic/1.6.5/, maven-metadata.xml.md5)
18:46:15.545 [pool-1-thread-6] TRACE f.m.indexer.core.download.Crawler - getFullUrl: http://central.maven.org/maven2/ant/ant-weblogic/1.6.5/, maven-metadata.xml.sha1)
18:46:15.545 [pool-1-thread-6] TRACE f.m.indexer.core.download.Crawler - doNext: http://central.maven.org/maven2/ant/ant-weblogic/1.6.5/../
18:46:15.545 [pool-1-thread-6] TRACE f.m.indexer.core.download.Crawler - doNext: http://central.maven.org/maven2/ant/ant-weblogic/1.6.5/ant-weblogic-1.6.5.jar
18:46:15.545 [pool-1-thread-6] TRACE f.m.indexer.core.download.Crawler - doNext: http://central.maven.org/maven2/ant/ant-weblogic/1.6.5/ant-weblogic-1.6.5.jar.md5
18:46:15.545 [pool-1-thread-6] TRACE f.m.indexer.core.download.Crawler - doNext: http://central.maven.org/maven2/ant/ant-weblogic/1.6.5/ant-weblogic-1.6.5.jar.sha1
18:46:15.545 [pool-1-thread-6] TRACE f.m.indexer.core.download.Crawler - doNext: http://central.maven.org/maven2/ant/ant-weblogic/1.6.5/ant-weblogic-1.6.5.pom
18:46:15.545 [pool-1-thread-6] TRACE f.m.indexer.core.download.Crawler - doNext: http://central.maven.org/maven2/ant/ant-weblogic/1.6.5/ant-weblogic-1.6.5.pom.md5
18:46:15.545 [pool-1-thread-6] TRACE f.m.indexer.core.download.Crawler - doNext: http://central.maven.org/maven2/ant/ant-weblogic/1.6.5/ant-weblogic-1.6.5.pom.sha1
18:46:15.545 [pool-1-thread-6] TRACE f.m.indexer.core.download.Crawler - doNext: http://central.maven.org/maven2/ant/ant-weblogic/1.6.5/maven-metadata.xml
18:46:15.545 [pool-1-thread-6] TRACE f.m.indexer.core.download.Crawler - match: http://central.maven.org/maven2/ant/ant-weblogic/1.6.5/maven-metadata.xml
18:46:15.545 [pool-1-thread-6] TRACE f.m.indexer.core.download.Crawler - doNext: http://central.maven.org/maven2/ant/ant-weblogic/1.6.5/maven-metadata.xml.md5
18:46:15.545 [pool-1-thread-6] TRACE f.m.indexer.core.download.Crawler - doNext: http://central.maven.org/maven2/ant/ant-weblogic/1.6.5/maven-metadata.xml.sha1
18:46:15.545 [pool-1-thread-6] TRACE f.m.i.core.client.JerseyHttpClient - download: http://central.maven.org/maven2/ant/ant-xslp/1.6.4/
18:46:15.545 [pool-1-thread-2] TRACE f.m.indexer.core.download.Crawler - getLinks: <!DOCTYPE html>
<html>

<head>
	<title>Central Repository: ant/ant-weblogic/1.6.3</title>
	<meta name="viewport" content="width=device-width, initial-scale=1.0">
	<style>
body {
	background: #fff;
}
	</style>
</head>

<body>
	<header>
		<h1>ant/ant-weblogic/1.6.3</h1>
	</header>
	<hr/>
	<main>
		<pre id="contents">
<a href="../">../</a>
<a href="ant-weblogic-1.6.3.jar" title="ant-weblogic-1.6.3.jar">ant-weblogic-1.6.3.jar</a>                            2005-09-20 05:45     14363      
<a href="ant-weblogic-1.6.3.jar.md5" title="ant-weblogic-1.6.3.jar.md5">ant-weblogic-1.6.3.jar.md5</a>                        2005-09-20 05:45        32      
<a href="ant-weblogic-1.6.3.jar.sha1" title="ant-weblogic-1.6.3.jar.sha1">ant-weblogic-1.6.3.jar.sha1</a>                       2005-09-20 05:45        40      
<a href="ant-weblogic-1.6.3.pom" title="ant-weblogic-1.6.3.pom">ant-weblogic-1.6.3.pom</a>                            2005-09-20 05:45       149      
<a href="ant-weblogic-1.6.3.pom.md5" title="ant-weblogic-1.6.3.pom.md5">ant-weblogic-1.6.3.pom.md5</a>                        2005-09-20 05:45        32      
<a href="ant-weblogic-1.6.3.pom.sha1" title="ant-weblogic-1.6.3.pom.sha1">ant-weblogic-1.6.3.pom.sha1</a>                       2005-09-20 05:45        40      
<a href="maven-metadata.xml" title="maven-metadata.xml">maven-metadata.xml</a>                                2005-09-20 05:45       114      
<a href="maven-metadata.xml.md5" title="maven-metadata.xml.md5">maven-metadata.xml.md5</a>                            2005-09-20 05:45        78      
<a href="maven-metadata.xml.sha1" title="maven-metadata.xml.sha1">maven-metadata.xml.sha1</a>                           2005-09-20 05:45       133      
		</pre>
	</main>
	<hr/>
</body>

</html>
18:46:15.545 [pool-1-thread-2] TRACE f.m.indexer.core.download.Crawler - getFullUrl: http://central.maven.org/maven2/ant/ant-weblogic/1.6.3/, ../)
18:46:15.545 [pool-1-thread-2] TRACE f.m.indexer.core.download.Crawler - getFullUrl: http://central.maven.org/maven2/ant/ant-weblogic/1.6.3/, ant-weblogic-1.6.3.jar)
18:46:15.545 [pool-1-thread-2] TRACE f.m.indexer.core.download.Crawler - getFullUrl: http://central.maven.org/maven2/ant/ant-weblogic/1.6.3/, ant-weblogic-1.6.3.jar.md5)
18:46:15.561 [pool-1-thread-2] TRACE f.m.indexer.core.download.Crawler - getFullUrl: http://central.maven.org/maven2/ant/ant-weblogic/1.6.3/, ant-weblogic-1.6.3.jar.sha1)
18:46:15.561 [pool-1-thread-2] TRACE f.m.indexer.core.download.Crawler - getFullUrl: http://central.maven.org/maven2/ant/ant-weblogic/1.6.3/, ant-weblogic-1.6.3.pom)
18:46:15.561 [pool-1-thread-2] TRACE f.m.indexer.core.download.Crawler - getFullUrl: http://central.maven.org/maven2/ant/ant-weblogic/1.6.3/, ant-weblogic-1.6.3.pom.md5)
18:46:15.561 [pool-1-thread-2] TRACE f.m.indexer.core.download.Crawler - getFullUrl: http://central.maven.org/maven2/ant/ant-weblogic/1.6.3/, ant-weblogic-1.6.3.pom.sha1)
18:46:15.561 [pool-1-thread-2] TRACE f.m.indexer.core.download.Crawler - getFullUrl: http://central.maven.org/maven2/ant/ant-weblogic/1.6.3/, maven-metadata.xml)
18:46:15.561 [pool-1-thread-2] TRACE f.m.indexer.core.download.Crawler - getFullUrl: http://central.maven.org/maven2/ant/ant-weblogic/1.6.3/, maven-metadata.xml.md5)
18:46:15.561 [pool-1-thread-2] TRACE f.m.indexer.core.download.Crawler - getFullUrl: http://central.maven.org/maven2/ant/ant-weblogic/1.6.3/, maven-metadata.xml.sha1)
18:46:15.561 [pool-1-thread-2] TRACE f.m.indexer.core.download.Crawler - doNext: http://central.maven.org/maven2/ant/ant-weblogic/1.6.3/../
18:46:15.561 [pool-1-thread-2] TRACE f.m.indexer.core.download.Crawler - doNext: http://central.maven.org/maven2/ant/ant-weblogic/1.6.3/ant-weblogic-1.6.3.jar
18:46:15.561 [pool-1-thread-2] TRACE f.m.indexer.core.download.Crawler - doNext: http://central.maven.org/maven2/ant/ant-weblogic/1.6.3/ant-weblogic-1.6.3.jar.md5
18:46:15.561 [pool-1-thread-2] TRACE f.m.indexer.core.download.Crawler - doNext: http://central.maven.org/maven2/ant/ant-weblogic/1.6.3/ant-weblogic-1.6.3.jar.sha1
18:46:15.561 [pool-1-thread-2] TRACE f.m.indexer.core.download.Crawler - doNext: http://central.maven.org/maven2/ant/ant-weblogic/1.6.3/ant-weblogic-1.6.3.pom
18:46:15.561 [pool-1-thread-2] TRACE f.m.indexer.core.download.Crawler - doNext: http://central.maven.org/maven2/ant/ant-weblogic/1.6.3/ant-weblogic-1.6.3.pom.md5
18:46:15.561 [pool-1-thread-2] TRACE f.m.indexer.core.download.Crawler - doNext: http://central.maven.org/maven2/ant/ant-weblogic/1.6.3/ant-weblogic-1.6.3.pom.sha1
18:46:15.561 [pool-1-thread-2] TRACE f.m.indexer.core.download.Crawler - doNext: http://central.maven.org/maven2/ant/ant-weblogic/1.6.3/maven-metadata.xml
18:46:15.561 [pool-1-thread-2] TRACE f.m.indexer.core.download.Crawler - match: http://central.maven.org/maven2/ant/ant-weblogic/1.6.3/maven-metadata.xml
18:46:15.561 [pool-1-thread-2] TRACE f.m.indexer.core.download.Crawler - doNext: http://central.maven.org/maven2/ant/ant-weblogic/1.6.3/maven-metadata.xml.md5
18:46:15.561 [pool-1-thread-2] TRACE f.m.indexer.core.download.Crawler - doNext: http://central.maven.org/maven2/ant/ant-weblogic/1.6.3/maven-metadata.xml.sha1
18:46:15.561 [pool-1-thread-2] TRACE f.m.i.core.client.JerseyHttpClient - download: http://central.maven.org/maven2/ant/ant-xslp/1.6.5/
18:46:15.561 [pool-1-thread-5] TRACE f.m.indexer.core.download.Crawler - getLinks: <!DOCTYPE html>
<html>

<head>
	<title>Central Repository: ant/ant-xalan2/1.6.1</title>
	<meta name="viewport" content="width=device-width, initial-scale=1.0">
	<style>
body {
	background: #fff;
}
	</style>
</head>

<body>
	<header>
		<h1>ant/ant-xalan2/1.6.1</h1>
	</header>
	<hr/>
	<main>
		<pre id="contents">
<a href="../">../</a>
<a href="ant-xalan2-1.6.1.jar" title="ant-xalan2-1.6.1.jar">ant-xalan2-1.6.1.jar</a>                              2005-09-20 05:45      2489      
<a href="ant-xalan2-1.6.1.jar.md5" title="ant-xalan2-1.6.1.jar.md5">ant-xalan2-1.6.1.jar.md5</a>                          2005-09-20 05:45        32      
<a href="ant-xalan2-1.6.1.jar.sha1" title="ant-xalan2-1.6.1.jar.sha1">ant-xalan2-1.6.1.jar.sha1</a>                         2005-09-20 05:45        40      
<a href="ant-xalan2-1.6.1.pom" title="ant-xalan2-1.6.1.pom">ant-xalan2-1.6.1.pom</a>                              2005-09-20 05:45       147      
<a href="ant-xalan2-1.6.1.pom.md5" title="ant-xalan2-1.6.1.pom.md5">ant-xalan2-1.6.1.pom.md5</a>                          2005-09-20 05:45        32      
<a href="ant-xalan2-1.6.1.pom.sha1" title="ant-xalan2-1.6.1.pom.sha1">ant-xalan2-1.6.1.pom.sha1</a>                         2005-09-20 05:45        40      
<a href="maven-metadata.xml" title="maven-metadata.xml">maven-metadata.xml</a>                                2005-09-20 05:45       112      
<a href="maven-metadata.xml.md5" title="maven-metadata.xml.md5">maven-metadata.xml.md5</a>                            2005-09-20 05:45        76      
<a href="maven-metadata.xml.sha1" title="maven-metadata.xml.sha1">maven-metadata.xml.sha1</a>                           2005-09-20 05:45       131      
		</pre>
	</main>
	<hr/>
</body>

</html>
18:46:15.561 [pool-1-thread-5] TRACE f.m.indexer.core.download.Crawler - getFullUrl: http://central.maven.org/maven2/ant/ant-xalan2/1.6.1/, ../)
18:46:15.561 [pool-1-thread-5] TRACE f.m.indexer.core.download.Crawler - getFullUrl: http://central.maven.org/maven2/ant/ant-xalan2/1.6.1/, ant-xalan2-1.6.1.jar)
18:46:15.561 [pool-1-thread-5] TRACE f.m.indexer.core.download.Crawler - getFullUrl: http://central.maven.org/maven2/ant/ant-xalan2/1.6.1/, ant-xalan2-1.6.1.jar.md5)
18:46:15.561 [pool-1-thread-5] TRACE f.m.indexer.core.download.Crawler - getFullUrl: http://central.maven.org/maven2/ant/ant-xalan2/1.6.1/, ant-xalan2-1.6.1.jar.sha1)
18:46:15.561 [pool-1-thread-5] TRACE f.m.indexer.core.download.Crawler - getFullUrl: http://central.maven.org/maven2/ant/ant-xalan2/1.6.1/, ant-xalan2-1.6.1.pom)
18:46:15.561 [pool-1-thread-5] TRACE f.m.indexer.core.download.Crawler - getFullUrl: http://central.maven.org/maven2/ant/ant-xalan2/1.6.1/, ant-xalan2-1.6.1.pom.md5)
18:46:15.561 [pool-1-thread-5] TRACE f.m.indexer.core.download.Crawler - getFullUrl: http://central.maven.org/maven2/ant/ant-xalan2/1.6.1/, ant-xalan2-1.6.1.pom.sha1)
18:46:15.561 [pool-1-thread-5] TRACE f.m.indexer.core.download.Crawler - getFullUrl: http://central.maven.org/maven2/ant/ant-xalan2/1.6.1/, maven-metadata.xml)
18:46:15.561 [pool-1-thread-5] TRACE f.m.indexer.core.download.Crawler - getFullUrl: http://central.maven.org/maven2/ant/ant-xalan2/1.6.1/, maven-metadata.xml.md5)
18:46:15.561 [pool-1-thread-5] TRACE f.m.indexer.core.download.Crawler - getFullUrl: http://central.maven.org/maven2/ant/ant-xalan2/1.6.1/, maven-metadata.xml.sha1)
18:46:15.561 [pool-1-thread-5] TRACE f.m.indexer.core.download.Crawler - doNext: http://central.maven.org/maven2/ant/ant-xalan2/1.6.1/../
18:46:15.561 [pool-1-thread-5] TRACE f.m.indexer.core.download.Crawler - doNext: http://central.maven.org/maven2/ant/ant-xalan2/1.6.1/ant-xalan2-1.6.1.jar
18:46:15.561 [pool-1-thread-5] TRACE f.m.indexer.core.download.Crawler - doNext: http://central.maven.org/maven2/ant/ant-xalan2/1.6.1/ant-xalan2-1.6.1.jar.md5
18:46:15.561 [pool-1-thread-5] TRACE f.m.indexer.core.download.Crawler - doNext: http://central.maven.org/maven2/ant/ant-xalan2/1.6.1/ant-xalan2-1.6.1.jar.sha1
18:46:15.561 [pool-1-thread-5] TRACE f.m.indexer.core.download.Crawler - doNext: http://central.maven.org/maven2/ant/ant-xalan2/1.6.1/ant-xalan2-1.6.1.pom
18:46:15.561 [pool-1-thread-5] TRACE f.m.indexer.core.download.Crawler - doNext: http://central.maven.org/maven2/ant/ant-xalan2/1.6.1/ant-xalan2-1.6.1.pom.md5
18:46:15.561 [pool-1-thread-5] TRACE f.m.indexer.core.download.Crawler - doNext: http://central.maven.org/maven2/ant/ant-xalan2/1.6.1/ant-xalan2-1.6.1.pom.sha1
18:46:15.561 [pool-1-thread-5] TRACE f.m.indexer.core.download.Crawler - doNext: http://central.maven.org/maven2/ant/ant-xalan2/1.6.1/maven-metadata.xml
18:46:15.561 [pool-1-thread-5] TRACE f.m.indexer.core.download.Crawler - match: http://central.maven.org/maven2/ant/ant-xalan2/1.6.1/maven-metadata.xml
18:46:15.561 [pool-1-thread-5] TRACE f.m.indexer.core.download.Crawler - doNext: http://central.maven.org/maven2/ant/ant-xalan2/1.6.1/maven-metadata.xml.md5
18:46:15.561 [pool-1-thread-5] TRACE f.m.indexer.core.download.Crawler - doNext: http://central.maven.org/maven2/ant/ant-xalan2/1.6.1/maven-metadata.xml.sha1
18:46:15.561 [pool-1-thread-5] TRACE f.m.i.core.client.JerseyHttpClient - download: http://central.maven.org/maven2/ant/ant-xslp/maven-metadata.xml
18:46:15.561 [pool-1-thread-4] TRACE f.m.indexer.artifact.MetadataHandler - match: http://central.maven.org/maven2/ant/ant-weblogic/maven-metadata.xml
18:46:15.561 [pool-1-thread-4] TRACE f.m.i.core.client.JerseyHttpClient - download: http://central.maven.org/maven2/ant/optional/1.5.4/
18:46:15.561 [pool-1-thread-10] TRACE f.m.indexer.artifact.MetadataHandler - match: http://central.maven.org/maven2/ant/ant-xalan2/maven-metadata.xml
18:46:15.561 [pool-1-thread-10] TRACE f.m.i.core.client.JerseyHttpClient - download: http://central.maven.org/maven2/ant/optional/maven-metadata.xml
18:46:15.576 [pool-1-thread-7] TRACE f.m.indexer.core.download.Crawler - getLinks: <!DOCTYPE html>
<html>

<head>
	<title>Central Repository: ant/ant-xalan2/1.6</title>
	<meta name="viewport" content="width=device-width, initial-scale=1.0">
	<style>
body {
	background: #fff;
}
	</style>
</head>

<body>
	<header>
		<h1>ant/ant-xalan2/1.6</h1>
	</header>
	<hr/>
	<main>
		<pre id="contents">
<a href="../">../</a>
<a href="ant-xalan2-1.6.jar" title="ant-xalan2-1.6.jar">ant-xalan2-1.6.jar</a>                                2005-09-20 05:45      2489      
<a href="ant-xalan2-1.6.jar.md5" title="ant-xalan2-1.6.jar.md5">ant-xalan2-1.6.jar.md5</a>                            2005-09-20 05:45        32      
<a href="ant-xalan2-1.6.jar.sha1" title="ant-xalan2-1.6.jar.sha1">ant-xalan2-1.6.jar.sha1</a>                           2005-09-20 05:45        40      
<a href="ant-xalan2-1.6.pom" title="ant-xalan2-1.6.pom">ant-xalan2-1.6.pom</a>                                2005-09-20 05:45       145      
<a href="ant-xalan2-1.6.pom.md5" title="ant-xalan2-1.6.pom.md5">ant-xalan2-1.6.pom.md5</a>                            2005-09-20 05:45        32      
<a href="ant-xalan2-1.6.pom.sha1" title="ant-xalan2-1.6.pom.sha1">ant-xalan2-1.6.pom.sha1</a>                           2005-09-20 05:45        40      
<a href="maven-metadata.xml" title="maven-metadata.xml">maven-metadata.xml</a>                                2005-09-20 05:45       110      
<a href="maven-metadata.xml.md5" title="maven-metadata.xml.md5">maven-metadata.xml.md5</a>                            2005-09-20 05:45        74      
<a href="maven-metadata.xml.sha1" title="maven-metadata.xml.sha1">maven-metadata.xml.sha1</a>                           2005-09-20 05:45       129      
		</pre>
	</main>
	<hr/>
</body>

</html>
18:46:15.576 [pool-1-thread-7] TRACE f.m.indexer.core.download.Crawler - getFullUrl: http://central.maven.org/maven2/ant/ant-xalan2/1.6/, ../)
18:46:15.576 [pool-1-thread-7] TRACE f.m.indexer.core.download.Crawler - getFullUrl: http://central.maven.org/maven2/ant/ant-xalan2/1.6/, ant-xalan2-1.6.jar)
18:46:15.576 [pool-1-thread-7] TRACE f.m.indexer.core.download.Crawler - getFullUrl: http://central.maven.org/maven2/ant/ant-xalan2/1.6/, ant-xalan2-1.6.jar.md5)
18:46:15.576 [pool-1-thread-7] TRACE f.m.indexer.core.download.Crawler - getFullUrl: http://central.maven.org/maven2/ant/ant-xalan2/1.6/, ant-xalan2-1.6.jar.sha1)
18:46:15.576 [pool-1-thread-7] TRACE f.m.indexer.core.download.Crawler - getFullUrl: http://central.maven.org/maven2/ant/ant-xalan2/1.6/, ant-xalan2-1.6.pom)
18:46:15.576 [pool-1-thread-7] TRACE f.m.indexer.core.download.Crawler - getFullUrl: http://central.maven.org/maven2/ant/ant-xalan2/1.6/, ant-xalan2-1.6.pom.md5)
18:46:15.576 [pool-1-thread-7] TRACE f.m.indexer.core.download.Crawler - getFullUrl: http://central.maven.org/maven2/ant/ant-xalan2/1.6/, ant-xalan2-1.6.pom.sha1)
18:46:15.576 [pool-1-thread-7] TRACE f.m.indexer.core.download.Crawler - getFullUrl: http://central.maven.org/maven2/ant/ant-xalan2/1.6/, maven-metadata.xml)
18:46:15.576 [pool-1-thread-7] TRACE f.m.indexer.core.download.Crawler - getFullUrl: http://central.maven.org/maven2/ant/ant-xalan2/1.6/, maven-metadata.xml.md5)
18:46:15.576 [pool-1-thread-7] TRACE f.m.indexer.core.download.Crawler - getFullUrl: http://central.maven.org/maven2/ant/ant-xalan2/1.6/, maven-metadata.xml.sha1)
18:46:15.576 [pool-1-thread-7] TRACE f.m.indexer.core.download.Crawler - doNext: http://central.maven.org/maven2/ant/ant-xalan2/1.6/../
18:46:15.576 [pool-1-thread-7] TRACE f.m.indexer.core.download.Crawler - doNext: http://central.maven.org/maven2/ant/ant-xalan2/1.6/ant-xalan2-1.6.jar
18:46:15.576 [pool-1-thread-7] TRACE f.m.indexer.core.download.Crawler - doNext: http://central.maven.org/maven2/ant/ant-xalan2/1.6/ant-xalan2-1.6.jar.md5
18:46:15.576 [pool-1-thread-7] TRACE f.m.indexer.core.download.Crawler - doNext: http://central.maven.org/maven2/ant/ant-xalan2/1.6/ant-xalan2-1.6.jar.sha1
18:46:15.576 [pool-1-thread-7] TRACE f.m.indexer.core.download.Crawler - doNext: http://central.maven.org/maven2/ant/ant-xalan2/1.6/ant-xalan2-1.6.pom
18:46:15.576 [pool-1-thread-7] TRACE f.m.indexer.core.download.Crawler - doNext: http://central.maven.org/maven2/ant/ant-xalan2/1.6/ant-xalan2-1.6.pom.md5
18:46:15.576 [pool-1-thread-7] TRACE f.m.indexer.core.download.Crawler - doNext: http://central.maven.org/maven2/ant/ant-xalan2/1.6/ant-xalan2-1.6.pom.sha1
18:46:15.576 [pool-1-thread-7] TRACE f.m.indexer.core.download.Crawler - doNext: http://central.maven.org/maven2/ant/ant-xalan2/1.6/maven-metadata.xml
18:46:15.576 [pool-1-thread-7] TRACE f.m.indexer.core.download.Crawler - match: http://central.maven.org/maven2/ant/ant-xalan2/1.6/maven-metadata.xml
18:46:15.576 [pool-1-thread-7] TRACE f.m.indexer.core.download.Crawler - doNext: http://central.maven.org/maven2/ant/ant-xalan2/1.6/maven-metadata.xml.md5
18:46:15.576 [pool-1-thread-7] TRACE f.m.indexer.core.download.Crawler - doNext: http://central.maven.org/maven2/ant/ant-xalan2/1.6/maven-metadata.xml.sha1
18:46:15.576 [pool-1-thread-7] TRACE f.m.i.core.client.JerseyHttpClient - download: http://central.maven.org/maven2/ant/ant-commons-net/1.6/maven-metadata.xml
18:46:15.576 [pool-1-thread-8] TRACE f.m.indexer.core.download.Crawler - getLinks: <!DOCTYPE html>
<html>

<head>
	<title>Central Repository: ant/ant-xslp/1.6</title>
	<meta name="viewport" content="width=device-width, initial-scale=1.0">
	<style>
body {
	background: #fff;
}
	</style>
</head>

<body>
	<header>
		<h1>ant/ant-xslp/1.6</h1>
	</header>
	<hr/>
	<main>
		<pre id="contents">
<a href="../">../</a>
<a href="ant-xslp-1.6.jar" title="ant-xslp-1.6.jar">ant-xslp-1.6.jar</a>                                  2005-09-20 05:45      2236      
<a href="ant-xslp-1.6.jar.md5" title="ant-xslp-1.6.jar.md5">ant-xslp-1.6.jar.md5</a>                              2005-09-20 05:45        32      
<a href="ant-xslp-1.6.jar.sha1" title="ant-xslp-1.6.jar.sha1">ant-xslp-1.6.jar.sha1</a>                             2005-09-20 05:45        40      
<a href="ant-xslp-1.6.pom" title="ant-xslp-1.6.pom">ant-xslp-1.6.pom</a>                                  2005-09-20 05:45       143      
<a href="ant-xslp-1.6.pom.md5" title="ant-xslp-1.6.pom.md5">ant-xslp-1.6.pom.md5</a>                              2005-09-20 05:45        32      
<a href="ant-xslp-1.6.pom.sha1" title="ant-xslp-1.6.pom.sha1">ant-xslp-1.6.pom.sha1</a>                             2005-09-20 05:45        40      
<a href="maven-metadata.xml" title="maven-metadata.xml">maven-metadata.xml</a>                                2005-09-20 05:45       108      
<a href="maven-metadata.xml.md5" title="maven-metadata.xml.md5">maven-metadata.xml.md5</a>                            2005-09-20 05:45        72      
<a href="maven-metadata.xml.sha1" title="maven-metadata.xml.sha1">maven-metadata.xml.sha1</a>                           2005-09-20 05:45       127      
		</pre>
	</main>
	<hr/>
</body>

</html>
18:46:15.576 [pool-1-thread-8] TRACE f.m.indexer.core.download.Crawler - getFullUrl: http://central.maven.org/maven2/ant/ant-xslp/1.6/, ../)
18:46:15.576 [pool-1-thread-8] TRACE f.m.indexer.core.download.Crawler - getFullUrl: http://central.maven.org/maven2/ant/ant-xslp/1.6/, ant-xslp-1.6.jar)
18:46:15.576 [pool-1-thread-8] TRACE f.m.indexer.core.download.Crawler - getFullUrl: http://central.maven.org/maven2/ant/ant-xslp/1.6/, ant-xslp-1.6.jar.md5)
18:46:15.576 [pool-1-thread-8] TRACE f.m.indexer.core.download.Crawler - getFullUrl: http://central.maven.org/maven2/ant/ant-xslp/1.6/, ant-xslp-1.6.jar.sha1)
18:46:15.576 [pool-1-thread-8] TRACE f.m.indexer.core.download.Crawler - getFullUrl: http://central.maven.org/maven2/ant/ant-xslp/1.6/, ant-xslp-1.6.pom)
18:46:15.576 [pool-1-thread-8] TRACE f.m.indexer.core.download.Crawler - getFullUrl: http://central.maven.org/maven2/ant/ant-xslp/1.6/, ant-xslp-1.6.pom.md5)
18:46:15.576 [pool-1-thread-8] TRACE f.m.indexer.core.download.Crawler - getFullUrl: http://central.maven.org/maven2/ant/ant-xslp/1.6/, ant-xslp-1.6.pom.sha1)
18:46:15.576 [pool-1-thread-8] TRACE f.m.indexer.core.download.Crawler - getFullUrl: http://central.maven.org/maven2/ant/ant-xslp/1.6/, maven-metadata.xml)
18:46:15.576 [pool-1-thread-8] TRACE f.m.indexer.core.download.Crawler - getFullUrl: http://central.maven.org/maven2/ant/ant-xslp/1.6/, maven-metadata.xml.md5)
18:46:15.576 [pool-1-thread-8] TRACE f.m.indexer.core.download.Crawler - getFullUrl: http://central.maven.org/maven2/ant/ant-xslp/1.6/, maven-metadata.xml.sha1)
18:46:15.576 [pool-1-thread-8] TRACE f.m.indexer.core.download.Crawler - doNext: http://central.maven.org/maven2/ant/ant-xslp/1.6/../
18:46:15.576 [pool-1-thread-8] TRACE f.m.indexer.core.download.Crawler - doNext: http://central.maven.org/maven2/ant/ant-xslp/1.6/ant-xslp-1.6.jar
18:46:15.576 [pool-1-thread-8] TRACE f.m.indexer.core.download.Crawler - doNext: http://central.maven.org/maven2/ant/ant-xslp/1.6/ant-xslp-1.6.jar.md5
18:46:15.576 [pool-1-thread-8] TRACE f.m.indexer.core.download.Crawler - doNext: http://central.maven.org/maven2/ant/ant-xslp/1.6/ant-xslp-1.6.jar.sha1
18:46:15.576 [pool-1-thread-8] TRACE f.m.indexer.core.download.Crawler - doNext: http://central.maven.org/maven2/ant/ant-xslp/1.6/ant-xslp-1.6.pom
18:46:15.576 [pool-1-thread-8] TRACE f.m.indexer.core.download.Crawler - doNext: http://central.maven.org/maven2/ant/ant-xslp/1.6/ant-xslp-1.6.pom.md5
18:46:15.576 [pool-1-thread-8] TRACE f.m.indexer.core.download.Crawler - doNext: http://central.maven.org/maven2/ant/ant-xslp/1.6/ant-xslp-1.6.pom.sha1
18:46:15.576 [pool-1-thread-8] TRACE f.m.indexer.core.download.Crawler - doNext: http://central.maven.org/maven2/ant/ant-xslp/1.6/maven-metadata.xml
18:46:15.576 [pool-1-thread-8] TRACE f.m.indexer.core.download.Crawler - match: http://central.maven.org/maven2/ant/ant-xslp/1.6/maven-metadata.xml
18:46:15.576 [pool-1-thread-8] TRACE f.m.indexer.core.download.Crawler - doNext: http://central.maven.org/maven2/ant/ant-xslp/1.6/maven-metadata.xml.md5
18:46:15.576 [pool-1-thread-8] TRACE f.m.indexer.core.download.Crawler - doNext: http://central.maven.org/maven2/ant/ant-xslp/1.6/maven-metadata.xml.sha1
18:46:15.576 [pool-1-thread-8] TRACE f.m.i.core.client.JerseyHttpClient - download: http://central.maven.org/maven2/ant/ant-vaj/1.6/
18:46:15.592 [pool-1-thread-9] TRACE f.m.indexer.core.download.Crawler - getLinks: <!DOCTYPE html>
<html>

<head>
	<title>Central Repository: ant/ant-xslp/1.6.1</title>
	<meta name="viewport" content="width=device-width, initial-scale=1.0">
	<style>
body {
	background: #fff;
}
	</style>
</head>

<body>
	<header>
		<h1>ant/ant-xslp/1.6.1</h1>
	</header>
	<hr/>
	<main>
		<pre id="contents">
<a href="../">../</a>
<a href="ant-xslp-1.6.1.jar" title="ant-xslp-1.6.1.jar">ant-xslp-1.6.1.jar</a>                                2005-09-20 05:45      2236      
<a href="ant-xslp-1.6.1.jar.md5" title="ant-xslp-1.6.1.jar.md5">ant-xslp-1.6.1.jar.md5</a>                            2005-09-20 05:45        32      
<a href="ant-xslp-1.6.1.jar.sha1" title="ant-xslp-1.6.1.jar.sha1">ant-xslp-1.6.1.jar.sha1</a>                           2005-09-20 05:45        40      
<a href="ant-xslp-1.6.1.pom" title="ant-xslp-1.6.1.pom">ant-xslp-1.6.1.pom</a>                                2005-09-20 05:45       145      
<a href="ant-xslp-1.6.1.pom.md5" title="ant-xslp-1.6.1.pom.md5">ant-xslp-1.6.1.pom.md5</a>                            2005-09-20 05:45        32      
<a href="ant-xslp-1.6.1.pom.sha1" title="ant-xslp-1.6.1.pom.sha1">ant-xslp-1.6.1.pom.sha1</a>                           2005-09-20 05:45        40      
<a href="maven-metadata.xml" title="maven-metadata.xml">maven-metadata.xml</a>                                2005-09-20 05:45       110      
<a href="maven-metadata.xml.md5" title="maven-metadata.xml.md5">maven-metadata.xml.md5</a>                            2005-09-20 05:45        74      
<a href="maven-metadata.xml.sha1" title="maven-metadata.xml.sha1">maven-metadata.xml.sha1</a>                           2005-09-20 05:45       129      
		</pre>
	</main>
	<hr/>
</body>

</html>
18:46:15.592 [pool-1-thread-3] TRACE f.m.indexer.core.download.Crawler - getLinks: <!DOCTYPE html>
<html>

<head>
	<title>Central Repository: ant/ant-xslp/1.6.2</title>
	<meta name="viewport" content="width=device-width, initial-scale=1.0">
	<style>
body {
	background: #fff;
}
	</style>
</head>

<body>
	<header>
		<h1>ant/ant-xslp/1.6.2</h1>
	</header>
	<hr/>
	<main>
		<pre id="contents">
<a href="../">../</a>
<a href="ant-xslp-1.6.2.jar" title="ant-xslp-1.6.2.jar">ant-xslp-1.6.2.jar</a>                                2005-09-20 05:45      2236      
<a href="ant-xslp-1.6.2.jar.md5" title="ant-xslp-1.6.2.jar.md5">ant-xslp-1.6.2.jar.md5</a>                            2005-09-20 05:45        32      
<a href="ant-xslp-1.6.2.jar.sha1" title="ant-xslp-1.6.2.jar.sha1">ant-xslp-1.6.2.jar.sha1</a>                           2005-09-20 05:45        40      
<a href="ant-xslp-1.6.2.pom" title="ant-xslp-1.6.2.pom">ant-xslp-1.6.2.pom</a>                                2005-09-20 05:45       145      
<a href="ant-xslp-1.6.2.pom.md5" title="ant-xslp-1.6.2.pom.md5">ant-xslp-1.6.2.pom.md5</a>                            2005-09-20 05:45        32      
<a href="ant-xslp-1.6.2.pom.sha1" title="ant-xslp-1.6.2.pom.sha1">ant-xslp-1.6.2.pom.sha1</a>                           2005-09-20 05:45        40      
<a href="maven-metadata.xml" title="maven-metadata.xml">maven-metadata.xml</a>                                2005-09-20 05:45       110      
<a href="maven-metadata.xml.md5" title="maven-metadata.xml.md5">maven-metadata.xml.md5</a>                            2005-09-20 05:45        74      
<a href="maven-metadata.xml.sha1" title="maven-metadata.xml.sha1">maven-metadata.xml.sha1</a>                           2005-09-20 05:45       129      
		</pre>
	</main>
	<hr/>
</body>

</html>
18:46:15.592 [pool-1-thread-9] TRACE f.m.indexer.core.download.Crawler - getFullUrl: http://central.maven.org/maven2/ant/ant-xslp/1.6.1/, ../)
18:46:15.592 [pool-1-thread-3] TRACE f.m.indexer.core.download.Crawler - getFullUrl: http://central.maven.org/maven2/ant/ant-xslp/1.6.2/, ../)
18:46:15.592 [pool-1-thread-9] TRACE f.m.indexer.core.download.Crawler - getFullUrl: http://central.maven.org/maven2/ant/ant-xslp/1.6.1/, ant-xslp-1.6.1.jar)
18:46:15.608 [pool-1-thread-3] TRACE f.m.indexer.core.download.Crawler - getFullUrl: http://central.maven.org/maven2/ant/ant-xslp/1.6.2/, ant-xslp-1.6.2.jar)
18:46:15.608 [pool-1-thread-9] TRACE f.m.indexer.core.download.Crawler - getFullUrl: http://central.maven.org/maven2/ant/ant-xslp/1.6.1/, ant-xslp-1.6.1.jar.md5)
18:46:15.608 [pool-1-thread-3] TRACE f.m.indexer.core.download.Crawler - getFullUrl: http://central.maven.org/maven2/ant/ant-xslp/1.6.2/, ant-xslp-1.6.2.jar.md5)
18:46:15.608 [pool-1-thread-9] TRACE f.m.indexer.core.download.Crawler - getFullUrl: http://central.maven.org/maven2/ant/ant-xslp/1.6.1/, ant-xslp-1.6.1.jar.sha1)
18:46:15.608 [pool-1-thread-3] TRACE f.m.indexer.core.download.Crawler - getFullUrl: http://central.maven.org/maven2/ant/ant-xslp/1.6.2/, ant-xslp-1.6.2.jar.sha1)
18:46:15.608 [pool-1-thread-9] TRACE f.m.indexer.core.download.Crawler - getFullUrl: http://central.maven.org/maven2/ant/ant-xslp/1.6.1/, ant-xslp-1.6.1.pom)
18:46:15.608 [pool-1-thread-3] TRACE f.m.indexer.core.download.Crawler - getFullUrl: http://central.maven.org/maven2/ant/ant-xslp/1.6.2/, ant-xslp-1.6.2.pom)
18:46:15.608 [pool-1-thread-9] TRACE f.m.indexer.core.download.Crawler - getFullUrl: http://central.maven.org/maven2/ant/ant-xslp/1.6.1/, ant-xslp-1.6.1.pom.md5)
18:46:15.608 [pool-1-thread-3] TRACE f.m.indexer.core.download.Crawler - getFullUrl: http://central.maven.org/maven2/ant/ant-xslp/1.6.2/, ant-xslp-1.6.2.pom.md5)
18:46:15.608 [pool-1-thread-9] TRACE f.m.indexer.core.download.Crawler - getFullUrl: http://central.maven.org/maven2/ant/ant-xslp/1.6.1/, ant-xslp-1.6.1.pom.sha1)
18:46:15.608 [pool-1-thread-3] TRACE f.m.indexer.core.download.Crawler - getFullUrl: http://central.maven.org/maven2/ant/ant-xslp/1.6.2/, ant-xslp-1.6.2.pom.sha1)
18:46:15.608 [pool-1-thread-9] TRACE f.m.indexer.core.download.Crawler - getFullUrl: http://central.maven.org/maven2/ant/ant-xslp/1.6.1/, maven-metadata.xml)
18:46:15.608 [pool-1-thread-3] TRACE f.m.indexer.core.download.Crawler - getFullUrl: http://central.maven.org/maven2/ant/ant-xslp/1.6.2/, maven-metadata.xml)
18:46:15.608 [pool-1-thread-9] TRACE f.m.indexer.core.download.Crawler - getFullUrl: http://central.maven.org/maven2/ant/ant-xslp/1.6.1/, maven-metadata.xml.md5)
18:46:15.608 [pool-1-thread-3] TRACE f.m.indexer.core.download.Crawler - getFullUrl: http://central.maven.org/maven2/ant/ant-xslp/1.6.2/, maven-metadata.xml.md5)
18:46:15.608 [pool-1-thread-9] TRACE f.m.indexer.core.download.Crawler - getFullUrl: http://central.maven.org/maven2/ant/ant-xslp/1.6.1/, maven-metadata.xml.sha1)
18:46:15.608 [pool-1-thread-3] TRACE f.m.indexer.core.download.Crawler - getFullUrl: http://central.maven.org/maven2/ant/ant-xslp/1.6.2/, maven-metadata.xml.sha1)
18:46:15.608 [pool-1-thread-9] TRACE f.m.indexer.core.download.Crawler - doNext: http://central.maven.org/maven2/ant/ant-xslp/1.6.1/../
18:46:15.608 [pool-1-thread-3] TRACE f.m.indexer.core.download.Crawler - doNext: http://central.maven.org/maven2/ant/ant-xslp/1.6.2/../
18:46:15.608 [pool-1-thread-9] TRACE f.m.indexer.core.download.Crawler - doNext: http://central.maven.org/maven2/ant/ant-xslp/1.6.1/ant-xslp-1.6.1.jar
18:46:15.608 [pool-1-thread-3] TRACE f.m.indexer.core.download.Crawler - doNext: http://central.maven.org/maven2/ant/ant-xslp/1.6.2/ant-xslp-1.6.2.jar
18:46:15.608 [pool-1-thread-9] TRACE f.m.indexer.core.download.Crawler - doNext: http://central.maven.org/maven2/ant/ant-xslp/1.6.1/ant-xslp-1.6.1.jar.md5
18:46:15.608 [pool-1-thread-3] TRACE f.m.indexer.core.download.Crawler - doNext: http://central.maven.org/maven2/ant/ant-xslp/1.6.2/ant-xslp-1.6.2.jar.md5
18:46:15.608 [pool-1-thread-9] TRACE f.m.indexer.core.download.Crawler - doNext: http://central.maven.org/maven2/ant/ant-xslp/1.6.1/ant-xslp-1.6.1.jar.sha1
18:46:15.608 [pool-1-thread-3] TRACE f.m.indexer.core.download.Crawler - doNext: http://central.maven.org/maven2/ant/ant-xslp/1.6.2/ant-xslp-1.6.2.jar.sha1
18:46:15.608 [pool-1-thread-9] TRACE f.m.indexer.core.download.Crawler - doNext: http://central.maven.org/maven2/ant/ant-xslp/1.6.1/ant-xslp-1.6.1.pom
18:46:15.608 [pool-1-thread-3] TRACE f.m.indexer.core.download.Crawler - doNext: http://central.maven.org/maven2/ant/ant-xslp/1.6.2/ant-xslp-1.6.2.pom
18:46:15.608 [pool-1-thread-9] TRACE f.m.indexer.core.download.Crawler - doNext: http://central.maven.org/maven2/ant/ant-xslp/1.6.1/ant-xslp-1.6.1.pom.md5
18:46:15.608 [pool-1-thread-3] TRACE f.m.indexer.core.download.Crawler - doNext: http://central.maven.org/maven2/ant/ant-xslp/1.6.2/ant-xslp-1.6.2.pom.md5
18:46:15.608 [pool-1-thread-9] TRACE f.m.indexer.core.download.Crawler - doNext: http://central.maven.org/maven2/ant/ant-xslp/1.6.1/ant-xslp-1.6.1.pom.sha1
18:46:15.608 [pool-1-thread-3] TRACE f.m.indexer.core.download.Crawler - doNext: http://central.maven.org/maven2/ant/ant-xslp/1.6.2/ant-xslp-1.6.2.pom.sha1
18:46:15.608 [pool-1-thread-9] TRACE f.m.indexer.core.download.Crawler - doNext: http://central.maven.org/maven2/ant/ant-xslp/1.6.1/maven-metadata.xml
18:46:15.608 [pool-1-thread-3] TRACE f.m.indexer.core.download.Crawler - doNext: http://central.maven.org/maven2/ant/ant-xslp/1.6.2/maven-metadata.xml
18:46:15.608 [pool-1-thread-9] TRACE f.m.indexer.core.download.Crawler - match: http://central.maven.org/maven2/ant/ant-xslp/1.6.1/maven-metadata.xml
18:46:15.608 [pool-1-thread-3] TRACE f.m.indexer.core.download.Crawler - match: http://central.maven.org/maven2/ant/ant-xslp/1.6.2/maven-metadata.xml
18:46:15.608 [pool-1-thread-9] TRACE f.m.indexer.core.download.Crawler - doNext: http://central.maven.org/maven2/ant/ant-xslp/1.6.1/maven-metadata.xml.md5
18:46:15.608 [pool-1-thread-3] TRACE f.m.indexer.core.download.Crawler - doNext: http://central.maven.org/maven2/ant/ant-xslp/1.6.2/maven-metadata.xml.md5
18:46:15.608 [pool-1-thread-9] TRACE f.m.indexer.core.download.Crawler - doNext: http://central.maven.org/maven2/ant/ant-xslp/1.6.1/maven-metadata.xml.sha1
18:46:15.608 [pool-1-thread-3] TRACE f.m.indexer.core.download.Crawler - doNext: http://central.maven.org/maven2/ant/ant-xslp/1.6.2/maven-metadata.xml.sha1
18:46:15.608 [pool-1-thread-9] TRACE f.m.i.core.client.JerseyHttpClient - download: http://central.maven.org/maven2/ant/ant-vaj/1.6.1/
18:46:15.608 [pool-1-thread-3] TRACE f.m.i.core.client.JerseyHttpClient - download: http://central.maven.org/maven2/ant/ant-vaj/1.6.2/
18:46:15.608 [pool-1-thread-1] TRACE f.m.indexer.core.download.Crawler - getLinks: <!DOCTYPE html>
<html>

<head>
	<title>Central Repository: ant/ant-xslp/1.6.3</title>
	<meta name="viewport" content="width=device-width, initial-scale=1.0">
	<style>
body {
	background: #fff;
}
	</style>
</head>

<body>
	<header>
		<h1>ant/ant-xslp/1.6.3</h1>
	</header>
	<hr/>
	<main>
		<pre id="contents">
<a href="../">../</a>
<a href="ant-xslp-1.6.3.jar" title="ant-xslp-1.6.3.jar">ant-xslp-1.6.3.jar</a>                                2005-09-20 05:45      2244      
<a href="ant-xslp-1.6.3.jar.md5" title="ant-xslp-1.6.3.jar.md5">ant-xslp-1.6.3.jar.md5</a>                            2005-09-20 05:45        32      
<a href="ant-xslp-1.6.3.jar.sha1" title="ant-xslp-1.6.3.jar.sha1">ant-xslp-1.6.3.jar.sha1</a>                           2005-09-20 05:45        40      
<a href="ant-xslp-1.6.3.pom" title="ant-xslp-1.6.3.pom">ant-xslp-1.6.3.pom</a>                                2005-09-20 05:45       145      
<a href="ant-xslp-1.6.3.pom.md5" title="ant-xslp-1.6.3.pom.md5">ant-xslp-1.6.3.pom.md5</a>                            2005-09-20 05:45        32      
<a href="ant-xslp-1.6.3.pom.sha1" title="ant-xslp-1.6.3.pom.sha1">ant-xslp-1.6.3.pom.sha1</a>                           2005-09-20 05:45        40      
<a href="maven-metadata.xml" title="maven-metadata.xml">maven-metadata.xml</a>                                2005-09-20 05:45       110      
<a href="maven-metadata.xml.md5" title="maven-metadata.xml.md5">maven-metadata.xml.md5</a>                            2005-09-20 05:45        74      
<a href="maven-metadata.xml.sha1" title="maven-metadata.xml.sha1">maven-metadata.xml.sha1</a>                           2005-09-20 05:45       129      
		</pre>
	</main>
	<hr/>
</body>

</html>
18:46:15.608 [pool-1-thread-1] TRACE f.m.indexer.core.download.Crawler - getFullUrl: http://central.maven.org/maven2/ant/ant-xslp/1.6.3/, ../)
18:46:15.608 [pool-1-thread-1] TRACE f.m.indexer.core.download.Crawler - getFullUrl: http://central.maven.org/maven2/ant/ant-xslp/1.6.3/, ant-xslp-1.6.3.jar)
18:46:15.608 [pool-1-thread-1] TRACE f.m.indexer.core.download.Crawler - getFullUrl: http://central.maven.org/maven2/ant/ant-xslp/1.6.3/, ant-xslp-1.6.3.jar.md5)
18:46:15.608 [pool-1-thread-1] TRACE f.m.indexer.core.download.Crawler - getFullUrl: http://central.maven.org/maven2/ant/ant-xslp/1.6.3/, ant-xslp-1.6.3.jar.sha1)
18:46:15.608 [pool-1-thread-1] TRACE f.m.indexer.core.download.Crawler - getFullUrl: http://central.maven.org/maven2/ant/ant-xslp/1.6.3/, ant-xslp-1.6.3.pom)
18:46:15.608 [pool-1-thread-1] TRACE f.m.indexer.core.download.Crawler - getFullUrl: http://central.maven.org/maven2/ant/ant-xslp/1.6.3/, ant-xslp-1.6.3.pom.md5)
18:46:15.608 [pool-1-thread-1] TRACE f.m.indexer.core.download.Crawler - getFullUrl: http://central.maven.org/maven2/ant/ant-xslp/1.6.3/, ant-xslp-1.6.3.pom.sha1)
18:46:15.608 [pool-1-thread-1] TRACE f.m.indexer.core.download.Crawler - getFullUrl: http://central.maven.org/maven2/ant/ant-xslp/1.6.3/, maven-metadata.xml)
18:46:15.608 [pool-1-thread-1] TRACE f.m.indexer.core.download.Crawler - getFullUrl: http://central.maven.org/maven2/ant/ant-xslp/1.6.3/, maven-metadata.xml.md5)
18:46:15.608 [pool-1-thread-1] TRACE f.m.indexer.core.download.Crawler - getFullUrl: http://central.maven.org/maven2/ant/ant-xslp/1.6.3/, maven-metadata.xml.sha1)
18:46:15.608 [pool-1-thread-1] TRACE f.m.indexer.core.download.Crawler - doNext: http://central.maven.org/maven2/ant/ant-xslp/1.6.3/../
18:46:15.608 [pool-1-thread-1] TRACE f.m.indexer.core.download.Crawler - doNext: http://central.maven.org/maven2/ant/ant-xslp/1.6.3/ant-xslp-1.6.3.jar
18:46:15.608 [pool-1-thread-1] TRACE f.m.indexer.core.download.Crawler - doNext: http://central.maven.org/maven2/ant/ant-xslp/1.6.3/ant-xslp-1.6.3.jar.md5
18:46:15.608 [pool-1-thread-1] TRACE f.m.indexer.core.download.Crawler - doNext: http://central.maven.org/maven2/ant/ant-xslp/1.6.3/ant-xslp-1.6.3.jar.sha1
18:46:15.608 [pool-1-thread-1] TRACE f.m.indexer.core.download.Crawler - doNext: http://central.maven.org/maven2/ant/ant-xslp/1.6.3/ant-xslp-1.6.3.pom
18:46:15.608 [pool-1-thread-1] TRACE f.m.indexer.core.download.Crawler - doNext: http://central.maven.org/maven2/ant/ant-xslp/1.6.3/ant-xslp-1.6.3.pom.md5
18:46:15.608 [pool-1-thread-1] TRACE f.m.indexer.core.download.Crawler - doNext: http://central.maven.org/maven2/ant/ant-xslp/1.6.3/ant-xslp-1.6.3.pom.sha1
18:46:15.608 [pool-1-thread-1] TRACE f.m.indexer.core.download.Crawler - doNext: http://central.maven.org/maven2/ant/ant-xslp/1.6.3/maven-metadata.xml
18:46:15.608 [pool-1-thread-1] TRACE f.m.indexer.core.download.Crawler - match: http://central.maven.org/maven2/ant/ant-xslp/1.6.3/maven-metadata.xml
18:46:15.608 [pool-1-thread-1] TRACE f.m.indexer.core.download.Crawler - doNext: http://central.maven.org/maven2/ant/ant-xslp/1.6.3/maven-metadata.xml.md5
18:46:15.608 [pool-1-thread-1] TRACE f.m.indexer.core.download.Crawler - doNext: http://central.maven.org/maven2/ant/ant-xslp/1.6.3/maven-metadata.xml.sha1
18:46:15.608 [pool-1-thread-1] TRACE f.m.i.core.client.JerseyHttpClient - download: http://central.maven.org/maven2/ant/ant-vaj/1.6.3/
18:46:15.608 [pool-1-thread-2] TRACE f.m.indexer.core.download.Crawler - getLinks: <!DOCTYPE html>
<html>

<head>
	<title>Central Repository: ant/ant-xslp/1.6.5</title>
	<meta name="viewport" content="width=device-width, initial-scale=1.0">
	<style>
body {
	background: #fff;
}
	</style>
</head>

<body>
	<header>
		<h1>ant/ant-xslp/1.6.5</h1>
	</header>
	<hr/>
	<main>
		<pre id="contents">
<a href="../">../</a>
<a href="ant-xslp-1.6.5.jar" title="ant-xslp-1.6.5.jar">ant-xslp-1.6.5.jar</a>                                2005-09-20 05:45      2244      
<a href="ant-xslp-1.6.5.jar.md5" title="ant-xslp-1.6.5.jar.md5">ant-xslp-1.6.5.jar.md5</a>                            2005-09-20 05:45        32      
<a href="ant-xslp-1.6.5.jar.sha1" title="ant-xslp-1.6.5.jar.sha1">ant-xslp-1.6.5.jar.sha1</a>                           2005-09-20 05:45        40      
<a href="ant-xslp-1.6.5.pom" title="ant-xslp-1.6.5.pom">ant-xslp-1.6.5.pom</a>                                2005-09-20 05:45       145      
<a href="ant-xslp-1.6.5.pom.md5" title="ant-xslp-1.6.5.pom.md5">ant-xslp-1.6.5.pom.md5</a>                            2005-09-20 05:45        32      
<a href="ant-xslp-1.6.5.pom.sha1" title="ant-xslp-1.6.5.pom.sha1">ant-xslp-1.6.5.pom.sha1</a>                           2005-09-20 05:45        40      
<a href="maven-metadata.xml" title="maven-metadata.xml">maven-metadata.xml</a>                                2005-09-20 05:45       110      
<a href="maven-metadata.xml.md5" title="maven-metadata.xml.md5">maven-metadata.xml.md5</a>                            2005-09-20 05:45        74      
<a href="maven-metadata.xml.sha1" title="maven-metadata.xml.sha1">maven-metadata.xml.sha1</a>                           2005-09-20 05:45       129      
		</pre>
	</main>
	<hr/>
</body>

</html>
18:46:15.608 [pool-1-thread-2] TRACE f.m.indexer.core.download.Crawler - getFullUrl: http://central.maven.org/maven2/ant/ant-xslp/1.6.5/, ../)
18:46:15.608 [pool-1-thread-2] TRACE f.m.indexer.core.download.Crawler - getFullUrl: http://central.maven.org/maven2/ant/ant-xslp/1.6.5/, ant-xslp-1.6.5.jar)
18:46:15.608 [pool-1-thread-2] TRACE f.m.indexer.core.download.Crawler - getFullUrl: http://central.maven.org/maven2/ant/ant-xslp/1.6.5/, ant-xslp-1.6.5.jar.md5)
18:46:15.608 [pool-1-thread-2] TRACE f.m.indexer.core.download.Crawler - getFullUrl: http://central.maven.org/maven2/ant/ant-xslp/1.6.5/, ant-xslp-1.6.5.jar.sha1)
18:46:15.608 [pool-1-thread-2] TRACE f.m.indexer.core.download.Crawler - getFullUrl: http://central.maven.org/maven2/ant/ant-xslp/1.6.5/, ant-xslp-1.6.5.pom)
18:46:15.608 [pool-1-thread-2] TRACE f.m.indexer.core.download.Crawler - getFullUrl: http://central.maven.org/maven2/ant/ant-xslp/1.6.5/, ant-xslp-1.6.5.pom.md5)
18:46:15.608 [pool-1-thread-2] TRACE f.m.indexer.core.download.Crawler - getFullUrl: http://central.maven.org/maven2/ant/ant-xslp/1.6.5/, ant-xslp-1.6.5.pom.sha1)
18:46:15.608 [pool-1-thread-2] TRACE f.m.indexer.core.download.Crawler - getFullUrl: http://central.maven.org/maven2/ant/ant-xslp/1.6.5/, maven-metadata.xml)
18:46:15.608 [pool-1-thread-2] TRACE f.m.indexer.core.download.Crawler - getFullUrl: http://central.maven.org/maven2/ant/ant-xslp/1.6.5/, maven-metadata.xml.md5)
18:46:15.608 [pool-1-thread-2] TRACE f.m.indexer.core.download.Crawler - getFullUrl: http://central.maven.org/maven2/ant/ant-xslp/1.6.5/, maven-metadata.xml.sha1)
18:46:15.608 [pool-1-thread-2] TRACE f.m.indexer.core.download.Crawler - doNext: http://central.maven.org/maven2/ant/ant-xslp/1.6.5/../
18:46:15.608 [pool-1-thread-2] TRACE f.m.indexer.core.download.Crawler - doNext: http://central.maven.org/maven2/ant/ant-xslp/1.6.5/ant-xslp-1.6.5.jar
18:46:15.608 [pool-1-thread-2] TRACE f.m.indexer.core.download.Crawler - doNext: http://central.maven.org/maven2/ant/ant-xslp/1.6.5/ant-xslp-1.6.5.jar.md5
18:46:15.608 [pool-1-thread-2] TRACE f.m.indexer.core.download.Crawler - doNext: http://central.maven.org/maven2/ant/ant-xslp/1.6.5/ant-xslp-1.6.5.jar.sha1
18:46:15.608 [pool-1-thread-2] TRACE f.m.indexer.core.download.Crawler - doNext: http://central.maven.org/maven2/ant/ant-xslp/1.6.5/ant-xslp-1.6.5.pom
18:46:15.608 [pool-1-thread-2] TRACE f.m.indexer.core.download.Crawler - doNext: http://central.maven.org/maven2/ant/ant-xslp/1.6.5/ant-xslp-1.6.5.pom.md5
18:46:15.608 [pool-1-thread-2] TRACE f.m.indexer.core.download.Crawler - doNext: http://central.maven.org/maven2/ant/ant-xslp/1.6.5/ant-xslp-1.6.5.pom.sha1
18:46:15.608 [pool-1-thread-2] TRACE f.m.indexer.core.download.Crawler - doNext: http://central.maven.org/maven2/ant/ant-xslp/1.6.5/maven-metadata.xml
18:46:15.608 [pool-1-thread-2] TRACE f.m.indexer.core.download.Crawler - match: http://central.maven.org/maven2/ant/ant-xslp/1.6.5/maven-metadata.xml
18:46:15.608 [pool-1-thread-2] TRACE f.m.indexer.core.download.Crawler - doNext: http://central.maven.org/maven2/ant/ant-xslp/1.6.5/maven-metadata.xml.md5
18:46:15.608 [pool-1-thread-2] TRACE f.m.indexer.core.download.Crawler - doNext: http://central.maven.org/maven2/ant/ant-xslp/1.6.5/maven-metadata.xml.sha1
18:46:15.608 [pool-1-thread-2] TRACE f.m.i.core.client.JerseyHttpClient - download: http://central.maven.org/maven2/ant/ant-vaj/1.6.4/
18:46:15.608 [pool-1-thread-6] TRACE f.m.indexer.core.download.Crawler - getLinks: <!DOCTYPE html>
<html>

<head>
	<title>Central Repository: ant/ant-xslp/1.6.4</title>
	<meta name="viewport" content="width=device-width, initial-scale=1.0">
	<style>
body {
	background: #fff;
}
	</style>
</head>

<body>
	<header>
		<h1>ant/ant-xslp/1.6.4</h1>
	</header>
	<hr/>
	<main>
		<pre id="contents">
<a href="../">../</a>
<a href="ant-xslp-1.6.4.jar" title="ant-xslp-1.6.4.jar">ant-xslp-1.6.4.jar</a>                                2005-09-20 05:45      2244      
<a href="ant-xslp-1.6.4.jar.md5" title="ant-xslp-1.6.4.jar.md5">ant-xslp-1.6.4.jar.md5</a>                            2005-09-20 05:45        32      
<a href="ant-xslp-1.6.4.jar.sha1" title="ant-xslp-1.6.4.jar.sha1">ant-xslp-1.6.4.jar.sha1</a>                           2005-09-20 05:45        40      
<a href="ant-xslp-1.6.4.pom" title="ant-xslp-1.6.4.pom">ant-xslp-1.6.4.pom</a>                                2005-09-20 05:45       145      
<a href="ant-xslp-1.6.4.pom.md5" title="ant-xslp-1.6.4.pom.md5">ant-xslp-1.6.4.pom.md5</a>                            2005-09-20 05:45        32      
<a href="ant-xslp-1.6.4.pom.sha1" title="ant-xslp-1.6.4.pom.sha1">ant-xslp-1.6.4.pom.sha1</a>                           2005-09-20 05:45        40      
<a href="maven-metadata.xml" title="maven-metadata.xml">maven-metadata.xml</a>                                2005-09-20 05:45       110      
<a href="maven-metadata.xml.md5" title="maven-metadata.xml.md5">maven-metadata.xml.md5</a>                            2005-09-20 05:45        74      
<a href="maven-metadata.xml.sha1" title="maven-metadata.xml.sha1">maven-metadata.xml.sha1</a>                           2005-09-20 05:45       129      
		</pre>
	</main>
	<hr/>
</body>

</html>
18:46:15.608 [pool-1-thread-6] TRACE f.m.indexer.core.download.Crawler - getFullUrl: http://central.maven.org/maven2/ant/ant-xslp/1.6.4/, ../)
18:46:15.608 [pool-1-thread-6] TRACE f.m.indexer.core.download.Crawler - getFullUrl: http://central.maven.org/maven2/ant/ant-xslp/1.6.4/, ant-xslp-1.6.4.jar)
18:46:15.608 [pool-1-thread-6] TRACE f.m.indexer.core.download.Crawler - getFullUrl: http://central.maven.org/maven2/ant/ant-xslp/1.6.4/, ant-xslp-1.6.4.jar.md5)
18:46:15.608 [pool-1-thread-6] TRACE f.m.indexer.core.download.Crawler - getFullUrl: http://central.maven.org/maven2/ant/ant-xslp/1.6.4/, ant-xslp-1.6.4.jar.sha1)
18:46:15.608 [pool-1-thread-6] TRACE f.m.indexer.core.download.Crawler - getFullUrl: http://central.maven.org/maven2/ant/ant-xslp/1.6.4/, ant-xslp-1.6.4.pom)
18:46:15.608 [pool-1-thread-6] TRACE f.m.indexer.core.download.Crawler - getFullUrl: http://central.maven.org/maven2/ant/ant-xslp/1.6.4/, ant-xslp-1.6.4.pom.md5)
18:46:15.608 [pool-1-thread-6] TRACE f.m.indexer.core.download.Crawler - getFullUrl: http://central.maven.org/maven2/ant/ant-xslp/1.6.4/, ant-xslp-1.6.4.pom.sha1)
18:46:15.608 [pool-1-thread-6] TRACE f.m.indexer.core.download.Crawler - getFullUrl: http://central.maven.org/maven2/ant/ant-xslp/1.6.4/, maven-metadata.xml)
18:46:15.608 [pool-1-thread-6] TRACE f.m.indexer.core.download.Crawler - getFullUrl: http://central.maven.org/maven2/ant/ant-xslp/1.6.4/, maven-metadata.xml.md5)
18:46:15.608 [pool-1-thread-6] TRACE f.m.indexer.core.download.Crawler - getFullUrl: http://central.maven.org/maven2/ant/ant-xslp/1.6.4/, maven-metadata.xml.sha1)
18:46:15.608 [pool-1-thread-6] TRACE f.m.indexer.core.download.Crawler - doNext: http://central.maven.org/maven2/ant/ant-xslp/1.6.4/../
18:46:15.608 [pool-1-thread-6] TRACE f.m.indexer.core.download.Crawler - doNext: http://central.maven.org/maven2/ant/ant-xslp/1.6.4/ant-xslp-1.6.4.jar
18:46:15.608 [pool-1-thread-6] TRACE f.m.indexer.core.download.Crawler - doNext: http://central.maven.org/maven2/ant/ant-xslp/1.6.4/ant-xslp-1.6.4.jar.md5
18:46:15.608 [pool-1-thread-6] TRACE f.m.indexer.core.download.Crawler - doNext: http://central.maven.org/maven2/ant/ant-xslp/1.6.4/ant-xslp-1.6.4.jar.sha1
18:46:15.608 [pool-1-thread-6] TRACE f.m.indexer.core.download.Crawler - doNext: http://central.maven.org/maven2/ant/ant-xslp/1.6.4/ant-xslp-1.6.4.pom
18:46:15.608 [pool-1-thread-6] TRACE f.m.indexer.core.download.Crawler - doNext: http://central.maven.org/maven2/ant/ant-xslp/1.6.4/ant-xslp-1.6.4.pom.md5
18:46:15.608 [pool-1-thread-6] TRACE f.m.indexer.core.download.Crawler - doNext: http://central.maven.org/maven2/ant/ant-xslp/1.6.4/ant-xslp-1.6.4.pom.sha1
18:46:15.608 [pool-1-thread-6] TRACE f.m.indexer.core.download.Crawler - doNext: http://central.maven.org/maven2/ant/ant-xslp/1.6.4/maven-metadata.xml
18:46:15.608 [pool-1-thread-6] TRACE f.m.indexer.core.download.Crawler - match: http://central.maven.org/maven2/ant/ant-xslp/1.6.4/maven-metadata.xml
18:46:15.608 [pool-1-thread-6] TRACE f.m.indexer.core.download.Crawler - doNext: http://central.maven.org/maven2/ant/ant-xslp/1.6.4/maven-metadata.xml.md5
18:46:15.608 [pool-1-thread-6] TRACE f.m.indexer.core.download.Crawler - doNext: http://central.maven.org/maven2/ant/ant-xslp/1.6.4/maven-metadata.xml.sha1
18:46:15.608 [pool-1-thread-6] TRACE f.m.i.core.client.JerseyHttpClient - download: http://central.maven.org/maven2/ant/ant-vaj/1.6.5/
18:46:15.608 [pool-1-thread-4] TRACE f.m.indexer.core.download.Crawler - getLinks: <!DOCTYPE html>
<html>

<head>
	<title>Central Repository: ant/optional/1.5.4</title>
	<meta name="viewport" content="width=device-width, initial-scale=1.0">
	<style>
body {
	background: #fff;
}
	</style>
</head>

<body>
	<header>
		<h1>ant/optional/1.5.4</h1>
	</header>
	<hr/>
	<main>
		<pre id="contents">
<a href="../">../</a>
<a href="maven-metadata.xml" title="maven-metadata.xml">maven-metadata.xml</a>                                2005-09-20 05:45       110      
<a href="maven-metadata.xml.md5" title="maven-metadata.xml.md5">maven-metadata.xml.md5</a>                            2005-09-20 05:45        74      
<a href="maven-metadata.xml.sha1" title="maven-metadata.xml.sha1">maven-metadata.xml.sha1</a>                           2005-09-20 05:45       129      
<a href="optional-1.5.4.jar" title="optional-1.5.4.jar">optional-1.5.4.jar</a>                                2005-09-20 05:45    673013      
<a href="optional-1.5.4.jar.md5" title="optional-1.5.4.jar.md5">optional-1.5.4.jar.md5</a>                            2005-09-20 05:45        32      
<a href="optional-1.5.4.jar.sha1" title="optional-1.5.4.jar.sha1">optional-1.5.4.jar.sha1</a>                           2005-09-20 05:45        40      
<a href="optional-1.5.4.pom" title="optional-1.5.4.pom">optional-1.5.4.pom</a>                                2005-09-20 05:45       145      
<a href="optional-1.5.4.pom.md5" title="optional-1.5.4.pom.md5">optional-1.5.4.pom.md5</a>                            2005-09-20 05:45        32      
<a href="optional-1.5.4.pom.sha1" title="optional-1.5.4.pom.sha1">optional-1.5.4.pom.sha1</a>                           2005-09-20 05:45        40      
		</pre>
	</main>
	<hr/>
</body>

</html>
18:46:15.608 [pool-1-thread-4] TRACE f.m.indexer.core.download.Crawler - getFullUrl: http://central.maven.org/maven2/ant/optional/1.5.4/, ../)
18:46:15.608 [pool-1-thread-4] TRACE f.m.indexer.core.download.Crawler - getFullUrl: http://central.maven.org/maven2/ant/optional/1.5.4/, maven-metadata.xml)
18:46:15.608 [pool-1-thread-4] TRACE f.m.indexer.core.download.Crawler - getFullUrl: http://central.maven.org/maven2/ant/optional/1.5.4/, maven-metadata.xml.md5)
18:46:15.608 [pool-1-thread-4] TRACE f.m.indexer.core.download.Crawler - getFullUrl: http://central.maven.org/maven2/ant/optional/1.5.4/, maven-metadata.xml.sha1)
18:46:15.608 [pool-1-thread-4] TRACE f.m.indexer.core.download.Crawler - getFullUrl: http://central.maven.org/maven2/ant/optional/1.5.4/, optional-1.5.4.jar)
18:46:15.608 [pool-1-thread-4] TRACE f.m.indexer.core.download.Crawler - getFullUrl: http://central.maven.org/maven2/ant/optional/1.5.4/, optional-1.5.4.jar.md5)
18:46:15.608 [pool-1-thread-4] TRACE f.m.indexer.core.download.Crawler - getFullUrl: http://central.maven.org/maven2/ant/optional/1.5.4/, optional-1.5.4.jar.sha1)
18:46:15.608 [pool-1-thread-4] TRACE f.m.indexer.core.download.Crawler - getFullUrl: http://central.maven.org/maven2/ant/optional/1.5.4/, optional-1.5.4.pom)
18:46:15.608 [pool-1-thread-4] TRACE f.m.indexer.core.download.Crawler - getFullUrl: http://central.maven.org/maven2/ant/optional/1.5.4/, optional-1.5.4.pom.md5)
18:46:15.608 [pool-1-thread-4] TRACE f.m.indexer.core.download.Crawler - getFullUrl: http://central.maven.org/maven2/ant/optional/1.5.4/, optional-1.5.4.pom.sha1)
18:46:15.608 [pool-1-thread-4] TRACE f.m.indexer.core.download.Crawler - doNext: http://central.maven.org/maven2/ant/optional/1.5.4/../
18:46:15.608 [pool-1-thread-4] TRACE f.m.indexer.core.download.Crawler - doNext: http://central.maven.org/maven2/ant/optional/1.5.4/maven-metadata.xml
18:46:15.608 [pool-1-thread-4] TRACE f.m.indexer.core.download.Crawler - match: http://central.maven.org/maven2/ant/optional/1.5.4/maven-metadata.xml
18:46:15.608 [pool-1-thread-4] TRACE f.m.indexer.core.download.Crawler - doNext: http://central.maven.org/maven2/ant/optional/1.5.4/maven-metadata.xml.md5
18:46:15.608 [pool-1-thread-4] TRACE f.m.indexer.core.download.Crawler - doNext: http://central.maven.org/maven2/ant/optional/1.5.4/maven-metadata.xml.sha1
18:46:15.608 [pool-1-thread-4] TRACE f.m.indexer.core.download.Crawler - doNext: http://central.maven.org/maven2/ant/optional/1.5.4/optional-1.5.4.jar
18:46:15.608 [pool-1-thread-4] TRACE f.m.indexer.core.download.Crawler - doNext: http://central.maven.org/maven2/ant/optional/1.5.4/optional-1.5.4.jar.md5
18:46:15.608 [pool-1-thread-4] TRACE f.m.indexer.core.download.Crawler - doNext: http://central.maven.org/maven2/ant/optional/1.5.4/optional-1.5.4.jar.sha1
18:46:15.608 [pool-1-thread-4] TRACE f.m.indexer.core.download.Crawler - doNext: http://central.maven.org/maven2/ant/optional/1.5.4/optional-1.5.4.pom
18:46:15.608 [pool-1-thread-4] TRACE f.m.indexer.core.download.Crawler - doNext: http://central.maven.org/maven2/ant/optional/1.5.4/optional-1.5.4.pom.md5
18:46:15.608 [pool-1-thread-4] TRACE f.m.indexer.core.download.Crawler - doNext: http://central.maven.org/maven2/ant/optional/1.5.4/optional-1.5.4.pom.sha1
18:46:15.608 [pool-1-thread-4] TRACE f.m.i.core.client.JerseyHttpClient - download: http://central.maven.org/maven2/ant/ant-vaj/maven-metadata.xml
18:46:15.608 [pool-1-thread-10] TRACE f.m.indexer.artifact.MetadataHandler - match: http://central.maven.org/maven2/ant/optional/maven-metadata.xml
18:46:15.608 [pool-1-thread-5] TRACE f.m.indexer.artifact.MetadataHandler - match: http://central.maven.org/maven2/ant/ant-xslp/maven-metadata.xml
18:46:15.623 [pool-1-thread-10] TRACE f.m.i.core.client.JerseyHttpClient - download: http://central.maven.org/maven2/ant/ant-stylebook/1.6/
18:46:15.623 [pool-1-thread-5] TRACE f.m.i.core.client.JerseyHttpClient - download: http://central.maven.org/maven2/ant/ant-stylebook/1.6.1/
18:46:15.623 [pool-1-thread-7] TRACE f.m.indexer.artifact.MetadataHandler - match: http://central.maven.org/maven2/ant/ant-commons-net/1.6/maven-metadata.xml
18:46:15.623 [pool-1-thread-7] TRACE f.m.i.core.client.JerseyHttpClient - download: http://central.maven.org/maven2/ant/ant-stylebook/1.6.2/
18:46:15.623 [pool-1-thread-8] TRACE f.m.indexer.core.download.Crawler - getLinks: <!DOCTYPE html>
<html>

<head>
	<title>Central Repository: ant/ant-vaj/1.6</title>
	<meta name="viewport" content="width=device-width, initial-scale=1.0">
	<style>
body {
	background: #fff;
}
	</style>
</head>

<body>
	<header>
		<h1>ant/ant-vaj/1.6</h1>
	</header>
	<hr/>
	<main>
		<pre id="contents">
<a href="../">../</a>
<a href="ant-vaj-1.6.jar" title="ant-vaj-1.6.jar">ant-vaj-1.6.jar</a>                                   2005-09-20 05:45     48386      
<a href="ant-vaj-1.6.jar.md5" title="ant-vaj-1.6.jar.md5">ant-vaj-1.6.jar.md5</a>                               2005-09-20 05:45        32      
<a href="ant-vaj-1.6.jar.sha1" title="ant-vaj-1.6.jar.sha1">ant-vaj-1.6.jar.sha1</a>                              2005-09-20 05:45        40      
<a href="ant-vaj-1.6.pom" title="ant-vaj-1.6.pom">ant-vaj-1.6.pom</a>                                   2005-09-20 05:45       142      
<a href="ant-vaj-1.6.pom.md5" title="ant-vaj-1.6.pom.md5">ant-vaj-1.6.pom.md5</a>                               2005-09-20 05:45        32      
<a href="ant-vaj-1.6.pom.sha1" title="ant-vaj-1.6.pom.sha1">ant-vaj-1.6.pom.sha1</a>                              2005-09-20 05:45        40      
<a href="maven-metadata.xml" title="maven-metadata.xml">maven-metadata.xml</a>                                2005-09-20 05:45       107      
<a href="maven-metadata.xml.md5" title="maven-metadata.xml.md5">maven-metadata.xml.md5</a>                            2005-09-20 05:45        71      
<a href="maven-metadata.xml.sha1" title="maven-metadata.xml.sha1">maven-metadata.xml.sha1</a>                           2005-09-20 05:45       126      
		</pre>
	</main>
	<hr/>
</body>

</html>
18:46:15.623 [pool-1-thread-8] TRACE f.m.indexer.core.download.Crawler - getFullUrl: http://central.maven.org/maven2/ant/ant-vaj/1.6/, ../)
18:46:15.623 [pool-1-thread-8] TRACE f.m.indexer.core.download.Crawler - getFullUrl: http://central.maven.org/maven2/ant/ant-vaj/1.6/, ant-vaj-1.6.jar)
18:46:15.623 [pool-1-thread-8] TRACE f.m.indexer.core.download.Crawler - getFullUrl: http://central.maven.org/maven2/ant/ant-vaj/1.6/, ant-vaj-1.6.jar.md5)
18:46:15.623 [pool-1-thread-8] TRACE f.m.indexer.core.download.Crawler - getFullUrl: http://central.maven.org/maven2/ant/ant-vaj/1.6/, ant-vaj-1.6.jar.sha1)
18:46:15.623 [pool-1-thread-8] TRACE f.m.indexer.core.download.Crawler - getFullUrl: http://central.maven.org/maven2/ant/ant-vaj/1.6/, ant-vaj-1.6.pom)
18:46:15.623 [pool-1-thread-8] TRACE f.m.indexer.core.download.Crawler - getFullUrl: http://central.maven.org/maven2/ant/ant-vaj/1.6/, ant-vaj-1.6.pom.md5)
18:46:15.623 [pool-1-thread-8] TRACE f.m.indexer.core.download.Crawler - getFullUrl: http://central.maven.org/maven2/ant/ant-vaj/1.6/, ant-vaj-1.6.pom.sha1)
18:46:15.623 [pool-1-thread-8] TRACE f.m.indexer.core.download.Crawler - getFullUrl: http://central.maven.org/maven2/ant/ant-vaj/1.6/, maven-metadata.xml)
18:46:15.623 [pool-1-thread-8] TRACE f.m.indexer.core.download.Crawler - getFullUrl: http://central.maven.org/maven2/ant/ant-vaj/1.6/, maven-metadata.xml.md5)
18:46:15.623 [pool-1-thread-8] TRACE f.m.indexer.core.download.Crawler - getFullUrl: http://central.maven.org/maven2/ant/ant-vaj/1.6/, maven-metadata.xml.sha1)
18:46:15.623 [pool-1-thread-8] TRACE f.m.indexer.core.download.Crawler - doNext: http://central.maven.org/maven2/ant/ant-vaj/1.6/../
18:46:15.623 [pool-1-thread-8] TRACE f.m.indexer.core.download.Crawler - doNext: http://central.maven.org/maven2/ant/ant-vaj/1.6/ant-vaj-1.6.jar
18:46:15.623 [pool-1-thread-8] TRACE f.m.indexer.core.download.Crawler - doNext: http://central.maven.org/maven2/ant/ant-vaj/1.6/ant-vaj-1.6.jar.md5
18:46:15.623 [pool-1-thread-8] TRACE f.m.indexer.core.download.Crawler - doNext: http://central.maven.org/maven2/ant/ant-vaj/1.6/ant-vaj-1.6.jar.sha1
18:46:15.623 [pool-1-thread-8] TRACE f.m.indexer.core.download.Crawler - doNext: http://central.maven.org/maven2/ant/ant-vaj/1.6/ant-vaj-1.6.pom
18:46:15.623 [pool-1-thread-8] TRACE f.m.indexer.core.download.Crawler - doNext: http://central.maven.org/maven2/ant/ant-vaj/1.6/ant-vaj-1.6.pom.md5
18:46:15.623 [pool-1-thread-8] TRACE f.m.indexer.core.download.Crawler - doNext: http://central.maven.org/maven2/ant/ant-vaj/1.6/ant-vaj-1.6.pom.sha1
18:46:15.623 [pool-1-thread-8] TRACE f.m.indexer.core.download.Crawler - doNext: http://central.maven.org/maven2/ant/ant-vaj/1.6/maven-metadata.xml
18:46:15.623 [pool-1-thread-8] TRACE f.m.indexer.core.download.Crawler - match: http://central.maven.org/maven2/ant/ant-vaj/1.6/maven-metadata.xml
18:46:15.623 [pool-1-thread-8] TRACE f.m.indexer.core.download.Crawler - doNext: http://central.maven.org/maven2/ant/ant-vaj/1.6/maven-metadata.xml.md5
18:46:15.623 [pool-1-thread-8] TRACE f.m.indexer.core.download.Crawler - doNext: http://central.maven.org/maven2/ant/ant-vaj/1.6/maven-metadata.xml.sha1
18:46:15.623 [pool-1-thread-8] TRACE f.m.i.core.client.JerseyHttpClient - download: http://central.maven.org/maven2/ant/ant-stylebook/1.6.3/
18:46:15.664 [pool-1-thread-9] TRACE f.m.indexer.core.download.Crawler - getLinks: <!DOCTYPE html>
<html>

<head>
	<title>Central Repository: ant/ant-vaj/1.6.1</title>
	<meta name="viewport" content="width=device-width, initial-scale=1.0">
	<style>
body {
	background: #fff;
}
	</style>
</head>

<body>
	<header>
		<h1>ant/ant-vaj/1.6.1</h1>
	</header>
	<hr/>
	<main>
		<pre id="contents">
<a href="../">../</a>
<a href="ant-vaj-1.6.1.jar" title="ant-vaj-1.6.1.jar">ant-vaj-1.6.1.jar</a>                                 2005-09-20 05:45     48313      
<a href="ant-vaj-1.6.1.jar.md5" title="ant-vaj-1.6.1.jar.md5">ant-vaj-1.6.1.jar.md5</a>                             2005-09-20 05:45        32      
<a href="ant-vaj-1.6.1.jar.sha1" title="ant-vaj-1.6.1.jar.sha1">ant-vaj-1.6.1.jar.sha1</a>                            2005-09-20 05:45        40      
<a href="ant-vaj-1.6.1.pom" title="ant-vaj-1.6.1.pom">ant-vaj-1.6.1.pom</a>                                 2005-09-20 05:45       144      
<a href="ant-vaj-1.6.1.pom.md5" title="ant-vaj-1.6.1.pom.md5">ant-vaj-1.6.1.pom.md5</a>                             2005-09-20 05:45        32      
<a href="ant-vaj-1.6.1.pom.sha1" title="ant-vaj-1.6.1.pom.sha1">ant-vaj-1.6.1.pom.sha1</a>                            2005-09-20 05:45        40      
<a href="maven-metadata.xml" title="maven-metadata.xml">maven-metadata.xml</a>                                2005-09-20 05:45       109      
<a href="maven-metadata.xml.md5" title="maven-metadata.xml.md5">maven-metadata.xml.md5</a>                            2005-09-20 05:45        73      
<a href="maven-metadata.xml.sha1" title="maven-metadata.xml.sha1">maven-metadata.xml.sha1</a>                           2005-09-20 05:45       128      
		</pre>
	</main>
	<hr/>
</body>

</html>
18:46:15.664 [pool-1-thread-9] TRACE f.m.indexer.core.download.Crawler - getFullUrl: http://central.maven.org/maven2/ant/ant-vaj/1.6.1/, ../)
18:46:15.664 [pool-1-thread-9] TRACE f.m.indexer.core.download.Crawler - getFullUrl: http://central.maven.org/maven2/ant/ant-vaj/1.6.1/, ant-vaj-1.6.1.jar)
18:46:15.664 [pool-1-thread-9] TRACE f.m.indexer.core.download.Crawler - getFullUrl: http://central.maven.org/maven2/ant/ant-vaj/1.6.1/, ant-vaj-1.6.1.jar.md5)
18:46:15.664 [pool-1-thread-9] TRACE f.m.indexer.core.download.Crawler - getFullUrl: http://central.maven.org/maven2/ant/ant-vaj/1.6.1/, ant-vaj-1.6.1.jar.sha1)
18:46:15.664 [pool-1-thread-9] TRACE f.m.indexer.core.download.Crawler - getFullUrl: http://central.maven.org/maven2/ant/ant-vaj/1.6.1/, ant-vaj-1.6.1.pom)
18:46:15.664 [pool-1-thread-9] TRACE f.m.indexer.core.download.Crawler - getFullUrl: http://central.maven.org/maven2/ant/ant-vaj/1.6.1/, ant-vaj-1.6.1.pom.md5)
18:46:15.664 [pool-1-thread-9] TRACE f.m.indexer.core.download.Crawler - getFullUrl: http://central.maven.org/maven2/ant/ant-vaj/1.6.1/, ant-vaj-1.6.1.pom.sha1)
18:46:15.664 [pool-1-thread-9] TRACE f.m.indexer.core.download.Crawler - getFullUrl: http://central.maven.org/maven2/ant/ant-vaj/1.6.1/, maven-metadata.xml)
18:46:15.664 [pool-1-thread-9] TRACE f.m.indexer.core.download.Crawler - getFullUrl: http://central.maven.org/maven2/ant/ant-vaj/1.6.1/, maven-metadata.xml.md5)
18:46:15.664 [pool-1-thread-9] TRACE f.m.indexer.core.download.Crawler - getFullUrl: http://central.maven.org/maven2/ant/ant-vaj/1.6.1/, maven-metadata.xml.sha1)
18:46:15.664 [pool-1-thread-9] TRACE f.m.indexer.core.download.Crawler - doNext: http://central.maven.org/maven2/ant/ant-vaj/1.6.1/../
18:46:15.664 [pool-1-thread-9] TRACE f.m.indexer.core.download.Crawler - doNext: http://central.maven.org/maven2/ant/ant-vaj/1.6.1/ant-vaj-1.6.1.jar
18:46:15.664 [pool-1-thread-9] TRACE f.m.indexer.core.download.Crawler - doNext: http://central.maven.org/maven2/ant/ant-vaj/1.6.1/ant-vaj-1.6.1.jar.md5
18:46:15.664 [pool-1-thread-9] TRACE f.m.indexer.core.download.Crawler - doNext: http://central.maven.org/maven2/ant/ant-vaj/1.6.1/ant-vaj-1.6.1.jar.sha1
18:46:15.664 [pool-1-thread-9] TRACE f.m.indexer.core.download.Crawler - doNext: http://central.maven.org/maven2/ant/ant-vaj/1.6.1/ant-vaj-1.6.1.pom
18:46:15.664 [pool-1-thread-9] TRACE f.m.indexer.core.download.Crawler - doNext: http://central.maven.org/maven2/ant/ant-vaj/1.6.1/ant-vaj-1.6.1.pom.md5
18:46:15.664 [pool-1-thread-9] TRACE f.m.indexer.core.download.Crawler - doNext: http://central.maven.org/maven2/ant/ant-vaj/1.6.1/ant-vaj-1.6.1.pom.sha1
18:46:15.665 [pool-1-thread-9] TRACE f.m.indexer.core.download.Crawler - doNext: http://central.maven.org/maven2/ant/ant-vaj/1.6.1/maven-metadata.xml
18:46:15.665 [pool-1-thread-9] TRACE f.m.indexer.core.download.Crawler - match: http://central.maven.org/maven2/ant/ant-vaj/1.6.1/maven-metadata.xml
18:46:15.665 [pool-1-thread-9] TRACE f.m.indexer.core.download.Crawler - doNext: http://central.maven.org/maven2/ant/ant-vaj/1.6.1/maven-metadata.xml.md5
18:46:15.665 [pool-1-thread-9] TRACE f.m.indexer.core.download.Crawler - doNext: http://central.maven.org/maven2/ant/ant-vaj/1.6.1/maven-metadata.xml.sha1
18:46:15.665 [pool-1-thread-9] TRACE f.m.i.core.client.JerseyHttpClient - download: http://central.maven.org/maven2/ant/ant-stylebook/1.6.4/
18:46:15.667 [pool-1-thread-3] TRACE f.m.indexer.core.download.Crawler - getLinks: <!DOCTYPE html>
<html>

<head>
	<title>Central Repository: ant/ant-vaj/1.6.2</title>
	<meta name="viewport" content="width=device-width, initial-scale=1.0">
	<style>
body {
	background: #fff;
}
	</style>
</head>

<body>
	<header>
		<h1>ant/ant-vaj/1.6.2</h1>
	</header>
	<hr/>
	<main>
		<pre id="contents">
<a href="../">../</a>
<a href="ant-vaj-1.6.2.jar" title="ant-vaj-1.6.2.jar">ant-vaj-1.6.2.jar</a>                                 2005-09-20 05:45     48623      
<a href="ant-vaj-1.6.2.jar.md5" title="ant-vaj-1.6.2.jar.md5">ant-vaj-1.6.2.jar.md5</a>                             2005-09-20 05:45        32      
<a href="ant-vaj-1.6.2.jar.sha1" title="ant-vaj-1.6.2.jar.sha1">ant-vaj-1.6.2.jar.sha1</a>                            2005-09-20 05:45        40      
<a href="ant-vaj-1.6.2.pom" title="ant-vaj-1.6.2.pom">ant-vaj-1.6.2.pom</a>                                 2005-09-20 05:45       144      
<a href="ant-vaj-1.6.2.pom.md5" title="ant-vaj-1.6.2.pom.md5">ant-vaj-1.6.2.pom.md5</a>                             2005-09-20 05:45        32      
<a href="ant-vaj-1.6.2.pom.sha1" title="ant-vaj-1.6.2.pom.sha1">ant-vaj-1.6.2.pom.sha1</a>                            2005-09-20 05:45        40      
<a href="maven-metadata.xml" title="maven-metadata.xml">maven-metadata.xml</a>                                2005-09-20 05:45       109      
<a href="maven-metadata.xml.md5" title="maven-metadata.xml.md5">maven-metadata.xml.md5</a>                            2005-09-20 05:45        73      
<a href="maven-metadata.xml.sha1" title="maven-metadata.xml.sha1">maven-metadata.xml.sha1</a>                           2005-09-20 05:45       128      
		</pre>
	</main>
	<hr/>
</body>

</html>
18:46:15.667 [pool-1-thread-3] TRACE f.m.indexer.core.download.Crawler - getFullUrl: http://central.maven.org/maven2/ant/ant-vaj/1.6.2/, ../)
18:46:15.667 [pool-1-thread-3] TRACE f.m.indexer.core.download.Crawler - getFullUrl: http://central.maven.org/maven2/ant/ant-vaj/1.6.2/, ant-vaj-1.6.2.jar)
18:46:15.668 [pool-1-thread-3] TRACE f.m.indexer.core.download.Crawler - getFullUrl: http://central.maven.org/maven2/ant/ant-vaj/1.6.2/, ant-vaj-1.6.2.jar.md5)
18:46:15.668 [pool-1-thread-3] TRACE f.m.indexer.core.download.Crawler - getFullUrl: http://central.maven.org/maven2/ant/ant-vaj/1.6.2/, ant-vaj-1.6.2.jar.sha1)
18:46:15.668 [pool-1-thread-3] TRACE f.m.indexer.core.download.Crawler - getFullUrl: http://central.maven.org/maven2/ant/ant-vaj/1.6.2/, ant-vaj-1.6.2.pom)
18:46:15.668 [pool-1-thread-3] TRACE f.m.indexer.core.download.Crawler - getFullUrl: http://central.maven.org/maven2/ant/ant-vaj/1.6.2/, ant-vaj-1.6.2.pom.md5)
18:46:15.668 [pool-1-thread-3] TRACE f.m.indexer.core.download.Crawler - getFullUrl: http://central.maven.org/maven2/ant/ant-vaj/1.6.2/, ant-vaj-1.6.2.pom.sha1)
18:46:15.668 [pool-1-thread-3] TRACE f.m.indexer.core.download.Crawler - getFullUrl: http://central.maven.org/maven2/ant/ant-vaj/1.6.2/, maven-metadata.xml)
18:46:15.668 [pool-1-thread-3] TRACE f.m.indexer.core.download.Crawler - getFullUrl: http://central.maven.org/maven2/ant/ant-vaj/1.6.2/, maven-metadata.xml.md5)
18:46:15.668 [pool-1-thread-3] TRACE f.m.indexer.core.download.Crawler - getFullUrl: http://central.maven.org/maven2/ant/ant-vaj/1.6.2/, maven-metadata.xml.sha1)
18:46:15.668 [pool-1-thread-3] TRACE f.m.indexer.core.download.Crawler - doNext: http://central.maven.org/maven2/ant/ant-vaj/1.6.2/../
18:46:15.668 [pool-1-thread-3] TRACE f.m.indexer.core.download.Crawler - doNext: http://central.maven.org/maven2/ant/ant-vaj/1.6.2/ant-vaj-1.6.2.jar
18:46:15.668 [pool-1-thread-3] TRACE f.m.indexer.core.download.Crawler - doNext: http://central.maven.org/maven2/ant/ant-vaj/1.6.2/ant-vaj-1.6.2.jar.md5
18:46:15.668 [pool-1-thread-3] TRACE f.m.indexer.core.download.Crawler - doNext: http://central.maven.org/maven2/ant/ant-vaj/1.6.2/ant-vaj-1.6.2.jar.sha1
18:46:15.668 [pool-1-thread-3] TRACE f.m.indexer.core.download.Crawler - doNext: http://central.maven.org/maven2/ant/ant-vaj/1.6.2/ant-vaj-1.6.2.pom
18:46:15.668 [pool-1-thread-3] TRACE f.m.indexer.core.download.Crawler - doNext: http://central.maven.org/maven2/ant/ant-vaj/1.6.2/ant-vaj-1.6.2.pom.md5
18:46:15.668 [pool-1-thread-3] TRACE f.m.indexer.core.download.Crawler - doNext: http://central.maven.org/maven2/ant/ant-vaj/1.6.2/ant-vaj-1.6.2.pom.sha1
18:46:15.668 [pool-1-thread-3] TRACE f.m.indexer.core.download.Crawler - doNext: http://central.maven.org/maven2/ant/ant-vaj/1.6.2/maven-metadata.xml
18:46:15.668 [pool-1-thread-3] TRACE f.m.indexer.core.download.Crawler - match: http://central.maven.org/maven2/ant/ant-vaj/1.6.2/maven-metadata.xml
18:46:15.668 [pool-1-thread-3] TRACE f.m.indexer.core.download.Crawler - doNext: http://central.maven.org/maven2/ant/ant-vaj/1.6.2/maven-metadata.xml.md5
18:46:15.668 [pool-1-thread-3] TRACE f.m.indexer.core.download.Crawler - doNext: http://central.maven.org/maven2/ant/ant-vaj/1.6.2/maven-metadata.xml.sha1
18:46:15.668 [pool-1-thread-3] TRACE f.m.i.core.client.JerseyHttpClient - download: http://central.maven.org/maven2/ant/ant-stylebook/1.6.5/
18:46:15.671 [pool-1-thread-1] TRACE f.m.indexer.core.download.Crawler - getLinks: <!DOCTYPE html>
<html>

<head>
	<title>Central Repository: ant/ant-vaj/1.6.3</title>
	<meta name="viewport" content="width=device-width, initial-scale=1.0">
	<style>
body {
	background: #fff;
}
	</style>
</head>

<body>
	<header>
		<h1>ant/ant-vaj/1.6.3</h1>
	</header>
	<hr/>
	<main>
		<pre id="contents">
<a href="../">../</a>
<a href="ant-vaj-1.6.3.jar" title="ant-vaj-1.6.3.jar">ant-vaj-1.6.3.jar</a>                                 2005-09-20 05:45     49742      
<a href="ant-vaj-1.6.3.jar.md5" title="ant-vaj-1.6.3.jar.md5">ant-vaj-1.6.3.jar.md5</a>                             2005-09-20 05:45        32      
<a href="ant-vaj-1.6.3.jar.sha1" title="ant-vaj-1.6.3.jar.sha1">ant-vaj-1.6.3.jar.sha1</a>                            2005-09-20 05:45        40      
<a href="ant-vaj-1.6.3.pom" title="ant-vaj-1.6.3.pom">ant-vaj-1.6.3.pom</a>                                 2005-09-20 05:45       144      
<a href="ant-vaj-1.6.3.pom.md5" title="ant-vaj-1.6.3.pom.md5">ant-vaj-1.6.3.pom.md5</a>                             2005-09-20 05:45        32      
<a href="ant-vaj-1.6.3.pom.sha1" title="ant-vaj-1.6.3.pom.sha1">ant-vaj-1.6.3.pom.sha1</a>                            2005-09-20 05:45        40      
<a href="maven-metadata.xml" title="maven-metadata.xml">maven-metadata.xml</a>                                2005-09-20 05:45       109      
<a href="maven-metadata.xml.md5" title="maven-metadata.xml.md5">maven-metadata.xml.md5</a>                            2005-09-20 05:45        73      
<a href="maven-metadata.xml.sha1" title="maven-metadata.xml.sha1">maven-metadata.xml.sha1</a>                           2005-09-20 05:45       128      
		</pre>
	</main>
	<hr/>
</body>

</html>
18:46:15.671 [pool-1-thread-1] TRACE f.m.indexer.core.download.Crawler - getFullUrl: http://central.maven.org/maven2/ant/ant-vaj/1.6.3/, ../)
18:46:15.671 [pool-1-thread-1] TRACE f.m.indexer.core.download.Crawler - getFullUrl: http://central.maven.org/maven2/ant/ant-vaj/1.6.3/, ant-vaj-1.6.3.jar)
18:46:15.671 [pool-1-thread-1] TRACE f.m.indexer.core.download.Crawler - getFullUrl: http://central.maven.org/maven2/ant/ant-vaj/1.6.3/, ant-vaj-1.6.3.jar.md5)
18:46:15.671 [pool-1-thread-1] TRACE f.m.indexer.core.download.Crawler - getFullUrl: http://central.maven.org/maven2/ant/ant-vaj/1.6.3/, ant-vaj-1.6.3.jar.sha1)
18:46:15.671 [pool-1-thread-1] TRACE f.m.indexer.core.download.Crawler - getFullUrl: http://central.maven.org/maven2/ant/ant-vaj/1.6.3/, ant-vaj-1.6.3.pom)
18:46:15.671 [pool-1-thread-1] TRACE f.m.indexer.core.download.Crawler - getFullUrl: http://central.maven.org/maven2/ant/ant-vaj/1.6.3/, ant-vaj-1.6.3.pom.md5)
18:46:15.671 [pool-1-thread-1] TRACE f.m.indexer.core.download.Crawler - getFullUrl: http://central.maven.org/maven2/ant/ant-vaj/1.6.3/, ant-vaj-1.6.3.pom.sha1)
18:46:15.671 [pool-1-thread-1] TRACE f.m.indexer.core.download.Crawler - getFullUrl: http://central.maven.org/maven2/ant/ant-vaj/1.6.3/, maven-metadata.xml)
18:46:15.671 [pool-1-thread-1] TRACE f.m.indexer.core.download.Crawler - getFullUrl: http://central.maven.org/maven2/ant/ant-vaj/1.6.3/, maven-metadata.xml.md5)
18:46:15.671 [pool-1-thread-1] TRACE f.m.indexer.core.download.Crawler - getFullUrl: http://central.maven.org/maven2/ant/ant-vaj/1.6.3/, maven-metadata.xml.sha1)
18:46:15.671 [pool-1-thread-1] TRACE f.m.indexer.core.download.Crawler - doNext: http://central.maven.org/maven2/ant/ant-vaj/1.6.3/../
18:46:15.671 [pool-1-thread-1] TRACE f.m.indexer.core.download.Crawler - doNext: http://central.maven.org/maven2/ant/ant-vaj/1.6.3/ant-vaj-1.6.3.jar
18:46:15.671 [pool-1-thread-1] TRACE f.m.indexer.core.download.Crawler - doNext: http://central.maven.org/maven2/ant/ant-vaj/1.6.3/ant-vaj-1.6.3.jar.md5
18:46:15.671 [pool-1-thread-1] TRACE f.m.indexer.core.download.Crawler - doNext: http://central.maven.org/maven2/ant/ant-vaj/1.6.3/ant-vaj-1.6.3.jar.sha1
18:46:15.671 [pool-1-thread-1] TRACE f.m.indexer.core.download.Crawler - doNext: http://central.maven.org/maven2/ant/ant-vaj/1.6.3/ant-vaj-1.6.3.pom
18:46:15.671 [pool-1-thread-1] TRACE f.m.indexer.core.download.Crawler - doNext: http://central.maven.org/maven2/ant/ant-vaj/1.6.3/ant-vaj-1.6.3.pom.md5
18:46:15.671 [pool-1-thread-1] TRACE f.m.indexer.core.download.Crawler - doNext: http://central.maven.org/maven2/ant/ant-vaj/1.6.3/ant-vaj-1.6.3.pom.sha1
18:46:15.671 [pool-1-thread-1] TRACE f.m.indexer.core.download.Crawler - doNext: http://central.maven.org/maven2/ant/ant-vaj/1.6.3/maven-metadata.xml
18:46:15.671 [pool-1-thread-1] TRACE f.m.indexer.core.download.Crawler - match: http://central.maven.org/maven2/ant/ant-vaj/1.6.3/maven-metadata.xml
18:46:15.671 [pool-1-thread-1] TRACE f.m.indexer.core.download.Crawler - doNext: http://central.maven.org/maven2/ant/ant-vaj/1.6.3/maven-metadata.xml.md5
18:46:15.671 [pool-1-thread-1] TRACE f.m.indexer.core.download.Crawler - doNext: http://central.maven.org/maven2/ant/ant-vaj/1.6.3/maven-metadata.xml.sha1
18:46:15.671 [pool-1-thread-1] TRACE f.m.i.core.client.JerseyHttpClient - download: http://central.maven.org/maven2/ant/ant-stylebook/maven-metadata.xml
18:46:15.674 [pool-1-thread-2] TRACE f.m.indexer.core.download.Crawler - getLinks: <!DOCTYPE html>
<html>

<head>
	<title>Central Repository: ant/ant-vaj/1.6.4</title>
	<meta name="viewport" content="width=device-width, initial-scale=1.0">
	<style>
body {
	background: #fff;
}
	</style>
</head>

<body>
	<header>
		<h1>ant/ant-vaj/1.6.4</h1>
	</header>
	<hr/>
	<main>
		<pre id="contents">
<a href="../">../</a>
<a href="ant-vaj-1.6.4.jar" title="ant-vaj-1.6.4.jar">ant-vaj-1.6.4.jar</a>                                 2005-09-20 05:45     49742      
<a href="ant-vaj-1.6.4.jar.md5" title="ant-vaj-1.6.4.jar.md5">ant-vaj-1.6.4.jar.md5</a>                             2005-09-20 05:45        32      
<a href="ant-vaj-1.6.4.jar.sha1" title="ant-vaj-1.6.4.jar.sha1">ant-vaj-1.6.4.jar.sha1</a>                            2005-09-20 05:45        40      
<a href="ant-vaj-1.6.4.pom" title="ant-vaj-1.6.4.pom">ant-vaj-1.6.4.pom</a>                                 2005-09-20 05:45       144      
<a href="ant-vaj-1.6.4.pom.md5" title="ant-vaj-1.6.4.pom.md5">ant-vaj-1.6.4.pom.md5</a>                             2005-09-20 05:45        32      
<a href="ant-vaj-1.6.4.pom.sha1" title="ant-vaj-1.6.4.pom.sha1">ant-vaj-1.6.4.pom.sha1</a>                            2005-09-20 05:45        40      
<a href="maven-metadata.xml" title="maven-metadata.xml">maven-metadata.xml</a>                                2005-09-20 05:45       109      
<a href="maven-metadata.xml.md5" title="maven-metadata.xml.md5">maven-metadata.xml.md5</a>                            2005-09-20 05:45        73      
<a href="maven-metadata.xml.sha1" title="maven-metadata.xml.sha1">maven-metadata.xml.sha1</a>                           2005-09-20 05:45       128      
		</pre>
	</main>
	<hr/>
</body>

</html>
18:46:15.675 [pool-1-thread-2] TRACE f.m.indexer.core.download.Crawler - getFullUrl: http://central.maven.org/maven2/ant/ant-vaj/1.6.4/, ../)
18:46:15.675 [pool-1-thread-2] TRACE f.m.indexer.core.download.Crawler - getFullUrl: http://central.maven.org/maven2/ant/ant-vaj/1.6.4/, ant-vaj-1.6.4.jar)
18:46:15.675 [pool-1-thread-2] TRACE f.m.indexer.core.download.Crawler - getFullUrl: http://central.maven.org/maven2/ant/ant-vaj/1.6.4/, ant-vaj-1.6.4.jar.md5)
18:46:15.675 [pool-1-thread-2] TRACE f.m.indexer.core.download.Crawler - getFullUrl: http://central.maven.org/maven2/ant/ant-vaj/1.6.4/, ant-vaj-1.6.4.jar.sha1)
18:46:15.675 [pool-1-thread-2] TRACE f.m.indexer.core.download.Crawler - getFullUrl: http://central.maven.org/maven2/ant/ant-vaj/1.6.4/, ant-vaj-1.6.4.pom)
18:46:15.675 [pool-1-thread-2] TRACE f.m.indexer.core.download.Crawler - getFullUrl: http://central.maven.org/maven2/ant/ant-vaj/1.6.4/, ant-vaj-1.6.4.pom.md5)
18:46:15.675 [pool-1-thread-2] TRACE f.m.indexer.core.download.Crawler - getFullUrl: http://central.maven.org/maven2/ant/ant-vaj/1.6.4/, ant-vaj-1.6.4.pom.sha1)
18:46:15.675 [pool-1-thread-2] TRACE f.m.indexer.core.download.Crawler - getFullUrl: http://central.maven.org/maven2/ant/ant-vaj/1.6.4/, maven-metadata.xml)
18:46:15.675 [pool-1-thread-2] TRACE f.m.indexer.core.download.Crawler - getFullUrl: http://central.maven.org/maven2/ant/ant-vaj/1.6.4/, maven-metadata.xml.md5)
18:46:15.675 [pool-1-thread-2] TRACE f.m.indexer.core.download.Crawler - getFullUrl: http://central.maven.org/maven2/ant/ant-vaj/1.6.4/, maven-metadata.xml.sha1)
18:46:15.675 [pool-1-thread-2] TRACE f.m.indexer.core.download.Crawler - doNext: http://central.maven.org/maven2/ant/ant-vaj/1.6.4/../
18:46:15.675 [pool-1-thread-2] TRACE f.m.indexer.core.download.Crawler - doNext: http://central.maven.org/maven2/ant/ant-vaj/1.6.4/ant-vaj-1.6.4.jar
18:46:15.675 [pool-1-thread-2] TRACE f.m.indexer.core.download.Crawler - doNext: http://central.maven.org/maven2/ant/ant-vaj/1.6.4/ant-vaj-1.6.4.jar.md5
18:46:15.675 [pool-1-thread-2] TRACE f.m.indexer.core.download.Crawler - doNext: http://central.maven.org/maven2/ant/ant-vaj/1.6.4/ant-vaj-1.6.4.jar.sha1
18:46:15.675 [pool-1-thread-2] TRACE f.m.indexer.core.download.Crawler - doNext: http://central.maven.org/maven2/ant/ant-vaj/1.6.4/ant-vaj-1.6.4.pom
18:46:15.675 [pool-1-thread-2] TRACE f.m.indexer.core.download.Crawler - doNext: http://central.maven.org/maven2/ant/ant-vaj/1.6.4/ant-vaj-1.6.4.pom.md5
18:46:15.675 [pool-1-thread-2] TRACE f.m.indexer.core.download.Crawler - doNext: http://central.maven.org/maven2/ant/ant-vaj/1.6.4/ant-vaj-1.6.4.pom.sha1
18:46:15.675 [pool-1-thread-2] TRACE f.m.indexer.core.download.Crawler - doNext: http://central.maven.org/maven2/ant/ant-vaj/1.6.4/maven-metadata.xml
18:46:15.675 [pool-1-thread-2] TRACE f.m.indexer.core.download.Crawler - match: http://central.maven.org/maven2/ant/ant-vaj/1.6.4/maven-metadata.xml
18:46:15.675 [pool-1-thread-2] TRACE f.m.indexer.core.download.Crawler - doNext: http://central.maven.org/maven2/ant/ant-vaj/1.6.4/maven-metadata.xml.md5
18:46:15.675 [pool-1-thread-2] TRACE f.m.indexer.core.download.Crawler - doNext: http://central.maven.org/maven2/ant/ant-vaj/1.6.4/maven-metadata.xml.sha1
18:46:15.675 [pool-1-thread-2] TRACE f.m.i.core.client.JerseyHttpClient - download: http://central.maven.org/maven2/ant/ant-xalan1/1.6/
18:46:15.678 [pool-1-thread-6] TRACE f.m.indexer.core.download.Crawler - getLinks: <!DOCTYPE html>
<html>

<head>
	<title>Central Repository: ant/ant-vaj/1.6.5</title>
	<meta name="viewport" content="width=device-width, initial-scale=1.0">
	<style>
body {
	background: #fff;
}
	</style>
</head>

<body>
	<header>
		<h1>ant/ant-vaj/1.6.5</h1>
	</header>
	<hr/>
	<main>
		<pre id="contents">
<a href="../">../</a>
<a href="ant-vaj-1.6.5.jar" title="ant-vaj-1.6.5.jar">ant-vaj-1.6.5.jar</a>                                 2005-09-20 05:45     49742      
<a href="ant-vaj-1.6.5.jar.md5" title="ant-vaj-1.6.5.jar.md5">ant-vaj-1.6.5.jar.md5</a>                             2005-09-20 05:45        32      
<a href="ant-vaj-1.6.5.jar.sha1" title="ant-vaj-1.6.5.jar.sha1">ant-vaj-1.6.5.jar.sha1</a>                            2005-09-20 05:45        40      
<a href="ant-vaj-1.6.5.pom" title="ant-vaj-1.6.5.pom">ant-vaj-1.6.5.pom</a>                                 2005-09-20 05:45       144      
<a href="ant-vaj-1.6.5.pom.md5" title="ant-vaj-1.6.5.pom.md5">ant-vaj-1.6.5.pom.md5</a>                             2005-09-20 05:45        32      
<a href="ant-vaj-1.6.5.pom.sha1" title="ant-vaj-1.6.5.pom.sha1">ant-vaj-1.6.5.pom.sha1</a>                            2005-09-20 05:45        40      
<a href="maven-metadata.xml" title="maven-metadata.xml">maven-metadata.xml</a>                                2005-09-20 05:45       109      
<a href="maven-metadata.xml.md5" title="maven-metadata.xml.md5">maven-metadata.xml.md5</a>                            2005-09-20 05:45        73      
<a href="maven-metadata.xml.sha1" title="maven-metadata.xml.sha1">maven-metadata.xml.sha1</a>                           2005-09-20 05:45       128      
		</pre>
	</main>
	<hr/>
</body>

</html>
18:46:15.678 [pool-1-thread-6] TRACE f.m.indexer.core.download.Crawler - getFullUrl: http://central.maven.org/maven2/ant/ant-vaj/1.6.5/, ../)
18:46:15.678 [pool-1-thread-6] TRACE f.m.indexer.core.download.Crawler - getFullUrl: http://central.maven.org/maven2/ant/ant-vaj/1.6.5/, ant-vaj-1.6.5.jar)
18:46:15.678 [pool-1-thread-6] TRACE f.m.indexer.core.download.Crawler - getFullUrl: http://central.maven.org/maven2/ant/ant-vaj/1.6.5/, ant-vaj-1.6.5.jar.md5)
18:46:15.678 [pool-1-thread-6] TRACE f.m.indexer.core.download.Crawler - getFullUrl: http://central.maven.org/maven2/ant/ant-vaj/1.6.5/, ant-vaj-1.6.5.jar.sha1)
18:46:15.678 [pool-1-thread-6] TRACE f.m.indexer.core.download.Crawler - getFullUrl: http://central.maven.org/maven2/ant/ant-vaj/1.6.5/, ant-vaj-1.6.5.pom)
18:46:15.678 [pool-1-thread-6] TRACE f.m.indexer.core.download.Crawler - getFullUrl: http://central.maven.org/maven2/ant/ant-vaj/1.6.5/, ant-vaj-1.6.5.pom.md5)
18:46:15.678 [pool-1-thread-6] TRACE f.m.indexer.core.download.Crawler - getFullUrl: http://central.maven.org/maven2/ant/ant-vaj/1.6.5/, ant-vaj-1.6.5.pom.sha1)
18:46:15.678 [pool-1-thread-6] TRACE f.m.indexer.core.download.Crawler - getFullUrl: http://central.maven.org/maven2/ant/ant-vaj/1.6.5/, maven-metadata.xml)
18:46:15.678 [pool-1-thread-6] TRACE f.m.indexer.core.download.Crawler - getFullUrl: http://central.maven.org/maven2/ant/ant-vaj/1.6.5/, maven-metadata.xml.md5)
18:46:15.678 [pool-1-thread-6] TRACE f.m.indexer.core.download.Crawler - getFullUrl: http://central.maven.org/maven2/ant/ant-vaj/1.6.5/, maven-metadata.xml.sha1)
18:46:15.678 [pool-1-thread-6] TRACE f.m.indexer.core.download.Crawler - doNext: http://central.maven.org/maven2/ant/ant-vaj/1.6.5/../
18:46:15.678 [pool-1-thread-6] TRACE f.m.indexer.core.download.Crawler - doNext: http://central.maven.org/maven2/ant/ant-vaj/1.6.5/ant-vaj-1.6.5.jar
18:46:15.678 [pool-1-thread-6] TRACE f.m.indexer.core.download.Crawler - doNext: http://central.maven.org/maven2/ant/ant-vaj/1.6.5/ant-vaj-1.6.5.jar.md5
18:46:15.678 [pool-1-thread-6] TRACE f.m.indexer.core.download.Crawler - doNext: http://central.maven.org/maven2/ant/ant-vaj/1.6.5/ant-vaj-1.6.5.jar.sha1
18:46:15.678 [pool-1-thread-6] TRACE f.m.indexer.core.download.Crawler - doNext: http://central.maven.org/maven2/ant/ant-vaj/1.6.5/ant-vaj-1.6.5.pom
18:46:15.678 [pool-1-thread-6] TRACE f.m.indexer.core.download.Crawler - doNext: http://central.maven.org/maven2/ant/ant-vaj/1.6.5/ant-vaj-1.6.5.pom.md5
18:46:15.678 [pool-1-thread-6] TRACE f.m.indexer.core.download.Crawler - doNext: http://central.maven.org/maven2/ant/ant-vaj/1.6.5/ant-vaj-1.6.5.pom.sha1
18:46:15.678 [pool-1-thread-6] TRACE f.m.indexer.core.download.Crawler - doNext: http://central.maven.org/maven2/ant/ant-vaj/1.6.5/maven-metadata.xml
18:46:15.678 [pool-1-thread-6] TRACE f.m.indexer.core.download.Crawler - match: http://central.maven.org/maven2/ant/ant-vaj/1.6.5/maven-metadata.xml
18:46:15.679 [pool-1-thread-6] TRACE f.m.indexer.core.download.Crawler - doNext: http://central.maven.org/maven2/ant/ant-vaj/1.6.5/maven-metadata.xml.md5
18:46:15.679 [pool-1-thread-6] TRACE f.m.indexer.core.download.Crawler - doNext: http://central.maven.org/maven2/ant/ant-vaj/1.6.5/maven-metadata.xml.sha1
18:46:15.679 [pool-1-thread-6] TRACE f.m.i.core.client.JerseyHttpClient - download: http://central.maven.org/maven2/ant/ant-xalan1/1.6.1/
18:46:15.682 [pool-1-thread-4] TRACE f.m.indexer.artifact.MetadataHandler - match: http://central.maven.org/maven2/ant/ant-vaj/maven-metadata.xml
18:46:15.685 [pool-1-thread-4] TRACE f.m.i.core.client.JerseyHttpClient - download: http://central.maven.org/maven2/ant/ant-xalan1/1.6.2/
18:46:15.690 [pool-1-thread-5] TRACE f.m.indexer.core.download.Crawler - getLinks: <!DOCTYPE html>
<html>

<head>
	<title>Central Repository: ant/ant-stylebook/1.6.1</title>
	<meta name="viewport" content="width=device-width, initial-scale=1.0">
	<style>
body {
	background: #fff;
}
	</style>
</head>

<body>
	<header>
		<h1>ant/ant-stylebook/1.6.1</h1>
	</header>
	<hr/>
	<main>
		<pre id="contents">
<a href="../">../</a>
<a href="ant-stylebook-1.6.1.jar" title="ant-stylebook-1.6.1.jar">ant-stylebook-1.6.1.jar</a>                           2005-09-20 05:44      2314      
<a href="ant-stylebook-1.6.1.jar.md5" title="ant-stylebook-1.6.1.jar.md5">ant-stylebook-1.6.1.jar.md5</a>                       2005-09-20 05:44        32      
<a href="ant-stylebook-1.6.1.jar.sha1" title="ant-stylebook-1.6.1.jar.sha1">ant-stylebook-1.6.1.jar.sha1</a>                      2005-09-20 05:44        40      
<a href="ant-stylebook-1.6.1.pom" title="ant-stylebook-1.6.1.pom">ant-stylebook-1.6.1.pom</a>                           2005-09-20 05:44       150      
<a href="ant-stylebook-1.6.1.pom.md5" title="ant-stylebook-1.6.1.pom.md5">ant-stylebook-1.6.1.pom.md5</a>                       2005-09-20 05:44        32      
<a href="ant-stylebook-1.6.1.pom.sha1" title="ant-stylebook-1.6.1.pom.sha1">ant-stylebook-1.6.1.pom.sha1</a>                      2005-09-20 05:44        40      
<a href="maven-metadata.xml" title="maven-metadata.xml">maven-metadata.xml</a>                                2005-09-20 05:44       115      
<a href="maven-metadata.xml.md5" title="maven-metadata.xml.md5">maven-metadata.xml.md5</a>                            2005-09-20 05:44        79      
<a href="maven-metadata.xml.sha1" title="maven-metadata.xml.sha1">maven-metadata.xml.sha1</a>                           2005-09-20 05:44       134      
		</pre>
	</main>
	<hr/>
</body>

</html>
18:46:15.691 [pool-1-thread-5] TRACE f.m.indexer.core.download.Crawler - getFullUrl: http://central.maven.org/maven2/ant/ant-stylebook/1.6.1/, ../)
18:46:15.691 [pool-1-thread-5] TRACE f.m.indexer.core.download.Crawler - getFullUrl: http://central.maven.org/maven2/ant/ant-stylebook/1.6.1/, ant-stylebook-1.6.1.jar)
18:46:15.691 [pool-1-thread-5] TRACE f.m.indexer.core.download.Crawler - getFullUrl: http://central.maven.org/maven2/ant/ant-stylebook/1.6.1/, ant-stylebook-1.6.1.jar.md5)
18:46:15.691 [pool-1-thread-5] TRACE f.m.indexer.core.download.Crawler - getFullUrl: http://central.maven.org/maven2/ant/ant-stylebook/1.6.1/, ant-stylebook-1.6.1.jar.sha1)
18:46:15.691 [pool-1-thread-5] TRACE f.m.indexer.core.download.Crawler - getFullUrl: http://central.maven.org/maven2/ant/ant-stylebook/1.6.1/, ant-stylebook-1.6.1.pom)
18:46:15.691 [pool-1-thread-5] TRACE f.m.indexer.core.download.Crawler - getFullUrl: http://central.maven.org/maven2/ant/ant-stylebook/1.6.1/, ant-stylebook-1.6.1.pom.md5)
18:46:15.691 [pool-1-thread-5] TRACE f.m.indexer.core.download.Crawler - getFullUrl: http://central.maven.org/maven2/ant/ant-stylebook/1.6.1/, ant-stylebook-1.6.1.pom.sha1)
18:46:15.691 [pool-1-thread-5] TRACE f.m.indexer.core.download.Crawler - getFullUrl: http://central.maven.org/maven2/ant/ant-stylebook/1.6.1/, maven-metadata.xml)
18:46:15.691 [pool-1-thread-5] TRACE f.m.indexer.core.download.Crawler - getFullUrl: http://central.maven.org/maven2/ant/ant-stylebook/1.6.1/, maven-metadata.xml.md5)
18:46:15.691 [pool-1-thread-5] TRACE f.m.indexer.core.download.Crawler - getFullUrl: http://central.maven.org/maven2/ant/ant-stylebook/1.6.1/, maven-metadata.xml.sha1)
18:46:15.691 [pool-1-thread-5] TRACE f.m.indexer.core.download.Crawler - doNext: http://central.maven.org/maven2/ant/ant-stylebook/1.6.1/../
18:46:15.691 [pool-1-thread-5] TRACE f.m.indexer.core.download.Crawler - doNext: http://central.maven.org/maven2/ant/ant-stylebook/1.6.1/ant-stylebook-1.6.1.jar
18:46:15.691 [pool-1-thread-5] TRACE f.m.indexer.core.download.Crawler - doNext: http://central.maven.org/maven2/ant/ant-stylebook/1.6.1/ant-stylebook-1.6.1.jar.md5
18:46:15.691 [pool-1-thread-5] TRACE f.m.indexer.core.download.Crawler - doNext: http://central.maven.org/maven2/ant/ant-stylebook/1.6.1/ant-stylebook-1.6.1.jar.sha1
18:46:15.691 [pool-1-thread-5] TRACE f.m.indexer.core.download.Crawler - doNext: http://central.maven.org/maven2/ant/ant-stylebook/1.6.1/ant-stylebook-1.6.1.pom
18:46:15.691 [pool-1-thread-5] TRACE f.m.indexer.core.download.Crawler - doNext: http://central.maven.org/maven2/ant/ant-stylebook/1.6.1/ant-stylebook-1.6.1.pom.md5
18:46:15.691 [pool-1-thread-5] TRACE f.m.indexer.core.download.Crawler - doNext: http://central.maven.org/maven2/ant/ant-stylebook/1.6.1/ant-stylebook-1.6.1.pom.sha1
18:46:15.691 [pool-1-thread-5] TRACE f.m.indexer.core.download.Crawler - doNext: http://central.maven.org/maven2/ant/ant-stylebook/1.6.1/maven-metadata.xml
18:46:15.691 [pool-1-thread-5] TRACE f.m.indexer.core.download.Crawler - match: http://central.maven.org/maven2/ant/ant-stylebook/1.6.1/maven-metadata.xml
18:46:15.691 [pool-1-thread-5] TRACE f.m.indexer.core.download.Crawler - doNext: http://central.maven.org/maven2/ant/ant-stylebook/1.6.1/maven-metadata.xml.md5
18:46:15.691 [pool-1-thread-5] TRACE f.m.indexer.core.download.Crawler - doNext: http://central.maven.org/maven2/ant/ant-stylebook/1.6.1/maven-metadata.xml.sha1
18:46:15.691 [pool-1-thread-5] TRACE f.m.i.core.client.JerseyHttpClient - download: http://central.maven.org/maven2/ant/ant-xalan1/1.6.3/
18:46:15.693 [pool-1-thread-8] TRACE f.m.indexer.core.download.Crawler - getLinks: <!DOCTYPE html>
<html>

<head>
	<title>Central Repository: ant/ant-stylebook/1.6.3</title>
	<meta name="viewport" content="width=device-width, initial-scale=1.0">
	<style>
body {
	background: #fff;
}
	</style>
</head>

<body>
	<header>
		<h1>ant/ant-stylebook/1.6.3</h1>
	</header>
	<hr/>
	<main>
		<pre id="contents">
<a href="../">../</a>
<a href="ant-stylebook-1.6.3.jar" title="ant-stylebook-1.6.3.jar">ant-stylebook-1.6.3.jar</a>                           2005-09-20 05:44      2328      
<a href="ant-stylebook-1.6.3.jar.md5" title="ant-stylebook-1.6.3.jar.md5">ant-stylebook-1.6.3.jar.md5</a>                       2005-09-20 05:44        32      
<a href="ant-stylebook-1.6.3.jar.sha1" title="ant-stylebook-1.6.3.jar.sha1">ant-stylebook-1.6.3.jar.sha1</a>                      2005-09-20 05:44        40      
<a href="ant-stylebook-1.6.3.pom" title="ant-stylebook-1.6.3.pom">ant-stylebook-1.6.3.pom</a>                           2005-09-20 05:44       150      
<a href="ant-stylebook-1.6.3.pom.md5" title="ant-stylebook-1.6.3.pom.md5">ant-stylebook-1.6.3.pom.md5</a>                       2005-09-20 05:44        32      
<a href="ant-stylebook-1.6.3.pom.sha1" title="ant-stylebook-1.6.3.pom.sha1">ant-stylebook-1.6.3.pom.sha1</a>                      2005-09-20 05:44        40      
<a href="maven-metadata.xml" title="maven-metadata.xml">maven-metadata.xml</a>                                2005-09-20 05:44       115      
<a href="maven-metadata.xml.md5" title="maven-metadata.xml.md5">maven-metadata.xml.md5</a>                            2005-09-20 05:44        79      
<a href="maven-metadata.xml.sha1" title="maven-metadata.xml.sha1">maven-metadata.xml.sha1</a>                           2005-09-20 05:44       134      
		</pre>
	</main>
	<hr/>
</body>

</html>
18:46:15.694 [pool-1-thread-8] TRACE f.m.indexer.core.download.Crawler - getFullUrl: http://central.maven.org/maven2/ant/ant-stylebook/1.6.3/, ../)
18:46:15.694 [pool-1-thread-8] TRACE f.m.indexer.core.download.Crawler - getFullUrl: http://central.maven.org/maven2/ant/ant-stylebook/1.6.3/, ant-stylebook-1.6.3.jar)
18:46:15.694 [pool-1-thread-8] TRACE f.m.indexer.core.download.Crawler - getFullUrl: http://central.maven.org/maven2/ant/ant-stylebook/1.6.3/, ant-stylebook-1.6.3.jar.md5)
18:46:15.694 [pool-1-thread-8] TRACE f.m.indexer.core.download.Crawler - getFullUrl: http://central.maven.org/maven2/ant/ant-stylebook/1.6.3/, ant-stylebook-1.6.3.jar.sha1)
18:46:15.694 [pool-1-thread-8] TRACE f.m.indexer.core.download.Crawler - getFullUrl: http://central.maven.org/maven2/ant/ant-stylebook/1.6.3/, ant-stylebook-1.6.3.pom)
18:46:15.694 [pool-1-thread-8] TRACE f.m.indexer.core.download.Crawler - getFullUrl: http://central.maven.org/maven2/ant/ant-stylebook/1.6.3/, ant-stylebook-1.6.3.pom.md5)
18:46:15.694 [pool-1-thread-8] TRACE f.m.indexer.core.download.Crawler - getFullUrl: http://central.maven.org/maven2/ant/ant-stylebook/1.6.3/, ant-stylebook-1.6.3.pom.sha1)
18:46:15.694 [pool-1-thread-8] TRACE f.m.indexer.core.download.Crawler - getFullUrl: http://central.maven.org/maven2/ant/ant-stylebook/1.6.3/, maven-metadata.xml)
18:46:15.694 [pool-1-thread-8] TRACE f.m.indexer.core.download.Crawler - getFullUrl: http://central.maven.org/maven2/ant/ant-stylebook/1.6.3/, maven-metadata.xml.md5)
18:46:15.694 [pool-1-thread-8] TRACE f.m.indexer.core.download.Crawler - getFullUrl: http://central.maven.org/maven2/ant/ant-stylebook/1.6.3/, maven-metadata.xml.sha1)
18:46:15.694 [pool-1-thread-8] TRACE f.m.indexer.core.download.Crawler - doNext: http://central.maven.org/maven2/ant/ant-stylebook/1.6.3/../
18:46:15.694 [pool-1-thread-8] TRACE f.m.indexer.core.download.Crawler - doNext: http://central.maven.org/maven2/ant/ant-stylebook/1.6.3/ant-stylebook-1.6.3.jar
18:46:15.694 [pool-1-thread-8] TRACE f.m.indexer.core.download.Crawler - doNext: http://central.maven.org/maven2/ant/ant-stylebook/1.6.3/ant-stylebook-1.6.3.jar.md5
18:46:15.694 [pool-1-thread-8] TRACE f.m.indexer.core.download.Crawler - doNext: http://central.maven.org/maven2/ant/ant-stylebook/1.6.3/ant-stylebook-1.6.3.jar.sha1
18:46:15.694 [pool-1-thread-8] TRACE f.m.indexer.core.download.Crawler - doNext: http://central.maven.org/maven2/ant/ant-stylebook/1.6.3/ant-stylebook-1.6.3.pom
18:46:15.694 [pool-1-thread-8] TRACE f.m.indexer.core.download.Crawler - doNext: http://central.maven.org/maven2/ant/ant-stylebook/1.6.3/ant-stylebook-1.6.3.pom.md5
18:46:15.694 [pool-1-thread-8] TRACE f.m.indexer.core.download.Crawler - doNext: http://central.maven.org/maven2/ant/ant-stylebook/1.6.3/ant-stylebook-1.6.3.pom.sha1
18:46:15.694 [pool-1-thread-8] TRACE f.m.indexer.core.download.Crawler - doNext: http://central.maven.org/maven2/ant/ant-stylebook/1.6.3/maven-metadata.xml
18:46:15.694 [pool-1-thread-8] TRACE f.m.indexer.core.download.Crawler - match: http://central.maven.org/maven2/ant/ant-stylebook/1.6.3/maven-metadata.xml
18:46:15.694 [pool-1-thread-8] TRACE f.m.indexer.core.download.Crawler - doNext: http://central.maven.org/maven2/ant/ant-stylebook/1.6.3/maven-metadata.xml.md5
18:46:15.694 [pool-1-thread-8] TRACE f.m.indexer.core.download.Crawler - doNext: http://central.maven.org/maven2/ant/ant-stylebook/1.6.3/maven-metadata.xml.sha1
18:46:15.694 [pool-1-thread-8] TRACE f.m.i.core.client.JerseyHttpClient - download: http://central.maven.org/maven2/ant/ant-xalan1/1.6.4/
18:46:15.698 [pool-1-thread-7] TRACE f.m.indexer.core.download.Crawler - getLinks: <!DOCTYPE html>
<html>

<head>
	<title>Central Repository: ant/ant-stylebook/1.6.2</title>
	<meta name="viewport" content="width=device-width, initial-scale=1.0">
	<style>
body {
	background: #fff;
}
	</style>
</head>

<body>
	<header>
		<h1>ant/ant-stylebook/1.6.2</h1>
	</header>
	<hr/>
	<main>
		<pre id="contents">
<a href="../">../</a>
<a href="ant-stylebook-1.6.2.jar" title="ant-stylebook-1.6.2.jar">ant-stylebook-1.6.2.jar</a>                           2005-09-20 05:44      2320      
<a href="ant-stylebook-1.6.2.jar.md5" title="ant-stylebook-1.6.2.jar.md5">ant-stylebook-1.6.2.jar.md5</a>                       2005-09-20 05:44        32      
<a href="ant-stylebook-1.6.2.jar.sha1" title="ant-stylebook-1.6.2.jar.sha1">ant-stylebook-1.6.2.jar.sha1</a>                      2005-09-20 05:44        40      
<a href="ant-stylebook-1.6.2.pom" title="ant-stylebook-1.6.2.pom">ant-stylebook-1.6.2.pom</a>                           2005-09-20 05:44       150      
<a href="ant-stylebook-1.6.2.pom.md5" title="ant-stylebook-1.6.2.pom.md5">ant-stylebook-1.6.2.pom.md5</a>                       2005-09-20 05:44        32      
<a href="ant-stylebook-1.6.2.pom.sha1" title="ant-stylebook-1.6.2.pom.sha1">ant-stylebook-1.6.2.pom.sha1</a>                      2005-09-20 05:44        40      
<a href="maven-metadata.xml" title="maven-metadata.xml">maven-metadata.xml</a>                                2005-09-20 05:44       115      
<a href="maven-metadata.xml.md5" title="maven-metadata.xml.md5">maven-metadata.xml.md5</a>                            2005-09-20 05:44        79      
<a href="maven-metadata.xml.sha1" title="maven-metadata.xml.sha1">maven-metadata.xml.sha1</a>                           2005-09-20 05:44       134      
		</pre>
	</main>
	<hr/>
</body>

</html>
18:46:15.699 [pool-1-thread-7] TRACE f.m.indexer.core.download.Crawler - getFullUrl: http://central.maven.org/maven2/ant/ant-stylebook/1.6.2/, ../)
18:46:15.699 [pool-1-thread-7] TRACE f.m.indexer.core.download.Crawler - getFullUrl: http://central.maven.org/maven2/ant/ant-stylebook/1.6.2/, ant-stylebook-1.6.2.jar)
18:46:15.699 [pool-1-thread-7] TRACE f.m.indexer.core.download.Crawler - getFullUrl: http://central.maven.org/maven2/ant/ant-stylebook/1.6.2/, ant-stylebook-1.6.2.jar.md5)
18:46:15.699 [pool-1-thread-7] TRACE f.m.indexer.core.download.Crawler - getFullUrl: http://central.maven.org/maven2/ant/ant-stylebook/1.6.2/, ant-stylebook-1.6.2.jar.sha1)
18:46:15.699 [pool-1-thread-7] TRACE f.m.indexer.core.download.Crawler - getFullUrl: http://central.maven.org/maven2/ant/ant-stylebook/1.6.2/, ant-stylebook-1.6.2.pom)
18:46:15.699 [pool-1-thread-7] TRACE f.m.indexer.core.download.Crawler - getFullUrl: http://central.maven.org/maven2/ant/ant-stylebook/1.6.2/, ant-stylebook-1.6.2.pom.md5)
18:46:15.699 [pool-1-thread-7] TRACE f.m.indexer.core.download.Crawler - getFullUrl: http://central.maven.org/maven2/ant/ant-stylebook/1.6.2/, ant-stylebook-1.6.2.pom.sha1)
18:46:15.699 [pool-1-thread-7] TRACE f.m.indexer.core.download.Crawler - getFullUrl: http://central.maven.org/maven2/ant/ant-stylebook/1.6.2/, maven-metadata.xml)
18:46:15.699 [pool-1-thread-7] TRACE f.m.indexer.core.download.Crawler - getFullUrl: http://central.maven.org/maven2/ant/ant-stylebook/1.6.2/, maven-metadata.xml.md5)
18:46:15.699 [pool-1-thread-7] TRACE f.m.indexer.core.download.Crawler - getFullUrl: http://central.maven.org/maven2/ant/ant-stylebook/1.6.2/, maven-metadata.xml.sha1)
18:46:15.699 [pool-1-thread-7] TRACE f.m.indexer.core.download.Crawler - doNext: http://central.maven.org/maven2/ant/ant-stylebook/1.6.2/../
18:46:15.699 [pool-1-thread-7] TRACE f.m.indexer.core.download.Crawler - doNext: http://central.maven.org/maven2/ant/ant-stylebook/1.6.2/ant-stylebook-1.6.2.jar
18:46:15.699 [pool-1-thread-7] TRACE f.m.indexer.core.download.Crawler - doNext: http://central.maven.org/maven2/ant/ant-stylebook/1.6.2/ant-stylebook-1.6.2.jar.md5
18:46:15.699 [pool-1-thread-7] TRACE f.m.indexer.core.download.Crawler - doNext: http://central.maven.org/maven2/ant/ant-stylebook/1.6.2/ant-stylebook-1.6.2.jar.sha1
18:46:15.699 [pool-1-thread-7] TRACE f.m.indexer.core.download.Crawler - doNext: http://central.maven.org/maven2/ant/ant-stylebook/1.6.2/ant-stylebook-1.6.2.pom
18:46:15.699 [pool-1-thread-7] TRACE f.m.indexer.core.download.Crawler - doNext: http://central.maven.org/maven2/ant/ant-stylebook/1.6.2/ant-stylebook-1.6.2.pom.md5
18:46:15.699 [pool-1-thread-7] TRACE f.m.indexer.core.download.Crawler - doNext: http://central.maven.org/maven2/ant/ant-stylebook/1.6.2/ant-stylebook-1.6.2.pom.sha1
18:46:15.699 [pool-1-thread-7] TRACE f.m.indexer.core.download.Crawler - doNext: http://central.maven.org/maven2/ant/ant-stylebook/1.6.2/maven-metadata.xml
18:46:15.700 [pool-1-thread-7] TRACE f.m.indexer.core.download.Crawler - match: http://central.maven.org/maven2/ant/ant-stylebook/1.6.2/maven-metadata.xml
18:46:15.700 [pool-1-thread-7] TRACE f.m.indexer.core.download.Crawler - doNext: http://central.maven.org/maven2/ant/ant-stylebook/1.6.2/maven-metadata.xml.md5
18:46:15.700 [pool-1-thread-7] TRACE f.m.indexer.core.download.Crawler - doNext: http://central.maven.org/maven2/ant/ant-stylebook/1.6.2/maven-metadata.xml.sha1
18:46:15.700 [pool-1-thread-7] TRACE f.m.i.core.client.JerseyHttpClient - download: http://central.maven.org/maven2/ant/ant-xalan1/1.6.5/
18:46:15.703 [pool-1-thread-10] TRACE f.m.indexer.core.download.Crawler - getLinks: <!DOCTYPE html>
<html>

<head>
	<title>Central Repository: ant/ant-stylebook/1.6</title>
	<meta name="viewport" content="width=device-width, initial-scale=1.0">
	<style>
body {
	background: #fff;
}
	</style>
</head>

<body>
	<header>
		<h1>ant/ant-stylebook/1.6</h1>
	</header>
	<hr/>
	<main>
		<pre id="contents">
<a href="../">../</a>
<a href="ant-stylebook-1.6.jar" title="ant-stylebook-1.6.jar">ant-stylebook-1.6.jar</a>                             2005-09-20 05:44      2326      
<a href="ant-stylebook-1.6.jar.md5" title="ant-stylebook-1.6.jar.md5">ant-stylebook-1.6.jar.md5</a>                         2005-09-20 05:44        32      
<a href="ant-stylebook-1.6.jar.sha1" title="ant-stylebook-1.6.jar.sha1">ant-stylebook-1.6.jar.sha1</a>                        2005-09-20 05:44        40      
<a href="ant-stylebook-1.6.pom" title="ant-stylebook-1.6.pom">ant-stylebook-1.6.pom</a>                             2005-09-20 05:44       148      
<a href="ant-stylebook-1.6.pom.md5" title="ant-stylebook-1.6.pom.md5">ant-stylebook-1.6.pom.md5</a>                         2005-09-20 05:44        32      
<a href="ant-stylebook-1.6.pom.sha1" title="ant-stylebook-1.6.pom.sha1">ant-stylebook-1.6.pom.sha1</a>                        2005-09-20 05:44        40      
<a href="maven-metadata.xml" title="maven-metadata.xml">maven-metadata.xml</a>                                2005-09-20 05:44       113      
<a href="maven-metadata.xml.md5" title="maven-metadata.xml.md5">maven-metadata.xml.md5</a>                            2005-09-20 05:44        77      
<a href="maven-metadata.xml.sha1" title="maven-metadata.xml.sha1">maven-metadata.xml.sha1</a>                           2005-09-20 05:44       132      
		</pre>
	</main>
	<hr/>
</body>

</html>
18:46:15.704 [pool-1-thread-10] TRACE f.m.indexer.core.download.Crawler - getFullUrl: http://central.maven.org/maven2/ant/ant-stylebook/1.6/, ../)
18:46:15.704 [pool-1-thread-10] TRACE f.m.indexer.core.download.Crawler - getFullUrl: http://central.maven.org/maven2/ant/ant-stylebook/1.6/, ant-stylebook-1.6.jar)
18:46:15.704 [pool-1-thread-10] TRACE f.m.indexer.core.download.Crawler - getFullUrl: http://central.maven.org/maven2/ant/ant-stylebook/1.6/, ant-stylebook-1.6.jar.md5)
18:46:15.704 [pool-1-thread-10] TRACE f.m.indexer.core.download.Crawler - getFullUrl: http://central.maven.org/maven2/ant/ant-stylebook/1.6/, ant-stylebook-1.6.jar.sha1)
18:46:15.704 [pool-1-thread-10] TRACE f.m.indexer.core.download.Crawler - getFullUrl: http://central.maven.org/maven2/ant/ant-stylebook/1.6/, ant-stylebook-1.6.pom)
18:46:15.704 [pool-1-thread-10] TRACE f.m.indexer.core.download.Crawler - getFullUrl: http://central.maven.org/maven2/ant/ant-stylebook/1.6/, ant-stylebook-1.6.pom.md5)
18:46:15.704 [pool-1-thread-10] TRACE f.m.indexer.core.download.Crawler - getFullUrl: http://central.maven.org/maven2/ant/ant-stylebook/1.6/, ant-stylebook-1.6.pom.sha1)
18:46:15.704 [pool-1-thread-10] TRACE f.m.indexer.core.download.Crawler - getFullUrl: http://central.maven.org/maven2/ant/ant-stylebook/1.6/, maven-metadata.xml)
18:46:15.704 [pool-1-thread-10] TRACE f.m.indexer.core.download.Crawler - getFullUrl: http://central.maven.org/maven2/ant/ant-stylebook/1.6/, maven-metadata.xml.md5)
18:46:15.704 [pool-1-thread-10] TRACE f.m.indexer.core.download.Crawler - getFullUrl: http://central.maven.org/maven2/ant/ant-stylebook/1.6/, maven-metadata.xml.sha1)
18:46:15.704 [pool-1-thread-10] TRACE f.m.indexer.core.download.Crawler - doNext: http://central.maven.org/maven2/ant/ant-stylebook/1.6/../
18:46:15.704 [pool-1-thread-10] TRACE f.m.indexer.core.download.Crawler - doNext: http://central.maven.org/maven2/ant/ant-stylebook/1.6/ant-stylebook-1.6.jar
18:46:15.704 [pool-1-thread-10] TRACE f.m.indexer.core.download.Crawler - doNext: http://central.maven.org/maven2/ant/ant-stylebook/1.6/ant-stylebook-1.6.jar.md5
18:46:15.704 [pool-1-thread-10] TRACE f.m.indexer.core.download.Crawler - doNext: http://central.maven.org/maven2/ant/ant-stylebook/1.6/ant-stylebook-1.6.jar.sha1
18:46:15.704 [pool-1-thread-10] TRACE f.m.indexer.core.download.Crawler - doNext: http://central.maven.org/maven2/ant/ant-stylebook/1.6/ant-stylebook-1.6.pom
18:46:15.704 [pool-1-thread-10] TRACE f.m.indexer.core.download.Crawler - doNext: http://central.maven.org/maven2/ant/ant-stylebook/1.6/ant-stylebook-1.6.pom.md5
18:46:15.704 [pool-1-thread-10] TRACE f.m.indexer.core.download.Crawler - doNext: http://central.maven.org/maven2/ant/ant-stylebook/1.6/ant-stylebook-1.6.pom.sha1
18:46:15.704 [pool-1-thread-10] TRACE f.m.indexer.core.download.Crawler - doNext: http://central.maven.org/maven2/ant/ant-stylebook/1.6/maven-metadata.xml
18:46:15.704 [pool-1-thread-10] TRACE f.m.indexer.core.download.Crawler - match: http://central.maven.org/maven2/ant/ant-stylebook/1.6/maven-metadata.xml
18:46:15.704 [pool-1-thread-10] TRACE f.m.indexer.core.download.Crawler - doNext: http://central.maven.org/maven2/ant/ant-stylebook/1.6/maven-metadata.xml.md5
18:46:15.704 [pool-1-thread-10] TRACE f.m.indexer.core.download.Crawler - doNext: http://central.maven.org/maven2/ant/ant-stylebook/1.6/maven-metadata.xml.sha1
18:46:15.704 [pool-1-thread-10] TRACE f.m.i.core.client.JerseyHttpClient - download: http://central.maven.org/maven2/ant/ant-xalan1/maven-metadata.xml
18:46:15.728 [pool-1-thread-9] TRACE f.m.indexer.core.download.Crawler - getLinks: <!DOCTYPE html>
<html>

<head>
	<title>Central Repository: ant/ant-stylebook/1.6.4</title>
	<meta name="viewport" content="width=device-width, initial-scale=1.0">
	<style>
body {
	background: #fff;
}
	</style>
</head>

<body>
	<header>
		<h1>ant/ant-stylebook/1.6.4</h1>
	</header>
	<hr/>
	<main>
		<pre id="contents">
<a href="../">../</a>
<a href="ant-stylebook-1.6.4.jar" title="ant-stylebook-1.6.4.jar">ant-stylebook-1.6.4.jar</a>                           2005-09-20 05:44      2328      
<a href="ant-stylebook-1.6.4.jar.md5" title="ant-stylebook-1.6.4.jar.md5">ant-stylebook-1.6.4.jar.md5</a>                       2005-09-20 05:44        32      
<a href="ant-stylebook-1.6.4.jar.sha1" title="ant-stylebook-1.6.4.jar.sha1">ant-stylebook-1.6.4.jar.sha1</a>                      2005-09-20 05:44        40      
<a href="ant-stylebook-1.6.4.pom" title="ant-stylebook-1.6.4.pom">ant-stylebook-1.6.4.pom</a>                           2005-09-20 05:44       150      
<a href="ant-stylebook-1.6.4.pom.md5" title="ant-stylebook-1.6.4.pom.md5">ant-stylebook-1.6.4.pom.md5</a>                       2005-09-20 05:44        32      
<a href="ant-stylebook-1.6.4.pom.sha1" title="ant-stylebook-1.6.4.pom.sha1">ant-stylebook-1.6.4.pom.sha1</a>                      2005-09-20 05:44        40      
<a href="maven-metadata.xml" title="maven-metadata.xml">maven-metadata.xml</a>                                2005-09-20 05:44       115      
<a href="maven-metadata.xml.md5" title="maven-metadata.xml.md5">maven-metadata.xml.md5</a>                            2005-09-20 05:44        79      
<a href="maven-metadata.xml.sha1" title="maven-metadata.xml.sha1">maven-metadata.xml.sha1</a>                           2005-09-20 05:44       134      
		</pre>
	</main>
	<hr/>
</body>

</html>
18:46:15.728 [pool-1-thread-9] TRACE f.m.indexer.core.download.Crawler - getFullUrl: http://central.maven.org/maven2/ant/ant-stylebook/1.6.4/, ../)
18:46:15.729 [pool-1-thread-9] TRACE f.m.indexer.core.download.Crawler - getFullUrl: http://central.maven.org/maven2/ant/ant-stylebook/1.6.4/, ant-stylebook-1.6.4.jar)
18:46:15.729 [pool-1-thread-9] TRACE f.m.indexer.core.download.Crawler - getFullUrl: http://central.maven.org/maven2/ant/ant-stylebook/1.6.4/, ant-stylebook-1.6.4.jar.md5)
18:46:15.729 [pool-1-thread-9] TRACE f.m.indexer.core.download.Crawler - getFullUrl: http://central.maven.org/maven2/ant/ant-stylebook/1.6.4/, ant-stylebook-1.6.4.jar.sha1)
18:46:15.729 [pool-1-thread-9] TRACE f.m.indexer.core.download.Crawler - getFullUrl: http://central.maven.org/maven2/ant/ant-stylebook/1.6.4/, ant-stylebook-1.6.4.pom)
18:46:15.729 [pool-1-thread-9] TRACE f.m.indexer.core.download.Crawler - getFullUrl: http://central.maven.org/maven2/ant/ant-stylebook/1.6.4/, ant-stylebook-1.6.4.pom.md5)
18:46:15.729 [pool-1-thread-9] TRACE f.m.indexer.core.download.Crawler - getFullUrl: http://central.maven.org/maven2/ant/ant-stylebook/1.6.4/, ant-stylebook-1.6.4.pom.sha1)
18:46:15.729 [pool-1-thread-9] TRACE f.m.indexer.core.download.Crawler - getFullUrl: http://central.maven.org/maven2/ant/ant-stylebook/1.6.4/, maven-metadata.xml)
18:46:15.729 [pool-1-thread-9] TRACE f.m.indexer.core.download.Crawler - getFullUrl: http://central.maven.org/maven2/ant/ant-stylebook/1.6.4/, maven-metadata.xml.md5)
18:46:15.729 [pool-1-thread-9] TRACE f.m.indexer.core.download.Crawler - getFullUrl: http://central.maven.org/maven2/ant/ant-stylebook/1.6.4/, maven-metadata.xml.sha1)
18:46:15.729 [pool-1-thread-9] TRACE f.m.indexer.core.download.Crawler - doNext: http://central.maven.org/maven2/ant/ant-stylebook/1.6.4/../
18:46:15.729 [pool-1-thread-9] TRACE f.m.indexer.core.download.Crawler - doNext: http://central.maven.org/maven2/ant/ant-stylebook/1.6.4/ant-stylebook-1.6.4.jar
18:46:15.729 [pool-1-thread-9] TRACE f.m.indexer.core.download.Crawler - doNext: http://central.maven.org/maven2/ant/ant-stylebook/1.6.4/ant-stylebook-1.6.4.jar.md5
18:46:15.729 [pool-1-thread-9] TRACE f.m.indexer.core.download.Crawler - doNext: http://central.maven.org/maven2/ant/ant-stylebook/1.6.4/ant-stylebook-1.6.4.jar.sha1
18:46:15.729 [pool-1-thread-9] TRACE f.m.indexer.core.download.Crawler - doNext: http://central.maven.org/maven2/ant/ant-stylebook/1.6.4/ant-stylebook-1.6.4.pom
18:46:15.729 [pool-1-thread-9] TRACE f.m.indexer.core.download.Crawler - doNext: http://central.maven.org/maven2/ant/ant-stylebook/1.6.4/ant-stylebook-1.6.4.pom.md5
18:46:15.729 [pool-1-thread-9] TRACE f.m.indexer.core.download.Crawler - doNext: http://central.maven.org/maven2/ant/ant-stylebook/1.6.4/ant-stylebook-1.6.4.pom.sha1
18:46:15.729 [pool-1-thread-9] TRACE f.m.indexer.core.download.Crawler - doNext: http://central.maven.org/maven2/ant/ant-stylebook/1.6.4/maven-metadata.xml
18:46:15.729 [pool-1-thread-9] TRACE f.m.indexer.core.download.Crawler - match: http://central.maven.org/maven2/ant/ant-stylebook/1.6.4/maven-metadata.xml
18:46:15.729 [pool-1-thread-9] TRACE f.m.indexer.core.download.Crawler - doNext: http://central.maven.org/maven2/ant/ant-stylebook/1.6.4/maven-metadata.xml.md5
18:46:15.729 [pool-1-thread-9] TRACE f.m.indexer.core.download.Crawler - doNext: http://central.maven.org/maven2/ant/ant-stylebook/1.6.4/maven-metadata.xml.sha1
18:46:15.729 [pool-1-thread-9] TRACE f.m.i.core.client.JerseyHttpClient - download: http://central.maven.org/maven2/ant/ant-trax/1.6/
18:46:15.732 [pool-1-thread-3] TRACE f.m.indexer.core.download.Crawler - getLinks: <!DOCTYPE html>
<html>

<head>
	<title>Central Repository: ant/ant-stylebook/1.6.5</title>
	<meta name="viewport" content="width=device-width, initial-scale=1.0">
	<style>
body {
	background: #fff;
}
	</style>
</head>

<body>
	<header>
		<h1>ant/ant-stylebook/1.6.5</h1>
	</header>
	<hr/>
	<main>
		<pre id="contents">
<a href="../">../</a>
<a href="ant-stylebook-1.6.5.jar" title="ant-stylebook-1.6.5.jar">ant-stylebook-1.6.5.jar</a>                           2005-09-20 05:44      2328      
<a href="ant-stylebook-1.6.5.jar.md5" title="ant-stylebook-1.6.5.jar.md5">ant-stylebook-1.6.5.jar.md5</a>                       2005-09-20 05:44        32      
<a href="ant-stylebook-1.6.5.jar.sha1" title="ant-stylebook-1.6.5.jar.sha1">ant-stylebook-1.6.5.jar.sha1</a>                      2005-09-20 05:44        40      
<a href="ant-stylebook-1.6.5.pom" title="ant-stylebook-1.6.5.pom">ant-stylebook-1.6.5.pom</a>                           2005-09-20 05:44       150      
<a href="ant-stylebook-1.6.5.pom.md5" title="ant-stylebook-1.6.5.pom.md5">ant-stylebook-1.6.5.pom.md5</a>                       2005-09-20 05:44        32      
<a href="ant-stylebook-1.6.5.pom.sha1" title="ant-stylebook-1.6.5.pom.sha1">ant-stylebook-1.6.5.pom.sha1</a>                      2005-09-20 05:44        40      
<a href="maven-metadata.xml" title="maven-metadata.xml">maven-metadata.xml</a>                                2005-09-20 05:44       115      
<a href="maven-metadata.xml.md5" title="maven-metadata.xml.md5">maven-metadata.xml.md5</a>                            2005-09-20 05:44        79      
<a href="maven-metadata.xml.sha1" title="maven-metadata.xml.sha1">maven-metadata.xml.sha1</a>                           2005-09-20 05:44       134      
		</pre>
	</main>
	<hr/>
</body>

</html>
18:46:15.732 [pool-1-thread-3] TRACE f.m.indexer.core.download.Crawler - getFullUrl: http://central.maven.org/maven2/ant/ant-stylebook/1.6.5/, ../)
18:46:15.732 [pool-1-thread-3] TRACE f.m.indexer.core.download.Crawler - getFullUrl: http://central.maven.org/maven2/ant/ant-stylebook/1.6.5/, ant-stylebook-1.6.5.jar)
18:46:15.732 [pool-1-thread-3] TRACE f.m.indexer.core.download.Crawler - getFullUrl: http://central.maven.org/maven2/ant/ant-stylebook/1.6.5/, ant-stylebook-1.6.5.jar.md5)
18:46:15.732 [pool-1-thread-3] TRACE f.m.indexer.core.download.Crawler - getFullUrl: http://central.maven.org/maven2/ant/ant-stylebook/1.6.5/, ant-stylebook-1.6.5.jar.sha1)
18:46:15.732 [pool-1-thread-3] TRACE f.m.indexer.core.download.Crawler - getFullUrl: http://central.maven.org/maven2/ant/ant-stylebook/1.6.5/, ant-stylebook-1.6.5.pom)
18:46:15.733 [pool-1-thread-3] TRACE f.m.indexer.core.download.Crawler - getFullUrl: http://central.maven.org/maven2/ant/ant-stylebook/1.6.5/, ant-stylebook-1.6.5.pom.md5)
18:46:15.733 [pool-1-thread-3] TRACE f.m.indexer.core.download.Crawler - getFullUrl: http://central.maven.org/maven2/ant/ant-stylebook/1.6.5/, ant-stylebook-1.6.5.pom.sha1)
18:46:15.733 [pool-1-thread-3] TRACE f.m.indexer.core.download.Crawler - getFullUrl: http://central.maven.org/maven2/ant/ant-stylebook/1.6.5/, maven-metadata.xml)
18:46:15.733 [pool-1-thread-3] TRACE f.m.indexer.core.download.Crawler - getFullUrl: http://central.maven.org/maven2/ant/ant-stylebook/1.6.5/, maven-metadata.xml.md5)
18:46:15.733 [pool-1-thread-3] TRACE f.m.indexer.core.download.Crawler - getFullUrl: http://central.maven.org/maven2/ant/ant-stylebook/1.6.5/, maven-metadata.xml.sha1)
18:46:15.733 [pool-1-thread-3] TRACE f.m.indexer.core.download.Crawler - doNext: http://central.maven.org/maven2/ant/ant-stylebook/1.6.5/../
18:46:15.733 [pool-1-thread-3] TRACE f.m.indexer.core.download.Crawler - doNext: http://central.maven.org/maven2/ant/ant-stylebook/1.6.5/ant-stylebook-1.6.5.jar
18:46:15.733 [pool-1-thread-3] TRACE f.m.indexer.core.download.Crawler - doNext: http://central.maven.org/maven2/ant/ant-stylebook/1.6.5/ant-stylebook-1.6.5.jar.md5
18:46:15.733 [pool-1-thread-3] TRACE f.m.indexer.core.download.Crawler - doNext: http://central.maven.org/maven2/ant/ant-stylebook/1.6.5/ant-stylebook-1.6.5.jar.sha1
18:46:15.733 [pool-1-thread-3] TRACE f.m.indexer.core.download.Crawler - doNext: http://central.maven.org/maven2/ant/ant-stylebook/1.6.5/ant-stylebook-1.6.5.pom
18:46:15.733 [pool-1-thread-3] TRACE f.m.indexer.core.download.Crawler - doNext: http://central.maven.org/maven2/ant/ant-stylebook/1.6.5/ant-stylebook-1.6.5.pom.md5
18:46:15.733 [pool-1-thread-3] TRACE f.m.indexer.core.download.Crawler - doNext: http://central.maven.org/maven2/ant/ant-stylebook/1.6.5/ant-stylebook-1.6.5.pom.sha1
18:46:15.733 [pool-1-thread-3] TRACE f.m.indexer.core.download.Crawler - doNext: http://central.maven.org/maven2/ant/ant-stylebook/1.6.5/maven-metadata.xml
18:46:15.733 [pool-1-thread-3] TRACE f.m.indexer.core.download.Crawler - match: http://central.maven.org/maven2/ant/ant-stylebook/1.6.5/maven-metadata.xml
18:46:15.733 [pool-1-thread-3] TRACE f.m.indexer.core.download.Crawler - doNext: http://central.maven.org/maven2/ant/ant-stylebook/1.6.5/maven-metadata.xml.md5
18:46:15.733 [pool-1-thread-3] TRACE f.m.indexer.core.download.Crawler - doNext: http://central.maven.org/maven2/ant/ant-stylebook/1.6.5/maven-metadata.xml.sha1
18:46:15.733 [pool-1-thread-3] TRACE f.m.i.core.client.JerseyHttpClient - download: http://central.maven.org/maven2/ant/ant-trax/1.6.1/
18:46:15.735 [pool-1-thread-1] TRACE f.m.indexer.artifact.MetadataHandler - match: http://central.maven.org/maven2/ant/ant-stylebook/maven-metadata.xml
18:46:15.738 [pool-1-thread-1] TRACE f.m.i.core.client.JerseyHttpClient - download: http://central.maven.org/maven2/ant/ant-trax/1.6.2/
18:46:15.741 [pool-1-thread-2] TRACE f.m.indexer.core.download.Crawler - getLinks: <!DOCTYPE html>
<html>

<head>
	<title>Central Repository: ant/ant-xalan1/1.6</title>
	<meta name="viewport" content="width=device-width, initial-scale=1.0">
	<style>
body {
	background: #fff;
}
	</style>
</head>

<body>
	<header>
		<h1>ant/ant-xalan1/1.6</h1>
	</header>
	<hr/>
	<main>
		<pre id="contents">
<a href="../">../</a>
<a href="ant-xalan1-1.6.jar" title="ant-xalan1-1.6.jar">ant-xalan1-1.6.jar</a>                                2005-09-20 05:45      3937      
<a href="ant-xalan1-1.6.jar.md5" title="ant-xalan1-1.6.jar.md5">ant-xalan1-1.6.jar.md5</a>                            2005-09-20 05:45        32      
<a href="ant-xalan1-1.6.jar.sha1" title="ant-xalan1-1.6.jar.sha1">ant-xalan1-1.6.jar.sha1</a>                           2005-09-20 05:45        40      
<a href="ant-xalan1-1.6.pom" title="ant-xalan1-1.6.pom">ant-xalan1-1.6.pom</a>                                2005-09-20 05:45       145      
<a href="ant-xalan1-1.6.pom.md5" title="ant-xalan1-1.6.pom.md5">ant-xalan1-1.6.pom.md5</a>                            2005-09-20 05:45        32      
<a href="ant-xalan1-1.6.pom.sha1" title="ant-xalan1-1.6.pom.sha1">ant-xalan1-1.6.pom.sha1</a>                           2005-09-20 05:45        40      
<a href="maven-metadata.xml" title="maven-metadata.xml">maven-metadata.xml</a>                                2005-09-20 05:45       110      
<a href="maven-metadata.xml.md5" title="maven-metadata.xml.md5">maven-metadata.xml.md5</a>                            2005-09-20 05:45        74      
<a href="maven-metadata.xml.sha1" title="maven-metadata.xml.sha1">maven-metadata.xml.sha1</a>                           2005-09-20 05:45       129      
		</pre>
	</main>
	<hr/>
</body>

</html>
18:46:15.741 [pool-1-thread-2] TRACE f.m.indexer.core.download.Crawler - getFullUrl: http://central.maven.org/maven2/ant/ant-xalan1/1.6/, ../)
18:46:15.741 [pool-1-thread-2] TRACE f.m.indexer.core.download.Crawler - getFullUrl: http://central.maven.org/maven2/ant/ant-xalan1/1.6/, ant-xalan1-1.6.jar)
18:46:15.741 [pool-1-thread-2] TRACE f.m.indexer.core.download.Crawler - getFullUrl: http://central.maven.org/maven2/ant/ant-xalan1/1.6/, ant-xalan1-1.6.jar.md5)
18:46:15.741 [pool-1-thread-2] TRACE f.m.indexer.core.download.Crawler - getFullUrl: http://central.maven.org/maven2/ant/ant-xalan1/1.6/, ant-xalan1-1.6.jar.sha1)
18:46:15.742 [pool-1-thread-2] TRACE f.m.indexer.core.download.Crawler - getFullUrl: http://central.maven.org/maven2/ant/ant-xalan1/1.6/, ant-xalan1-1.6.pom)
18:46:15.742 [pool-1-thread-2] TRACE f.m.indexer.core.download.Crawler - getFullUrl: http://central.maven.org/maven2/ant/ant-xalan1/1.6/, ant-xalan1-1.6.pom.md5)
18:46:15.742 [pool-1-thread-2] TRACE f.m.indexer.core.download.Crawler - getFullUrl: http://central.maven.org/maven2/ant/ant-xalan1/1.6/, ant-xalan1-1.6.pom.sha1)
18:46:15.742 [pool-1-thread-2] TRACE f.m.indexer.core.download.Crawler - getFullUrl: http://central.maven.org/maven2/ant/ant-xalan1/1.6/, maven-metadata.xml)
18:46:15.742 [pool-1-thread-2] TRACE f.m.indexer.core.download.Crawler - getFullUrl: http://central.maven.org/maven2/ant/ant-xalan1/1.6/, maven-metadata.xml.md5)
18:46:15.742 [pool-1-thread-2] TRACE f.m.indexer.core.download.Crawler - getFullUrl: http://central.maven.org/maven2/ant/ant-xalan1/1.6/, maven-metadata.xml.sha1)
18:46:15.742 [pool-1-thread-2] TRACE f.m.indexer.core.download.Crawler - doNext: http://central.maven.org/maven2/ant/ant-xalan1/1.6/../
18:46:15.742 [pool-1-thread-2] TRACE f.m.indexer.core.download.Crawler - doNext: http://central.maven.org/maven2/ant/ant-xalan1/1.6/ant-xalan1-1.6.jar
18:46:15.742 [pool-1-thread-2] TRACE f.m.indexer.core.download.Crawler - doNext: http://central.maven.org/maven2/ant/ant-xalan1/1.6/ant-xalan1-1.6.jar.md5
18:46:15.742 [pool-1-thread-2] TRACE f.m.indexer.core.download.Crawler - doNext: http://central.maven.org/maven2/ant/ant-xalan1/1.6/ant-xalan1-1.6.jar.sha1
18:46:15.742 [pool-1-thread-2] TRACE f.m.indexer.core.download.Crawler - doNext: http://central.maven.org/maven2/ant/ant-xalan1/1.6/ant-xalan1-1.6.pom
18:46:15.742 [pool-1-thread-2] TRACE f.m.indexer.core.download.Crawler - doNext: http://central.maven.org/maven2/ant/ant-xalan1/1.6/ant-xalan1-1.6.pom.md5
18:46:15.742 [pool-1-thread-2] TRACE f.m.indexer.core.download.Crawler - doNext: http://central.maven.org/maven2/ant/ant-xalan1/1.6/ant-xalan1-1.6.pom.sha1
18:46:15.742 [pool-1-thread-2] TRACE f.m.indexer.core.download.Crawler - doNext: http://central.maven.org/maven2/ant/ant-xalan1/1.6/maven-metadata.xml
18:46:15.742 [pool-1-thread-2] TRACE f.m.indexer.core.download.Crawler - match: http://central.maven.org/maven2/ant/ant-xalan1/1.6/maven-metadata.xml
18:46:15.742 [pool-1-thread-2] TRACE f.m.indexer.core.download.Crawler - doNext: http://central.maven.org/maven2/ant/ant-xalan1/1.6/maven-metadata.xml.md5
18:46:15.742 [pool-1-thread-2] TRACE f.m.indexer.core.download.Crawler - doNext: http://central.maven.org/maven2/ant/ant-xalan1/1.6/maven-metadata.xml.sha1
18:46:15.742 [pool-1-thread-2] TRACE f.m.i.core.client.JerseyHttpClient - download: http://central.maven.org/maven2/ant/ant-trax/1.6.3/
18:46:15.745 [pool-1-thread-6] TRACE f.m.indexer.core.download.Crawler - getLinks: <!DOCTYPE html>
<html>

<head>
	<title>Central Repository: ant/ant-xalan1/1.6.1</title>
	<meta name="viewport" content="width=device-width, initial-scale=1.0">
	<style>
body {
	background: #fff;
}
	</style>
</head>

<body>
	<header>
		<h1>ant/ant-xalan1/1.6.1</h1>
	</header>
	<hr/>
	<main>
		<pre id="contents">
<a href="../">../</a>
<a href="ant-xalan1-1.6.1.jar" title="ant-xalan1-1.6.1.jar">ant-xalan1-1.6.1.jar</a>                              2005-09-20 05:45      3932      
<a href="ant-xalan1-1.6.1.jar.md5" title="ant-xalan1-1.6.1.jar.md5">ant-xalan1-1.6.1.jar.md5</a>                          2005-09-20 05:45        32      
<a href="ant-xalan1-1.6.1.jar.sha1" title="ant-xalan1-1.6.1.jar.sha1">ant-xalan1-1.6.1.jar.sha1</a>                         2005-09-20 05:45        40      
<a href="ant-xalan1-1.6.1.pom" title="ant-xalan1-1.6.1.pom">ant-xalan1-1.6.1.pom</a>                              2005-09-20 05:45       147      
<a href="ant-xalan1-1.6.1.pom.md5" title="ant-xalan1-1.6.1.pom.md5">ant-xalan1-1.6.1.pom.md5</a>                          2005-09-20 05:45        32      
<a href="ant-xalan1-1.6.1.pom.sha1" title="ant-xalan1-1.6.1.pom.sha1">ant-xalan1-1.6.1.pom.sha1</a>                         2005-09-20 05:45        40      
<a href="maven-metadata.xml" title="maven-metadata.xml">maven-metadata.xml</a>                                2005-09-20 05:45       112      
<a href="maven-metadata.xml.md5" title="maven-metadata.xml.md5">maven-metadata.xml.md5</a>                            2005-09-20 05:45        76      
<a href="maven-metadata.xml.sha1" title="maven-metadata.xml.sha1">maven-metadata.xml.sha1</a>                           2005-09-20 05:45       131      
		</pre>
	</main>
	<hr/>
</body>

</html>
18:46:15.746 [pool-1-thread-6] TRACE f.m.indexer.core.download.Crawler - getFullUrl: http://central.maven.org/maven2/ant/ant-xalan1/1.6.1/, ../)
18:46:15.746 [pool-1-thread-6] TRACE f.m.indexer.core.download.Crawler - getFullUrl: http://central.maven.org/maven2/ant/ant-xalan1/1.6.1/, ant-xalan1-1.6.1.jar)
18:46:15.746 [pool-1-thread-6] TRACE f.m.indexer.core.download.Crawler - getFullUrl: http://central.maven.org/maven2/ant/ant-xalan1/1.6.1/, ant-xalan1-1.6.1.jar.md5)
18:46:15.746 [pool-1-thread-6] TRACE f.m.indexer.core.download.Crawler - getFullUrl: http://central.maven.org/maven2/ant/ant-xalan1/1.6.1/, ant-xalan1-1.6.1.jar.sha1)
18:46:15.746 [pool-1-thread-6] TRACE f.m.indexer.core.download.Crawler - getFullUrl: http://central.maven.org/maven2/ant/ant-xalan1/1.6.1/, ant-xalan1-1.6.1.pom)
18:46:15.746 [pool-1-thread-6] TRACE f.m.indexer.core.download.Crawler - getFullUrl: http://central.maven.org/maven2/ant/ant-xalan1/1.6.1/, ant-xalan1-1.6.1.pom.md5)
18:46:15.746 [pool-1-thread-6] TRACE f.m.indexer.core.download.Crawler - getFullUrl: http://central.maven.org/maven2/ant/ant-xalan1/1.6.1/, ant-xalan1-1.6.1.pom.sha1)
18:46:15.746 [pool-1-thread-6] TRACE f.m.indexer.core.download.Crawler - getFullUrl: http://central.maven.org/maven2/ant/ant-xalan1/1.6.1/, maven-metadata.xml)
18:46:15.746 [pool-1-thread-6] TRACE f.m.indexer.core.download.Crawler - getFullUrl: http://central.maven.org/maven2/ant/ant-xalan1/1.6.1/, maven-metadata.xml.md5)
18:46:15.746 [pool-1-thread-6] TRACE f.m.indexer.core.download.Crawler - getFullUrl: http://central.maven.org/maven2/ant/ant-xalan1/1.6.1/, maven-metadata.xml.sha1)
18:46:15.746 [pool-1-thread-6] TRACE f.m.indexer.core.download.Crawler - doNext: http://central.maven.org/maven2/ant/ant-xalan1/1.6.1/../
18:46:15.746 [pool-1-thread-6] TRACE f.m.indexer.core.download.Crawler - doNext: http://central.maven.org/maven2/ant/ant-xalan1/1.6.1/ant-xalan1-1.6.1.jar
18:46:15.746 [pool-1-thread-6] TRACE f.m.indexer.core.download.Crawler - doNext: http://central.maven.org/maven2/ant/ant-xalan1/1.6.1/ant-xalan1-1.6.1.jar.md5
18:46:15.746 [pool-1-thread-6] TRACE f.m.indexer.core.download.Crawler - doNext: http://central.maven.org/maven2/ant/ant-xalan1/1.6.1/ant-xalan1-1.6.1.jar.sha1
18:46:15.746 [pool-1-thread-6] TRACE f.m.indexer.core.download.Crawler - doNext: http://central.maven.org/maven2/ant/ant-xalan1/1.6.1/ant-xalan1-1.6.1.pom
18:46:15.746 [pool-1-thread-6] TRACE f.m.indexer.core.download.Crawler - doNext: http://central.maven.org/maven2/ant/ant-xalan1/1.6.1/ant-xalan1-1.6.1.pom.md5
18:46:15.746 [pool-1-thread-6] TRACE f.m.indexer.core.download.Crawler - doNext: http://central.maven.org/maven2/ant/ant-xalan1/1.6.1/ant-xalan1-1.6.1.pom.sha1
18:46:15.746 [pool-1-thread-6] TRACE f.m.indexer.core.download.Crawler - doNext: http://central.maven.org/maven2/ant/ant-xalan1/1.6.1/maven-metadata.xml
18:46:15.746 [pool-1-thread-6] TRACE f.m.indexer.core.download.Crawler - match: http://central.maven.org/maven2/ant/ant-xalan1/1.6.1/maven-metadata.xml
18:46:15.746 [pool-1-thread-6] TRACE f.m.indexer.core.download.Crawler - doNext: http://central.maven.org/maven2/ant/ant-xalan1/1.6.1/maven-metadata.xml.md5
18:46:15.746 [pool-1-thread-6] TRACE f.m.indexer.core.download.Crawler - doNext: http://central.maven.org/maven2/ant/ant-xalan1/1.6.1/maven-metadata.xml.sha1
18:46:15.746 [pool-1-thread-6] TRACE f.m.i.core.client.JerseyHttpClient - download: http://central.maven.org/maven2/ant/ant-trax/1.6.4/
18:46:15.749 [pool-1-thread-5] TRACE f.m.indexer.core.download.Crawler - getLinks: <!DOCTYPE html>
<html>

<head>
	<title>Central Repository: ant/ant-xalan1/1.6.3</title>
	<meta name="viewport" content="width=device-width, initial-scale=1.0">
	<style>
body {
	background: #fff;
}
	</style>
</head>

<body>
	<header>
		<h1>ant/ant-xalan1/1.6.3</h1>
	</header>
	<hr/>
	<main>
		<pre id="contents">
<a href="../">../</a>
<a href="ant-xalan1-1.6.3.jar" title="ant-xalan1-1.6.3.jar">ant-xalan1-1.6.3.jar</a>                              2005-09-20 05:45      4465      
<a href="ant-xalan1-1.6.3.jar.md5" title="ant-xalan1-1.6.3.jar.md5">ant-xalan1-1.6.3.jar.md5</a>                          2005-09-20 05:45        32      
<a href="ant-xalan1-1.6.3.jar.sha1" title="ant-xalan1-1.6.3.jar.sha1">ant-xalan1-1.6.3.jar.sha1</a>                         2005-09-20 05:45        40      
<a href="ant-xalan1-1.6.3.pom" title="ant-xalan1-1.6.3.pom">ant-xalan1-1.6.3.pom</a>                              2005-09-20 05:45       147      
<a href="ant-xalan1-1.6.3.pom.md5" title="ant-xalan1-1.6.3.pom.md5">ant-xalan1-1.6.3.pom.md5</a>                          2005-09-20 05:45        32      
<a href="ant-xalan1-1.6.3.pom.sha1" title="ant-xalan1-1.6.3.pom.sha1">ant-xalan1-1.6.3.pom.sha1</a>                         2005-09-20 05:45        40      
<a href="maven-metadata.xml" title="maven-metadata.xml">maven-metadata.xml</a>                                2005-09-20 05:45       112      
<a href="maven-metadata.xml.md5" title="maven-metadata.xml.md5">maven-metadata.xml.md5</a>                            2005-09-20 05:45        76      
<a href="maven-metadata.xml.sha1" title="maven-metadata.xml.sha1">maven-metadata.xml.sha1</a>                           2005-09-20 05:45       131      
		</pre>
	</main>
	<hr/>
</body>

</html>
18:46:15.749 [pool-1-thread-5] TRACE f.m.indexer.core.download.Crawler - getFullUrl: http://central.maven.org/maven2/ant/ant-xalan1/1.6.3/, ../)
18:46:15.749 [pool-1-thread-5] TRACE f.m.indexer.core.download.Crawler - getFullUrl: http://central.maven.org/maven2/ant/ant-xalan1/1.6.3/, ant-xalan1-1.6.3.jar)
18:46:15.749 [pool-1-thread-5] TRACE f.m.indexer.core.download.Crawler - getFullUrl: http://central.maven.org/maven2/ant/ant-xalan1/1.6.3/, ant-xalan1-1.6.3.jar.md5)
18:46:15.749 [pool-1-thread-5] TRACE f.m.indexer.core.download.Crawler - getFullUrl: http://central.maven.org/maven2/ant/ant-xalan1/1.6.3/, ant-xalan1-1.6.3.jar.sha1)
18:46:15.749 [pool-1-thread-5] TRACE f.m.indexer.core.download.Crawler - getFullUrl: http://central.maven.org/maven2/ant/ant-xalan1/1.6.3/, ant-xalan1-1.6.3.pom)
18:46:15.749 [pool-1-thread-5] TRACE f.m.indexer.core.download.Crawler - getFullUrl: http://central.maven.org/maven2/ant/ant-xalan1/1.6.3/, ant-xalan1-1.6.3.pom.md5)
18:46:15.749 [pool-1-thread-5] TRACE f.m.indexer.core.download.Crawler - getFullUrl: http://central.maven.org/maven2/ant/ant-xalan1/1.6.3/, ant-xalan1-1.6.3.pom.sha1)
18:46:15.749 [pool-1-thread-5] TRACE f.m.indexer.core.download.Crawler - getFullUrl: http://central.maven.org/maven2/ant/ant-xalan1/1.6.3/, maven-metadata.xml)
18:46:15.749 [pool-1-thread-5] TRACE f.m.indexer.core.download.Crawler - getFullUrl: http://central.maven.org/maven2/ant/ant-xalan1/1.6.3/, maven-metadata.xml.md5)
18:46:15.749 [pool-1-thread-5] TRACE f.m.indexer.core.download.Crawler - getFullUrl: http://central.maven.org/maven2/ant/ant-xalan1/1.6.3/, maven-metadata.xml.sha1)
18:46:15.749 [pool-1-thread-5] TRACE f.m.indexer.core.download.Crawler - doNext: http://central.maven.org/maven2/ant/ant-xalan1/1.6.3/../
18:46:15.749 [pool-1-thread-5] TRACE f.m.indexer.core.download.Crawler - doNext: http://central.maven.org/maven2/ant/ant-xalan1/1.6.3/ant-xalan1-1.6.3.jar
18:46:15.749 [pool-1-thread-5] TRACE f.m.indexer.core.download.Crawler - doNext: http://central.maven.org/maven2/ant/ant-xalan1/1.6.3/ant-xalan1-1.6.3.jar.md5
18:46:15.749 [pool-1-thread-5] TRACE f.m.indexer.core.download.Crawler - doNext: http://central.maven.org/maven2/ant/ant-xalan1/1.6.3/ant-xalan1-1.6.3.jar.sha1
18:46:15.749 [pool-1-thread-5] TRACE f.m.indexer.core.download.Crawler - doNext: http://central.maven.org/maven2/ant/ant-xalan1/1.6.3/ant-xalan1-1.6.3.pom
18:46:15.749 [pool-1-thread-5] TRACE f.m.indexer.core.download.Crawler - doNext: http://central.maven.org/maven2/ant/ant-xalan1/1.6.3/ant-xalan1-1.6.3.pom.md5
18:46:15.749 [pool-1-thread-5] TRACE f.m.indexer.core.download.Crawler - doNext: http://central.maven.org/maven2/ant/ant-xalan1/1.6.3/ant-xalan1-1.6.3.pom.sha1
18:46:15.749 [pool-1-thread-5] TRACE f.m.indexer.core.download.Crawler - doNext: http://central.maven.org/maven2/ant/ant-xalan1/1.6.3/maven-metadata.xml
18:46:15.749 [pool-1-thread-5] TRACE f.m.indexer.core.download.Crawler - match: http://central.maven.org/maven2/ant/ant-xalan1/1.6.3/maven-metadata.xml
18:46:15.749 [pool-1-thread-5] TRACE f.m.indexer.core.download.Crawler - doNext: http://central.maven.org/maven2/ant/ant-xalan1/1.6.3/maven-metadata.xml.md5
18:46:15.749 [pool-1-thread-5] TRACE f.m.indexer.core.download.Crawler - doNext: http://central.maven.org/maven2/ant/ant-xalan1/1.6.3/maven-metadata.xml.sha1
18:46:15.749 [pool-1-thread-5] TRACE f.m.i.core.client.JerseyHttpClient - download: http://central.maven.org/maven2/ant/ant-trax/1.6.5/
18:46:15.753 [pool-1-thread-4] TRACE f.m.indexer.core.download.Crawler - getLinks: <!DOCTYPE html>
<html>

<head>
	<title>Central Repository: ant/ant-xalan1/1.6.2</title>
	<meta name="viewport" content="width=device-width, initial-scale=1.0">
	<style>
body {
	background: #fff;
}
	</style>
</head>

<body>
	<header>
		<h1>ant/ant-xalan1/1.6.2</h1>
	</header>
	<hr/>
	<main>
		<pre id="contents">
<a href="../">../</a>
<a href="ant-xalan1-1.6.2.jar" title="ant-xalan1-1.6.2.jar">ant-xalan1-1.6.2.jar</a>                              2005-09-20 05:45      4457      
<a href="ant-xalan1-1.6.2.jar.md5" title="ant-xalan1-1.6.2.jar.md5">ant-xalan1-1.6.2.jar.md5</a>                          2005-09-20 05:45        32      
<a href="ant-xalan1-1.6.2.jar.sha1" title="ant-xalan1-1.6.2.jar.sha1">ant-xalan1-1.6.2.jar.sha1</a>                         2005-09-20 05:45        40      
<a href="ant-xalan1-1.6.2.pom" title="ant-xalan1-1.6.2.pom">ant-xalan1-1.6.2.pom</a>                              2005-09-20 05:45       147      
<a href="ant-xalan1-1.6.2.pom.md5" title="ant-xalan1-1.6.2.pom.md5">ant-xalan1-1.6.2.pom.md5</a>                          2005-09-20 05:45        32      
<a href="ant-xalan1-1.6.2.pom.sha1" title="ant-xalan1-1.6.2.pom.sha1">ant-xalan1-1.6.2.pom.sha1</a>                         2005-09-20 05:45        40      
<a href="maven-metadata.xml" title="maven-metadata.xml">maven-metadata.xml</a>                                2005-09-20 05:45       112      
<a href="maven-metadata.xml.md5" title="maven-metadata.xml.md5">maven-metadata.xml.md5</a>                            2005-09-20 05:45        76      
<a href="maven-metadata.xml.sha1" title="maven-metadata.xml.sha1">maven-metadata.xml.sha1</a>                           2005-09-20 05:45       131      
		</pre>
	</main>
	<hr/>
</body>

</html>
18:46:15.753 [pool-1-thread-4] TRACE f.m.indexer.core.download.Crawler - getFullUrl: http://central.maven.org/maven2/ant/ant-xalan1/1.6.2/, ../)
18:46:15.753 [pool-1-thread-4] TRACE f.m.indexer.core.download.Crawler - getFullUrl: http://central.maven.org/maven2/ant/ant-xalan1/1.6.2/, ant-xalan1-1.6.2.jar)
18:46:15.753 [pool-1-thread-4] TRACE f.m.indexer.core.download.Crawler - getFullUrl: http://central.maven.org/maven2/ant/ant-xalan1/1.6.2/, ant-xalan1-1.6.2.jar.md5)
18:46:15.753 [pool-1-thread-4] TRACE f.m.indexer.core.download.Crawler - getFullUrl: http://central.maven.org/maven2/ant/ant-xalan1/1.6.2/, ant-xalan1-1.6.2.jar.sha1)
18:46:15.753 [pool-1-thread-4] TRACE f.m.indexer.core.download.Crawler - getFullUrl: http://central.maven.org/maven2/ant/ant-xalan1/1.6.2/, ant-xalan1-1.6.2.pom)
18:46:15.753 [pool-1-thread-4] TRACE f.m.indexer.core.download.Crawler - getFullUrl: http://central.maven.org/maven2/ant/ant-xalan1/1.6.2/, ant-xalan1-1.6.2.pom.md5)
18:46:15.753 [pool-1-thread-4] TRACE f.m.indexer.core.download.Crawler - getFullUrl: http://central.maven.org/maven2/ant/ant-xalan1/1.6.2/, ant-xalan1-1.6.2.pom.sha1)
18:46:15.753 [pool-1-thread-4] TRACE f.m.indexer.core.download.Crawler - getFullUrl: http://central.maven.org/maven2/ant/ant-xalan1/1.6.2/, maven-metadata.xml)
18:46:15.753 [pool-1-thread-4] TRACE f.m.indexer.core.download.Crawler - getFullUrl: http://central.maven.org/maven2/ant/ant-xalan1/1.6.2/, maven-metadata.xml.md5)
18:46:15.753 [pool-1-thread-4] TRACE f.m.indexer.core.download.Crawler - getFullUrl: http://central.maven.org/maven2/ant/ant-xalan1/1.6.2/, maven-metadata.xml.sha1)
18:46:15.753 [pool-1-thread-4] TRACE f.m.indexer.core.download.Crawler - doNext: http://central.maven.org/maven2/ant/ant-xalan1/1.6.2/../
18:46:15.753 [pool-1-thread-4] TRACE f.m.indexer.core.download.Crawler - doNext: http://central.maven.org/maven2/ant/ant-xalan1/1.6.2/ant-xalan1-1.6.2.jar
18:46:15.753 [pool-1-thread-4] TRACE f.m.indexer.core.download.Crawler - doNext: http://central.maven.org/maven2/ant/ant-xalan1/1.6.2/ant-xalan1-1.6.2.jar.md5
18:46:15.753 [pool-1-thread-4] TRACE f.m.indexer.core.download.Crawler - doNext: http://central.maven.org/maven2/ant/ant-xalan1/1.6.2/ant-xalan1-1.6.2.jar.sha1
18:46:15.753 [pool-1-thread-4] TRACE f.m.indexer.core.download.Crawler - doNext: http://central.maven.org/maven2/ant/ant-xalan1/1.6.2/ant-xalan1-1.6.2.pom
18:46:15.753 [pool-1-thread-4] TRACE f.m.indexer.core.download.Crawler - doNext: http://central.maven.org/maven2/ant/ant-xalan1/1.6.2/ant-xalan1-1.6.2.pom.md5
18:46:15.753 [pool-1-thread-4] TRACE f.m.indexer.core.download.Crawler - doNext: http://central.maven.org/maven2/ant/ant-xalan1/1.6.2/ant-xalan1-1.6.2.pom.sha1
18:46:15.753 [pool-1-thread-4] TRACE f.m.indexer.core.download.Crawler - doNext: http://central.maven.org/maven2/ant/ant-xalan1/1.6.2/maven-metadata.xml
18:46:15.753 [pool-1-thread-4] TRACE f.m.indexer.core.download.Crawler - match: http://central.maven.org/maven2/ant/ant-xalan1/1.6.2/maven-metadata.xml
18:46:15.753 [pool-1-thread-4] TRACE f.m.indexer.core.download.Crawler - doNext: http://central.maven.org/maven2/ant/ant-xalan1/1.6.2/maven-metadata.xml.md5
18:46:15.753 [pool-1-thread-4] TRACE f.m.indexer.core.download.Crawler - doNext: http://central.maven.org/maven2/ant/ant-xalan1/1.6.2/maven-metadata.xml.sha1
18:46:15.753 [pool-1-thread-4] TRACE f.m.i.core.client.JerseyHttpClient - download: http://central.maven.org/maven2/ant/ant-trax/maven-metadata.xml
18:46:15.757 [pool-1-thread-8] TRACE f.m.indexer.core.download.Crawler - getLinks: <!DOCTYPE html>
<html>

<head>
	<title>Central Repository: ant/ant-xalan1/1.6.4</title>
	<meta name="viewport" content="width=device-width, initial-scale=1.0">
	<style>
body {
	background: #fff;
}
	</style>
</head>

<body>
	<header>
		<h1>ant/ant-xalan1/1.6.4</h1>
	</header>
	<hr/>
	<main>
		<pre id="contents">
<a href="../">../</a>
<a href="ant-xalan1-1.6.4.jar" title="ant-xalan1-1.6.4.jar">ant-xalan1-1.6.4.jar</a>                              2005-09-20 05:45      4465      
<a href="ant-xalan1-1.6.4.jar.md5" title="ant-xalan1-1.6.4.jar.md5">ant-xalan1-1.6.4.jar.md5</a>                          2005-09-20 05:45        32      
<a href="ant-xalan1-1.6.4.jar.sha1" title="ant-xalan1-1.6.4.jar.sha1">ant-xalan1-1.6.4.jar.sha1</a>                         2005-09-20 05:45        40      
<a href="ant-xalan1-1.6.4.pom" title="ant-xalan1-1.6.4.pom">ant-xalan1-1.6.4.pom</a>                              2005-09-20 05:45       147      
<a href="ant-xalan1-1.6.4.pom.md5" title="ant-xalan1-1.6.4.pom.md5">ant-xalan1-1.6.4.pom.md5</a>                          2005-09-20 05:45        32      
<a href="ant-xalan1-1.6.4.pom.sha1" title="ant-xalan1-1.6.4.pom.sha1">ant-xalan1-1.6.4.pom.sha1</a>                         2005-09-20 05:45        40      
<a href="maven-metadata.xml" title="maven-metadata.xml">maven-metadata.xml</a>                                2005-09-20 05:45       112      
<a href="maven-metadata.xml.md5" title="maven-metadata.xml.md5">maven-metadata.xml.md5</a>                            2005-09-20 05:45        76      
<a href="maven-metadata.xml.sha1" title="maven-metadata.xml.sha1">maven-metadata.xml.sha1</a>                           2005-09-20 05:45       131      
		</pre>
	</main>
	<hr/>
</body>

</html>
18:46:15.758 [pool-1-thread-8] TRACE f.m.indexer.core.download.Crawler - getFullUrl: http://central.maven.org/maven2/ant/ant-xalan1/1.6.4/, ../)
18:46:15.758 [pool-1-thread-8] TRACE f.m.indexer.core.download.Crawler - getFullUrl: http://central.maven.org/maven2/ant/ant-xalan1/1.6.4/, ant-xalan1-1.6.4.jar)
18:46:15.758 [pool-1-thread-8] TRACE f.m.indexer.core.download.Crawler - getFullUrl: http://central.maven.org/maven2/ant/ant-xalan1/1.6.4/, ant-xalan1-1.6.4.jar.md5)
18:46:15.758 [pool-1-thread-8] TRACE f.m.indexer.core.download.Crawler - getFullUrl: http://central.maven.org/maven2/ant/ant-xalan1/1.6.4/, ant-xalan1-1.6.4.jar.sha1)
18:46:15.758 [pool-1-thread-8] TRACE f.m.indexer.core.download.Crawler - getFullUrl: http://central.maven.org/maven2/ant/ant-xalan1/1.6.4/, ant-xalan1-1.6.4.pom)
18:46:15.758 [pool-1-thread-8] TRACE f.m.indexer.core.download.Crawler - getFullUrl: http://central.maven.org/maven2/ant/ant-xalan1/1.6.4/, ant-xalan1-1.6.4.pom.md5)
18:46:15.758 [pool-1-thread-8] TRACE f.m.indexer.core.download.Crawler - getFullUrl: http://central.maven.org/maven2/ant/ant-xalan1/1.6.4/, ant-xalan1-1.6.4.pom.sha1)
18:46:15.758 [pool-1-thread-8] TRACE f.m.indexer.core.download.Crawler - getFullUrl: http://central.maven.org/maven2/ant/ant-xalan1/1.6.4/, maven-metadata.xml)
18:46:15.758 [pool-1-thread-8] TRACE f.m.indexer.core.download.Crawler - getFullUrl: http://central.maven.org/maven2/ant/ant-xalan1/1.6.4/, maven-metadata.xml.md5)
18:46:15.758 [pool-1-thread-8] TRACE f.m.indexer.core.download.Crawler - getFullUrl: http://central.maven.org/maven2/ant/ant-xalan1/1.6.4/, maven-metadata.xml.sha1)
18:46:15.758 [pool-1-thread-8] TRACE f.m.indexer.core.download.Crawler - doNext: http://central.maven.org/maven2/ant/ant-xalan1/1.6.4/../
18:46:15.758 [pool-1-thread-8] TRACE f.m.indexer.core.download.Crawler - doNext: http://central.maven.org/maven2/ant/ant-xalan1/1.6.4/ant-xalan1-1.6.4.jar
18:46:15.758 [pool-1-thread-8] TRACE f.m.indexer.core.download.Crawler - doNext: http://central.maven.org/maven2/ant/ant-xalan1/1.6.4/ant-xalan1-1.6.4.jar.md5
18:46:15.758 [pool-1-thread-8] TRACE f.m.indexer.core.download.Crawler - doNext: http://central.maven.org/maven2/ant/ant-xalan1/1.6.4/ant-xalan1-1.6.4.jar.sha1
18:46:15.758 [pool-1-thread-8] TRACE f.m.indexer.core.download.Crawler - doNext: http://central.maven.org/maven2/ant/ant-xalan1/1.6.4/ant-xalan1-1.6.4.pom
18:46:15.758 [pool-1-thread-8] TRACE f.m.indexer.core.download.Crawler - doNext: http://central.maven.org/maven2/ant/ant-xalan1/1.6.4/ant-xalan1-1.6.4.pom.md5
18:46:15.758 [pool-1-thread-8] TRACE f.m.indexer.core.download.Crawler - doNext: http://central.maven.org/maven2/ant/ant-xalan1/1.6.4/ant-xalan1-1.6.4.pom.sha1
18:46:15.758 [pool-1-thread-8] TRACE f.m.indexer.core.download.Crawler - doNext: http://central.maven.org/maven2/ant/ant-xalan1/1.6.4/maven-metadata.xml
18:46:15.758 [pool-1-thread-8] TRACE f.m.indexer.core.download.Crawler - match: http://central.maven.org/maven2/ant/ant-xalan1/1.6.4/maven-metadata.xml
18:46:15.758 [pool-1-thread-8] TRACE f.m.indexer.core.download.Crawler - doNext: http://central.maven.org/maven2/ant/ant-xalan1/1.6.4/maven-metadata.xml.md5
18:46:15.758 [pool-1-thread-8] TRACE f.m.indexer.core.download.Crawler - doNext: http://central.maven.org/maven2/ant/ant-xalan1/1.6.4/maven-metadata.xml.sha1
18:46:15.758 [pool-1-thread-8] TRACE f.m.i.core.client.JerseyHttpClient - download: http://central.maven.org/maven2/ant/ant-swing/1.6/
18:46:15.762 [pool-1-thread-7] TRACE f.m.indexer.core.download.Crawler - getLinks: <!DOCTYPE html>
<html>

<head>
	<title>Central Repository: ant/ant-xalan1/1.6.5</title>
	<meta name="viewport" content="width=device-width, initial-scale=1.0">
	<style>
body {
	background: #fff;
}
	</style>
</head>

<body>
	<header>
		<h1>ant/ant-xalan1/1.6.5</h1>
	</header>
	<hr/>
	<main>
		<pre id="contents">
<a href="../">../</a>
<a href="ant-xalan1-1.6.5.jar" title="ant-xalan1-1.6.5.jar">ant-xalan1-1.6.5.jar</a>                              2005-09-20 05:45      4465      
<a href="ant-xalan1-1.6.5.jar.md5" title="ant-xalan1-1.6.5.jar.md5">ant-xalan1-1.6.5.jar.md5</a>                          2005-09-20 05:45        32      
<a href="ant-xalan1-1.6.5.jar.sha1" title="ant-xalan1-1.6.5.jar.sha1">ant-xalan1-1.6.5.jar.sha1</a>                         2005-09-20 05:45        40      
<a href="ant-xalan1-1.6.5.pom" title="ant-xalan1-1.6.5.pom">ant-xalan1-1.6.5.pom</a>                              2005-09-20 05:45       147      
<a href="ant-xalan1-1.6.5.pom.md5" title="ant-xalan1-1.6.5.pom.md5">ant-xalan1-1.6.5.pom.md5</a>                          2005-09-20 05:45        32      
<a href="ant-xalan1-1.6.5.pom.sha1" title="ant-xalan1-1.6.5.pom.sha1">ant-xalan1-1.6.5.pom.sha1</a>                         2005-09-20 05:45        40      
<a href="maven-metadata.xml" title="maven-metadata.xml">maven-metadata.xml</a>                                2005-09-20 05:45       112      
<a href="maven-metadata.xml.md5" title="maven-metadata.xml.md5">maven-metadata.xml.md5</a>                            2005-09-20 05:45        76      
<a href="maven-metadata.xml.sha1" title="maven-metadata.xml.sha1">maven-metadata.xml.sha1</a>                           2005-09-20 05:45       131      
		</pre>
	</main>
	<hr/>
</body>

</html>
18:46:15.763 [pool-1-thread-7] TRACE f.m.indexer.core.download.Crawler - getFullUrl: http://central.maven.org/maven2/ant/ant-xalan1/1.6.5/, ../)
18:46:15.763 [pool-1-thread-7] TRACE f.m.indexer.core.download.Crawler - getFullUrl: http://central.maven.org/maven2/ant/ant-xalan1/1.6.5/, ant-xalan1-1.6.5.jar)
18:46:15.763 [pool-1-thread-7] TRACE f.m.indexer.core.download.Crawler - getFullUrl: http://central.maven.org/maven2/ant/ant-xalan1/1.6.5/, ant-xalan1-1.6.5.jar.md5)
18:46:15.763 [pool-1-thread-7] TRACE f.m.indexer.core.download.Crawler - getFullUrl: http://central.maven.org/maven2/ant/ant-xalan1/1.6.5/, ant-xalan1-1.6.5.jar.sha1)
18:46:15.763 [pool-1-thread-7] TRACE f.m.indexer.core.download.Crawler - getFullUrl: http://central.maven.org/maven2/ant/ant-xalan1/1.6.5/, ant-xalan1-1.6.5.pom)
18:46:15.763 [pool-1-thread-7] TRACE f.m.indexer.core.download.Crawler - getFullUrl: http://central.maven.org/maven2/ant/ant-xalan1/1.6.5/, ant-xalan1-1.6.5.pom.md5)
18:46:15.763 [pool-1-thread-7] TRACE f.m.indexer.core.download.Crawler - getFullUrl: http://central.maven.org/maven2/ant/ant-xalan1/1.6.5/, ant-xalan1-1.6.5.pom.sha1)
18:46:15.763 [pool-1-thread-7] TRACE f.m.indexer.core.download.Crawler - getFullUrl: http://central.maven.org/maven2/ant/ant-xalan1/1.6.5/, maven-metadata.xml)
18:46:15.763 [pool-1-thread-7] TRACE f.m.indexer.core.download.Crawler - getFullUrl: http://central.maven.org/maven2/ant/ant-xalan1/1.6.5/, maven-metadata.xml.md5)
18:46:15.763 [pool-1-thread-7] TRACE f.m.indexer.core.download.Crawler - getFullUrl: http://central.maven.org/maven2/ant/ant-xalan1/1.6.5/, maven-metadata.xml.sha1)
18:46:15.763 [pool-1-thread-7] TRACE f.m.indexer.core.download.Crawler - doNext: http://central.maven.org/maven2/ant/ant-xalan1/1.6.5/../
18:46:15.763 [pool-1-thread-7] TRACE f.m.indexer.core.download.Crawler - doNext: http://central.maven.org/maven2/ant/ant-xalan1/1.6.5/ant-xalan1-1.6.5.jar
18:46:15.763 [pool-1-thread-7] TRACE f.m.indexer.core.download.Crawler - doNext: http://central.maven.org/maven2/ant/ant-xalan1/1.6.5/ant-xalan1-1.6.5.jar.md5
18:46:15.763 [pool-1-thread-7] TRACE f.m.indexer.core.download.Crawler - doNext: http://central.maven.org/maven2/ant/ant-xalan1/1.6.5/ant-xalan1-1.6.5.jar.sha1
18:46:15.763 [pool-1-thread-7] TRACE f.m.indexer.core.download.Crawler - doNext: http://central.maven.org/maven2/ant/ant-xalan1/1.6.5/ant-xalan1-1.6.5.pom
18:46:15.763 [pool-1-thread-7] TRACE f.m.indexer.core.download.Crawler - doNext: http://central.maven.org/maven2/ant/ant-xalan1/1.6.5/ant-xalan1-1.6.5.pom.md5
18:46:15.763 [pool-1-thread-7] TRACE f.m.indexer.core.download.Crawler - doNext: http://central.maven.org/maven2/ant/ant-xalan1/1.6.5/ant-xalan1-1.6.5.pom.sha1
18:46:15.763 [pool-1-thread-7] TRACE f.m.indexer.core.download.Crawler - doNext: http://central.maven.org/maven2/ant/ant-xalan1/1.6.5/maven-metadata.xml
18:46:15.763 [pool-1-thread-7] TRACE f.m.indexer.core.download.Crawler - match: http://central.maven.org/maven2/ant/ant-xalan1/1.6.5/maven-metadata.xml
18:46:15.763 [pool-1-thread-7] TRACE f.m.indexer.core.download.Crawler - doNext: http://central.maven.org/maven2/ant/ant-xalan1/1.6.5/maven-metadata.xml.md5
18:46:15.763 [pool-1-thread-7] TRACE f.m.indexer.core.download.Crawler - doNext: http://central.maven.org/maven2/ant/ant-xalan1/1.6.5/maven-metadata.xml.sha1
18:46:15.763 [pool-1-thread-7] TRACE f.m.i.core.client.JerseyHttpClient - download: http://central.maven.org/maven2/ant/ant-swing/1.6.1/
18:46:15.766 [pool-1-thread-10] TRACE f.m.indexer.artifact.MetadataHandler - match: http://central.maven.org/maven2/ant/ant-xalan1/maven-metadata.xml
18:46:15.769 [pool-1-thread-10] TRACE f.m.i.core.client.JerseyHttpClient - download: http://central.maven.org/maven2/ant/ant-swing/1.6.2/
18:46:15.798 [pool-1-thread-9] TRACE f.m.indexer.core.download.Crawler - getLinks: <!DOCTYPE html>
<html>

<head>
	<title>Central Repository: ant/ant-trax/1.6</title>
	<meta name="viewport" content="width=device-width, initial-scale=1.0">
	<style>
body {
	background: #fff;
}
	</style>
</head>

<body>
	<header>
		<h1>ant/ant-trax/1.6</h1>
	</header>
	<hr/>
	<main>
		<pre id="contents">
<a href="../">../</a>
<a href="ant-trax-1.6.jar" title="ant-trax-1.6.jar">ant-trax-1.6.jar</a>                                  2005-09-20 05:44     67074      
<a href="ant-trax-1.6.jar.md5" title="ant-trax-1.6.jar.md5">ant-trax-1.6.jar.md5</a>                              2005-09-20 05:44        32      
<a href="ant-trax-1.6.jar.sha1" title="ant-trax-1.6.jar.sha1">ant-trax-1.6.jar.sha1</a>                             2005-09-20 05:44        40      
<a href="ant-trax-1.6.pom" title="ant-trax-1.6.pom">ant-trax-1.6.pom</a>                                  2005-09-20 05:44       143      
<a href="ant-trax-1.6.pom.md5" title="ant-trax-1.6.pom.md5">ant-trax-1.6.pom.md5</a>                              2005-09-20 05:44        32      
<a href="ant-trax-1.6.pom.sha1" title="ant-trax-1.6.pom.sha1">ant-trax-1.6.pom.sha1</a>                             2005-09-20 05:44        40      
<a href="maven-metadata.xml" title="maven-metadata.xml">maven-metadata.xml</a>                                2005-09-20 05:44       108      
<a href="maven-metadata.xml.md5" title="maven-metadata.xml.md5">maven-metadata.xml.md5</a>                            2005-09-20 05:44        72      
<a href="maven-metadata.xml.sha1" title="maven-metadata.xml.sha1">maven-metadata.xml.sha1</a>                           2005-09-20 05:44       127      
		</pre>
	</main>
	<hr/>
</body>

</html>
18:46:15.798 [pool-1-thread-9] TRACE f.m.indexer.core.download.Crawler - getFullUrl: http://central.maven.org/maven2/ant/ant-trax/1.6/, ../)
18:46:15.798 [pool-1-thread-9] TRACE f.m.indexer.core.download.Crawler - getFullUrl: http://central.maven.org/maven2/ant/ant-trax/1.6/, ant-trax-1.6.jar)
18:46:15.798 [pool-1-thread-9] TRACE f.m.indexer.core.download.Crawler - getFullUrl: http://central.maven.org/maven2/ant/ant-trax/1.6/, ant-trax-1.6.jar.md5)
18:46:15.798 [pool-1-thread-9] TRACE f.m.indexer.core.download.Crawler - getFullUrl: http://central.maven.org/maven2/ant/ant-trax/1.6/, ant-trax-1.6.jar.sha1)
18:46:15.798 [pool-1-thread-9] TRACE f.m.indexer.core.download.Crawler - getFullUrl: http://central.maven.org/maven2/ant/ant-trax/1.6/, ant-trax-1.6.pom)
18:46:15.798 [pool-1-thread-9] TRACE f.m.indexer.core.download.Crawler - getFullUrl: http://central.maven.org/maven2/ant/ant-trax/1.6/, ant-trax-1.6.pom.md5)
18:46:15.798 [pool-1-thread-9] TRACE f.m.indexer.core.download.Crawler - getFullUrl: http://central.maven.org/maven2/ant/ant-trax/1.6/, ant-trax-1.6.pom.sha1)
18:46:15.798 [pool-1-thread-9] TRACE f.m.indexer.core.download.Crawler - getFullUrl: http://central.maven.org/maven2/ant/ant-trax/1.6/, maven-metadata.xml)
18:46:15.798 [pool-1-thread-9] TRACE f.m.indexer.core.download.Crawler - getFullUrl: http://central.maven.org/maven2/ant/ant-trax/1.6/, maven-metadata.xml.md5)
18:46:15.798 [pool-1-thread-9] TRACE f.m.indexer.core.download.Crawler - getFullUrl: http://central.maven.org/maven2/ant/ant-trax/1.6/, maven-metadata.xml.sha1)
18:46:15.798 [pool-1-thread-9] TRACE f.m.indexer.core.download.Crawler - doNext: http://central.maven.org/maven2/ant/ant-trax/1.6/../
18:46:15.798 [pool-1-thread-9] TRACE f.m.indexer.core.download.Crawler - doNext: http://central.maven.org/maven2/ant/ant-trax/1.6/ant-trax-1.6.jar
18:46:15.798 [pool-1-thread-9] TRACE f.m.indexer.core.download.Crawler - doNext: http://central.maven.org/maven2/ant/ant-trax/1.6/ant-trax-1.6.jar.md5
18:46:15.798 [pool-1-thread-9] TRACE f.m.indexer.core.download.Crawler - doNext: http://central.maven.org/maven2/ant/ant-trax/1.6/ant-trax-1.6.jar.sha1
18:46:15.798 [pool-1-thread-9] TRACE f.m.indexer.core.download.Crawler - doNext: http://central.maven.org/maven2/ant/ant-trax/1.6/ant-trax-1.6.pom
18:46:15.798 [pool-1-thread-9] TRACE f.m.indexer.core.download.Crawler - doNext: http://central.maven.org/maven2/ant/ant-trax/1.6/ant-trax-1.6.pom.md5
18:46:15.798 [pool-1-thread-9] TRACE f.m.indexer.core.download.Crawler - doNext: http://central.maven.org/maven2/ant/ant-trax/1.6/ant-trax-1.6.pom.sha1
18:46:15.798 [pool-1-thread-9] TRACE f.m.indexer.core.download.Crawler - doNext: http://central.maven.org/maven2/ant/ant-trax/1.6/maven-metadata.xml
18:46:15.798 [pool-1-thread-9] TRACE f.m.indexer.core.download.Crawler - match: http://central.maven.org/maven2/ant/ant-trax/1.6/maven-metadata.xml
18:46:15.798 [pool-1-thread-9] TRACE f.m.indexer.core.download.Crawler - doNext: http://central.maven.org/maven2/ant/ant-trax/1.6/maven-metadata.xml.md5
18:46:15.798 [pool-1-thread-9] TRACE f.m.indexer.core.download.Crawler - doNext: http://central.maven.org/maven2/ant/ant-trax/1.6/maven-metadata.xml.sha1
18:46:15.798 [pool-1-thread-9] TRACE f.m.i.core.client.JerseyHttpClient - download: http://central.maven.org/maven2/ant/ant-swing/1.6.3/
18:46:15.813 [pool-1-thread-3] TRACE f.m.indexer.core.download.Crawler - getLinks: <!DOCTYPE html>
<html>

<head>
	<title>Central Repository: ant/ant-trax/1.6.1</title>
	<meta name="viewport" content="width=device-width, initial-scale=1.0">
	<style>
body {
	background: #fff;
}
	</style>
</head>

<body>
	<header>
		<h1>ant/ant-trax/1.6.1</h1>
	</header>
	<hr/>
	<main>
		<pre id="contents">
<a href="../">../</a>
<a href="ant-trax-1.6.1.jar" title="ant-trax-1.6.1.jar">ant-trax-1.6.1.jar</a>                                2005-09-20 05:45     66977      
<a href="ant-trax-1.6.1.jar.md5" title="ant-trax-1.6.1.jar.md5">ant-trax-1.6.1.jar.md5</a>                            2005-09-20 05:45        32      
<a href="ant-trax-1.6.1.jar.sha1" title="ant-trax-1.6.1.jar.sha1">ant-trax-1.6.1.jar.sha1</a>                           2005-09-20 05:45        40      
<a href="ant-trax-1.6.1.pom" title="ant-trax-1.6.1.pom">ant-trax-1.6.1.pom</a>                                2005-09-20 05:45       145      
<a href="ant-trax-1.6.1.pom.md5" title="ant-trax-1.6.1.pom.md5">ant-trax-1.6.1.pom.md5</a>                            2005-09-20 05:45        32      
<a href="ant-trax-1.6.1.pom.sha1" title="ant-trax-1.6.1.pom.sha1">ant-trax-1.6.1.pom.sha1</a>                           2005-09-20 05:45        40      
<a href="maven-metadata.xml" title="maven-metadata.xml">maven-metadata.xml</a>                                2005-09-20 05:45       110      
<a href="maven-metadata.xml.md5" title="maven-metadata.xml.md5">maven-metadata.xml.md5</a>                            2005-09-20 05:45        74      
<a href="maven-metadata.xml.sha1" title="maven-metadata.xml.sha1">maven-metadata.xml.sha1</a>                           2005-09-20 05:45       129      
		</pre>
	</main>
	<hr/>
</body>

</html>
18:46:15.813 [pool-1-thread-3] TRACE f.m.indexer.core.download.Crawler - getFullUrl: http://central.maven.org/maven2/ant/ant-trax/1.6.1/, ../)
18:46:15.813 [pool-1-thread-3] TRACE f.m.indexer.core.download.Crawler - getFullUrl: http://central.maven.org/maven2/ant/ant-trax/1.6.1/, ant-trax-1.6.1.jar)
18:46:15.813 [pool-1-thread-3] TRACE f.m.indexer.core.download.Crawler - getFullUrl: http://central.maven.org/maven2/ant/ant-trax/1.6.1/, ant-trax-1.6.1.jar.md5)
18:46:15.813 [pool-1-thread-3] TRACE f.m.indexer.core.download.Crawler - getFullUrl: http://central.maven.org/maven2/ant/ant-trax/1.6.1/, ant-trax-1.6.1.jar.sha1)
18:46:15.813 [pool-1-thread-3] TRACE f.m.indexer.core.download.Crawler - getFullUrl: http://central.maven.org/maven2/ant/ant-trax/1.6.1/, ant-trax-1.6.1.pom)
18:46:15.813 [pool-1-thread-3] TRACE f.m.indexer.core.download.Crawler - getFullUrl: http://central.maven.org/maven2/ant/ant-trax/1.6.1/, ant-trax-1.6.1.pom.md5)
18:46:15.813 [pool-1-thread-3] TRACE f.m.indexer.core.download.Crawler - getFullUrl: http://central.maven.org/maven2/ant/ant-trax/1.6.1/, ant-trax-1.6.1.pom.sha1)
18:46:15.813 [pool-1-thread-3] TRACE f.m.indexer.core.download.Crawler - getFullUrl: http://central.maven.org/maven2/ant/ant-trax/1.6.1/, maven-metadata.xml)
18:46:15.813 [pool-1-thread-3] TRACE f.m.indexer.core.download.Crawler - getFullUrl: http://central.maven.org/maven2/ant/ant-trax/1.6.1/, maven-metadata.xml.md5)
18:46:15.813 [pool-1-thread-3] TRACE f.m.indexer.core.download.Crawler - getFullUrl: http://central.maven.org/maven2/ant/ant-trax/1.6.1/, maven-metadata.xml.sha1)
18:46:15.813 [pool-1-thread-3] TRACE f.m.indexer.core.download.Crawler - doNext: http://central.maven.org/maven2/ant/ant-trax/1.6.1/../
18:46:15.813 [pool-1-thread-3] TRACE f.m.indexer.core.download.Crawler - doNext: http://central.maven.org/maven2/ant/ant-trax/1.6.1/ant-trax-1.6.1.jar
18:46:15.813 [pool-1-thread-3] TRACE f.m.indexer.core.download.Crawler - doNext: http://central.maven.org/maven2/ant/ant-trax/1.6.1/ant-trax-1.6.1.jar.md5
18:46:15.813 [pool-1-thread-3] TRACE f.m.indexer.core.download.Crawler - doNext: http://central.maven.org/maven2/ant/ant-trax/1.6.1/ant-trax-1.6.1.jar.sha1
18:46:15.813 [pool-1-thread-3] TRACE f.m.indexer.core.download.Crawler - doNext: http://central.maven.org/maven2/ant/ant-trax/1.6.1/ant-trax-1.6.1.pom
18:46:15.813 [pool-1-thread-3] TRACE f.m.indexer.core.download.Crawler - doNext: http://central.maven.org/maven2/ant/ant-trax/1.6.1/ant-trax-1.6.1.pom.md5
18:46:15.813 [pool-1-thread-3] TRACE f.m.indexer.core.download.Crawler - doNext: http://central.maven.org/maven2/ant/ant-trax/1.6.1/ant-trax-1.6.1.pom.sha1
18:46:15.813 [pool-1-thread-3] TRACE f.m.indexer.core.download.Crawler - doNext: http://central.maven.org/maven2/ant/ant-trax/1.6.1/maven-metadata.xml
18:46:15.813 [pool-1-thread-3] TRACE f.m.indexer.core.download.Crawler - match: http://central.maven.org/maven2/ant/ant-trax/1.6.1/maven-metadata.xml
18:46:15.813 [pool-1-thread-3] TRACE f.m.indexer.core.download.Crawler - doNext: http://central.maven.org/maven2/ant/ant-trax/1.6.1/maven-metadata.xml.md5
18:46:15.813 [pool-1-thread-3] TRACE f.m.indexer.core.download.Crawler - doNext: http://central.maven.org/maven2/ant/ant-trax/1.6.1/maven-metadata.xml.sha1
18:46:15.813 [pool-1-thread-3] TRACE f.m.i.core.client.JerseyHttpClient - download: http://central.maven.org/maven2/ant/ant-swing/1.6.4/
18:46:15.813 [pool-1-thread-1] TRACE f.m.indexer.core.download.Crawler - getLinks: <!DOCTYPE html>
<html>

<head>
	<title>Central Repository: ant/ant-trax/1.6.2</title>
	<meta name="viewport" content="width=device-width, initial-scale=1.0">
	<style>
body {
	background: #fff;
}
	</style>
</head>

<body>
	<header>
		<h1>ant/ant-trax/1.6.2</h1>
	</header>
	<hr/>
	<main>
		<pre id="contents">
<a href="../">../</a>
<a href="ant-trax-1.6.2.jar" title="ant-trax-1.6.2.jar">ant-trax-1.6.2.jar</a>                                2005-09-20 05:45     68833      
<a href="ant-trax-1.6.2.jar.md5" title="ant-trax-1.6.2.jar.md5">ant-trax-1.6.2.jar.md5</a>                            2005-09-20 05:45        32      
<a href="ant-trax-1.6.2.jar.sha1" title="ant-trax-1.6.2.jar.sha1">ant-trax-1.6.2.jar.sha1</a>                           2005-09-20 05:45        40      
<a href="ant-trax-1.6.2.pom" title="ant-trax-1.6.2.pom">ant-trax-1.6.2.pom</a>                                2005-09-20 05:45       145      
<a href="ant-trax-1.6.2.pom.md5" title="ant-trax-1.6.2.pom.md5">ant-trax-1.6.2.pom.md5</a>                            2005-09-20 05:45        32      
<a href="ant-trax-1.6.2.pom.sha1" title="ant-trax-1.6.2.pom.sha1">ant-trax-1.6.2.pom.sha1</a>                           2005-09-20 05:45        40      
<a href="maven-metadata.xml" title="maven-metadata.xml">maven-metadata.xml</a>                                2005-09-20 05:45       110      
<a href="maven-metadata.xml.md5" title="maven-metadata.xml.md5">maven-metadata.xml.md5</a>                            2005-09-20 05:45        74      
<a href="maven-metadata.xml.sha1" title="maven-metadata.xml.sha1">maven-metadata.xml.sha1</a>                           2005-09-20 05:45       129      
		</pre>
	</main>
	<hr/>
</body>

</html>
18:46:15.813 [pool-1-thread-1] TRACE f.m.indexer.core.download.Crawler - getFullUrl: http://central.maven.org/maven2/ant/ant-trax/1.6.2/, ../)
18:46:15.813 [pool-1-thread-1] TRACE f.m.indexer.core.download.Crawler - getFullUrl: http://central.maven.org/maven2/ant/ant-trax/1.6.2/, ant-trax-1.6.2.jar)
18:46:15.813 [pool-1-thread-1] TRACE f.m.indexer.core.download.Crawler - getFullUrl: http://central.maven.org/maven2/ant/ant-trax/1.6.2/, ant-trax-1.6.2.jar.md5)
18:46:15.813 [pool-1-thread-1] TRACE f.m.indexer.core.download.Crawler - getFullUrl: http://central.maven.org/maven2/ant/ant-trax/1.6.2/, ant-trax-1.6.2.jar.sha1)
18:46:15.813 [pool-1-thread-1] TRACE f.m.indexer.core.download.Crawler - getFullUrl: http://central.maven.org/maven2/ant/ant-trax/1.6.2/, ant-trax-1.6.2.pom)
18:46:15.813 [pool-1-thread-1] TRACE f.m.indexer.core.download.Crawler - getFullUrl: http://central.maven.org/maven2/ant/ant-trax/1.6.2/, ant-trax-1.6.2.pom.md5)
18:46:15.813 [pool-1-thread-1] TRACE f.m.indexer.core.download.Crawler - getFullUrl: http://central.maven.org/maven2/ant/ant-trax/1.6.2/, ant-trax-1.6.2.pom.sha1)
18:46:15.813 [pool-1-thread-1] TRACE f.m.indexer.core.download.Crawler - getFullUrl: http://central.maven.org/maven2/ant/ant-trax/1.6.2/, maven-metadata.xml)
18:46:15.813 [pool-1-thread-1] TRACE f.m.indexer.core.download.Crawler - getFullUrl: http://central.maven.org/maven2/ant/ant-trax/1.6.2/, maven-metadata.xml.md5)
18:46:15.813 [pool-1-thread-1] TRACE f.m.indexer.core.download.Crawler - getFullUrl: http://central.maven.org/maven2/ant/ant-trax/1.6.2/, maven-metadata.xml.sha1)
18:46:15.813 [pool-1-thread-1] TRACE f.m.indexer.core.download.Crawler - doNext: http://central.maven.org/maven2/ant/ant-trax/1.6.2/../
18:46:15.813 [pool-1-thread-1] TRACE f.m.indexer.core.download.Crawler - doNext: http://central.maven.org/maven2/ant/ant-trax/1.6.2/ant-trax-1.6.2.jar
18:46:15.813 [pool-1-thread-1] TRACE f.m.indexer.core.download.Crawler - doNext: http://central.maven.org/maven2/ant/ant-trax/1.6.2/ant-trax-1.6.2.jar.md5
18:46:15.813 [pool-1-thread-1] TRACE f.m.indexer.core.download.Crawler - doNext: http://central.maven.org/maven2/ant/ant-trax/1.6.2/ant-trax-1.6.2.jar.sha1
18:46:15.813 [pool-1-thread-1] TRACE f.m.indexer.core.download.Crawler - doNext: http://central.maven.org/maven2/ant/ant-trax/1.6.2/ant-trax-1.6.2.pom
18:46:15.813 [pool-1-thread-1] TRACE f.m.indexer.core.download.Crawler - doNext: http://central.maven.org/maven2/ant/ant-trax/1.6.2/ant-trax-1.6.2.pom.md5
18:46:15.813 [pool-1-thread-1] TRACE f.m.indexer.core.download.Crawler - doNext: http://central.maven.org/maven2/ant/ant-trax/1.6.2/ant-trax-1.6.2.pom.sha1
18:46:15.813 [pool-1-thread-1] TRACE f.m.indexer.core.download.Crawler - doNext: http://central.maven.org/maven2/ant/ant-trax/1.6.2/maven-metadata.xml
18:46:15.813 [pool-1-thread-1] TRACE f.m.indexer.core.download.Crawler - match: http://central.maven.org/maven2/ant/ant-trax/1.6.2/maven-metadata.xml
18:46:15.813 [pool-1-thread-1] TRACE f.m.indexer.core.download.Crawler - doNext: http://central.maven.org/maven2/ant/ant-trax/1.6.2/maven-metadata.xml.md5
18:46:15.813 [pool-1-thread-1] TRACE f.m.indexer.core.download.Crawler - doNext: http://central.maven.org/maven2/ant/ant-trax/1.6.2/maven-metadata.xml.sha1
18:46:15.813 [pool-1-thread-1] TRACE f.m.i.core.client.JerseyHttpClient - download: http://central.maven.org/maven2/ant/ant-swing/1.6.5/
18:46:15.813 [pool-1-thread-6] TRACE f.m.indexer.core.download.Crawler - getLinks: <!DOCTYPE html>
<html>

<head>
	<title>Central Repository: ant/ant-trax/1.6.4</title>
	<meta name="viewport" content="width=device-width, initial-scale=1.0">
	<style>
body {
	background: #fff;
}
	</style>
</head>

<body>
	<header>
		<h1>ant/ant-trax/1.6.4</h1>
	</header>
	<hr/>
	<main>
		<pre id="contents">
<a href="../">../</a>
<a href="ant-trax-1.6.4.jar" title="ant-trax-1.6.4.jar">ant-trax-1.6.4.jar</a>                                2005-09-20 05:45     68841      
<a href="ant-trax-1.6.4.jar.md5" title="ant-trax-1.6.4.jar.md5">ant-trax-1.6.4.jar.md5</a>                            2005-09-20 05:45        32      
<a href="ant-trax-1.6.4.jar.sha1" title="ant-trax-1.6.4.jar.sha1">ant-trax-1.6.4.jar.sha1</a>                           2005-09-20 05:45        40      
<a href="ant-trax-1.6.4.pom" title="ant-trax-1.6.4.pom">ant-trax-1.6.4.pom</a>                                2005-09-20 05:45       145      
<a href="ant-trax-1.6.4.pom.md5" title="ant-trax-1.6.4.pom.md5">ant-trax-1.6.4.pom.md5</a>                            2005-09-20 05:45        32      
<a href="ant-trax-1.6.4.pom.sha1" title="ant-trax-1.6.4.pom.sha1">ant-trax-1.6.4.pom.sha1</a>                           2005-09-20 05:45        40      
<a href="maven-metadata.xml" title="maven-metadata.xml">maven-metadata.xml</a>                                2005-09-20 05:45       110      
<a href="maven-metadata.xml.md5" title="maven-metadata.xml.md5">maven-metadata.xml.md5</a>                            2005-09-20 05:45        74      
<a href="maven-metadata.xml.sha1" title="maven-metadata.xml.sha1">maven-metadata.xml.sha1</a>                           2005-09-20 05:45       129      
		</pre>
	</main>
	<hr/>
</body>

</html>
18:46:15.813 [pool-1-thread-6] TRACE f.m.indexer.core.download.Crawler - getFullUrl: http://central.maven.org/maven2/ant/ant-trax/1.6.4/, ../)
18:46:15.813 [pool-1-thread-6] TRACE f.m.indexer.core.download.Crawler - getFullUrl: http://central.maven.org/maven2/ant/ant-trax/1.6.4/, ant-trax-1.6.4.jar)
18:46:15.813 [pool-1-thread-6] TRACE f.m.indexer.core.download.Crawler - getFullUrl: http://central.maven.org/maven2/ant/ant-trax/1.6.4/, ant-trax-1.6.4.jar.md5)
18:46:15.813 [pool-1-thread-6] TRACE f.m.indexer.core.download.Crawler - getFullUrl: http://central.maven.org/maven2/ant/ant-trax/1.6.4/, ant-trax-1.6.4.jar.sha1)
18:46:15.813 [pool-1-thread-6] TRACE f.m.indexer.core.download.Crawler - getFullUrl: http://central.maven.org/maven2/ant/ant-trax/1.6.4/, ant-trax-1.6.4.pom)
18:46:15.813 [pool-1-thread-6] TRACE f.m.indexer.core.download.Crawler - getFullUrl: http://central.maven.org/maven2/ant/ant-trax/1.6.4/, ant-trax-1.6.4.pom.md5)
18:46:15.813 [pool-1-thread-6] TRACE f.m.indexer.core.download.Crawler - getFullUrl: http://central.maven.org/maven2/ant/ant-trax/1.6.4/, ant-trax-1.6.4.pom.sha1)
18:46:15.813 [pool-1-thread-6] TRACE f.m.indexer.core.download.Crawler - getFullUrl: http://central.maven.org/maven2/ant/ant-trax/1.6.4/, maven-metadata.xml)
18:46:15.813 [pool-1-thread-6] TRACE f.m.indexer.core.download.Crawler - getFullUrl: http://central.maven.org/maven2/ant/ant-trax/1.6.4/, maven-metadata.xml.md5)
18:46:15.813 [pool-1-thread-6] TRACE f.m.indexer.core.download.Crawler - getFullUrl: http://central.maven.org/maven2/ant/ant-trax/1.6.4/, maven-metadata.xml.sha1)
18:46:15.813 [pool-1-thread-6] TRACE f.m.indexer.core.download.Crawler - doNext: http://central.maven.org/maven2/ant/ant-trax/1.6.4/../
18:46:15.813 [pool-1-thread-6] TRACE f.m.indexer.core.download.Crawler - doNext: http://central.maven.org/maven2/ant/ant-trax/1.6.4/ant-trax-1.6.4.jar
18:46:15.813 [pool-1-thread-6] TRACE f.m.indexer.core.download.Crawler - doNext: http://central.maven.org/maven2/ant/ant-trax/1.6.4/ant-trax-1.6.4.jar.md5
18:46:15.813 [pool-1-thread-6] TRACE f.m.indexer.core.download.Crawler - doNext: http://central.maven.org/maven2/ant/ant-trax/1.6.4/ant-trax-1.6.4.jar.sha1
18:46:15.813 [pool-1-thread-6] TRACE f.m.indexer.core.download.Crawler - doNext: http://central.maven.org/maven2/ant/ant-trax/1.6.4/ant-trax-1.6.4.pom
18:46:15.813 [pool-1-thread-6] TRACE f.m.indexer.core.download.Crawler - doNext: http://central.maven.org/maven2/ant/ant-trax/1.6.4/ant-trax-1.6.4.pom.md5
18:46:15.813 [pool-1-thread-6] TRACE f.m.indexer.core.download.Crawler - doNext: http://central.maven.org/maven2/ant/ant-trax/1.6.4/ant-trax-1.6.4.pom.sha1
18:46:15.813 [pool-1-thread-6] TRACE f.m.indexer.core.download.Crawler - doNext: http://central.maven.org/maven2/ant/ant-trax/1.6.4/maven-metadata.xml
18:46:15.813 [pool-1-thread-6] TRACE f.m.indexer.core.download.Crawler - match: http://central.maven.org/maven2/ant/ant-trax/1.6.4/maven-metadata.xml
18:46:15.813 [pool-1-thread-6] TRACE f.m.indexer.core.download.Crawler - doNext: http://central.maven.org/maven2/ant/ant-trax/1.6.4/maven-metadata.xml.md5
18:46:15.813 [pool-1-thread-6] TRACE f.m.indexer.core.download.Crawler - doNext: http://central.maven.org/maven2/ant/ant-trax/1.6.4/maven-metadata.xml.sha1
18:46:15.813 [pool-1-thread-6] TRACE f.m.i.core.client.JerseyHttpClient - download: http://central.maven.org/maven2/ant/ant-swing/maven-metadata.xml
18:46:15.829 [pool-1-thread-2] TRACE f.m.indexer.core.download.Crawler - getLinks: <!DOCTYPE html>
<html>

<head>
	<title>Central Repository: ant/ant-trax/1.6.3</title>
	<meta name="viewport" content="width=device-width, initial-scale=1.0">
	<style>
body {
	background: #fff;
}
	</style>
</head>

<body>
	<header>
		<h1>ant/ant-trax/1.6.3</h1>
	</header>
	<hr/>
	<main>
		<pre id="contents">
<a href="../">../</a>
<a href="ant-trax-1.6.3.jar" title="ant-trax-1.6.3.jar">ant-trax-1.6.3.jar</a>                                2005-09-20 05:45     68841      
<a href="ant-trax-1.6.3.jar.md5" title="ant-trax-1.6.3.jar.md5">ant-trax-1.6.3.jar.md5</a>                            2005-09-20 05:45        32      
<a href="ant-trax-1.6.3.jar.sha1" title="ant-trax-1.6.3.jar.sha1">ant-trax-1.6.3.jar.sha1</a>                           2005-09-20 05:45        40      
<a href="ant-trax-1.6.3.pom" title="ant-trax-1.6.3.pom">ant-trax-1.6.3.pom</a>                                2005-09-20 05:45       145      
<a href="ant-trax-1.6.3.pom.md5" title="ant-trax-1.6.3.pom.md5">ant-trax-1.6.3.pom.md5</a>                            2005-09-20 05:45        32      
<a href="ant-trax-1.6.3.pom.sha1" title="ant-trax-1.6.3.pom.sha1">ant-trax-1.6.3.pom.sha1</a>                           2005-09-20 05:45        40      
<a href="maven-metadata.xml" title="maven-metadata.xml">maven-metadata.xml</a>                                2005-09-20 05:45       110      
<a href="maven-metadata.xml.md5" title="maven-metadata.xml.md5">maven-metadata.xml.md5</a>                            2005-09-20 05:45        74      
<a href="maven-metadata.xml.sha1" title="maven-metadata.xml.sha1">maven-metadata.xml.sha1</a>                           2005-09-20 05:45       129      
		</pre>
	</main>
	<hr/>
</body>

</html>
18:46:15.829 [pool-1-thread-2] TRACE f.m.indexer.core.download.Crawler - getFullUrl: http://central.maven.org/maven2/ant/ant-trax/1.6.3/, ../)
18:46:15.829 [pool-1-thread-2] TRACE f.m.indexer.core.download.Crawler - getFullUrl: http://central.maven.org/maven2/ant/ant-trax/1.6.3/, ant-trax-1.6.3.jar)
18:46:15.829 [pool-1-thread-2] TRACE f.m.indexer.core.download.Crawler - getFullUrl: http://central.maven.org/maven2/ant/ant-trax/1.6.3/, ant-trax-1.6.3.jar.md5)
18:46:15.829 [pool-1-thread-2] TRACE f.m.indexer.core.download.Crawler - getFullUrl: http://central.maven.org/maven2/ant/ant-trax/1.6.3/, ant-trax-1.6.3.jar.sha1)
18:46:15.829 [pool-1-thread-2] TRACE f.m.indexer.core.download.Crawler - getFullUrl: http://central.maven.org/maven2/ant/ant-trax/1.6.3/, ant-trax-1.6.3.pom)
18:46:15.829 [pool-1-thread-2] TRACE f.m.indexer.core.download.Crawler - getFullUrl: http://central.maven.org/maven2/ant/ant-trax/1.6.3/, ant-trax-1.6.3.pom.md5)
18:46:15.829 [pool-1-thread-2] TRACE f.m.indexer.core.download.Crawler - getFullUrl: http://central.maven.org/maven2/ant/ant-trax/1.6.3/, ant-trax-1.6.3.pom.sha1)
18:46:15.829 [pool-1-thread-2] TRACE f.m.indexer.core.download.Crawler - getFullUrl: http://central.maven.org/maven2/ant/ant-trax/1.6.3/, maven-metadata.xml)
18:46:15.829 [pool-1-thread-2] TRACE f.m.indexer.core.download.Crawler - getFullUrl: http://central.maven.org/maven2/ant/ant-trax/1.6.3/, maven-metadata.xml.md5)
18:46:15.829 [pool-1-thread-2] TRACE f.m.indexer.core.download.Crawler - getFullUrl: http://central.maven.org/maven2/ant/ant-trax/1.6.3/, maven-metadata.xml.sha1)
18:46:15.829 [pool-1-thread-2] TRACE f.m.indexer.core.download.Crawler - doNext: http://central.maven.org/maven2/ant/ant-trax/1.6.3/../
18:46:15.829 [pool-1-thread-2] TRACE f.m.indexer.core.download.Crawler - doNext: http://central.maven.org/maven2/ant/ant-trax/1.6.3/ant-trax-1.6.3.jar
18:46:15.829 [pool-1-thread-2] TRACE f.m.indexer.core.download.Crawler - doNext: http://central.maven.org/maven2/ant/ant-trax/1.6.3/ant-trax-1.6.3.jar.md5
18:46:15.829 [pool-1-thread-2] TRACE f.m.indexer.core.download.Crawler - doNext: http://central.maven.org/maven2/ant/ant-trax/1.6.3/ant-trax-1.6.3.jar.sha1
18:46:15.829 [pool-1-thread-2] TRACE f.m.indexer.core.download.Crawler - doNext: http://central.maven.org/maven2/ant/ant-trax/1.6.3/ant-trax-1.6.3.pom
18:46:15.829 [pool-1-thread-2] TRACE f.m.indexer.core.download.Crawler - doNext: http://central.maven.org/maven2/ant/ant-trax/1.6.3/ant-trax-1.6.3.pom.md5
18:46:15.829 [pool-1-thread-2] TRACE f.m.indexer.core.download.Crawler - doNext: http://central.maven.org/maven2/ant/ant-trax/1.6.3/ant-trax-1.6.3.pom.sha1
18:46:15.829 [pool-1-thread-2] TRACE f.m.indexer.core.download.Crawler - doNext: http://central.maven.org/maven2/ant/ant-trax/1.6.3/maven-metadata.xml
18:46:15.829 [pool-1-thread-2] TRACE f.m.indexer.core.download.Crawler - match: http://central.maven.org/maven2/ant/ant-trax/1.6.3/maven-metadata.xml
18:46:15.829 [pool-1-thread-2] TRACE f.m.indexer.core.download.Crawler - doNext: http://central.maven.org/maven2/ant/ant-trax/1.6.3/maven-metadata.xml.md5
18:46:15.829 [pool-1-thread-2] TRACE f.m.indexer.core.download.Crawler - doNext: http://central.maven.org/maven2/ant/ant-trax/1.6.3/maven-metadata.xml.sha1
18:46:15.829 [pool-1-thread-2] TRACE f.m.i.core.client.JerseyHttpClient - download: http://central.maven.org/maven2/ant/ant-commons-net/1.6.1/maven-metadata.xml
18:46:15.829 [pool-1-thread-8] TRACE f.m.indexer.core.download.Crawler - getLinks: <!DOCTYPE html>
<html>

<head>
	<title>Central Repository: ant/ant-swing/1.6</title>
	<meta name="viewport" content="width=device-width, initial-scale=1.0">
	<style>
body {
	background: #fff;
}
	</style>
</head>

<body>
	<header>
		<h1>ant/ant-swing/1.6</h1>
	</header>
	<hr/>
	<main>
		<pre id="contents">
<a href="../">../</a>
<a href="ant-swing-1.6.jar" title="ant-swing-1.6.jar">ant-swing-1.6.jar</a>                                 2005-09-20 05:44      6627      
<a href="ant-swing-1.6.jar.md5" title="ant-swing-1.6.jar.md5">ant-swing-1.6.jar.md5</a>                             2005-09-20 05:44        32      
<a href="ant-swing-1.6.jar.sha1" title="ant-swing-1.6.jar.sha1">ant-swing-1.6.jar.sha1</a>                            2005-09-20 05:44        40      
<a href="ant-swing-1.6.pom" title="ant-swing-1.6.pom">ant-swing-1.6.pom</a>                                 2005-09-20 05:44       144      
<a href="ant-swing-1.6.pom.md5" title="ant-swing-1.6.pom.md5">ant-swing-1.6.pom.md5</a>                             2005-09-20 05:44        32      
<a href="ant-swing-1.6.pom.sha1" title="ant-swing-1.6.pom.sha1">ant-swing-1.6.pom.sha1</a>                            2005-09-20 05:44        40      
<a href="maven-metadata.xml" title="maven-metadata.xml">maven-metadata.xml</a>                                2005-09-20 05:44       109      
<a href="maven-metadata.xml.md5" title="maven-metadata.xml.md5">maven-metadata.xml.md5</a>                            2005-09-20 05:44        73      
<a href="maven-metadata.xml.sha1" title="maven-metadata.xml.sha1">maven-metadata.xml.sha1</a>                           2005-09-20 05:44       128      
		</pre>
	</main>
	<hr/>
</body>

</html>
18:46:15.829 [pool-1-thread-8] TRACE f.m.indexer.core.download.Crawler - getFullUrl: http://central.maven.org/maven2/ant/ant-swing/1.6/, ../)
18:46:15.829 [pool-1-thread-8] TRACE f.m.indexer.core.download.Crawler - getFullUrl: http://central.maven.org/maven2/ant/ant-swing/1.6/, ant-swing-1.6.jar)
18:46:15.829 [pool-1-thread-8] TRACE f.m.indexer.core.download.Crawler - getFullUrl: http://central.maven.org/maven2/ant/ant-swing/1.6/, ant-swing-1.6.jar.md5)
18:46:15.829 [pool-1-thread-8] TRACE f.m.indexer.core.download.Crawler - getFullUrl: http://central.maven.org/maven2/ant/ant-swing/1.6/, ant-swing-1.6.jar.sha1)
18:46:15.829 [pool-1-thread-8] TRACE f.m.indexer.core.download.Crawler - getFullUrl: http://central.maven.org/maven2/ant/ant-swing/1.6/, ant-swing-1.6.pom)
18:46:15.829 [pool-1-thread-8] TRACE f.m.indexer.core.download.Crawler - getFullUrl: http://central.maven.org/maven2/ant/ant-swing/1.6/, ant-swing-1.6.pom.md5)
18:46:15.829 [pool-1-thread-8] TRACE f.m.indexer.core.download.Crawler - getFullUrl: http://central.maven.org/maven2/ant/ant-swing/1.6/, ant-swing-1.6.pom.sha1)
18:46:15.829 [pool-1-thread-8] TRACE f.m.indexer.core.download.Crawler - getFullUrl: http://central.maven.org/maven2/ant/ant-swing/1.6/, maven-metadata.xml)
18:46:15.829 [pool-1-thread-8] TRACE f.m.indexer.core.download.Crawler - getFullUrl: http://central.maven.org/maven2/ant/ant-swing/1.6/, maven-metadata.xml.md5)
18:46:15.829 [pool-1-thread-8] TRACE f.m.indexer.core.download.Crawler - getFullUrl: http://central.maven.org/maven2/ant/ant-swing/1.6/, maven-metadata.xml.sha1)
18:46:15.829 [pool-1-thread-8] TRACE f.m.indexer.core.download.Crawler - doNext: http://central.maven.org/maven2/ant/ant-swing/1.6/../
18:46:15.829 [pool-1-thread-8] TRACE f.m.indexer.core.download.Crawler - doNext: http://central.maven.org/maven2/ant/ant-swing/1.6/ant-swing-1.6.jar
18:46:15.829 [pool-1-thread-8] TRACE f.m.indexer.core.download.Crawler - doNext: http://central.maven.org/maven2/ant/ant-swing/1.6/ant-swing-1.6.jar.md5
18:46:15.829 [pool-1-thread-8] TRACE f.m.indexer.core.download.Crawler - doNext: http://central.maven.org/maven2/ant/ant-swing/1.6/ant-swing-1.6.jar.sha1
18:46:15.829 [pool-1-thread-8] TRACE f.m.indexer.core.download.Crawler - doNext: http://central.maven.org/maven2/ant/ant-swing/1.6/ant-swing-1.6.pom
18:46:15.829 [pool-1-thread-8] TRACE f.m.indexer.core.download.Crawler - doNext: http://central.maven.org/maven2/ant/ant-swing/1.6/ant-swing-1.6.pom.md5
18:46:15.829 [pool-1-thread-8] TRACE f.m.indexer.core.download.Crawler - doNext: http://central.maven.org/maven2/ant/ant-swing/1.6/ant-swing-1.6.pom.sha1
18:46:15.829 [pool-1-thread-8] TRACE f.m.indexer.core.download.Crawler - doNext: http://central.maven.org/maven2/ant/ant-swing/1.6/maven-metadata.xml
18:46:15.829 [pool-1-thread-8] TRACE f.m.indexer.core.download.Crawler - match: http://central.maven.org/maven2/ant/ant-swing/1.6/maven-metadata.xml
18:46:15.829 [pool-1-thread-8] TRACE f.m.indexer.core.download.Crawler - doNext: http://central.maven.org/maven2/ant/ant-swing/1.6/maven-metadata.xml.md5
18:46:15.829 [pool-1-thread-8] TRACE f.m.indexer.core.download.Crawler - doNext: http://central.maven.org/maven2/ant/ant-swing/1.6/maven-metadata.xml.sha1
18:46:15.829 [pool-1-thread-8] TRACE f.m.i.core.client.JerseyHttpClient - download: http://central.maven.org/maven2/ant/ant-commons-net/1.6.2/maven-metadata.xml
18:46:15.829 [pool-1-thread-7] TRACE f.m.indexer.core.download.Crawler - getLinks: <!DOCTYPE html>
<html>

<head>
	<title>Central Repository: ant/ant-swing/1.6.1</title>
	<meta name="viewport" content="width=device-width, initial-scale=1.0">
	<style>
body {
	background: #fff;
}
	</style>
</head>

<body>
	<header>
		<h1>ant/ant-swing/1.6.1</h1>
	</header>
	<hr/>
	<main>
		<pre id="contents">
<a href="../">../</a>
<a href="ant-swing-1.6.1.jar" title="ant-swing-1.6.1.jar">ant-swing-1.6.1.jar</a>                               2005-09-20 05:44      6822      
<a href="ant-swing-1.6.1.jar.md5" title="ant-swing-1.6.1.jar.md5">ant-swing-1.6.1.jar.md5</a>                           2005-09-20 05:44        32      
<a href="ant-swing-1.6.1.jar.sha1" title="ant-swing-1.6.1.jar.sha1">ant-swing-1.6.1.jar.sha1</a>                          2005-09-20 05:44        40      
<a href="ant-swing-1.6.1.pom" title="ant-swing-1.6.1.pom">ant-swing-1.6.1.pom</a>                               2005-09-20 05:44       146      
<a href="ant-swing-1.6.1.pom.md5" title="ant-swing-1.6.1.pom.md5">ant-swing-1.6.1.pom.md5</a>                           2005-09-20 05:44        32      
<a href="ant-swing-1.6.1.pom.sha1" title="ant-swing-1.6.1.pom.sha1">ant-swing-1.6.1.pom.sha1</a>                          2005-09-20 05:44        40      
<a href="maven-metadata.xml" title="maven-metadata.xml">maven-metadata.xml</a>                                2005-09-20 05:44       111      
<a href="maven-metadata.xml.md5" title="maven-metadata.xml.md5">maven-metadata.xml.md5</a>                            2005-09-20 05:44        75      
<a href="maven-metadata.xml.sha1" title="maven-metadata.xml.sha1">maven-metadata.xml.sha1</a>                           2005-09-20 05:44       130      
		</pre>
	</main>
	<hr/>
</body>

</html>
18:46:15.829 [pool-1-thread-7] TRACE f.m.indexer.core.download.Crawler - getFullUrl: http://central.maven.org/maven2/ant/ant-swing/1.6.1/, ../)
18:46:15.829 [pool-1-thread-7] TRACE f.m.indexer.core.download.Crawler - getFullUrl: http://central.maven.org/maven2/ant/ant-swing/1.6.1/, ant-swing-1.6.1.jar)
18:46:15.829 [pool-1-thread-7] TRACE f.m.indexer.core.download.Crawler - getFullUrl: http://central.maven.org/maven2/ant/ant-swing/1.6.1/, ant-swing-1.6.1.jar.md5)
18:46:15.829 [pool-1-thread-7] TRACE f.m.indexer.core.download.Crawler - getFullUrl: http://central.maven.org/maven2/ant/ant-swing/1.6.1/, ant-swing-1.6.1.jar.sha1)
18:46:15.829 [pool-1-thread-7] TRACE f.m.indexer.core.download.Crawler - getFullUrl: http://central.maven.org/maven2/ant/ant-swing/1.6.1/, ant-swing-1.6.1.pom)
18:46:15.829 [pool-1-thread-7] TRACE f.m.indexer.core.download.Crawler - getFullUrl: http://central.maven.org/maven2/ant/ant-swing/1.6.1/, ant-swing-1.6.1.pom.md5)
18:46:15.829 [pool-1-thread-7] TRACE f.m.indexer.core.download.Crawler - getFullUrl: http://central.maven.org/maven2/ant/ant-swing/1.6.1/, ant-swing-1.6.1.pom.sha1)
18:46:15.829 [pool-1-thread-7] TRACE f.m.indexer.core.download.Crawler - getFullUrl: http://central.maven.org/maven2/ant/ant-swing/1.6.1/, maven-metadata.xml)
18:46:15.829 [pool-1-thread-7] TRACE f.m.indexer.core.download.Crawler - getFullUrl: http://central.maven.org/maven2/ant/ant-swing/1.6.1/, maven-metadata.xml.md5)
18:46:15.829 [pool-1-thread-7] TRACE f.m.indexer.core.download.Crawler - getFullUrl: http://central.maven.org/maven2/ant/ant-swing/1.6.1/, maven-metadata.xml.sha1)
18:46:15.829 [pool-1-thread-7] TRACE f.m.indexer.core.download.Crawler - doNext: http://central.maven.org/maven2/ant/ant-swing/1.6.1/../
18:46:15.829 [pool-1-thread-7] TRACE f.m.indexer.core.download.Crawler - doNext: http://central.maven.org/maven2/ant/ant-swing/1.6.1/ant-swing-1.6.1.jar
18:46:15.829 [pool-1-thread-7] TRACE f.m.indexer.core.download.Crawler - doNext: http://central.maven.org/maven2/ant/ant-swing/1.6.1/ant-swing-1.6.1.jar.md5
18:46:15.829 [pool-1-thread-7] TRACE f.m.indexer.core.download.Crawler - doNext: http://central.maven.org/maven2/ant/ant-swing/1.6.1/ant-swing-1.6.1.jar.sha1
18:46:15.829 [pool-1-thread-7] TRACE f.m.indexer.core.download.Crawler - doNext: http://central.maven.org/maven2/ant/ant-swing/1.6.1/ant-swing-1.6.1.pom
18:46:15.829 [pool-1-thread-7] TRACE f.m.indexer.core.download.Crawler - doNext: http://central.maven.org/maven2/ant/ant-swing/1.6.1/ant-swing-1.6.1.pom.md5
18:46:15.829 [pool-1-thread-7] TRACE f.m.indexer.core.download.Crawler - doNext: http://central.maven.org/maven2/ant/ant-swing/1.6.1/ant-swing-1.6.1.pom.sha1
18:46:15.829 [pool-1-thread-7] TRACE f.m.indexer.core.download.Crawler - doNext: http://central.maven.org/maven2/ant/ant-swing/1.6.1/maven-metadata.xml
18:46:15.829 [pool-1-thread-7] TRACE f.m.indexer.core.download.Crawler - match: http://central.maven.org/maven2/ant/ant-swing/1.6.1/maven-metadata.xml
18:46:15.829 [pool-1-thread-7] TRACE f.m.indexer.core.download.Crawler - doNext: http://central.maven.org/maven2/ant/ant-swing/1.6.1/maven-metadata.xml.md5
18:46:15.829 [pool-1-thread-7] TRACE f.m.indexer.core.download.Crawler - doNext: http://central.maven.org/maven2/ant/ant-swing/1.6.1/maven-metadata.xml.sha1
18:46:15.829 [pool-1-thread-7] TRACE f.m.i.core.client.JerseyHttpClient - download: http://central.maven.org/maven2/ant/ant-commons-net/1.6.5/maven-metadata.xml
18:46:15.829 [pool-1-thread-4] TRACE f.m.indexer.artifact.MetadataHandler - match: http://central.maven.org/maven2/ant/ant-trax/maven-metadata.xml
18:46:15.844 [pool-1-thread-4] TRACE f.m.i.core.client.JerseyHttpClient - download: http://central.maven.org/maven2/ant/ant-commons-net/1.6.3/maven-metadata.xml
18:46:15.844 [pool-1-thread-10] TRACE f.m.indexer.core.download.Crawler - getLinks: <!DOCTYPE html>
<html>

<head>
	<title>Central Repository: ant/ant-swing/1.6.2</title>
	<meta name="viewport" content="width=device-width, initial-scale=1.0">
	<style>
body {
	background: #fff;
}
	</style>
</head>

<body>
	<header>
		<h1>ant/ant-swing/1.6.2</h1>
	</header>
	<hr/>
	<main>
		<pre id="contents">
<a href="../">../</a>
<a href="ant-swing-1.6.2.jar" title="ant-swing-1.6.2.jar">ant-swing-1.6.2.jar</a>                               2005-09-20 05:44      6755      
<a href="ant-swing-1.6.2.jar.md5" title="ant-swing-1.6.2.jar.md5">ant-swing-1.6.2.jar.md5</a>                           2005-09-20 05:44        32      
<a href="ant-swing-1.6.2.jar.sha1" title="ant-swing-1.6.2.jar.sha1">ant-swing-1.6.2.jar.sha1</a>                          2005-09-20 05:44        40      
<a href="ant-swing-1.6.2.pom" title="ant-swing-1.6.2.pom">ant-swing-1.6.2.pom</a>                               2005-09-20 05:44       146      
<a href="ant-swing-1.6.2.pom.md5" title="ant-swing-1.6.2.pom.md5">ant-swing-1.6.2.pom.md5</a>                           2005-09-20 05:44        32      
<a href="ant-swing-1.6.2.pom.sha1" title="ant-swing-1.6.2.pom.sha1">ant-swing-1.6.2.pom.sha1</a>                          2005-09-20 05:44        40      
<a href="maven-metadata.xml" title="maven-metadata.xml">maven-metadata.xml</a>                                2005-09-20 05:44       111      
<a href="maven-metadata.xml.md5" title="maven-metadata.xml.md5">maven-metadata.xml.md5</a>                            2005-09-20 05:44        75      
<a href="maven-metadata.xml.sha1" title="maven-metadata.xml.sha1">maven-metadata.xml.sha1</a>                           2005-09-20 05:44       130      
		</pre>
	</main>
	<hr/>
</body>

</html>
18:46:15.844 [pool-1-thread-10] TRACE f.m.indexer.core.download.Crawler - getFullUrl: http://central.maven.org/maven2/ant/ant-swing/1.6.2/, ../)
18:46:15.844 [pool-1-thread-10] TRACE f.m.indexer.core.download.Crawler - getFullUrl: http://central.maven.org/maven2/ant/ant-swing/1.6.2/, ant-swing-1.6.2.jar)
18:46:15.844 [pool-1-thread-10] TRACE f.m.indexer.core.download.Crawler - getFullUrl: http://central.maven.org/maven2/ant/ant-swing/1.6.2/, ant-swing-1.6.2.jar.md5)
18:46:15.844 [pool-1-thread-10] TRACE f.m.indexer.core.download.Crawler - getFullUrl: http://central.maven.org/maven2/ant/ant-swing/1.6.2/, ant-swing-1.6.2.jar.sha1)
18:46:15.844 [pool-1-thread-10] TRACE f.m.indexer.core.download.Crawler - getFullUrl: http://central.maven.org/maven2/ant/ant-swing/1.6.2/, ant-swing-1.6.2.pom)
18:46:15.844 [pool-1-thread-10] TRACE f.m.indexer.core.download.Crawler - getFullUrl: http://central.maven.org/maven2/ant/ant-swing/1.6.2/, ant-swing-1.6.2.pom.md5)
18:46:15.844 [pool-1-thread-10] TRACE f.m.indexer.core.download.Crawler - getFullUrl: http://central.maven.org/maven2/ant/ant-swing/1.6.2/, ant-swing-1.6.2.pom.sha1)
18:46:15.844 [pool-1-thread-10] TRACE f.m.indexer.core.download.Crawler - getFullUrl: http://central.maven.org/maven2/ant/ant-swing/1.6.2/, maven-metadata.xml)
18:46:15.844 [pool-1-thread-10] TRACE f.m.indexer.core.download.Crawler - getFullUrl: http://central.maven.org/maven2/ant/ant-swing/1.6.2/, maven-metadata.xml.md5)
18:46:15.844 [pool-1-thread-10] TRACE f.m.indexer.core.download.Crawler - getFullUrl: http://central.maven.org/maven2/ant/ant-swing/1.6.2/, maven-metadata.xml.sha1)
18:46:15.844 [pool-1-thread-10] TRACE f.m.indexer.core.download.Crawler - doNext: http://central.maven.org/maven2/ant/ant-swing/1.6.2/../
18:46:15.844 [pool-1-thread-10] TRACE f.m.indexer.core.download.Crawler - doNext: http://central.maven.org/maven2/ant/ant-swing/1.6.2/ant-swing-1.6.2.jar
18:46:15.844 [pool-1-thread-10] TRACE f.m.indexer.core.download.Crawler - doNext: http://central.maven.org/maven2/ant/ant-swing/1.6.2/ant-swing-1.6.2.jar.md5
18:46:15.844 [pool-1-thread-10] TRACE f.m.indexer.core.download.Crawler - doNext: http://central.maven.org/maven2/ant/ant-swing/1.6.2/ant-swing-1.6.2.jar.sha1
18:46:15.844 [pool-1-thread-10] TRACE f.m.indexer.core.download.Crawler - doNext: http://central.maven.org/maven2/ant/ant-swing/1.6.2/ant-swing-1.6.2.pom
18:46:15.844 [pool-1-thread-10] TRACE f.m.indexer.core.download.Crawler - doNext: http://central.maven.org/maven2/ant/ant-swing/1.6.2/ant-swing-1.6.2.pom.md5
18:46:15.844 [pool-1-thread-10] TRACE f.m.indexer.core.download.Crawler - doNext: http://central.maven.org/maven2/ant/ant-swing/1.6.2/ant-swing-1.6.2.pom.sha1
18:46:15.844 [pool-1-thread-10] TRACE f.m.indexer.core.download.Crawler - doNext: http://central.maven.org/maven2/ant/ant-swing/1.6.2/maven-metadata.xml
18:46:15.844 [pool-1-thread-10] TRACE f.m.indexer.core.download.Crawler - match: http://central.maven.org/maven2/ant/ant-swing/1.6.2/maven-metadata.xml
18:46:15.844 [pool-1-thread-10] TRACE f.m.indexer.core.download.Crawler - doNext: http://central.maven.org/maven2/ant/ant-swing/1.6.2/maven-metadata.xml.md5
18:46:15.844 [pool-1-thread-10] TRACE f.m.indexer.core.download.Crawler - doNext: http://central.maven.org/maven2/ant/ant-swing/1.6.2/maven-metadata.xml.sha1
18:46:15.844 [pool-1-thread-10] TRACE f.m.i.core.client.JerseyHttpClient - download: http://central.maven.org/maven2/ant/ant-commons-net/1.6.4/maven-metadata.xml
18:46:15.844 [pool-1-thread-5] TRACE f.m.indexer.core.download.Crawler - getLinks: <!DOCTYPE html>
<html>

<head>
	<title>Central Repository: ant/ant-trax/1.6.5</title>
	<meta name="viewport" content="width=device-width, initial-scale=1.0">
	<style>
body {
	background: #fff;
}
	</style>
</head>

<body>
	<header>
		<h1>ant/ant-trax/1.6.5</h1>
	</header>
	<hr/>
	<main>
		<pre id="contents">
<a href="../">../</a>
<a href="ant-trax-1.6.5.jar" title="ant-trax-1.6.5.jar">ant-trax-1.6.5.jar</a>                                2005-09-20 05:45     68841      
<a href="ant-trax-1.6.5.jar.md5" title="ant-trax-1.6.5.jar.md5">ant-trax-1.6.5.jar.md5</a>                            2005-09-20 05:45        32      
<a href="ant-trax-1.6.5.jar.sha1" title="ant-trax-1.6.5.jar.sha1">ant-trax-1.6.5.jar.sha1</a>                           2005-09-20 05:45        40      
<a href="ant-trax-1.6.5.pom" title="ant-trax-1.6.5.pom">ant-trax-1.6.5.pom</a>                                2005-09-20 05:45       145      
<a href="ant-trax-1.6.5.pom.md5" title="ant-trax-1.6.5.pom.md5">ant-trax-1.6.5.pom.md5</a>                            2005-09-20 05:45        32      
<a href="ant-trax-1.6.5.pom.sha1" title="ant-trax-1.6.5.pom.sha1">ant-trax-1.6.5.pom.sha1</a>                           2005-09-20 05:45        40      
<a href="maven-metadata.xml" title="maven-metadata.xml">maven-metadata.xml</a>                                2005-09-20 05:45       110      
<a href="maven-metadata.xml.md5" title="maven-metadata.xml.md5">maven-metadata.xml.md5</a>                            2005-09-20 05:45        74      
<a href="maven-metadata.xml.sha1" title="maven-metadata.xml.sha1">maven-metadata.xml.sha1</a>                           2005-09-20 05:45       129      
		</pre>
	</main>
	<hr/>
</body>

</html>
18:46:15.844 [pool-1-thread-5] TRACE f.m.indexer.core.download.Crawler - getFullUrl: http://central.maven.org/maven2/ant/ant-trax/1.6.5/, ../)
18:46:15.844 [pool-1-thread-5] TRACE f.m.indexer.core.download.Crawler - getFullUrl: http://central.maven.org/maven2/ant/ant-trax/1.6.5/, ant-trax-1.6.5.jar)
18:46:15.844 [pool-1-thread-5] TRACE f.m.indexer.core.download.Crawler - getFullUrl: http://central.maven.org/maven2/ant/ant-trax/1.6.5/, ant-trax-1.6.5.jar.md5)
18:46:15.844 [pool-1-thread-5] TRACE f.m.indexer.core.download.Crawler - getFullUrl: http://central.maven.org/maven2/ant/ant-trax/1.6.5/, ant-trax-1.6.5.jar.sha1)
18:46:15.844 [pool-1-thread-5] TRACE f.m.indexer.core.download.Crawler - getFullUrl: http://central.maven.org/maven2/ant/ant-trax/1.6.5/, ant-trax-1.6.5.pom)
18:46:15.844 [pool-1-thread-5] TRACE f.m.indexer.core.download.Crawler - getFullUrl: http://central.maven.org/maven2/ant/ant-trax/1.6.5/, ant-trax-1.6.5.pom.md5)
18:46:15.844 [pool-1-thread-5] TRACE f.m.indexer.core.download.Crawler - getFullUrl: http://central.maven.org/maven2/ant/ant-trax/1.6.5/, ant-trax-1.6.5.pom.sha1)
18:46:15.844 [pool-1-thread-5] TRACE f.m.indexer.core.download.Crawler - getFullUrl: http://central.maven.org/maven2/ant/ant-trax/1.6.5/, maven-metadata.xml)
18:46:15.844 [pool-1-thread-5] TRACE f.m.indexer.core.download.Crawler - getFullUrl: http://central.maven.org/maven2/ant/ant-trax/1.6.5/, maven-metadata.xml.md5)
18:46:15.844 [pool-1-thread-5] TRACE f.m.indexer.core.download.Crawler - getFullUrl: http://central.maven.org/maven2/ant/ant-trax/1.6.5/, maven-metadata.xml.sha1)
18:46:15.844 [pool-1-thread-5] TRACE f.m.indexer.core.download.Crawler - doNext: http://central.maven.org/maven2/ant/ant-trax/1.6.5/../
18:46:15.844 [pool-1-thread-5] TRACE f.m.indexer.core.download.Crawler - doNext: http://central.maven.org/maven2/ant/ant-trax/1.6.5/ant-trax-1.6.5.jar
18:46:15.844 [pool-1-thread-5] TRACE f.m.indexer.core.download.Crawler - doNext: http://central.maven.org/maven2/ant/ant-trax/1.6.5/ant-trax-1.6.5.jar.md5
18:46:15.844 [pool-1-thread-5] TRACE f.m.indexer.core.download.Crawler - doNext: http://central.maven.org/maven2/ant/ant-trax/1.6.5/ant-trax-1.6.5.jar.sha1
18:46:15.844 [pool-1-thread-5] TRACE f.m.indexer.core.download.Crawler - doNext: http://central.maven.org/maven2/ant/ant-trax/1.6.5/ant-trax-1.6.5.pom
18:46:15.844 [pool-1-thread-5] TRACE f.m.indexer.core.download.Crawler - doNext: http://central.maven.org/maven2/ant/ant-trax/1.6.5/ant-trax-1.6.5.pom.md5
18:46:15.844 [pool-1-thread-5] TRACE f.m.indexer.core.download.Crawler - doNext: http://central.maven.org/maven2/ant/ant-trax/1.6.5/ant-trax-1.6.5.pom.sha1
18:46:15.844 [pool-1-thread-5] TRACE f.m.indexer.core.download.Crawler - doNext: http://central.maven.org/maven2/ant/ant-trax/1.6.5/maven-metadata.xml
18:46:15.844 [pool-1-thread-5] TRACE f.m.indexer.core.download.Crawler - match: http://central.maven.org/maven2/ant/ant-trax/1.6.5/maven-metadata.xml
18:46:15.844 [pool-1-thread-5] TRACE f.m.indexer.core.download.Crawler - doNext: http://central.maven.org/maven2/ant/ant-trax/1.6.5/maven-metadata.xml.md5
18:46:15.844 [pool-1-thread-5] TRACE f.m.indexer.core.download.Crawler - doNext: http://central.maven.org/maven2/ant/ant-trax/1.6.5/maven-metadata.xml.sha1
18:46:15.844 [pool-1-thread-5] TRACE f.m.i.core.client.JerseyHttpClient - download: http://central.maven.org/maven2/ant/ant-icontract/1.6.5/maven-metadata.xml
18:46:15.876 [pool-1-thread-9] TRACE f.m.indexer.core.download.Crawler - getLinks: <!DOCTYPE html>
<html>

<head>
	<title>Central Repository: ant/ant-swing/1.6.3</title>
	<meta name="viewport" content="width=device-width, initial-scale=1.0">
	<style>
body {
	background: #fff;
}
	</style>
</head>

<body>
	<header>
		<h1>ant/ant-swing/1.6.3</h1>
	</header>
	<hr/>
	<main>
		<pre id="contents">
<a href="../">../</a>
<a href="ant-swing-1.6.3.jar" title="ant-swing-1.6.3.jar">ant-swing-1.6.3.jar</a>                               2005-09-20 05:44      6763      
<a href="ant-swing-1.6.3.jar.md5" title="ant-swing-1.6.3.jar.md5">ant-swing-1.6.3.jar.md5</a>                           2005-09-20 05:44        32      
<a href="ant-swing-1.6.3.jar.sha1" title="ant-swing-1.6.3.jar.sha1">ant-swing-1.6.3.jar.sha1</a>                          2005-09-20 05:44        40      
<a href="ant-swing-1.6.3.pom" title="ant-swing-1.6.3.pom">ant-swing-1.6.3.pom</a>                               2005-09-20 05:44       146      
<a href="ant-swing-1.6.3.pom.md5" title="ant-swing-1.6.3.pom.md5">ant-swing-1.6.3.pom.md5</a>                           2005-09-20 05:44        32      
<a href="ant-swing-1.6.3.pom.sha1" title="ant-swing-1.6.3.pom.sha1">ant-swing-1.6.3.pom.sha1</a>                          2005-09-20 05:44        40      
<a href="maven-metadata.xml" title="maven-metadata.xml">maven-metadata.xml</a>                                2005-09-20 05:44       111      
<a href="maven-metadata.xml.md5" title="maven-metadata.xml.md5">maven-metadata.xml.md5</a>                            2005-09-20 05:44        75      
<a href="maven-metadata.xml.sha1" title="maven-metadata.xml.sha1">maven-metadata.xml.sha1</a>                           2005-09-20 05:44       130      
		</pre>
	</main>
	<hr/>
</body>

</html>
18:46:15.876 [pool-1-thread-9] TRACE f.m.indexer.core.download.Crawler - getFullUrl: http://central.maven.org/maven2/ant/ant-swing/1.6.3/, ../)
18:46:15.876 [pool-1-thread-9] TRACE f.m.indexer.core.download.Crawler - getFullUrl: http://central.maven.org/maven2/ant/ant-swing/1.6.3/, ant-swing-1.6.3.jar)
18:46:15.876 [pool-1-thread-9] TRACE f.m.indexer.core.download.Crawler - getFullUrl: http://central.maven.org/maven2/ant/ant-swing/1.6.3/, ant-swing-1.6.3.jar.md5)
18:46:15.876 [pool-1-thread-9] TRACE f.m.indexer.core.download.Crawler - getFullUrl: http://central.maven.org/maven2/ant/ant-swing/1.6.3/, ant-swing-1.6.3.jar.sha1)
18:46:15.876 [pool-1-thread-9] TRACE f.m.indexer.core.download.Crawler - getFullUrl: http://central.maven.org/maven2/ant/ant-swing/1.6.3/, ant-swing-1.6.3.pom)
18:46:15.876 [pool-1-thread-9] TRACE f.m.indexer.core.download.Crawler - getFullUrl: http://central.maven.org/maven2/ant/ant-swing/1.6.3/, ant-swing-1.6.3.pom.md5)
18:46:15.876 [pool-1-thread-9] TRACE f.m.indexer.core.download.Crawler - getFullUrl: http://central.maven.org/maven2/ant/ant-swing/1.6.3/, ant-swing-1.6.3.pom.sha1)
18:46:15.876 [pool-1-thread-9] TRACE f.m.indexer.core.download.Crawler - getFullUrl: http://central.maven.org/maven2/ant/ant-swing/1.6.3/, maven-metadata.xml)
18:46:15.876 [pool-1-thread-9] TRACE f.m.indexer.core.download.Crawler - getFullUrl: http://central.maven.org/maven2/ant/ant-swing/1.6.3/, maven-metadata.xml.md5)
18:46:15.876 [pool-1-thread-9] TRACE f.m.indexer.core.download.Crawler - getFullUrl: http://central.maven.org/maven2/ant/ant-swing/1.6.3/, maven-metadata.xml.sha1)
18:46:15.876 [pool-1-thread-9] TRACE f.m.indexer.core.download.Crawler - doNext: http://central.maven.org/maven2/ant/ant-swing/1.6.3/../
18:46:15.876 [pool-1-thread-9] TRACE f.m.indexer.core.download.Crawler - doNext: http://central.maven.org/maven2/ant/ant-swing/1.6.3/ant-swing-1.6.3.jar
18:46:15.876 [pool-1-thread-9] TRACE f.m.indexer.core.download.Crawler - doNext: http://central.maven.org/maven2/ant/ant-swing/1.6.3/ant-swing-1.6.3.jar.md5
18:46:15.876 [pool-1-thread-9] TRACE f.m.indexer.core.download.Crawler - doNext: http://central.maven.org/maven2/ant/ant-swing/1.6.3/ant-swing-1.6.3.jar.sha1
18:46:15.876 [pool-1-thread-9] TRACE f.m.indexer.core.download.Crawler - doNext: http://central.maven.org/maven2/ant/ant-swing/1.6.3/ant-swing-1.6.3.pom
18:46:15.876 [pool-1-thread-9] TRACE f.m.indexer.core.download.Crawler - doNext: http://central.maven.org/maven2/ant/ant-swing/1.6.3/ant-swing-1.6.3.pom.md5
18:46:15.876 [pool-1-thread-9] TRACE f.m.indexer.core.download.Crawler - doNext: http://central.maven.org/maven2/ant/ant-swing/1.6.3/ant-swing-1.6.3.pom.sha1
18:46:15.876 [pool-1-thread-9] TRACE f.m.indexer.core.download.Crawler - doNext: http://central.maven.org/maven2/ant/ant-swing/1.6.3/maven-metadata.xml
18:46:15.876 [pool-1-thread-9] TRACE f.m.indexer.core.download.Crawler - match: http://central.maven.org/maven2/ant/ant-swing/1.6.3/maven-metadata.xml
18:46:15.876 [pool-1-thread-9] TRACE f.m.indexer.core.download.Crawler - doNext: http://central.maven.org/maven2/ant/ant-swing/1.6.3/maven-metadata.xml.md5
18:46:15.876 [pool-1-thread-9] TRACE f.m.indexer.core.download.Crawler - doNext: http://central.maven.org/maven2/ant/ant-swing/1.6.3/maven-metadata.xml.sha1
18:46:15.876 [pool-1-thread-9] TRACE f.m.i.core.client.JerseyHttpClient - download: http://central.maven.org/maven2/ant/ant-icontract/1.6.4/maven-metadata.xml
18:46:15.876 [pool-1-thread-3] TRACE f.m.indexer.core.download.Crawler - getLinks: <!DOCTYPE html>
<html>

<head>
	<title>Central Repository: ant/ant-swing/1.6.4</title>
	<meta name="viewport" content="width=device-width, initial-scale=1.0">
	<style>
body {
	background: #fff;
}
	</style>
</head>

<body>
	<header>
		<h1>ant/ant-swing/1.6.4</h1>
	</header>
	<hr/>
	<main>
		<pre id="contents">
<a href="../">../</a>
<a href="ant-swing-1.6.4.jar" title="ant-swing-1.6.4.jar">ant-swing-1.6.4.jar</a>                               2005-09-20 05:44      6763      
<a href="ant-swing-1.6.4.jar.md5" title="ant-swing-1.6.4.jar.md5">ant-swing-1.6.4.jar.md5</a>                           2005-09-20 05:44        32      
<a href="ant-swing-1.6.4.jar.sha1" title="ant-swing-1.6.4.jar.sha1">ant-swing-1.6.4.jar.sha1</a>                          2005-09-20 05:44        40      
<a href="ant-swing-1.6.4.pom" title="ant-swing-1.6.4.pom">ant-swing-1.6.4.pom</a>                               2005-09-20 05:44       146      
<a href="ant-swing-1.6.4.pom.md5" title="ant-swing-1.6.4.pom.md5">ant-swing-1.6.4.pom.md5</a>                           2005-09-20 05:44        32      
<a href="ant-swing-1.6.4.pom.sha1" title="ant-swing-1.6.4.pom.sha1">ant-swing-1.6.4.pom.sha1</a>                          2005-09-20 05:44        40      
<a href="maven-metadata.xml" title="maven-metadata.xml">maven-metadata.xml</a>                                2005-09-20 05:44       111      
<a href="maven-metadata.xml.md5" title="maven-metadata.xml.md5">maven-metadata.xml.md5</a>                            2005-09-20 05:44        75      
<a href="maven-metadata.xml.sha1" title="maven-metadata.xml.sha1">maven-metadata.xml.sha1</a>                           2005-09-20 05:44       130      
		</pre>
	</main>
	<hr/>
</body>

</html>
18:46:15.876 [pool-1-thread-3] TRACE f.m.indexer.core.download.Crawler - getFullUrl: http://central.maven.org/maven2/ant/ant-swing/1.6.4/, ../)
18:46:15.876 [pool-1-thread-3] TRACE f.m.indexer.core.download.Crawler - getFullUrl: http://central.maven.org/maven2/ant/ant-swing/1.6.4/, ant-swing-1.6.4.jar)
18:46:15.876 [pool-1-thread-3] TRACE f.m.indexer.core.download.Crawler - getFullUrl: http://central.maven.org/maven2/ant/ant-swing/1.6.4/, ant-swing-1.6.4.jar.md5)
18:46:15.876 [pool-1-thread-3] TRACE f.m.indexer.core.download.Crawler - getFullUrl: http://central.maven.org/maven2/ant/ant-swing/1.6.4/, ant-swing-1.6.4.jar.sha1)
18:46:15.876 [pool-1-thread-3] TRACE f.m.indexer.core.download.Crawler - getFullUrl: http://central.maven.org/maven2/ant/ant-swing/1.6.4/, ant-swing-1.6.4.pom)
18:46:15.876 [pool-1-thread-3] TRACE f.m.indexer.core.download.Crawler - getFullUrl: http://central.maven.org/maven2/ant/ant-swing/1.6.4/, ant-swing-1.6.4.pom.md5)
18:46:15.876 [pool-1-thread-3] TRACE f.m.indexer.core.download.Crawler - getFullUrl: http://central.maven.org/maven2/ant/ant-swing/1.6.4/, ant-swing-1.6.4.pom.sha1)
18:46:15.876 [pool-1-thread-3] TRACE f.m.indexer.core.download.Crawler - getFullUrl: http://central.maven.org/maven2/ant/ant-swing/1.6.4/, maven-metadata.xml)
18:46:15.876 [pool-1-thread-3] TRACE f.m.indexer.core.download.Crawler - getFullUrl: http://central.maven.org/maven2/ant/ant-swing/1.6.4/, maven-metadata.xml.md5)
18:46:15.876 [pool-1-thread-3] TRACE f.m.indexer.core.download.Crawler - getFullUrl: http://central.maven.org/maven2/ant/ant-swing/1.6.4/, maven-metadata.xml.sha1)
18:46:15.876 [pool-1-thread-3] TRACE f.m.indexer.core.download.Crawler - doNext: http://central.maven.org/maven2/ant/ant-swing/1.6.4/../
18:46:15.876 [pool-1-thread-3] TRACE f.m.indexer.core.download.Crawler - doNext: http://central.maven.org/maven2/ant/ant-swing/1.6.4/ant-swing-1.6.4.jar
18:46:15.876 [pool-1-thread-3] TRACE f.m.indexer.core.download.Crawler - doNext: http://central.maven.org/maven2/ant/ant-swing/1.6.4/ant-swing-1.6.4.jar.md5
18:46:15.876 [pool-1-thread-3] TRACE f.m.indexer.core.download.Crawler - doNext: http://central.maven.org/maven2/ant/ant-swing/1.6.4/ant-swing-1.6.4.jar.sha1
18:46:15.876 [pool-1-thread-3] TRACE f.m.indexer.core.download.Crawler - doNext: http://central.maven.org/maven2/ant/ant-swing/1.6.4/ant-swing-1.6.4.pom
18:46:15.876 [pool-1-thread-3] TRACE f.m.indexer.core.download.Crawler - doNext: http://central.maven.org/maven2/ant/ant-swing/1.6.4/ant-swing-1.6.4.pom.md5
18:46:15.876 [pool-1-thread-3] TRACE f.m.indexer.core.download.Crawler - doNext: http://central.maven.org/maven2/ant/ant-swing/1.6.4/ant-swing-1.6.4.pom.sha1
18:46:15.876 [pool-1-thread-3] TRACE f.m.indexer.core.download.Crawler - doNext: http://central.maven.org/maven2/ant/ant-swing/1.6.4/maven-metadata.xml
18:46:15.876 [pool-1-thread-3] TRACE f.m.indexer.core.download.Crawler - match: http://central.maven.org/maven2/ant/ant-swing/1.6.4/maven-metadata.xml
18:46:15.876 [pool-1-thread-3] TRACE f.m.indexer.core.download.Crawler - doNext: http://central.maven.org/maven2/ant/ant-swing/1.6.4/maven-metadata.xml.md5
18:46:15.876 [pool-1-thread-3] TRACE f.m.indexer.core.download.Crawler - doNext: http://central.maven.org/maven2/ant/ant-swing/1.6.4/maven-metadata.xml.sha1
18:46:15.876 [pool-1-thread-3] TRACE f.m.i.core.client.JerseyHttpClient - download: http://central.maven.org/maven2/ant/ant-icontract/1.6/maven-metadata.xml
18:46:15.876 [pool-1-thread-1] TRACE f.m.indexer.core.download.Crawler - getLinks: <!DOCTYPE html>
<html>

<head>
	<title>Central Repository: ant/ant-swing/1.6.5</title>
	<meta name="viewport" content="width=device-width, initial-scale=1.0">
	<style>
body {
	background: #fff;
}
	</style>
</head>

<body>
	<header>
		<h1>ant/ant-swing/1.6.5</h1>
	</header>
	<hr/>
	<main>
		<pre id="contents">
<a href="../">../</a>
<a href="ant-swing-1.6.5.jar" title="ant-swing-1.6.5.jar">ant-swing-1.6.5.jar</a>                               2005-09-20 05:44      6763      
<a href="ant-swing-1.6.5.jar.md5" title="ant-swing-1.6.5.jar.md5">ant-swing-1.6.5.jar.md5</a>                           2005-09-20 05:44        32      
<a href="ant-swing-1.6.5.jar.sha1" title="ant-swing-1.6.5.jar.sha1">ant-swing-1.6.5.jar.sha1</a>                          2005-09-20 05:44        40      
<a href="ant-swing-1.6.5.pom" title="ant-swing-1.6.5.pom">ant-swing-1.6.5.pom</a>                               2005-09-20 05:44       146      
<a href="ant-swing-1.6.5.pom.md5" title="ant-swing-1.6.5.pom.md5">ant-swing-1.6.5.pom.md5</a>                           2005-09-20 05:44        32      
<a href="ant-swing-1.6.5.pom.sha1" title="ant-swing-1.6.5.pom.sha1">ant-swing-1.6.5.pom.sha1</a>                          2005-09-20 05:44        40      
<a href="maven-metadata.xml" title="maven-metadata.xml">maven-metadata.xml</a>                                2005-09-20 05:44       111      
<a href="maven-metadata.xml.md5" title="maven-metadata.xml.md5">maven-metadata.xml.md5</a>                            2005-09-20 05:44        75      
<a href="maven-metadata.xml.sha1" title="maven-metadata.xml.sha1">maven-metadata.xml.sha1</a>                           2005-09-20 05:44       130      
		</pre>
	</main>
	<hr/>
</body>

</html>
18:46:15.876 [pool-1-thread-1] TRACE f.m.indexer.core.download.Crawler - getFullUrl: http://central.maven.org/maven2/ant/ant-swing/1.6.5/, ../)
18:46:15.876 [pool-1-thread-1] TRACE f.m.indexer.core.download.Crawler - getFullUrl: http://central.maven.org/maven2/ant/ant-swing/1.6.5/, ant-swing-1.6.5.jar)
18:46:15.876 [pool-1-thread-1] TRACE f.m.indexer.core.download.Crawler - getFullUrl: http://central.maven.org/maven2/ant/ant-swing/1.6.5/, ant-swing-1.6.5.jar.md5)
18:46:15.876 [pool-1-thread-1] TRACE f.m.indexer.core.download.Crawler - getFullUrl: http://central.maven.org/maven2/ant/ant-swing/1.6.5/, ant-swing-1.6.5.jar.sha1)
18:46:15.876 [pool-1-thread-1] TRACE f.m.indexer.core.download.Crawler - getFullUrl: http://central.maven.org/maven2/ant/ant-swing/1.6.5/, ant-swing-1.6.5.pom)
18:46:15.876 [pool-1-thread-1] TRACE f.m.indexer.core.download.Crawler - getFullUrl: http://central.maven.org/maven2/ant/ant-swing/1.6.5/, ant-swing-1.6.5.pom.md5)
18:46:15.876 [pool-1-thread-1] TRACE f.m.indexer.core.download.Crawler - getFullUrl: http://central.maven.org/maven2/ant/ant-swing/1.6.5/, ant-swing-1.6.5.pom.sha1)
18:46:15.876 [pool-1-thread-1] TRACE f.m.indexer.core.download.Crawler - getFullUrl: http://central.maven.org/maven2/ant/ant-swing/1.6.5/, maven-metadata.xml)
18:46:15.876 [pool-1-thread-1] TRACE f.m.indexer.core.download.Crawler - getFullUrl: http://central.maven.org/maven2/ant/ant-swing/1.6.5/, maven-metadata.xml.md5)
18:46:15.876 [pool-1-thread-1] TRACE f.m.indexer.core.download.Crawler - getFullUrl: http://central.maven.org/maven2/ant/ant-swing/1.6.5/, maven-metadata.xml.sha1)
18:46:15.876 [pool-1-thread-1] TRACE f.m.indexer.core.download.Crawler - doNext: http://central.maven.org/maven2/ant/ant-swing/1.6.5/../
18:46:15.876 [pool-1-thread-1] TRACE f.m.indexer.core.download.Crawler - doNext: http://central.maven.org/maven2/ant/ant-swing/1.6.5/ant-swing-1.6.5.jar
18:46:15.876 [pool-1-thread-1] TRACE f.m.indexer.core.download.Crawler - doNext: http://central.maven.org/maven2/ant/ant-swing/1.6.5/ant-swing-1.6.5.jar.md5
18:46:15.876 [pool-1-thread-1] TRACE f.m.indexer.core.download.Crawler - doNext: http://central.maven.org/maven2/ant/ant-swing/1.6.5/ant-swing-1.6.5.jar.sha1
18:46:15.876 [pool-1-thread-1] TRACE f.m.indexer.core.download.Crawler - doNext: http://central.maven.org/maven2/ant/ant-swing/1.6.5/ant-swing-1.6.5.pom
18:46:15.876 [pool-1-thread-1] TRACE f.m.indexer.core.download.Crawler - doNext: http://central.maven.org/maven2/ant/ant-swing/1.6.5/ant-swing-1.6.5.pom.md5
18:46:15.876 [pool-1-thread-1] TRACE f.m.indexer.core.download.Crawler - doNext: http://central.maven.org/maven2/ant/ant-swing/1.6.5/ant-swing-1.6.5.pom.sha1
18:46:15.876 [pool-1-thread-1] TRACE f.m.indexer.core.download.Crawler - doNext: http://central.maven.org/maven2/ant/ant-swing/1.6.5/maven-metadata.xml
18:46:15.876 [pool-1-thread-1] TRACE f.m.indexer.core.download.Crawler - match: http://central.maven.org/maven2/ant/ant-swing/1.6.5/maven-metadata.xml
18:46:15.876 [pool-1-thread-1] TRACE f.m.indexer.core.download.Crawler - doNext: http://central.maven.org/maven2/ant/ant-swing/1.6.5/maven-metadata.xml.md5
18:46:15.876 [pool-1-thread-1] TRACE f.m.indexer.core.download.Crawler - doNext: http://central.maven.org/maven2/ant/ant-swing/1.6.5/maven-metadata.xml.sha1
18:46:15.876 [pool-1-thread-1] TRACE f.m.i.core.client.JerseyHttpClient - download: http://central.maven.org/maven2/ant/ant-jai/1.6/maven-metadata.xml
18:46:15.876 [pool-1-thread-6] TRACE f.m.indexer.artifact.MetadataHandler - match: http://central.maven.org/maven2/ant/ant-swing/maven-metadata.xml
18:46:15.876 [pool-1-thread-6] TRACE f.m.i.core.client.JerseyHttpClient - download: http://central.maven.org/maven2/ant/ant-icontract/1.6.3/maven-metadata.xml
18:46:15.876 [pool-1-thread-2] TRACE f.m.indexer.artifact.MetadataHandler - match: http://central.maven.org/maven2/ant/ant-commons-net/1.6.1/maven-metadata.xml
18:46:15.876 [pool-1-thread-2] TRACE f.m.i.core.client.JerseyHttpClient - download: http://central.maven.org/maven2/ant/ant-icontract/1.6.2/maven-metadata.xml
18:46:15.891 [pool-1-thread-7] TRACE f.m.indexer.artifact.MetadataHandler - match: http://central.maven.org/maven2/ant/ant-commons-net/1.6.5/maven-metadata.xml
18:46:15.891 [pool-1-thread-7] TRACE f.m.i.core.client.JerseyHttpClient - download: http://central.maven.org/maven2/ant/ant-jai/1.6.4/maven-metadata.xml
18:46:15.907 [pool-1-thread-4] TRACE f.m.indexer.artifact.MetadataHandler - match: http://central.maven.org/maven2/ant/ant-commons-net/1.6.3/maven-metadata.xml
18:46:15.907 [pool-1-thread-4] TRACE f.m.i.core.client.JerseyHttpClient - download: http://central.maven.org/maven2/ant/ant-jai/1.6.5/maven-metadata.xml
18:46:15.907 [pool-1-thread-10] TRACE f.m.indexer.artifact.MetadataHandler - match: http://central.maven.org/maven2/ant/ant-commons-net/1.6.4/maven-metadata.xml
18:46:15.907 [pool-1-thread-10] TRACE f.m.i.core.client.JerseyHttpClient - download: http://central.maven.org/maven2/ant/ant-jai/1.6.3/maven-metadata.xml
18:46:15.923 [pool-1-thread-5] TRACE f.m.indexer.artifact.MetadataHandler - match: http://central.maven.org/maven2/ant/ant-icontract/1.6.5/maven-metadata.xml
18:46:15.923 [pool-1-thread-5] TRACE f.m.i.core.client.JerseyHttpClient - download: http://central.maven.org/maven2/ant/ant-icontract/1.6.1/maven-metadata.xml
18:46:15.923 [pool-1-thread-9] TRACE f.m.indexer.artifact.MetadataHandler - match: http://central.maven.org/maven2/ant/ant-icontract/1.6.4/maven-metadata.xml
18:46:15.938 [pool-1-thread-9] TRACE f.m.i.core.client.JerseyHttpClient - download: http://central.maven.org/maven2/ant/ant/1.5.1/maven-metadata.xml
18:46:15.938 [pool-1-thread-1] TRACE f.m.indexer.artifact.MetadataHandler - match: http://central.maven.org/maven2/ant/ant-jai/1.6/maven-metadata.xml
18:46:15.938 [pool-1-thread-1] TRACE f.m.i.core.client.JerseyHttpClient - download: http://central.maven.org/maven2/ant/ant/1.5.2/maven-metadata.xml
18:46:15.954 [pool-1-thread-6] TRACE f.m.indexer.artifact.MetadataHandler - match: http://central.maven.org/maven2/ant/ant-icontract/1.6.3/maven-metadata.xml
18:46:15.954 [pool-1-thread-6] TRACE f.m.i.core.client.JerseyHttpClient - download: http://central.maven.org/maven2/ant/ant/1.5.3-1/maven-metadata.xml
18:46:15.954 [pool-1-thread-7] TRACE f.m.indexer.artifact.MetadataHandler - match: http://central.maven.org/maven2/ant/ant-jai/1.6.4/maven-metadata.xml
18:46:15.954 [pool-1-thread-7] TRACE f.m.i.core.client.JerseyHttpClient - download: http://central.maven.org/maven2/ant/ant/1.5.4/maven-metadata.xml
18:46:15.954 [pool-1-thread-2] TRACE f.m.indexer.artifact.MetadataHandler - match: http://central.maven.org/maven2/ant/ant-icontract/1.6.2/maven-metadata.xml
18:46:15.969 [pool-1-thread-2] TRACE f.m.i.core.client.JerseyHttpClient - download: http://central.maven.org/maven2/ant/ant/1.6/maven-metadata.xml
18:46:15.969 [pool-1-thread-4] TRACE f.m.indexer.artifact.MetadataHandler - match: http://central.maven.org/maven2/ant/ant-jai/1.6.5/maven-metadata.xml
18:46:15.969 [pool-1-thread-4] TRACE f.m.i.core.client.JerseyHttpClient - download: http://central.maven.org/maven2/ant/ant/1.4.1/maven-metadata.xml
18:46:15.969 [pool-1-thread-10] TRACE f.m.indexer.artifact.MetadataHandler - match: http://central.maven.org/maven2/ant/ant-jai/1.6.3/maven-metadata.xml
18:46:15.985 [pool-1-thread-10] TRACE f.m.i.core.client.JerseyHttpClient - download: http://central.maven.org/maven2/ant/ant/1.5/maven-metadata.xml
18:46:15.985 [pool-1-thread-5] TRACE f.m.indexer.artifact.MetadataHandler - match: http://central.maven.org/maven2/ant/ant-icontract/1.6.1/maven-metadata.xml
18:46:15.985 [pool-1-thread-5] TRACE f.m.i.core.client.JerseyHttpClient - download: http://central.maven.org/maven2/ant/ant/1.6.2/maven-metadata.xml
18:46:15.985 [pool-1-thread-9] TRACE f.m.indexer.artifact.MetadataHandler - match: http://central.maven.org/maven2/ant/ant/1.5.1/maven-metadata.xml
18:46:15.985 [pool-1-thread-9] TRACE f.m.i.core.client.JerseyHttpClient - download: http://central.maven.org/maven2/ant/ant/1.6.3/maven-metadata.xml
18:46:16.001 [pool-1-thread-1] TRACE f.m.indexer.artifact.MetadataHandler - match: http://central.maven.org/maven2/ant/ant/1.5.2/maven-metadata.xml
18:46:16.001 [pool-1-thread-1] TRACE f.m.i.core.client.JerseyHttpClient - download: http://central.maven.org/maven2/ant/ant-jai/1.6.1/maven-metadata.xml
18:46:16.016 [pool-1-thread-6] TRACE f.m.indexer.artifact.MetadataHandler - match: http://central.maven.org/maven2/ant/ant/1.5.3-1/maven-metadata.xml
18:46:16.016 [pool-1-thread-6] TRACE f.m.i.core.client.JerseyHttpClient - download: http://central.maven.org/maven2/ant/ant-jai/1.6.2/maven-metadata.xml
18:46:16.016 [pool-1-thread-8] TRACE f.m.indexer.artifact.MetadataHandler - match: http://central.maven.org/maven2/ant/ant-commons-net/1.6.2/maven-metadata.xml
18:46:16.016 [pool-1-thread-8] TRACE f.m.i.core.client.JerseyHttpClient - download: http://central.maven.org/maven2/ant/ant/1.6.1/maven-metadata.xml
18:46:16.016 [pool-1-thread-3] TRACE f.m.indexer.artifact.MetadataHandler - match: http://central.maven.org/maven2/ant/ant-icontract/1.6/maven-metadata.xml
18:46:16.032 [pool-1-thread-3] TRACE f.m.i.core.client.JerseyHttpClient - download: http://central.maven.org/maven2/ant/ant/1.6.4/maven-metadata.xml
18:46:16.032 [pool-1-thread-2] TRACE f.m.indexer.artifact.MetadataHandler - match: http://central.maven.org/maven2/ant/ant/1.6/maven-metadata.xml
18:46:16.032 [pool-1-thread-2] TRACE f.m.i.core.client.JerseyHttpClient - download: http://central.maven.org/maven2/ant/ant/1.6.5/maven-metadata.xml
18:46:16.032 [pool-1-thread-4] TRACE f.m.indexer.artifact.MetadataHandler - match: http://central.maven.org/maven2/ant/ant/1.4.1/maven-metadata.xml
18:46:16.032 [pool-1-thread-4] TRACE f.m.i.core.client.JerseyHttpClient - download: http://central.maven.org/maven2/ant/ant-commons-logging/1.6/maven-metadata.xml
18:46:16.048 [pool-1-thread-10] TRACE f.m.indexer.artifact.MetadataHandler - match: http://central.maven.org/maven2/ant/ant/1.5/maven-metadata.xml
18:46:16.048 [pool-1-thread-10] TRACE f.m.i.core.client.JerseyHttpClient - download: http://central.maven.org/maven2/ant/ant-commons-logging/1.6.1/maven-metadata.xml
18:46:16.048 [pool-1-thread-5] TRACE f.m.indexer.artifact.MetadataHandler - match: http://central.maven.org/maven2/ant/ant/1.6.2/maven-metadata.xml
18:46:16.048 [pool-1-thread-5] TRACE f.m.i.core.client.JerseyHttpClient - download: http://central.maven.org/maven2/ant/ant-commons-logging/1.6.2/maven-metadata.xml
18:46:16.048 [pool-1-thread-9] TRACE f.m.indexer.artifact.MetadataHandler - match: http://central.maven.org/maven2/ant/ant/1.6.3/maven-metadata.xml
18:46:16.063 [pool-1-thread-9] TRACE f.m.i.core.client.JerseyHttpClient - download: http://central.maven.org/maven2/ant/ant-commons-logging/1.6.4/maven-metadata.xml
18:46:16.063 [pool-1-thread-1] TRACE f.m.indexer.artifact.MetadataHandler - match: http://central.maven.org/maven2/ant/ant-jai/1.6.1/maven-metadata.xml
18:46:16.063 [pool-1-thread-6] TRACE f.m.indexer.artifact.MetadataHandler - match: http://central.maven.org/maven2/ant/ant-jai/1.6.2/maven-metadata.xml
18:46:16.063 [pool-1-thread-1] TRACE f.m.i.core.client.JerseyHttpClient - download: http://central.maven.org/maven2/ant/ant-commons-logging/1.6.3/maven-metadata.xml
18:46:16.063 [pool-1-thread-6] TRACE f.m.i.core.client.JerseyHttpClient - download: http://central.maven.org/maven2/ant/ant-commons-logging/1.6.5/maven-metadata.xml
18:46:16.063 [pool-1-thread-8] TRACE f.m.indexer.artifact.MetadataHandler - match: http://central.maven.org/maven2/ant/ant/1.6.1/maven-metadata.xml
18:46:16.063 [pool-1-thread-8] TRACE f.m.i.core.client.JerseyHttpClient - download: http://central.maven.org/maven2/ant/ant-apache-resolver/1.6.1/maven-metadata.xml
18:46:16.079 [pool-1-thread-7] TRACE f.m.indexer.artifact.MetadataHandler - match: http://central.maven.org/maven2/ant/ant/1.5.4/maven-metadata.xml
18:46:16.079 [pool-1-thread-7] TRACE f.m.i.core.client.JerseyHttpClient - download: http://central.maven.org/maven2/ant/ant-apache-resolver/1.6.2/maven-metadata.xml
18:46:16.079 [pool-1-thread-3] TRACE f.m.indexer.artifact.MetadataHandler - match: http://central.maven.org/maven2/ant/ant/1.6.4/maven-metadata.xml
18:46:16.079 [pool-1-thread-3] TRACE f.m.i.core.client.JerseyHttpClient - download: http://central.maven.org/maven2/ant/ant-apache-resolver/1.6.3/maven-metadata.xml
18:46:16.079 [pool-1-thread-2] TRACE f.m.indexer.artifact.MetadataHandler - match: http://central.maven.org/maven2/ant/ant/1.6.5/maven-metadata.xml
18:46:16.079 [pool-1-thread-2] TRACE f.m.i.core.client.JerseyHttpClient - download: http://central.maven.org/maven2/ant/ant-apache-resolver/1.6.4/maven-metadata.xml
18:46:16.079 [pool-1-thread-4] TRACE f.m.indexer.artifact.MetadataHandler - match: http://central.maven.org/maven2/ant/ant-commons-logging/1.6/maven-metadata.xml
18:46:16.079 [pool-1-thread-4] TRACE f.m.i.core.client.JerseyHttpClient - download: http://central.maven.org/maven2/ant/ant-apache-resolver/1.6.5/maven-metadata.xml
18:46:16.094 [pool-1-thread-10] TRACE f.m.indexer.artifact.MetadataHandler - match: http://central.maven.org/maven2/ant/ant-commons-logging/1.6.1/maven-metadata.xml
18:46:16.094 [pool-1-thread-5] TRACE f.m.indexer.artifact.MetadataHandler - match: http://central.maven.org/maven2/ant/ant-commons-logging/1.6.2/maven-metadata.xml
18:46:16.094 [pool-1-thread-10] TRACE f.m.i.core.client.JerseyHttpClient - download: http://central.maven.org/maven2/ant/ant-apache-regexp/1.6.2/maven-metadata.xml
18:46:16.094 [pool-1-thread-5] TRACE f.m.i.core.client.JerseyHttpClient - download: http://central.maven.org/maven2/ant/ant-apache-regexp/1.6.3/maven-metadata.xml
18:46:16.094 [pool-1-thread-9] TRACE f.m.indexer.artifact.MetadataHandler - match: http://central.maven.org/maven2/ant/ant-commons-logging/1.6.4/maven-metadata.xml
18:46:16.094 [pool-1-thread-9] TRACE f.m.i.core.client.JerseyHttpClient - download: http://central.maven.org/maven2/ant/ant-apache-resolver/1.6/maven-metadata.xml
18:46:16.094 [pool-1-thread-1] TRACE f.m.indexer.artifact.MetadataHandler - match: http://central.maven.org/maven2/ant/ant-commons-logging/1.6.3/maven-metadata.xml
18:46:16.094 [pool-1-thread-6] TRACE f.m.indexer.artifact.MetadataHandler - match: http://central.maven.org/maven2/ant/ant-commons-logging/1.6.5/maven-metadata.xml
18:46:16.094 [pool-1-thread-1] TRACE f.m.i.core.client.JerseyHttpClient - download: http://central.maven.org/maven2/ant/ant-apache-regexp/1.6.4/maven-metadata.xml
18:46:16.094 [pool-1-thread-6] TRACE f.m.i.core.client.JerseyHttpClient - download: http://central.maven.org/maven2/ant/ant-apache-regexp/1.6.5/maven-metadata.xml
18:46:16.110 [pool-1-thread-8] TRACE f.m.indexer.artifact.MetadataHandler - match: http://central.maven.org/maven2/ant/ant-apache-resolver/1.6.1/maven-metadata.xml
18:46:16.110 [pool-1-thread-7] TRACE f.m.indexer.artifact.MetadataHandler - match: http://central.maven.org/maven2/ant/ant-apache-resolver/1.6.2/maven-metadata.xml
18:46:16.110 [pool-1-thread-8] TRACE f.m.i.core.client.JerseyHttpClient - download: http://central.maven.org/maven2/ant/ant-apache-oro/1.6.2/maven-metadata.xml
18:46:16.110 [pool-1-thread-7] TRACE f.m.i.core.client.JerseyHttpClient - download: http://central.maven.org/maven2/ant/ant-apache-oro/1.6.3/maven-metadata.xml
18:46:16.110 [pool-1-thread-3] TRACE f.m.indexer.artifact.MetadataHandler - match: http://central.maven.org/maven2/ant/ant-apache-resolver/1.6.3/maven-metadata.xml
18:46:16.110 [pool-1-thread-3] TRACE f.m.i.core.client.JerseyHttpClient - download: http://central.maven.org/maven2/ant/ant-apache-oro/1.6.5/maven-metadata.xml
18:46:16.110 [pool-1-thread-2] TRACE f.m.indexer.artifact.MetadataHandler - match: http://central.maven.org/maven2/ant/ant-apache-resolver/1.6.4/maven-metadata.xml
18:46:16.110 [pool-1-thread-2] TRACE f.m.i.core.client.JerseyHttpClient - download: http://central.maven.org/maven2/ant/ant-apache-oro/1.6.4/maven-metadata.xml
18:46:16.126 [pool-1-thread-10] TRACE f.m.indexer.artifact.MetadataHandler - match: http://central.maven.org/maven2/ant/ant-apache-regexp/1.6.2/maven-metadata.xml
18:46:16.126 [pool-1-thread-5] TRACE f.m.indexer.artifact.MetadataHandler - match: http://central.maven.org/maven2/ant/ant-apache-regexp/1.6.3/maven-metadata.xml
18:46:16.126 [pool-1-thread-10] TRACE f.m.i.core.client.JerseyHttpClient - download: http://central.maven.org/maven2/ant/ant-apache-log4j/1.6.2/maven-metadata.xml
18:46:16.126 [pool-1-thread-5] TRACE f.m.i.core.client.JerseyHttpClient - download: http://central.maven.org/maven2/ant/ant-apache-log4j/1.6.3/maven-metadata.xml
18:46:16.126 [pool-1-thread-4] TRACE f.m.indexer.artifact.MetadataHandler - match: http://central.maven.org/maven2/ant/ant-apache-resolver/1.6.5/maven-metadata.xml
18:46:16.126 [pool-1-thread-4] TRACE f.m.i.core.client.JerseyHttpClient - download: http://central.maven.org/maven2/ant/ant-apache-log4j/1.6.4/maven-metadata.xml
18:46:16.126 [pool-1-thread-6] TRACE f.m.indexer.artifact.MetadataHandler - match: http://central.maven.org/maven2/ant/ant-apache-regexp/1.6.5/maven-metadata.xml
18:46:16.126 [pool-1-thread-6] TRACE f.m.i.core.client.JerseyHttpClient - download: http://central.maven.org/maven2/ant/ant-apache-log4j/1.6.5/maven-metadata.xml
18:46:16.126 [pool-1-thread-9] TRACE f.m.indexer.artifact.MetadataHandler - match: http://central.maven.org/maven2/ant/ant-apache-resolver/1.6/maven-metadata.xml
18:46:16.141 [pool-1-thread-9] TRACE f.m.i.core.client.JerseyHttpClient - download: http://central.maven.org/maven2/ant/ant-apache-bsf/1.6/maven-metadata.xml
18:46:16.141 [pool-1-thread-7] TRACE f.m.indexer.artifact.MetadataHandler - match: http://central.maven.org/maven2/ant/ant-apache-oro/1.6.3/maven-metadata.xml
18:46:16.141 [pool-1-thread-8] TRACE f.m.indexer.artifact.MetadataHandler - match: http://central.maven.org/maven2/ant/ant-apache-oro/1.6.2/maven-metadata.xml
18:46:16.141 [pool-1-thread-7] TRACE f.m.i.core.client.JerseyHttpClient - download: http://central.maven.org/maven2/ant/ant-apache-bsf/1.6.4/maven-metadata.xml
18:46:16.141 [pool-1-thread-8] TRACE f.m.i.core.client.JerseyHttpClient - download: http://central.maven.org/maven2/ant/ant-apache-bsf/1.6.3/maven-metadata.xml
18:46:16.141 [pool-1-thread-1] TRACE f.m.indexer.artifact.MetadataHandler - match: http://central.maven.org/maven2/ant/ant-apache-regexp/1.6.4/maven-metadata.xml
18:46:16.141 [pool-1-thread-3] TRACE f.m.indexer.artifact.MetadataHandler - match: http://central.maven.org/maven2/ant/ant-apache-oro/1.6.5/maven-metadata.xml
18:46:16.141 [pool-1-thread-1] TRACE f.m.i.core.client.JerseyHttpClient - download: http://central.maven.org/maven2/ant/ant-apache-bsf/1.6.5/maven-metadata.xml
18:46:16.141 [pool-1-thread-3] TRACE f.m.i.core.client.JerseyHttpClient - download: http://central.maven.org/maven2/ant/ant-apache-bsf/1.6.2/maven-metadata.xml
18:46:16.141 [pool-1-thread-2] TRACE f.m.indexer.artifact.MetadataHandler - match: http://central.maven.org/maven2/ant/ant-apache-oro/1.6.4/maven-metadata.xml
18:46:16.157 [pool-1-thread-2] TRACE f.m.i.core.client.JerseyHttpClient - download: http://central.maven.org/maven2/ant/ant-apache-bcel/1.6.3/maven-metadata.xml
18:46:16.157 [pool-1-thread-10] TRACE f.m.indexer.artifact.MetadataHandler - match: http://central.maven.org/maven2/ant/ant-apache-log4j/1.6.2/maven-metadata.xml
18:46:16.157 [pool-1-thread-5] TRACE f.m.indexer.artifact.MetadataHandler - match: http://central.maven.org/maven2/ant/ant-apache-log4j/1.6.3/maven-metadata.xml
18:46:16.157 [pool-1-thread-4] TRACE f.m.indexer.artifact.MetadataHandler - match: http://central.maven.org/maven2/ant/ant-apache-log4j/1.6.4/maven-metadata.xml
18:46:16.157 [pool-1-thread-10] TRACE f.m.i.core.client.JerseyHttpClient - download: http://central.maven.org/maven2/ant/ant-apache-bcel/1.6.4/maven-metadata.xml
18:46:16.170 [pool-1-thread-4] TRACE f.m.i.core.client.JerseyHttpClient - download: http://central.maven.org/maven2/ant/ant-apache-bsf/1.6.1/maven-metadata.xml
18:46:16.170 [pool-1-thread-5] TRACE f.m.i.core.client.JerseyHttpClient - download: http://central.maven.org/maven2/ant/ant-apache-bcel/1.6.2/maven-metadata.xml
18:46:16.179 [pool-1-thread-6] TRACE f.m.indexer.artifact.MetadataHandler - match: http://central.maven.org/maven2/ant/ant-apache-log4j/1.6.5/maven-metadata.xml
18:46:16.181 [pool-1-thread-8] TRACE f.m.indexer.artifact.MetadataHandler - match: http://central.maven.org/maven2/ant/ant-apache-bsf/1.6.3/maven-metadata.xml
18:46:16.181 [pool-1-thread-6] TRACE f.m.i.core.client.JerseyHttpClient - download: http://central.maven.org/maven2/ant/ant-apache-bcel/1.6.5/maven-metadata.xml
18:46:16.183 [pool-1-thread-8] TRACE f.m.i.core.client.JerseyHttpClient - download: http://central.maven.org/maven2/ant/ant-antlr/1.6/maven-metadata.xml
18:46:16.185 [pool-1-thread-7] TRACE f.m.indexer.artifact.MetadataHandler - match: http://central.maven.org/maven2/ant/ant-apache-bsf/1.6.4/maven-metadata.xml
18:46:16.193 [pool-1-thread-2] TRACE f.m.indexer.artifact.MetadataHandler - match: http://central.maven.org/maven2/ant/ant-apache-bcel/1.6.3/maven-metadata.xml
18:46:16.193 [pool-1-thread-4] TRACE f.m.indexer.artifact.MetadataHandler - match: http://central.maven.org/maven2/ant/ant-apache-bsf/1.6.1/maven-metadata.xml
18:46:16.193 [pool-1-thread-10] TRACE f.m.indexer.artifact.MetadataHandler - match: http://central.maven.org/maven2/ant/ant-apache-bcel/1.6.4/maven-metadata.xml
18:46:16.193 [pool-1-thread-5] TRACE f.m.indexer.artifact.MetadataHandler - match: http://central.maven.org/maven2/ant/ant-apache-bcel/1.6.2/maven-metadata.xml
18:46:16.193 [pool-1-thread-7] TRACE f.m.i.core.client.JerseyHttpClient - download: http://central.maven.org/maven2/ant/ant-antlr/1.6.1/maven-metadata.xml
18:46:16.193 [pool-1-thread-9] TRACE f.m.indexer.artifact.MetadataHandler - match: http://central.maven.org/maven2/ant/ant-apache-bsf/1.6/maven-metadata.xml
18:46:16.193 [pool-1-thread-3] TRACE f.m.indexer.artifact.MetadataHandler - match: http://central.maven.org/maven2/ant/ant-apache-bsf/1.6.2/maven-metadata.xml
18:46:16.193 [pool-1-thread-1] TRACE f.m.indexer.artifact.MetadataHandler - match: http://central.maven.org/maven2/ant/ant-apache-bsf/1.6.5/maven-metadata.xml
18:46:16.193 [pool-1-thread-4] TRACE f.m.i.core.client.JerseyHttpClient - download: http://central.maven.org/maven2/ant/ant-antlr/1.6.3/maven-metadata.xml
18:46:16.193 [pool-1-thread-2] TRACE f.m.i.core.client.JerseyHttpClient - download: http://central.maven.org/maven2/ant/ant-antlr/1.6.2/maven-metadata.xml
18:46:16.193 [pool-1-thread-10] TRACE f.m.i.core.client.JerseyHttpClient - download: http://central.maven.org/maven2/ant/ant-antlr/1.6.5/maven-metadata.xml
18:46:16.193 [pool-1-thread-5] TRACE f.m.i.core.client.JerseyHttpClient - download: http://central.maven.org/maven2/ant/ant-antlr/1.6.4/maven-metadata.xml
18:46:16.193 [pool-1-thread-9] TRACE f.m.i.core.client.JerseyHttpClient - download: http://central.maven.org/maven2/ant/ant-jakarta-bcel/1.6/maven-metadata.xml
18:46:16.193 [pool-1-thread-3] TRACE f.m.i.core.client.JerseyHttpClient - download: http://central.maven.org/maven2/ant/ant-jakarta-log4j/1.6/maven-metadata.xml
18:46:16.209 [pool-1-thread-1] TRACE f.m.i.core.client.JerseyHttpClient - download: http://central.maven.org/maven2/ant/ant-jakarta-log4j/1.6.1/maven-metadata.xml
18:46:16.225 [pool-1-thread-6] TRACE f.m.indexer.artifact.MetadataHandler - match: http://central.maven.org/maven2/ant/ant-apache-bcel/1.6.5/maven-metadata.xml
18:46:16.225 [pool-1-thread-8] TRACE f.m.indexer.artifact.MetadataHandler - match: http://central.maven.org/maven2/ant/ant-antlr/1.6/maven-metadata.xml
18:46:16.225 [pool-1-thread-6] TRACE f.m.i.core.client.JerseyHttpClient - download: http://central.maven.org/maven2/ant/ant-jakarta-oro/1.6/maven-metadata.xml
18:46:16.225 [pool-1-thread-8] TRACE f.m.i.core.client.JerseyHttpClient - download: http://central.maven.org/maven2/ant/ant-jakarta-oro/1.6.1/maven-metadata.xml
18:46:16.240 [pool-1-thread-7] TRACE f.m.indexer.artifact.MetadataHandler - match: http://central.maven.org/maven2/ant/ant-antlr/1.6.1/maven-metadata.xml
18:46:16.240 [pool-1-thread-7] TRACE f.m.i.core.client.JerseyHttpClient - download: http://central.maven.org/maven2/ant/ant-jdepend/1.6/maven-metadata.xml
18:46:16.272 [pool-1-thread-4] TRACE f.m.indexer.artifact.MetadataHandler - match: http://central.maven.org/maven2/ant/ant-antlr/1.6.3/maven-metadata.xml
18:46:16.272 [pool-1-thread-10] TRACE f.m.indexer.artifact.MetadataHandler - match: http://central.maven.org/maven2/ant/ant-antlr/1.6.5/maven-metadata.xml
18:46:16.272 [pool-1-thread-4] TRACE f.m.i.core.client.JerseyHttpClient - download: http://central.maven.org/maven2/ant/ant-jakarta-bcel/1.6.1/maven-metadata.xml
18:46:16.272 [pool-1-thread-9] TRACE f.m.indexer.artifact.MetadataHandler - match: http://central.maven.org/maven2/ant/ant-jakarta-bcel/1.6/maven-metadata.xml
18:46:16.272 [pool-1-thread-10] TRACE f.m.i.core.client.JerseyHttpClient - download: http://central.maven.org/maven2/ant/ant-jdepend/1.6.1/maven-metadata.xml
18:46:16.272 [pool-1-thread-9] TRACE f.m.i.core.client.JerseyHttpClient - download: http://central.maven.org/maven2/ant/ant-jdepend/1.6.2/maven-metadata.xml
18:46:16.272 [pool-1-thread-5] TRACE f.m.indexer.artifact.MetadataHandler - match: http://central.maven.org/maven2/ant/ant-antlr/1.6.4/maven-metadata.xml
18:46:16.272 [pool-1-thread-2] TRACE f.m.indexer.artifact.MetadataHandler - match: http://central.maven.org/maven2/ant/ant-antlr/1.6.2/maven-metadata.xml
18:46:16.272 [pool-1-thread-5] TRACE f.m.i.core.client.JerseyHttpClient - download: http://central.maven.org/maven2/ant/ant-jdepend/1.6.3/maven-metadata.xml
18:46:16.272 [pool-1-thread-2] TRACE f.m.i.core.client.JerseyHttpClient - download: http://central.maven.org/maven2/ant/ant-jdepend/1.6.4/maven-metadata.xml
18:46:16.272 [pool-1-thread-8] TRACE f.m.indexer.artifact.MetadataHandler - match: http://central.maven.org/maven2/ant/ant-jakarta-oro/1.6.1/maven-metadata.xml
18:46:16.287 [pool-1-thread-3] TRACE f.m.indexer.artifact.MetadataHandler - match: http://central.maven.org/maven2/ant/ant-jakarta-log4j/1.6/maven-metadata.xml
18:46:16.287 [pool-1-thread-8] TRACE f.m.i.core.client.JerseyHttpClient - download: http://central.maven.org/maven2/ant/ant-javamail/1.6/maven-metadata.xml
18:46:16.287 [pool-1-thread-6] TRACE f.m.indexer.artifact.MetadataHandler - match: http://central.maven.org/maven2/ant/ant-jakarta-oro/1.6/maven-metadata.xml
18:46:16.287 [pool-1-thread-1] TRACE f.m.indexer.artifact.MetadataHandler - match: http://central.maven.org/maven2/ant/ant-jakarta-log4j/1.6.1/maven-metadata.xml
18:46:16.287 [pool-1-thread-3] TRACE f.m.i.core.client.JerseyHttpClient - download: http://central.maven.org/maven2/ant/ant-javamail/1.6.2/maven-metadata.xml
18:46:16.287 [pool-1-thread-6] TRACE f.m.i.core.client.JerseyHttpClient - download: http://central.maven.org/maven2/ant/ant-javamail/1.6.1/maven-metadata.xml
18:46:16.287 [pool-1-thread-1] TRACE f.m.i.core.client.JerseyHttpClient - download: http://central.maven.org/maven2/ant/ant-javamail/1.6.4/maven-metadata.xml
18:46:16.334 [pool-1-thread-4] TRACE f.m.indexer.artifact.MetadataHandler - match: http://central.maven.org/maven2/ant/ant-jakarta-bcel/1.6.1/maven-metadata.xml
18:46:16.334 [pool-1-thread-10] TRACE f.m.indexer.artifact.MetadataHandler - match: http://central.maven.org/maven2/ant/ant-jdepend/1.6.1/maven-metadata.xml
18:46:16.334 [pool-1-thread-4] TRACE f.m.i.core.client.JerseyHttpClient - download: http://central.maven.org/maven2/ant/ant-jdepend/1.6.5/maven-metadata.xml
18:46:16.334 [pool-1-thread-10] TRACE f.m.i.core.client.JerseyHttpClient - download: http://central.maven.org/maven2/ant/ant-javamail/1.6.5/maven-metadata.xml
18:46:16.334 [pool-1-thread-5] TRACE f.m.indexer.artifact.MetadataHandler - match: http://central.maven.org/maven2/ant/ant-jdepend/1.6.3/maven-metadata.xml
18:46:16.334 [pool-1-thread-5] TRACE f.m.i.core.client.JerseyHttpClient - download: http://central.maven.org/maven2/ant/ant-jsch/1.6.2/maven-metadata.xml
18:46:16.334 [pool-1-thread-8] TRACE f.m.indexer.artifact.MetadataHandler - match: http://central.maven.org/maven2/ant/ant-javamail/1.6/maven-metadata.xml
18:46:16.334 [pool-1-thread-8] TRACE f.m.i.core.client.JerseyHttpClient - download: http://central.maven.org/maven2/ant/ant-jsch/1.6.5/maven-metadata.xml
18:46:16.350 [pool-1-thread-3] TRACE f.m.indexer.artifact.MetadataHandler - match: http://central.maven.org/maven2/ant/ant-javamail/1.6.2/maven-metadata.xml
18:46:16.350 [pool-1-thread-6] TRACE f.m.indexer.artifact.MetadataHandler - match: http://central.maven.org/maven2/ant/ant-javamail/1.6.1/maven-metadata.xml
18:46:16.350 [pool-1-thread-3] TRACE f.m.i.core.client.JerseyHttpClient - download: http://central.maven.org/maven2/ant/ant-jsch/1.6.1/maven-metadata.xml
18:46:16.350 [pool-1-thread-6] TRACE f.m.i.core.client.JerseyHttpClient - download: http://central.maven.org/maven2/ant/ant-jsch/1.6.4/maven-metadata.xml
18:46:16.350 [pool-1-thread-1] TRACE f.m.indexer.artifact.MetadataHandler - match: http://central.maven.org/maven2/ant/ant-javamail/1.6.4/maven-metadata.xml
18:46:16.350 [pool-1-thread-9] TRACE f.m.indexer.artifact.MetadataHandler - match: http://central.maven.org/maven2/ant/ant-jdepend/1.6.2/maven-metadata.xml
18:46:16.350 [pool-1-thread-1] TRACE f.m.i.core.client.JerseyHttpClient - download: http://central.maven.org/maven2/ant/ant-jsch/1.6.3/maven-metadata.xml
18:46:16.350 [pool-1-thread-9] TRACE f.m.i.core.client.JerseyHttpClient - download: http://central.maven.org/maven2/ant/ant-jsch/1.6/maven-metadata.xml
18:46:16.350 [pool-1-thread-2] TRACE f.m.indexer.artifact.MetadataHandler - match: http://central.maven.org/maven2/ant/ant-jdepend/1.6.4/maven-metadata.xml
18:46:16.365 [pool-1-thread-2] TRACE f.m.i.core.client.JerseyHttpClient - download: http://central.maven.org/maven2/ant/ant-javamail/1.6.3/maven-metadata.xml
18:46:16.365 [pool-1-thread-7] TRACE f.m.indexer.artifact.MetadataHandler - match: http://central.maven.org/maven2/ant/ant-jdepend/1.6/maven-metadata.xml
18:46:16.381 [pool-1-thread-7] TRACE f.m.i.core.client.JerseyHttpClient - download: http://central.maven.org/maven2/ant/ant-jmf/1.6/maven-metadata.xml
18:46:16.381 [pool-1-thread-4] TRACE f.m.indexer.artifact.MetadataHandler - match: http://central.maven.org/maven2/ant/ant-jdepend/1.6.5/maven-metadata.xml
18:46:16.381 [pool-1-thread-5] TRACE f.m.indexer.artifact.MetadataHandler - match: http://central.maven.org/maven2/ant/ant-jsch/1.6.2/maven-metadata.xml
18:46:16.381 [pool-1-thread-4] TRACE f.m.i.core.client.JerseyHttpClient - download: http://central.maven.org/maven2/ant/ant-netrexx/1.6.1/maven-metadata.xml
18:46:16.381 [pool-1-thread-5] TRACE f.m.i.core.client.JerseyHttpClient - download: http://central.maven.org/maven2/ant/ant-jmf/1.6.1/maven-metadata.xml
18:46:16.381 [pool-1-thread-3] TRACE f.m.indexer.artifact.MetadataHandler - match: http://central.maven.org/maven2/ant/ant-jsch/1.6.1/maven-metadata.xml
18:46:16.381 [pool-1-thread-6] TRACE f.m.indexer.artifact.MetadataHandler - match: http://central.maven.org/maven2/ant/ant-jsch/1.6.4/maven-metadata.xml
18:46:16.397 [pool-1-thread-3] TRACE f.m.i.core.client.JerseyHttpClient - download: http://central.maven.org/maven2/ant/ant-netrexx/1.6.2/maven-metadata.xml
18:46:16.397 [pool-1-thread-6] TRACE f.m.i.core.client.JerseyHttpClient - download: http://central.maven.org/maven2/ant/ant-netrexx/1.6/maven-metadata.xml
18:46:16.397 [pool-1-thread-9] TRACE f.m.indexer.artifact.MetadataHandler - match: http://central.maven.org/maven2/ant/ant-jsch/1.6/maven-metadata.xml
18:46:16.397 [pool-1-thread-2] TRACE f.m.indexer.artifact.MetadataHandler - match: http://central.maven.org/maven2/ant/ant-javamail/1.6.3/maven-metadata.xml
18:46:16.397 [pool-1-thread-9] TRACE f.m.i.core.client.JerseyHttpClient - download: http://central.maven.org/maven2/ant/ant-netrexx/1.6.3/maven-metadata.xml
18:46:16.397 [pool-1-thread-2] TRACE f.m.i.core.client.JerseyHttpClient - download: http://central.maven.org/maven2/ant/ant-junit/1.6/maven-metadata.xml
18:46:16.397 [pool-1-thread-8] TRACE f.m.indexer.artifact.MetadataHandler - match: http://central.maven.org/maven2/ant/ant-jsch/1.6.5/maven-metadata.xml
18:46:16.397 [pool-1-thread-8] TRACE f.m.i.core.client.JerseyHttpClient - download: http://central.maven.org/maven2/ant/ant-jmf/1.6.2/maven-metadata.xml
18:46:16.397 [pool-1-thread-10] TRACE f.m.indexer.artifact.MetadataHandler - match: http://central.maven.org/maven2/ant/ant-javamail/1.6.5/maven-metadata.xml
18:46:16.397 [pool-1-thread-10] TRACE f.m.i.core.client.JerseyHttpClient - download: http://central.maven.org/maven2/ant/ant-netrexx/1.6.4/maven-metadata.xml
18:46:16.412 [pool-1-thread-7] TRACE f.m.indexer.artifact.MetadataHandler - match: http://central.maven.org/maven2/ant/ant-jmf/1.6/maven-metadata.xml
18:46:16.412 [pool-1-thread-7] TRACE f.m.i.core.client.JerseyHttpClient - download: http://central.maven.org/maven2/ant/ant-netrexx/1.6.5/maven-metadata.xml
18:46:16.412 [pool-1-thread-4] TRACE f.m.indexer.artifact.MetadataHandler - match: http://central.maven.org/maven2/ant/ant-netrexx/1.6.1/maven-metadata.xml
18:46:16.412 [pool-1-thread-4] TRACE f.m.i.core.client.JerseyHttpClient - download: http://central.maven.org/maven2/ant/ant-junit/1.6.2/maven-metadata.xml
18:46:16.428 [pool-1-thread-5] TRACE f.m.indexer.artifact.MetadataHandler - match: http://central.maven.org/maven2/ant/ant-jmf/1.6.1/maven-metadata.xml
18:46:16.428 [pool-1-thread-5] TRACE f.m.i.core.client.JerseyHttpClient - download: http://central.maven.org/maven2/ant/ant-junit/1.6.1/maven-metadata.xml
18:46:16.428 [pool-1-thread-1] TRACE f.m.indexer.artifact.MetadataHandler - match: http://central.maven.org/maven2/ant/ant-jsch/1.6.3/maven-metadata.xml
18:46:16.428 [pool-1-thread-1] TRACE f.m.i.core.client.JerseyHttpClient - download: http://central.maven.org/maven2/ant/ant-junit/1.6.4/maven-metadata.xml
18:46:16.459 [pool-1-thread-3] TRACE f.m.indexer.artifact.MetadataHandler - match: http://central.maven.org/maven2/ant/ant-netrexx/1.6.2/maven-metadata.xml
18:46:16.459 [pool-1-thread-3] TRACE f.m.i.core.client.JerseyHttpClient - download: http://central.maven.org/maven2/ant/ant-junit/1.6.3/maven-metadata.xml
18:46:16.459 [pool-1-thread-9] TRACE f.m.indexer.artifact.MetadataHandler - match: http://central.maven.org/maven2/ant/ant-netrexx/1.6.3/maven-metadata.xml
18:46:16.475 [pool-1-thread-9] TRACE f.m.i.core.client.JerseyHttpClient - download: http://central.maven.org/maven2/ant/ant-junit/1.6.5/maven-metadata.xml
18:46:16.475 [pool-1-thread-2] TRACE f.m.indexer.artifact.MetadataHandler - match: http://central.maven.org/maven2/ant/ant-junit/1.6/maven-metadata.xml
18:46:16.475 [pool-1-thread-2] TRACE f.m.i.core.client.JerseyHttpClient - download: http://central.maven.org/maven2/ant/ant-jmf/1.6.3/maven-metadata.xml
18:46:16.475 [pool-1-thread-8] TRACE f.m.indexer.artifact.MetadataHandler - match: http://central.maven.org/maven2/ant/ant-jmf/1.6.2/maven-metadata.xml
18:46:16.475 [pool-1-thread-8] TRACE f.m.i.core.client.JerseyHttpClient - download: http://central.maven.org/maven2/ant/ant-launcher/1.6/maven-metadata.xml
18:46:16.475 [pool-1-thread-7] TRACE f.m.indexer.artifact.MetadataHandler - match: http://central.maven.org/maven2/ant/ant-netrexx/1.6.5/maven-metadata.xml
18:46:16.475 [pool-1-thread-7] TRACE f.m.i.core.client.JerseyHttpClient - download: http://central.maven.org/maven2/ant/ant-jmf/1.6.4/maven-metadata.xml
18:46:16.475 [pool-1-thread-4] TRACE f.m.indexer.artifact.MetadataHandler - match: http://central.maven.org/maven2/ant/ant-junit/1.6.2/maven-metadata.xml
18:46:16.475 [pool-1-thread-4] TRACE f.m.i.core.client.JerseyHttpClient - download: http://central.maven.org/maven2/ant/ant-launcher/1.6.1/maven-metadata.xml
18:46:16.475 [pool-1-thread-10] TRACE f.m.indexer.artifact.MetadataHandler - match: http://central.maven.org/maven2/ant/ant-netrexx/1.6.4/maven-metadata.xml
18:46:16.490 [pool-1-thread-10] TRACE f.m.i.core.client.JerseyHttpClient - download: http://central.maven.org/maven2/ant/ant-jmf/1.6.5/maven-metadata.xml
18:46:16.490 [pool-1-thread-6] TRACE f.m.indexer.artifact.MetadataHandler - match: http://central.maven.org/maven2/ant/ant-netrexx/1.6/maven-metadata.xml
18:46:16.490 [pool-1-thread-5] TRACE f.m.indexer.artifact.MetadataHandler - match: http://central.maven.org/maven2/ant/ant-junit/1.6.1/maven-metadata.xml
18:46:16.490 [pool-1-thread-6] TRACE f.m.i.core.client.JerseyHttpClient - download: http://central.maven.org/maven2/ant/ant-launcher/1.6.2/maven-metadata.xml
18:46:16.490 [pool-1-thread-5] TRACE f.m.i.core.client.JerseyHttpClient - download: http://central.maven.org/maven2/ant/ant-launcher/1.6.3/maven-metadata.xml
18:46:16.490 [pool-1-thread-1] TRACE f.m.indexer.artifact.MetadataHandler - match: http://central.maven.org/maven2/ant/ant-junit/1.6.4/maven-metadata.xml
18:46:16.490 [pool-1-thread-1] TRACE f.m.i.core.client.JerseyHttpClient - download: http://central.maven.org/maven2/ant/ant-launcher/1.6.5/maven-metadata.xml
18:46:16.522 [pool-1-thread-2] TRACE f.m.indexer.artifact.MetadataHandler - match: http://central.maven.org/maven2/ant/ant-jmf/1.6.3/maven-metadata.xml
18:46:16.522 [pool-1-thread-9] TRACE f.m.indexer.artifact.MetadataHandler - match: http://central.maven.org/maven2/ant/ant-junit/1.6.5/maven-metadata.xml
18:46:16.522 [pool-1-thread-2] TRACE f.m.i.core.client.JerseyHttpClient - download: http://central.maven.org/maven2/ant/ant-nodeps/1.6/maven-metadata.xml
18:46:16.522 [pool-1-thread-9] TRACE f.m.i.core.client.JerseyHttpClient - download: http://central.maven.org/maven2/ant/ant-launcher/1.6.4/maven-metadata.xml
18:46:16.522 [pool-1-thread-7] TRACE f.m.indexer.artifact.MetadataHandler - match: http://central.maven.org/maven2/ant/ant-jmf/1.6.4/maven-metadata.xml
18:46:16.522 [pool-1-thread-8] TRACE f.m.indexer.artifact.MetadataHandler - match: http://central.maven.org/maven2/ant/ant-launcher/1.6/maven-metadata.xml
18:46:16.522 [pool-1-thread-7] TRACE f.m.i.core.client.JerseyHttpClient - download: http://central.maven.org/maven2/ant/ant-nodeps/1.6.1/maven-metadata.xml
18:46:16.522 [pool-1-thread-8] TRACE f.m.i.core.client.JerseyHttpClient - download: http://central.maven.org/maven2/ant/ant-nodeps/1.6.2/maven-metadata.xml
18:46:16.522 [pool-1-thread-4] TRACE f.m.indexer.artifact.MetadataHandler - match: http://central.maven.org/maven2/ant/ant-launcher/1.6.1/maven-metadata.xml
18:46:16.537 [pool-1-thread-4] TRACE f.m.i.core.client.JerseyHttpClient - download: http://central.maven.org/maven2/ant/ant-nodeps/1.6.3/maven-metadata.xml
18:46:16.537 [pool-1-thread-10] TRACE f.m.indexer.artifact.MetadataHandler - match: http://central.maven.org/maven2/ant/ant-jmf/1.6.5/maven-metadata.xml
18:46:16.537 [pool-1-thread-10] TRACE f.m.i.core.client.JerseyHttpClient - download: http://central.maven.org/maven2/ant/ant-nodeps/1.6.5/maven-metadata.xml
18:46:16.537 [pool-1-thread-5] TRACE f.m.indexer.artifact.MetadataHandler - match: http://central.maven.org/maven2/ant/ant-launcher/1.6.3/maven-metadata.xml
18:46:16.537 [pool-1-thread-5] TRACE f.m.i.core.client.JerseyHttpClient - download: http://central.maven.org/maven2/ant/ant-optional/1.4.1/maven-metadata.xml
18:46:16.537 [pool-1-thread-6] TRACE f.m.indexer.artifact.MetadataHandler - match: http://central.maven.org/maven2/ant/ant-launcher/1.6.2/maven-metadata.xml
18:46:16.537 [pool-1-thread-6] TRACE f.m.i.core.client.JerseyHttpClient - download: http://central.maven.org/maven2/ant/ant-nodeps/1.6.4/maven-metadata.xml
18:46:16.537 [pool-1-thread-3] TRACE f.m.indexer.artifact.MetadataHandler - match: http://central.maven.org/maven2/ant/ant-junit/1.6.3/maven-metadata.xml
18:46:16.553 [pool-1-thread-3] TRACE f.m.i.core.client.JerseyHttpClient - download: http://central.maven.org/maven2/ant/ant-optional/1.5/maven-metadata.xml
18:46:16.553 [pool-1-thread-1] TRACE f.m.indexer.artifact.MetadataHandler - match: http://central.maven.org/maven2/ant/ant-launcher/1.6.5/maven-metadata.xml
18:46:16.553 [pool-1-thread-1] TRACE f.m.i.core.client.JerseyHttpClient - download: http://central.maven.org/maven2/ant/ant-optional/1.5.1/maven-metadata.xml
18:46:16.568 [pool-1-thread-2] TRACE f.m.indexer.artifact.MetadataHandler - match: http://central.maven.org/maven2/ant/ant-nodeps/1.6/maven-metadata.xml
18:46:16.568 [pool-1-thread-9] TRACE f.m.indexer.artifact.MetadataHandler - match: http://central.maven.org/maven2/ant/ant-launcher/1.6.4/maven-metadata.xml
18:46:16.568 [pool-1-thread-9] TRACE f.m.i.core.client.JerseyHttpClient - download: http://central.maven.org/maven2/ant/ant-optional/1.5.3-1/maven-metadata.xml
18:46:16.568 [pool-1-thread-2] TRACE f.m.i.core.client.JerseyHttpClient - download: http://central.maven.org/maven2/ant/ant-optional/1.5.2/maven-metadata.xml
18:46:16.568 [pool-1-thread-7] TRACE f.m.indexer.artifact.MetadataHandler - match: http://central.maven.org/maven2/ant/ant-nodeps/1.6.1/maven-metadata.xml
18:46:16.568 [pool-1-thread-8] TRACE f.m.indexer.artifact.MetadataHandler - match: http://central.maven.org/maven2/ant/ant-nodeps/1.6.2/maven-metadata.xml
18:46:16.568 [pool-1-thread-7] TRACE f.m.i.core.client.JerseyHttpClient - download: http://central.maven.org/maven2/ant/ant-starteam/1.6/maven-metadata.xml
18:46:16.584 [pool-1-thread-8] TRACE f.m.i.core.client.JerseyHttpClient - download: http://central.maven.org/maven2/ant/ant-starteam/1.6.1/maven-metadata.xml
18:46:16.584 [pool-1-thread-10] TRACE f.m.indexer.artifact.MetadataHandler - match: http://central.maven.org/maven2/ant/ant-nodeps/1.6.5/maven-metadata.xml
18:46:16.584 [pool-1-thread-10] TRACE f.m.i.core.client.JerseyHttpClient - download: http://central.maven.org/maven2/ant/ant-starteam/1.6.2/maven-metadata.xml
18:46:16.584 [pool-1-thread-5] TRACE f.m.indexer.artifact.MetadataHandler - match: http://central.maven.org/maven2/ant/ant-optional/1.4.1/maven-metadata.xml
18:46:16.584 [pool-1-thread-6] TRACE f.m.indexer.artifact.MetadataHandler - match: http://central.maven.org/maven2/ant/ant-nodeps/1.6.4/maven-metadata.xml
18:46:16.584 [pool-1-thread-5] TRACE f.m.i.core.client.JerseyHttpClient - download: http://central.maven.org/maven2/ant/ant-starteam/1.6.3/maven-metadata.xml
18:46:16.584 [pool-1-thread-6] TRACE f.m.i.core.client.JerseyHttpClient - download: http://central.maven.org/maven2/ant/ant-starteam/1.6.4/maven-metadata.xml
18:46:16.600 [pool-1-thread-3] TRACE f.m.indexer.artifact.MetadataHandler - match: http://central.maven.org/maven2/ant/ant-optional/1.5/maven-metadata.xml
18:46:16.600 [pool-1-thread-1] TRACE f.m.indexer.artifact.MetadataHandler - match: http://central.maven.org/maven2/ant/ant-optional/1.5.1/maven-metadata.xml
18:46:16.600 [pool-1-thread-3] TRACE f.m.i.core.client.JerseyHttpClient - download: http://central.maven.org/maven2/ant/ant-starteam/1.6.5/maven-metadata.xml
18:46:16.600 [pool-1-thread-1] TRACE f.m.i.core.client.JerseyHttpClient - download: http://central.maven.org/maven2/ant/ant-jakarta-regexp/1.6/maven-metadata.xml
18:46:16.600 [pool-1-thread-4] TRACE f.m.indexer.artifact.MetadataHandler - match: http://central.maven.org/maven2/ant/ant-nodeps/1.6.3/maven-metadata.xml
18:46:16.600 [pool-1-thread-4] TRACE f.m.i.core.client.JerseyHttpClient - download: http://central.maven.org/maven2/ant/ant-jakarta-regexp/1.6.1/maven-metadata.xml
18:46:16.615 [pool-1-thread-2] TRACE f.m.indexer.artifact.MetadataHandler - match: http://central.maven.org/maven2/ant/ant-optional/1.5.2/maven-metadata.xml
18:46:16.615 [pool-1-thread-2] TRACE f.m.i.core.client.JerseyHttpClient - download: http://central.maven.org/maven2/ant/ant-weblogic/1.6/maven-metadata.xml
18:46:16.631 [pool-1-thread-7] TRACE f.m.indexer.artifact.MetadataHandler - match: http://central.maven.org/maven2/ant/ant-starteam/1.6/maven-metadata.xml
18:46:16.636 [pool-1-thread-8] TRACE f.m.indexer.artifact.MetadataHandler - match: http://central.maven.org/maven2/ant/ant-starteam/1.6.1/maven-metadata.xml
18:46:16.636 [pool-1-thread-7] TRACE f.m.i.core.client.JerseyHttpClient - download: http://central.maven.org/maven2/ant/ant-weblogic/1.6.2/maven-metadata.xml
18:46:16.637 [pool-1-thread-8] TRACE f.m.i.core.client.JerseyHttpClient - download: http://central.maven.org/maven2/ant/ant-weblogic/1.6.1/maven-metadata.xml
18:46:16.639 [pool-1-thread-6] TRACE f.m.indexer.artifact.MetadataHandler - match: http://central.maven.org/maven2/ant/ant-starteam/1.6.4/maven-metadata.xml
18:46:16.639 [pool-1-thread-5] TRACE f.m.indexer.artifact.MetadataHandler - match: http://central.maven.org/maven2/ant/ant-starteam/1.6.3/maven-metadata.xml
18:46:16.641 [pool-1-thread-5] TRACE f.m.i.core.client.JerseyHttpClient - download: http://central.maven.org/maven2/ant/ant-weblogic/1.6.4/maven-metadata.xml
18:46:16.641 [pool-1-thread-6] TRACE f.m.i.core.client.JerseyHttpClient - download: http://central.maven.org/maven2/ant/ant-weblogic/1.6.5/maven-metadata.xml
18:46:16.642 [pool-1-thread-1] TRACE f.m.indexer.artifact.MetadataHandler - match: http://central.maven.org/maven2/ant/ant-jakarta-regexp/1.6/maven-metadata.xml
18:46:16.644 [pool-1-thread-1] TRACE f.m.i.core.client.JerseyHttpClient - download: http://central.maven.org/maven2/ant/ant-weblogic/1.6.3/maven-metadata.xml
18:46:16.647 [pool-1-thread-4] TRACE f.m.indexer.artifact.MetadataHandler - match: http://central.maven.org/maven2/ant/ant-jakarta-regexp/1.6.1/maven-metadata.xml
18:46:16.650 [pool-1-thread-4] TRACE f.m.i.core.client.JerseyHttpClient - download: http://central.maven.org/maven2/ant/ant-xalan2/1.6.1/maven-metadata.xml
18:46:16.651 [pool-1-thread-3] TRACE f.m.indexer.artifact.MetadataHandler - match: http://central.maven.org/maven2/ant/ant-starteam/1.6.5/maven-metadata.xml
18:46:16.652 [pool-1-thread-3] TRACE f.m.i.core.client.JerseyHttpClient - download: http://central.maven.org/maven2/ant/ant-xalan2/1.6/maven-metadata.xml
18:46:16.659 [pool-1-thread-2] TRACE f.m.indexer.artifact.MetadataHandler - match: http://central.maven.org/maven2/ant/ant-weblogic/1.6/maven-metadata.xml
18:46:16.661 [pool-1-thread-2] TRACE f.m.i.core.client.JerseyHttpClient - download: http://central.maven.org/maven2/ant/ant-xslp/1.6/maven-metadata.xml
18:46:16.693 [pool-1-thread-9] TRACE f.m.indexer.artifact.MetadataHandler - match: http://central.maven.org/maven2/ant/ant-optional/1.5.3-1/maven-metadata.xml
18:46:16.693 [pool-1-thread-10] TRACE f.m.indexer.artifact.MetadataHandler - match: http://central.maven.org/maven2/ant/ant-starteam/1.6.2/maven-metadata.xml
18:46:16.695 [pool-1-thread-5] TRACE f.m.indexer.artifact.MetadataHandler - match: http://central.maven.org/maven2/ant/ant-weblogic/1.6.4/maven-metadata.xml
18:46:16.695 [pool-1-thread-9] TRACE f.m.i.core.client.JerseyHttpClient - download: http://central.maven.org/maven2/ant/ant-xslp/1.6.1/maven-metadata.xml
18:46:16.696 [pool-1-thread-5] TRACE f.m.i.core.client.JerseyHttpClient - download: http://central.maven.org/maven2/ant/ant-xslp/1.6.2/maven-metadata.xml
18:46:16.697 [pool-1-thread-10] TRACE f.m.i.core.client.JerseyHttpClient - download: http://central.maven.org/maven2/ant/ant-xslp/1.6.3/maven-metadata.xml
18:46:16.699 [pool-1-thread-6] TRACE f.m.indexer.artifact.MetadataHandler - match: http://central.maven.org/maven2/ant/ant-weblogic/1.6.5/maven-metadata.xml
18:46:16.699 [pool-1-thread-1] TRACE f.m.indexer.artifact.MetadataHandler - match: http://central.maven.org/maven2/ant/ant-weblogic/1.6.3/maven-metadata.xml
18:46:16.701 [pool-1-thread-6] TRACE f.m.i.core.client.JerseyHttpClient - download: http://central.maven.org/maven2/ant/ant-xslp/1.6.5/maven-metadata.xml
18:46:16.701 [pool-1-thread-1] TRACE f.m.i.core.client.JerseyHttpClient - download: http://central.maven.org/maven2/ant/ant-xslp/1.6.4/maven-metadata.xml
18:46:16.701 [pool-1-thread-3] TRACE f.m.indexer.artifact.MetadataHandler - match: http://central.maven.org/maven2/ant/ant-xalan2/1.6/maven-metadata.xml
18:46:16.703 [pool-1-thread-3] TRACE f.m.i.core.client.JerseyHttpClient - download: http://central.maven.org/maven2/ant/optional/1.5.4/maven-metadata.xml
18:46:16.704 [pool-1-thread-8] TRACE f.m.indexer.artifact.MetadataHandler - match: http://central.maven.org/maven2/ant/ant-weblogic/1.6.1/maven-metadata.xml
18:46:16.704 [pool-1-thread-4] TRACE f.m.indexer.artifact.MetadataHandler - match: http://central.maven.org/maven2/ant/ant-xalan2/1.6.1/maven-metadata.xml
18:46:16.706 [pool-1-thread-4] TRACE f.m.i.core.client.JerseyHttpClient - download: http://central.maven.org/maven2/ant/ant-vaj/1.6.1/maven-metadata.xml
18:46:16.706 [pool-1-thread-8] TRACE f.m.i.core.client.JerseyHttpClient - download: http://central.maven.org/maven2/ant/ant-vaj/1.6/maven-metadata.xml
18:46:16.707 [pool-1-thread-7] TRACE f.m.indexer.artifact.MetadataHandler - match: http://central.maven.org/maven2/ant/ant-weblogic/1.6.2/maven-metadata.xml
18:46:16.708 [pool-1-thread-7] TRACE f.m.i.core.client.JerseyHttpClient - download: http://central.maven.org/maven2/ant/ant-vaj/1.6.2/maven-metadata.xml
18:46:16.733 [pool-1-thread-5] TRACE f.m.indexer.artifact.MetadataHandler - match: http://central.maven.org/maven2/ant/ant-xslp/1.6.2/maven-metadata.xml
18:46:16.735 [pool-1-thread-5] TRACE f.m.i.core.client.JerseyHttpClient - download: http://central.maven.org/maven2/ant/ant-vaj/1.6.3/maven-metadata.xml
18:46:16.737 [pool-1-thread-9] TRACE f.m.indexer.artifact.MetadataHandler - match: http://central.maven.org/maven2/ant/ant-xslp/1.6.1/maven-metadata.xml
18:46:16.739 [pool-1-thread-10] TRACE f.m.indexer.artifact.MetadataHandler - match: http://central.maven.org/maven2/ant/ant-xslp/1.6.3/maven-metadata.xml
18:46:16.739 [pool-1-thread-9] TRACE f.m.i.core.client.JerseyHttpClient - download: http://central.maven.org/maven2/ant/ant-vaj/1.6.4/maven-metadata.xml
18:46:16.742 [pool-1-thread-10] TRACE f.m.i.core.client.JerseyHttpClient - download: http://central.maven.org/maven2/ant/ant-vaj/1.6.5/maven-metadata.xml
18:46:16.744 [pool-1-thread-6] TRACE f.m.indexer.artifact.MetadataHandler - match: http://central.maven.org/maven2/ant/ant-xslp/1.6.5/maven-metadata.xml
18:46:16.746 [pool-1-thread-6] TRACE f.m.i.core.client.JerseyHttpClient - download: http://central.maven.org/maven2/ant/ant-stylebook/1.6.1/maven-metadata.xml
18:46:16.757 [pool-1-thread-2] TRACE f.m.indexer.artifact.MetadataHandler - match: http://central.maven.org/maven2/ant/ant-xslp/1.6/maven-metadata.xml
18:46:16.758 [pool-1-thread-8] TRACE f.m.indexer.artifact.MetadataHandler - match: http://central.maven.org/maven2/ant/ant-vaj/1.6/maven-metadata.xml
18:46:16.759 [pool-1-thread-8] TRACE f.m.i.core.client.JerseyHttpClient - download: http://central.maven.org/maven2/ant/ant-stylebook/1.6.2/maven-metadata.xml
18:46:16.759 [pool-1-thread-2] TRACE f.m.i.core.client.JerseyHttpClient - download: http://central.maven.org/maven2/ant/ant-stylebook/1.6.3/maven-metadata.xml
18:46:16.761 [pool-1-thread-4] TRACE f.m.indexer.artifact.MetadataHandler - match: http://central.maven.org/maven2/ant/ant-vaj/1.6.1/maven-metadata.xml
18:46:16.763 [pool-1-thread-4] TRACE f.m.i.core.client.JerseyHttpClient - download: http://central.maven.org/maven2/ant/ant-stylebook/1.6/maven-metadata.xml
18:46:16.764 [pool-1-thread-3] TRACE f.m.indexer.artifact.MetadataHandler - match: http://central.maven.org/maven2/ant/optional/1.5.4/maven-metadata.xml
18:46:16.766 [pool-1-thread-3] TRACE f.m.i.core.client.JerseyHttpClient - download: http://central.maven.org/maven2/ant/ant-stylebook/1.6.4/maven-metadata.xml
18:46:16.767 [pool-1-thread-7] TRACE f.m.indexer.artifact.MetadataHandler - match: http://central.maven.org/maven2/ant/ant-vaj/1.6.2/maven-metadata.xml
18:46:16.769 [pool-1-thread-7] TRACE f.m.i.core.client.JerseyHttpClient - download: http://central.maven.org/maven2/ant/ant-stylebook/1.6.5/maven-metadata.xml
18:46:16.771 [pool-1-thread-1] TRACE f.m.indexer.artifact.MetadataHandler - match: http://central.maven.org/maven2/ant/ant-xslp/1.6.4/maven-metadata.xml
18:46:16.771 [pool-1-thread-1] TRACE f.m.i.core.client.JerseyHttpClient - download: http://central.maven.org/maven2/ant/ant-xalan1/1.6/maven-metadata.xml
18:46:16.787 [pool-1-thread-5] TRACE f.m.indexer.artifact.MetadataHandler - match: http://central.maven.org/maven2/ant/ant-vaj/1.6.3/maven-metadata.xml
18:46:16.787 [pool-1-thread-5] TRACE f.m.i.core.client.JerseyHttpClient - download: http://central.maven.org/maven2/ant/ant-xalan1/1.6.1/maven-metadata.xml
18:46:16.787 [pool-1-thread-9] TRACE f.m.indexer.artifact.MetadataHandler - match: http://central.maven.org/maven2/ant/ant-vaj/1.6.4/maven-metadata.xml
18:46:16.787 [pool-1-thread-6] TRACE f.m.indexer.artifact.MetadataHandler - match: http://central.maven.org/maven2/ant/ant-stylebook/1.6.1/maven-metadata.xml
18:46:16.787 [pool-1-thread-9] TRACE f.m.i.core.client.JerseyHttpClient - download: http://central.maven.org/maven2/ant/ant-xalan1/1.6.3/maven-metadata.xml
18:46:16.787 [pool-1-thread-8] TRACE f.m.indexer.artifact.MetadataHandler - match: http://central.maven.org/maven2/ant/ant-stylebook/1.6.2/maven-metadata.xml
18:46:16.787 [pool-1-thread-6] TRACE f.m.i.core.client.JerseyHttpClient - download: http://central.maven.org/maven2/ant/ant-xalan1/1.6.2/maven-metadata.xml
18:46:16.787 [pool-1-thread-8] TRACE f.m.i.core.client.JerseyHttpClient - download: http://central.maven.org/maven2/ant/ant-xalan1/1.6.4/maven-metadata.xml
18:46:16.787 [pool-1-thread-2] TRACE f.m.indexer.artifact.MetadataHandler - match: http://central.maven.org/maven2/ant/ant-stylebook/1.6.3/maven-metadata.xml
18:46:16.802 [pool-1-thread-3] TRACE f.m.indexer.artifact.MetadataHandler - match: http://central.maven.org/maven2/ant/ant-stylebook/1.6.4/maven-metadata.xml
18:46:16.802 [pool-1-thread-3] TRACE f.m.i.core.client.JerseyHttpClient - download: http://central.maven.org/maven2/ant/ant-trax/1.6/maven-metadata.xml
18:46:16.787 [pool-1-thread-2] TRACE f.m.i.core.client.JerseyHttpClient - download: http://central.maven.org/maven2/ant/ant-xalan1/1.6.5/maven-metadata.xml
18:46:16.802 [pool-1-thread-7] TRACE f.m.indexer.artifact.MetadataHandler - match: http://central.maven.org/maven2/ant/ant-stylebook/1.6.5/maven-metadata.xml
18:46:16.802 [pool-1-thread-4] TRACE f.m.indexer.artifact.MetadataHandler - match: http://central.maven.org/maven2/ant/ant-stylebook/1.6/maven-metadata.xml
18:46:16.802 [pool-1-thread-7] TRACE f.m.i.core.client.JerseyHttpClient - download: http://central.maven.org/maven2/ant/ant-trax/1.6.1/maven-metadata.xml
18:46:16.802 [pool-1-thread-1] TRACE f.m.indexer.artifact.MetadataHandler - match: http://central.maven.org/maven2/ant/ant-xalan1/1.6/maven-metadata.xml
18:46:16.802 [pool-1-thread-4] TRACE f.m.i.core.client.JerseyHttpClient - download: http://central.maven.org/maven2/ant/ant-trax/1.6.2/maven-metadata.xml
18:46:16.802 [pool-1-thread-1] TRACE f.m.i.core.client.JerseyHttpClient - download: http://central.maven.org/maven2/ant/ant-trax/1.6.4/maven-metadata.xml
18:46:16.802 [pool-1-thread-10] TRACE f.m.indexer.artifact.MetadataHandler - match: http://central.maven.org/maven2/ant/ant-vaj/1.6.5/maven-metadata.xml
18:46:16.802 [pool-1-thread-10] TRACE f.m.i.core.client.JerseyHttpClient - download: http://central.maven.org/maven2/ant/ant-trax/1.6.3/maven-metadata.xml
18:46:16.818 [pool-1-thread-9] TRACE f.m.indexer.artifact.MetadataHandler - match: http://central.maven.org/maven2/ant/ant-xalan1/1.6.3/maven-metadata.xml
18:46:16.818 [pool-1-thread-9] TRACE f.m.i.core.client.JerseyHttpClient - download: http://central.maven.org/maven2/ant/ant-swing/1.6/maven-metadata.xml
18:46:16.818 [pool-1-thread-5] TRACE f.m.indexer.artifact.MetadataHandler - match: http://central.maven.org/maven2/ant/ant-xalan1/1.6.1/maven-metadata.xml
18:46:16.833 [pool-1-thread-5] TRACE f.m.i.core.client.JerseyHttpClient - download: http://central.maven.org/maven2/ant/ant-swing/1.6.1/maven-metadata.xml
18:46:16.835 [pool-1-thread-8] TRACE f.m.indexer.artifact.MetadataHandler - match: http://central.maven.org/maven2/ant/ant-xalan1/1.6.4/maven-metadata.xml
18:46:16.835 [pool-1-thread-6] TRACE f.m.indexer.artifact.MetadataHandler - match: http://central.maven.org/maven2/ant/ant-xalan1/1.6.2/maven-metadata.xml
18:46:16.835 [pool-1-thread-2] TRACE f.m.indexer.artifact.MetadataHandler - match: http://central.maven.org/maven2/ant/ant-xalan1/1.6.5/maven-metadata.xml
18:46:16.837 [pool-1-thread-8] TRACE f.m.i.core.client.JerseyHttpClient - download: http://central.maven.org/maven2/ant/ant-swing/1.6.2/maven-metadata.xml
18:46:16.837 [pool-1-thread-2] TRACE f.m.i.core.client.JerseyHttpClient - download: http://central.maven.org/maven2/ant/ant-swing/1.6.3/maven-metadata.xml
18:46:16.837 [pool-1-thread-6] TRACE f.m.i.core.client.JerseyHttpClient - download: http://central.maven.org/maven2/ant/ant-trax/1.6.5/maven-metadata.xml
18:46:16.838 [pool-1-thread-3] TRACE f.m.indexer.artifact.MetadataHandler - match: http://central.maven.org/maven2/ant/ant-trax/1.6/maven-metadata.xml
18:46:16.840 [pool-1-thread-3] TRACE f.m.i.core.client.JerseyHttpClient - download: http://central.maven.org/maven2/ant/ant-swing/1.6.4/maven-metadata.xml
18:46:16.840 [pool-1-thread-4] TRACE f.m.indexer.artifact.MetadataHandler - match: http://central.maven.org/maven2/ant/ant-trax/1.6.2/maven-metadata.xml
18:46:16.842 [pool-1-thread-4] TRACE f.m.i.core.client.JerseyHttpClient - download: http://central.maven.org/maven2/ant/ant-swing/1.6.5/maven-metadata.xml
18:46:16.845 [pool-1-thread-10] TRACE f.m.indexer.artifact.MetadataHandler - match: http://central.maven.org/maven2/ant/ant-trax/1.6.3/maven-metadata.xml
18:46:16.845 [pool-1-thread-7] TRACE f.m.indexer.artifact.MetadataHandler - match: http://central.maven.org/maven2/ant/ant-trax/1.6.1/maven-metadata.xml
18:46:16.849 [pool-1-thread-1] TRACE f.m.indexer.artifact.MetadataHandler - match: http://central.maven.org/maven2/ant/ant-trax/1.6.4/maven-metadata.xml
18:46:16.857 [pool-1-thread-9] TRACE f.m.indexer.artifact.MetadataHandler - match: http://central.maven.org/maven2/ant/ant-swing/1.6/maven-metadata.xml
18:46:16.863 [pool-1-thread-5] TRACE f.m.indexer.artifact.MetadataHandler - match: http://central.maven.org/maven2/ant/ant-swing/1.6.1/maven-metadata.xml
18:46:16.866 [pool-1-thread-6] TRACE f.m.indexer.artifact.MetadataHandler - match: http://central.maven.org/maven2/ant/ant-trax/1.6.5/maven-metadata.xml
18:46:16.872 [pool-1-thread-2] TRACE f.m.indexer.artifact.MetadataHandler - match: http://central.maven.org/maven2/ant/ant-swing/1.6.3/maven-metadata.xml
18:46:16.873 [pool-1-thread-3] TRACE f.m.indexer.artifact.MetadataHandler - match: http://central.maven.org/maven2/ant/ant-swing/1.6.4/maven-metadata.xml
18:46:16.875 [pool-1-thread-8] TRACE f.m.indexer.artifact.MetadataHandler - match: http://central.maven.org/maven2/ant/ant-swing/1.6.2/maven-metadata.xml
18:46:16.877 [pool-1-thread-4] TRACE f.m.indexer.artifact.MetadataHandler - match: http://central.maven.org/maven2/ant/ant-swing/1.6.5/maven-metadata.xml
]]></system-out>
  <system-err><![CDATA[]]></system-err>
</testsuite>
