<?xml version="1.0" encoding="UTF-8"?>
<testsuite name="frido.mvnrepo.indexer.PomTest" tests="1" skipped="0" failures="0" errors="0" timestamp="2018-03-31T09:33:01" hostname="DESKTOP-508B8I8" time="0.597">
  <properties/>
  <testcase name="testDownloader" classname="frido.mvnrepo.indexer.PomTest" time="0.597"/>
  <system-out><![CDATA[Document{{ArtifactId=abdera, Build=Document{{PluginManagement=Document{{Plugins=[Document{{ArtifactId=maven-surefire-plugin, Id=org.apache.maven.plugins:maven-surefire-plugin:2.6, GroupId=org.apache.maven.plugins, Extensions=null, Key=org.apache.maven.plugins:maven-surefire-plugin, Version=2.6, Inherited=null, Dependencies=[], Executions=[]}}, Document{{ArtifactId=maven-gpg-plugin, Id=org.apache.maven.plugins:maven-gpg-plugin:1.1, GroupId=org.apache.maven.plugins, Extensions=null, Key=org.apache.maven.plugins:maven-gpg-plugin, Version=1.1, Inherited=null, Dependencies=[], Executions=[Document{{Id=sign-artifacts, Phase=verify, Inherited=null, Goals=[sign], Priority=0}}]}}, Document{{ArtifactId=apache-rat-plugin, Id=org.apache.rat:apache-rat-plugin:0.6, GroupId=org.apache.rat, Extensions=null, Key=org.apache.rat:apache-rat-plugin, Version=0.6, Inherited=null, Dependencies=[], Executions=[]}}, Document{{ArtifactId=maven-license-plugin, Id=com.google.code.maven-license-plugin:maven-license-plugin:1.4.0, GroupId=com.google.code.maven-license-plugin, Extensions=null, Key=com.google.code.maven-license-plugin:maven-license-plugin, Version=1.4.0, Inherited=null, Dependencies=[], Executions=[]}}]}}, OutputDirectory=null, ScriptSourceDirectory=null, SourceDirectory=null, TestOutputDirectory=null, TestSourceDirectory=null, DefaultGoal=null, Directory=null, FinalName=null, Extensions=[], Filters=[], Plugins=[Document{{ArtifactId=maven-compiler-plugin, Id=org.apache.maven.plugins:maven-compiler-plugin:2.3.2, GroupId=org.apache.maven.plugins, Extensions=null, Key=org.apache.maven.plugins:maven-compiler-plugin, Version=2.3.2, Inherited=null, Dependencies=[], Executions=[]}}, Document{{ArtifactId=maven-jar-plugin, Id=org.apache.maven.plugins:maven-jar-plugin:2.2, GroupId=org.apache.maven.plugins, Extensions=null, Key=org.apache.maven.plugins:maven-jar-plugin, Version=2.2, Inherited=null, Dependencies=[], Executions=[]}}, Document{{ArtifactId=maven-release-plugin, Id=org.apache.maven.plugins:maven-release-plugin:2.1, GroupId=org.apache.maven.plugins, Extensions=null, Key=org.apache.maven.plugins:maven-release-plugin, Version=2.1, Inherited=null, Dependencies=[], Executions=[]}}, Document{{ArtifactId=maven-remote-resources-plugin, Id=org.apache.maven.plugins:maven-remote-resources-plugin:1.0, GroupId=org.apache.maven.plugins, Extensions=null, Key=org.apache.maven.plugins:maven-remote-resources-plugin, Version=1.0, Inherited=null, Dependencies=[], Executions=[Document{{Id=compile, Phase=null, Inherited=null, Goals=[process], Priority=0}}]}}, Document{{ArtifactId=cobertura-maven-plugin, Id=org.codehaus.mojo:cobertura-maven-plugin:2.4, GroupId=org.codehaus.mojo, Extensions=null, Key=org.codehaus.mojo:cobertura-maven-plugin, Version=2.4, Inherited=null, Dependencies=[], Executions=[Document{{Id=default, Phase=null, Inherited=null, Goals=[clean], Priority=0}}]}}, Document{{ArtifactId=maven-source-plugin, Id=org.apache.maven.plugins:maven-source-plugin:2.1.2, GroupId=org.apache.maven.plugins, Extensions=null, Key=org.apache.maven.plugins:maven-source-plugin, Version=2.1.2, Inherited=null, Dependencies=[], Executions=[Document{{Id=attach-sources, Phase=verify, Inherited=null, Goals=[jar], Priority=0}}]}}, Document{{ArtifactId=maven-bundle-plugin, Id=org.apache.felix:maven-bundle-plugin:2.1.0, GroupId=org.apache.felix, Extensions=true, Key=org.apache.felix:maven-bundle-plugin, Version=2.1.0, Inherited=true, Dependencies=[], Executions=[Document{{Id=default, Phase=generate-sources, Inherited=null, Goals=[cleanVersions], Priority=0}}]}}], Resources=[], TestResources=[]}}, CiManagement=null, Id=org.apache.abdera:abdera:pom:1.1.3, GroupId=org.apache.abdera, ModelEncoding=null, ModelVersion=4.0.0, Description=Atom Specification Implementation, InceptionYear=2006, Name=Apache Abdera, Packaging=pom, Url=http://abdera.apache.org, Version=1.1.3, IssueManagement=Document{{System=JIRA, Url=https://issues.apache.org/jira/browse/ABDERA}}, DependencyManagement=Document{{Dependencies=[Document{{ManagementKey=junit:junit:jar, ArtifactId=junit, Classifier=null, GroupId=junit, Optional=null, Scope=test, SystemPath=null, Type=jar, Version=4.8.1, Exclusions=[]}}, Document{{ManagementKey=commons-logging:commons-logging:jar, ArtifactId=commons-logging, Classifier=null, GroupId=commons-logging, Optional=null, Scope=null, SystemPath=null, Type=jar, Version=1.0.4, Exclusions=[]}}, Document{{ManagementKey=commons-httpclient:commons-httpclient:jar, ArtifactId=commons-httpclient, Classifier=null, GroupId=commons-httpclient, Optional=null, Scope=null, SystemPath=null, Type=jar, Version=3.1, Exclusions=[]}}, Document{{ManagementKey=commons-codec:commons-codec:jar, ArtifactId=commons-codec, Classifier=null, GroupId=commons-codec, Optional=null, Scope=null, SystemPath=null, Type=jar, Version=1.4, Exclusions=[]}}, Document{{ManagementKey=org.apache.ws.commons.axiom:axiom-api:jar, ArtifactId=axiom-api, Classifier=null, GroupId=org.apache.ws.commons.axiom, Optional=null, Scope=null, SystemPath=null, Type=jar, Version=1.2.14, Exclusions=[]}}, Document{{ManagementKey=org.apache.ws.commons.axiom:axiom-impl:jar, ArtifactId=axiom-impl, Classifier=null, GroupId=org.apache.ws.commons.axiom, Optional=null, Scope=null, SystemPath=null, Type=jar, Version=1.2.14, Exclusions=[Document{{ArtifactId=mail, GroupId=javax.mail}}, Document{{ArtifactId=stax-api, GroupId=stax}}]}}, Document{{ManagementKey=org.codehaus.woodstox:wstx-asl:jar, ArtifactId=wstx-asl, Classifier=null, GroupId=org.codehaus.woodstox, Optional=null, Scope=runtime, SystemPath=null, Type=jar, Version=3.2.6, Exclusions=[Document{{ArtifactId=stax-api, GroupId=stax}}]}}, Document{{ManagementKey=org.apache.geronimo.specs:geronimo-activation_1.1_spec:jar, ArtifactId=geronimo-activation_1.1_spec, Classifier=null, GroupId=org.apache.geronimo.specs, Optional=null, Scope=null, SystemPath=null, Type=jar, Version=1.1, Exclusions=[]}}, Document{{ManagementKey=jaxen:jaxen:jar, ArtifactId=jaxen, Classifier=null, GroupId=jaxen, Optional=null, Scope=null, SystemPath=null, Type=jar, Version=1.1.1, Exclusions=[Document{{ArtifactId=jdom, GroupId=jdom}}, Document{{ArtifactId=xom, GroupId=xom}}, Document{{ArtifactId=dom4j, GroupId=dom4j}}]}}, Document{{ManagementKey=xml-security:xmlsec:jar, ArtifactId=xmlsec, Classifier=null, GroupId=xml-security, Optional=null, Scope=null, SystemPath=null, Type=jar, Version=1.3.0, Exclusions=[]}}, Document{{ManagementKey=xerces:xercesImpl:jar, ArtifactId=xercesImpl, Classifier=null, GroupId=xerces, Optional=null, Scope=null, SystemPath=null, Type=jar, Version=2.9.1, Exclusions=[]}}, Document{{ManagementKey=xml-apis:xml-apis:jar, ArtifactId=xml-apis, Classifier=null, GroupId=xml-apis, Optional=null, Scope=null, SystemPath=null, Type=jar, Version=1.3.04, Exclusions=[]}}, Document{{ManagementKey=javax.servlet:servlet-api:jar, ArtifactId=servlet-api, Classifier=null, GroupId=javax.servlet, Optional=null, Scope=null, SystemPath=null, Type=jar, Version=2.5, Exclusions=[]}}, Document{{ManagementKey=org.mockito:mockito-all:jar, ArtifactId=mockito-all, Classifier=null, GroupId=org.mockito, Optional=null, Scope=test, SystemPath=null, Type=jar, Version=1.8.5, Exclusions=[]}}]}}, DistributionManagement=Document{{DownloadUrl=null, Repository=Document{{Snapshots=null, Releases=null, Url=scp://people.apache.org/www/people.apache.org/repo/m2-ibiblio-rsync-repository, Name=Apache Release Distribution Repository, Layout=default, Id=apache.releases}}, SnapshotRepository=Document{{Snapshots=null, Releases=null, Url=scp://people.apache.org/www/people.apache.org/repo/m2-snapshot-repository, Name=Apache Development Snapshot Repository, Layout=default, Id=apache.snapshots}}, Status=null, Relocation=null, Site=null}}, Contributors=[], Developers=[], Licenses=[Document{{Distribution=repo, Comments=null, Name=The Apache Software License, Version 2.0, Url=http://www.apache.org/licenses/LICENSE-2.0.txt}}], MailingLists=[Document{{Archive=http://mail-archives.apache.org/mod_mbox/abdera-dev/, Name=Abdera Developer List, Post=dev@abdera.apache.org, Subscribe=dev-subscribe@abdera.apache.org, Unsubscribe=dev-unsubscribe@abdera.apache.org, OtherArchives=[]}}, Document{{Archive=http://mail-archives.apache.org/mod_mbox/abdera-user/, Name=Abdera User List, Post=user@abdera.apache.org, Subscribe=user-subscribe@abdera.apache.org, Unsubscribe=user-unsubscribe@abdera.apache.org, OtherArchives=[]}}, Document{{Archive=http://mail-archives.apache.org/mod_mbox/abdera-commits/, Name=Abdera Source Control List, Post=null, Subscribe=commits-subscribe@abdera.apache.org, Unsubscribe=commits-unsubscribe@abdera.apache.org, OtherArchives=[]}}], Organization=Document{{Name=Apache Software Foundation, Url=http://www.apache.org/}}, Parent=Document{{ArtifactId=apache, Id=org.apache:apache:pom:11, GroupId=org.apache, RelativePath=../pom.xml, Version=11}}, Prerequisites=null, Profiles=[Document{{DependencyManagement=null, DistributionManagement=null, Id=java6, Source=pom, Modules=[], Build=Document{{Directory=null, DefaultGoal=null, FinalName=null, PluginManagement=null, Filters=[], Resources=[], TestResources=[], Plugins=[Document{{ArtifactId=maven-compiler-plugin, Id=org.apache.maven.plugins:maven-compiler-plugin:2.3.2, GroupId=org.apache.maven.plugins, Extensions=null, Key=org.apache.maven.plugins:maven-compiler-plugin, Version=2.3.2, Inherited=null, Dependencies=[], Executions=[]}}]}}, Activation=null, Dependencies=[], PluginRepositories=[], Reporting=Document{{OutputDirectory=null, ExcludeDefaults=null, Plugins=[Document{{ArtifactId=maven-compiler-plugin, GroupId=org.apache.maven.plugins, Key=org.apache.maven.plugins:maven-compiler-plugin, Version=2.3.2, ReportSets=[]}}, Document{{ArtifactId=maven-javadoc-plugin, GroupId=org.apache.maven.plugins, Key=org.apache.maven.plugins:maven-javadoc-plugin, Version=2.7, ReportSets=[]}}]}}, Repositories=[]}}, Document{{DependencyManagement=null, DistributionManagement=null, Id=deploy, Source=pom, Modules=[distribution], Build=null, Activation=null, Dependencies=[], PluginRepositories=[], Reporting=null, Repositories=[]}}, Document{{DependencyManagement=null, DistributionManagement=null, Id=no-online-tests, Source=pom, Modules=[], Build=Document{{Directory=null, DefaultGoal=null, FinalName=null, PluginManagement=null, Filters=[], Resources=[], TestResources=[], Plugins=[Document{{ArtifactId=maven-surefire-plugin, Id=org.apache.maven.plugins:maven-surefire-plugin:[unknown-version], GroupId=org.apache.maven.plugins, Extensions=null, Key=org.apache.maven.plugins:maven-surefire-plugin, Version=null, Inherited=null, Dependencies=[], Executions=[]}}]}}, Activation=Document{{Jdk=null, File=null, Os=null, Property=Document{{Name=offline-tests, Value=false}}}}, Dependencies=[], PluginRepositories=[], Reporting=null, Repositories=[]}}], Scm=Document{{Connection=scm:svn:http://svn.apache.org/repos/asf/abdera/java/tags/abdera-1.0, DeveloperConnection=scm:svn:https://svn.apache.org/repos/asf/abdera/java/tags/abdera-1.0, Tag=HEAD, Url=http://svn.apache.org/repos/asf/abdera/java/tags/abdera-1.0}}, Dependencies=[], Modules=[bundle, core, dependencies/i18n, parser, security, server, client, adapters, extensions, spring, examples], PluginRepositories=[], Repositories=[]}}
]]></system-out>
  <system-err><![CDATA[]]></system-err>
</testsuite>
