<?xml version="1.0" encoding="UTF-8"?>
<testsuite name="frido.mvnrepo.indexer.ArtifactTest" tests="1" skipped="0" failures="0" errors="0" timestamp="2018-08-11T21:33:21" hostname="DESKTOP-508B8I8" time="0.016">
  <properties/>
  <testcase name="testMetadata" classname="frido.mvnrepo.indexer.ArtifactTest" time="0.016"/>
  <system-out><![CDATA[]]></system-out>
  <system-err><![CDATA[]]></system-err>
</testsuite>
